2017-09-14 10:00:27,714: rp.session.js-17-212.jetstream-cloud.org.vivek91.017423.0004: MainProcess                     : MainThread     : INFO    : python.interpreter   version: 2.7.12 (default, Nov 19 2016, 06:48:10) [GCC 5.4.0 20160609]
2017-09-14 10:00:27,714: rp.session.js-17-212.jetstream-cloud.org.vivek91.017423.0004: MainProcess                     : MainThread     : INFO    :                      pid: 18486
2017-09-14 10:00:27,714: rp.session.js-17-212.jetstream-cloud.org.vivek91.017423.0004: MainProcess                     : MainThread     : INFO    :                      tid: MainThread
2017-09-14 10:00:27,714: rp.session.js-17-212.jetstream-cloud.org.vivek91.017423.0004: MainProcess                     : MainThread     : INFO    : radical.pilot        version: 0.46-v0.46.RC2@devel
2017-09-14 10:00:27,714: rp.session.js-17-212.jetstream-cloud.org.vivek91.017423.0004: MainProcess                     : MainThread     : INFO    : using database mongodb://user:user@ds127564.mlab.com:27564/entk-09-08
2017-09-14 10:00:28,756: rp.session.js-17-212.jetstream-cloud.org.vivek91.017423.0004: MainProcess                     : MainThread     : INFO    : Load resource configurations from /home/vivek91/ves/entk-exp/local/lib/python2.7/site-packages/radical/pilot/configs/resource_ncsa.json
2017-09-14 10:00:28,769: rp.session.js-17-212.jetstream-cloud.org.vivek91.017423.0004: MainProcess                     : MainThread     : INFO    : Load resource configurations for ncsa.bw_orte
2017-09-14 10:00:28,770: rp.session.js-17-212.jetstream-cloud.org.vivek91.017423.0004: MainProcess                     : MainThread     : INFO    : Load resource configurations for ncsa.bw_ccm_ssh
2017-09-14 10:00:28,770: rp.session.js-17-212.jetstream-cloud.org.vivek91.017423.0004: MainProcess                     : MainThread     : INFO    : Load resource configurations for ncsa.bw_ortelib
2017-09-14 10:00:28,771: rp.session.js-17-212.jetstream-cloud.org.vivek91.017423.0004: MainProcess                     : MainThread     : INFO    : Load resource configurations for ncsa.bw_aprun
2017-09-14 10:00:28,772: rp.session.js-17-212.jetstream-cloud.org.vivek91.017423.0004: MainProcess                     : MainThread     : INFO    : Load resource configurations for ncsa.bw_local_orte
2017-09-14 10:00:28,772: rp.session.js-17-212.jetstream-cloud.org.vivek91.017423.0004: MainProcess                     : MainThread     : INFO    : Load resource configurations from /home/vivek91/ves/entk-exp/local/lib/python2.7/site-packages/radical/pilot/configs/resource_iu.json
2017-09-14 10:00:28,779: rp.session.js-17-212.jetstream-cloud.org.vivek91.017423.0004: MainProcess                     : MainThread     : INFO    : Load resource configurations for iu.bigred2_ccm_ssh
2017-09-14 10:00:28,780: rp.session.js-17-212.jetstream-cloud.org.vivek91.017423.0004: MainProcess                     : MainThread     : INFO    : Load resource configurations for iu.bigred2_aprun
2017-09-14 10:00:28,780: rp.session.js-17-212.jetstream-cloud.org.vivek91.017423.0004: MainProcess                     : MainThread     : INFO    : Load resource configurations from /home/vivek91/ves/entk-exp/local/lib/python2.7/site-packages/radical/pilot/configs/resource_osg.json
2017-09-14 10:00:28,785: rp.session.js-17-212.jetstream-cloud.org.vivek91.017423.0004: MainProcess                     : MainThread     : INFO    : Load resource configurations for osg.xsede-virt-clust
2017-09-14 10:00:28,786: rp.session.js-17-212.jetstream-cloud.org.vivek91.017423.0004: MainProcess                     : MainThread     : INFO    : Load resource configurations for osg.connect
2017-09-14 10:00:28,786: rp.session.js-17-212.jetstream-cloud.org.vivek91.017423.0004: MainProcess                     : MainThread     : INFO    : Load resource configurations from /home/vivek91/ves/entk-exp/local/lib/python2.7/site-packages/radical/pilot/configs/resource_yale.json
2017-09-14 10:00:28,788: rp.session.js-17-212.jetstream-cloud.org.vivek91.017423.0004: MainProcess                     : MainThread     : INFO    : Load resource configurations for yale.grace_ssh
2017-09-14 10:00:28,789: rp.session.js-17-212.jetstream-cloud.org.vivek91.017423.0004: MainProcess                     : MainThread     : INFO    : Load resource configurations from /home/vivek91/ves/entk-exp/local/lib/python2.7/site-packages/radical/pilot/configs/resource_lumc.json
2017-09-14 10:00:28,793: rp.session.js-17-212.jetstream-cloud.org.vivek91.017423.0004: MainProcess                     : MainThread     : INFO    : Load resource configurations for lumc.gb-ui_ssh
2017-09-14 10:00:28,793: rp.session.js-17-212.jetstream-cloud.org.vivek91.017423.0004: MainProcess                     : MainThread     : INFO    : Load resource configurations for lumc.shark_ssh
2017-09-14 10:00:28,794: rp.session.js-17-212.jetstream-cloud.org.vivek91.017423.0004: MainProcess                     : MainThread     : INFO    : Load resource configurations from /home/vivek91/ves/entk-exp/local/lib/python2.7/site-packages/radical/pilot/configs/resource_ornl.json
2017-09-14 10:00:28,801: rp.session.js-17-212.jetstream-cloud.org.vivek91.017423.0004: MainProcess                     : MainThread     : INFO    : Load resource configurations for ornl.titan_orte
2017-09-14 10:00:28,801: rp.session.js-17-212.jetstream-cloud.org.vivek91.017423.0004: MainProcess                     : MainThread     : INFO    : Load resource configurations for ornl.titan_aprun
2017-09-14 10:00:28,802: rp.session.js-17-212.jetstream-cloud.org.vivek91.017423.0004: MainProcess                     : MainThread     : INFO    : Load resource configurations for ornl.titan_ortelib
2017-09-14 10:00:28,802: rp.session.js-17-212.jetstream-cloud.org.vivek91.017423.0004: MainProcess                     : MainThread     : INFO    : Load resource configurations from /home/vivek91/ves/entk-exp/local/lib/python2.7/site-packages/radical/pilot/configs/resource_stfc.json
2017-09-14 10:00:28,804: rp.session.js-17-212.jetstream-cloud.org.vivek91.017423.0004: MainProcess                     : MainThread     : INFO    : Load resource configurations for stfc.joule_runjob
2017-09-14 10:00:28,805: rp.session.js-17-212.jetstream-cloud.org.vivek91.017423.0004: MainProcess                     : MainThread     : INFO    : Load resource configurations from /home/vivek91/ves/entk-exp/local/lib/python2.7/site-packages/radical/pilot/configs/resource_radical.json
2017-09-14 10:00:28,810: rp.session.js-17-212.jetstream-cloud.org.vivek91.017423.0004: MainProcess                     : MainThread     : INFO    : Load resource configurations for radical.two
2017-09-14 10:00:28,811: rp.session.js-17-212.jetstream-cloud.org.vivek91.017423.0004: MainProcess                     : MainThread     : INFO    : Load resource configurations for radical.tutorial
2017-09-14 10:00:28,811: rp.session.js-17-212.jetstream-cloud.org.vivek91.017423.0004: MainProcess                     : MainThread     : INFO    : Load resource configurations for radical.one
2017-09-14 10:00:28,812: rp.session.js-17-212.jetstream-cloud.org.vivek91.017423.0004: MainProcess                     : MainThread     : INFO    : Load resource configurations from /home/vivek91/ves/entk-exp/local/lib/python2.7/site-packages/radical/pilot/configs/resource_das4.json
2017-09-14 10:00:28,813: rp.session.js-17-212.jetstream-cloud.org.vivek91.017423.0004: MainProcess                     : MainThread     : INFO    : Load resource configurations for das4.fs2_ssh
2017-09-14 10:00:28,814: rp.session.js-17-212.jetstream-cloud.org.vivek91.017423.0004: MainProcess                     : MainThread     : INFO    : Load resource configurations from /home/vivek91/ves/entk-exp/local/lib/python2.7/site-packages/radical/pilot/configs/resource_nersc.json
2017-09-14 10:00:28,825: rp.session.js-17-212.jetstream-cloud.org.vivek91.017423.0004: MainProcess                     : MainThread     : INFO    : Load resource configurations for nersc.edison_ccm_ssh
2017-09-14 10:00:28,825: rp.session.js-17-212.jetstream-cloud.org.vivek91.017423.0004: MainProcess                     : MainThread     : INFO    : Load resource configurations for nersc.hopper_orte
2017-09-14 10:00:28,826: rp.session.js-17-212.jetstream-cloud.org.vivek91.017423.0004: MainProcess                     : MainThread     : INFO    : Load resource configurations for nersc.hopper_ccm_ssh
2017-09-14 10:00:28,826: rp.session.js-17-212.jetstream-cloud.org.vivek91.017423.0004: MainProcess                     : MainThread     : INFO    : Load resource configurations for nersc.edison_aprun
2017-09-14 10:00:28,826: rp.session.js-17-212.jetstream-cloud.org.vivek91.017423.0004: MainProcess                     : MainThread     : INFO    : Load resource configurations for nersc.hopper_aprun
2017-09-14 10:00:28,827: rp.session.js-17-212.jetstream-cloud.org.vivek91.017423.0004: MainProcess                     : MainThread     : INFO    : Load resource configurations for nersc.edison_orte
2017-09-14 10:00:28,827: rp.session.js-17-212.jetstream-cloud.org.vivek91.017423.0004: MainProcess                     : MainThread     : INFO    : Load resource configurations from /home/vivek91/ves/entk-exp/local/lib/python2.7/site-packages/radical/pilot/configs/resource_xsede.json
2017-09-14 10:00:28,859: rp.session.js-17-212.jetstream-cloud.org.vivek91.017423.0004: MainProcess                     : MainThread     : INFO    : Load resource configurations for xsede.stampede2_ssh
2017-09-14 10:00:28,860: rp.session.js-17-212.jetstream-cloud.org.vivek91.017423.0004: MainProcess                     : MainThread     : INFO    : Load resource configurations for xsede.wrangler_spark
2017-09-14 10:00:28,860: rp.session.js-17-212.jetstream-cloud.org.vivek91.017423.0004: MainProcess                     : MainThread     : INFO    : Load resource configurations for xsede.stampede_yarn
2017-09-14 10:00:28,861: rp.session.js-17-212.jetstream-cloud.org.vivek91.017423.0004: MainProcess                     : MainThread     : INFO    : Load resource configurations for xsede.gordon_ssh
2017-09-14 10:00:28,861: rp.session.js-17-212.jetstream-cloud.org.vivek91.017423.0004: MainProcess                     : MainThread     : INFO    : Load resource configurations for xsede.stampede_ssh
2017-09-14 10:00:28,861: rp.session.js-17-212.jetstream-cloud.org.vivek91.017423.0004: MainProcess                     : MainThread     : INFO    : Load resource configurations for xsede.lonestar_ssh
2017-09-14 10:00:28,862: rp.session.js-17-212.jetstream-cloud.org.vivek91.017423.0004: MainProcess                     : MainThread     : INFO    : Load resource configurations for xsede.supermic_spark
2017-09-14 10:00:28,862: rp.session.js-17-212.jetstream-cloud.org.vivek91.017423.0004: MainProcess                     : MainThread     : INFO    : Load resource configurations for xsede.wrangler_ssh
2017-09-14 10:00:28,863: rp.session.js-17-212.jetstream-cloud.org.vivek91.017423.0004: MainProcess                     : MainThread     : INFO    : Load resource configurations for xsede.wrangler_yarn
2017-09-14 10:00:28,863: rp.session.js-17-212.jetstream-cloud.org.vivek91.017423.0004: MainProcess                     : MainThread     : INFO    : Load resource configurations for xsede.bridges
2017-09-14 10:00:28,863: rp.session.js-17-212.jetstream-cloud.org.vivek91.017423.0004: MainProcess                     : MainThread     : INFO    : Load resource configurations for xsede.supermic_ssh
2017-09-14 10:00:28,864: rp.session.js-17-212.jetstream-cloud.org.vivek91.017423.0004: MainProcess                     : MainThread     : INFO    : Load resource configurations for xsede.stampede_orte
2017-09-14 10:00:28,864: rp.session.js-17-212.jetstream-cloud.org.vivek91.017423.0004: MainProcess                     : MainThread     : INFO    : Load resource configurations for xsede.greenfield
2017-09-14 10:00:28,864: rp.session.js-17-212.jetstream-cloud.org.vivek91.017423.0004: MainProcess                     : MainThread     : INFO    : Load resource configurations for xsede.comet_spark
2017-09-14 10:00:28,865: rp.session.js-17-212.jetstream-cloud.org.vivek91.017423.0004: MainProcess                     : MainThread     : INFO    : Load resource configurations for xsede.trestles_ssh
2017-09-14 10:00:28,865: rp.session.js-17-212.jetstream-cloud.org.vivek91.017423.0004: MainProcess                     : MainThread     : INFO    : Load resource configurations for xsede.comet_ssh
2017-09-14 10:00:28,866: rp.session.js-17-212.jetstream-cloud.org.vivek91.017423.0004: MainProcess                     : MainThread     : INFO    : Load resource configurations for xsede.stampede_spark
2017-09-14 10:00:28,866: rp.session.js-17-212.jetstream-cloud.org.vivek91.017423.0004: MainProcess                     : MainThread     : INFO    : Load resource configurations for xsede.comet_orte
2017-09-14 10:00:28,866: rp.session.js-17-212.jetstream-cloud.org.vivek91.017423.0004: MainProcess                     : MainThread     : INFO    : Load resource configurations for xsede.comet_ortelib
2017-09-14 10:00:28,867: rp.session.js-17-212.jetstream-cloud.org.vivek91.017423.0004: MainProcess                     : MainThread     : INFO    : Load resource configurations for xsede.blacklight_ssh
2017-09-14 10:00:28,867: rp.session.js-17-212.jetstream-cloud.org.vivek91.017423.0004: MainProcess                     : MainThread     : INFO    : Load resource configurations for xsede.stampede_ortelib
2017-09-14 10:00:28,867: rp.session.js-17-212.jetstream-cloud.org.vivek91.017423.0004: MainProcess                     : MainThread     : INFO    : Load resource configurations from /home/vivek91/ves/entk-exp/local/lib/python2.7/site-packages/radical/pilot/configs/resource_chameleon.json
2017-09-14 10:00:28,869: rp.session.js-17-212.jetstream-cloud.org.vivek91.017423.0004: MainProcess                     : MainThread     : INFO    : Load resource configurations for chameleon.cloud_vm_yarn
2017-09-14 10:00:28,869: rp.session.js-17-212.jetstream-cloud.org.vivek91.017423.0004: MainProcess                     : MainThread     : INFO    : Load resource configurations from /home/vivek91/ves/entk-exp/local/lib/python2.7/site-packages/radical/pilot/configs/resource_epsrc.json
2017-09-14 10:00:28,872: rp.session.js-17-212.jetstream-cloud.org.vivek91.017423.0004: MainProcess                     : MainThread     : INFO    : Load resource configurations for epsrc.archer_orte
2017-09-14 10:00:28,873: rp.session.js-17-212.jetstream-cloud.org.vivek91.017423.0004: MainProcess                     : MainThread     : INFO    : Load resource configurations for epsrc.archer_aprun
2017-09-14 10:00:28,873: rp.session.js-17-212.jetstream-cloud.org.vivek91.017423.0004: MainProcess                     : MainThread     : INFO    : Load resource configurations from /home/vivek91/ves/entk-exp/local/lib/python2.7/site-packages/radical/pilot/configs/resource_futuregrid.json
2017-09-14 10:00:28,880: rp.session.js-17-212.jetstream-cloud.org.vivek91.017423.0004: MainProcess                     : MainThread     : INFO    : Load resource configurations for futuregrid.delta_ssh
2017-09-14 10:00:28,880: rp.session.js-17-212.jetstream-cloud.org.vivek91.017423.0004: MainProcess                     : MainThread     : INFO    : Load resource configurations for futuregrid.india_ssh
2017-09-14 10:00:28,881: rp.session.js-17-212.jetstream-cloud.org.vivek91.017423.0004: MainProcess                     : MainThread     : INFO    : Load resource configurations for futuregrid.echo_ssh
2017-09-14 10:00:28,881: rp.session.js-17-212.jetstream-cloud.org.vivek91.017423.0004: MainProcess                     : MainThread     : INFO    : Load resource configurations for futuregrid.xray_ccm
2017-09-14 10:00:28,881: rp.session.js-17-212.jetstream-cloud.org.vivek91.017423.0004: MainProcess                     : MainThread     : INFO    : Load resource configurations for futuregrid.bravo_ssh
2017-09-14 10:00:28,882: rp.session.js-17-212.jetstream-cloud.org.vivek91.017423.0004: MainProcess                     : MainThread     : INFO    : Load resource configurations for futuregrid.xray_aprun
2017-09-14 10:00:28,882: rp.session.js-17-212.jetstream-cloud.org.vivek91.017423.0004: MainProcess                     : MainThread     : INFO    : Load resource configurations from /home/vivek91/ves/entk-exp/local/lib/python2.7/site-packages/radical/pilot/configs/resource_local.json
2017-09-14 10:00:28,890: rp.session.js-17-212.jetstream-cloud.org.vivek91.017423.0004: MainProcess                     : MainThread     : INFO    : Load resource configurations for local.localhost_orte
2017-09-14 10:00:28,890: rp.session.js-17-212.jetstream-cloud.org.vivek91.017423.0004: MainProcess                     : MainThread     : INFO    : Load resource configurations for local.localhost_anaconda
2017-09-14 10:00:28,890: rp.session.js-17-212.jetstream-cloud.org.vivek91.017423.0004: MainProcess                     : MainThread     : INFO    : Load resource configurations for local.localhost_ortelib
2017-09-14 10:00:28,891: rp.session.js-17-212.jetstream-cloud.org.vivek91.017423.0004: MainProcess                     : MainThread     : INFO    : Load resource configurations for local.localhost
2017-09-14 10:00:28,891: rp.session.js-17-212.jetstream-cloud.org.vivek91.017423.0004: MainProcess                     : MainThread     : INFO    : Load resource configurations for local.localhost_spark
2017-09-14 10:00:28,891: rp.session.js-17-212.jetstream-cloud.org.vivek91.017423.0004: MainProcess                     : MainThread     : INFO    : Load resource configurations for local.localhost_spark_anaconda
2017-09-14 10:00:28,892: rp.session.js-17-212.jetstream-cloud.org.vivek91.017423.0004: MainProcess                     : MainThread     : INFO    : Load resource configurations for local.localhost_yarn
2017-09-14 10:00:28,892: rp.session.js-17-212.jetstream-cloud.org.vivek91.017423.0004: MainProcess                     : MainThread     : INFO    : Load resource configurations from /home/vivek91/ves/entk-exp/local/lib/python2.7/site-packages/radical/pilot/configs/resource_aliases.json
2017-09-14 10:00:28,892: rp.session.js-17-212.jetstream-cloud.org.vivek91.017423.0004: MainProcess                     : MainThread     : INFO    : Load resource configurations from /home/vivek91/ves/entk-exp/local/lib/python2.7/site-packages/radical/pilot/configs/resource_lrz.json
2017-09-14 10:00:28,894: rp.session.js-17-212.jetstream-cloud.org.vivek91.017423.0004: MainProcess                     : MainThread     : INFO    : Load resource configurations for lrz.supermuc_ssh
2017-09-14 10:00:28,894: rp.session.js-17-212.jetstream-cloud.org.vivek91.017423.0004: MainProcess                     : MainThread     : INFO    : Load resource configurations from /home/vivek91/ves/entk-exp/local/lib/python2.7/site-packages/radical/pilot/configs/resource_rice.json
2017-09-14 10:00:28,896: rp.session.js-17-212.jetstream-cloud.org.vivek91.017423.0004: MainProcess                     : MainThread     : INFO    : Load resource configurations for rice.davinci_ssh
2017-09-14 10:00:28,897: rp.session.js-17-212.jetstream-cloud.org.vivek91.017423.0004: MainProcess                     : MainThread     : INFO    : Load resource configurations for rice.biou_ssh
2017-09-14 10:00:28,897: rp.session.js-17-212.jetstream-cloud.org.vivek91.017423.0004: MainProcess                     : MainThread     : INFO    : Load resource configurations from /home/vivek91/ves/entk-exp/local/lib/python2.7/site-packages/radical/pilot/configs/resource_ncar.json
2017-09-14 10:00:28,898: rp.session.js-17-212.jetstream-cloud.org.vivek91.017423.0004: MainProcess                     : MainThread     : INFO    : Load resource configurations for ncar.yellowstone_ssh
2017-09-14 10:00:28,899: rp.session.js-17-212.jetstream-cloud.org.vivek91.017423.0004: MainProcess                     : MainThread     : INFO    : Load resource configurations from /home/vivek91/ves/entk-exp/local/lib/python2.7/site-packages/radical/pilot/configs/resource_das5.json
2017-09-14 10:00:28,900: rp.session.js-17-212.jetstream-cloud.org.vivek91.017423.0004: MainProcess                     : MainThread     : INFO    : Load resource configurations for das5.fs1_ssh
2017-09-14 10:00:28,900: rp.session.js-17-212.jetstream-cloud.org.vivek91.017423.0004: MainProcess                     : MainThread     : INFO    : Load resource configurations from /home/vivek91/ves/entk-exp/local/lib/python2.7/site-packages/radical/pilot/configs/resource_fub.json
2017-09-14 10:00:28,902: rp.session.js-17-212.jetstream-cloud.org.vivek91.017423.0004: MainProcess                     : MainThread     : INFO    : Load resource configurations for fub.allegro_rsh
2017-09-14 10:00:29,474: rp.session.js-17-212.jetstream-cloud.org.vivek91.017423.0004: MainProcess                     : MainThread     : INFO    : New Session created: rp.session.js-17-212.jetstream-cloud.org.vivek91.017423.0004.
2017-09-14 10:00:29,474: rp.session.js-17-212.jetstream-cloud.org.vivek91.017423.0004: MainProcess                     : MainThread     : DEBUG   : start bridges   : {u'control_pubsub': {u'bulk_size': 0, u'log_level': u'debug', u'stall_hwm': 1},
 u'log_pubsub': {u'bulk_size': 0, u'log_level': u'debug', u'stall_hwm': 1},
 u'state_pubsub': {u'bulk_size': 0, u'log_level': u'debug', u'stall_hwm': 1}}
2017-09-14 10:00:29,475: rp.session.js-17-212.jetstream-cloud.org.vivek91.017423.0004: MainProcess                     : MainThread     : INFO    : create bridge control_pubsub
2017-09-14 10:00:29,502: rp.session.js-17-212.jetstream-cloud.org.vivek91.017423.0004: MainProcess                     : MainThread     : INFO    : created bridge control_pubsub (control.pubsub.bridge.0000)
2017-09-14 10:00:29,502: rp.session.js-17-212.jetstream-cloud.org.vivek91.017423.0004: MainProcess                     : MainThread     : INFO    : create bridge state_pubsub
2017-09-14 10:00:29,525: rp.session.js-17-212.jetstream-cloud.org.vivek91.017423.0004: MainProcess                     : MainThread     : INFO    : created bridge state_pubsub (state.pubsub.bridge.0000)
2017-09-14 10:00:29,525: rp.session.js-17-212.jetstream-cloud.org.vivek91.017423.0004: MainProcess                     : MainThread     : INFO    : create bridge log_pubsub
2017-09-14 10:00:29,548: rp.session.js-17-212.jetstream-cloud.org.vivek91.017423.0004: MainProcess                     : MainThread     : INFO    : created bridge log_pubsub (log.pubsub.bridge.0000)
2017-09-14 10:00:29,548: rp.session.js-17-212.jetstream-cloud.org.vivek91.017423.0004: MainProcess                     : MainThread     : DEBUG   : start components: {u'UpdateWorker': {u'count': 1}}
2017-09-14 10:00:29,549: rp.session.js-17-212.jetstream-cloud.org.vivek91.017423.0004: MainProcess                     : MainThread     : DEBUG   : start 1 component(s) UpdateWorker
2017-09-14 10:00:31,995: rp.session.js-17-212.jetstream-cloud.org.vivek91.017423.0004: MainProcess                     : MainThread     : INFO    : rp.session.js-17-212.jetstream-cloud.org.vivek91.017423.0004 starts update.0
2017-09-14 10:00:35,449: rp.session.js-17-212.jetstream-cloud.org.vivek91.017423.0004: MainProcess                     : MainThread     : WARNING : using alias 'xsede.supermic_ssh' for deprecated resource key 'xsede.supermic'
2017-09-14 10:00:35,449: rp.session.js-17-212.jetstream-cloud.org.vivek91.017423.0004: MainProcess                     : MainThread     : DEBUG   : rsup.PTYShell('gsissh://supermic.cct-lsu.xsede.org:2222/')
2017-09-14 10:00:38,003: rp.session.js-17-212.jetstream-cloud.org.vivek91.017423.0004: MainProcess                     : MainThread     : DEBUG   : sandbox base gsissh://supermic.cct-lsu.xsede.org:2222/: '/work/vivek91'
2017-09-14 10:00:38,154: rp.session.js-17-212.jetstream-cloud.org.vivek91.017423.0004: MainProcess                     : MainThread     : DEBUG   : bulk pilot insert result: {'nModified': 0, 'nUpserted': 0, 'nMatched': 0, 'writeErrors': [], 'upserted': [], 'writeConcernErrors': [], 'nRemoved': 0, 'nInserted': 1}
2017-09-14 10:00:38,165: rp.session.js-17-212.jetstream-cloud.org.vivek91.017423.0004: pmgr.launching.0                : MainThread     : WARNING : using alias 'xsede.supermic_ssh' for deprecated resource key 'xsede.supermic'
2017-09-14 10:00:38,169: rp.session.js-17-212.jetstream-cloud.org.vivek91.017423.0004: pmgr.launching.0                : MainThread     : WARNING : using alias 'xsede.supermic_ssh' for deprecated resource key 'xsede.supermic'
2017-09-14 10:00:38,170: rp.session.js-17-212.jetstream-cloud.org.vivek91.017423.0004: pmgr.launching.0                : MainThread     : DEBUG   : rsup.PTYShell('gsissh://supermic.cct-lsu.xsede.org:2222/')
2017-09-14 10:00:39,040: rp.session.js-17-212.jetstream-cloud.org.vivek91.017423.0004: pmgr.launching.0                : MainThread     : DEBUG   : sandbox base gsissh://supermic.cct-lsu.xsede.org:2222/: '/work/vivek91'
2017-09-14 10:01:27,848: rp.session.js-17-212.jetstream-cloud.org.vivek91.017423.0004: task-manager                    : MainThread     : DEBUG   : bulk unit insert result: {'nModified': 0, 'nUpserted': 0, 'nMatched': 0, 'writeErrors': [], 'upserted': [], 'writeConcernErrors': [], 'nRemoved': 0, 'nInserted': 1}
2017-09-14 10:03:14,141: rp.session.js-17-212.jetstream-cloud.org.vivek91.017423.0004: task-manager                    : MainThread     : DEBUG   : bulk unit insert result: {'nModified': 0, 'nUpserted': 0, 'nMatched': 0, 'writeErrors': [], 'upserted': [], 'writeConcernErrors': [], 'nRemoved': 0, 'nInserted': 1}
2017-09-14 10:05:00,498: rp.session.js-17-212.jetstream-cloud.org.vivek91.017423.0004: task-manager                    : MainThread     : DEBUG   : bulk unit insert result: {'nModified': 0, 'nUpserted': 0, 'nMatched': 0, 'writeErrors': [], 'upserted': [], 'writeConcernErrors': [], 'nRemoved': 0, 'nInserted': 1}
2017-09-14 10:06:45,614: rp.session.js-17-212.jetstream-cloud.org.vivek91.017423.0004: task-manager                    : MainThread     : DEBUG   : bulk unit insert result: {'nModified': 0, 'nUpserted': 0, 'nMatched': 0, 'writeErrors': [], 'upserted': [], 'writeConcernErrors': [], 'nRemoved': 0, 'nInserted': 1}
2017-09-14 10:08:29,878: rp.session.js-17-212.jetstream-cloud.org.vivek91.017423.0004: task-manager                    : MainThread     : DEBUG   : bulk unit insert result: {'nModified': 0, 'nUpserted': 0, 'nMatched': 0, 'writeErrors': [], 'upserted': [], 'writeConcernErrors': [], 'nRemoved': 0, 'nInserted': 1}
2017-09-14 10:10:15,997: rp.session.js-17-212.jetstream-cloud.org.vivek91.017423.0004: task-manager                    : MainThread     : DEBUG   : bulk unit insert result: {'nModified': 0, 'nUpserted': 0, 'nMatched': 0, 'writeErrors': [], 'upserted': [], 'writeConcernErrors': [], 'nRemoved': 0, 'nInserted': 1}
2017-09-14 10:12:00,738: rp.session.js-17-212.jetstream-cloud.org.vivek91.017423.0004: task-manager                    : MainThread     : DEBUG   : bulk unit insert result: {'nModified': 0, 'nUpserted': 0, 'nMatched': 0, 'writeErrors': [], 'upserted': [], 'writeConcernErrors': [], 'nRemoved': 0, 'nInserted': 1}
2017-09-14 10:13:46,247: rp.session.js-17-212.jetstream-cloud.org.vivek91.017423.0004: task-manager                    : MainThread     : DEBUG   : bulk unit insert result: {'nModified': 0, 'nUpserted': 0, 'nMatched': 0, 'writeErrors': [], 'upserted': [], 'writeConcernErrors': [], 'nRemoved': 0, 'nInserted': 1}
2017-09-14 10:15:31,197: rp.session.js-17-212.jetstream-cloud.org.vivek91.017423.0004: task-manager                    : MainThread     : DEBUG   : bulk unit insert result: {'nModified': 0, 'nUpserted': 0, 'nMatched': 0, 'writeErrors': [], 'upserted': [], 'writeConcernErrors': [], 'nRemoved': 0, 'nInserted': 1}
2017-09-14 10:17:15,915: rp.session.js-17-212.jetstream-cloud.org.vivek91.017423.0004: task-manager                    : MainThread     : DEBUG   : bulk unit insert result: {'nModified': 0, 'nUpserted': 0, 'nMatched': 0, 'writeErrors': [], 'upserted': [], 'writeConcernErrors': [], 'nRemoved': 0, 'nInserted': 1}
2017-09-14 10:19:00,603: rp.session.js-17-212.jetstream-cloud.org.vivek91.017423.0004: task-manager                    : MainThread     : DEBUG   : bulk unit insert result: {'nModified': 0, 'nUpserted': 0, 'nMatched': 0, 'writeErrors': [], 'upserted': [], 'writeConcernErrors': [], 'nRemoved': 0, 'nInserted': 1}
2017-09-14 10:20:46,516: rp.session.js-17-212.jetstream-cloud.org.vivek91.017423.0004: task-manager                    : MainThread     : DEBUG   : bulk unit insert result: {'nModified': 0, 'nUpserted': 0, 'nMatched': 0, 'writeErrors': [], 'upserted': [], 'writeConcernErrors': [], 'nRemoved': 0, 'nInserted': 1}
2017-09-14 10:22:32,424: rp.session.js-17-212.jetstream-cloud.org.vivek91.017423.0004: task-manager                    : MainThread     : DEBUG   : bulk unit insert result: {'nModified': 0, 'nUpserted': 0, 'nMatched': 0, 'writeErrors': [], 'upserted': [], 'writeConcernErrors': [], 'nRemoved': 0, 'nInserted': 1}
2017-09-14 10:24:17,304: rp.session.js-17-212.jetstream-cloud.org.vivek91.017423.0004: task-manager                    : MainThread     : DEBUG   : bulk unit insert result: {'nModified': 0, 'nUpserted': 0, 'nMatched': 0, 'writeErrors': [], 'upserted': [], 'writeConcernErrors': [], 'nRemoved': 0, 'nInserted': 1}
2017-09-14 10:26:02,866: rp.session.js-17-212.jetstream-cloud.org.vivek91.017423.0004: task-manager                    : MainThread     : DEBUG   : bulk unit insert result: {'nModified': 0, 'nUpserted': 0, 'nMatched': 0, 'writeErrors': [], 'upserted': [], 'writeConcernErrors': [], 'nRemoved': 0, 'nInserted': 1}
2017-09-14 10:27:48,944: rp.session.js-17-212.jetstream-cloud.org.vivek91.017423.0004: task-manager                    : MainThread     : DEBUG   : bulk unit insert result: {'nModified': 0, 'nUpserted': 0, 'nMatched': 0, 'writeErrors': [], 'upserted': [], 'writeConcernErrors': [], 'nRemoved': 0, 'nInserted': 1}
2017-09-14 10:29:41,071: rp.session.js-17-212.jetstream-cloud.org.vivek91.017423.0004: MainProcess                     : MainThread     : DEBUG   : session rp.session.js-17-212.jetstream-cloud.org.vivek91.017423.0004 closing
2017-09-14 10:29:41,072: rp.session.js-17-212.jetstream-cloud.org.vivek91.017423.0004: MainProcess                     : MainThread     : DEBUG   : session rp.session.js-17-212.jetstream-cloud.org.vivek91.017423.0004 closes pmgr   pmgr.0000
2017-09-14 10:29:41,538: rp.session.js-17-212.jetstream-cloud.org.vivek91.017423.0004: MainProcess                     : MainThread     : DEBUG   : session rp.session.js-17-212.jetstream-cloud.org.vivek91.017423.0004 closed pmgr   pmgr.0000
2017-09-14 10:29:41,538: rp.session.js-17-212.jetstream-cloud.org.vivek91.017423.0004: MainProcess                     : MainThread     : DEBUG   : session rp.session.js-17-212.jetstream-cloud.org.vivek91.017423.0004 closes comp   update.0
2017-09-14 10:29:41,711: rp.session.js-17-212.jetstream-cloud.org.vivek91.017423.0004: MainProcess                     : MainThread     : DEBUG   : session rp.session.js-17-212.jetstream-cloud.org.vivek91.017423.0004 closed comp   update.0
2017-09-14 10:29:41,711: rp.session.js-17-212.jetstream-cloud.org.vivek91.017423.0004: MainProcess                     : MainThread     : DEBUG   : session rp.session.js-17-212.jetstream-cloud.org.vivek91.017423.0004 closes bridge control.pubsub.bridge.0000
2017-09-14 10:29:41,847: rp.session.js-17-212.jetstream-cloud.org.vivek91.017423.0004: MainProcess                     : MainThread     : DEBUG   : session rp.session.js-17-212.jetstream-cloud.org.vivek91.017423.0004 closed bridge control.pubsub.bridge.0000
2017-09-14 10:29:41,848: rp.session.js-17-212.jetstream-cloud.org.vivek91.017423.0004: MainProcess                     : MainThread     : DEBUG   : session rp.session.js-17-212.jetstream-cloud.org.vivek91.017423.0004 closes bridge state.pubsub.bridge.0000
2017-09-14 10:29:41,984: rp.session.js-17-212.jetstream-cloud.org.vivek91.017423.0004: MainProcess                     : MainThread     : DEBUG   : session rp.session.js-17-212.jetstream-cloud.org.vivek91.017423.0004 closed bridge state.pubsub.bridge.0000
2017-09-14 10:29:41,984: rp.session.js-17-212.jetstream-cloud.org.vivek91.017423.0004: MainProcess                     : MainThread     : DEBUG   : session rp.session.js-17-212.jetstream-cloud.org.vivek91.017423.0004 closes bridge log.pubsub.bridge.0000
2017-09-14 10:29:42,153: rp.session.js-17-212.jetstream-cloud.org.vivek91.017423.0004: MainProcess                     : MainThread     : DEBUG   : session rp.session.js-17-212.jetstream-cloud.org.vivek91.017423.0004 closed bridge log.pubsub.bridge.0000
2017-09-14 10:29:42,153: rp.session.js-17-212.jetstream-cloud.org.vivek91.017423.0004: MainProcess                     : MainThread     : DEBUG   : session rp.session.js-17-212.jetstream-cloud.org.vivek91.017423.0004 closes db (False)
2017-09-14 10:29:42,153: rp.session.js-17-212.jetstream-cloud.org.vivek91.017423.0004: MainProcess                     : MainThread     : DEBUG   : session rp.session.js-17-212.jetstream-cloud.org.vivek91.017423.0004 closed (delete=False)
