2017-09-08 10:35:10,224: umgr.staging.output.0.child: umgr.staging.output.0           : MainThread     : INFO    : python.interpreter   version: 2.7.12 (default, Nov 19 2016, 06:48:10) [GCC 5.4.0 20160609]
2017-09-08 10:35:10,224: umgr.staging.output.0.child: umgr.staging.output.0           : MainThread     : INFO    :                      pid: 3393
2017-09-08 10:35:10,224: umgr.staging.output.0.child: umgr.staging.output.0           : MainThread     : INFO    :                      tid: MainThread
2017-09-08 10:35:10,225: umgr.staging.output.0.child: umgr.staging.output.0           : MainThread     : INFO    : radical.pilot        version: 0.46-v0.46.RC2@devel
2017-09-08 10:35:11,248: umgr.staging.output.0.child: umgr.staging.output.0           : MainThread     : INFO    : initialize umgr.staging.output.0.child
2017-09-08 10:35:11,253: umgr.staging.output.0.child: umgr.staging.output.0           : MainThread     : INFO    : cfg: {'agents': {},
 u'bridges': {u'control_pubsub': {'addr_in': 'tcp://172.30.238.6:33776',
                                  'addr_out': 'tcp://172.30.238.6:45198',
                                  u'bulk_size': 0,
                                  u'log_level': u'debug',
                                  u'stall_hwm': 1},
              u'log_pubsub': {'addr_in': 'tcp://172.30.238.6:42449',
                              'addr_out': 'tcp://172.30.238.6:32969',
                              u'bulk_size': 0,
                              u'log_level': u'debug',
                              u'stall_hwm': 1},
              u'state_pubsub': {'addr_in': 'tcp://172.30.238.6:35961',
                                'addr_out': 'tcp://172.30.238.6:42127',
                                u'bulk_size': 0,
                                u'log_level': u'debug',
                                u'stall_hwm': 1},
              u'umgr_reschedule_pubsub': {'addr_in': 'tcp://172.30.238.6:45554',
                                          'addr_out': 'tcp://172.30.238.6:36798',
                                          u'bulk_size': 0,
                                          u'log_level': u'debug',
                                          u'stall_hwm': 1},
              u'umgr_scheduling_queue': {'addr_in': 'tcp://172.30.238.6:38882',
                                         'addr_out': 'tcp://172.30.238.6:38297',
                                         u'bulk_size': 0,
                                         u'log_level': u'debug',
                                         u'stall_hwm': 1},
              u'umgr_staging_input_queue': {'addr_in': 'tcp://172.30.238.6:34390',
                                            'addr_out': 'tcp://172.30.238.6:34294',
                                            u'bulk_size': 0,
                                            u'log_level': u'debug',
                                            u'stall_hwm': 1},
              u'umgr_staging_output_queue': {'addr_in': 'tcp://172.30.238.6:42989',
                                             'addr_out': 'tcp://172.30.238.6:34462',
                                             u'bulk_size': 0,
                                             u'log_level': u'debug',
                                             u'stall_hwm': 1},
              u'umgr_unschedule_pubsub': {'addr_in': 'tcp://172.30.238.6:43021',
                                          'addr_out': 'tcp://172.30.238.6:39596',
                                          u'bulk_size': 0,
                                          u'log_level': u'debug',
                                          u'stall_hwm': 1}},
 u'bulk_collection_size': 100,
 u'bulk_collection_time': 1.0,
 'cname': u'UMGRStagingOutputComponent',
 u'components': {},
 u'count': 1,
 u'db_poll_sleeptime': 1.0,
 'number': 0,
 'owner': 'umgr.0000',
 u'scheduler': u'round_robin',
 'uid': 'umgr.0000'}
2017-09-08 10:35:11,254: umgr.staging.output.0.child: umgr.staging.output.0           : MainThread     : DEBUG   : start components: {}
2017-09-08 10:35:11,254: umgr.staging.output.0.child: umgr.staging.output.0           : MainThread     : DEBUG   : alive check in term
2017-09-08 10:35:11,254: umgr.staging.output.0.child: umgr.staging.output.0           : MainThread     : DEBUG   : START: umgr.staging.output.0.child register publisher log_pubsub
2017-09-08 10:35:11,254: umgr.staging.output.0.child: umgr.staging.output.0           : MainThread     : DEBUG   : using addr tcp://172.30.238.6:42449 for pubsub log_pubsub
2017-09-08 10:35:11,258: umgr.staging.output.0.child: umgr.staging.output.0           : MainThread     : DEBUG   : registered publisher : log_pubsub : log.pubsub.pub.0004
2017-09-08 10:35:11,258: umgr.staging.output.0.child: umgr.staging.output.0           : MainThread     : DEBUG   : alive check in term
2017-09-08 10:35:11,258: umgr.staging.output.0.child: umgr.staging.output.0           : MainThread     : DEBUG   : START: umgr.staging.output.0.child register publisher state_pubsub
2017-09-08 10:35:11,258: umgr.staging.output.0.child: umgr.staging.output.0           : MainThread     : DEBUG   : using addr tcp://172.30.238.6:35961 for pubsub state_pubsub
2017-09-08 10:35:11,261: umgr.staging.output.0.child: umgr.staging.output.0           : MainThread     : DEBUG   : registered publisher : state_pubsub : state.pubsub.pub.0004
2017-09-08 10:35:11,261: umgr.staging.output.0.child: umgr.staging.output.0           : MainThread     : DEBUG   : alive check in term
2017-09-08 10:35:11,261: umgr.staging.output.0.child: umgr.staging.output.0           : MainThread     : DEBUG   : START: umgr.staging.output.0.child register publisher control_pubsub
2017-09-08 10:35:11,261: umgr.staging.output.0.child: umgr.staging.output.0           : MainThread     : DEBUG   : using addr tcp://172.30.238.6:33776 for pubsub control_pubsub
2017-09-08 10:35:11,264: umgr.staging.output.0.child: umgr.staging.output.0           : MainThread     : DEBUG   : registered publisher : control_pubsub : control.pubsub.pub.0004
2017-09-08 10:35:11,264: umgr.staging.output.0.child: umgr.staging.output.0           : MainThread     : DEBUG   : alive check in term
2017-09-08 10:35:11,264: umgr.staging.output.0.child: umgr.staging.output.0           : MainThread     : DEBUG   : START: umgr.staging.output.0.child register subscriber umgr.staging.output.0.child.subscriber._cancel_monitor_cb
2017-09-08 10:35:11,264: umgr.staging.output.0.child: umgr.staging.output.0           : MainThread     : DEBUG   : using addr tcp://172.30.238.6:45198 for pubsub control_pubsub
2017-09-08 10:35:11,267: umgr.staging.output.0.child: umgr.staging.output.0           : MainThread     : DEBUG   : parent name: umgr.staging.output.0.child.subscriber._cancel_monitor_cb
2017-09-08 10:35:11,267: umgr.staging.output.0.child: umgr.staging.output.0           : MainThread     : DEBUG   : start thread
2017-09-08 10:35:11,268: umgr.staging.output.0.child: umgr.staging.output.0           : umgr.staging.output.0.child.subscriber._cancel_monitor_cb: DEBUG   : child name: umgr.staging.output.0.child.subscriber._cancel_monitor_cb.thread
2017-09-08 10:35:11,268: umgr.staging.output.0.child: umgr.staging.output.0           : umgr.staging.output.0.child.subscriber._cancel_monitor_cb: INFO    : child (me) initializing
2017-09-08 10:35:11,268: umgr.staging.output.0.child: umgr.staging.output.0           : umgr.staging.output.0.child.subscriber._cancel_monitor_cb: DEBUG   : ru_initialize_common (NOOP)
2017-09-08 10:35:11,268: umgr.staging.output.0.child: umgr.staging.output.0           : umgr.staging.output.0.child.subscriber._cancel_monitor_cb: DEBUG   : ru_initialize_child (NOOP)
2017-09-08 10:35:11,268: umgr.staging.output.0.child: umgr.staging.output.0           : umgr.staging.output.0.child.subscriber._cancel_monitor_cb: INFO    : send alive
2017-09-08 10:35:11,268: umgr.staging.output.0.child: umgr.staging.output.0           : umgr.staging.output.0.child.subscriber._cancel_monitor_cb: INFO    : put message: [umgr.staging.output.0.child.subscriber._cancel_monitor_cb.thread] alive
2017-09-08 10:35:11,269: umgr.staging.output.0.child: umgr.staging.output.0           : MainThread     : INFO    : get msg: alive
2017-09-08 10:35:11,269: umgr.staging.output.0.child: umgr.staging.output.0           : MainThread     : DEBUG   : ru_initialize_common (NOOP)
2017-09-08 10:35:11,269: umgr.staging.output.0.child: umgr.staging.output.0           : MainThread     : DEBUG   : ru_initialize_parent (NOOP)
2017-09-08 10:35:11,269: umgr.staging.output.0.child: umgr.staging.output.0           : MainThread     : DEBUG   : child thread umgr.staging.output.0.child.subscriber._cancel_monitor_cb started
2017-09-08 10:35:11,270: umgr.staging.output.0.child: umgr.staging.output.0           : MainThread     : DEBUG   : umgr.staging.output.0.child registered control_pubsub subscriber umgr.staging.output.0.child.subscriber._cancel_monitor_cb
2017-09-08 10:35:11,270: umgr.staging.output.0.child: umgr.staging.output.0           : MainThread     : DEBUG   : alive check in term
2017-09-08 10:35:11,270: umgr.staging.output.0.child: umgr.staging.output.0           : MainThread     : DEBUG   : using addr tcp://172.30.238.6:34462 for input umgr_staging_output_queue
2017-09-08 10:35:11,272: umgr.staging.output.0.child: umgr.staging.output.0           : MainThread     : DEBUG   : registered input umgr.staging.output.0.child.work.UMGR_STAGING_OUTPUT_PENDING
2017-09-08 10:35:11,273: umgr.staging.output.0.child: umgr.staging.output.0           : MainThread     : DEBUG   : START: umgr.staging.output.0.child register input UMGR_STAGING_OUTPUT_PENDING: umgr.staging.output.0.child.work.UMGR_STAGING_OUTPUT_PENDING
2017-09-08 10:35:11,273: umgr.staging.output.0.child: umgr.staging.output.0           : MainThread     : DEBUG   : registered worker work [UMGR_STAGING_OUTPUT_PENDING]
2017-09-08 10:35:11,273: umgr.staging.output.0.child: umgr.staging.output.0           : MainThread     : INFO    : child (me) initializing
2017-09-08 10:35:11,273: umgr.staging.output.0.child: umgr.staging.output.0           : MainThread     : DEBUG   : parent name: umgr.staging.output.0.child.watch
2017-09-08 10:35:11,273: umgr.staging.output.0.child: umgr.staging.output.0           : MainThread     : DEBUG   : start thread
2017-09-08 10:35:11,273: umgr.staging.output.0.child: umgr.staging.output.0           : umgr.staging.output.0.child.watch: DEBUG   : child name: umgr.staging.output.0.child.watch.thread
2017-09-08 10:35:11,274: umgr.staging.output.0.child: umgr.staging.output.0           : umgr.staging.output.0.child.watch: INFO    : child (me) initializing
2017-09-08 10:35:11,274: umgr.staging.output.0.child: umgr.staging.output.0           : umgr.staging.output.0.child.watch: DEBUG   : ru_initialize_common (NOOP)
2017-09-08 10:35:11,274: umgr.staging.output.0.child: umgr.staging.output.0           : umgr.staging.output.0.child.watch: DEBUG   : ru_initialize_child (NOOP)
2017-09-08 10:35:11,274: umgr.staging.output.0.child: umgr.staging.output.0           : umgr.staging.output.0.child.watch: INFO    : send alive
2017-09-08 10:35:11,274: umgr.staging.output.0.child: umgr.staging.output.0           : umgr.staging.output.0.child.watch: INFO    : put message: [umgr.staging.output.0.child.watch.thread] alive
2017-09-08 10:35:11,275: umgr.staging.output.0.child: umgr.staging.output.0           : MainThread     : INFO    : get msg: alive
2017-09-08 10:35:11,275: umgr.staging.output.0.child: umgr.staging.output.0           : MainThread     : DEBUG   : ru_initialize_common (NOOP)
2017-09-08 10:35:11,275: umgr.staging.output.0.child: umgr.staging.output.0           : MainThread     : DEBUG   : ru_initialize_parent (NOOP)
2017-09-08 10:35:11,275: umgr.staging.output.0.child: umgr.staging.output.0           : MainThread     : DEBUG   : child thread umgr.staging.output.0.child.watch started
2017-09-08 10:35:11,275: umgr.staging.output.0.child: umgr.staging.output.0           : MainThread     : INFO    : child (me) is alive
2017-09-08 10:35:11,275: umgr.staging.output.0.child: umgr.staging.output.0           : MainThread     : INFO    : send alive
2017-09-08 10:35:11,275: umgr.staging.output.0.child: umgr.staging.output.0           : MainThread     : INFO    : send message: [umgr.staging.output.0.child] alive
2017-09-08 10:37:00,621: umgr.staging.output.0.child: umgr.staging.output.0           : MainThread     : DEBUG   : got unit (unit.000000)
2017-09-08 10:37:00,622: umgr.staging.output.0.child: umgr.staging.output.0           : MainThread     : DEBUG   : got unit (unit.000001)
2017-09-08 10:37:00,622: umgr.staging.output.0.child: umgr.staging.output.0           : MainThread     : DEBUG   : got unit (unit.000002)
2017-09-08 10:37:00,622: umgr.staging.output.0.child: umgr.staging.output.0           : MainThread     : DEBUG   : got unit (unit.000003)
2017-09-08 10:37:00,622: umgr.staging.output.0.child: umgr.staging.output.0           : MainThread     : DEBUG   : got unit (unit.000004)
2017-09-08 10:37:00,622: umgr.staging.output.0.child: umgr.staging.output.0           : MainThread     : DEBUG   : got unit (unit.000005)
2017-09-08 10:37:00,622: umgr.staging.output.0.child: umgr.staging.output.0           : MainThread     : DEBUG   : got unit (unit.000006)
2017-09-08 10:37:00,622: umgr.staging.output.0.child: umgr.staging.output.0           : MainThread     : DEBUG   : got unit (unit.000007)
2017-09-08 10:37:00,622: umgr.staging.output.0.child: umgr.staging.output.0           : MainThread     : DEBUG   : got unit (unit.000008)
2017-09-08 10:37:00,622: umgr.staging.output.0.child: umgr.staging.output.0           : MainThread     : DEBUG   : got unit (unit.000009)
2017-09-08 10:37:00,623: umgr.staging.output.0.child: umgr.staging.output.0           : MainThread     : DEBUG   : got unit (unit.000010)
2017-09-08 10:37:00,623: umgr.staging.output.0.child: umgr.staging.output.0           : MainThread     : DEBUG   : got unit (unit.000011)
2017-09-08 10:37:00,623: umgr.staging.output.0.child: umgr.staging.output.0           : MainThread     : DEBUG   : got unit (unit.000012)
2017-09-08 10:37:00,623: umgr.staging.output.0.child: umgr.staging.output.0           : MainThread     : DEBUG   : got unit (unit.000013)
2017-09-08 10:37:00,623: umgr.staging.output.0.child: umgr.staging.output.0           : MainThread     : DEBUG   : got unit (unit.000014)
2017-09-08 10:37:00,623: umgr.staging.output.0.child: umgr.staging.output.0           : MainThread     : DEBUG   : got unit (unit.000015)
2017-09-08 10:37:00,623: umgr.staging.output.0.child: umgr.staging.output.0           : MainThread     : DEBUG   : got unit (unit.000016)
2017-09-08 10:37:00,623: umgr.staging.output.0.child: umgr.staging.output.0           : MainThread     : DEBUG   : got unit (unit.000017)
2017-09-08 10:37:00,623: umgr.staging.output.0.child: umgr.staging.output.0           : MainThread     : DEBUG   : got unit (unit.000018)
2017-09-08 10:37:00,623: umgr.staging.output.0.child: umgr.staging.output.0           : MainThread     : DEBUG   : got unit (unit.000019)
2017-09-08 10:37:00,623: umgr.staging.output.0.child: umgr.staging.output.0           : MainThread     : DEBUG   : advance bulk size: 20 [False, True]
2017-09-08 10:37:00,624: umgr.staging.output.0.child: umgr.staging.output.0           : MainThread     : DEBUG   : advance bulk: unit.000000 [20]
2017-09-08 10:37:00,624: umgr.staging.output.0.child: umgr.staging.output.0           : MainThread     : DEBUG   : advance bulk: unit.000001 [20]
2017-09-08 10:37:00,624: umgr.staging.output.0.child: umgr.staging.output.0           : MainThread     : DEBUG   : advance bulk: unit.000002 [20]
2017-09-08 10:37:00,624: umgr.staging.output.0.child: umgr.staging.output.0           : MainThread     : DEBUG   : advance bulk: unit.000003 [20]
2017-09-08 10:37:00,624: umgr.staging.output.0.child: umgr.staging.output.0           : MainThread     : DEBUG   : advance bulk: unit.000004 [20]
2017-09-08 10:37:00,624: umgr.staging.output.0.child: umgr.staging.output.0           : MainThread     : DEBUG   : advance bulk: unit.000005 [20]
2017-09-08 10:37:00,624: umgr.staging.output.0.child: umgr.staging.output.0           : MainThread     : DEBUG   : advance bulk: unit.000006 [20]
2017-09-08 10:37:00,624: umgr.staging.output.0.child: umgr.staging.output.0           : MainThread     : DEBUG   : advance bulk: unit.000007 [20]
2017-09-08 10:37:00,624: umgr.staging.output.0.child: umgr.staging.output.0           : MainThread     : DEBUG   : advance bulk: unit.000008 [20]
2017-09-08 10:37:00,624: umgr.staging.output.0.child: umgr.staging.output.0           : MainThread     : DEBUG   : advance bulk: unit.000009 [20]
2017-09-08 10:37:00,624: umgr.staging.output.0.child: umgr.staging.output.0           : MainThread     : DEBUG   : advance bulk: unit.000010 [20]
2017-09-08 10:37:00,624: umgr.staging.output.0.child: umgr.staging.output.0           : MainThread     : DEBUG   : advance bulk: unit.000011 [20]
2017-09-08 10:37:00,625: umgr.staging.output.0.child: umgr.staging.output.0           : MainThread     : DEBUG   : advance bulk: unit.000012 [20]
2017-09-08 10:37:00,625: umgr.staging.output.0.child: umgr.staging.output.0           : MainThread     : DEBUG   : advance bulk: unit.000013 [20]
2017-09-08 10:37:00,625: umgr.staging.output.0.child: umgr.staging.output.0           : MainThread     : DEBUG   : advance bulk: unit.000014 [20]
2017-09-08 10:37:00,625: umgr.staging.output.0.child: umgr.staging.output.0           : MainThread     : DEBUG   : advance bulk: unit.000015 [20]
2017-09-08 10:37:00,625: umgr.staging.output.0.child: umgr.staging.output.0           : MainThread     : DEBUG   : advance bulk: unit.000016 [20]
2017-09-08 10:37:00,625: umgr.staging.output.0.child: umgr.staging.output.0           : MainThread     : DEBUG   : advance bulk: unit.000017 [20]
2017-09-08 10:37:00,625: umgr.staging.output.0.child: umgr.staging.output.0           : MainThread     : DEBUG   : advance bulk: unit.000018 [20]
2017-09-08 10:37:00,625: umgr.staging.output.0.child: umgr.staging.output.0           : MainThread     : DEBUG   : advance bulk: unit.000019 [20]
2017-09-08 10:37:00,626: umgr.staging.output.0.child: umgr.staging.output.0           : MainThread     : DEBUG   : advance bulk size: 20 [True, True]
2017-09-08 10:37:00,626: umgr.staging.output.0.child: umgr.staging.output.0           : MainThread     : DEBUG   : advance bulk: unit.000000 [20]
2017-09-08 10:37:00,626: umgr.staging.output.0.child: umgr.staging.output.0           : MainThread     : DEBUG   : advance bulk: unit.000001 [20]
2017-09-08 10:37:00,626: umgr.staging.output.0.child: umgr.staging.output.0           : MainThread     : DEBUG   : advance bulk: unit.000002 [20]
2017-09-08 10:37:00,626: umgr.staging.output.0.child: umgr.staging.output.0           : MainThread     : DEBUG   : advance bulk: unit.000003 [20]
2017-09-08 10:37:00,626: umgr.staging.output.0.child: umgr.staging.output.0           : MainThread     : DEBUG   : advance bulk: unit.000004 [20]
2017-09-08 10:37:00,626: umgr.staging.output.0.child: umgr.staging.output.0           : MainThread     : DEBUG   : advance bulk: unit.000005 [20]
2017-09-08 10:37:00,626: umgr.staging.output.0.child: umgr.staging.output.0           : MainThread     : DEBUG   : advance bulk: unit.000006 [20]
2017-09-08 10:37:00,626: umgr.staging.output.0.child: umgr.staging.output.0           : MainThread     : DEBUG   : advance bulk: unit.000007 [20]
2017-09-08 10:37:00,626: umgr.staging.output.0.child: umgr.staging.output.0           : MainThread     : DEBUG   : advance bulk: unit.000008 [20]
2017-09-08 10:37:00,626: umgr.staging.output.0.child: umgr.staging.output.0           : MainThread     : DEBUG   : advance bulk: unit.000009 [20]
2017-09-08 10:37:00,626: umgr.staging.output.0.child: umgr.staging.output.0           : MainThread     : DEBUG   : advance bulk: unit.000010 [20]
2017-09-08 10:37:00,627: umgr.staging.output.0.child: umgr.staging.output.0           : MainThread     : DEBUG   : advance bulk: unit.000011 [20]
2017-09-08 10:37:00,627: umgr.staging.output.0.child: umgr.staging.output.0           : MainThread     : DEBUG   : advance bulk: unit.000012 [20]
2017-09-08 10:37:00,627: umgr.staging.output.0.child: umgr.staging.output.0           : MainThread     : DEBUG   : advance bulk: unit.000013 [20]
2017-09-08 10:37:00,627: umgr.staging.output.0.child: umgr.staging.output.0           : MainThread     : DEBUG   : advance bulk: unit.000014 [20]
2017-09-08 10:37:00,627: umgr.staging.output.0.child: umgr.staging.output.0           : MainThread     : DEBUG   : advance bulk: unit.000015 [20]
2017-09-08 10:37:00,627: umgr.staging.output.0.child: umgr.staging.output.0           : MainThread     : DEBUG   : advance bulk: unit.000016 [20]
2017-09-08 10:37:00,627: umgr.staging.output.0.child: umgr.staging.output.0           : MainThread     : DEBUG   : advance bulk: unit.000017 [20]
2017-09-08 10:37:00,627: umgr.staging.output.0.child: umgr.staging.output.0           : MainThread     : DEBUG   : advance bulk: unit.000018 [20]
2017-09-08 10:37:00,627: umgr.staging.output.0.child: umgr.staging.output.0           : MainThread     : DEBUG   : advance bulk: unit.000019 [20]
2017-09-08 10:37:00,628: umgr.staging.output.0.child: umgr.staging.output.0           : MainThread     : DEBUG   : bucket: DONE : ['unit.000000', 'unit.000001', 'unit.000002', 'unit.000003', 'unit.000004', 'unit.000005', 'unit.000006', 'unit.000007', 'unit.000008', 'unit.000009', 'unit.000010', 'unit.000011', 'unit.000012', 'unit.000013', 'unit.000014', 'unit.000015', 'unit.000016', 'unit.000017', 'unit.000018', 'unit.000019']
2017-09-08 10:37:00,628: umgr.staging.output.0.child: umgr.staging.output.0           : MainThread     : DEBUG   : push unit.000000 ===| DONE
2017-09-08 10:37:00,628: umgr.staging.output.0.child: umgr.staging.output.0           : MainThread     : DEBUG   : push unit.000001 ===| DONE
2017-09-08 10:37:00,628: umgr.staging.output.0.child: umgr.staging.output.0           : MainThread     : DEBUG   : push unit.000002 ===| DONE
2017-09-08 10:37:00,628: umgr.staging.output.0.child: umgr.staging.output.0           : MainThread     : DEBUG   : push unit.000003 ===| DONE
2017-09-08 10:37:00,629: umgr.staging.output.0.child: umgr.staging.output.0           : MainThread     : DEBUG   : push unit.000004 ===| DONE
2017-09-08 10:37:00,629: umgr.staging.output.0.child: umgr.staging.output.0           : MainThread     : DEBUG   : push unit.000005 ===| DONE
2017-09-08 10:37:00,629: umgr.staging.output.0.child: umgr.staging.output.0           : MainThread     : DEBUG   : push unit.000006 ===| DONE
2017-09-08 10:37:00,629: umgr.staging.output.0.child: umgr.staging.output.0           : MainThread     : DEBUG   : push unit.000007 ===| DONE
2017-09-08 10:37:00,629: umgr.staging.output.0.child: umgr.staging.output.0           : MainThread     : DEBUG   : push unit.000008 ===| DONE
2017-09-08 10:37:00,629: umgr.staging.output.0.child: umgr.staging.output.0           : MainThread     : DEBUG   : push unit.000009 ===| DONE
2017-09-08 10:37:00,629: umgr.staging.output.0.child: umgr.staging.output.0           : MainThread     : DEBUG   : push unit.000010 ===| DONE
2017-09-08 10:37:00,629: umgr.staging.output.0.child: umgr.staging.output.0           : MainThread     : DEBUG   : push unit.000011 ===| DONE
2017-09-08 10:37:00,629: umgr.staging.output.0.child: umgr.staging.output.0           : MainThread     : DEBUG   : push unit.000012 ===| DONE
2017-09-08 10:37:00,629: umgr.staging.output.0.child: umgr.staging.output.0           : MainThread     : DEBUG   : push unit.000013 ===| DONE
2017-09-08 10:37:00,629: umgr.staging.output.0.child: umgr.staging.output.0           : MainThread     : DEBUG   : push unit.000014 ===| DONE
2017-09-08 10:37:00,629: umgr.staging.output.0.child: umgr.staging.output.0           : MainThread     : DEBUG   : push unit.000015 ===| DONE
2017-09-08 10:37:00,629: umgr.staging.output.0.child: umgr.staging.output.0           : MainThread     : DEBUG   : push unit.000016 ===| DONE
2017-09-08 10:37:00,629: umgr.staging.output.0.child: umgr.staging.output.0           : MainThread     : DEBUG   : push unit.000017 ===| DONE
2017-09-08 10:37:00,629: umgr.staging.output.0.child: umgr.staging.output.0           : MainThread     : DEBUG   : push unit.000018 ===| DONE
2017-09-08 10:37:00,630: umgr.staging.output.0.child: umgr.staging.output.0           : MainThread     : DEBUG   : push unit.000019 ===| DONE
2017-09-08 10:37:03,623: umgr.staging.output.0.child: umgr.staging.output.0           : MainThread     : DEBUG   : got unit (unit.000020)
2017-09-08 10:37:03,624: umgr.staging.output.0.child: umgr.staging.output.0           : MainThread     : DEBUG   : got unit (unit.000021)
2017-09-08 10:37:03,624: umgr.staging.output.0.child: umgr.staging.output.0           : MainThread     : DEBUG   : got unit (unit.000022)
2017-09-08 10:37:03,624: umgr.staging.output.0.child: umgr.staging.output.0           : MainThread     : DEBUG   : got unit (unit.000023)
2017-09-08 10:37:03,624: umgr.staging.output.0.child: umgr.staging.output.0           : MainThread     : DEBUG   : got unit (unit.000024)
2017-09-08 10:37:03,624: umgr.staging.output.0.child: umgr.staging.output.0           : MainThread     : DEBUG   : got unit (unit.000025)
2017-09-08 10:37:03,624: umgr.staging.output.0.child: umgr.staging.output.0           : MainThread     : DEBUG   : got unit (unit.000026)
2017-09-08 10:37:03,624: umgr.staging.output.0.child: umgr.staging.output.0           : MainThread     : DEBUG   : got unit (unit.000027)
2017-09-08 10:37:03,624: umgr.staging.output.0.child: umgr.staging.output.0           : MainThread     : DEBUG   : got unit (unit.000028)
2017-09-08 10:37:03,625: umgr.staging.output.0.child: umgr.staging.output.0           : MainThread     : DEBUG   : got unit (unit.000029)
2017-09-08 10:37:03,625: umgr.staging.output.0.child: umgr.staging.output.0           : MainThread     : DEBUG   : got unit (unit.000030)
2017-09-08 10:37:03,625: umgr.staging.output.0.child: umgr.staging.output.0           : MainThread     : DEBUG   : got unit (unit.000031)
2017-09-08 10:37:03,625: umgr.staging.output.0.child: umgr.staging.output.0           : MainThread     : DEBUG   : got unit (unit.000032)
2017-09-08 10:37:03,625: umgr.staging.output.0.child: umgr.staging.output.0           : MainThread     : DEBUG   : got unit (unit.000033)
2017-09-08 10:37:03,625: umgr.staging.output.0.child: umgr.staging.output.0           : MainThread     : DEBUG   : got unit (unit.000034)
2017-09-08 10:37:03,625: umgr.staging.output.0.child: umgr.staging.output.0           : MainThread     : DEBUG   : got unit (unit.000035)
2017-09-08 10:37:03,625: umgr.staging.output.0.child: umgr.staging.output.0           : MainThread     : DEBUG   : got unit (unit.000036)
2017-09-08 10:37:03,625: umgr.staging.output.0.child: umgr.staging.output.0           : MainThread     : DEBUG   : got unit (unit.000037)
2017-09-08 10:37:03,625: umgr.staging.output.0.child: umgr.staging.output.0           : MainThread     : DEBUG   : got unit (unit.000038)
2017-09-08 10:37:03,625: umgr.staging.output.0.child: umgr.staging.output.0           : MainThread     : DEBUG   : got unit (unit.000039)
2017-09-08 10:37:03,626: umgr.staging.output.0.child: umgr.staging.output.0           : MainThread     : DEBUG   : got unit (unit.000040)
2017-09-08 10:37:03,626: umgr.staging.output.0.child: umgr.staging.output.0           : MainThread     : DEBUG   : got unit (unit.000041)
2017-09-08 10:37:03,626: umgr.staging.output.0.child: umgr.staging.output.0           : MainThread     : DEBUG   : got unit (unit.000042)
2017-09-08 10:37:03,626: umgr.staging.output.0.child: umgr.staging.output.0           : MainThread     : DEBUG   : got unit (unit.000043)
2017-09-08 10:37:03,626: umgr.staging.output.0.child: umgr.staging.output.0           : MainThread     : DEBUG   : got unit (unit.000044)
2017-09-08 10:37:03,626: umgr.staging.output.0.child: umgr.staging.output.0           : MainThread     : DEBUG   : got unit (unit.000045)
2017-09-08 10:37:03,626: umgr.staging.output.0.child: umgr.staging.output.0           : MainThread     : DEBUG   : got unit (unit.000046)
2017-09-08 10:37:03,626: umgr.staging.output.0.child: umgr.staging.output.0           : MainThread     : DEBUG   : got unit (unit.000047)
2017-09-08 10:37:03,626: umgr.staging.output.0.child: umgr.staging.output.0           : MainThread     : DEBUG   : got unit (unit.000048)
2017-09-08 10:37:03,626: umgr.staging.output.0.child: umgr.staging.output.0           : MainThread     : DEBUG   : got unit (unit.000049)
2017-09-08 10:37:03,627: umgr.staging.output.0.child: umgr.staging.output.0           : MainThread     : DEBUG   : got unit (unit.000050)
2017-09-08 10:37:03,627: umgr.staging.output.0.child: umgr.staging.output.0           : MainThread     : DEBUG   : got unit (unit.000051)
2017-09-08 10:37:03,627: umgr.staging.output.0.child: umgr.staging.output.0           : MainThread     : DEBUG   : advance bulk size: 32 [False, True]
2017-09-08 10:37:03,627: umgr.staging.output.0.child: umgr.staging.output.0           : MainThread     : DEBUG   : advance bulk: unit.000020 [32]
2017-09-08 10:37:03,627: umgr.staging.output.0.child: umgr.staging.output.0           : MainThread     : DEBUG   : advance bulk: unit.000021 [32]
2017-09-08 10:37:03,627: umgr.staging.output.0.child: umgr.staging.output.0           : MainThread     : DEBUG   : advance bulk: unit.000022 [32]
2017-09-08 10:37:03,627: umgr.staging.output.0.child: umgr.staging.output.0           : MainThread     : DEBUG   : advance bulk: unit.000023 [32]
2017-09-08 10:37:03,627: umgr.staging.output.0.child: umgr.staging.output.0           : MainThread     : DEBUG   : advance bulk: unit.000024 [32]
2017-09-08 10:37:03,627: umgr.staging.output.0.child: umgr.staging.output.0           : MainThread     : DEBUG   : advance bulk: unit.000025 [32]
2017-09-08 10:37:03,627: umgr.staging.output.0.child: umgr.staging.output.0           : MainThread     : DEBUG   : advance bulk: unit.000026 [32]
2017-09-08 10:37:03,628: umgr.staging.output.0.child: umgr.staging.output.0           : MainThread     : DEBUG   : advance bulk: unit.000027 [32]
2017-09-08 10:37:03,628: umgr.staging.output.0.child: umgr.staging.output.0           : MainThread     : DEBUG   : advance bulk: unit.000028 [32]
2017-09-08 10:37:03,628: umgr.staging.output.0.child: umgr.staging.output.0           : MainThread     : DEBUG   : advance bulk: unit.000029 [32]
2017-09-08 10:37:03,628: umgr.staging.output.0.child: umgr.staging.output.0           : MainThread     : DEBUG   : advance bulk: unit.000030 [32]
2017-09-08 10:37:03,628: umgr.staging.output.0.child: umgr.staging.output.0           : MainThread     : DEBUG   : advance bulk: unit.000031 [32]
2017-09-08 10:37:03,628: umgr.staging.output.0.child: umgr.staging.output.0           : MainThread     : DEBUG   : advance bulk: unit.000032 [32]
2017-09-08 10:37:03,628: umgr.staging.output.0.child: umgr.staging.output.0           : MainThread     : DEBUG   : advance bulk: unit.000033 [32]
2017-09-08 10:37:03,628: umgr.staging.output.0.child: umgr.staging.output.0           : MainThread     : DEBUG   : advance bulk: unit.000034 [32]
2017-09-08 10:37:03,628: umgr.staging.output.0.child: umgr.staging.output.0           : MainThread     : DEBUG   : advance bulk: unit.000035 [32]
2017-09-08 10:37:03,628: umgr.staging.output.0.child: umgr.staging.output.0           : MainThread     : DEBUG   : advance bulk: unit.000036 [32]
2017-09-08 10:37:03,628: umgr.staging.output.0.child: umgr.staging.output.0           : MainThread     : DEBUG   : advance bulk: unit.000037 [32]
2017-09-08 10:37:03,629: umgr.staging.output.0.child: umgr.staging.output.0           : MainThread     : DEBUG   : advance bulk: unit.000038 [32]
2017-09-08 10:37:03,629: umgr.staging.output.0.child: umgr.staging.output.0           : MainThread     : DEBUG   : advance bulk: unit.000039 [32]
2017-09-08 10:37:03,629: umgr.staging.output.0.child: umgr.staging.output.0           : MainThread     : DEBUG   : advance bulk: unit.000040 [32]
2017-09-08 10:37:03,629: umgr.staging.output.0.child: umgr.staging.output.0           : MainThread     : DEBUG   : advance bulk: unit.000041 [32]
2017-09-08 10:37:03,629: umgr.staging.output.0.child: umgr.staging.output.0           : MainThread     : DEBUG   : advance bulk: unit.000042 [32]
2017-09-08 10:37:03,629: umgr.staging.output.0.child: umgr.staging.output.0           : MainThread     : DEBUG   : advance bulk: unit.000043 [32]
2017-09-08 10:37:03,629: umgr.staging.output.0.child: umgr.staging.output.0           : MainThread     : DEBUG   : advance bulk: unit.000044 [32]
2017-09-08 10:37:03,629: umgr.staging.output.0.child: umgr.staging.output.0           : MainThread     : DEBUG   : advance bulk: unit.000045 [32]
2017-09-08 10:37:03,629: umgr.staging.output.0.child: umgr.staging.output.0           : MainThread     : DEBUG   : advance bulk: unit.000046 [32]
2017-09-08 10:37:03,629: umgr.staging.output.0.child: umgr.staging.output.0           : MainThread     : DEBUG   : advance bulk: unit.000047 [32]
2017-09-08 10:37:03,629: umgr.staging.output.0.child: umgr.staging.output.0           : MainThread     : DEBUG   : advance bulk: unit.000048 [32]
2017-09-08 10:37:03,630: umgr.staging.output.0.child: umgr.staging.output.0           : MainThread     : DEBUG   : advance bulk: unit.000049 [32]
2017-09-08 10:37:03,630: umgr.staging.output.0.child: umgr.staging.output.0           : MainThread     : DEBUG   : advance bulk: unit.000050 [32]
2017-09-08 10:37:03,630: umgr.staging.output.0.child: umgr.staging.output.0           : MainThread     : DEBUG   : advance bulk: unit.000051 [32]
2017-09-08 10:37:03,630: umgr.staging.output.0.child: umgr.staging.output.0           : MainThread     : DEBUG   : advance bulk size: 32 [True, True]
2017-09-08 10:37:03,630: umgr.staging.output.0.child: umgr.staging.output.0           : MainThread     : DEBUG   : advance bulk: unit.000020 [32]
2017-09-08 10:37:03,630: umgr.staging.output.0.child: umgr.staging.output.0           : MainThread     : DEBUG   : advance bulk: unit.000021 [32]
2017-09-08 10:37:03,631: umgr.staging.output.0.child: umgr.staging.output.0           : MainThread     : DEBUG   : advance bulk: unit.000022 [32]
2017-09-08 10:37:03,631: umgr.staging.output.0.child: umgr.staging.output.0           : MainThread     : DEBUG   : advance bulk: unit.000023 [32]
2017-09-08 10:37:03,631: umgr.staging.output.0.child: umgr.staging.output.0           : MainThread     : DEBUG   : advance bulk: unit.000024 [32]
2017-09-08 10:37:03,631: umgr.staging.output.0.child: umgr.staging.output.0           : MainThread     : DEBUG   : advance bulk: unit.000025 [32]
2017-09-08 10:37:03,631: umgr.staging.output.0.child: umgr.staging.output.0           : MainThread     : DEBUG   : advance bulk: unit.000026 [32]
2017-09-08 10:37:03,631: umgr.staging.output.0.child: umgr.staging.output.0           : MainThread     : DEBUG   : advance bulk: unit.000027 [32]
2017-09-08 10:37:03,631: umgr.staging.output.0.child: umgr.staging.output.0           : MainThread     : DEBUG   : advance bulk: unit.000028 [32]
2017-09-08 10:37:03,631: umgr.staging.output.0.child: umgr.staging.output.0           : MainThread     : DEBUG   : advance bulk: unit.000029 [32]
2017-09-08 10:37:03,631: umgr.staging.output.0.child: umgr.staging.output.0           : MainThread     : DEBUG   : advance bulk: unit.000030 [32]
2017-09-08 10:37:03,631: umgr.staging.output.0.child: umgr.staging.output.0           : MainThread     : DEBUG   : advance bulk: unit.000031 [32]
2017-09-08 10:37:03,632: umgr.staging.output.0.child: umgr.staging.output.0           : MainThread     : DEBUG   : advance bulk: unit.000032 [32]
2017-09-08 10:37:03,632: umgr.staging.output.0.child: umgr.staging.output.0           : MainThread     : DEBUG   : advance bulk: unit.000033 [32]
2017-09-08 10:37:03,632: umgr.staging.output.0.child: umgr.staging.output.0           : MainThread     : DEBUG   : advance bulk: unit.000034 [32]
2017-09-08 10:37:03,632: umgr.staging.output.0.child: umgr.staging.output.0           : MainThread     : DEBUG   : advance bulk: unit.000035 [32]
2017-09-08 10:37:03,632: umgr.staging.output.0.child: umgr.staging.output.0           : MainThread     : DEBUG   : advance bulk: unit.000036 [32]
2017-09-08 10:37:03,632: umgr.staging.output.0.child: umgr.staging.output.0           : MainThread     : DEBUG   : advance bulk: unit.000037 [32]
2017-09-08 10:37:03,632: umgr.staging.output.0.child: umgr.staging.output.0           : MainThread     : DEBUG   : advance bulk: unit.000038 [32]
2017-09-08 10:37:03,632: umgr.staging.output.0.child: umgr.staging.output.0           : MainThread     : DEBUG   : advance bulk: unit.000039 [32]
2017-09-08 10:37:03,632: umgr.staging.output.0.child: umgr.staging.output.0           : MainThread     : DEBUG   : advance bulk: unit.000040 [32]
2017-09-08 10:37:03,632: umgr.staging.output.0.child: umgr.staging.output.0           : MainThread     : DEBUG   : advance bulk: unit.000041 [32]
2017-09-08 10:37:03,632: umgr.staging.output.0.child: umgr.staging.output.0           : MainThread     : DEBUG   : advance bulk: unit.000042 [32]
2017-09-08 10:37:03,632: umgr.staging.output.0.child: umgr.staging.output.0           : MainThread     : DEBUG   : advance bulk: unit.000043 [32]
2017-09-08 10:37:03,632: umgr.staging.output.0.child: umgr.staging.output.0           : MainThread     : DEBUG   : advance bulk: unit.000044 [32]
2017-09-08 10:37:03,633: umgr.staging.output.0.child: umgr.staging.output.0           : MainThread     : DEBUG   : advance bulk: unit.000045 [32]
2017-09-08 10:37:03,633: umgr.staging.output.0.child: umgr.staging.output.0           : MainThread     : DEBUG   : advance bulk: unit.000046 [32]
2017-09-08 10:37:03,633: umgr.staging.output.0.child: umgr.staging.output.0           : MainThread     : DEBUG   : advance bulk: unit.000047 [32]
2017-09-08 10:37:03,633: umgr.staging.output.0.child: umgr.staging.output.0           : MainThread     : DEBUG   : advance bulk: unit.000048 [32]
2017-09-08 10:37:03,633: umgr.staging.output.0.child: umgr.staging.output.0           : MainThread     : DEBUG   : advance bulk: unit.000049 [32]
2017-09-08 10:37:03,633: umgr.staging.output.0.child: umgr.staging.output.0           : MainThread     : DEBUG   : advance bulk: unit.000050 [32]
2017-09-08 10:37:03,633: umgr.staging.output.0.child: umgr.staging.output.0           : MainThread     : DEBUG   : advance bulk: unit.000051 [32]
2017-09-08 10:37:03,634: umgr.staging.output.0.child: umgr.staging.output.0           : MainThread     : DEBUG   : bucket: DONE : ['unit.000020', 'unit.000021', 'unit.000022', 'unit.000023', 'unit.000024', 'unit.000025', 'unit.000026', 'unit.000027', 'unit.000028', 'unit.000029', 'unit.000030', 'unit.000031', 'unit.000032', 'unit.000033', 'unit.000034', 'unit.000035', 'unit.000036', 'unit.000037', 'unit.000038', 'unit.000039', 'unit.000040', 'unit.000041', 'unit.000042', 'unit.000043', 'unit.000044', 'unit.000045', 'unit.000046', 'unit.000047', 'unit.000048', 'unit.000049', 'unit.000050', 'unit.000051']
2017-09-08 10:37:03,634: umgr.staging.output.0.child: umgr.staging.output.0           : MainThread     : DEBUG   : push unit.000020 ===| DONE
2017-09-08 10:37:03,635: umgr.staging.output.0.child: umgr.staging.output.0           : MainThread     : DEBUG   : push unit.000021 ===| DONE
2017-09-08 10:37:03,635: umgr.staging.output.0.child: umgr.staging.output.0           : MainThread     : DEBUG   : push unit.000022 ===| DONE
2017-09-08 10:37:03,635: umgr.staging.output.0.child: umgr.staging.output.0           : MainThread     : DEBUG   : push unit.000023 ===| DONE
2017-09-08 10:37:03,635: umgr.staging.output.0.child: umgr.staging.output.0           : MainThread     : DEBUG   : push unit.000024 ===| DONE
2017-09-08 10:37:03,635: umgr.staging.output.0.child: umgr.staging.output.0           : MainThread     : DEBUG   : push unit.000025 ===| DONE
2017-09-08 10:37:03,635: umgr.staging.output.0.child: umgr.staging.output.0           : MainThread     : DEBUG   : push unit.000026 ===| DONE
2017-09-08 10:37:03,635: umgr.staging.output.0.child: umgr.staging.output.0           : MainThread     : DEBUG   : push unit.000027 ===| DONE
2017-09-08 10:37:03,635: umgr.staging.output.0.child: umgr.staging.output.0           : MainThread     : DEBUG   : push unit.000028 ===| DONE
2017-09-08 10:37:03,635: umgr.staging.output.0.child: umgr.staging.output.0           : MainThread     : DEBUG   : push unit.000029 ===| DONE
2017-09-08 10:37:03,635: umgr.staging.output.0.child: umgr.staging.output.0           : MainThread     : DEBUG   : push unit.000030 ===| DONE
2017-09-08 10:37:03,635: umgr.staging.output.0.child: umgr.staging.output.0           : MainThread     : DEBUG   : push unit.000031 ===| DONE
2017-09-08 10:37:03,635: umgr.staging.output.0.child: umgr.staging.output.0           : MainThread     : DEBUG   : push unit.000032 ===| DONE
2017-09-08 10:37:03,635: umgr.staging.output.0.child: umgr.staging.output.0           : MainThread     : DEBUG   : push unit.000033 ===| DONE
2017-09-08 10:37:03,636: umgr.staging.output.0.child: umgr.staging.output.0           : MainThread     : DEBUG   : push unit.000034 ===| DONE
2017-09-08 10:37:03,636: umgr.staging.output.0.child: umgr.staging.output.0           : MainThread     : DEBUG   : push unit.000035 ===| DONE
2017-09-08 10:37:03,636: umgr.staging.output.0.child: umgr.staging.output.0           : MainThread     : DEBUG   : push unit.000036 ===| DONE
2017-09-08 10:37:03,636: umgr.staging.output.0.child: umgr.staging.output.0           : MainThread     : DEBUG   : push unit.000037 ===| DONE
2017-09-08 10:37:03,636: umgr.staging.output.0.child: umgr.staging.output.0           : MainThread     : DEBUG   : push unit.000038 ===| DONE
2017-09-08 10:37:03,636: umgr.staging.output.0.child: umgr.staging.output.0           : MainThread     : DEBUG   : push unit.000039 ===| DONE
2017-09-08 10:37:03,636: umgr.staging.output.0.child: umgr.staging.output.0           : MainThread     : DEBUG   : push unit.000040 ===| DONE
2017-09-08 10:37:03,636: umgr.staging.output.0.child: umgr.staging.output.0           : MainThread     : DEBUG   : push unit.000041 ===| DONE
2017-09-08 10:37:03,636: umgr.staging.output.0.child: umgr.staging.output.0           : MainThread     : DEBUG   : push unit.000042 ===| DONE
2017-09-08 10:37:03,636: umgr.staging.output.0.child: umgr.staging.output.0           : MainThread     : DEBUG   : push unit.000043 ===| DONE
2017-09-08 10:37:03,636: umgr.staging.output.0.child: umgr.staging.output.0           : MainThread     : DEBUG   : push unit.000044 ===| DONE
2017-09-08 10:37:03,636: umgr.staging.output.0.child: umgr.staging.output.0           : MainThread     : DEBUG   : push unit.000045 ===| DONE
2017-09-08 10:37:03,636: umgr.staging.output.0.child: umgr.staging.output.0           : MainThread     : DEBUG   : push unit.000046 ===| DONE
2017-09-08 10:37:03,636: umgr.staging.output.0.child: umgr.staging.output.0           : MainThread     : DEBUG   : push unit.000047 ===| DONE
2017-09-08 10:37:03,637: umgr.staging.output.0.child: umgr.staging.output.0           : MainThread     : DEBUG   : push unit.000048 ===| DONE
2017-09-08 10:37:03,637: umgr.staging.output.0.child: umgr.staging.output.0           : MainThread     : DEBUG   : push unit.000049 ===| DONE
2017-09-08 10:37:03,637: umgr.staging.output.0.child: umgr.staging.output.0           : MainThread     : DEBUG   : push unit.000050 ===| DONE
2017-09-08 10:37:03,637: umgr.staging.output.0.child: umgr.staging.output.0           : MainThread     : DEBUG   : push unit.000051 ===| DONE
2017-09-08 10:37:08,461: umgr.staging.output.0.child: umgr.staging.output.0           : MainThread     : DEBUG   : got unit (unit.000052)
2017-09-08 10:37:08,461: umgr.staging.output.0.child: umgr.staging.output.0           : MainThread     : DEBUG   : got unit (unit.000053)
2017-09-08 10:37:08,462: umgr.staging.output.0.child: umgr.staging.output.0           : MainThread     : DEBUG   : got unit (unit.000054)
2017-09-08 10:37:08,462: umgr.staging.output.0.child: umgr.staging.output.0           : MainThread     : DEBUG   : got unit (unit.000055)
2017-09-08 10:37:08,462: umgr.staging.output.0.child: umgr.staging.output.0           : MainThread     : DEBUG   : got unit (unit.000056)
2017-09-08 10:37:08,462: umgr.staging.output.0.child: umgr.staging.output.0           : MainThread     : DEBUG   : got unit (unit.000057)
2017-09-08 10:37:08,462: umgr.staging.output.0.child: umgr.staging.output.0           : MainThread     : DEBUG   : got unit (unit.000058)
2017-09-08 10:37:08,462: umgr.staging.output.0.child: umgr.staging.output.0           : MainThread     : DEBUG   : got unit (unit.000059)
2017-09-08 10:37:08,462: umgr.staging.output.0.child: umgr.staging.output.0           : MainThread     : DEBUG   : advance bulk size: 8 [False, True]
2017-09-08 10:37:08,462: umgr.staging.output.0.child: umgr.staging.output.0           : MainThread     : DEBUG   : advance bulk: unit.000052 [8]
2017-09-08 10:37:08,462: umgr.staging.output.0.child: umgr.staging.output.0           : MainThread     : DEBUG   : advance bulk: unit.000053 [8]
2017-09-08 10:37:08,463: umgr.staging.output.0.child: umgr.staging.output.0           : MainThread     : DEBUG   : advance bulk: unit.000054 [8]
2017-09-08 10:37:08,463: umgr.staging.output.0.child: umgr.staging.output.0           : MainThread     : DEBUG   : advance bulk: unit.000055 [8]
2017-09-08 10:37:08,463: umgr.staging.output.0.child: umgr.staging.output.0           : MainThread     : DEBUG   : advance bulk: unit.000056 [8]
2017-09-08 10:37:08,463: umgr.staging.output.0.child: umgr.staging.output.0           : MainThread     : DEBUG   : advance bulk: unit.000057 [8]
2017-09-08 10:37:08,463: umgr.staging.output.0.child: umgr.staging.output.0           : MainThread     : DEBUG   : advance bulk: unit.000058 [8]
2017-09-08 10:37:08,463: umgr.staging.output.0.child: umgr.staging.output.0           : MainThread     : DEBUG   : advance bulk: unit.000059 [8]
2017-09-08 10:37:08,464: umgr.staging.output.0.child: umgr.staging.output.0           : MainThread     : DEBUG   : advance bulk size: 8 [True, True]
2017-09-08 10:37:08,464: umgr.staging.output.0.child: umgr.staging.output.0           : MainThread     : DEBUG   : advance bulk: unit.000052 [8]
2017-09-08 10:37:08,464: umgr.staging.output.0.child: umgr.staging.output.0           : MainThread     : DEBUG   : advance bulk: unit.000053 [8]
2017-09-08 10:37:08,464: umgr.staging.output.0.child: umgr.staging.output.0           : MainThread     : DEBUG   : advance bulk: unit.000054 [8]
2017-09-08 10:37:08,464: umgr.staging.output.0.child: umgr.staging.output.0           : MainThread     : DEBUG   : advance bulk: unit.000055 [8]
2017-09-08 10:37:08,464: umgr.staging.output.0.child: umgr.staging.output.0           : MainThread     : DEBUG   : advance bulk: unit.000056 [8]
2017-09-08 10:37:08,464: umgr.staging.output.0.child: umgr.staging.output.0           : MainThread     : DEBUG   : advance bulk: unit.000057 [8]
2017-09-08 10:37:08,464: umgr.staging.output.0.child: umgr.staging.output.0           : MainThread     : DEBUG   : advance bulk: unit.000058 [8]
2017-09-08 10:37:08,464: umgr.staging.output.0.child: umgr.staging.output.0           : MainThread     : DEBUG   : advance bulk: unit.000059 [8]
2017-09-08 10:37:08,465: umgr.staging.output.0.child: umgr.staging.output.0           : MainThread     : DEBUG   : bucket: DONE : ['unit.000052', 'unit.000053', 'unit.000054', 'unit.000055', 'unit.000056', 'unit.000057', 'unit.000058', 'unit.000059']
2017-09-08 10:37:08,465: umgr.staging.output.0.child: umgr.staging.output.0           : MainThread     : DEBUG   : push unit.000052 ===| DONE
2017-09-08 10:37:08,465: umgr.staging.output.0.child: umgr.staging.output.0           : MainThread     : DEBUG   : push unit.000053 ===| DONE
2017-09-08 10:37:08,465: umgr.staging.output.0.child: umgr.staging.output.0           : MainThread     : DEBUG   : push unit.000054 ===| DONE
2017-09-08 10:37:08,465: umgr.staging.output.0.child: umgr.staging.output.0           : MainThread     : DEBUG   : push unit.000055 ===| DONE
2017-09-08 10:37:08,465: umgr.staging.output.0.child: umgr.staging.output.0           : MainThread     : DEBUG   : push unit.000056 ===| DONE
2017-09-08 10:37:08,465: umgr.staging.output.0.child: umgr.staging.output.0           : MainThread     : DEBUG   : push unit.000057 ===| DONE
2017-09-08 10:37:08,465: umgr.staging.output.0.child: umgr.staging.output.0           : MainThread     : DEBUG   : push unit.000058 ===| DONE
2017-09-08 10:37:08,466: umgr.staging.output.0.child: umgr.staging.output.0           : MainThread     : DEBUG   : push unit.000059 ===| DONE
2017-09-08 10:37:11,184: umgr.staging.output.0.child: umgr.staging.output.0           : MainThread     : DEBUG   : got unit (unit.000060)
2017-09-08 10:37:11,184: umgr.staging.output.0.child: umgr.staging.output.0           : MainThread     : DEBUG   : got unit (unit.000061)
2017-09-08 10:37:11,184: umgr.staging.output.0.child: umgr.staging.output.0           : MainThread     : DEBUG   : got unit (unit.000062)
2017-09-08 10:37:11,184: umgr.staging.output.0.child: umgr.staging.output.0           : MainThread     : DEBUG   : got unit (unit.000063)
2017-09-08 10:37:11,184: umgr.staging.output.0.child: umgr.staging.output.0           : MainThread     : DEBUG   : got unit (unit.000064)
2017-09-08 10:37:11,184: umgr.staging.output.0.child: umgr.staging.output.0           : MainThread     : DEBUG   : got unit (unit.000065)
2017-09-08 10:37:11,184: umgr.staging.output.0.child: umgr.staging.output.0           : MainThread     : DEBUG   : got unit (unit.000066)
2017-09-08 10:37:11,184: umgr.staging.output.0.child: umgr.staging.output.0           : MainThread     : DEBUG   : got unit (unit.000067)
2017-09-08 10:37:11,184: umgr.staging.output.0.child: umgr.staging.output.0           : MainThread     : DEBUG   : got unit (unit.000068)
2017-09-08 10:37:11,184: umgr.staging.output.0.child: umgr.staging.output.0           : MainThread     : DEBUG   : got unit (unit.000069)
2017-09-08 10:37:11,184: umgr.staging.output.0.child: umgr.staging.output.0           : MainThread     : DEBUG   : got unit (unit.000070)
2017-09-08 10:37:11,184: umgr.staging.output.0.child: umgr.staging.output.0           : MainThread     : DEBUG   : got unit (unit.000071)
2017-09-08 10:37:11,184: umgr.staging.output.0.child: umgr.staging.output.0           : MainThread     : DEBUG   : got unit (unit.000072)
2017-09-08 10:37:11,184: umgr.staging.output.0.child: umgr.staging.output.0           : MainThread     : DEBUG   : advance bulk size: 13 [False, True]
2017-09-08 10:37:11,184: umgr.staging.output.0.child: umgr.staging.output.0           : MainThread     : DEBUG   : advance bulk: unit.000060 [13]
2017-09-08 10:37:11,184: umgr.staging.output.0.child: umgr.staging.output.0           : MainThread     : DEBUG   : advance bulk: unit.000061 [13]
2017-09-08 10:37:11,185: umgr.staging.output.0.child: umgr.staging.output.0           : MainThread     : DEBUG   : advance bulk: unit.000062 [13]
2017-09-08 10:37:11,185: umgr.staging.output.0.child: umgr.staging.output.0           : MainThread     : DEBUG   : advance bulk: unit.000063 [13]
2017-09-08 10:37:11,185: umgr.staging.output.0.child: umgr.staging.output.0           : MainThread     : DEBUG   : advance bulk: unit.000064 [13]
2017-09-08 10:37:11,185: umgr.staging.output.0.child: umgr.staging.output.0           : MainThread     : DEBUG   : advance bulk: unit.000065 [13]
2017-09-08 10:37:11,185: umgr.staging.output.0.child: umgr.staging.output.0           : MainThread     : DEBUG   : advance bulk: unit.000066 [13]
2017-09-08 10:37:11,185: umgr.staging.output.0.child: umgr.staging.output.0           : MainThread     : DEBUG   : advance bulk: unit.000067 [13]
2017-09-08 10:37:11,185: umgr.staging.output.0.child: umgr.staging.output.0           : MainThread     : DEBUG   : advance bulk: unit.000068 [13]
2017-09-08 10:37:11,185: umgr.staging.output.0.child: umgr.staging.output.0           : MainThread     : DEBUG   : advance bulk: unit.000069 [13]
2017-09-08 10:37:11,185: umgr.staging.output.0.child: umgr.staging.output.0           : MainThread     : DEBUG   : advance bulk: unit.000070 [13]
2017-09-08 10:37:11,185: umgr.staging.output.0.child: umgr.staging.output.0           : MainThread     : DEBUG   : advance bulk: unit.000071 [13]
2017-09-08 10:37:11,185: umgr.staging.output.0.child: umgr.staging.output.0           : MainThread     : DEBUG   : advance bulk: unit.000072 [13]
2017-09-08 10:37:11,186: umgr.staging.output.0.child: umgr.staging.output.0           : MainThread     : DEBUG   : advance bulk size: 13 [True, True]
2017-09-08 10:37:11,186: umgr.staging.output.0.child: umgr.staging.output.0           : MainThread     : DEBUG   : advance bulk: unit.000060 [13]
2017-09-08 10:37:11,186: umgr.staging.output.0.child: umgr.staging.output.0           : MainThread     : DEBUG   : advance bulk: unit.000061 [13]
2017-09-08 10:37:11,186: umgr.staging.output.0.child: umgr.staging.output.0           : MainThread     : DEBUG   : advance bulk: unit.000062 [13]
2017-09-08 10:37:11,186: umgr.staging.output.0.child: umgr.staging.output.0           : MainThread     : DEBUG   : advance bulk: unit.000063 [13]
2017-09-08 10:37:11,186: umgr.staging.output.0.child: umgr.staging.output.0           : MainThread     : DEBUG   : advance bulk: unit.000064 [13]
2017-09-08 10:37:11,186: umgr.staging.output.0.child: umgr.staging.output.0           : MainThread     : DEBUG   : advance bulk: unit.000065 [13]
2017-09-08 10:37:11,187: umgr.staging.output.0.child: umgr.staging.output.0           : MainThread     : DEBUG   : advance bulk: unit.000066 [13]
2017-09-08 10:37:11,187: umgr.staging.output.0.child: umgr.staging.output.0           : MainThread     : DEBUG   : advance bulk: unit.000067 [13]
2017-09-08 10:37:11,187: umgr.staging.output.0.child: umgr.staging.output.0           : MainThread     : DEBUG   : advance bulk: unit.000068 [13]
2017-09-08 10:37:11,187: umgr.staging.output.0.child: umgr.staging.output.0           : MainThread     : DEBUG   : advance bulk: unit.000069 [13]
2017-09-08 10:37:11,187: umgr.staging.output.0.child: umgr.staging.output.0           : MainThread     : DEBUG   : advance bulk: unit.000070 [13]
2017-09-08 10:37:11,187: umgr.staging.output.0.child: umgr.staging.output.0           : MainThread     : DEBUG   : advance bulk: unit.000071 [13]
2017-09-08 10:37:11,187: umgr.staging.output.0.child: umgr.staging.output.0           : MainThread     : DEBUG   : advance bulk: unit.000072 [13]
2017-09-08 10:37:11,188: umgr.staging.output.0.child: umgr.staging.output.0           : MainThread     : DEBUG   : bucket: DONE : ['unit.000060', 'unit.000061', 'unit.000062', 'unit.000063', 'unit.000064', 'unit.000065', 'unit.000066', 'unit.000067', 'unit.000068', 'unit.000069', 'unit.000070', 'unit.000071', 'unit.000072']
2017-09-08 10:37:11,188: umgr.staging.output.0.child: umgr.staging.output.0           : MainThread     : DEBUG   : push unit.000060 ===| DONE
2017-09-08 10:37:11,188: umgr.staging.output.0.child: umgr.staging.output.0           : MainThread     : DEBUG   : push unit.000061 ===| DONE
2017-09-08 10:37:11,188: umgr.staging.output.0.child: umgr.staging.output.0           : MainThread     : DEBUG   : push unit.000062 ===| DONE
2017-09-08 10:37:11,188: umgr.staging.output.0.child: umgr.staging.output.0           : MainThread     : DEBUG   : push unit.000063 ===| DONE
2017-09-08 10:37:11,188: umgr.staging.output.0.child: umgr.staging.output.0           : MainThread     : DEBUG   : push unit.000064 ===| DONE
2017-09-08 10:37:11,189: umgr.staging.output.0.child: umgr.staging.output.0           : MainThread     : DEBUG   : push unit.000065 ===| DONE
2017-09-08 10:37:11,189: umgr.staging.output.0.child: umgr.staging.output.0           : MainThread     : DEBUG   : push unit.000066 ===| DONE
2017-09-08 10:37:11,189: umgr.staging.output.0.child: umgr.staging.output.0           : MainThread     : DEBUG   : push unit.000067 ===| DONE
2017-09-08 10:37:11,189: umgr.staging.output.0.child: umgr.staging.output.0           : MainThread     : DEBUG   : push unit.000068 ===| DONE
2017-09-08 10:37:11,189: umgr.staging.output.0.child: umgr.staging.output.0           : MainThread     : DEBUG   : push unit.000069 ===| DONE
2017-09-08 10:37:11,189: umgr.staging.output.0.child: umgr.staging.output.0           : MainThread     : DEBUG   : push unit.000070 ===| DONE
2017-09-08 10:37:11,189: umgr.staging.output.0.child: umgr.staging.output.0           : MainThread     : DEBUG   : push unit.000071 ===| DONE
2017-09-08 10:37:11,189: umgr.staging.output.0.child: umgr.staging.output.0           : MainThread     : DEBUG   : push unit.000072 ===| DONE
2017-09-08 10:37:12,955: umgr.staging.output.0.child: umgr.staging.output.0           : MainThread     : DEBUG   : got unit (unit.000073)
2017-09-08 10:37:12,955: umgr.staging.output.0.child: umgr.staging.output.0           : MainThread     : DEBUG   : advance bulk size: 1 [False, True]
2017-09-08 10:37:12,955: umgr.staging.output.0.child: umgr.staging.output.0           : MainThread     : DEBUG   : advance bulk: unit.000073 [1]
2017-09-08 10:37:12,956: umgr.staging.output.0.child: umgr.staging.output.0           : MainThread     : DEBUG   : advance bulk size: 1 [True, True]
2017-09-08 10:37:12,956: umgr.staging.output.0.child: umgr.staging.output.0           : MainThread     : DEBUG   : advance bulk: unit.000073 [1]
2017-09-08 10:37:12,957: umgr.staging.output.0.child: umgr.staging.output.0           : MainThread     : DEBUG   : bucket: DONE : ['unit.000073']
2017-09-08 10:37:12,957: umgr.staging.output.0.child: umgr.staging.output.0           : MainThread     : DEBUG   : push unit.000073 ===| DONE
2017-09-08 10:37:14,108: umgr.staging.output.0.child: umgr.staging.output.0           : MainThread     : DEBUG   : got unit (unit.000074)
2017-09-08 10:37:14,108: umgr.staging.output.0.child: umgr.staging.output.0           : MainThread     : DEBUG   : got unit (unit.000075)
2017-09-08 10:37:14,108: umgr.staging.output.0.child: umgr.staging.output.0           : MainThread     : DEBUG   : got unit (unit.000076)
2017-09-08 10:37:14,108: umgr.staging.output.0.child: umgr.staging.output.0           : MainThread     : DEBUG   : got unit (unit.000077)
2017-09-08 10:37:14,108: umgr.staging.output.0.child: umgr.staging.output.0           : MainThread     : DEBUG   : got unit (unit.000078)
2017-09-08 10:37:14,108: umgr.staging.output.0.child: umgr.staging.output.0           : MainThread     : DEBUG   : got unit (unit.000079)
2017-09-08 10:37:14,108: umgr.staging.output.0.child: umgr.staging.output.0           : MainThread     : DEBUG   : advance bulk size: 6 [False, True]
2017-09-08 10:37:14,108: umgr.staging.output.0.child: umgr.staging.output.0           : MainThread     : DEBUG   : advance bulk: unit.000074 [6]
2017-09-08 10:37:14,109: umgr.staging.output.0.child: umgr.staging.output.0           : MainThread     : DEBUG   : advance bulk: unit.000075 [6]
2017-09-08 10:37:14,109: umgr.staging.output.0.child: umgr.staging.output.0           : MainThread     : DEBUG   : advance bulk: unit.000076 [6]
2017-09-08 10:37:14,109: umgr.staging.output.0.child: umgr.staging.output.0           : MainThread     : DEBUG   : advance bulk: unit.000077 [6]
2017-09-08 10:37:14,109: umgr.staging.output.0.child: umgr.staging.output.0           : MainThread     : DEBUG   : advance bulk: unit.000078 [6]
2017-09-08 10:37:14,109: umgr.staging.output.0.child: umgr.staging.output.0           : MainThread     : DEBUG   : advance bulk: unit.000079 [6]
2017-09-08 10:37:14,111: umgr.staging.output.0.child: umgr.staging.output.0           : MainThread     : DEBUG   : advance bulk size: 6 [True, True]
2017-09-08 10:37:14,111: umgr.staging.output.0.child: umgr.staging.output.0           : MainThread     : DEBUG   : advance bulk: unit.000074 [6]
2017-09-08 10:37:14,111: umgr.staging.output.0.child: umgr.staging.output.0           : MainThread     : DEBUG   : advance bulk: unit.000075 [6]
2017-09-08 10:37:14,111: umgr.staging.output.0.child: umgr.staging.output.0           : MainThread     : DEBUG   : advance bulk: unit.000076 [6]
2017-09-08 10:37:14,112: umgr.staging.output.0.child: umgr.staging.output.0           : MainThread     : DEBUG   : advance bulk: unit.000077 [6]
2017-09-08 10:37:14,112: umgr.staging.output.0.child: umgr.staging.output.0           : MainThread     : DEBUG   : advance bulk: unit.000078 [6]
2017-09-08 10:37:14,112: umgr.staging.output.0.child: umgr.staging.output.0           : MainThread     : DEBUG   : advance bulk: unit.000079 [6]
2017-09-08 10:37:14,113: umgr.staging.output.0.child: umgr.staging.output.0           : MainThread     : DEBUG   : bucket: DONE : ['unit.000074', 'unit.000075', 'unit.000076', 'unit.000077', 'unit.000078', 'unit.000079']
2017-09-08 10:37:14,113: umgr.staging.output.0.child: umgr.staging.output.0           : MainThread     : DEBUG   : push unit.000074 ===| DONE
2017-09-08 10:37:14,113: umgr.staging.output.0.child: umgr.staging.output.0           : MainThread     : DEBUG   : push unit.000075 ===| DONE
2017-09-08 10:37:14,113: umgr.staging.output.0.child: umgr.staging.output.0           : MainThread     : DEBUG   : push unit.000076 ===| DONE
2017-09-08 10:37:14,113: umgr.staging.output.0.child: umgr.staging.output.0           : MainThread     : DEBUG   : push unit.000077 ===| DONE
2017-09-08 10:37:14,114: umgr.staging.output.0.child: umgr.staging.output.0           : MainThread     : DEBUG   : push unit.000078 ===| DONE
2017-09-08 10:37:14,114: umgr.staging.output.0.child: umgr.staging.output.0           : MainThread     : DEBUG   : push unit.000079 ===| DONE
2017-09-08 10:37:15,656: umgr.staging.output.0.child: umgr.staging.output.0           : MainThread     : DEBUG   : got unit (unit.000080)
2017-09-08 10:37:15,656: umgr.staging.output.0.child: umgr.staging.output.0           : MainThread     : DEBUG   : got unit (unit.000081)
2017-09-08 10:37:15,656: umgr.staging.output.0.child: umgr.staging.output.0           : MainThread     : DEBUG   : got unit (unit.000082)
2017-09-08 10:37:15,656: umgr.staging.output.0.child: umgr.staging.output.0           : MainThread     : DEBUG   : got unit (unit.000083)
2017-09-08 10:37:15,656: umgr.staging.output.0.child: umgr.staging.output.0           : MainThread     : DEBUG   : advance bulk size: 4 [False, True]
2017-09-08 10:37:15,656: umgr.staging.output.0.child: umgr.staging.output.0           : MainThread     : DEBUG   : advance bulk: unit.000080 [4]
2017-09-08 10:37:15,656: umgr.staging.output.0.child: umgr.staging.output.0           : MainThread     : DEBUG   : advance bulk: unit.000081 [4]
2017-09-08 10:37:15,656: umgr.staging.output.0.child: umgr.staging.output.0           : MainThread     : DEBUG   : advance bulk: unit.000082 [4]
2017-09-08 10:37:15,656: umgr.staging.output.0.child: umgr.staging.output.0           : MainThread     : DEBUG   : advance bulk: unit.000083 [4]
2017-09-08 10:37:15,657: umgr.staging.output.0.child: umgr.staging.output.0           : MainThread     : DEBUG   : advance bulk size: 4 [True, True]
2017-09-08 10:37:15,657: umgr.staging.output.0.child: umgr.staging.output.0           : MainThread     : DEBUG   : advance bulk: unit.000080 [4]
2017-09-08 10:37:15,657: umgr.staging.output.0.child: umgr.staging.output.0           : MainThread     : DEBUG   : advance bulk: unit.000081 [4]
2017-09-08 10:37:15,657: umgr.staging.output.0.child: umgr.staging.output.0           : MainThread     : DEBUG   : advance bulk: unit.000082 [4]
2017-09-08 10:37:15,657: umgr.staging.output.0.child: umgr.staging.output.0           : MainThread     : DEBUG   : advance bulk: unit.000083 [4]
2017-09-08 10:37:15,657: umgr.staging.output.0.child: umgr.staging.output.0           : MainThread     : DEBUG   : bucket: DONE : ['unit.000080', 'unit.000081', 'unit.000082', 'unit.000083']
2017-09-08 10:37:15,657: umgr.staging.output.0.child: umgr.staging.output.0           : MainThread     : DEBUG   : push unit.000080 ===| DONE
2017-09-08 10:37:15,658: umgr.staging.output.0.child: umgr.staging.output.0           : MainThread     : DEBUG   : push unit.000081 ===| DONE
2017-09-08 10:37:15,658: umgr.staging.output.0.child: umgr.staging.output.0           : MainThread     : DEBUG   : push unit.000082 ===| DONE
2017-09-08 10:37:15,658: umgr.staging.output.0.child: umgr.staging.output.0           : MainThread     : DEBUG   : push unit.000083 ===| DONE
2017-09-08 10:37:17,813: umgr.staging.output.0.child: umgr.staging.output.0           : MainThread     : DEBUG   : got unit (unit.000084)
2017-09-08 10:37:17,813: umgr.staging.output.0.child: umgr.staging.output.0           : MainThread     : DEBUG   : got unit (unit.000085)
2017-09-08 10:37:17,813: umgr.staging.output.0.child: umgr.staging.output.0           : MainThread     : DEBUG   : got unit (unit.000086)
2017-09-08 10:37:17,813: umgr.staging.output.0.child: umgr.staging.output.0           : MainThread     : DEBUG   : got unit (unit.000087)
2017-09-08 10:37:17,813: umgr.staging.output.0.child: umgr.staging.output.0           : MainThread     : DEBUG   : got unit (unit.000088)
2017-09-08 10:37:17,813: umgr.staging.output.0.child: umgr.staging.output.0           : MainThread     : DEBUG   : got unit (unit.000089)
2017-09-08 10:37:17,813: umgr.staging.output.0.child: umgr.staging.output.0           : MainThread     : DEBUG   : got unit (unit.000090)
2017-09-08 10:37:17,814: umgr.staging.output.0.child: umgr.staging.output.0           : MainThread     : DEBUG   : got unit (unit.000091)
2017-09-08 10:37:17,814: umgr.staging.output.0.child: umgr.staging.output.0           : MainThread     : DEBUG   : got unit (unit.000092)
2017-09-08 10:37:17,814: umgr.staging.output.0.child: umgr.staging.output.0           : MainThread     : DEBUG   : advance bulk size: 9 [False, True]
2017-09-08 10:37:17,814: umgr.staging.output.0.child: umgr.staging.output.0           : MainThread     : DEBUG   : advance bulk: unit.000084 [9]
2017-09-08 10:37:17,814: umgr.staging.output.0.child: umgr.staging.output.0           : MainThread     : DEBUG   : advance bulk: unit.000085 [9]
2017-09-08 10:37:17,814: umgr.staging.output.0.child: umgr.staging.output.0           : MainThread     : DEBUG   : advance bulk: unit.000086 [9]
2017-09-08 10:37:17,814: umgr.staging.output.0.child: umgr.staging.output.0           : MainThread     : DEBUG   : advance bulk: unit.000087 [9]
2017-09-08 10:37:17,814: umgr.staging.output.0.child: umgr.staging.output.0           : MainThread     : DEBUG   : advance bulk: unit.000088 [9]
2017-09-08 10:37:17,814: umgr.staging.output.0.child: umgr.staging.output.0           : MainThread     : DEBUG   : advance bulk: unit.000089 [9]
2017-09-08 10:37:17,814: umgr.staging.output.0.child: umgr.staging.output.0           : MainThread     : DEBUG   : advance bulk: unit.000090 [9]
2017-09-08 10:37:17,814: umgr.staging.output.0.child: umgr.staging.output.0           : MainThread     : DEBUG   : advance bulk: unit.000091 [9]
2017-09-08 10:37:17,814: umgr.staging.output.0.child: umgr.staging.output.0           : MainThread     : DEBUG   : advance bulk: unit.000092 [9]
2017-09-08 10:37:17,814: umgr.staging.output.0.child: umgr.staging.output.0           : MainThread     : DEBUG   : advance bulk size: 9 [True, True]
2017-09-08 10:37:17,814: umgr.staging.output.0.child: umgr.staging.output.0           : MainThread     : DEBUG   : advance bulk: unit.000084 [9]
2017-09-08 10:37:17,814: umgr.staging.output.0.child: umgr.staging.output.0           : MainThread     : DEBUG   : advance bulk: unit.000085 [9]
2017-09-08 10:37:17,814: umgr.staging.output.0.child: umgr.staging.output.0           : MainThread     : DEBUG   : advance bulk: unit.000086 [9]
2017-09-08 10:37:17,814: umgr.staging.output.0.child: umgr.staging.output.0           : MainThread     : DEBUG   : advance bulk: unit.000087 [9]
2017-09-08 10:37:17,814: umgr.staging.output.0.child: umgr.staging.output.0           : MainThread     : DEBUG   : advance bulk: unit.000088 [9]
2017-09-08 10:37:17,814: umgr.staging.output.0.child: umgr.staging.output.0           : MainThread     : DEBUG   : advance bulk: unit.000089 [9]
2017-09-08 10:37:17,814: umgr.staging.output.0.child: umgr.staging.output.0           : MainThread     : DEBUG   : advance bulk: unit.000090 [9]
2017-09-08 10:37:17,814: umgr.staging.output.0.child: umgr.staging.output.0           : MainThread     : DEBUG   : advance bulk: unit.000091 [9]
2017-09-08 10:37:17,815: umgr.staging.output.0.child: umgr.staging.output.0           : MainThread     : DEBUG   : advance bulk: unit.000092 [9]
2017-09-08 10:37:17,815: umgr.staging.output.0.child: umgr.staging.output.0           : MainThread     : DEBUG   : bucket: DONE : ['unit.000084', 'unit.000085', 'unit.000086', 'unit.000087', 'unit.000088', 'unit.000089', 'unit.000090', 'unit.000091', 'unit.000092']
2017-09-08 10:37:17,815: umgr.staging.output.0.child: umgr.staging.output.0           : MainThread     : DEBUG   : push unit.000084 ===| DONE
2017-09-08 10:37:17,815: umgr.staging.output.0.child: umgr.staging.output.0           : MainThread     : DEBUG   : push unit.000085 ===| DONE
2017-09-08 10:37:17,815: umgr.staging.output.0.child: umgr.staging.output.0           : MainThread     : DEBUG   : push unit.000086 ===| DONE
2017-09-08 10:37:17,815: umgr.staging.output.0.child: umgr.staging.output.0           : MainThread     : DEBUG   : push unit.000087 ===| DONE
2017-09-08 10:37:17,815: umgr.staging.output.0.child: umgr.staging.output.0           : MainThread     : DEBUG   : push unit.000088 ===| DONE
2017-09-08 10:37:17,815: umgr.staging.output.0.child: umgr.staging.output.0           : MainThread     : DEBUG   : push unit.000089 ===| DONE
2017-09-08 10:37:17,815: umgr.staging.output.0.child: umgr.staging.output.0           : MainThread     : DEBUG   : push unit.000090 ===| DONE
2017-09-08 10:37:17,815: umgr.staging.output.0.child: umgr.staging.output.0           : MainThread     : DEBUG   : push unit.000091 ===| DONE
2017-09-08 10:37:17,815: umgr.staging.output.0.child: umgr.staging.output.0           : MainThread     : DEBUG   : push unit.000092 ===| DONE
2017-09-08 10:37:20,591: umgr.staging.output.0.child: umgr.staging.output.0           : MainThread     : DEBUG   : got unit (unit.000093)
2017-09-08 10:37:20,592: umgr.staging.output.0.child: umgr.staging.output.0           : MainThread     : DEBUG   : got unit (unit.000094)
2017-09-08 10:37:20,592: umgr.staging.output.0.child: umgr.staging.output.0           : MainThread     : DEBUG   : got unit (unit.000095)
2017-09-08 10:37:20,592: umgr.staging.output.0.child: umgr.staging.output.0           : MainThread     : DEBUG   : got unit (unit.000096)
2017-09-08 10:37:20,592: umgr.staging.output.0.child: umgr.staging.output.0           : MainThread     : DEBUG   : got unit (unit.000097)
2017-09-08 10:37:20,592: umgr.staging.output.0.child: umgr.staging.output.0           : MainThread     : DEBUG   : got unit (unit.000098)
2017-09-08 10:37:20,592: umgr.staging.output.0.child: umgr.staging.output.0           : MainThread     : DEBUG   : got unit (unit.000099)
2017-09-08 10:37:20,592: umgr.staging.output.0.child: umgr.staging.output.0           : MainThread     : DEBUG   : advance bulk size: 7 [False, True]
2017-09-08 10:37:20,592: umgr.staging.output.0.child: umgr.staging.output.0           : MainThread     : DEBUG   : advance bulk: unit.000093 [7]
2017-09-08 10:37:20,593: umgr.staging.output.0.child: umgr.staging.output.0           : MainThread     : DEBUG   : advance bulk: unit.000094 [7]
2017-09-08 10:37:20,593: umgr.staging.output.0.child: umgr.staging.output.0           : MainThread     : DEBUG   : advance bulk: unit.000095 [7]
2017-09-08 10:37:20,593: umgr.staging.output.0.child: umgr.staging.output.0           : MainThread     : DEBUG   : advance bulk: unit.000096 [7]
2017-09-08 10:37:20,593: umgr.staging.output.0.child: umgr.staging.output.0           : MainThread     : DEBUG   : advance bulk: unit.000097 [7]
2017-09-08 10:37:20,593: umgr.staging.output.0.child: umgr.staging.output.0           : MainThread     : DEBUG   : advance bulk: unit.000098 [7]
2017-09-08 10:37:20,593: umgr.staging.output.0.child: umgr.staging.output.0           : MainThread     : DEBUG   : advance bulk: unit.000099 [7]
2017-09-08 10:37:20,593: umgr.staging.output.0.child: umgr.staging.output.0           : MainThread     : DEBUG   : advance bulk size: 7 [True, True]
2017-09-08 10:37:20,593: umgr.staging.output.0.child: umgr.staging.output.0           : MainThread     : DEBUG   : advance bulk: unit.000093 [7]
2017-09-08 10:37:20,594: umgr.staging.output.0.child: umgr.staging.output.0           : MainThread     : DEBUG   : advance bulk: unit.000094 [7]
2017-09-08 10:37:20,594: umgr.staging.output.0.child: umgr.staging.output.0           : MainThread     : DEBUG   : advance bulk: unit.000095 [7]
2017-09-08 10:37:20,594: umgr.staging.output.0.child: umgr.staging.output.0           : MainThread     : DEBUG   : advance bulk: unit.000096 [7]
2017-09-08 10:37:20,594: umgr.staging.output.0.child: umgr.staging.output.0           : MainThread     : DEBUG   : advance bulk: unit.000097 [7]
2017-09-08 10:37:20,594: umgr.staging.output.0.child: umgr.staging.output.0           : MainThread     : DEBUG   : advance bulk: unit.000098 [7]
2017-09-08 10:37:20,594: umgr.staging.output.0.child: umgr.staging.output.0           : MainThread     : DEBUG   : advance bulk: unit.000099 [7]
2017-09-08 10:37:20,595: umgr.staging.output.0.child: umgr.staging.output.0           : MainThread     : DEBUG   : bucket: DONE : ['unit.000093', 'unit.000094', 'unit.000095', 'unit.000096', 'unit.000097', 'unit.000098', 'unit.000099']
2017-09-08 10:37:20,595: umgr.staging.output.0.child: umgr.staging.output.0           : MainThread     : DEBUG   : push unit.000093 ===| DONE
2017-09-08 10:37:20,595: umgr.staging.output.0.child: umgr.staging.output.0           : MainThread     : DEBUG   : push unit.000094 ===| DONE
2017-09-08 10:37:20,595: umgr.staging.output.0.child: umgr.staging.output.0           : MainThread     : DEBUG   : push unit.000095 ===| DONE
2017-09-08 10:37:20,595: umgr.staging.output.0.child: umgr.staging.output.0           : MainThread     : DEBUG   : push unit.000096 ===| DONE
2017-09-08 10:37:20,595: umgr.staging.output.0.child: umgr.staging.output.0           : MainThread     : DEBUG   : push unit.000097 ===| DONE
2017-09-08 10:37:20,595: umgr.staging.output.0.child: umgr.staging.output.0           : MainThread     : DEBUG   : push unit.000098 ===| DONE
2017-09-08 10:37:20,595: umgr.staging.output.0.child: umgr.staging.output.0           : MainThread     : DEBUG   : push unit.000099 ===| DONE
2017-09-08 10:37:22,988: umgr.staging.output.0.child: umgr.staging.output.0           : MainThread     : DEBUG   : got unit (unit.000100)
2017-09-08 10:37:22,988: umgr.staging.output.0.child: umgr.staging.output.0           : MainThread     : DEBUG   : got unit (unit.000101)
2017-09-08 10:37:22,988: umgr.staging.output.0.child: umgr.staging.output.0           : MainThread     : DEBUG   : got unit (unit.000102)
2017-09-08 10:37:22,988: umgr.staging.output.0.child: umgr.staging.output.0           : MainThread     : DEBUG   : got unit (unit.000103)
2017-09-08 10:37:22,988: umgr.staging.output.0.child: umgr.staging.output.0           : MainThread     : DEBUG   : got unit (unit.000104)
2017-09-08 10:37:22,988: umgr.staging.output.0.child: umgr.staging.output.0           : MainThread     : DEBUG   : got unit (unit.000105)
2017-09-08 10:37:22,988: umgr.staging.output.0.child: umgr.staging.output.0           : MainThread     : DEBUG   : got unit (unit.000106)
2017-09-08 10:37:22,988: umgr.staging.output.0.child: umgr.staging.output.0           : MainThread     : DEBUG   : got unit (unit.000107)
2017-09-08 10:37:22,988: umgr.staging.output.0.child: umgr.staging.output.0           : MainThread     : DEBUG   : got unit (unit.000108)
2017-09-08 10:37:22,988: umgr.staging.output.0.child: umgr.staging.output.0           : MainThread     : DEBUG   : got unit (unit.000109)
2017-09-08 10:37:22,988: umgr.staging.output.0.child: umgr.staging.output.0           : MainThread     : DEBUG   : got unit (unit.000110)
2017-09-08 10:37:22,988: umgr.staging.output.0.child: umgr.staging.output.0           : MainThread     : DEBUG   : advance bulk size: 11 [False, True]
2017-09-08 10:37:22,988: umgr.staging.output.0.child: umgr.staging.output.0           : MainThread     : DEBUG   : advance bulk: unit.000100 [11]
2017-09-08 10:37:22,988: umgr.staging.output.0.child: umgr.staging.output.0           : MainThread     : DEBUG   : advance bulk: unit.000101 [11]
2017-09-08 10:37:22,989: umgr.staging.output.0.child: umgr.staging.output.0           : MainThread     : DEBUG   : advance bulk: unit.000102 [11]
2017-09-08 10:37:22,989: umgr.staging.output.0.child: umgr.staging.output.0           : MainThread     : DEBUG   : advance bulk: unit.000103 [11]
2017-09-08 10:37:22,989: umgr.staging.output.0.child: umgr.staging.output.0           : MainThread     : DEBUG   : advance bulk: unit.000104 [11]
2017-09-08 10:37:22,989: umgr.staging.output.0.child: umgr.staging.output.0           : MainThread     : DEBUG   : advance bulk: unit.000105 [11]
2017-09-08 10:37:22,989: umgr.staging.output.0.child: umgr.staging.output.0           : MainThread     : DEBUG   : advance bulk: unit.000106 [11]
2017-09-08 10:37:22,989: umgr.staging.output.0.child: umgr.staging.output.0           : MainThread     : DEBUG   : advance bulk: unit.000107 [11]
2017-09-08 10:37:22,989: umgr.staging.output.0.child: umgr.staging.output.0           : MainThread     : DEBUG   : advance bulk: unit.000108 [11]
2017-09-08 10:37:22,989: umgr.staging.output.0.child: umgr.staging.output.0           : MainThread     : DEBUG   : advance bulk: unit.000109 [11]
2017-09-08 10:37:22,989: umgr.staging.output.0.child: umgr.staging.output.0           : MainThread     : DEBUG   : advance bulk: unit.000110 [11]
2017-09-08 10:37:22,990: umgr.staging.output.0.child: umgr.staging.output.0           : MainThread     : DEBUG   : advance bulk size: 11 [True, True]
2017-09-08 10:37:22,990: umgr.staging.output.0.child: umgr.staging.output.0           : MainThread     : DEBUG   : advance bulk: unit.000100 [11]
2017-09-08 10:37:22,990: umgr.staging.output.0.child: umgr.staging.output.0           : MainThread     : DEBUG   : advance bulk: unit.000101 [11]
2017-09-08 10:37:22,991: umgr.staging.output.0.child: umgr.staging.output.0           : MainThread     : DEBUG   : advance bulk: unit.000102 [11]
2017-09-08 10:37:22,991: umgr.staging.output.0.child: umgr.staging.output.0           : MainThread     : DEBUG   : advance bulk: unit.000103 [11]
2017-09-08 10:37:22,991: umgr.staging.output.0.child: umgr.staging.output.0           : MainThread     : DEBUG   : advance bulk: unit.000104 [11]
2017-09-08 10:37:22,991: umgr.staging.output.0.child: umgr.staging.output.0           : MainThread     : DEBUG   : advance bulk: unit.000105 [11]
2017-09-08 10:37:22,991: umgr.staging.output.0.child: umgr.staging.output.0           : MainThread     : DEBUG   : advance bulk: unit.000106 [11]
2017-09-08 10:37:22,991: umgr.staging.output.0.child: umgr.staging.output.0           : MainThread     : DEBUG   : advance bulk: unit.000107 [11]
2017-09-08 10:37:22,991: umgr.staging.output.0.child: umgr.staging.output.0           : MainThread     : DEBUG   : advance bulk: unit.000108 [11]
2017-09-08 10:37:22,991: umgr.staging.output.0.child: umgr.staging.output.0           : MainThread     : DEBUG   : advance bulk: unit.000109 [11]
2017-09-08 10:37:22,991: umgr.staging.output.0.child: umgr.staging.output.0           : MainThread     : DEBUG   : advance bulk: unit.000110 [11]
2017-09-08 10:37:22,993: umgr.staging.output.0.child: umgr.staging.output.0           : MainThread     : DEBUG   : bucket: DONE : ['unit.000100', 'unit.000101', 'unit.000102', 'unit.000103', 'unit.000104', 'unit.000105', 'unit.000106', 'unit.000107', 'unit.000108', 'unit.000109', 'unit.000110']
2017-09-08 10:37:22,993: umgr.staging.output.0.child: umgr.staging.output.0           : MainThread     : DEBUG   : push unit.000100 ===| DONE
2017-09-08 10:37:22,993: umgr.staging.output.0.child: umgr.staging.output.0           : MainThread     : DEBUG   : push unit.000101 ===| DONE
2017-09-08 10:37:22,993: umgr.staging.output.0.child: umgr.staging.output.0           : MainThread     : DEBUG   : push unit.000102 ===| DONE
2017-09-08 10:37:22,993: umgr.staging.output.0.child: umgr.staging.output.0           : MainThread     : DEBUG   : push unit.000103 ===| DONE
2017-09-08 10:37:22,993: umgr.staging.output.0.child: umgr.staging.output.0           : MainThread     : DEBUG   : push unit.000104 ===| DONE
2017-09-08 10:37:22,993: umgr.staging.output.0.child: umgr.staging.output.0           : MainThread     : DEBUG   : push unit.000105 ===| DONE
2017-09-08 10:37:22,993: umgr.staging.output.0.child: umgr.staging.output.0           : MainThread     : DEBUG   : push unit.000106 ===| DONE
2017-09-08 10:37:22,994: umgr.staging.output.0.child: umgr.staging.output.0           : MainThread     : DEBUG   : push unit.000107 ===| DONE
2017-09-08 10:37:22,994: umgr.staging.output.0.child: umgr.staging.output.0           : MainThread     : DEBUG   : push unit.000108 ===| DONE
2017-09-08 10:37:22,994: umgr.staging.output.0.child: umgr.staging.output.0           : MainThread     : DEBUG   : push unit.000109 ===| DONE
2017-09-08 10:37:22,994: umgr.staging.output.0.child: umgr.staging.output.0           : MainThread     : DEBUG   : push unit.000110 ===| DONE
2017-09-08 10:37:24,449: umgr.staging.output.0.child: umgr.staging.output.0           : MainThread     : DEBUG   : got unit (unit.000111)
2017-09-08 10:37:24,449: umgr.staging.output.0.child: umgr.staging.output.0           : MainThread     : DEBUG   : advance bulk size: 1 [False, True]
2017-09-08 10:37:24,449: umgr.staging.output.0.child: umgr.staging.output.0           : MainThread     : DEBUG   : advance bulk: unit.000111 [1]
2017-09-08 10:37:24,450: umgr.staging.output.0.child: umgr.staging.output.0           : MainThread     : DEBUG   : advance bulk size: 1 [True, True]
2017-09-08 10:37:24,450: umgr.staging.output.0.child: umgr.staging.output.0           : MainThread     : DEBUG   : advance bulk: unit.000111 [1]
2017-09-08 10:37:24,451: umgr.staging.output.0.child: umgr.staging.output.0           : MainThread     : DEBUG   : bucket: DONE : ['unit.000111']
2017-09-08 10:37:24,451: umgr.staging.output.0.child: umgr.staging.output.0           : MainThread     : DEBUG   : push unit.000111 ===| DONE
2017-09-08 10:37:27,310: umgr.staging.output.0.child: umgr.staging.output.0           : MainThread     : DEBUG   : got unit (unit.000112)
2017-09-08 10:37:27,310: umgr.staging.output.0.child: umgr.staging.output.0           : MainThread     : DEBUG   : got unit (unit.000113)
2017-09-08 10:37:27,310: umgr.staging.output.0.child: umgr.staging.output.0           : MainThread     : DEBUG   : got unit (unit.000114)
2017-09-08 10:37:27,310: umgr.staging.output.0.child: umgr.staging.output.0           : MainThread     : DEBUG   : got unit (unit.000115)
2017-09-08 10:37:27,310: umgr.staging.output.0.child: umgr.staging.output.0           : MainThread     : DEBUG   : got unit (unit.000116)
2017-09-08 10:37:27,310: umgr.staging.output.0.child: umgr.staging.output.0           : MainThread     : DEBUG   : got unit (unit.000117)
2017-09-08 10:37:27,310: umgr.staging.output.0.child: umgr.staging.output.0           : MainThread     : DEBUG   : got unit (unit.000118)
2017-09-08 10:37:27,310: umgr.staging.output.0.child: umgr.staging.output.0           : MainThread     : DEBUG   : got unit (unit.000119)
2017-09-08 10:37:27,311: umgr.staging.output.0.child: umgr.staging.output.0           : MainThread     : DEBUG   : got unit (unit.000120)
2017-09-08 10:37:27,311: umgr.staging.output.0.child: umgr.staging.output.0           : MainThread     : DEBUG   : got unit (unit.000121)
2017-09-08 10:37:27,311: umgr.staging.output.0.child: umgr.staging.output.0           : MainThread     : DEBUG   : got unit (unit.000122)
2017-09-08 10:37:27,311: umgr.staging.output.0.child: umgr.staging.output.0           : MainThread     : DEBUG   : got unit (unit.000123)
2017-09-08 10:37:27,311: umgr.staging.output.0.child: umgr.staging.output.0           : MainThread     : DEBUG   : got unit (unit.000124)
2017-09-08 10:37:27,311: umgr.staging.output.0.child: umgr.staging.output.0           : MainThread     : DEBUG   : got unit (unit.000125)
2017-09-08 10:37:27,311: umgr.staging.output.0.child: umgr.staging.output.0           : MainThread     : DEBUG   : got unit (unit.000126)
2017-09-08 10:37:27,311: umgr.staging.output.0.child: umgr.staging.output.0           : MainThread     : DEBUG   : got unit (unit.000127)
2017-09-08 10:37:27,311: umgr.staging.output.0.child: umgr.staging.output.0           : MainThread     : DEBUG   : advance bulk size: 16 [False, True]
2017-09-08 10:37:27,311: umgr.staging.output.0.child: umgr.staging.output.0           : MainThread     : DEBUG   : advance bulk: unit.000112 [16]
2017-09-08 10:37:27,312: umgr.staging.output.0.child: umgr.staging.output.0           : MainThread     : DEBUG   : advance bulk: unit.000113 [16]
2017-09-08 10:37:27,312: umgr.staging.output.0.child: umgr.staging.output.0           : MainThread     : DEBUG   : advance bulk: unit.000114 [16]
2017-09-08 10:37:27,312: umgr.staging.output.0.child: umgr.staging.output.0           : MainThread     : DEBUG   : advance bulk: unit.000115 [16]
2017-09-08 10:37:27,312: umgr.staging.output.0.child: umgr.staging.output.0           : MainThread     : DEBUG   : advance bulk: unit.000116 [16]
2017-09-08 10:37:27,312: umgr.staging.output.0.child: umgr.staging.output.0           : MainThread     : DEBUG   : advance bulk: unit.000117 [16]
2017-09-08 10:37:27,312: umgr.staging.output.0.child: umgr.staging.output.0           : MainThread     : DEBUG   : advance bulk: unit.000118 [16]
2017-09-08 10:37:27,312: umgr.staging.output.0.child: umgr.staging.output.0           : MainThread     : DEBUG   : advance bulk: unit.000119 [16]
2017-09-08 10:37:27,312: umgr.staging.output.0.child: umgr.staging.output.0           : MainThread     : DEBUG   : advance bulk: unit.000120 [16]
2017-09-08 10:37:27,312: umgr.staging.output.0.child: umgr.staging.output.0           : MainThread     : DEBUG   : advance bulk: unit.000121 [16]
2017-09-08 10:37:27,312: umgr.staging.output.0.child: umgr.staging.output.0           : MainThread     : DEBUG   : advance bulk: unit.000122 [16]
2017-09-08 10:37:27,313: umgr.staging.output.0.child: umgr.staging.output.0           : MainThread     : DEBUG   : advance bulk: unit.000123 [16]
2017-09-08 10:37:27,313: umgr.staging.output.0.child: umgr.staging.output.0           : MainThread     : DEBUG   : advance bulk: unit.000124 [16]
2017-09-08 10:37:27,313: umgr.staging.output.0.child: umgr.staging.output.0           : MainThread     : DEBUG   : advance bulk: unit.000125 [16]
2017-09-08 10:37:27,313: umgr.staging.output.0.child: umgr.staging.output.0           : MainThread     : DEBUG   : advance bulk: unit.000126 [16]
2017-09-08 10:37:27,313: umgr.staging.output.0.child: umgr.staging.output.0           : MainThread     : DEBUG   : advance bulk: unit.000127 [16]
2017-09-08 10:37:27,316: umgr.staging.output.0.child: umgr.staging.output.0           : MainThread     : DEBUG   : advance bulk size: 16 [True, True]
2017-09-08 10:37:27,317: umgr.staging.output.0.child: umgr.staging.output.0           : MainThread     : DEBUG   : advance bulk: unit.000112 [16]
2017-09-08 10:37:27,317: umgr.staging.output.0.child: umgr.staging.output.0           : MainThread     : DEBUG   : advance bulk: unit.000113 [16]
2017-09-08 10:37:27,317: umgr.staging.output.0.child: umgr.staging.output.0           : MainThread     : DEBUG   : advance bulk: unit.000114 [16]
2017-09-08 10:37:27,317: umgr.staging.output.0.child: umgr.staging.output.0           : MainThread     : DEBUG   : advance bulk: unit.000115 [16]
2017-09-08 10:37:27,317: umgr.staging.output.0.child: umgr.staging.output.0           : MainThread     : DEBUG   : advance bulk: unit.000116 [16]
2017-09-08 10:37:27,317: umgr.staging.output.0.child: umgr.staging.output.0           : MainThread     : DEBUG   : advance bulk: unit.000117 [16]
2017-09-08 10:37:27,317: umgr.staging.output.0.child: umgr.staging.output.0           : MainThread     : DEBUG   : advance bulk: unit.000118 [16]
2017-09-08 10:37:27,317: umgr.staging.output.0.child: umgr.staging.output.0           : MainThread     : DEBUG   : advance bulk: unit.000119 [16]
2017-09-08 10:37:27,317: umgr.staging.output.0.child: umgr.staging.output.0           : MainThread     : DEBUG   : advance bulk: unit.000120 [16]
2017-09-08 10:37:27,317: umgr.staging.output.0.child: umgr.staging.output.0           : MainThread     : DEBUG   : advance bulk: unit.000121 [16]
2017-09-08 10:37:27,317: umgr.staging.output.0.child: umgr.staging.output.0           : MainThread     : DEBUG   : advance bulk: unit.000122 [16]
2017-09-08 10:37:27,318: umgr.staging.output.0.child: umgr.staging.output.0           : MainThread     : DEBUG   : advance bulk: unit.000123 [16]
2017-09-08 10:37:27,318: umgr.staging.output.0.child: umgr.staging.output.0           : MainThread     : DEBUG   : advance bulk: unit.000124 [16]
2017-09-08 10:37:27,318: umgr.staging.output.0.child: umgr.staging.output.0           : MainThread     : DEBUG   : advance bulk: unit.000125 [16]
2017-09-08 10:37:27,318: umgr.staging.output.0.child: umgr.staging.output.0           : MainThread     : DEBUG   : advance bulk: unit.000126 [16]
2017-09-08 10:37:27,318: umgr.staging.output.0.child: umgr.staging.output.0           : MainThread     : DEBUG   : advance bulk: unit.000127 [16]
2017-09-08 10:37:27,320: umgr.staging.output.0.child: umgr.staging.output.0           : MainThread     : DEBUG   : bucket: DONE : ['unit.000112', 'unit.000113', 'unit.000114', 'unit.000115', 'unit.000116', 'unit.000117', 'unit.000118', 'unit.000119', 'unit.000120', 'unit.000121', 'unit.000122', 'unit.000123', 'unit.000124', 'unit.000125', 'unit.000126', 'unit.000127']
2017-09-08 10:37:27,321: umgr.staging.output.0.child: umgr.staging.output.0           : MainThread     : DEBUG   : push unit.000112 ===| DONE
2017-09-08 10:37:27,321: umgr.staging.output.0.child: umgr.staging.output.0           : MainThread     : DEBUG   : push unit.000113 ===| DONE
2017-09-08 10:37:27,321: umgr.staging.output.0.child: umgr.staging.output.0           : MainThread     : DEBUG   : push unit.000114 ===| DONE
2017-09-08 10:37:27,321: umgr.staging.output.0.child: umgr.staging.output.0           : MainThread     : DEBUG   : push unit.000115 ===| DONE
2017-09-08 10:37:27,321: umgr.staging.output.0.child: umgr.staging.output.0           : MainThread     : DEBUG   : push unit.000116 ===| DONE
2017-09-08 10:37:27,321: umgr.staging.output.0.child: umgr.staging.output.0           : MainThread     : DEBUG   : push unit.000117 ===| DONE
2017-09-08 10:37:27,321: umgr.staging.output.0.child: umgr.staging.output.0           : MainThread     : DEBUG   : push unit.000118 ===| DONE
2017-09-08 10:37:27,321: umgr.staging.output.0.child: umgr.staging.output.0           : MainThread     : DEBUG   : push unit.000119 ===| DONE
2017-09-08 10:37:27,321: umgr.staging.output.0.child: umgr.staging.output.0           : MainThread     : DEBUG   : push unit.000120 ===| DONE
2017-09-08 10:37:27,321: umgr.staging.output.0.child: umgr.staging.output.0           : MainThread     : DEBUG   : push unit.000121 ===| DONE
2017-09-08 10:37:27,321: umgr.staging.output.0.child: umgr.staging.output.0           : MainThread     : DEBUG   : push unit.000122 ===| DONE
2017-09-08 10:37:27,321: umgr.staging.output.0.child: umgr.staging.output.0           : MainThread     : DEBUG   : push unit.000123 ===| DONE
2017-09-08 10:37:27,321: umgr.staging.output.0.child: umgr.staging.output.0           : MainThread     : DEBUG   : push unit.000124 ===| DONE
2017-09-08 10:37:27,321: umgr.staging.output.0.child: umgr.staging.output.0           : MainThread     : DEBUG   : push unit.000125 ===| DONE
2017-09-08 10:37:27,322: umgr.staging.output.0.child: umgr.staging.output.0           : MainThread     : DEBUG   : push unit.000126 ===| DONE
2017-09-08 10:37:27,322: umgr.staging.output.0.child: umgr.staging.output.0           : MainThread     : DEBUG   : push unit.000127 ===| DONE
2017-09-08 10:37:29,324: umgr.staging.output.0.child: umgr.staging.output.0           : MainThread     : DEBUG   : ru_finalize_common()
2017-09-08 10:37:29,324: umgr.staging.output.0.child: umgr.staging.output.0           : MainThread     : DEBUG   : TERM : umgr.staging.output.0.child unregister publisher log_pubsub
2017-09-08 10:37:29,325: umgr.staging.output.0.child: umgr.staging.output.0           : MainThread     : DEBUG   : unregistered publisher log_pubsub
2017-09-08 10:37:29,325: umgr.staging.output.0.child: umgr.staging.output.0           : MainThread     : DEBUG   : TERM : umgr.staging.output.0.child unregister publisher state_pubsub
2017-09-08 10:37:29,326: umgr.staging.output.0.child: umgr.staging.output.0           : MainThread     : DEBUG   : unregistered publisher state_pubsub
2017-09-08 10:37:29,326: umgr.staging.output.0.child: umgr.staging.output.0           : MainThread     : DEBUG   : TERM : umgr.staging.output.0.child unregister publisher control_pubsub
2017-09-08 10:37:29,327: umgr.staging.output.0.child: umgr.staging.output.0           : MainThread     : DEBUG   : unregistered publisher control_pubsub
2017-09-08 10:37:29,327: umgr.staging.output.0.child: umgr.staging.output.0           : MainThread     : DEBUG   : umgr.staging.output.0.child close prof
2017-09-08 10:37:29,328: umgr.staging.output.0.child: umgr.staging.output.0           : MainThread     : INFO    : send message: [umgr.staging.output.0.child] terminating
2017-09-08 10:37:29,406: umgr.staging.output.0.child: umgr.staging.output.0           : umgr.staging.output.0.child.watch: INFO    : watcher closes
2017-09-08 10:37:29,406: umgr.staging.output.0.child: umgr.staging.output.0           : umgr.staging.output.0.child.watch: INFO    : put message: [umgr.staging.output.0.child.watch.thread] work finished
2017-09-08 10:37:29,406: umgr.staging.output.0.child: umgr.staging.output.0           : umgr.staging.output.0.child.watch: DEBUG   : ru_finalize_child (NOOP)
2017-09-08 10:37:29,406: umgr.staging.output.0.child: umgr.staging.output.0           : umgr.staging.output.0.child.watch: DEBUG   : ru_finalize_common (NOOP)
2017-09-08 10:37:29,406: umgr.staging.output.0.child: umgr.staging.output.0           : umgr.staging.output.0.child.watch: INFO    : put message: [umgr.staging.output.0.child.watch.thread] terminating
2017-09-08 10:37:29,428: umgr.staging.output.0.child: umgr.staging.output.0           : MainThread     : INFO    : parent stops child
2017-09-08 10:37:29,428: umgr.staging.output.0.child: umgr.staging.output.0           : MainThread     : DEBUG   : ru_finalize_parent (NOOP)
2017-09-08 10:37:29,429: umgr.staging.output.0.child: umgr.staging.output.0           : umgr.staging.output.0.child.subscriber._cancel_monitor_cb: ERROR   : abort: ZMQError('Socket operation on non-socket')
Traceback (most recent call last):
  File "/home/vivek91/ves/entk-exp/local/lib/python2.7/site-packages/radical/utils/threads.py", line 375, in _run
    if not self.work_cb():
  File "/home/vivek91/ves/entk-exp/local/lib/python2.7/site-packages/radical/pilot/utils/component.py", line 1088, in work_cb
    topic, msg = self._q.get_nowait(500)  # timout in ms
  File "/home/vivek91/ves/entk-exp/local/lib/python2.7/site-packages/radical/pilot/utils/pubsub.py", line 352, in get_nowait
    if _uninterruptible(self._q.poll, flags=zmq.POLLIN, timeout=timeout):
  File "/home/vivek91/ves/entk-exp/local/lib/python2.7/site-packages/radical/pilot/utils/pubsub.py", line 50, in _uninterruptible
    return f(*args, **kwargs)
  File "/home/vivek91/ves/entk-exp/local/lib/python2.7/site-packages/zmq/sugar/socket.py", line 558, in poll
    evts = dict(p.poll(timeout))
  File "/home/vivek91/ves/entk-exp/local/lib/python2.7/site-packages/zmq/sugar/poll.py", line 99, in poll
    return zmq_poll(self.sockets, timeout=timeout)
  File "zmq/backend/cython/_poll.pyx", line 123, in zmq.backend.cython._poll.zmq_poll (zmq/backend/cython/_poll.c:2186)
  File "zmq/backend/cython/_poll.pyx", line 116, in zmq.backend.cython._poll.zmq_poll (zmq/backend/cython/_poll.c:2036)
  File "zmq/backend/cython/checkrc.pxd", line 25, in zmq.backend.cython.checkrc._check_rc (zmq/backend/cython/_poll.c:2811)
    raise ZMQError(errno)
ZMQError: Socket operation on non-socket
2017-09-08 10:37:29,431: umgr.staging.output.0.child: umgr.staging.output.0           : umgr.staging.output.0.child.subscriber._cancel_monitor_cb: INFO    : put message: [umgr.staging.output.0.child.subscriber._cancel_monitor_cb.thread] ZMQError('Socket operation on non-socket')
2017-09-08 10:37:29,431: umgr.staging.output.0.child: umgr.staging.output.0           : umgr.staging.output.0.child.subscriber._cancel_monitor_cb: DEBUG   : ru_finalize_child (NOOP)
2017-09-08 10:37:29,431: umgr.staging.output.0.child: umgr.staging.output.0           : umgr.staging.output.0.child.subscriber._cancel_monitor_cb: INFO    : put message: [umgr.staging.output.0.child.subscriber._cancel_monitor_cb.thread] terminating
