2017-10-13 03:21:30,668: control.pubsub.pub.0001: pmgr.launching.0                : MainThread     : INFO    : python.interpreter   version: 2.7.9 (default, May 6 2016, 10:34:30) [GCC 4.9.0 20140422 (Cray Inc.)]
2017-10-13 03:21:30,669: control.pubsub.pub.0001: pmgr.launching.0                : MainThread     : INFO    :                      pid: 11946
2017-10-13 03:21:30,669: control.pubsub.pub.0001: pmgr.launching.0                : MainThread     : INFO    :                      tid: MainThread
2017-10-13 03:21:30,669: control.pubsub.pub.0001: pmgr.launching.0                : MainThread     : INFO    : radical.pilot        version: 0.47-v0.46.2-93-g379bd68@feature-gpu
2017-10-13 03:21:30,669: control.pubsub.pub.0001: pmgr.launching.0                : MainThread     : INFO    : create control_pubsub - pub - tcp://160.91.205.206:59421
2017-10-13 03:21:30,669: control.pubsub.pub.0001: pmgr.launching.0                : MainThread     : DEBUG   : start process
2017-10-13 03:21:30,669: control.pubsub.pub.0001: pmgr.launching.0                : MainThread     : DEBUG   : ru_initialize_common (NOOP)
2017-10-13 03:21:30,670: control.pubsub.pub.0001: pmgr.launching.0                : MainThread     : DEBUG   : ru_initialize_parent (NOOP)
2017-10-13 03:21:30,670: control.pubsub.pub.0001: pmgr.launching.0                : MainThread     : DEBUG   : process class started (no child)
2017-10-13 03:21:30,719: control.pubsub.pub.0001: MainProcess                     : MainThread     : INFO    : python.interpreter   version: 2.7.9 (default, May 6 2016, 10:34:30) [GCC 4.9.0 20140422 (Cray Inc.)]
2017-10-13 03:21:30,720: control.pubsub.pub.0001: MainProcess                     : MainThread     : INFO    :                      pid: 11855
2017-10-13 03:21:30,720: control.pubsub.pub.0001: MainProcess                     : MainThread     : INFO    :                      tid: MainThread
2017-10-13 03:21:30,720: control.pubsub.pub.0001: MainProcess                     : MainThread     : INFO    : radical.pilot        version: 0.47-v0.46.2-93-g379bd68@feature-gpu
2017-10-13 03:21:30,720: control.pubsub.pub.0001: MainProcess                     : MainThread     : INFO    : create control_pubsub - pub - tcp://160.91.205.206:59421
2017-10-13 03:21:30,721: control.pubsub.pub.0001: MainProcess                     : MainThread     : DEBUG   : start process
2017-10-13 03:21:30,721: control.pubsub.pub.0001: MainProcess                     : MainThread     : DEBUG   : ru_initialize_common (NOOP)
2017-10-13 03:21:30,721: control.pubsub.pub.0001: MainProcess                     : MainThread     : DEBUG   : ru_initialize_parent (NOOP)
2017-10-13 03:21:30,721: control.pubsub.pub.0001: MainProcess                     : MainThread     : DEBUG   : process class started (no child)
2017-10-13 09:47:41,328: control.pubsub.pub.0001: MainProcess                     : MainThread     : INFO    : parent stops child
2017-10-13 09:47:41,329: control.pubsub.pub.0001: MainProcess                     : MainThread     : DEBUG   : ru_finalize_parent (NOOP)
