2017-09-08 14:03:41,866: control.pubsub.sub.0001: pmgr.launching.0                : MainThread     : INFO    : python.interpreter   version: 2.7.12 (default, Nov 19 2016, 06:48:10) [GCC 5.4.0 20160609]
2017-09-08 14:03:41,867: control.pubsub.sub.0001: pmgr.launching.0                : MainThread     : INFO    :                      pid: 19711
2017-09-08 14:03:41,867: control.pubsub.sub.0001: pmgr.launching.0                : MainThread     : INFO    :                      tid: MainThread
2017-09-08 14:03:41,867: control.pubsub.sub.0001: pmgr.launching.0                : MainThread     : INFO    : radical.pilot        version: 0.46-v0.46.RC2@devel
2017-09-08 14:03:41,868: control.pubsub.sub.0001: pmgr.launching.0                : MainThread     : INFO    : create control_pubsub - sub - tcp://172.30.238.6:39380
2017-09-08 14:03:41,868: control.pubsub.sub.0001: pmgr.launching.0                : MainThread     : DEBUG   : start process
2017-09-08 14:03:41,869: control.pubsub.sub.0001: pmgr.launching.0                : MainThread     : DEBUG   : ru_initialize_common (NOOP)
2017-09-08 14:03:41,869: control.pubsub.sub.0001: pmgr.launching.0                : MainThread     : DEBUG   : ru_initialize_parent (NOOP)
2017-09-08 14:03:41,869: control.pubsub.sub.0001: pmgr.launching.0                : MainThread     : DEBUG   : process class started (no child)
2017-09-08 14:04:30,514: control.pubsub.sub.0001: umgr.scheduling.0               : MainThread     : INFO    : python.interpreter   version: 2.7.12 (default, Nov 19 2016, 06:48:10) [GCC 5.4.0 20160609]
2017-09-08 14:04:30,514: control.pubsub.sub.0001: umgr.scheduling.0               : MainThread     : INFO    :                      pid: 20020
2017-09-08 14:04:30,514: control.pubsub.sub.0001: umgr.scheduling.0               : MainThread     : INFO    :                      tid: MainThread
2017-09-08 14:04:30,515: control.pubsub.sub.0001: umgr.scheduling.0               : MainThread     : INFO    : radical.pilot        version: 0.46-v0.46.RC2@devel
2017-09-08 14:04:30,515: control.pubsub.sub.0001: umgr.scheduling.0               : MainThread     : INFO    : create control_pubsub - sub - tcp://172.30.238.6:39380
2017-09-08 14:04:30,515: control.pubsub.sub.0001: umgr.scheduling.0               : MainThread     : DEBUG   : start process
2017-09-08 14:04:30,515: control.pubsub.sub.0001: umgr.scheduling.0               : MainThread     : DEBUG   : ru_initialize_common (NOOP)
2017-09-08 14:04:30,515: control.pubsub.sub.0001: umgr.scheduling.0               : MainThread     : DEBUG   : ru_initialize_parent (NOOP)
2017-09-08 14:04:30,515: control.pubsub.sub.0001: umgr.scheduling.0               : MainThread     : DEBUG   : process class started (no child)
2017-09-08 14:06:22,281: control.pubsub.sub.0001: umgr.scheduling.0               : MainThread     : INFO    : parent stops child
2017-09-08 14:06:22,281: control.pubsub.sub.0001: umgr.scheduling.0               : MainThread     : DEBUG   : ru_finalize_parent (NOOP)
