2017-09-08 13:45:29,034: state.pubsub.pub.0003: umgr.staging.input.0            : MainThread     : INFO    : python.interpreter   version: 2.7.12 (default, Nov 19 2016, 06:48:10) [GCC 5.4.0 20160609]
2017-09-08 13:45:29,034: state.pubsub.pub.0003: umgr.staging.input.0            : MainThread     : INFO    :                      pid: 14612
2017-09-08 13:45:29,034: state.pubsub.pub.0003: umgr.staging.input.0            : MainThread     : INFO    :                      tid: MainThread
2017-09-08 13:45:29,034: state.pubsub.pub.0003: umgr.staging.input.0            : MainThread     : INFO    : radical.pilot        version: 0.46-v0.46.RC2@devel
2017-09-08 13:45:29,034: state.pubsub.pub.0003: umgr.staging.input.0            : MainThread     : INFO    : create state_pubsub - pub - tcp://172.30.238.6:35258
2017-09-08 13:45:29,035: state.pubsub.pub.0003: umgr.staging.input.0            : MainThread     : DEBUG   : start process
2017-09-08 13:45:29,035: state.pubsub.pub.0003: umgr.staging.input.0            : MainThread     : DEBUG   : ru_initialize_common (NOOP)
2017-09-08 13:45:29,035: state.pubsub.pub.0003: umgr.staging.input.0            : MainThread     : DEBUG   : ru_initialize_parent (NOOP)
2017-09-08 13:45:29,035: state.pubsub.pub.0003: umgr.staging.input.0            : MainThread     : DEBUG   : process class started (no child)
2017-09-08 13:45:29,073: state.pubsub.pub.0003: task-manager                    : MainThread     : INFO    : python.interpreter   version: 2.7.12 (default, Nov 19 2016, 06:48:10) [GCC 5.4.0 20160609]
2017-09-08 13:45:29,073: state.pubsub.pub.0003: task-manager                    : MainThread     : INFO    :                      pid: 14570
2017-09-08 13:45:29,073: state.pubsub.pub.0003: task-manager                    : MainThread     : INFO    :                      tid: MainThread
2017-09-08 13:45:29,074: state.pubsub.pub.0003: task-manager                    : MainThread     : INFO    : radical.pilot        version: 0.46-v0.46.RC2@devel
2017-09-08 13:45:29,074: state.pubsub.pub.0003: task-manager                    : MainThread     : INFO    : create state_pubsub - pub - tcp://172.30.238.6:35258
2017-09-08 13:45:29,074: state.pubsub.pub.0003: task-manager                    : MainThread     : DEBUG   : start process
2017-09-08 13:45:29,074: state.pubsub.pub.0003: task-manager                    : MainThread     : DEBUG   : ru_initialize_common (NOOP)
2017-09-08 13:45:29,074: state.pubsub.pub.0003: task-manager                    : MainThread     : DEBUG   : ru_initialize_parent (NOOP)
2017-09-08 13:45:29,075: state.pubsub.pub.0003: task-manager                    : MainThread     : DEBUG   : process class started (no child)
2017-09-08 13:48:29,710: state.pubsub.pub.0003: umgr.staging.input.0            : MainThread     : INFO    : parent stops child
2017-09-08 13:48:29,710: state.pubsub.pub.0003: umgr.staging.input.0            : MainThread     : DEBUG   : ru_finalize_parent (NOOP)
