2017-10-12 16:51:00,743: state.pubsub.pub.0005: umgr.scheduling.0               : MainThread     : INFO    : python.interpreter   version: 2.7.9 (default, May 6 2016, 10:34:30) [GCC 4.9.0 20140422 (Cray Inc.)]
2017-10-12 16:51:00,744: state.pubsub.pub.0005: umgr.scheduling.0               : MainThread     : INFO    :                      pid: 49801
2017-10-12 16:51:00,744: state.pubsub.pub.0005: umgr.scheduling.0               : MainThread     : INFO    :                      tid: MainThread
2017-10-12 16:51:00,744: state.pubsub.pub.0005: umgr.scheduling.0               : MainThread     : INFO    : radical.pilot        version: 0.47-v0.46.2-15-g62a193b@devel
2017-10-12 16:51:00,744: state.pubsub.pub.0005: umgr.scheduling.0               : MainThread     : INFO    : create state_pubsub - pub - tcp://160.91.205.198:52912
2017-10-12 16:51:00,745: state.pubsub.pub.0005: umgr.scheduling.0               : MainThread     : DEBUG   : start process
2017-10-12 16:51:00,745: state.pubsub.pub.0005: umgr.scheduling.0               : MainThread     : DEBUG   : ru_initialize_common (NOOP)
2017-10-12 16:51:00,745: state.pubsub.pub.0005: umgr.scheduling.0               : MainThread     : DEBUG   : ru_initialize_parent (NOOP)
2017-10-12 16:51:00,745: state.pubsub.pub.0005: umgr.scheduling.0               : MainThread     : DEBUG   : process class started (no child)
2017-10-12 16:51:00,806: state.pubsub.pub.0005: task-manager                    : MainThread     : INFO    : python.interpreter   version: 2.7.9 (default, May 6 2016, 10:34:30) [GCC 4.9.0 20140422 (Cray Inc.)]
2017-10-12 16:51:00,806: state.pubsub.pub.0005: task-manager                    : MainThread     : INFO    :                      pid: 49722
2017-10-12 16:51:00,807: state.pubsub.pub.0005: task-manager                    : MainThread     : INFO    :                      tid: MainThread
2017-10-12 16:51:00,807: state.pubsub.pub.0005: task-manager                    : MainThread     : INFO    : radical.pilot        version: 0.47-v0.46.2-15-g62a193b@devel
2017-10-12 16:51:00,807: state.pubsub.pub.0005: task-manager                    : MainThread     : INFO    : create state_pubsub - pub - tcp://160.91.205.198:52912
2017-10-12 16:51:00,807: state.pubsub.pub.0005: task-manager                    : MainThread     : DEBUG   : start process
2017-10-12 16:51:00,808: state.pubsub.pub.0005: task-manager                    : MainThread     : DEBUG   : ru_initialize_common (NOOP)
2017-10-12 16:51:00,808: state.pubsub.pub.0005: task-manager                    : MainThread     : DEBUG   : ru_initialize_parent (NOOP)
2017-10-12 16:51:00,808: state.pubsub.pub.0005: task-manager                    : MainThread     : DEBUG   : process class started (no child)
2017-10-12 16:52:58,327: state.pubsub.pub.0005: umgr.scheduling.0               : MainThread     : INFO    : parent stops child
2017-10-12 16:52:58,327: state.pubsub.pub.0005: umgr.scheduling.0               : MainThread     : DEBUG   : ru_finalize_parent (NOOP)
