2017-08-21 16:09:01,785: control.pubsub.pub.0001: pmgr.launching.0                : MainThread     : INFO    : python.interpreter   version: 2.7.12 (default, Nov 19 2016, 06:48:10) [GCC 5.4.0 20160609]
2017-08-21 16:09:01,786: control.pubsub.pub.0001: pmgr.launching.0                : MainThread     : INFO    :                      pid: 7001
2017-08-21 16:09:01,786: control.pubsub.pub.0001: pmgr.launching.0                : MainThread     : INFO    :                      tid: MainThread
2017-08-21 16:09:01,786: control.pubsub.pub.0001: pmgr.launching.0                : MainThread     : INFO    : radical.pilot        version: 0.46-v0.46.RC2@devel
2017-08-21 16:09:01,786: control.pubsub.pub.0001: pmgr.launching.0                : MainThread     : INFO    : create control_pubsub - pub - tcp://172.30.238.6:33392
2017-08-21 16:09:01,787: control.pubsub.pub.0001: pmgr.launching.0                : MainThread     : DEBUG   : start process
2017-08-21 16:09:01,787: control.pubsub.pub.0001: pmgr.launching.0                : MainThread     : DEBUG   : ru_initialize_common (NOOP)
2017-08-21 16:09:01,787: control.pubsub.pub.0001: pmgr.launching.0                : MainThread     : DEBUG   : ru_initialize_parent (NOOP)
2017-08-21 16:09:01,787: control.pubsub.pub.0001: pmgr.launching.0                : MainThread     : DEBUG   : process class started (no child)
2017-08-21 16:09:01,841: control.pubsub.pub.0001: MainProcess                     : MainThread     : INFO    : python.interpreter   version: 2.7.12 (default, Nov 19 2016, 06:48:10) [GCC 5.4.0 20160609]
2017-08-21 16:09:01,842: control.pubsub.pub.0001: MainProcess                     : MainThread     : INFO    :                      pid: 6874
2017-08-21 16:09:01,842: control.pubsub.pub.0001: MainProcess                     : MainThread     : INFO    :                      tid: MainThread
2017-08-21 16:09:01,842: control.pubsub.pub.0001: MainProcess                     : MainThread     : INFO    : radical.pilot        version: 0.46-v0.46.RC2@devel
2017-08-21 16:09:01,842: control.pubsub.pub.0001: MainProcess                     : MainThread     : INFO    : create control_pubsub - pub - tcp://172.30.238.6:33392
2017-08-21 16:09:01,843: control.pubsub.pub.0001: MainProcess                     : MainThread     : DEBUG   : start process
2017-08-21 16:09:01,843: control.pubsub.pub.0001: MainProcess                     : MainThread     : DEBUG   : ru_initialize_common (NOOP)
2017-08-21 16:09:01,843: control.pubsub.pub.0001: MainProcess                     : MainThread     : DEBUG   : ru_initialize_parent (NOOP)
2017-08-21 16:09:01,843: control.pubsub.pub.0001: MainProcess                     : MainThread     : DEBUG   : process class started (no child)
2017-08-21 16:10:34,550: control.pubsub.pub.0001: MainProcess                     : MainThread     : INFO    : parent stops child
2017-08-21 16:10:34,550: control.pubsub.pub.0001: MainProcess                     : MainThread     : DEBUG   : ru_finalize_parent (NOOP)
