2017-08-21 16:34:33,104: rp.session.js-17-212.jetstream-cloud.org.vivek91.017399.0026: MainProcess                     : MainThread     : INFO    : python.interpreter   version: 2.7.12 (default, Nov 19 2016, 06:48:10) [GCC 5.4.0 20160609]
2017-08-21 16:34:33,104: rp.session.js-17-212.jetstream-cloud.org.vivek91.017399.0026: MainProcess                     : MainThread     : INFO    :                      pid: 13439
2017-08-21 16:34:33,104: rp.session.js-17-212.jetstream-cloud.org.vivek91.017399.0026: MainProcess                     : MainThread     : INFO    :                      tid: MainThread
2017-08-21 16:34:33,105: rp.session.js-17-212.jetstream-cloud.org.vivek91.017399.0026: MainProcess                     : MainThread     : INFO    : radical.pilot        version: 0.46-v0.46.RC2@devel
2017-08-21 16:34:33,105: rp.session.js-17-212.jetstream-cloud.org.vivek91.017399.0026: MainProcess                     : MainThread     : INFO    : using database mongodb://user:user@ds153652.mlab.com:53652/test_08_08
2017-08-21 16:34:34,127: rp.session.js-17-212.jetstream-cloud.org.vivek91.017399.0026: MainProcess                     : MainThread     : INFO    : Load resource configurations from /home/vivek91/ves/entk-exp/local/lib/python2.7/site-packages/radical/pilot/configs/resource_ncsa.json
2017-08-21 16:34:34,140: rp.session.js-17-212.jetstream-cloud.org.vivek91.017399.0026: MainProcess                     : MainThread     : INFO    : Load resource configurations for ncsa.bw_orte
2017-08-21 16:34:34,141: rp.session.js-17-212.jetstream-cloud.org.vivek91.017399.0026: MainProcess                     : MainThread     : INFO    : Load resource configurations for ncsa.bw_ccm_ssh
2017-08-21 16:34:34,141: rp.session.js-17-212.jetstream-cloud.org.vivek91.017399.0026: MainProcess                     : MainThread     : INFO    : Load resource configurations for ncsa.bw_ortelib
2017-08-21 16:34:34,142: rp.session.js-17-212.jetstream-cloud.org.vivek91.017399.0026: MainProcess                     : MainThread     : INFO    : Load resource configurations for ncsa.bw_aprun
2017-08-21 16:34:34,143: rp.session.js-17-212.jetstream-cloud.org.vivek91.017399.0026: MainProcess                     : MainThread     : INFO    : Load resource configurations for ncsa.bw_local_orte
2017-08-21 16:34:34,143: rp.session.js-17-212.jetstream-cloud.org.vivek91.017399.0026: MainProcess                     : MainThread     : INFO    : Load resource configurations from /home/vivek91/ves/entk-exp/local/lib/python2.7/site-packages/radical/pilot/configs/resource_iu.json
2017-08-21 16:34:34,150: rp.session.js-17-212.jetstream-cloud.org.vivek91.017399.0026: MainProcess                     : MainThread     : INFO    : Load resource configurations for iu.bigred2_ccm_ssh
2017-08-21 16:34:34,151: rp.session.js-17-212.jetstream-cloud.org.vivek91.017399.0026: MainProcess                     : MainThread     : INFO    : Load resource configurations for iu.bigred2_aprun
2017-08-21 16:34:34,151: rp.session.js-17-212.jetstream-cloud.org.vivek91.017399.0026: MainProcess                     : MainThread     : INFO    : Load resource configurations from /home/vivek91/ves/entk-exp/local/lib/python2.7/site-packages/radical/pilot/configs/resource_osg.json
2017-08-21 16:34:34,156: rp.session.js-17-212.jetstream-cloud.org.vivek91.017399.0026: MainProcess                     : MainThread     : INFO    : Load resource configurations for osg.xsede-virt-clust
2017-08-21 16:34:34,157: rp.session.js-17-212.jetstream-cloud.org.vivek91.017399.0026: MainProcess                     : MainThread     : INFO    : Load resource configurations for osg.connect
2017-08-21 16:34:34,157: rp.session.js-17-212.jetstream-cloud.org.vivek91.017399.0026: MainProcess                     : MainThread     : INFO    : Load resource configurations from /home/vivek91/ves/entk-exp/local/lib/python2.7/site-packages/radical/pilot/configs/resource_yale.json
2017-08-21 16:34:34,159: rp.session.js-17-212.jetstream-cloud.org.vivek91.017399.0026: MainProcess                     : MainThread     : INFO    : Load resource configurations for yale.grace_ssh
2017-08-21 16:34:34,160: rp.session.js-17-212.jetstream-cloud.org.vivek91.017399.0026: MainProcess                     : MainThread     : INFO    : Load resource configurations from /home/vivek91/ves/entk-exp/local/lib/python2.7/site-packages/radical/pilot/configs/resource_lumc.json
2017-08-21 16:34:34,164: rp.session.js-17-212.jetstream-cloud.org.vivek91.017399.0026: MainProcess                     : MainThread     : INFO    : Load resource configurations for lumc.gb-ui_ssh
2017-08-21 16:34:34,165: rp.session.js-17-212.jetstream-cloud.org.vivek91.017399.0026: MainProcess                     : MainThread     : INFO    : Load resource configurations for lumc.shark_ssh
2017-08-21 16:34:34,165: rp.session.js-17-212.jetstream-cloud.org.vivek91.017399.0026: MainProcess                     : MainThread     : INFO    : Load resource configurations from /home/vivek91/ves/entk-exp/local/lib/python2.7/site-packages/radical/pilot/configs/resource_ornl.json
2017-08-21 16:34:34,172: rp.session.js-17-212.jetstream-cloud.org.vivek91.017399.0026: MainProcess                     : MainThread     : INFO    : Load resource configurations for ornl.titan_orte
2017-08-21 16:34:34,172: rp.session.js-17-212.jetstream-cloud.org.vivek91.017399.0026: MainProcess                     : MainThread     : INFO    : Load resource configurations for ornl.titan_aprun
2017-08-21 16:34:34,173: rp.session.js-17-212.jetstream-cloud.org.vivek91.017399.0026: MainProcess                     : MainThread     : INFO    : Load resource configurations for ornl.titan_ortelib
2017-08-21 16:34:34,173: rp.session.js-17-212.jetstream-cloud.org.vivek91.017399.0026: MainProcess                     : MainThread     : INFO    : Load resource configurations from /home/vivek91/ves/entk-exp/local/lib/python2.7/site-packages/radical/pilot/configs/resource_stfc.json
2017-08-21 16:34:34,175: rp.session.js-17-212.jetstream-cloud.org.vivek91.017399.0026: MainProcess                     : MainThread     : INFO    : Load resource configurations for stfc.joule_runjob
2017-08-21 16:34:34,176: rp.session.js-17-212.jetstream-cloud.org.vivek91.017399.0026: MainProcess                     : MainThread     : INFO    : Load resource configurations from /home/vivek91/ves/entk-exp/local/lib/python2.7/site-packages/radical/pilot/configs/resource_radical.json
2017-08-21 16:34:34,181: rp.session.js-17-212.jetstream-cloud.org.vivek91.017399.0026: MainProcess                     : MainThread     : INFO    : Load resource configurations for radical.two
2017-08-21 16:34:34,182: rp.session.js-17-212.jetstream-cloud.org.vivek91.017399.0026: MainProcess                     : MainThread     : INFO    : Load resource configurations for radical.tutorial
2017-08-21 16:34:34,182: rp.session.js-17-212.jetstream-cloud.org.vivek91.017399.0026: MainProcess                     : MainThread     : INFO    : Load resource configurations for radical.one
2017-08-21 16:34:34,182: rp.session.js-17-212.jetstream-cloud.org.vivek91.017399.0026: MainProcess                     : MainThread     : INFO    : Load resource configurations from /home/vivek91/ves/entk-exp/local/lib/python2.7/site-packages/radical/pilot/configs/resource_das4.json
2017-08-21 16:34:34,184: rp.session.js-17-212.jetstream-cloud.org.vivek91.017399.0026: MainProcess                     : MainThread     : INFO    : Load resource configurations for das4.fs2_ssh
2017-08-21 16:34:34,185: rp.session.js-17-212.jetstream-cloud.org.vivek91.017399.0026: MainProcess                     : MainThread     : INFO    : Load resource configurations from /home/vivek91/ves/entk-exp/local/lib/python2.7/site-packages/radical/pilot/configs/resource_nersc.json
2017-08-21 16:34:34,195: rp.session.js-17-212.jetstream-cloud.org.vivek91.017399.0026: MainProcess                     : MainThread     : INFO    : Load resource configurations for nersc.edison_ccm_ssh
2017-08-21 16:34:34,196: rp.session.js-17-212.jetstream-cloud.org.vivek91.017399.0026: MainProcess                     : MainThread     : INFO    : Load resource configurations for nersc.hopper_orte
2017-08-21 16:34:34,196: rp.session.js-17-212.jetstream-cloud.org.vivek91.017399.0026: MainProcess                     : MainThread     : INFO    : Load resource configurations for nersc.hopper_ccm_ssh
2017-08-21 16:34:34,197: rp.session.js-17-212.jetstream-cloud.org.vivek91.017399.0026: MainProcess                     : MainThread     : INFO    : Load resource configurations for nersc.edison_aprun
2017-08-21 16:34:34,197: rp.session.js-17-212.jetstream-cloud.org.vivek91.017399.0026: MainProcess                     : MainThread     : INFO    : Load resource configurations for nersc.hopper_aprun
2017-08-21 16:34:34,198: rp.session.js-17-212.jetstream-cloud.org.vivek91.017399.0026: MainProcess                     : MainThread     : INFO    : Load resource configurations for nersc.edison_orte
2017-08-21 16:34:34,198: rp.session.js-17-212.jetstream-cloud.org.vivek91.017399.0026: MainProcess                     : MainThread     : INFO    : Load resource configurations from /home/vivek91/ves/entk-exp/local/lib/python2.7/site-packages/radical/pilot/configs/resource_xsede.json
2017-08-21 16:34:34,232: rp.session.js-17-212.jetstream-cloud.org.vivek91.017399.0026: MainProcess                     : MainThread     : INFO    : Load resource configurations for xsede.stampede2_ssh
2017-08-21 16:34:34,232: rp.session.js-17-212.jetstream-cloud.org.vivek91.017399.0026: MainProcess                     : MainThread     : INFO    : Load resource configurations for xsede.wrangler_spark
2017-08-21 16:34:34,232: rp.session.js-17-212.jetstream-cloud.org.vivek91.017399.0026: MainProcess                     : MainThread     : INFO    : Load resource configurations for xsede.stampede_yarn
2017-08-21 16:34:34,233: rp.session.js-17-212.jetstream-cloud.org.vivek91.017399.0026: MainProcess                     : MainThread     : INFO    : Load resource configurations for xsede.gordon_ssh
2017-08-21 16:34:34,233: rp.session.js-17-212.jetstream-cloud.org.vivek91.017399.0026: MainProcess                     : MainThread     : INFO    : Load resource configurations for xsede.stampede_ssh
2017-08-21 16:34:34,234: rp.session.js-17-212.jetstream-cloud.org.vivek91.017399.0026: MainProcess                     : MainThread     : INFO    : Load resource configurations for xsede.lonestar_ssh
2017-08-21 16:34:34,234: rp.session.js-17-212.jetstream-cloud.org.vivek91.017399.0026: MainProcess                     : MainThread     : INFO    : Load resource configurations for xsede.supermic_spark
2017-08-21 16:34:34,234: rp.session.js-17-212.jetstream-cloud.org.vivek91.017399.0026: MainProcess                     : MainThread     : INFO    : Load resource configurations for xsede.wrangler_ssh
2017-08-21 16:34:34,235: rp.session.js-17-212.jetstream-cloud.org.vivek91.017399.0026: MainProcess                     : MainThread     : INFO    : Load resource configurations for xsede.wrangler_yarn
2017-08-21 16:34:34,235: rp.session.js-17-212.jetstream-cloud.org.vivek91.017399.0026: MainProcess                     : MainThread     : INFO    : Load resource configurations for xsede.bridges
2017-08-21 16:34:34,235: rp.session.js-17-212.jetstream-cloud.org.vivek91.017399.0026: MainProcess                     : MainThread     : INFO    : Load resource configurations for xsede.supermic_ssh
2017-08-21 16:34:34,236: rp.session.js-17-212.jetstream-cloud.org.vivek91.017399.0026: MainProcess                     : MainThread     : INFO    : Load resource configurations for xsede.stampede_orte
2017-08-21 16:34:34,236: rp.session.js-17-212.jetstream-cloud.org.vivek91.017399.0026: MainProcess                     : MainThread     : INFO    : Load resource configurations for xsede.greenfield
2017-08-21 16:34:34,237: rp.session.js-17-212.jetstream-cloud.org.vivek91.017399.0026: MainProcess                     : MainThread     : INFO    : Load resource configurations for xsede.comet_spark
2017-08-21 16:34:34,237: rp.session.js-17-212.jetstream-cloud.org.vivek91.017399.0026: MainProcess                     : MainThread     : INFO    : Load resource configurations for xsede.trestles_ssh
2017-08-21 16:34:34,237: rp.session.js-17-212.jetstream-cloud.org.vivek91.017399.0026: MainProcess                     : MainThread     : INFO    : Load resource configurations for xsede.comet_ssh
2017-08-21 16:34:34,238: rp.session.js-17-212.jetstream-cloud.org.vivek91.017399.0026: MainProcess                     : MainThread     : INFO    : Load resource configurations for xsede.stampede_spark
2017-08-21 16:34:34,238: rp.session.js-17-212.jetstream-cloud.org.vivek91.017399.0026: MainProcess                     : MainThread     : INFO    : Load resource configurations for xsede.comet_orte
2017-08-21 16:34:34,238: rp.session.js-17-212.jetstream-cloud.org.vivek91.017399.0026: MainProcess                     : MainThread     : INFO    : Load resource configurations for xsede.comet_ortelib
2017-08-21 16:34:34,239: rp.session.js-17-212.jetstream-cloud.org.vivek91.017399.0026: MainProcess                     : MainThread     : INFO    : Load resource configurations for xsede.blacklight_ssh
2017-08-21 16:34:34,239: rp.session.js-17-212.jetstream-cloud.org.vivek91.017399.0026: MainProcess                     : MainThread     : INFO    : Load resource configurations for xsede.stampede_ortelib
2017-08-21 16:34:34,240: rp.session.js-17-212.jetstream-cloud.org.vivek91.017399.0026: MainProcess                     : MainThread     : INFO    : Load resource configurations from /home/vivek91/ves/entk-exp/local/lib/python2.7/site-packages/radical/pilot/configs/resource_chameleon.json
2017-08-21 16:34:34,241: rp.session.js-17-212.jetstream-cloud.org.vivek91.017399.0026: MainProcess                     : MainThread     : INFO    : Load resource configurations for chameleon.cloud_vm_yarn
2017-08-21 16:34:34,241: rp.session.js-17-212.jetstream-cloud.org.vivek91.017399.0026: MainProcess                     : MainThread     : INFO    : Load resource configurations from /home/vivek91/ves/entk-exp/local/lib/python2.7/site-packages/radical/pilot/configs/resource_epsrc.json
2017-08-21 16:34:34,244: rp.session.js-17-212.jetstream-cloud.org.vivek91.017399.0026: MainProcess                     : MainThread     : INFO    : Load resource configurations for epsrc.archer_orte
2017-08-21 16:34:34,245: rp.session.js-17-212.jetstream-cloud.org.vivek91.017399.0026: MainProcess                     : MainThread     : INFO    : Load resource configurations for epsrc.archer_aprun
2017-08-21 16:34:34,245: rp.session.js-17-212.jetstream-cloud.org.vivek91.017399.0026: MainProcess                     : MainThread     : INFO    : Load resource configurations from /home/vivek91/ves/entk-exp/local/lib/python2.7/site-packages/radical/pilot/configs/resource_futuregrid.json
2017-08-21 16:34:34,252: rp.session.js-17-212.jetstream-cloud.org.vivek91.017399.0026: MainProcess                     : MainThread     : INFO    : Load resource configurations for futuregrid.delta_ssh
2017-08-21 16:34:34,252: rp.session.js-17-212.jetstream-cloud.org.vivek91.017399.0026: MainProcess                     : MainThread     : INFO    : Load resource configurations for futuregrid.india_ssh
2017-08-21 16:34:34,253: rp.session.js-17-212.jetstream-cloud.org.vivek91.017399.0026: MainProcess                     : MainThread     : INFO    : Load resource configurations for futuregrid.echo_ssh
2017-08-21 16:34:34,253: rp.session.js-17-212.jetstream-cloud.org.vivek91.017399.0026: MainProcess                     : MainThread     : INFO    : Load resource configurations for futuregrid.xray_ccm
2017-08-21 16:34:34,253: rp.session.js-17-212.jetstream-cloud.org.vivek91.017399.0026: MainProcess                     : MainThread     : INFO    : Load resource configurations for futuregrid.bravo_ssh
2017-08-21 16:34:34,254: rp.session.js-17-212.jetstream-cloud.org.vivek91.017399.0026: MainProcess                     : MainThread     : INFO    : Load resource configurations for futuregrid.xray_aprun
2017-08-21 16:34:34,254: rp.session.js-17-212.jetstream-cloud.org.vivek91.017399.0026: MainProcess                     : MainThread     : INFO    : Load resource configurations from /home/vivek91/ves/entk-exp/local/lib/python2.7/site-packages/radical/pilot/configs/resource_local.json
2017-08-21 16:34:34,262: rp.session.js-17-212.jetstream-cloud.org.vivek91.017399.0026: MainProcess                     : MainThread     : INFO    : Load resource configurations for local.localhost_orte
2017-08-21 16:34:34,262: rp.session.js-17-212.jetstream-cloud.org.vivek91.017399.0026: MainProcess                     : MainThread     : INFO    : Load resource configurations for local.localhost_anaconda
2017-08-21 16:34:34,262: rp.session.js-17-212.jetstream-cloud.org.vivek91.017399.0026: MainProcess                     : MainThread     : INFO    : Load resource configurations for local.localhost_ortelib
2017-08-21 16:34:34,263: rp.session.js-17-212.jetstream-cloud.org.vivek91.017399.0026: MainProcess                     : MainThread     : INFO    : Load resource configurations for local.localhost
2017-08-21 16:34:34,263: rp.session.js-17-212.jetstream-cloud.org.vivek91.017399.0026: MainProcess                     : MainThread     : INFO    : Load resource configurations for local.localhost_spark
2017-08-21 16:34:34,263: rp.session.js-17-212.jetstream-cloud.org.vivek91.017399.0026: MainProcess                     : MainThread     : INFO    : Load resource configurations for local.localhost_spark_anaconda
2017-08-21 16:34:34,263: rp.session.js-17-212.jetstream-cloud.org.vivek91.017399.0026: MainProcess                     : MainThread     : INFO    : Load resource configurations for local.localhost_yarn
2017-08-21 16:34:34,264: rp.session.js-17-212.jetstream-cloud.org.vivek91.017399.0026: MainProcess                     : MainThread     : INFO    : Load resource configurations from /home/vivek91/ves/entk-exp/local/lib/python2.7/site-packages/radical/pilot/configs/resource_aliases.json
2017-08-21 16:34:34,264: rp.session.js-17-212.jetstream-cloud.org.vivek91.017399.0026: MainProcess                     : MainThread     : INFO    : Load resource configurations from /home/vivek91/ves/entk-exp/local/lib/python2.7/site-packages/radical/pilot/configs/resource_lrz.json
2017-08-21 16:34:34,266: rp.session.js-17-212.jetstream-cloud.org.vivek91.017399.0026: MainProcess                     : MainThread     : INFO    : Load resource configurations for lrz.supermuc_ssh
2017-08-21 16:34:34,266: rp.session.js-17-212.jetstream-cloud.org.vivek91.017399.0026: MainProcess                     : MainThread     : INFO    : Load resource configurations from /home/vivek91/ves/entk-exp/local/lib/python2.7/site-packages/radical/pilot/configs/resource_rice.json
2017-08-21 16:34:34,268: rp.session.js-17-212.jetstream-cloud.org.vivek91.017399.0026: MainProcess                     : MainThread     : INFO    : Load resource configurations for rice.davinci_ssh
2017-08-21 16:34:34,268: rp.session.js-17-212.jetstream-cloud.org.vivek91.017399.0026: MainProcess                     : MainThread     : INFO    : Load resource configurations for rice.biou_ssh
2017-08-21 16:34:34,269: rp.session.js-17-212.jetstream-cloud.org.vivek91.017399.0026: MainProcess                     : MainThread     : INFO    : Load resource configurations from /home/vivek91/ves/entk-exp/local/lib/python2.7/site-packages/radical/pilot/configs/resource_ncar.json
2017-08-21 16:34:34,270: rp.session.js-17-212.jetstream-cloud.org.vivek91.017399.0026: MainProcess                     : MainThread     : INFO    : Load resource configurations for ncar.yellowstone_ssh
2017-08-21 16:34:34,270: rp.session.js-17-212.jetstream-cloud.org.vivek91.017399.0026: MainProcess                     : MainThread     : INFO    : Load resource configurations from /home/vivek91/ves/entk-exp/local/lib/python2.7/site-packages/radical/pilot/configs/resource_das5.json
2017-08-21 16:34:34,272: rp.session.js-17-212.jetstream-cloud.org.vivek91.017399.0026: MainProcess                     : MainThread     : INFO    : Load resource configurations for das5.fs1_ssh
2017-08-21 16:34:34,272: rp.session.js-17-212.jetstream-cloud.org.vivek91.017399.0026: MainProcess                     : MainThread     : INFO    : Load resource configurations from /home/vivek91/ves/entk-exp/local/lib/python2.7/site-packages/radical/pilot/configs/resource_fub.json
2017-08-21 16:34:34,273: rp.session.js-17-212.jetstream-cloud.org.vivek91.017399.0026: MainProcess                     : MainThread     : INFO    : Load resource configurations for fub.allegro_rsh
2017-08-21 16:34:34,802: rp.session.js-17-212.jetstream-cloud.org.vivek91.017399.0026: MainProcess                     : MainThread     : INFO    : New Session created: rp.session.js-17-212.jetstream-cloud.org.vivek91.017399.0026.
2017-08-21 16:34:34,802: rp.session.js-17-212.jetstream-cloud.org.vivek91.017399.0026: MainProcess                     : MainThread     : DEBUG   : start bridges   : {u'control_pubsub': {u'bulk_size': 0, u'log_level': u'debug', u'stall_hwm': 1},
 u'log_pubsub': {u'bulk_size': 0, u'log_level': u'debug', u'stall_hwm': 1},
 u'state_pubsub': {u'bulk_size': 0, u'log_level': u'debug', u'stall_hwm': 1}}
2017-08-21 16:34:34,803: rp.session.js-17-212.jetstream-cloud.org.vivek91.017399.0026: MainProcess                     : MainThread     : INFO    : create bridge control_pubsub
2017-08-21 16:34:34,830: rp.session.js-17-212.jetstream-cloud.org.vivek91.017399.0026: MainProcess                     : MainThread     : INFO    : created bridge control_pubsub (control.pubsub.bridge.0000)
2017-08-21 16:34:34,831: rp.session.js-17-212.jetstream-cloud.org.vivek91.017399.0026: MainProcess                     : MainThread     : INFO    : create bridge state_pubsub
2017-08-21 16:34:34,854: rp.session.js-17-212.jetstream-cloud.org.vivek91.017399.0026: MainProcess                     : MainThread     : INFO    : created bridge state_pubsub (state.pubsub.bridge.0000)
2017-08-21 16:34:34,854: rp.session.js-17-212.jetstream-cloud.org.vivek91.017399.0026: MainProcess                     : MainThread     : INFO    : create bridge log_pubsub
2017-08-21 16:34:34,877: rp.session.js-17-212.jetstream-cloud.org.vivek91.017399.0026: MainProcess                     : MainThread     : INFO    : created bridge log_pubsub (log.pubsub.bridge.0000)
2017-08-21 16:34:34,877: rp.session.js-17-212.jetstream-cloud.org.vivek91.017399.0026: MainProcess                     : MainThread     : DEBUG   : start components: {u'UpdateWorker': {u'count': 1}}
2017-08-21 16:34:34,878: rp.session.js-17-212.jetstream-cloud.org.vivek91.017399.0026: MainProcess                     : MainThread     : DEBUG   : start 1 component(s) UpdateWorker
2017-08-21 16:34:37,312: rp.session.js-17-212.jetstream-cloud.org.vivek91.017399.0026: MainProcess                     : MainThread     : INFO    : rp.session.js-17-212.jetstream-cloud.org.vivek91.017399.0026 starts update.0
2017-08-21 16:34:40,620: rp.session.js-17-212.jetstream-cloud.org.vivek91.017399.0026: MainProcess                     : MainThread     : WARNING : using alias 'xsede.supermic_ssh' for deprecated resource key 'xsede.supermic'
2017-08-21 16:34:40,621: rp.session.js-17-212.jetstream-cloud.org.vivek91.017399.0026: MainProcess                     : MainThread     : DEBUG   : rsup.PTYShell('gsissh://supermic.cct-lsu.xsede.org:2222/')
2017-08-21 16:34:44,319: rp.session.js-17-212.jetstream-cloud.org.vivek91.017399.0026: MainProcess                     : MainThread     : DEBUG   : sandbox base gsissh://supermic.cct-lsu.xsede.org:2222/: '/work/vivek91'
2017-08-21 16:34:44,470: rp.session.js-17-212.jetstream-cloud.org.vivek91.017399.0026: MainProcess                     : MainThread     : DEBUG   : bulk pilot insert result: {'nModified': 0, 'nUpserted': 0, 'nMatched': 0, 'writeErrors': [], 'upserted': [], 'writeConcernErrors': [], 'nRemoved': 0, 'nInserted': 1}
2017-08-21 16:34:44,475: rp.session.js-17-212.jetstream-cloud.org.vivek91.017399.0026: pmgr.launching.0                : MainThread     : WARNING : using alias 'xsede.supermic_ssh' for deprecated resource key 'xsede.supermic'
2017-08-21 16:34:44,479: rp.session.js-17-212.jetstream-cloud.org.vivek91.017399.0026: pmgr.launching.0                : MainThread     : WARNING : using alias 'xsede.supermic_ssh' for deprecated resource key 'xsede.supermic'
2017-08-21 16:34:44,480: rp.session.js-17-212.jetstream-cloud.org.vivek91.017399.0026: pmgr.launching.0                : MainThread     : DEBUG   : rsup.PTYShell('gsissh://supermic.cct-lsu.xsede.org:2222/')
2017-08-21 16:34:45,849: rp.session.js-17-212.jetstream-cloud.org.vivek91.017399.0026: pmgr.launching.0                : MainThread     : DEBUG   : sandbox base gsissh://supermic.cct-lsu.xsede.org:2222/: '/work/vivek91'
2017-08-21 16:35:50,007: rp.session.js-17-212.jetstream-cloud.org.vivek91.017399.0026: task-manager                    : MainThread     : DEBUG   : bulk unit insert result: {'nModified': 0, 'nUpserted': 0, 'nMatched': 0, 'writeErrors': [], 'upserted': [], 'writeConcernErrors': [], 'nRemoved': 0, 'nInserted': 1}
2017-08-21 16:35:50,094: rp.session.js-17-212.jetstream-cloud.org.vivek91.017399.0026: task-manager                    : MainThread     : DEBUG   : bulk unit insert result: {'nModified': 0, 'nUpserted': 0, 'nMatched': 0, 'writeErrors': [], 'upserted': [], 'writeConcernErrors': [], 'nRemoved': 0, 'nInserted': 1}
2017-08-21 16:35:50,184: rp.session.js-17-212.jetstream-cloud.org.vivek91.017399.0026: task-manager                    : MainThread     : DEBUG   : bulk unit insert result: {'nModified': 0, 'nUpserted': 0, 'nMatched': 0, 'writeErrors': [], 'upserted': [], 'writeConcernErrors': [], 'nRemoved': 0, 'nInserted': 1}
2017-08-21 16:35:50,270: rp.session.js-17-212.jetstream-cloud.org.vivek91.017399.0026: task-manager                    : MainThread     : DEBUG   : bulk unit insert result: {'nModified': 0, 'nUpserted': 0, 'nMatched': 0, 'writeErrors': [], 'upserted': [], 'writeConcernErrors': [], 'nRemoved': 0, 'nInserted': 1}
2017-08-21 16:35:50,361: rp.session.js-17-212.jetstream-cloud.org.vivek91.017399.0026: task-manager                    : MainThread     : DEBUG   : bulk unit insert result: {'nModified': 0, 'nUpserted': 0, 'nMatched': 0, 'writeErrors': [], 'upserted': [], 'writeConcernErrors': [], 'nRemoved': 0, 'nInserted': 1}
2017-08-21 16:35:50,427: rp.session.js-17-212.jetstream-cloud.org.vivek91.017399.0026: task-manager                    : MainThread     : DEBUG   : bulk unit insert result: {'nModified': 0, 'nUpserted': 0, 'nMatched': 0, 'writeErrors': [], 'upserted': [], 'writeConcernErrors': [], 'nRemoved': 0, 'nInserted': 1}
2017-08-21 16:35:50,517: rp.session.js-17-212.jetstream-cloud.org.vivek91.017399.0026: task-manager                    : MainThread     : DEBUG   : bulk unit insert result: {'nModified': 0, 'nUpserted': 0, 'nMatched': 0, 'writeErrors': [], 'upserted': [], 'writeConcernErrors': [], 'nRemoved': 0, 'nInserted': 1}
2017-08-21 16:35:50,601: rp.session.js-17-212.jetstream-cloud.org.vivek91.017399.0026: task-manager                    : MainThread     : DEBUG   : bulk unit insert result: {'nModified': 0, 'nUpserted': 0, 'nMatched': 0, 'writeErrors': [], 'upserted': [], 'writeConcernErrors': [], 'nRemoved': 0, 'nInserted': 1}
2017-08-21 16:35:50,685: rp.session.js-17-212.jetstream-cloud.org.vivek91.017399.0026: task-manager                    : MainThread     : DEBUG   : bulk unit insert result: {'nModified': 0, 'nUpserted': 0, 'nMatched': 0, 'writeErrors': [], 'upserted': [], 'writeConcernErrors': [], 'nRemoved': 0, 'nInserted': 1}
2017-08-21 16:35:50,753: rp.session.js-17-212.jetstream-cloud.org.vivek91.017399.0026: task-manager                    : MainThread     : DEBUG   : bulk unit insert result: {'nModified': 0, 'nUpserted': 0, 'nMatched': 0, 'writeErrors': [], 'upserted': [], 'writeConcernErrors': [], 'nRemoved': 0, 'nInserted': 1}
2017-08-21 16:35:50,834: rp.session.js-17-212.jetstream-cloud.org.vivek91.017399.0026: task-manager                    : MainThread     : DEBUG   : bulk unit insert result: {'nModified': 0, 'nUpserted': 0, 'nMatched': 0, 'writeErrors': [], 'upserted': [], 'writeConcernErrors': [], 'nRemoved': 0, 'nInserted': 1}
2017-08-21 16:35:51,153: rp.session.js-17-212.jetstream-cloud.org.vivek91.017399.0026: task-manager                    : MainThread     : DEBUG   : bulk unit insert result: {'nModified': 0, 'nUpserted': 0, 'nMatched': 0, 'writeErrors': [], 'upserted': [], 'writeConcernErrors': [], 'nRemoved': 0, 'nInserted': 1}
2017-08-21 16:35:51,219: rp.session.js-17-212.jetstream-cloud.org.vivek91.017399.0026: task-manager                    : MainThread     : DEBUG   : bulk unit insert result: {'nModified': 0, 'nUpserted': 0, 'nMatched': 0, 'writeErrors': [], 'upserted': [], 'writeConcernErrors': [], 'nRemoved': 0, 'nInserted': 1}
2017-08-21 16:35:51,296: rp.session.js-17-212.jetstream-cloud.org.vivek91.017399.0026: task-manager                    : MainThread     : DEBUG   : bulk unit insert result: {'nModified': 0, 'nUpserted': 0, 'nMatched': 0, 'writeErrors': [], 'upserted': [], 'writeConcernErrors': [], 'nRemoved': 0, 'nInserted': 1}
2017-08-21 16:35:51,368: rp.session.js-17-212.jetstream-cloud.org.vivek91.017399.0026: task-manager                    : MainThread     : DEBUG   : bulk unit insert result: {'nModified': 0, 'nUpserted': 0, 'nMatched': 0, 'writeErrors': [], 'upserted': [], 'writeConcernErrors': [], 'nRemoved': 0, 'nInserted': 1}
2017-08-21 16:35:51,434: rp.session.js-17-212.jetstream-cloud.org.vivek91.017399.0026: task-manager                    : MainThread     : DEBUG   : bulk unit insert result: {'nModified': 0, 'nUpserted': 0, 'nMatched': 0, 'writeErrors': [], 'upserted': [], 'writeConcernErrors': [], 'nRemoved': 0, 'nInserted': 1}
2017-08-21 16:36:13,141: rp.session.js-17-212.jetstream-cloud.org.vivek91.017399.0026: MainProcess                     : MainThread     : DEBUG   : session rp.session.js-17-212.jetstream-cloud.org.vivek91.017399.0026 closing
2017-08-21 16:36:13,141: rp.session.js-17-212.jetstream-cloud.org.vivek91.017399.0026: MainProcess                     : MainThread     : DEBUG   : session rp.session.js-17-212.jetstream-cloud.org.vivek91.017399.0026 closes pmgr   pmgr.0000
2017-08-21 16:36:13,543: rp.session.js-17-212.jetstream-cloud.org.vivek91.017399.0026: MainProcess                     : MainThread     : DEBUG   : session rp.session.js-17-212.jetstream-cloud.org.vivek91.017399.0026 closed pmgr   pmgr.0000
2017-08-21 16:36:13,543: rp.session.js-17-212.jetstream-cloud.org.vivek91.017399.0026: MainProcess                     : MainThread     : DEBUG   : session rp.session.js-17-212.jetstream-cloud.org.vivek91.017399.0026 closes comp   update.0
2017-08-21 16:36:13,718: rp.session.js-17-212.jetstream-cloud.org.vivek91.017399.0026: MainProcess                     : MainThread     : DEBUG   : session rp.session.js-17-212.jetstream-cloud.org.vivek91.017399.0026 closed comp   update.0
2017-08-21 16:36:13,719: rp.session.js-17-212.jetstream-cloud.org.vivek91.017399.0026: MainProcess                     : MainThread     : DEBUG   : session rp.session.js-17-212.jetstream-cloud.org.vivek91.017399.0026 closes bridge control.pubsub.bridge.0000
2017-08-21 16:36:13,937: rp.session.js-17-212.jetstream-cloud.org.vivek91.017399.0026: MainProcess                     : MainThread     : DEBUG   : session rp.session.js-17-212.jetstream-cloud.org.vivek91.017399.0026 closed bridge control.pubsub.bridge.0000
2017-08-21 16:36:13,937: rp.session.js-17-212.jetstream-cloud.org.vivek91.017399.0026: MainProcess                     : MainThread     : DEBUG   : session rp.session.js-17-212.jetstream-cloud.org.vivek91.017399.0026 closes bridge state.pubsub.bridge.0000
2017-08-21 16:36:14,156: rp.session.js-17-212.jetstream-cloud.org.vivek91.017399.0026: MainProcess                     : MainThread     : DEBUG   : session rp.session.js-17-212.jetstream-cloud.org.vivek91.017399.0026 closed bridge state.pubsub.bridge.0000
2017-08-21 16:36:14,156: rp.session.js-17-212.jetstream-cloud.org.vivek91.017399.0026: MainProcess                     : MainThread     : DEBUG   : session rp.session.js-17-212.jetstream-cloud.org.vivek91.017399.0026 closes bridge log.pubsub.bridge.0000
2017-08-21 16:36:14,375: rp.session.js-17-212.jetstream-cloud.org.vivek91.017399.0026: MainProcess                     : MainThread     : DEBUG   : session rp.session.js-17-212.jetstream-cloud.org.vivek91.017399.0026 closed bridge log.pubsub.bridge.0000
2017-08-21 16:36:14,375: rp.session.js-17-212.jetstream-cloud.org.vivek91.017399.0026: MainProcess                     : MainThread     : DEBUG   : session rp.session.js-17-212.jetstream-cloud.org.vivek91.017399.0026 closes db (False)
2017-08-21 16:36:14,375: rp.session.js-17-212.jetstream-cloud.org.vivek91.017399.0026: MainProcess                     : MainThread     : DEBUG   : session rp.session.js-17-212.jetstream-cloud.org.vivek91.017399.0026 closed (delete=False)
