2017-10-13 22:18:41,295: control.pubsub.pub.0000: update.0                        : MainThread     : INFO    : python.interpreter   version: 2.7.12 (default, Nov 19 2016, 06:48:10) [GCC 5.4.0 20160609]
2017-10-13 22:18:41,295: control.pubsub.pub.0000: update.0                        : MainThread     : INFO    :                      pid: 28814
2017-10-13 22:18:41,295: control.pubsub.pub.0000: update.0                        : MainThread     : INFO    :                      tid: MainThread
2017-10-13 22:18:41,296: control.pubsub.pub.0000: update.0                        : MainThread     : INFO    : radical.pilot        version: 0.46-v0.46.RC2@devel
2017-10-13 22:18:41,296: control.pubsub.pub.0000: update.0                        : MainThread     : INFO    : create control_pubsub - pub - tcp://172.30.238.6:36894
2017-10-13 22:18:41,311: control.pubsub.pub.0000: update.0                        : MainThread     : DEBUG   : start process
2017-10-13 22:18:41,312: control.pubsub.pub.0000: update.0                        : MainThread     : DEBUG   : ru_initialize_common (NOOP)
2017-10-13 22:18:41,312: control.pubsub.pub.0000: update.0                        : MainThread     : DEBUG   : ru_initialize_parent (NOOP)
2017-10-13 22:18:41,312: control.pubsub.pub.0000: update.0                        : MainThread     : DEBUG   : process class started (no child)
2017-10-13 22:18:41,651: control.pubsub.pub.0000: MainProcess                     : MainThread     : INFO    : python.interpreter   version: 2.7.12 (default, Nov 19 2016, 06:48:10) [GCC 5.4.0 20160609]
2017-10-13 22:18:41,652: control.pubsub.pub.0000: MainProcess                     : MainThread     : INFO    :                      pid: 28743
2017-10-13 22:18:41,652: control.pubsub.pub.0000: MainProcess                     : MainThread     : INFO    :                      tid: MainThread
2017-10-13 22:18:41,652: control.pubsub.pub.0000: MainProcess                     : MainThread     : INFO    : radical.pilot        version: 0.46-v0.46.RC2@devel
2017-10-13 22:18:41,652: control.pubsub.pub.0000: MainProcess                     : MainThread     : INFO    : create control_pubsub - pub - tcp://172.30.238.6:36894
2017-10-13 22:18:41,667: control.pubsub.pub.0000: MainProcess                     : MainThread     : DEBUG   : start process
2017-10-13 22:18:41,667: control.pubsub.pub.0000: MainProcess                     : MainThread     : DEBUG   : ru_initialize_common (NOOP)
2017-10-13 22:18:41,667: control.pubsub.pub.0000: MainProcess                     : MainThread     : DEBUG   : ru_initialize_parent (NOOP)
2017-10-13 22:18:41,668: control.pubsub.pub.0000: MainProcess                     : MainThread     : DEBUG   : process class started (no child)
2017-10-13 22:24:32,836: control.pubsub.pub.0000: MainProcess                     : MainThread     : INFO    : parent stops child
2017-10-13 22:24:32,836: control.pubsub.pub.0000: MainProcess                     : MainThread     : DEBUG   : ru_finalize_parent (NOOP)
