2017-10-12 19:29:38,369: control.pubsub.pub.0001: pmgr.launching.0                : MainThread     : INFO    : python.interpreter   version: 2.7.9 (default, May 6 2016, 10:34:30) [GCC 4.9.0 20140422 (Cray Inc.)]
2017-10-12 19:29:38,369: control.pubsub.pub.0001: pmgr.launching.0                : MainThread     : INFO    :                      pid: 43337
2017-10-12 19:29:38,369: control.pubsub.pub.0001: pmgr.launching.0                : MainThread     : INFO    :                      tid: MainThread
2017-10-12 19:29:38,370: control.pubsub.pub.0001: pmgr.launching.0                : MainThread     : INFO    : radical.pilot        version: 0.47-v0.46.2-15-g62a193b@devel
2017-10-12 19:29:38,370: control.pubsub.pub.0001: pmgr.launching.0                : MainThread     : INFO    : create control_pubsub - pub - tcp://160.91.205.198:53315
2017-10-12 19:29:38,370: control.pubsub.pub.0001: pmgr.launching.0                : MainThread     : DEBUG   : start process
2017-10-12 19:29:38,370: control.pubsub.pub.0001: pmgr.launching.0                : MainThread     : DEBUG   : ru_initialize_common (NOOP)
2017-10-12 19:29:38,370: control.pubsub.pub.0001: pmgr.launching.0                : MainThread     : DEBUG   : ru_initialize_parent (NOOP)
2017-10-12 19:29:38,370: control.pubsub.pub.0001: pmgr.launching.0                : MainThread     : DEBUG   : process class started (no child)
2017-10-12 19:29:38,415: control.pubsub.pub.0001: MainProcess                     : MainThread     : INFO    : python.interpreter   version: 2.7.9 (default, May 6 2016, 10:34:30) [GCC 4.9.0 20140422 (Cray Inc.)]
2017-10-12 19:29:38,416: control.pubsub.pub.0001: MainProcess                     : MainThread     : INFO    :                      pid: 43247
2017-10-12 19:29:38,416: control.pubsub.pub.0001: MainProcess                     : MainThread     : INFO    :                      tid: MainThread
2017-10-12 19:29:38,416: control.pubsub.pub.0001: MainProcess                     : MainThread     : INFO    : radical.pilot        version: 0.47-v0.46.2-15-g62a193b@devel
2017-10-12 19:29:38,416: control.pubsub.pub.0001: MainProcess                     : MainThread     : INFO    : create control_pubsub - pub - tcp://160.91.205.198:53315
2017-10-12 19:29:38,417: control.pubsub.pub.0001: MainProcess                     : MainThread     : DEBUG   : start process
2017-10-12 19:29:38,417: control.pubsub.pub.0001: MainProcess                     : MainThread     : DEBUG   : ru_initialize_common (NOOP)
2017-10-12 19:29:38,417: control.pubsub.pub.0001: MainProcess                     : MainThread     : DEBUG   : ru_initialize_parent (NOOP)
2017-10-12 19:29:38,417: control.pubsub.pub.0001: MainProcess                     : MainThread     : DEBUG   : process class started (no child)
2017-10-12 19:33:31,107: control.pubsub.pub.0001: MainProcess                     : MainThread     : INFO    : parent stops child
2017-10-12 19:33:31,107: control.pubsub.pub.0001: MainProcess                     : MainThread     : DEBUG   : ru_finalize_parent (NOOP)
