2017-10-12 19:31:30,976: log.pubsub.pub.0004 : umgr.staging.output.0           : MainThread     : INFO    : python.interpreter   version: 2.7.9 (default, May 6 2016, 10:34:30) [GCC 4.9.0 20140422 (Cray Inc.)]
2017-10-12 19:31:30,977: log.pubsub.pub.0004 : umgr.staging.output.0           : MainThread     : INFO    :                      pid: 47037
2017-10-12 19:31:30,977: log.pubsub.pub.0004 : umgr.staging.output.0           : MainThread     : INFO    :                      tid: MainThread
2017-10-12 19:31:30,977: log.pubsub.pub.0004 : umgr.staging.output.0           : MainThread     : INFO    : radical.pilot        version: 0.47-v0.46.2-15-g62a193b@devel
2017-10-12 19:31:30,978: log.pubsub.pub.0004 : umgr.staging.output.0           : MainThread     : INFO    : create log_pubsub - pub - tcp://160.91.205.198:49022
2017-10-12 19:31:30,978: log.pubsub.pub.0004 : umgr.staging.output.0           : MainThread     : DEBUG   : start process
2017-10-12 19:31:30,978: log.pubsub.pub.0004 : umgr.staging.output.0           : MainThread     : DEBUG   : ru_initialize_common (NOOP)
2017-10-12 19:31:30,978: log.pubsub.pub.0004 : umgr.staging.output.0           : MainThread     : DEBUG   : ru_initialize_parent (NOOP)
2017-10-12 19:31:30,979: log.pubsub.pub.0004 : umgr.staging.output.0           : MainThread     : DEBUG   : process class started (no child)
2017-10-12 19:31:31,009: log.pubsub.pub.0004 : task-manager                    : MainThread     : INFO    : python.interpreter   version: 2.7.9 (default, May 6 2016, 10:34:30) [GCC 4.9.0 20140422 (Cray Inc.)]
2017-10-12 19:31:31,010: log.pubsub.pub.0004 : task-manager                    : MainThread     : INFO    :                      pid: 46979
2017-10-12 19:31:31,010: log.pubsub.pub.0004 : task-manager                    : MainThread     : INFO    :                      tid: MainThread
2017-10-12 19:31:31,010: log.pubsub.pub.0004 : task-manager                    : MainThread     : INFO    : radical.pilot        version: 0.47-v0.46.2-15-g62a193b@devel
2017-10-12 19:31:31,011: log.pubsub.pub.0004 : task-manager                    : MainThread     : INFO    : create log_pubsub - pub - tcp://160.91.205.198:49022
2017-10-12 19:31:31,011: log.pubsub.pub.0004 : task-manager                    : MainThread     : DEBUG   : start process
2017-10-12 19:31:31,011: log.pubsub.pub.0004 : task-manager                    : MainThread     : DEBUG   : ru_initialize_common (NOOP)
2017-10-12 19:31:31,011: log.pubsub.pub.0004 : task-manager                    : MainThread     : DEBUG   : ru_initialize_parent (NOOP)
2017-10-12 19:31:31,011: log.pubsub.pub.0004 : task-manager                    : MainThread     : DEBUG   : process class started (no child)
2017-10-12 19:33:27,348: log.pubsub.pub.0004 : umgr.staging.output.0           : MainThread     : INFO    : parent stops child
2017-10-12 19:33:27,349: log.pubsub.pub.0004 : umgr.staging.output.0           : MainThread     : DEBUG   : ru_finalize_parent (NOOP)
