2017-10-12 19:31:29,561: umgr.reschedule.pubsub.bridge.0000: task-manager                    : MainThread     : INFO    : python.interpreter   version: 2.7.9 (default, May 6 2016, 10:34:30) [GCC 4.9.0 20140422 (Cray Inc.)]
2017-10-12 19:31:29,562: umgr.reschedule.pubsub.bridge.0000: task-manager                    : MainThread     : INFO    :                      pid: 46979
2017-10-12 19:31:29,562: umgr.reschedule.pubsub.bridge.0000: task-manager                    : MainThread     : INFO    :                      tid: MainThread
2017-10-12 19:31:29,562: umgr.reschedule.pubsub.bridge.0000: task-manager                    : MainThread     : INFO    : radical.pilot        version: 0.47-v0.46.2-15-g62a193b@devel
2017-10-12 19:31:29,562: umgr.reschedule.pubsub.bridge.0000: task-manager                    : MainThread     : INFO    : create umgr_reschedule_pubsub - bridge - tcp://*:*
2017-10-12 19:31:29,563: umgr.reschedule.pubsub.bridge.0000: task-manager                    : MainThread     : DEBUG   : start process
2017-10-12 19:31:29,569: umgr.reschedule.pubsub.bridge.0000: umgr.reschedule.pubsub.bridge.0000: MainThread     : DEBUG   : ru_initialize_common (NOOP)
2017-10-12 19:31:29,576: umgr.reschedule.pubsub.bridge.0000: umgr.reschedule.pubsub.bridge.0000.child: MainThread     : INFO    : child (me) initializing
2017-10-12 19:31:29,577: umgr.reschedule.pubsub.bridge.0000: umgr.reschedule.pubsub.bridge.0000.child: MainThread     : DEBUG   : parent name: umgr.reschedule.pubsub.bridge.0000.child.watch
2017-10-12 19:31:29,577: umgr.reschedule.pubsub.bridge.0000: umgr.reschedule.pubsub.bridge.0000.child: MainThread     : DEBUG   : start thread
2017-10-12 19:31:29,577: umgr.reschedule.pubsub.bridge.0000: umgr.reschedule.pubsub.bridge.0000.child: umgr.reschedule.pubsub.bridge.0000.child.watch: DEBUG   : child name: umgr.reschedule.pubsub.bridge.0000.child.watch.thread
2017-10-12 19:31:29,578: umgr.reschedule.pubsub.bridge.0000: umgr.reschedule.pubsub.bridge.0000.child: umgr.reschedule.pubsub.bridge.0000.child.watch: INFO    : child (me) initializing
2017-10-12 19:31:29,578: umgr.reschedule.pubsub.bridge.0000: umgr.reschedule.pubsub.bridge.0000.child: umgr.reschedule.pubsub.bridge.0000.child.watch: DEBUG   : ru_initialize_common (NOOP)
2017-10-12 19:31:29,578: umgr.reschedule.pubsub.bridge.0000: umgr.reschedule.pubsub.bridge.0000.child: umgr.reschedule.pubsub.bridge.0000.child.watch: DEBUG   : ru_initialize_child (NOOP)
2017-10-12 19:31:29,578: umgr.reschedule.pubsub.bridge.0000: umgr.reschedule.pubsub.bridge.0000.child: umgr.reschedule.pubsub.bridge.0000.child.watch: INFO    : send alive
2017-10-12 19:31:29,578: umgr.reschedule.pubsub.bridge.0000: umgr.reschedule.pubsub.bridge.0000.child: umgr.reschedule.pubsub.bridge.0000.child.watch: INFO    : put message: [umgr.reschedule.pubsub.bridge.0000.child.watch.thread] alive
2017-10-12 19:31:29,579: umgr.reschedule.pubsub.bridge.0000: umgr.reschedule.pubsub.bridge.0000.child: MainThread     : INFO    : get msg: alive
2017-10-12 19:31:29,579: umgr.reschedule.pubsub.bridge.0000: umgr.reschedule.pubsub.bridge.0000.child: MainThread     : DEBUG   : ru_initialize_common (NOOP)
2017-10-12 19:31:29,579: umgr.reschedule.pubsub.bridge.0000: umgr.reschedule.pubsub.bridge.0000.child: MainThread     : DEBUG   : ru_initialize_parent (NOOP)
2017-10-12 19:31:29,579: umgr.reschedule.pubsub.bridge.0000: umgr.reschedule.pubsub.bridge.0000.child: MainThread     : DEBUG   : child thread umgr.reschedule.pubsub.bridge.0000.child.watch started
2017-10-12 19:31:29,580: umgr.reschedule.pubsub.bridge.0000: umgr.reschedule.pubsub.bridge.0000.child: MainThread     : INFO    : child (me) is alive
2017-10-12 19:31:29,580: umgr.reschedule.pubsub.bridge.0000: umgr.reschedule.pubsub.bridge.0000.child: MainThread     : INFO    : send alive
2017-10-12 19:31:29,580: umgr.reschedule.pubsub.bridge.0000: umgr.reschedule.pubsub.bridge.0000.child: MainThread     : INFO    : send message: [umgr.reschedule.pubsub.bridge.0000.child] alive
2017-10-12 19:31:29,580: umgr.reschedule.pubsub.bridge.0000: task-manager                    : MainThread     : INFO    : recv message: alive
2017-10-12 19:31:29,581: umgr.reschedule.pubsub.bridge.0000: task-manager                    : MainThread     : DEBUG   : ru_initialize_common (NOOP)
2017-10-12 19:31:29,581: umgr.reschedule.pubsub.bridge.0000: task-manager                    : MainThread     : DEBUG   : ru_initialize_parent (NOOP)
2017-10-12 19:31:29,581: umgr.reschedule.pubsub.bridge.0000: task-manager                    : MainThread     : DEBUG   : parent name: umgr.reschedule.pubsub.bridge.0000.watch
2017-10-12 19:31:29,581: umgr.reschedule.pubsub.bridge.0000: task-manager                    : MainThread     : DEBUG   : start thread
2017-10-12 19:31:29,582: umgr.reschedule.pubsub.bridge.0000: task-manager                    : umgr.reschedule.pubsub.bridge.0000.watch: DEBUG   : child name: umgr.reschedule.pubsub.bridge.0000.watch.thread
2017-10-12 19:31:29,582: umgr.reschedule.pubsub.bridge.0000: task-manager                    : umgr.reschedule.pubsub.bridge.0000.watch: INFO    : child (me) initializing
2017-10-12 19:31:29,582: umgr.reschedule.pubsub.bridge.0000: task-manager                    : umgr.reschedule.pubsub.bridge.0000.watch: DEBUG   : ru_initialize_common (NOOP)
2017-10-12 19:31:29,582: umgr.reschedule.pubsub.bridge.0000: task-manager                    : umgr.reschedule.pubsub.bridge.0000.watch: DEBUG   : ru_initialize_child (NOOP)
2017-10-12 19:31:29,583: umgr.reschedule.pubsub.bridge.0000: task-manager                    : umgr.reschedule.pubsub.bridge.0000.watch: INFO    : send alive
2017-10-12 19:31:29,583: umgr.reschedule.pubsub.bridge.0000: task-manager                    : umgr.reschedule.pubsub.bridge.0000.watch: INFO    : put message: [umgr.reschedule.pubsub.bridge.0000.watch.thread] alive
2017-10-12 19:31:29,583: umgr.reschedule.pubsub.bridge.0000: task-manager                    : MainThread     : INFO    : get msg: alive
2017-10-12 19:31:29,584: umgr.reschedule.pubsub.bridge.0000: task-manager                    : MainThread     : DEBUG   : ru_initialize_common (NOOP)
2017-10-12 19:31:29,584: umgr.reschedule.pubsub.bridge.0000: task-manager                    : MainThread     : DEBUG   : ru_initialize_parent (NOOP)
2017-10-12 19:31:29,584: umgr.reschedule.pubsub.bridge.0000: task-manager                    : MainThread     : DEBUG   : child thread umgr.reschedule.pubsub.bridge.0000.watch started
2017-10-12 19:31:29,584: umgr.reschedule.pubsub.bridge.0000: task-manager                    : MainThread     : INFO    : child is alive
2017-10-12 19:31:29,584: umgr.reschedule.pubsub.bridge.0000: task-manager                    : MainThread     : DEBUG   : process class started child
2017-10-12 19:33:27,698: umgr.reschedule.pubsub.bridge.0000: umgr.reschedule.pubsub.bridge.0000.child: MainThread     : DEBUG   : ru_finalize_child (NOOP)
2017-10-12 19:33:27,699: umgr.reschedule.pubsub.bridge.0000: umgr.reschedule.pubsub.bridge.0000.child: MainThread     : INFO    : send message: [umgr.reschedule.pubsub.bridge.0000.child] terminating
2017-10-12 19:33:27,756: umgr.reschedule.pubsub.bridge.0000: umgr.reschedule.pubsub.bridge.0000.child: umgr.reschedule.pubsub.bridge.0000.child.watch: INFO    : watcher closes
2017-10-12 19:33:27,756: umgr.reschedule.pubsub.bridge.0000: umgr.reschedule.pubsub.bridge.0000.child: umgr.reschedule.pubsub.bridge.0000.child.watch: INFO    : put message: [umgr.reschedule.pubsub.bridge.0000.child.watch.thread] work finished
2017-10-12 19:33:27,756: umgr.reschedule.pubsub.bridge.0000: umgr.reschedule.pubsub.bridge.0000.child: umgr.reschedule.pubsub.bridge.0000.child.watch: DEBUG   : ru_finalize_child (NOOP)
2017-10-12 19:33:27,756: umgr.reschedule.pubsub.bridge.0000: umgr.reschedule.pubsub.bridge.0000.child: umgr.reschedule.pubsub.bridge.0000.child.watch: DEBUG   : ru_finalize_common (NOOP)
2017-10-12 19:33:27,757: umgr.reschedule.pubsub.bridge.0000: umgr.reschedule.pubsub.bridge.0000.child: umgr.reschedule.pubsub.bridge.0000.child.watch: INFO    : put message: [umgr.reschedule.pubsub.bridge.0000.child.watch.thread] terminating
