2017-09-18 17:17:06,310: state.pubsub.pub.0000: update.0                        : MainThread     : INFO    : python.interpreter   version: 2.7.12 (default, Nov 19 2016, 06:48:10) [GCC 5.4.0 20160609]
2017-09-18 17:17:06,311: state.pubsub.pub.0000: update.0                        : MainThread     : INFO    :                      pid: 1526
2017-09-18 17:17:06,311: state.pubsub.pub.0000: update.0                        : MainThread     : INFO    :                      tid: MainThread
2017-09-18 17:17:06,311: state.pubsub.pub.0000: update.0                        : MainThread     : INFO    : radical.pilot        version: 0.46-v0.46.RC2@devel
2017-09-18 17:17:06,311: state.pubsub.pub.0000: update.0                        : MainThread     : INFO    : create state_pubsub - pub - tcp://172.30.238.6:42160
2017-09-18 17:17:06,311: state.pubsub.pub.0000: update.0                        : MainThread     : DEBUG   : start process
2017-09-18 17:17:06,312: state.pubsub.pub.0000: update.0                        : MainThread     : DEBUG   : ru_initialize_common (NOOP)
2017-09-18 17:17:06,312: state.pubsub.pub.0000: update.0                        : MainThread     : DEBUG   : ru_initialize_parent (NOOP)
2017-09-18 17:17:06,312: state.pubsub.pub.0000: update.0                        : MainThread     : DEBUG   : process class started (no child)
2017-09-18 17:17:06,646: state.pubsub.pub.0000: MainProcess                     : MainThread     : INFO    : python.interpreter   version: 2.7.12 (default, Nov 19 2016, 06:48:10) [GCC 5.4.0 20160609]
2017-09-18 17:17:06,647: state.pubsub.pub.0000: MainProcess                     : MainThread     : INFO    :                      pid: 1442
2017-09-18 17:17:06,647: state.pubsub.pub.0000: MainProcess                     : MainThread     : INFO    :                      tid: MainThread
2017-09-18 17:17:06,647: state.pubsub.pub.0000: MainProcess                     : MainThread     : INFO    : radical.pilot        version: 0.46-v0.46.RC2@devel
2017-09-18 17:17:06,647: state.pubsub.pub.0000: MainProcess                     : MainThread     : INFO    : create state_pubsub - pub - tcp://172.30.238.6:42160
2017-09-18 17:17:06,648: state.pubsub.pub.0000: MainProcess                     : MainThread     : DEBUG   : start process
2017-09-18 17:17:06,648: state.pubsub.pub.0000: MainProcess                     : MainThread     : DEBUG   : ru_initialize_common (NOOP)
2017-09-18 17:17:06,648: state.pubsub.pub.0000: MainProcess                     : MainThread     : DEBUG   : ru_initialize_parent (NOOP)
2017-09-18 17:17:06,648: state.pubsub.pub.0000: MainProcess                     : MainThread     : DEBUG   : process class started (no child)
2017-09-18 17:36:34,479: state.pubsub.pub.0000: MainProcess                     : MainThread     : INFO    : parent stops child
2017-09-18 17:36:34,479: state.pubsub.pub.0000: MainProcess                     : MainThread     : DEBUG   : ru_finalize_parent (NOOP)
