2017-09-08 10:31:42,584: umgr.staging.input.queue.bridge.0000.child: umgr.staging.input.queue.bridge.0000.child: MainThread     : INFO    : python.interpreter   version: 2.7.12 (default, Nov 19 2016, 06:48:10) [GCC 5.4.0 20160609]
2017-09-08 10:31:42,584: umgr.staging.input.queue.bridge.0000.child: umgr.staging.input.queue.bridge.0000.child: MainThread     : INFO    :                      pid: 2347
2017-09-08 10:31:42,584: umgr.staging.input.queue.bridge.0000.child: umgr.staging.input.queue.bridge.0000.child: MainThread     : INFO    :                      tid: MainThread
2017-09-08 10:31:42,585: umgr.staging.input.queue.bridge.0000.child: umgr.staging.input.queue.bridge.0000.child: MainThread     : INFO    : radical.pilot        version: 0.46-v0.46.RC2@devel
2017-09-08 10:31:42,585: umgr.staging.input.queue.bridge.0000.child: umgr.staging.input.queue.bridge.0000.child: MainThread     : INFO    : start bridge umgr.staging.input.queue.bridge.0000.child on tcp://*:*
2017-09-08 10:31:42,587: umgr.staging.input.queue.bridge.0000.child: umgr.staging.input.queue.bridge.0000.child: MainThread     : INFO    : bound bridge umgr.staging.input.queue.bridge.0000.child to tcp://0.0.0.0:37898 : tcp://0.0.0.0:37746
2017-09-08 10:31:49,650: umgr.staging.input.queue.bridge.0000.child: umgr.staging.input.queue.bridge.0000.child: MainThread     : DEBUG   : sent  1 [hwm: 1]
2017-09-08 10:31:49,730: umgr.staging.input.queue.bridge.0000.child: umgr.staging.input.queue.bridge.0000.child: MainThread     : DEBUG   : sent  1 [hwm: 1]
2017-09-08 10:31:49,820: umgr.staging.input.queue.bridge.0000.child: umgr.staging.input.queue.bridge.0000.child: MainThread     : DEBUG   : sent  1 [hwm: 1]
2017-09-08 10:31:49,916: umgr.staging.input.queue.bridge.0000.child: umgr.staging.input.queue.bridge.0000.child: MainThread     : DEBUG   : sent  1 [hwm: 1]
2017-09-08 10:31:49,995: umgr.staging.input.queue.bridge.0000.child: umgr.staging.input.queue.bridge.0000.child: MainThread     : DEBUG   : sent  1 [hwm: 1]
2017-09-08 10:31:50,087: umgr.staging.input.queue.bridge.0000.child: umgr.staging.input.queue.bridge.0000.child: MainThread     : DEBUG   : sent  1 [hwm: 1]
2017-09-08 10:31:50,173: umgr.staging.input.queue.bridge.0000.child: umgr.staging.input.queue.bridge.0000.child: MainThread     : DEBUG   : sent  1 [hwm: 1]
2017-09-08 10:31:50,247: umgr.staging.input.queue.bridge.0000.child: umgr.staging.input.queue.bridge.0000.child: MainThread     : DEBUG   : sent  1 [hwm: 1]
2017-09-08 10:31:50,338: umgr.staging.input.queue.bridge.0000.child: umgr.staging.input.queue.bridge.0000.child: MainThread     : DEBUG   : sent  1 [hwm: 1]
2017-09-08 10:31:50,402: umgr.staging.input.queue.bridge.0000.child: umgr.staging.input.queue.bridge.0000.child: MainThread     : DEBUG   : sent  1 [hwm: 1]
2017-09-08 10:31:50,506: umgr.staging.input.queue.bridge.0000.child: umgr.staging.input.queue.bridge.0000.child: MainThread     : DEBUG   : sent  1 [hwm: 1]
2017-09-08 10:31:50,569: umgr.staging.input.queue.bridge.0000.child: umgr.staging.input.queue.bridge.0000.child: MainThread     : DEBUG   : sent  1 [hwm: 1]
2017-09-08 10:31:50,633: umgr.staging.input.queue.bridge.0000.child: umgr.staging.input.queue.bridge.0000.child: MainThread     : DEBUG   : sent  1 [hwm: 1]
2017-09-08 10:31:50,693: umgr.staging.input.queue.bridge.0000.child: umgr.staging.input.queue.bridge.0000.child: MainThread     : DEBUG   : sent  1 [hwm: 1]
2017-09-08 10:31:50,755: umgr.staging.input.queue.bridge.0000.child: umgr.staging.input.queue.bridge.0000.child: MainThread     : DEBUG   : sent  1 [hwm: 1]
2017-09-08 10:31:50,816: umgr.staging.input.queue.bridge.0000.child: umgr.staging.input.queue.bridge.0000.child: MainThread     : DEBUG   : sent  1 [hwm: 1]
2017-09-08 10:31:50,878: umgr.staging.input.queue.bridge.0000.child: umgr.staging.input.queue.bridge.0000.child: MainThread     : DEBUG   : sent  1 [hwm: 1]
2017-09-08 10:31:50,938: umgr.staging.input.queue.bridge.0000.child: umgr.staging.input.queue.bridge.0000.child: MainThread     : DEBUG   : sent  1 [hwm: 1]
2017-09-08 10:31:50,998: umgr.staging.input.queue.bridge.0000.child: umgr.staging.input.queue.bridge.0000.child: MainThread     : DEBUG   : sent  1 [hwm: 1]
2017-09-08 10:31:51,058: umgr.staging.input.queue.bridge.0000.child: umgr.staging.input.queue.bridge.0000.child: MainThread     : DEBUG   : sent  1 [hwm: 1]
2017-09-08 10:31:51,117: umgr.staging.input.queue.bridge.0000.child: umgr.staging.input.queue.bridge.0000.child: MainThread     : DEBUG   : sent  1 [hwm: 1]
2017-09-08 10:31:51,913: umgr.staging.input.queue.bridge.0000.child: umgr.staging.input.queue.bridge.0000.child: MainThread     : DEBUG   : sent  1 [hwm: 1]
2017-09-08 10:31:52,049: umgr.staging.input.queue.bridge.0000.child: umgr.staging.input.queue.bridge.0000.child: MainThread     : DEBUG   : sent  1 [hwm: 1]
2017-09-08 10:31:52,209: umgr.staging.input.queue.bridge.0000.child: umgr.staging.input.queue.bridge.0000.child: MainThread     : DEBUG   : sent  1 [hwm: 1]
2017-09-08 10:31:52,287: umgr.staging.input.queue.bridge.0000.child: umgr.staging.input.queue.bridge.0000.child: MainThread     : DEBUG   : sent  1 [hwm: 1]
2017-09-08 10:31:52,358: umgr.staging.input.queue.bridge.0000.child: umgr.staging.input.queue.bridge.0000.child: MainThread     : DEBUG   : sent  1 [hwm: 1]
2017-09-08 10:31:52,452: umgr.staging.input.queue.bridge.0000.child: umgr.staging.input.queue.bridge.0000.child: MainThread     : DEBUG   : sent  1 [hwm: 1]
2017-09-08 10:31:52,545: umgr.staging.input.queue.bridge.0000.child: umgr.staging.input.queue.bridge.0000.child: MainThread     : DEBUG   : sent  1 [hwm: 1]
2017-09-08 10:31:52,664: umgr.staging.input.queue.bridge.0000.child: umgr.staging.input.queue.bridge.0000.child: MainThread     : DEBUG   : sent  1 [hwm: 1]
2017-09-08 10:31:52,734: umgr.staging.input.queue.bridge.0000.child: umgr.staging.input.queue.bridge.0000.child: MainThread     : DEBUG   : sent  1 [hwm: 1]
2017-09-08 10:31:52,852: umgr.staging.input.queue.bridge.0000.child: umgr.staging.input.queue.bridge.0000.child: MainThread     : DEBUG   : sent  1 [hwm: 1]
2017-09-08 10:31:52,993: umgr.staging.input.queue.bridge.0000.child: umgr.staging.input.queue.bridge.0000.child: MainThread     : DEBUG   : sent  1 [hwm: 1]
2017-09-08 10:31:53,068: umgr.staging.input.queue.bridge.0000.child: umgr.staging.input.queue.bridge.0000.child: MainThread     : DEBUG   : sent  1 [hwm: 1]
2017-09-08 10:31:53,212: umgr.staging.input.queue.bridge.0000.child: umgr.staging.input.queue.bridge.0000.child: MainThread     : DEBUG   : sent  1 [hwm: 1]
2017-09-08 10:31:53,274: umgr.staging.input.queue.bridge.0000.child: umgr.staging.input.queue.bridge.0000.child: MainThread     : DEBUG   : sent  1 [hwm: 1]
2017-09-08 10:31:53,335: umgr.staging.input.queue.bridge.0000.child: umgr.staging.input.queue.bridge.0000.child: MainThread     : DEBUG   : sent  1 [hwm: 1]
2017-09-08 10:31:56,167: umgr.staging.input.queue.bridge.0000.child: umgr.staging.input.queue.bridge.0000.child: MainThread     : DEBUG   : sent  1 [hwm: 1]
2017-09-08 10:31:56,237: umgr.staging.input.queue.bridge.0000.child: umgr.staging.input.queue.bridge.0000.child: MainThread     : DEBUG   : sent  1 [hwm: 1]
2017-09-08 10:31:56,325: umgr.staging.input.queue.bridge.0000.child: umgr.staging.input.queue.bridge.0000.child: MainThread     : DEBUG   : sent  1 [hwm: 1]
2017-09-08 10:31:56,409: umgr.staging.input.queue.bridge.0000.child: umgr.staging.input.queue.bridge.0000.child: MainThread     : DEBUG   : sent  1 [hwm: 1]
2017-09-08 10:31:56,486: umgr.staging.input.queue.bridge.0000.child: umgr.staging.input.queue.bridge.0000.child: MainThread     : DEBUG   : sent  1 [hwm: 1]
2017-09-08 10:31:56,563: umgr.staging.input.queue.bridge.0000.child: umgr.staging.input.queue.bridge.0000.child: MainThread     : DEBUG   : sent  1 [hwm: 1]
2017-09-08 10:31:56,653: umgr.staging.input.queue.bridge.0000.child: umgr.staging.input.queue.bridge.0000.child: MainThread     : DEBUG   : sent  1 [hwm: 1]
2017-09-08 10:31:56,741: umgr.staging.input.queue.bridge.0000.child: umgr.staging.input.queue.bridge.0000.child: MainThread     : DEBUG   : sent  1 [hwm: 1]
2017-09-08 10:31:56,813: umgr.staging.input.queue.bridge.0000.child: umgr.staging.input.queue.bridge.0000.child: MainThread     : DEBUG   : sent  1 [hwm: 1]
2017-09-08 10:31:56,908: umgr.staging.input.queue.bridge.0000.child: umgr.staging.input.queue.bridge.0000.child: MainThread     : DEBUG   : sent  1 [hwm: 1]
2017-09-08 10:31:56,989: umgr.staging.input.queue.bridge.0000.child: umgr.staging.input.queue.bridge.0000.child: MainThread     : DEBUG   : sent  1 [hwm: 1]
2017-09-08 10:31:57,063: umgr.staging.input.queue.bridge.0000.child: umgr.staging.input.queue.bridge.0000.child: MainThread     : DEBUG   : sent  1 [hwm: 1]
2017-09-08 10:31:57,133: umgr.staging.input.queue.bridge.0000.child: umgr.staging.input.queue.bridge.0000.child: MainThread     : DEBUG   : sent  1 [hwm: 1]
2017-09-08 10:31:57,195: umgr.staging.input.queue.bridge.0000.child: umgr.staging.input.queue.bridge.0000.child: MainThread     : DEBUG   : sent  1 [hwm: 1]
2017-09-08 10:31:57,254: umgr.staging.input.queue.bridge.0000.child: umgr.staging.input.queue.bridge.0000.child: MainThread     : DEBUG   : sent  1 [hwm: 1]
2017-09-08 10:31:57,310: umgr.staging.input.queue.bridge.0000.child: umgr.staging.input.queue.bridge.0000.child: MainThread     : DEBUG   : sent  1 [hwm: 1]
2017-09-08 10:31:57,370: umgr.staging.input.queue.bridge.0000.child: umgr.staging.input.queue.bridge.0000.child: MainThread     : DEBUG   : sent  1 [hwm: 1]
2017-09-08 10:31:59,647: umgr.staging.input.queue.bridge.0000.child: umgr.staging.input.queue.bridge.0000.child: MainThread     : DEBUG   : sent  1 [hwm: 1]
2017-09-08 10:32:00,742: umgr.staging.input.queue.bridge.0000.child: umgr.staging.input.queue.bridge.0000.child: MainThread     : DEBUG   : sent  1 [hwm: 1]
2017-09-08 10:32:01,392: umgr.staging.input.queue.bridge.0000.child: umgr.staging.input.queue.bridge.0000.child: MainThread     : DEBUG   : sent  1 [hwm: 1]
2017-09-08 10:32:01,459: umgr.staging.input.queue.bridge.0000.child: umgr.staging.input.queue.bridge.0000.child: MainThread     : DEBUG   : sent  1 [hwm: 1]
2017-09-08 10:32:01,547: umgr.staging.input.queue.bridge.0000.child: umgr.staging.input.queue.bridge.0000.child: MainThread     : DEBUG   : sent  1 [hwm: 1]
2017-09-08 10:32:01,629: umgr.staging.input.queue.bridge.0000.child: umgr.staging.input.queue.bridge.0000.child: MainThread     : DEBUG   : sent  1 [hwm: 1]
2017-09-08 10:32:01,699: umgr.staging.input.queue.bridge.0000.child: umgr.staging.input.queue.bridge.0000.child: MainThread     : DEBUG   : sent  1 [hwm: 1]
2017-09-08 10:32:01,778: umgr.staging.input.queue.bridge.0000.child: umgr.staging.input.queue.bridge.0000.child: MainThread     : DEBUG   : sent  1 [hwm: 1]
2017-09-08 10:32:01,860: umgr.staging.input.queue.bridge.0000.child: umgr.staging.input.queue.bridge.0000.child: MainThread     : DEBUG   : sent  1 [hwm: 1]
2017-09-08 10:32:01,940: umgr.staging.input.queue.bridge.0000.child: umgr.staging.input.queue.bridge.0000.child: MainThread     : DEBUG   : sent  1 [hwm: 1]
2017-09-08 10:32:02,018: umgr.staging.input.queue.bridge.0000.child: umgr.staging.input.queue.bridge.0000.child: MainThread     : DEBUG   : sent  1 [hwm: 1]
2017-09-08 10:33:50,388: umgr.staging.input.queue.bridge.0000.child: umgr.staging.input.queue.bridge.0000.child: MainThread     : WARNING : not alive anymore?
2017-09-08 10:33:50,388: umgr.staging.input.queue.bridge.0000.child: umgr.staging.input.queue.bridge.0000.child: MainThread     : WARNING : send failed ([Errno 9] Bad file descriptor) - terminate
2017-09-08 10:33:50,390: umgr.staging.input.queue.bridge.0000.child: umgr.staging.input.queue.bridge.0000.child: MainThread     : WARNING : send failed ([Errno 9] Bad file descriptor) - terminate
