2017-09-13 16:37:18,671: pmgr.launching.0.child: pmgr.launching.0                : MainThread     : INFO    : python.interpreter   version: 2.7.12 (default, Nov 19 2016, 06:48:10) [GCC 5.4.0 20160609]
2017-09-13 16:37:18,671: pmgr.launching.0.child: pmgr.launching.0                : MainThread     : INFO    :                      pid: 28504
2017-09-13 16:37:18,671: pmgr.launching.0.child: pmgr.launching.0                : MainThread     : INFO    :                      tid: MainThread
2017-09-13 16:37:18,672: pmgr.launching.0.child: pmgr.launching.0                : MainThread     : INFO    : radical.pilot        version: 0.46-v0.46.RC2@devel
2017-09-13 16:37:19,693: pmgr.launching.0.child: pmgr.launching.0                : MainThread     : INFO    : initialize pmgr.launching.0.child
2017-09-13 16:37:19,696: pmgr.launching.0.child: pmgr.launching.0                : MainThread     : INFO    : cfg: {'agents': {},
 u'bridges': {u'control_pubsub': {'addr_in': 'tcp://172.30.238.6:36249',
                                  'addr_out': 'tcp://172.30.238.6:44079',
                                  u'bulk_size': 0,
                                  u'log_level': u'debug',
                                  u'stall_hwm': 1},
              u'log_pubsub': {'addr_in': 'tcp://172.30.238.6:35600',
                              'addr_out': 'tcp://172.30.238.6:44425',
                              u'bulk_size': 0,
                              u'log_level': u'debug',
                              u'stall_hwm': 1},
              u'pmgr_launching_queue': {'addr_in': 'tcp://172.30.238.6:45819',
                                        'addr_out': 'tcp://172.30.238.6:45796',
                                        u'bulk_size': 0,
                                        u'log_level': u'debug',
                                        u'stall_hwm': 1},
              u'state_pubsub': {'addr_in': 'tcp://172.30.238.6:33618',
                                'addr_out': 'tcp://172.30.238.6:39808',
                                u'bulk_size': 0,
                                u'log_level': u'debug',
                                u'stall_hwm': 1}},
 'cname': u'PMGRLaunchingComponent',
 u'components': {},
 u'count': 1,
 u'db_poll_sleeptime': 1.0,
 'number': 0,
 'owner': 'pmgr.0000',
 'uid': 'pmgr.0000'}
2017-09-13 16:37:19,696: pmgr.launching.0.child: pmgr.launching.0                : MainThread     : DEBUG   : start components: {}
2017-09-13 16:37:19,697: pmgr.launching.0.child: pmgr.launching.0                : MainThread     : DEBUG   : alive check in term
2017-09-13 16:37:19,697: pmgr.launching.0.child: pmgr.launching.0                : MainThread     : DEBUG   : START: pmgr.launching.0.child register publisher log_pubsub
2017-09-13 16:37:19,697: pmgr.launching.0.child: pmgr.launching.0                : MainThread     : DEBUG   : using addr tcp://172.30.238.6:35600 for pubsub log_pubsub
2017-09-13 16:37:19,701: pmgr.launching.0.child: pmgr.launching.0                : MainThread     : DEBUG   : registered publisher : log_pubsub : log.pubsub.pub.0001
2017-09-13 16:37:19,701: pmgr.launching.0.child: pmgr.launching.0                : MainThread     : DEBUG   : alive check in term
2017-09-13 16:37:19,701: pmgr.launching.0.child: pmgr.launching.0                : MainThread     : DEBUG   : START: pmgr.launching.0.child register publisher state_pubsub
2017-09-13 16:37:19,701: pmgr.launching.0.child: pmgr.launching.0                : MainThread     : DEBUG   : using addr tcp://172.30.238.6:33618 for pubsub state_pubsub
2017-09-13 16:37:19,704: pmgr.launching.0.child: pmgr.launching.0                : MainThread     : DEBUG   : registered publisher : state_pubsub : state.pubsub.pub.0001
2017-09-13 16:37:19,704: pmgr.launching.0.child: pmgr.launching.0                : MainThread     : DEBUG   : alive check in term
2017-09-13 16:37:19,704: pmgr.launching.0.child: pmgr.launching.0                : MainThread     : DEBUG   : START: pmgr.launching.0.child register publisher control_pubsub
2017-09-13 16:37:19,705: pmgr.launching.0.child: pmgr.launching.0                : MainThread     : DEBUG   : using addr tcp://172.30.238.6:36249 for pubsub control_pubsub
2017-09-13 16:37:19,707: pmgr.launching.0.child: pmgr.launching.0                : MainThread     : DEBUG   : registered publisher : control_pubsub : control.pubsub.pub.0001
2017-09-13 16:37:19,708: pmgr.launching.0.child: pmgr.launching.0                : MainThread     : DEBUG   : alive check in term
2017-09-13 16:37:19,708: pmgr.launching.0.child: pmgr.launching.0                : MainThread     : DEBUG   : START: pmgr.launching.0.child register subscriber pmgr.launching.0.child.subscriber._cancel_monitor_cb
2017-09-13 16:37:19,708: pmgr.launching.0.child: pmgr.launching.0                : MainThread     : DEBUG   : using addr tcp://172.30.238.6:44079 for pubsub control_pubsub
2017-09-13 16:37:19,731: pmgr.launching.0.child: pmgr.launching.0                : MainThread     : DEBUG   : parent name: pmgr.launching.0.child.subscriber._cancel_monitor_cb
2017-09-13 16:37:19,731: pmgr.launching.0.child: pmgr.launching.0                : MainThread     : DEBUG   : start thread
2017-09-13 16:37:19,731: pmgr.launching.0.child: pmgr.launching.0                : pmgr.launching.0.child.subscriber._cancel_monitor_cb: DEBUG   : child name: pmgr.launching.0.child.subscriber._cancel_monitor_cb.thread
2017-09-13 16:37:19,732: pmgr.launching.0.child: pmgr.launching.0                : pmgr.launching.0.child.subscriber._cancel_monitor_cb: INFO    : child (me) initializing
2017-09-13 16:37:19,732: pmgr.launching.0.child: pmgr.launching.0                : pmgr.launching.0.child.subscriber._cancel_monitor_cb: DEBUG   : ru_initialize_common (NOOP)
2017-09-13 16:37:19,732: pmgr.launching.0.child: pmgr.launching.0                : pmgr.launching.0.child.subscriber._cancel_monitor_cb: DEBUG   : ru_initialize_child (NOOP)
2017-09-13 16:37:19,732: pmgr.launching.0.child: pmgr.launching.0                : pmgr.launching.0.child.subscriber._cancel_monitor_cb: INFO    : send alive
2017-09-13 16:37:19,732: pmgr.launching.0.child: pmgr.launching.0                : pmgr.launching.0.child.subscriber._cancel_monitor_cb: INFO    : put message: [pmgr.launching.0.child.subscriber._cancel_monitor_cb.thread] alive
2017-09-13 16:37:19,733: pmgr.launching.0.child: pmgr.launching.0                : MainThread     : INFO    : get msg: alive
2017-09-13 16:37:19,733: pmgr.launching.0.child: pmgr.launching.0                : MainThread     : DEBUG   : ru_initialize_common (NOOP)
2017-09-13 16:37:19,733: pmgr.launching.0.child: pmgr.launching.0                : MainThread     : DEBUG   : ru_initialize_parent (NOOP)
2017-09-13 16:37:19,733: pmgr.launching.0.child: pmgr.launching.0                : MainThread     : DEBUG   : child thread pmgr.launching.0.child.subscriber._cancel_monitor_cb started
2017-09-13 16:37:19,734: pmgr.launching.0.child: pmgr.launching.0                : MainThread     : DEBUG   : pmgr.launching.0.child registered control_pubsub subscriber pmgr.launching.0.child.subscriber._cancel_monitor_cb
2017-09-13 16:37:19,734: pmgr.launching.0.child: pmgr.launching.0                : MainThread     : DEBUG   : alive check in term
2017-09-13 16:37:19,734: pmgr.launching.0.child: pmgr.launching.0                : MainThread     : DEBUG   : using addr tcp://172.30.238.6:45796 for input pmgr_launching_queue
2017-09-13 16:37:19,736: pmgr.launching.0.child: pmgr.launching.0                : MainThread     : DEBUG   : registered input pmgr.launching.0.child.work.PMGR_LAUNCHING_PENDING
2017-09-13 16:37:19,737: pmgr.launching.0.child: pmgr.launching.0                : MainThread     : DEBUG   : START: pmgr.launching.0.child register input PMGR_LAUNCHING_PENDING: pmgr.launching.0.child.work.PMGR_LAUNCHING_PENDING
2017-09-13 16:37:19,737: pmgr.launching.0.child: pmgr.launching.0                : MainThread     : DEBUG   : registered worker work [PMGR_LAUNCHING_PENDING]
2017-09-13 16:37:19,737: pmgr.launching.0.child: pmgr.launching.0                : MainThread     : DEBUG   : alive check in term
2017-09-13 16:37:19,737: pmgr.launching.0.child: pmgr.launching.0                : MainThread     : DEBUG   : START: pmgr.launching.0.child register idler pmgr.launching.0.child.idler._pilot_watcher_cb
2017-09-13 16:37:19,737: pmgr.launching.0.child: pmgr.launching.0                : MainThread     : DEBUG   : parent name: pmgr.launching.0.child.idler._pilot_watcher_cb
2017-09-13 16:37:19,737: pmgr.launching.0.child: pmgr.launching.0                : MainThread     : DEBUG   : start thread
2017-09-13 16:37:19,738: pmgr.launching.0.child: pmgr.launching.0                : pmgr.launching.0.child.idler._pilot_watcher_cb: DEBUG   : child name: pmgr.launching.0.child.idler._pilot_watcher_cb.thread
2017-09-13 16:37:19,738: pmgr.launching.0.child: pmgr.launching.0                : pmgr.launching.0.child.idler._pilot_watcher_cb: INFO    : child (me) initializing
2017-09-13 16:37:19,738: pmgr.launching.0.child: pmgr.launching.0                : pmgr.launching.0.child.idler._pilot_watcher_cb: DEBUG   : ru_initialize_common (NOOP)
2017-09-13 16:37:19,738: pmgr.launching.0.child: pmgr.launching.0                : pmgr.launching.0.child.idler._pilot_watcher_cb: DEBUG   : ru_initialize_child (NOOP)
2017-09-13 16:37:19,738: pmgr.launching.0.child: pmgr.launching.0                : pmgr.launching.0.child.idler._pilot_watcher_cb: INFO    : send alive
2017-09-13 16:37:19,738: pmgr.launching.0.child: pmgr.launching.0                : pmgr.launching.0.child.idler._pilot_watcher_cb: INFO    : put message: [pmgr.launching.0.child.idler._pilot_watcher_cb.thread] alive
2017-09-13 16:37:19,739: pmgr.launching.0.child: pmgr.launching.0                : MainThread     : INFO    : get msg: alive
2017-09-13 16:37:19,739: pmgr.launching.0.child: pmgr.launching.0                : MainThread     : DEBUG   : ru_initialize_common (NOOP)
2017-09-13 16:37:19,740: pmgr.launching.0.child: pmgr.launching.0                : MainThread     : DEBUG   : ru_initialize_parent (NOOP)
2017-09-13 16:37:19,740: pmgr.launching.0.child: pmgr.launching.0                : MainThread     : DEBUG   : child thread pmgr.launching.0.child.idler._pilot_watcher_cb started
2017-09-13 16:37:19,740: pmgr.launching.0.child: pmgr.launching.0                : MainThread     : DEBUG   : pmgr.launching.0.child registered idler pmgr.launching.0.child.idler._pilot_watcher_cb
2017-09-13 16:37:19,740: pmgr.launching.0.child: pmgr.launching.0                : MainThread     : DEBUG   : alive check in term
2017-09-13 16:37:19,740: pmgr.launching.0.child: pmgr.launching.0                : MainThread     : DEBUG   : START: pmgr.launching.0.child register subscriber pmgr.launching.0.child.subscriber._pmgr_control_cb
2017-09-13 16:37:19,740: pmgr.launching.0.child: pmgr.launching.0                : MainThread     : DEBUG   : using addr tcp://172.30.238.6:44079 for pubsub control_pubsub
2017-09-13 16:37:19,745: pmgr.launching.0.child: pmgr.launching.0                : MainThread     : DEBUG   : parent name: pmgr.launching.0.child.subscriber._pmgr_control_cb
2017-09-13 16:37:19,746: pmgr.launching.0.child: pmgr.launching.0                : MainThread     : DEBUG   : start thread
2017-09-13 16:37:19,750: pmgr.launching.0.child: pmgr.launching.0                : pmgr.launching.0.child.subscriber._pmgr_control_cb: DEBUG   : child name: pmgr.launching.0.child.subscriber._pmgr_control_cb.thread
2017-09-13 16:37:19,750: pmgr.launching.0.child: pmgr.launching.0                : pmgr.launching.0.child.subscriber._pmgr_control_cb: INFO    : child (me) initializing
2017-09-13 16:37:19,750: pmgr.launching.0.child: pmgr.launching.0                : pmgr.launching.0.child.subscriber._pmgr_control_cb: DEBUG   : ru_initialize_common (NOOP)
2017-09-13 16:37:19,750: pmgr.launching.0.child: pmgr.launching.0                : pmgr.launching.0.child.subscriber._pmgr_control_cb: DEBUG   : ru_initialize_child (NOOP)
2017-09-13 16:37:19,750: pmgr.launching.0.child: pmgr.launching.0                : pmgr.launching.0.child.subscriber._pmgr_control_cb: INFO    : send alive
2017-09-13 16:37:19,750: pmgr.launching.0.child: pmgr.launching.0                : pmgr.launching.0.child.subscriber._pmgr_control_cb: INFO    : put message: [pmgr.launching.0.child.subscriber._pmgr_control_cb.thread] alive
2017-09-13 16:37:19,751: pmgr.launching.0.child: pmgr.launching.0                : MainThread     : INFO    : get msg: alive
2017-09-13 16:37:19,751: pmgr.launching.0.child: pmgr.launching.0                : MainThread     : DEBUG   : ru_initialize_common (NOOP)
2017-09-13 16:37:19,751: pmgr.launching.0.child: pmgr.launching.0                : MainThread     : DEBUG   : ru_initialize_parent (NOOP)
2017-09-13 16:37:19,751: pmgr.launching.0.child: pmgr.launching.0                : MainThread     : DEBUG   : child thread pmgr.launching.0.child.subscriber._pmgr_control_cb started
2017-09-13 16:37:19,752: pmgr.launching.0.child: pmgr.launching.0                : MainThread     : DEBUG   : pmgr.launching.0.child registered control_pubsub subscriber pmgr.launching.0.child.subscriber._pmgr_control_cb
2017-09-13 16:37:19,754: pmgr.launching.0.child: pmgr.launching.0                : MainThread     : INFO    : ('0.46', '0.46-v0.46.RC2@devel', 'v0.46.RC2', '@devel', 'radical.pilot-0.46-v0.46.RC2-devel.tar.gz', '/home/vivek91/ves/entk-exp/local/lib/python2.7/site-packages/radical/pilot/pmgr/launching/../..//radical.pilot-0.46-v0.46.RC2-devel.tar.gz')
2017-09-13 16:37:19,754: pmgr.launching.0.child: pmgr.launching.0                : MainThread     : INFO    : child (me) initializing
2017-09-13 16:37:19,755: pmgr.launching.0.child: pmgr.launching.0                : MainThread     : DEBUG   : parent name: pmgr.launching.0.child.watch
2017-09-13 16:37:19,755: pmgr.launching.0.child: pmgr.launching.0                : MainThread     : DEBUG   : start thread
2017-09-13 16:37:19,755: pmgr.launching.0.child: pmgr.launching.0                : pmgr.launching.0.child.watch: DEBUG   : child name: pmgr.launching.0.child.watch.thread
2017-09-13 16:37:19,755: pmgr.launching.0.child: pmgr.launching.0                : pmgr.launching.0.child.watch: INFO    : child (me) initializing
2017-09-13 16:37:19,755: pmgr.launching.0.child: pmgr.launching.0                : pmgr.launching.0.child.watch: DEBUG   : ru_initialize_common (NOOP)
2017-09-13 16:37:19,755: pmgr.launching.0.child: pmgr.launching.0                : pmgr.launching.0.child.watch: DEBUG   : ru_initialize_child (NOOP)
2017-09-13 16:37:19,756: pmgr.launching.0.child: pmgr.launching.0                : pmgr.launching.0.child.watch: INFO    : send alive
2017-09-13 16:37:19,756: pmgr.launching.0.child: pmgr.launching.0                : pmgr.launching.0.child.watch: INFO    : put message: [pmgr.launching.0.child.watch.thread] alive
2017-09-13 16:37:19,756: pmgr.launching.0.child: pmgr.launching.0                : MainThread     : INFO    : get msg: alive
2017-09-13 16:37:19,756: pmgr.launching.0.child: pmgr.launching.0                : MainThread     : DEBUG   : ru_initialize_common (NOOP)
2017-09-13 16:37:19,757: pmgr.launching.0.child: pmgr.launching.0                : MainThread     : DEBUG   : ru_initialize_parent (NOOP)
2017-09-13 16:37:19,757: pmgr.launching.0.child: pmgr.launching.0                : MainThread     : DEBUG   : child thread pmgr.launching.0.child.watch started
2017-09-13 16:37:19,757: pmgr.launching.0.child: pmgr.launching.0                : MainThread     : INFO    : child (me) is alive
2017-09-13 16:37:19,757: pmgr.launching.0.child: pmgr.launching.0                : MainThread     : INFO    : send alive
2017-09-13 16:37:19,757: pmgr.launching.0.child: pmgr.launching.0                : MainThread     : INFO    : send message: [pmgr.launching.0.child] alive
2017-09-13 16:37:22,030: pmgr.launching.0.child: pmgr.launching.0                : MainThread     : DEBUG   : got pilot (pilot.0000)
2017-09-13 16:37:22,030: pmgr.launching.0.child: pmgr.launching.0                : MainThread     : DEBUG   : advance bulk size: 1 [False, True]
2017-09-13 16:37:22,030: pmgr.launching.0.child: pmgr.launching.0                : MainThread     : DEBUG   : advance bulk: pilot.0000 [1]
2017-09-13 16:37:22,030: pmgr.launching.0.child: pmgr.launching.0                : MainThread     : INFO    : Launching pilots on xsede.comet_ssh: ['pilot.0000']
2017-09-13 16:37:23,234: pmgr.launching.0.child: pmgr.launching.0                : MainThread     : INFO    : Read agent config file: /home/vivek91/ves/entk-exp/local/lib/python2.7/site-packages/radical/pilot/pmgr/launching/../..//configs/agent_default.json
2017-09-13 16:37:23,235: pmgr.launching.0.child: pmgr.launching.0                : MainThread     : DEBUG   : Write agent cfg to '/tmp/rp.agent_cfg.jy9h9n'.
2017-09-13 16:37:23,245: pmgr.launching.0.child: pmgr.launching.0                : MainThread     : DEBUG   : {'agent_launch_method': 'SSH',
 u'bridges': {u'agent_executing_queue': {u'bulk_size': 0,
                                         u'log_level': u'debug',
                                         u'stall_hwm': 1},
              u'agent_reschedule_pubsub': {u'bulk_size': 0,
                                           u'log_level': u'debug',
                                           u'stall_hwm': 1},
              u'agent_scheduling_queue': {u'bulk_size': 0,
                                          u'log_level': u'debug',
                                          u'stall_hwm': 1},
              u'agent_staging_input_queue': {u'bulk_size': 0,
                                             u'log_level': u'debug',
                                             u'stall_hwm': 1},
              u'agent_staging_output_queue': {u'bulk_size': 0,
                                              u'log_level': u'debug',
                                              u'stall_hwm': 1},
              u'agent_unschedule_pubsub': {u'bulk_size': 0,
                                           u'log_level': u'debug',
                                           u'stall_hwm': 1},
              u'control_pubsub': {u'bulk_size': 0,
                                  u'log_level': u'debug',
                                  u'stall_hwm': 1},
              u'log_pubsub': {u'bulk_size': 0,
                              u'log_level': u'debug',
                              u'stall_hwm': 1},
              u'state_pubsub': {u'bulk_size': 0,
                                u'log_level': u'debug',
                                u'stall_hwm': 1}},
 u'bulk_collection_size': 100,
 u'bulk_collection_time': 1.0,
 u'components': {u'AgentExecutingComponent': {u'count': 1},
                 u'AgentSchedulingComponent': {u'count': 1},
                 u'AgentStagingInputComponent': {u'count': 1},
                 u'AgentStagingOutputComponent': {u'count': 1},
                 u'UpdateWorker': {u'count': 1}},
 'cores': 96,
 'cores_per_node': 24,
 'cu_post_exec': None,
 'cu_pre_exec': None,
 'cu_tmp': '/scratch/$USER/$SLURM_JOBID',
 u'db_poll_sleeptime': 1.0,
 'dburl': 'mongodb://user:user@ds135444.mlab.com:35444/exp-5-2-2-3',
 'debug': 10,
 'export_to_cu': None,
 'logdir': '.',
 'lrms': 'SLURM',
 u'max_io_loglength': 1024,
 u'mode': u'shared',
 'mpi_launch_method': 'MPIRUN_RSH',
 'owner': 'agent_0',
 'pilot_id': 'pilot.0000',
 'pilot_sandbox': '/home/vivek91/radical.pilot.sandbox/rp.session.js-17-212.jetstream-cloud.org.vivek91.017422.0009/pilot.0000/',
 'resource_cfg': {'agent_launch_method': 'SSH',
                  'agent_scheduler': 'CONTINUOUS',
                  'agent_spawner': 'POPEN',
                  'cores_per_node': '24',
                  'cu_tmp': '/scratch/$USER/$SLURM_JOBID',
                  'default_queue': 'compute',
                  'description': "The Comet HPC resource at SDSC 'HPC for the 99%' (http://www.sdsc.edu/services/hpc/hpc_systems.html#comet).",
                  'filesystem_endpoint': 'sftp://comet.sdsc.xsede.org/',
                  'gsissh': {'filesystem_endpoint': 'gsisftp://comet.sdsc.xsede.org/',
                             'job_manager_endpoint': 'slurm+gsissh://comet.sdsc.xsede.org/'},
                  'job_manager_endpoint': 'slurm+ssh://comet.sdsc.xsede.org/',
                  'label': 'xsede.comet_ssh',
                  'lrms': 'SLURM',
                  'mandatory_args': ['project'],
                  'mpi_launch_method': 'MPIRUN_RSH',
                  'notes': 'Always set the ``project`` attribute in the ComputePilotDescription or the pilot will fail.',
                  'pre_bootstrap_1': ['module load python'],
                  'python_dist': 'default',
                  'rp_version': 'local',
                  'schemas': ['ssh', 'gsissh'],
                  'ssh': {'filesystem_endpoint': 'sftp://comet.sdsc.xsede.org/',
                          'job_manager_endpoint': 'slurm+ssh://comet.sdsc.xsede.org/'},
                  'task_launch_method': 'SSH',
                  'valid_roots': ['/home'],
                  'virtenv_mode': 'create'},
 'resource_sandbox': '/home/vivek91/radical.pilot.sandbox',
 'runtime': 60,
 'scheduler': 'CONTINUOUS',
 'session_id': 'rp.session.js-17-212.jetstream-cloud.org.vivek91.017422.0009',
 'session_sandbox': '/home/vivek91/radical.pilot.sandbox/rp.session.js-17-212.jetstream-cloud.org.vivek91.017422.0009',
 'spawner': 'POPEN',
 u'staging_area': u'staging_area',
 u'staging_schema': u'staging',
 u'target': u'local',
 'task_launch_method': 'SSH'}
2017-09-13 16:37:23,247: pmgr.launching.0.child: pmgr.launching.0                : MainThread     : DEBUG   : use bootstrapper /home/vivek91/ves/entk-exp/local/lib/python2.7/site-packages/radical/pilot/agent/bootstrap_1.sh
2017-09-13 16:37:23,249: pmgr.launching.0.child: pmgr.launching.0                : MainThread     : DEBUG   : Bootstrap command line: /bin/bash ['-l /home/vivek91/radical.pilot.sandbox/rp.session.js-17-212.jetstream-cloud.org.vivek91.017422.0009/bootstrap_1.sh', " -d 'radical.utils-0.46-v0.46.RC2-4-gf1b0c7a-devel.tar.gz:saga-python-0.46-v0.46.RC2-devel.tar.gz:radical.pilot-0.46-v0.46.RC2-devel.tar.gz' -p 'pilot.0000' -s 'rp.session.js-17-212.jetstream-cloud.org.vivek91.017422.0009' -m 'create' -r 'local' -b 'default' -g 'default' -v '/home/vivek91/radical.pilot.sandbox/ve.xsede.comet_ssh.0.46' -y '60' -e 'module load python'"]
2017-09-13 16:37:23,250: pmgr.launching.0.child: pmgr.launching.0                : MainThread     : DEBUG   : cmd: cd /tmp/rp_agent_tar_dirNlyxVB && tar zchf /tmp/rp_agent_tar_dirNlyxVB/rp.session.js-17-212.jetstream-cloud.org.vivek91.017422.0009.pmgr.launching.0.child.tgz *
2017-09-13 16:37:23,330: pmgr.launching.0.child: pmgr.launching.0                : MainThread     : DEBUG   : out: 
2017-09-13 16:37:23,330: pmgr.launching.0.child: pmgr.launching.0                : MainThread     : DEBUG   : rs.file.Directory ('sftp://comet.sdsc.xsede.org/')
2017-09-13 16:37:27,682: pmgr.launching.0.child: pmgr.launching.0                : MainThread     : DEBUG   : tar cmd : tar zmxvf /home/vivek91/radical.pilot.sandbox/rp.session.js-17-212.jetstream-cloud.org.vivek91.017422.0009/rp.session.js-17-212.jetstream-cloud.org.vivek91.017422.0009.pmgr.launching.0.child.tgz -C /home/vivek91/radical.pilot.sandbox/rp.session.js-17-212.jetstream-cloud.org.vivek91.017422.0009
2017-09-13 16:37:27,981: pmgr.launching.0.child: pmgr.launching.0                : MainThread     : DEBUG   : tar done: Done, bootstrap_1.sh
pilot.0000/
pilot.0000/pilot.0000.prof.tgz
pilot.0000/agent_0.cfg
pilot.0000/pilot.0000.log.tgz
radical.pilot-0.46-v0.46.RC2-devel.tar.gz
radical.utils-0.46-v0.46.RC2-4-gf1b0c7a-devel.tar.gz
saga-python-0.46-v0.46.RC2-devel.tar.gz
, 
2017-09-13 16:37:29,372: pmgr.launching.0.child: pmgr.launching.0                : MainThread     : DEBUG   : jd: {'Arguments': ['-l /home/vivek91/radical.pilot.sandbox/rp.session.js-17-212.jetstream-cloud.org.vivek91.017422.0009/bootstrap_1.sh',
               " -d 'radical.utils-0.46-v0.46.RC2-4-gf1b0c7a-devel.tar.gz:saga-python-0.46-v0.46.RC2-devel.tar.gz:radical.pilot-0.46-v0.46.RC2-devel.tar.gz' -p 'pilot.0000' -s 'rp.session.js-17-212.jetstream-cloud.org.vivek91.017422.0009' -m 'create' -r 'local' -b 'default' -g 'default' -v '/home/vivek91/radical.pilot.sandbox/ve.xsede.comet_ssh.0.46' -y '60' -e 'module load python'"],
 'CandidateHosts': None,
 'Environment': {'RADICAL_PILOT_PROFILE': 'TRUE'},
 'Error': 'bootstrap_1.err',
 'Executable': '/bin/bash',
 'FileTransfer': [],
 'Name': 'pilot.0000',
 'Output': 'bootstrap_1.out',
 'ProcessesPerHost': 24,
 'Project': 'TG-MCB090174',
 'Queue': 'compute',
 'SPMDVariation': None,
 'TotalCPUCount': 96,
 'TotalPhysicalMemory': None,
 'WallTimeLimit': 60,
 'WorkingDirectory': '/home/vivek91/radical.pilot.sandbox/rp.session.js-17-212.jetstream-cloud.org.vivek91.017422.0009/pilot.0000/'}
2017-09-13 16:37:57,812: pmgr.launching.0.child: pmgr.launching.0                : MainThread     : DEBUG   : pilot job: pilot.0000 : [slurm+ssh://comet.sdsc.xsede.org/]-[11221687] : pilot.0000 : Pending
2017-09-13 16:37:57,812: pmgr.launching.0.child: pmgr.launching.0                : MainThread     : DEBUG   : advance bulk size: 1 [False, True]
2017-09-13 16:37:57,813: pmgr.launching.0.child: pmgr.launching.0                : MainThread     : DEBUG   : advance bulk: pilot.0000 [1]
2017-09-13 16:40:37,204: pmgr.launching.0.child: pmgr.launching.0                : pmgr.launching.0.child.subscriber._pmgr_control_cb: DEBUG   : launcher got {'cmd': 'add_pilots', 'arg': {'pilots': [{'resource_sandbox': 'sftp://comet.sdsc.xsede.org/home/vivek91/radical.pilot.sandbox', 'resource_details': {'lm_detail': None, 'lm_info': None}, 'resource': 'xsede.comet_ssh', 'description': {'queue': None, 'resource': 'xsede.comet_ssh', 'exit_on_error': False, 'candidate_hosts': None, 'project': 'TG-MCB090174', 'sandbox': None, 'cleanup': None, 'access_schema': 'ssh', 'memory': None, 'cores': 80, 'runtime': 60}, 'pmgr': 'pmgr.0000', 'stdout': None, 'state': 'PMGR_ACTIVE', 'sandbox': 'sftp://comet.sdsc.xsede.org/home/vivek91/radical.pilot.sandbox/rp.session.js-17-212.jetstream-cloud.org.vivek91.017422.0009/pilot.0000/', 'session': 'rp.session.js-17-212.jetstream-cloud.org.vivek91.017422.0009', 'log': None, 'stderr': None, 'client_sandbox': '/home/vivek91/repos/entk-experiments/exp-5-2-2-3/bin', 'type': 'pilot', 'pilot_sandbox': 'sftp://comet.sdsc.xsede.org/home/vivek91/radical.pilot.sandbox/rp.session.js-17-212.jetstream-cloud.org.vivek91.017422.0009/pilot.0000/', 'uid': 'pilot.0000'}], 'umgr': 'umgr.0000'}}
2017-09-13 16:42:42,209: pmgr.launching.0.child: pmgr.launching.0                : pmgr.launching.0.child.subscriber._pmgr_control_cb: DEBUG   : launcher got {'cmd': 'cancel_pilots', 'arg': {'uids': ['pilot.0000'], 'pmgr': 'pmgr.0000'}}
2017-09-13 16:42:42,209: pmgr.launching.0.child: pmgr.launching.0                : pmgr.launching.0.child.subscriber._pmgr_control_cb: INFO    : received pilot_cancel command (['pilot.0000'])
2017-09-13 16:43:13,303: pmgr.launching.0.child: pmgr.launching.0                : pmgr.launching.0.child.idler._pilot_watcher_cb: DEBUG   : advance bulk size: 1 [False, True]
2017-09-13 16:43:13,303: pmgr.launching.0.child: pmgr.launching.0                : pmgr.launching.0.child.idler._pilot_watcher_cb: DEBUG   : advance bulk: pilot.0000 [1]
2017-09-13 16:43:13,374: pmgr.launching.0.child: pmgr.launching.0                : pmgr.launching.0.child.subscriber._pmgr_control_cb: DEBUG   : launcher got {'cmd': 'cancel_pilots', 'arg': {'uids': ['pilot.0000'], 'pmgr': 'pmgr.0000'}}
2017-09-13 16:43:13,374: pmgr.launching.0.child: pmgr.launching.0                : pmgr.launching.0.child.subscriber._pmgr_control_cb: INFO    : received pilot_cancel command (['pilot.0000'])
2017-09-13 16:43:13,471: pmgr.launching.0.child: pmgr.launching.0                : pmgr.launching.0.child.watch: WARNING : endpoint disappeard
2017-09-13 16:43:13,471: pmgr.launching.0.child: pmgr.launching.0                : pmgr.launching.0.child.watch: INFO    : watcher closes
2017-09-13 16:43:13,471: pmgr.launching.0.child: pmgr.launching.0                : pmgr.launching.0.child.watch: INFO    : put message: [pmgr.launching.0.child.watch.thread] work finished
2017-09-13 16:43:13,471: pmgr.launching.0.child: pmgr.launching.0                : pmgr.launching.0.child.watch: DEBUG   : ru_finalize_child (NOOP)
2017-09-13 16:43:13,471: pmgr.launching.0.child: pmgr.launching.0                : pmgr.launching.0.child.watch: DEBUG   : ru_finalize_common (NOOP)
2017-09-13 16:43:13,471: pmgr.launching.0.child: pmgr.launching.0                : pmgr.launching.0.child.watch: INFO    : put message: [pmgr.launching.0.child.watch.thread] terminating
