2017-09-08 12:01:09,022: state.pubsub.pub.0000: update.0                        : MainThread     : INFO    : python.interpreter   version: 2.7.12 (default, Nov 19 2016, 06:48:10) [GCC 5.4.0 20160609]
2017-09-08 12:01:09,023: state.pubsub.pub.0000: update.0                        : MainThread     : INFO    :                      pid: 23276
2017-09-08 12:01:09,023: state.pubsub.pub.0000: update.0                        : MainThread     : INFO    :                      tid: MainThread
2017-09-08 12:01:09,023: state.pubsub.pub.0000: update.0                        : MainThread     : INFO    : radical.pilot        version: 0.46-v0.46.RC2@devel
2017-09-08 12:01:09,023: state.pubsub.pub.0000: update.0                        : MainThread     : INFO    : create state_pubsub - pub - tcp://172.30.238.6:40568
2017-09-08 12:01:09,024: state.pubsub.pub.0000: update.0                        : MainThread     : DEBUG   : start process
2017-09-08 12:01:09,024: state.pubsub.pub.0000: update.0                        : MainThread     : DEBUG   : ru_initialize_common (NOOP)
2017-09-08 12:01:09,024: state.pubsub.pub.0000: update.0                        : MainThread     : DEBUG   : ru_initialize_parent (NOOP)
2017-09-08 12:01:09,024: state.pubsub.pub.0000: update.0                        : MainThread     : DEBUG   : process class started (no child)
2017-09-08 12:01:09,353: state.pubsub.pub.0000: MainProcess                     : MainThread     : INFO    : python.interpreter   version: 2.7.12 (default, Nov 19 2016, 06:48:10) [GCC 5.4.0 20160609]
2017-09-08 12:01:09,354: state.pubsub.pub.0000: MainProcess                     : MainThread     : INFO    :                      pid: 23203
2017-09-08 12:01:09,354: state.pubsub.pub.0000: MainProcess                     : MainThread     : INFO    :                      tid: MainThread
2017-09-08 12:01:09,354: state.pubsub.pub.0000: MainProcess                     : MainThread     : INFO    : radical.pilot        version: 0.46-v0.46.RC2@devel
2017-09-08 12:01:09,354: state.pubsub.pub.0000: MainProcess                     : MainThread     : INFO    : create state_pubsub - pub - tcp://172.30.238.6:40568
2017-09-08 12:01:09,355: state.pubsub.pub.0000: MainProcess                     : MainThread     : DEBUG   : start process
2017-09-08 12:01:09,355: state.pubsub.pub.0000: MainProcess                     : MainThread     : DEBUG   : ru_initialize_common (NOOP)
2017-09-08 12:01:09,355: state.pubsub.pub.0000: MainProcess                     : MainThread     : DEBUG   : ru_initialize_parent (NOOP)
2017-09-08 12:01:09,355: state.pubsub.pub.0000: MainProcess                     : MainThread     : DEBUG   : process class started (no child)
2017-09-08 12:03:56,321: state.pubsub.pub.0000: MainProcess                     : MainThread     : INFO    : parent stops child
2017-09-08 12:03:56,321: state.pubsub.pub.0000: MainProcess                     : MainThread     : DEBUG   : ru_finalize_parent (NOOP)
