2017-09-08 13:51:04,342: umgr.staging.output.0.child: umgr.staging.output.0           : MainThread     : INFO    : python.interpreter   version: 2.7.12 (default, Nov 19 2016, 06:48:10) [GCC 5.4.0 20160609]
2017-09-08 13:51:04,342: umgr.staging.output.0.child: umgr.staging.output.0           : MainThread     : INFO    :                      pid: 16460
2017-09-08 13:51:04,342: umgr.staging.output.0.child: umgr.staging.output.0           : MainThread     : INFO    :                      tid: MainThread
2017-09-08 13:51:04,343: umgr.staging.output.0.child: umgr.staging.output.0           : MainThread     : INFO    : radical.pilot        version: 0.46-v0.46.RC2@devel
2017-09-08 13:51:05,392: umgr.staging.output.0.child: umgr.staging.output.0           : MainThread     : INFO    : initialize umgr.staging.output.0.child
2017-09-08 13:51:05,397: umgr.staging.output.0.child: umgr.staging.output.0           : MainThread     : INFO    : cfg: {'agents': {},
 u'bridges': {u'control_pubsub': {'addr_in': 'tcp://172.30.238.6:33457',
                                  'addr_out': 'tcp://172.30.238.6:40302',
                                  u'bulk_size': 0,
                                  u'log_level': u'debug',
                                  u'stall_hwm': 1},
              u'log_pubsub': {'addr_in': 'tcp://172.30.238.6:39144',
                              'addr_out': 'tcp://172.30.238.6:45861',
                              u'bulk_size': 0,
                              u'log_level': u'debug',
                              u'stall_hwm': 1},
              u'state_pubsub': {'addr_in': 'tcp://172.30.238.6:37154',
                                'addr_out': 'tcp://172.30.238.6:45468',
                                u'bulk_size': 0,
                                u'log_level': u'debug',
                                u'stall_hwm': 1},
              u'umgr_reschedule_pubsub': {'addr_in': 'tcp://172.30.238.6:37579',
                                          'addr_out': 'tcp://172.30.238.6:39601',
                                          u'bulk_size': 0,
                                          u'log_level': u'debug',
                                          u'stall_hwm': 1},
              u'umgr_scheduling_queue': {'addr_in': 'tcp://172.30.238.6:39066',
                                         'addr_out': 'tcp://172.30.238.6:39918',
                                         u'bulk_size': 0,
                                         u'log_level': u'debug',
                                         u'stall_hwm': 1},
              u'umgr_staging_input_queue': {'addr_in': 'tcp://172.30.238.6:44789',
                                            'addr_out': 'tcp://172.30.238.6:33753',
                                            u'bulk_size': 0,
                                            u'log_level': u'debug',
                                            u'stall_hwm': 1},
              u'umgr_staging_output_queue': {'addr_in': 'tcp://172.30.238.6:40484',
                                             'addr_out': 'tcp://172.30.238.6:36710',
                                             u'bulk_size': 0,
                                             u'log_level': u'debug',
                                             u'stall_hwm': 1},
              u'umgr_unschedule_pubsub': {'addr_in': 'tcp://172.30.238.6:35251',
                                          'addr_out': 'tcp://172.30.238.6:38535',
                                          u'bulk_size': 0,
                                          u'log_level': u'debug',
                                          u'stall_hwm': 1}},
 u'bulk_collection_size': 100,
 u'bulk_collection_time': 1.0,
 'cname': u'UMGRStagingOutputComponent',
 u'components': {},
 u'count': 1,
 u'db_poll_sleeptime': 1.0,
 'number': 0,
 'owner': 'umgr.0000',
 u'scheduler': u'round_robin',
 'uid': 'umgr.0000'}
2017-09-08 13:51:05,397: umgr.staging.output.0.child: umgr.staging.output.0           : MainThread     : DEBUG   : start components: {}
2017-09-08 13:51:05,397: umgr.staging.output.0.child: umgr.staging.output.0           : MainThread     : DEBUG   : alive check in term
2017-09-08 13:51:05,398: umgr.staging.output.0.child: umgr.staging.output.0           : MainThread     : DEBUG   : START: umgr.staging.output.0.child register publisher log_pubsub
2017-09-08 13:51:05,398: umgr.staging.output.0.child: umgr.staging.output.0           : MainThread     : DEBUG   : using addr tcp://172.30.238.6:39144 for pubsub log_pubsub
2017-09-08 13:51:05,402: umgr.staging.output.0.child: umgr.staging.output.0           : MainThread     : DEBUG   : registered publisher : log_pubsub : log.pubsub.pub.0004
2017-09-08 13:51:05,402: umgr.staging.output.0.child: umgr.staging.output.0           : MainThread     : DEBUG   : alive check in term
2017-09-08 13:51:05,402: umgr.staging.output.0.child: umgr.staging.output.0           : MainThread     : DEBUG   : START: umgr.staging.output.0.child register publisher state_pubsub
2017-09-08 13:51:05,402: umgr.staging.output.0.child: umgr.staging.output.0           : MainThread     : DEBUG   : using addr tcp://172.30.238.6:37154 for pubsub state_pubsub
2017-09-08 13:51:05,405: umgr.staging.output.0.child: umgr.staging.output.0           : MainThread     : DEBUG   : registered publisher : state_pubsub : state.pubsub.pub.0004
2017-09-08 13:51:05,405: umgr.staging.output.0.child: umgr.staging.output.0           : MainThread     : DEBUG   : alive check in term
2017-09-08 13:51:05,405: umgr.staging.output.0.child: umgr.staging.output.0           : MainThread     : DEBUG   : START: umgr.staging.output.0.child register publisher control_pubsub
2017-09-08 13:51:05,405: umgr.staging.output.0.child: umgr.staging.output.0           : MainThread     : DEBUG   : using addr tcp://172.30.238.6:33457 for pubsub control_pubsub
2017-09-08 13:51:05,408: umgr.staging.output.0.child: umgr.staging.output.0           : MainThread     : DEBUG   : registered publisher : control_pubsub : control.pubsub.pub.0004
2017-09-08 13:51:05,408: umgr.staging.output.0.child: umgr.staging.output.0           : MainThread     : DEBUG   : alive check in term
2017-09-08 13:51:05,408: umgr.staging.output.0.child: umgr.staging.output.0           : MainThread     : DEBUG   : START: umgr.staging.output.0.child register subscriber umgr.staging.output.0.child.subscriber._cancel_monitor_cb
2017-09-08 13:51:05,408: umgr.staging.output.0.child: umgr.staging.output.0           : MainThread     : DEBUG   : using addr tcp://172.30.238.6:40302 for pubsub control_pubsub
2017-09-08 13:51:05,411: umgr.staging.output.0.child: umgr.staging.output.0           : MainThread     : DEBUG   : parent name: umgr.staging.output.0.child.subscriber._cancel_monitor_cb
2017-09-08 13:51:05,412: umgr.staging.output.0.child: umgr.staging.output.0           : MainThread     : DEBUG   : start thread
2017-09-08 13:51:05,412: umgr.staging.output.0.child: umgr.staging.output.0           : umgr.staging.output.0.child.subscriber._cancel_monitor_cb: DEBUG   : child name: umgr.staging.output.0.child.subscriber._cancel_monitor_cb.thread
2017-09-08 13:51:05,412: umgr.staging.output.0.child: umgr.staging.output.0           : umgr.staging.output.0.child.subscriber._cancel_monitor_cb: INFO    : child (me) initializing
2017-09-08 13:51:05,412: umgr.staging.output.0.child: umgr.staging.output.0           : umgr.staging.output.0.child.subscriber._cancel_monitor_cb: DEBUG   : ru_initialize_common (NOOP)
2017-09-08 13:51:05,413: umgr.staging.output.0.child: umgr.staging.output.0           : umgr.staging.output.0.child.subscriber._cancel_monitor_cb: DEBUG   : ru_initialize_child (NOOP)
2017-09-08 13:51:05,413: umgr.staging.output.0.child: umgr.staging.output.0           : umgr.staging.output.0.child.subscriber._cancel_monitor_cb: INFO    : send alive
2017-09-08 13:51:05,413: umgr.staging.output.0.child: umgr.staging.output.0           : umgr.staging.output.0.child.subscriber._cancel_monitor_cb: INFO    : put message: [umgr.staging.output.0.child.subscriber._cancel_monitor_cb.thread] alive
2017-09-08 13:51:05,414: umgr.staging.output.0.child: umgr.staging.output.0           : MainThread     : INFO    : get msg: alive
2017-09-08 13:51:05,414: umgr.staging.output.0.child: umgr.staging.output.0           : MainThread     : DEBUG   : ru_initialize_common (NOOP)
2017-09-08 13:51:05,414: umgr.staging.output.0.child: umgr.staging.output.0           : MainThread     : DEBUG   : ru_initialize_parent (NOOP)
2017-09-08 13:51:05,414: umgr.staging.output.0.child: umgr.staging.output.0           : MainThread     : DEBUG   : child thread umgr.staging.output.0.child.subscriber._cancel_monitor_cb started
2017-09-08 13:51:05,414: umgr.staging.output.0.child: umgr.staging.output.0           : MainThread     : DEBUG   : umgr.staging.output.0.child registered control_pubsub subscriber umgr.staging.output.0.child.subscriber._cancel_monitor_cb
2017-09-08 13:51:05,414: umgr.staging.output.0.child: umgr.staging.output.0           : MainThread     : DEBUG   : alive check in term
2017-09-08 13:51:05,414: umgr.staging.output.0.child: umgr.staging.output.0           : MainThread     : DEBUG   : using addr tcp://172.30.238.6:36710 for input umgr_staging_output_queue
2017-09-08 13:51:05,417: umgr.staging.output.0.child: umgr.staging.output.0           : MainThread     : DEBUG   : registered input umgr.staging.output.0.child.work.UMGR_STAGING_OUTPUT_PENDING
2017-09-08 13:51:05,417: umgr.staging.output.0.child: umgr.staging.output.0           : MainThread     : DEBUG   : START: umgr.staging.output.0.child register input UMGR_STAGING_OUTPUT_PENDING: umgr.staging.output.0.child.work.UMGR_STAGING_OUTPUT_PENDING
2017-09-08 13:51:05,417: umgr.staging.output.0.child: umgr.staging.output.0           : MainThread     : DEBUG   : registered worker work [UMGR_STAGING_OUTPUT_PENDING]
2017-09-08 13:51:05,417: umgr.staging.output.0.child: umgr.staging.output.0           : MainThread     : INFO    : child (me) initializing
2017-09-08 13:51:05,417: umgr.staging.output.0.child: umgr.staging.output.0           : MainThread     : DEBUG   : parent name: umgr.staging.output.0.child.watch
2017-09-08 13:51:05,418: umgr.staging.output.0.child: umgr.staging.output.0           : MainThread     : DEBUG   : start thread
2017-09-08 13:51:05,418: umgr.staging.output.0.child: umgr.staging.output.0           : umgr.staging.output.0.child.watch: DEBUG   : child name: umgr.staging.output.0.child.watch.thread
2017-09-08 13:51:05,418: umgr.staging.output.0.child: umgr.staging.output.0           : umgr.staging.output.0.child.watch: INFO    : child (me) initializing
2017-09-08 13:51:05,418: umgr.staging.output.0.child: umgr.staging.output.0           : umgr.staging.output.0.child.watch: DEBUG   : ru_initialize_common (NOOP)
2017-09-08 13:51:05,418: umgr.staging.output.0.child: umgr.staging.output.0           : umgr.staging.output.0.child.watch: DEBUG   : ru_initialize_child (NOOP)
2017-09-08 13:51:05,419: umgr.staging.output.0.child: umgr.staging.output.0           : umgr.staging.output.0.child.watch: INFO    : send alive
2017-09-08 13:51:05,419: umgr.staging.output.0.child: umgr.staging.output.0           : umgr.staging.output.0.child.watch: INFO    : put message: [umgr.staging.output.0.child.watch.thread] alive
2017-09-08 13:51:05,419: umgr.staging.output.0.child: umgr.staging.output.0           : MainThread     : INFO    : get msg: alive
2017-09-08 13:51:05,419: umgr.staging.output.0.child: umgr.staging.output.0           : MainThread     : DEBUG   : ru_initialize_common (NOOP)
2017-09-08 13:51:05,420: umgr.staging.output.0.child: umgr.staging.output.0           : MainThread     : DEBUG   : ru_initialize_parent (NOOP)
2017-09-08 13:51:05,420: umgr.staging.output.0.child: umgr.staging.output.0           : MainThread     : DEBUG   : child thread umgr.staging.output.0.child.watch started
2017-09-08 13:51:05,420: umgr.staging.output.0.child: umgr.staging.output.0           : MainThread     : INFO    : child (me) is alive
2017-09-08 13:51:05,420: umgr.staging.output.0.child: umgr.staging.output.0           : MainThread     : INFO    : send alive
2017-09-08 13:51:05,420: umgr.staging.output.0.child: umgr.staging.output.0           : MainThread     : INFO    : send message: [umgr.staging.output.0.child] alive
2017-09-08 13:52:51,913: umgr.staging.output.0.child: umgr.staging.output.0           : MainThread     : DEBUG   : got unit (unit.000000)
2017-09-08 13:52:51,913: umgr.staging.output.0.child: umgr.staging.output.0           : MainThread     : DEBUG   : got unit (unit.000001)
2017-09-08 13:52:51,914: umgr.staging.output.0.child: umgr.staging.output.0           : MainThread     : DEBUG   : got unit (unit.000002)
2017-09-08 13:52:51,914: umgr.staging.output.0.child: umgr.staging.output.0           : MainThread     : DEBUG   : got unit (unit.000003)
2017-09-08 13:52:51,914: umgr.staging.output.0.child: umgr.staging.output.0           : MainThread     : DEBUG   : got unit (unit.000004)
2017-09-08 13:52:51,914: umgr.staging.output.0.child: umgr.staging.output.0           : MainThread     : DEBUG   : got unit (unit.000005)
2017-09-08 13:52:51,914: umgr.staging.output.0.child: umgr.staging.output.0           : MainThread     : DEBUG   : got unit (unit.000006)
2017-09-08 13:52:51,914: umgr.staging.output.0.child: umgr.staging.output.0           : MainThread     : DEBUG   : got unit (unit.000007)
2017-09-08 13:52:51,914: umgr.staging.output.0.child: umgr.staging.output.0           : MainThread     : DEBUG   : got unit (unit.000008)
2017-09-08 13:52:51,914: umgr.staging.output.0.child: umgr.staging.output.0           : MainThread     : DEBUG   : got unit (unit.000009)
2017-09-08 13:52:51,914: umgr.staging.output.0.child: umgr.staging.output.0           : MainThread     : DEBUG   : advance bulk size: 10 [False, True]
2017-09-08 13:52:51,915: umgr.staging.output.0.child: umgr.staging.output.0           : MainThread     : DEBUG   : advance bulk: unit.000000 [10]
2017-09-08 13:52:51,915: umgr.staging.output.0.child: umgr.staging.output.0           : MainThread     : DEBUG   : advance bulk: unit.000001 [10]
2017-09-08 13:52:51,915: umgr.staging.output.0.child: umgr.staging.output.0           : MainThread     : DEBUG   : advance bulk: unit.000002 [10]
2017-09-08 13:52:51,915: umgr.staging.output.0.child: umgr.staging.output.0           : MainThread     : DEBUG   : advance bulk: unit.000003 [10]
2017-09-08 13:52:51,915: umgr.staging.output.0.child: umgr.staging.output.0           : MainThread     : DEBUG   : advance bulk: unit.000004 [10]
2017-09-08 13:52:51,915: umgr.staging.output.0.child: umgr.staging.output.0           : MainThread     : DEBUG   : advance bulk: unit.000005 [10]
2017-09-08 13:52:51,915: umgr.staging.output.0.child: umgr.staging.output.0           : MainThread     : DEBUG   : advance bulk: unit.000006 [10]
2017-09-08 13:52:51,915: umgr.staging.output.0.child: umgr.staging.output.0           : MainThread     : DEBUG   : advance bulk: unit.000007 [10]
2017-09-08 13:52:51,915: umgr.staging.output.0.child: umgr.staging.output.0           : MainThread     : DEBUG   : advance bulk: unit.000008 [10]
2017-09-08 13:52:51,915: umgr.staging.output.0.child: umgr.staging.output.0           : MainThread     : DEBUG   : advance bulk: unit.000009 [10]
2017-09-08 13:52:51,916: umgr.staging.output.0.child: umgr.staging.output.0           : MainThread     : DEBUG   : advance bulk size: 10 [True, True]
2017-09-08 13:52:51,916: umgr.staging.output.0.child: umgr.staging.output.0           : MainThread     : DEBUG   : advance bulk: unit.000000 [10]
2017-09-08 13:52:51,916: umgr.staging.output.0.child: umgr.staging.output.0           : MainThread     : DEBUG   : advance bulk: unit.000001 [10]
2017-09-08 13:52:51,916: umgr.staging.output.0.child: umgr.staging.output.0           : MainThread     : DEBUG   : advance bulk: unit.000002 [10]
2017-09-08 13:52:51,916: umgr.staging.output.0.child: umgr.staging.output.0           : MainThread     : DEBUG   : advance bulk: unit.000003 [10]
2017-09-08 13:52:51,916: umgr.staging.output.0.child: umgr.staging.output.0           : MainThread     : DEBUG   : advance bulk: unit.000004 [10]
2017-09-08 13:52:51,916: umgr.staging.output.0.child: umgr.staging.output.0           : MainThread     : DEBUG   : advance bulk: unit.000005 [10]
2017-09-08 13:52:51,917: umgr.staging.output.0.child: umgr.staging.output.0           : MainThread     : DEBUG   : advance bulk: unit.000006 [10]
2017-09-08 13:52:51,917: umgr.staging.output.0.child: umgr.staging.output.0           : MainThread     : DEBUG   : advance bulk: unit.000007 [10]
2017-09-08 13:52:51,917: umgr.staging.output.0.child: umgr.staging.output.0           : MainThread     : DEBUG   : advance bulk: unit.000008 [10]
2017-09-08 13:52:51,917: umgr.staging.output.0.child: umgr.staging.output.0           : MainThread     : DEBUG   : advance bulk: unit.000009 [10]
2017-09-08 13:52:51,917: umgr.staging.output.0.child: umgr.staging.output.0           : MainThread     : DEBUG   : bucket: DONE : ['unit.000000', 'unit.000001', 'unit.000002', 'unit.000003', 'unit.000004', 'unit.000005', 'unit.000006', 'unit.000007', 'unit.000008', 'unit.000009']
2017-09-08 13:52:51,918: umgr.staging.output.0.child: umgr.staging.output.0           : MainThread     : DEBUG   : push unit.000000 ===| DONE
2017-09-08 13:52:51,918: umgr.staging.output.0.child: umgr.staging.output.0           : MainThread     : DEBUG   : push unit.000001 ===| DONE
2017-09-08 13:52:51,918: umgr.staging.output.0.child: umgr.staging.output.0           : MainThread     : DEBUG   : push unit.000002 ===| DONE
2017-09-08 13:52:51,918: umgr.staging.output.0.child: umgr.staging.output.0           : MainThread     : DEBUG   : push unit.000003 ===| DONE
2017-09-08 13:52:51,918: umgr.staging.output.0.child: umgr.staging.output.0           : MainThread     : DEBUG   : push unit.000004 ===| DONE
2017-09-08 13:52:51,918: umgr.staging.output.0.child: umgr.staging.output.0           : MainThread     : DEBUG   : push unit.000005 ===| DONE
2017-09-08 13:52:51,918: umgr.staging.output.0.child: umgr.staging.output.0           : MainThread     : DEBUG   : push unit.000006 ===| DONE
2017-09-08 13:52:51,918: umgr.staging.output.0.child: umgr.staging.output.0           : MainThread     : DEBUG   : push unit.000007 ===| DONE
2017-09-08 13:52:51,918: umgr.staging.output.0.child: umgr.staging.output.0           : MainThread     : DEBUG   : push unit.000008 ===| DONE
2017-09-08 13:52:51,918: umgr.staging.output.0.child: umgr.staging.output.0           : MainThread     : DEBUG   : push unit.000009 ===| DONE
2017-09-08 13:52:54,500: umgr.staging.output.0.child: umgr.staging.output.0           : MainThread     : DEBUG   : got unit (unit.000010)
2017-09-08 13:52:54,500: umgr.staging.output.0.child: umgr.staging.output.0           : MainThread     : DEBUG   : got unit (unit.000011)
2017-09-08 13:52:54,500: umgr.staging.output.0.child: umgr.staging.output.0           : MainThread     : DEBUG   : got unit (unit.000012)
2017-09-08 13:52:54,500: umgr.staging.output.0.child: umgr.staging.output.0           : MainThread     : DEBUG   : got unit (unit.000013)
2017-09-08 13:52:54,500: umgr.staging.output.0.child: umgr.staging.output.0           : MainThread     : DEBUG   : got unit (unit.000014)
2017-09-08 13:52:54,500: umgr.staging.output.0.child: umgr.staging.output.0           : MainThread     : DEBUG   : got unit (unit.000015)
2017-09-08 13:52:54,500: umgr.staging.output.0.child: umgr.staging.output.0           : MainThread     : DEBUG   : got unit (unit.000016)
2017-09-08 13:52:54,501: umgr.staging.output.0.child: umgr.staging.output.0           : MainThread     : DEBUG   : got unit (unit.000017)
2017-09-08 13:52:54,501: umgr.staging.output.0.child: umgr.staging.output.0           : MainThread     : DEBUG   : got unit (unit.000018)
2017-09-08 13:52:54,501: umgr.staging.output.0.child: umgr.staging.output.0           : MainThread     : DEBUG   : got unit (unit.000019)
2017-09-08 13:52:54,501: umgr.staging.output.0.child: umgr.staging.output.0           : MainThread     : DEBUG   : got unit (unit.000020)
2017-09-08 13:52:54,501: umgr.staging.output.0.child: umgr.staging.output.0           : MainThread     : DEBUG   : got unit (unit.000021)
2017-09-08 13:52:54,501: umgr.staging.output.0.child: umgr.staging.output.0           : MainThread     : DEBUG   : got unit (unit.000022)
2017-09-08 13:52:54,501: umgr.staging.output.0.child: umgr.staging.output.0           : MainThread     : DEBUG   : advance bulk size: 13 [False, True]
2017-09-08 13:52:54,501: umgr.staging.output.0.child: umgr.staging.output.0           : MainThread     : DEBUG   : advance bulk: unit.000010 [13]
2017-09-08 13:52:54,501: umgr.staging.output.0.child: umgr.staging.output.0           : MainThread     : DEBUG   : advance bulk: unit.000011 [13]
2017-09-08 13:52:54,502: umgr.staging.output.0.child: umgr.staging.output.0           : MainThread     : DEBUG   : advance bulk: unit.000012 [13]
2017-09-08 13:52:54,502: umgr.staging.output.0.child: umgr.staging.output.0           : MainThread     : DEBUG   : advance bulk: unit.000013 [13]
2017-09-08 13:52:54,502: umgr.staging.output.0.child: umgr.staging.output.0           : MainThread     : DEBUG   : advance bulk: unit.000014 [13]
2017-09-08 13:52:54,502: umgr.staging.output.0.child: umgr.staging.output.0           : MainThread     : DEBUG   : advance bulk: unit.000015 [13]
2017-09-08 13:52:54,502: umgr.staging.output.0.child: umgr.staging.output.0           : MainThread     : DEBUG   : advance bulk: unit.000016 [13]
2017-09-08 13:52:54,502: umgr.staging.output.0.child: umgr.staging.output.0           : MainThread     : DEBUG   : advance bulk: unit.000017 [13]
2017-09-08 13:52:54,502: umgr.staging.output.0.child: umgr.staging.output.0           : MainThread     : DEBUG   : advance bulk: unit.000018 [13]
2017-09-08 13:52:54,502: umgr.staging.output.0.child: umgr.staging.output.0           : MainThread     : DEBUG   : advance bulk: unit.000019 [13]
2017-09-08 13:52:54,502: umgr.staging.output.0.child: umgr.staging.output.0           : MainThread     : DEBUG   : advance bulk: unit.000020 [13]
2017-09-08 13:52:54,502: umgr.staging.output.0.child: umgr.staging.output.0           : MainThread     : DEBUG   : advance bulk: unit.000021 [13]
2017-09-08 13:52:54,502: umgr.staging.output.0.child: umgr.staging.output.0           : MainThread     : DEBUG   : advance bulk: unit.000022 [13]
2017-09-08 13:52:54,503: umgr.staging.output.0.child: umgr.staging.output.0           : MainThread     : DEBUG   : advance bulk size: 13 [True, True]
2017-09-08 13:52:54,503: umgr.staging.output.0.child: umgr.staging.output.0           : MainThread     : DEBUG   : advance bulk: unit.000010 [13]
2017-09-08 13:52:54,503: umgr.staging.output.0.child: umgr.staging.output.0           : MainThread     : DEBUG   : advance bulk: unit.000011 [13]
2017-09-08 13:52:54,503: umgr.staging.output.0.child: umgr.staging.output.0           : MainThread     : DEBUG   : advance bulk: unit.000012 [13]
2017-09-08 13:52:54,503: umgr.staging.output.0.child: umgr.staging.output.0           : MainThread     : DEBUG   : advance bulk: unit.000013 [13]
2017-09-08 13:52:54,503: umgr.staging.output.0.child: umgr.staging.output.0           : MainThread     : DEBUG   : advance bulk: unit.000014 [13]
2017-09-08 13:52:54,503: umgr.staging.output.0.child: umgr.staging.output.0           : MainThread     : DEBUG   : advance bulk: unit.000015 [13]
2017-09-08 13:52:54,504: umgr.staging.output.0.child: umgr.staging.output.0           : MainThread     : DEBUG   : advance bulk: unit.000016 [13]
2017-09-08 13:52:54,504: umgr.staging.output.0.child: umgr.staging.output.0           : MainThread     : DEBUG   : advance bulk: unit.000017 [13]
2017-09-08 13:52:54,504: umgr.staging.output.0.child: umgr.staging.output.0           : MainThread     : DEBUG   : advance bulk: unit.000018 [13]
2017-09-08 13:52:54,504: umgr.staging.output.0.child: umgr.staging.output.0           : MainThread     : DEBUG   : advance bulk: unit.000019 [13]
2017-09-08 13:52:54,504: umgr.staging.output.0.child: umgr.staging.output.0           : MainThread     : DEBUG   : advance bulk: unit.000020 [13]
2017-09-08 13:52:54,504: umgr.staging.output.0.child: umgr.staging.output.0           : MainThread     : DEBUG   : advance bulk: unit.000021 [13]
2017-09-08 13:52:54,504: umgr.staging.output.0.child: umgr.staging.output.0           : MainThread     : DEBUG   : advance bulk: unit.000022 [13]
2017-09-08 13:52:54,505: umgr.staging.output.0.child: umgr.staging.output.0           : MainThread     : DEBUG   : bucket: DONE : ['unit.000010', 'unit.000011', 'unit.000012', 'unit.000013', 'unit.000014', 'unit.000015', 'unit.000016', 'unit.000017', 'unit.000018', 'unit.000019', 'unit.000020', 'unit.000021', 'unit.000022']
2017-09-08 13:52:54,505: umgr.staging.output.0.child: umgr.staging.output.0           : MainThread     : DEBUG   : push unit.000010 ===| DONE
2017-09-08 13:52:54,505: umgr.staging.output.0.child: umgr.staging.output.0           : MainThread     : DEBUG   : push unit.000011 ===| DONE
2017-09-08 13:52:54,505: umgr.staging.output.0.child: umgr.staging.output.0           : MainThread     : DEBUG   : push unit.000012 ===| DONE
2017-09-08 13:52:54,505: umgr.staging.output.0.child: umgr.staging.output.0           : MainThread     : DEBUG   : push unit.000013 ===| DONE
2017-09-08 13:52:54,505: umgr.staging.output.0.child: umgr.staging.output.0           : MainThread     : DEBUG   : push unit.000014 ===| DONE
2017-09-08 13:52:54,505: umgr.staging.output.0.child: umgr.staging.output.0           : MainThread     : DEBUG   : push unit.000015 ===| DONE
2017-09-08 13:52:54,505: umgr.staging.output.0.child: umgr.staging.output.0           : MainThread     : DEBUG   : push unit.000016 ===| DONE
2017-09-08 13:52:54,506: umgr.staging.output.0.child: umgr.staging.output.0           : MainThread     : DEBUG   : push unit.000017 ===| DONE
2017-09-08 13:52:54,506: umgr.staging.output.0.child: umgr.staging.output.0           : MainThread     : DEBUG   : push unit.000018 ===| DONE
2017-09-08 13:52:54,506: umgr.staging.output.0.child: umgr.staging.output.0           : MainThread     : DEBUG   : push unit.000019 ===| DONE
2017-09-08 13:52:54,506: umgr.staging.output.0.child: umgr.staging.output.0           : MainThread     : DEBUG   : push unit.000020 ===| DONE
2017-09-08 13:52:54,506: umgr.staging.output.0.child: umgr.staging.output.0           : MainThread     : DEBUG   : push unit.000021 ===| DONE
2017-09-08 13:52:54,506: umgr.staging.output.0.child: umgr.staging.output.0           : MainThread     : DEBUG   : push unit.000022 ===| DONE
2017-09-08 13:52:57,431: umgr.staging.output.0.child: umgr.staging.output.0           : MainThread     : DEBUG   : got unit (unit.000023)
2017-09-08 13:52:57,432: umgr.staging.output.0.child: umgr.staging.output.0           : MainThread     : DEBUG   : got unit (unit.000024)
2017-09-08 13:52:57,432: umgr.staging.output.0.child: umgr.staging.output.0           : MainThread     : DEBUG   : got unit (unit.000025)
2017-09-08 13:52:57,432: umgr.staging.output.0.child: umgr.staging.output.0           : MainThread     : DEBUG   : got unit (unit.000026)
2017-09-08 13:52:57,432: umgr.staging.output.0.child: umgr.staging.output.0           : MainThread     : DEBUG   : got unit (unit.000027)
2017-09-08 13:52:57,432: umgr.staging.output.0.child: umgr.staging.output.0           : MainThread     : DEBUG   : got unit (unit.000028)
2017-09-08 13:52:57,432: umgr.staging.output.0.child: umgr.staging.output.0           : MainThread     : DEBUG   : got unit (unit.000029)
2017-09-08 13:52:57,432: umgr.staging.output.0.child: umgr.staging.output.0           : MainThread     : DEBUG   : got unit (unit.000030)
2017-09-08 13:52:57,432: umgr.staging.output.0.child: umgr.staging.output.0           : MainThread     : DEBUG   : got unit (unit.000031)
2017-09-08 13:52:57,432: umgr.staging.output.0.child: umgr.staging.output.0           : MainThread     : DEBUG   : got unit (unit.000032)
2017-09-08 13:52:57,432: umgr.staging.output.0.child: umgr.staging.output.0           : MainThread     : DEBUG   : got unit (unit.000033)
2017-09-08 13:52:57,433: umgr.staging.output.0.child: umgr.staging.output.0           : MainThread     : DEBUG   : got unit (unit.000034)
2017-09-08 13:52:57,433: umgr.staging.output.0.child: umgr.staging.output.0           : MainThread     : DEBUG   : got unit (unit.000035)
2017-09-08 13:52:57,433: umgr.staging.output.0.child: umgr.staging.output.0           : MainThread     : DEBUG   : got unit (unit.000036)
2017-09-08 13:52:57,433: umgr.staging.output.0.child: umgr.staging.output.0           : MainThread     : DEBUG   : got unit (unit.000037)
2017-09-08 13:52:57,433: umgr.staging.output.0.child: umgr.staging.output.0           : MainThread     : DEBUG   : got unit (unit.000038)
2017-09-08 13:52:57,433: umgr.staging.output.0.child: umgr.staging.output.0           : MainThread     : DEBUG   : got unit (unit.000039)
2017-09-08 13:52:57,433: umgr.staging.output.0.child: umgr.staging.output.0           : MainThread     : DEBUG   : got unit (unit.000040)
2017-09-08 13:52:57,433: umgr.staging.output.0.child: umgr.staging.output.0           : MainThread     : DEBUG   : got unit (unit.000041)
2017-09-08 13:52:57,433: umgr.staging.output.0.child: umgr.staging.output.0           : MainThread     : DEBUG   : got unit (unit.000042)
2017-09-08 13:52:57,434: umgr.staging.output.0.child: umgr.staging.output.0           : MainThread     : DEBUG   : got unit (unit.000043)
2017-09-08 13:52:57,434: umgr.staging.output.0.child: umgr.staging.output.0           : MainThread     : DEBUG   : got unit (unit.000044)
2017-09-08 13:52:57,434: umgr.staging.output.0.child: umgr.staging.output.0           : MainThread     : DEBUG   : got unit (unit.000045)
2017-09-08 13:52:57,434: umgr.staging.output.0.child: umgr.staging.output.0           : MainThread     : DEBUG   : got unit (unit.000046)
2017-09-08 13:52:57,434: umgr.staging.output.0.child: umgr.staging.output.0           : MainThread     : DEBUG   : got unit (unit.000047)
2017-09-08 13:52:57,434: umgr.staging.output.0.child: umgr.staging.output.0           : MainThread     : DEBUG   : got unit (unit.000048)
2017-09-08 13:52:57,434: umgr.staging.output.0.child: umgr.staging.output.0           : MainThread     : DEBUG   : got unit (unit.000049)
2017-09-08 13:52:57,434: umgr.staging.output.0.child: umgr.staging.output.0           : MainThread     : DEBUG   : got unit (unit.000050)
2017-09-08 13:52:57,434: umgr.staging.output.0.child: umgr.staging.output.0           : MainThread     : DEBUG   : got unit (unit.000051)
2017-09-08 13:52:57,434: umgr.staging.output.0.child: umgr.staging.output.0           : MainThread     : DEBUG   : got unit (unit.000052)
2017-09-08 13:52:57,435: umgr.staging.output.0.child: umgr.staging.output.0           : MainThread     : DEBUG   : advance bulk size: 30 [False, True]
2017-09-08 13:52:57,435: umgr.staging.output.0.child: umgr.staging.output.0           : MainThread     : DEBUG   : advance bulk: unit.000023 [30]
2017-09-08 13:52:57,435: umgr.staging.output.0.child: umgr.staging.output.0           : MainThread     : DEBUG   : advance bulk: unit.000024 [30]
2017-09-08 13:52:57,435: umgr.staging.output.0.child: umgr.staging.output.0           : MainThread     : DEBUG   : advance bulk: unit.000025 [30]
2017-09-08 13:52:57,435: umgr.staging.output.0.child: umgr.staging.output.0           : MainThread     : DEBUG   : advance bulk: unit.000026 [30]
2017-09-08 13:52:57,435: umgr.staging.output.0.child: umgr.staging.output.0           : MainThread     : DEBUG   : advance bulk: unit.000027 [30]
2017-09-08 13:52:57,435: umgr.staging.output.0.child: umgr.staging.output.0           : MainThread     : DEBUG   : advance bulk: unit.000028 [30]
2017-09-08 13:52:57,435: umgr.staging.output.0.child: umgr.staging.output.0           : MainThread     : DEBUG   : advance bulk: unit.000029 [30]
2017-09-08 13:52:57,435: umgr.staging.output.0.child: umgr.staging.output.0           : MainThread     : DEBUG   : advance bulk: unit.000030 [30]
2017-09-08 13:52:57,435: umgr.staging.output.0.child: umgr.staging.output.0           : MainThread     : DEBUG   : advance bulk: unit.000031 [30]
2017-09-08 13:52:57,435: umgr.staging.output.0.child: umgr.staging.output.0           : MainThread     : DEBUG   : advance bulk: unit.000032 [30]
2017-09-08 13:52:57,436: umgr.staging.output.0.child: umgr.staging.output.0           : MainThread     : DEBUG   : advance bulk: unit.000033 [30]
2017-09-08 13:52:57,436: umgr.staging.output.0.child: umgr.staging.output.0           : MainThread     : DEBUG   : advance bulk: unit.000034 [30]
2017-09-08 13:52:57,436: umgr.staging.output.0.child: umgr.staging.output.0           : MainThread     : DEBUG   : advance bulk: unit.000035 [30]
2017-09-08 13:52:57,436: umgr.staging.output.0.child: umgr.staging.output.0           : MainThread     : DEBUG   : advance bulk: unit.000036 [30]
2017-09-08 13:52:57,436: umgr.staging.output.0.child: umgr.staging.output.0           : MainThread     : DEBUG   : advance bulk: unit.000037 [30]
2017-09-08 13:52:57,436: umgr.staging.output.0.child: umgr.staging.output.0           : MainThread     : DEBUG   : advance bulk: unit.000038 [30]
2017-09-08 13:52:57,436: umgr.staging.output.0.child: umgr.staging.output.0           : MainThread     : DEBUG   : advance bulk: unit.000039 [30]
2017-09-08 13:52:57,436: umgr.staging.output.0.child: umgr.staging.output.0           : MainThread     : DEBUG   : advance bulk: unit.000040 [30]
2017-09-08 13:52:57,436: umgr.staging.output.0.child: umgr.staging.output.0           : MainThread     : DEBUG   : advance bulk: unit.000041 [30]
2017-09-08 13:52:57,436: umgr.staging.output.0.child: umgr.staging.output.0           : MainThread     : DEBUG   : advance bulk: unit.000042 [30]
2017-09-08 13:52:57,437: umgr.staging.output.0.child: umgr.staging.output.0           : MainThread     : DEBUG   : advance bulk: unit.000043 [30]
2017-09-08 13:52:57,437: umgr.staging.output.0.child: umgr.staging.output.0           : MainThread     : DEBUG   : advance bulk: unit.000044 [30]
2017-09-08 13:52:57,437: umgr.staging.output.0.child: umgr.staging.output.0           : MainThread     : DEBUG   : advance bulk: unit.000045 [30]
2017-09-08 13:52:57,437: umgr.staging.output.0.child: umgr.staging.output.0           : MainThread     : DEBUG   : advance bulk: unit.000046 [30]
2017-09-08 13:52:57,437: umgr.staging.output.0.child: umgr.staging.output.0           : MainThread     : DEBUG   : advance bulk: unit.000047 [30]
2017-09-08 13:52:57,437: umgr.staging.output.0.child: umgr.staging.output.0           : MainThread     : DEBUG   : advance bulk: unit.000048 [30]
2017-09-08 13:52:57,437: umgr.staging.output.0.child: umgr.staging.output.0           : MainThread     : DEBUG   : advance bulk: unit.000049 [30]
2017-09-08 13:52:57,437: umgr.staging.output.0.child: umgr.staging.output.0           : MainThread     : DEBUG   : advance bulk: unit.000050 [30]
2017-09-08 13:52:57,437: umgr.staging.output.0.child: umgr.staging.output.0           : MainThread     : DEBUG   : advance bulk: unit.000051 [30]
2017-09-08 13:52:57,437: umgr.staging.output.0.child: umgr.staging.output.0           : MainThread     : DEBUG   : advance bulk: unit.000052 [30]
2017-09-08 13:52:57,438: umgr.staging.output.0.child: umgr.staging.output.0           : MainThread     : DEBUG   : advance bulk size: 30 [True, True]
2017-09-08 13:52:57,438: umgr.staging.output.0.child: umgr.staging.output.0           : MainThread     : DEBUG   : advance bulk: unit.000023 [30]
2017-09-08 13:52:57,438: umgr.staging.output.0.child: umgr.staging.output.0           : MainThread     : DEBUG   : advance bulk: unit.000024 [30]
2017-09-08 13:52:57,438: umgr.staging.output.0.child: umgr.staging.output.0           : MainThread     : DEBUG   : advance bulk: unit.000025 [30]
2017-09-08 13:52:57,438: umgr.staging.output.0.child: umgr.staging.output.0           : MainThread     : DEBUG   : advance bulk: unit.000026 [30]
2017-09-08 13:52:57,439: umgr.staging.output.0.child: umgr.staging.output.0           : MainThread     : DEBUG   : advance bulk: unit.000027 [30]
2017-09-08 13:52:57,439: umgr.staging.output.0.child: umgr.staging.output.0           : MainThread     : DEBUG   : advance bulk: unit.000028 [30]
2017-09-08 13:52:57,439: umgr.staging.output.0.child: umgr.staging.output.0           : MainThread     : DEBUG   : advance bulk: unit.000029 [30]
2017-09-08 13:52:57,439: umgr.staging.output.0.child: umgr.staging.output.0           : MainThread     : DEBUG   : advance bulk: unit.000030 [30]
2017-09-08 13:52:57,439: umgr.staging.output.0.child: umgr.staging.output.0           : MainThread     : DEBUG   : advance bulk: unit.000031 [30]
2017-09-08 13:52:57,439: umgr.staging.output.0.child: umgr.staging.output.0           : MainThread     : DEBUG   : advance bulk: unit.000032 [30]
2017-09-08 13:52:57,439: umgr.staging.output.0.child: umgr.staging.output.0           : MainThread     : DEBUG   : advance bulk: unit.000033 [30]
2017-09-08 13:52:57,439: umgr.staging.output.0.child: umgr.staging.output.0           : MainThread     : DEBUG   : advance bulk: unit.000034 [30]
2017-09-08 13:52:57,439: umgr.staging.output.0.child: umgr.staging.output.0           : MainThread     : DEBUG   : advance bulk: unit.000035 [30]
2017-09-08 13:52:57,440: umgr.staging.output.0.child: umgr.staging.output.0           : MainThread     : DEBUG   : advance bulk: unit.000036 [30]
2017-09-08 13:52:57,440: umgr.staging.output.0.child: umgr.staging.output.0           : MainThread     : DEBUG   : advance bulk: unit.000037 [30]
2017-09-08 13:52:57,440: umgr.staging.output.0.child: umgr.staging.output.0           : MainThread     : DEBUG   : advance bulk: unit.000038 [30]
2017-09-08 13:52:57,440: umgr.staging.output.0.child: umgr.staging.output.0           : MainThread     : DEBUG   : advance bulk: unit.000039 [30]
2017-09-08 13:52:57,440: umgr.staging.output.0.child: umgr.staging.output.0           : MainThread     : DEBUG   : advance bulk: unit.000040 [30]
2017-09-08 13:52:57,440: umgr.staging.output.0.child: umgr.staging.output.0           : MainThread     : DEBUG   : advance bulk: unit.000041 [30]
2017-09-08 13:52:57,440: umgr.staging.output.0.child: umgr.staging.output.0           : MainThread     : DEBUG   : advance bulk: unit.000042 [30]
2017-09-08 13:52:57,440: umgr.staging.output.0.child: umgr.staging.output.0           : MainThread     : DEBUG   : advance bulk: unit.000043 [30]
2017-09-08 13:52:57,440: umgr.staging.output.0.child: umgr.staging.output.0           : MainThread     : DEBUG   : advance bulk: unit.000044 [30]
2017-09-08 13:52:57,440: umgr.staging.output.0.child: umgr.staging.output.0           : MainThread     : DEBUG   : advance bulk: unit.000045 [30]
2017-09-08 13:52:57,441: umgr.staging.output.0.child: umgr.staging.output.0           : MainThread     : DEBUG   : advance bulk: unit.000046 [30]
2017-09-08 13:52:57,441: umgr.staging.output.0.child: umgr.staging.output.0           : MainThread     : DEBUG   : advance bulk: unit.000047 [30]
2017-09-08 13:52:57,441: umgr.staging.output.0.child: umgr.staging.output.0           : MainThread     : DEBUG   : advance bulk: unit.000048 [30]
2017-09-08 13:52:57,441: umgr.staging.output.0.child: umgr.staging.output.0           : MainThread     : DEBUG   : advance bulk: unit.000049 [30]
2017-09-08 13:52:57,441: umgr.staging.output.0.child: umgr.staging.output.0           : MainThread     : DEBUG   : advance bulk: unit.000050 [30]
2017-09-08 13:52:57,441: umgr.staging.output.0.child: umgr.staging.output.0           : MainThread     : DEBUG   : advance bulk: unit.000051 [30]
2017-09-08 13:52:57,441: umgr.staging.output.0.child: umgr.staging.output.0           : MainThread     : DEBUG   : advance bulk: unit.000052 [30]
2017-09-08 13:52:57,442: umgr.staging.output.0.child: umgr.staging.output.0           : MainThread     : DEBUG   : bucket: DONE : ['unit.000023', 'unit.000024', 'unit.000025', 'unit.000026', 'unit.000027', 'unit.000028', 'unit.000029', 'unit.000030', 'unit.000031', 'unit.000032', 'unit.000033', 'unit.000034', 'unit.000035', 'unit.000036', 'unit.000037', 'unit.000038', 'unit.000039', 'unit.000040', 'unit.000041', 'unit.000042', 'unit.000043', 'unit.000044', 'unit.000045', 'unit.000046', 'unit.000047', 'unit.000048', 'unit.000049', 'unit.000050', 'unit.000051', 'unit.000052']
2017-09-08 13:52:57,443: umgr.staging.output.0.child: umgr.staging.output.0           : MainThread     : DEBUG   : push unit.000023 ===| DONE
2017-09-08 13:52:57,443: umgr.staging.output.0.child: umgr.staging.output.0           : MainThread     : DEBUG   : push unit.000024 ===| DONE
2017-09-08 13:52:57,443: umgr.staging.output.0.child: umgr.staging.output.0           : MainThread     : DEBUG   : push unit.000025 ===| DONE
2017-09-08 13:52:57,443: umgr.staging.output.0.child: umgr.staging.output.0           : MainThread     : DEBUG   : push unit.000026 ===| DONE
2017-09-08 13:52:57,443: umgr.staging.output.0.child: umgr.staging.output.0           : MainThread     : DEBUG   : push unit.000027 ===| DONE
2017-09-08 13:52:57,443: umgr.staging.output.0.child: umgr.staging.output.0           : MainThread     : DEBUG   : push unit.000028 ===| DONE
2017-09-08 13:52:57,443: umgr.staging.output.0.child: umgr.staging.output.0           : MainThread     : DEBUG   : push unit.000029 ===| DONE
2017-09-08 13:52:57,443: umgr.staging.output.0.child: umgr.staging.output.0           : MainThread     : DEBUG   : push unit.000030 ===| DONE
2017-09-08 13:52:57,443: umgr.staging.output.0.child: umgr.staging.output.0           : MainThread     : DEBUG   : push unit.000031 ===| DONE
2017-09-08 13:52:57,443: umgr.staging.output.0.child: umgr.staging.output.0           : MainThread     : DEBUG   : push unit.000032 ===| DONE
2017-09-08 13:52:57,443: umgr.staging.output.0.child: umgr.staging.output.0           : MainThread     : DEBUG   : push unit.000033 ===| DONE
2017-09-08 13:52:57,443: umgr.staging.output.0.child: umgr.staging.output.0           : MainThread     : DEBUG   : push unit.000034 ===| DONE
2017-09-08 13:52:57,443: umgr.staging.output.0.child: umgr.staging.output.0           : MainThread     : DEBUG   : push unit.000035 ===| DONE
2017-09-08 13:52:57,444: umgr.staging.output.0.child: umgr.staging.output.0           : MainThread     : DEBUG   : push unit.000036 ===| DONE
2017-09-08 13:52:57,444: umgr.staging.output.0.child: umgr.staging.output.0           : MainThread     : DEBUG   : push unit.000037 ===| DONE
2017-09-08 13:52:57,444: umgr.staging.output.0.child: umgr.staging.output.0           : MainThread     : DEBUG   : push unit.000038 ===| DONE
2017-09-08 13:52:57,444: umgr.staging.output.0.child: umgr.staging.output.0           : MainThread     : DEBUG   : push unit.000039 ===| DONE
2017-09-08 13:52:57,444: umgr.staging.output.0.child: umgr.staging.output.0           : MainThread     : DEBUG   : push unit.000040 ===| DONE
2017-09-08 13:52:57,444: umgr.staging.output.0.child: umgr.staging.output.0           : MainThread     : DEBUG   : push unit.000041 ===| DONE
2017-09-08 13:52:57,444: umgr.staging.output.0.child: umgr.staging.output.0           : MainThread     : DEBUG   : push unit.000042 ===| DONE
2017-09-08 13:52:57,444: umgr.staging.output.0.child: umgr.staging.output.0           : MainThread     : DEBUG   : push unit.000043 ===| DONE
2017-09-08 13:52:57,444: umgr.staging.output.0.child: umgr.staging.output.0           : MainThread     : DEBUG   : push unit.000044 ===| DONE
2017-09-08 13:52:57,444: umgr.staging.output.0.child: umgr.staging.output.0           : MainThread     : DEBUG   : push unit.000045 ===| DONE
2017-09-08 13:52:57,444: umgr.staging.output.0.child: umgr.staging.output.0           : MainThread     : DEBUG   : push unit.000046 ===| DONE
2017-09-08 13:52:57,444: umgr.staging.output.0.child: umgr.staging.output.0           : MainThread     : DEBUG   : push unit.000047 ===| DONE
2017-09-08 13:52:57,444: umgr.staging.output.0.child: umgr.staging.output.0           : MainThread     : DEBUG   : push unit.000048 ===| DONE
2017-09-08 13:52:57,444: umgr.staging.output.0.child: umgr.staging.output.0           : MainThread     : DEBUG   : push unit.000049 ===| DONE
2017-09-08 13:52:57,444: umgr.staging.output.0.child: umgr.staging.output.0           : MainThread     : DEBUG   : push unit.000050 ===| DONE
2017-09-08 13:52:57,445: umgr.staging.output.0.child: umgr.staging.output.0           : MainThread     : DEBUG   : push unit.000051 ===| DONE
2017-09-08 13:52:57,445: umgr.staging.output.0.child: umgr.staging.output.0           : MainThread     : DEBUG   : push unit.000052 ===| DONE
2017-09-08 13:53:01,905: umgr.staging.output.0.child: umgr.staging.output.0           : MainThread     : DEBUG   : got unit (unit.000053)
2017-09-08 13:53:01,906: umgr.staging.output.0.child: umgr.staging.output.0           : MainThread     : DEBUG   : got unit (unit.000054)
2017-09-08 13:53:01,906: umgr.staging.output.0.child: umgr.staging.output.0           : MainThread     : DEBUG   : got unit (unit.000055)
2017-09-08 13:53:01,906: umgr.staging.output.0.child: umgr.staging.output.0           : MainThread     : DEBUG   : got unit (unit.000056)
2017-09-08 13:53:01,906: umgr.staging.output.0.child: umgr.staging.output.0           : MainThread     : DEBUG   : got unit (unit.000057)
2017-09-08 13:53:01,906: umgr.staging.output.0.child: umgr.staging.output.0           : MainThread     : DEBUG   : got unit (unit.000058)
2017-09-08 13:53:01,906: umgr.staging.output.0.child: umgr.staging.output.0           : MainThread     : DEBUG   : got unit (unit.000059)
2017-09-08 13:53:01,906: umgr.staging.output.0.child: umgr.staging.output.0           : MainThread     : DEBUG   : got unit (unit.000060)
2017-09-08 13:53:01,906: umgr.staging.output.0.child: umgr.staging.output.0           : MainThread     : DEBUG   : got unit (unit.000061)
2017-09-08 13:53:01,906: umgr.staging.output.0.child: umgr.staging.output.0           : MainThread     : DEBUG   : got unit (unit.000062)
2017-09-08 13:53:01,907: umgr.staging.output.0.child: umgr.staging.output.0           : MainThread     : DEBUG   : advance bulk size: 10 [False, True]
2017-09-08 13:53:01,907: umgr.staging.output.0.child: umgr.staging.output.0           : MainThread     : DEBUG   : advance bulk: unit.000053 [10]
2017-09-08 13:53:01,907: umgr.staging.output.0.child: umgr.staging.output.0           : MainThread     : DEBUG   : advance bulk: unit.000054 [10]
2017-09-08 13:53:01,907: umgr.staging.output.0.child: umgr.staging.output.0           : MainThread     : DEBUG   : advance bulk: unit.000055 [10]
2017-09-08 13:53:01,907: umgr.staging.output.0.child: umgr.staging.output.0           : MainThread     : DEBUG   : advance bulk: unit.000056 [10]
2017-09-08 13:53:01,907: umgr.staging.output.0.child: umgr.staging.output.0           : MainThread     : DEBUG   : advance bulk: unit.000057 [10]
2017-09-08 13:53:01,907: umgr.staging.output.0.child: umgr.staging.output.0           : MainThread     : DEBUG   : advance bulk: unit.000058 [10]
2017-09-08 13:53:01,907: umgr.staging.output.0.child: umgr.staging.output.0           : MainThread     : DEBUG   : advance bulk: unit.000059 [10]
2017-09-08 13:53:01,907: umgr.staging.output.0.child: umgr.staging.output.0           : MainThread     : DEBUG   : advance bulk: unit.000060 [10]
2017-09-08 13:53:01,907: umgr.staging.output.0.child: umgr.staging.output.0           : MainThread     : DEBUG   : advance bulk: unit.000061 [10]
2017-09-08 13:53:01,908: umgr.staging.output.0.child: umgr.staging.output.0           : MainThread     : DEBUG   : advance bulk: unit.000062 [10]
2017-09-08 13:53:01,908: umgr.staging.output.0.child: umgr.staging.output.0           : MainThread     : DEBUG   : advance bulk size: 10 [True, True]
2017-09-08 13:53:01,908: umgr.staging.output.0.child: umgr.staging.output.0           : MainThread     : DEBUG   : advance bulk: unit.000053 [10]
2017-09-08 13:53:01,908: umgr.staging.output.0.child: umgr.staging.output.0           : MainThread     : DEBUG   : advance bulk: unit.000054 [10]
2017-09-08 13:53:01,908: umgr.staging.output.0.child: umgr.staging.output.0           : MainThread     : DEBUG   : advance bulk: unit.000055 [10]
2017-09-08 13:53:01,908: umgr.staging.output.0.child: umgr.staging.output.0           : MainThread     : DEBUG   : advance bulk: unit.000056 [10]
2017-09-08 13:53:01,908: umgr.staging.output.0.child: umgr.staging.output.0           : MainThread     : DEBUG   : advance bulk: unit.000057 [10]
2017-09-08 13:53:01,908: umgr.staging.output.0.child: umgr.staging.output.0           : MainThread     : DEBUG   : advance bulk: unit.000058 [10]
2017-09-08 13:53:01,908: umgr.staging.output.0.child: umgr.staging.output.0           : MainThread     : DEBUG   : advance bulk: unit.000059 [10]
2017-09-08 13:53:01,909: umgr.staging.output.0.child: umgr.staging.output.0           : MainThread     : DEBUG   : advance bulk: unit.000060 [10]
2017-09-08 13:53:01,909: umgr.staging.output.0.child: umgr.staging.output.0           : MainThread     : DEBUG   : advance bulk: unit.000061 [10]
2017-09-08 13:53:01,909: umgr.staging.output.0.child: umgr.staging.output.0           : MainThread     : DEBUG   : advance bulk: unit.000062 [10]
2017-09-08 13:53:01,911: umgr.staging.output.0.child: umgr.staging.output.0           : MainThread     : DEBUG   : bucket: DONE : ['unit.000053', 'unit.000054', 'unit.000055', 'unit.000056', 'unit.000057', 'unit.000058', 'unit.000059', 'unit.000060', 'unit.000061', 'unit.000062']
2017-09-08 13:53:01,911: umgr.staging.output.0.child: umgr.staging.output.0           : MainThread     : DEBUG   : push unit.000053 ===| DONE
2017-09-08 13:53:01,911: umgr.staging.output.0.child: umgr.staging.output.0           : MainThread     : DEBUG   : push unit.000054 ===| DONE
2017-09-08 13:53:01,911: umgr.staging.output.0.child: umgr.staging.output.0           : MainThread     : DEBUG   : push unit.000055 ===| DONE
2017-09-08 13:53:01,911: umgr.staging.output.0.child: umgr.staging.output.0           : MainThread     : DEBUG   : push unit.000056 ===| DONE
2017-09-08 13:53:01,911: umgr.staging.output.0.child: umgr.staging.output.0           : MainThread     : DEBUG   : push unit.000057 ===| DONE
2017-09-08 13:53:01,911: umgr.staging.output.0.child: umgr.staging.output.0           : MainThread     : DEBUG   : push unit.000058 ===| DONE
2017-09-08 13:53:01,911: umgr.staging.output.0.child: umgr.staging.output.0           : MainThread     : DEBUG   : push unit.000059 ===| DONE
2017-09-08 13:53:01,911: umgr.staging.output.0.child: umgr.staging.output.0           : MainThread     : DEBUG   : push unit.000060 ===| DONE
2017-09-08 13:53:01,911: umgr.staging.output.0.child: umgr.staging.output.0           : MainThread     : DEBUG   : push unit.000061 ===| DONE
2017-09-08 13:53:01,912: umgr.staging.output.0.child: umgr.staging.output.0           : MainThread     : DEBUG   : push unit.000062 ===| DONE
2017-09-08 13:53:03,660: umgr.staging.output.0.child: umgr.staging.output.0           : MainThread     : DEBUG   : got unit (unit.000063)
2017-09-08 13:53:03,661: umgr.staging.output.0.child: umgr.staging.output.0           : MainThread     : DEBUG   : got unit (unit.000064)
2017-09-08 13:53:03,661: umgr.staging.output.0.child: umgr.staging.output.0           : MainThread     : DEBUG   : advance bulk size: 2 [False, True]
2017-09-08 13:53:03,661: umgr.staging.output.0.child: umgr.staging.output.0           : MainThread     : DEBUG   : advance bulk: unit.000063 [2]
2017-09-08 13:53:03,661: umgr.staging.output.0.child: umgr.staging.output.0           : MainThread     : DEBUG   : advance bulk: unit.000064 [2]
2017-09-08 13:53:03,662: umgr.staging.output.0.child: umgr.staging.output.0           : MainThread     : DEBUG   : advance bulk size: 2 [True, True]
2017-09-08 13:53:03,662: umgr.staging.output.0.child: umgr.staging.output.0           : MainThread     : DEBUG   : advance bulk: unit.000063 [2]
2017-09-08 13:53:03,662: umgr.staging.output.0.child: umgr.staging.output.0           : MainThread     : DEBUG   : advance bulk: unit.000064 [2]
2017-09-08 13:53:03,663: umgr.staging.output.0.child: umgr.staging.output.0           : MainThread     : DEBUG   : bucket: DONE : ['unit.000063', 'unit.000064']
2017-09-08 13:53:03,663: umgr.staging.output.0.child: umgr.staging.output.0           : MainThread     : DEBUG   : push unit.000063 ===| DONE
2017-09-08 13:53:03,663: umgr.staging.output.0.child: umgr.staging.output.0           : MainThread     : DEBUG   : push unit.000064 ===| DONE
2017-09-08 13:53:05,400: umgr.staging.output.0.child: umgr.staging.output.0           : MainThread     : DEBUG   : got unit (unit.000065)
2017-09-08 13:53:05,400: umgr.staging.output.0.child: umgr.staging.output.0           : MainThread     : DEBUG   : got unit (unit.000066)
2017-09-08 13:53:05,400: umgr.staging.output.0.child: umgr.staging.output.0           : MainThread     : DEBUG   : got unit (unit.000067)
2017-09-08 13:53:05,400: umgr.staging.output.0.child: umgr.staging.output.0           : MainThread     : DEBUG   : got unit (unit.000068)
2017-09-08 13:53:05,401: umgr.staging.output.0.child: umgr.staging.output.0           : MainThread     : DEBUG   : got unit (unit.000069)
2017-09-08 13:53:05,401: umgr.staging.output.0.child: umgr.staging.output.0           : MainThread     : DEBUG   : got unit (unit.000070)
2017-09-08 13:53:05,401: umgr.staging.output.0.child: umgr.staging.output.0           : MainThread     : DEBUG   : got unit (unit.000071)
2017-09-08 13:53:05,401: umgr.staging.output.0.child: umgr.staging.output.0           : MainThread     : DEBUG   : got unit (unit.000072)
2017-09-08 13:53:05,401: umgr.staging.output.0.child: umgr.staging.output.0           : MainThread     : DEBUG   : got unit (unit.000073)
2017-09-08 13:53:05,401: umgr.staging.output.0.child: umgr.staging.output.0           : MainThread     : DEBUG   : got unit (unit.000074)
2017-09-08 13:53:05,401: umgr.staging.output.0.child: umgr.staging.output.0           : MainThread     : DEBUG   : got unit (unit.000075)
2017-09-08 13:53:05,401: umgr.staging.output.0.child: umgr.staging.output.0           : MainThread     : DEBUG   : got unit (unit.000076)
2017-09-08 13:53:05,401: umgr.staging.output.0.child: umgr.staging.output.0           : MainThread     : DEBUG   : got unit (unit.000077)
2017-09-08 13:53:05,401: umgr.staging.output.0.child: umgr.staging.output.0           : MainThread     : DEBUG   : got unit (unit.000078)
2017-09-08 13:53:05,402: umgr.staging.output.0.child: umgr.staging.output.0           : MainThread     : DEBUG   : advance bulk size: 14 [False, True]
2017-09-08 13:53:05,402: umgr.staging.output.0.child: umgr.staging.output.0           : MainThread     : DEBUG   : advance bulk: unit.000065 [14]
2017-09-08 13:53:05,402: umgr.staging.output.0.child: umgr.staging.output.0           : MainThread     : DEBUG   : advance bulk: unit.000066 [14]
2017-09-08 13:53:05,402: umgr.staging.output.0.child: umgr.staging.output.0           : MainThread     : DEBUG   : advance bulk: unit.000067 [14]
2017-09-08 13:53:05,402: umgr.staging.output.0.child: umgr.staging.output.0           : MainThread     : DEBUG   : advance bulk: unit.000068 [14]
2017-09-08 13:53:05,402: umgr.staging.output.0.child: umgr.staging.output.0           : MainThread     : DEBUG   : advance bulk: unit.000069 [14]
2017-09-08 13:53:05,402: umgr.staging.output.0.child: umgr.staging.output.0           : MainThread     : DEBUG   : advance bulk: unit.000070 [14]
2017-09-08 13:53:05,402: umgr.staging.output.0.child: umgr.staging.output.0           : MainThread     : DEBUG   : advance bulk: unit.000071 [14]
2017-09-08 13:53:05,402: umgr.staging.output.0.child: umgr.staging.output.0           : MainThread     : DEBUG   : advance bulk: unit.000072 [14]
2017-09-08 13:53:05,402: umgr.staging.output.0.child: umgr.staging.output.0           : MainThread     : DEBUG   : advance bulk: unit.000073 [14]
2017-09-08 13:53:05,402: umgr.staging.output.0.child: umgr.staging.output.0           : MainThread     : DEBUG   : advance bulk: unit.000074 [14]
2017-09-08 13:53:05,403: umgr.staging.output.0.child: umgr.staging.output.0           : MainThread     : DEBUG   : advance bulk: unit.000075 [14]
2017-09-08 13:53:05,403: umgr.staging.output.0.child: umgr.staging.output.0           : MainThread     : DEBUG   : advance bulk: unit.000076 [14]
2017-09-08 13:53:05,403: umgr.staging.output.0.child: umgr.staging.output.0           : MainThread     : DEBUG   : advance bulk: unit.000077 [14]
2017-09-08 13:53:05,403: umgr.staging.output.0.child: umgr.staging.output.0           : MainThread     : DEBUG   : advance bulk: unit.000078 [14]
2017-09-08 13:53:05,406: umgr.staging.output.0.child: umgr.staging.output.0           : MainThread     : DEBUG   : advance bulk size: 14 [True, True]
2017-09-08 13:53:05,406: umgr.staging.output.0.child: umgr.staging.output.0           : MainThread     : DEBUG   : advance bulk: unit.000065 [14]
2017-09-08 13:53:05,406: umgr.staging.output.0.child: umgr.staging.output.0           : MainThread     : DEBUG   : advance bulk: unit.000066 [14]
2017-09-08 13:53:05,406: umgr.staging.output.0.child: umgr.staging.output.0           : MainThread     : DEBUG   : advance bulk: unit.000067 [14]
2017-09-08 13:53:05,406: umgr.staging.output.0.child: umgr.staging.output.0           : MainThread     : DEBUG   : advance bulk: unit.000068 [14]
2017-09-08 13:53:05,406: umgr.staging.output.0.child: umgr.staging.output.0           : MainThread     : DEBUG   : advance bulk: unit.000069 [14]
2017-09-08 13:53:05,406: umgr.staging.output.0.child: umgr.staging.output.0           : MainThread     : DEBUG   : advance bulk: unit.000070 [14]
2017-09-08 13:53:05,407: umgr.staging.output.0.child: umgr.staging.output.0           : MainThread     : DEBUG   : advance bulk: unit.000071 [14]
2017-09-08 13:53:05,407: umgr.staging.output.0.child: umgr.staging.output.0           : MainThread     : DEBUG   : advance bulk: unit.000072 [14]
2017-09-08 13:53:05,407: umgr.staging.output.0.child: umgr.staging.output.0           : MainThread     : DEBUG   : advance bulk: unit.000073 [14]
2017-09-08 13:53:05,407: umgr.staging.output.0.child: umgr.staging.output.0           : MainThread     : DEBUG   : advance bulk: unit.000074 [14]
2017-09-08 13:53:05,407: umgr.staging.output.0.child: umgr.staging.output.0           : MainThread     : DEBUG   : advance bulk: unit.000075 [14]
2017-09-08 13:53:05,407: umgr.staging.output.0.child: umgr.staging.output.0           : MainThread     : DEBUG   : advance bulk: unit.000076 [14]
2017-09-08 13:53:05,407: umgr.staging.output.0.child: umgr.staging.output.0           : MainThread     : DEBUG   : advance bulk: unit.000077 [14]
2017-09-08 13:53:05,407: umgr.staging.output.0.child: umgr.staging.output.0           : MainThread     : DEBUG   : advance bulk: unit.000078 [14]
2017-09-08 13:53:05,408: umgr.staging.output.0.child: umgr.staging.output.0           : MainThread     : DEBUG   : bucket: DONE : ['unit.000065', 'unit.000066', 'unit.000067', 'unit.000068', 'unit.000069', 'unit.000070', 'unit.000071', 'unit.000072', 'unit.000073', 'unit.000074', 'unit.000075', 'unit.000076', 'unit.000077', 'unit.000078']
2017-09-08 13:53:05,408: umgr.staging.output.0.child: umgr.staging.output.0           : MainThread     : DEBUG   : push unit.000065 ===| DONE
2017-09-08 13:53:05,408: umgr.staging.output.0.child: umgr.staging.output.0           : MainThread     : DEBUG   : push unit.000066 ===| DONE
2017-09-08 13:53:05,408: umgr.staging.output.0.child: umgr.staging.output.0           : MainThread     : DEBUG   : push unit.000067 ===| DONE
2017-09-08 13:53:05,408: umgr.staging.output.0.child: umgr.staging.output.0           : MainThread     : DEBUG   : push unit.000068 ===| DONE
2017-09-08 13:53:05,408: umgr.staging.output.0.child: umgr.staging.output.0           : MainThread     : DEBUG   : push unit.000069 ===| DONE
2017-09-08 13:53:05,408: umgr.staging.output.0.child: umgr.staging.output.0           : MainThread     : DEBUG   : push unit.000070 ===| DONE
2017-09-08 13:53:05,409: umgr.staging.output.0.child: umgr.staging.output.0           : MainThread     : DEBUG   : push unit.000071 ===| DONE
2017-09-08 13:53:05,409: umgr.staging.output.0.child: umgr.staging.output.0           : MainThread     : DEBUG   : push unit.000072 ===| DONE
2017-09-08 13:53:05,409: umgr.staging.output.0.child: umgr.staging.output.0           : MainThread     : DEBUG   : push unit.000073 ===| DONE
2017-09-08 13:53:05,409: umgr.staging.output.0.child: umgr.staging.output.0           : MainThread     : DEBUG   : push unit.000074 ===| DONE
2017-09-08 13:53:05,409: umgr.staging.output.0.child: umgr.staging.output.0           : MainThread     : DEBUG   : push unit.000075 ===| DONE
2017-09-08 13:53:05,409: umgr.staging.output.0.child: umgr.staging.output.0           : MainThread     : DEBUG   : push unit.000076 ===| DONE
2017-09-08 13:53:05,409: umgr.staging.output.0.child: umgr.staging.output.0           : MainThread     : DEBUG   : push unit.000077 ===| DONE
2017-09-08 13:53:05,409: umgr.staging.output.0.child: umgr.staging.output.0           : MainThread     : DEBUG   : push unit.000078 ===| DONE
2017-09-08 13:53:07,597: umgr.staging.output.0.child: umgr.staging.output.0           : MainThread     : DEBUG   : got unit (unit.000079)
2017-09-08 13:53:07,598: umgr.staging.output.0.child: umgr.staging.output.0           : MainThread     : DEBUG   : got unit (unit.000080)
2017-09-08 13:53:07,598: umgr.staging.output.0.child: umgr.staging.output.0           : MainThread     : DEBUG   : got unit (unit.000081)
2017-09-08 13:53:07,598: umgr.staging.output.0.child: umgr.staging.output.0           : MainThread     : DEBUG   : got unit (unit.000082)
2017-09-08 13:53:07,598: umgr.staging.output.0.child: umgr.staging.output.0           : MainThread     : DEBUG   : got unit (unit.000083)
2017-09-08 13:53:07,598: umgr.staging.output.0.child: umgr.staging.output.0           : MainThread     : DEBUG   : got unit (unit.000084)
2017-09-08 13:53:07,598: umgr.staging.output.0.child: umgr.staging.output.0           : MainThread     : DEBUG   : advance bulk size: 6 [False, True]
2017-09-08 13:53:07,598: umgr.staging.output.0.child: umgr.staging.output.0           : MainThread     : DEBUG   : advance bulk: unit.000079 [6]
2017-09-08 13:53:07,598: umgr.staging.output.0.child: umgr.staging.output.0           : MainThread     : DEBUG   : advance bulk: unit.000080 [6]
2017-09-08 13:53:07,598: umgr.staging.output.0.child: umgr.staging.output.0           : MainThread     : DEBUG   : advance bulk: unit.000081 [6]
2017-09-08 13:53:07,598: umgr.staging.output.0.child: umgr.staging.output.0           : MainThread     : DEBUG   : advance bulk: unit.000082 [6]
2017-09-08 13:53:07,599: umgr.staging.output.0.child: umgr.staging.output.0           : MainThread     : DEBUG   : advance bulk: unit.000083 [6]
2017-09-08 13:53:07,599: umgr.staging.output.0.child: umgr.staging.output.0           : MainThread     : DEBUG   : advance bulk: unit.000084 [6]
2017-09-08 13:53:07,599: umgr.staging.output.0.child: umgr.staging.output.0           : MainThread     : DEBUG   : advance bulk size: 6 [True, True]
2017-09-08 13:53:07,599: umgr.staging.output.0.child: umgr.staging.output.0           : MainThread     : DEBUG   : advance bulk: unit.000079 [6]
2017-09-08 13:53:07,599: umgr.staging.output.0.child: umgr.staging.output.0           : MainThread     : DEBUG   : advance bulk: unit.000080 [6]
2017-09-08 13:53:07,600: umgr.staging.output.0.child: umgr.staging.output.0           : MainThread     : DEBUG   : advance bulk: unit.000081 [6]
2017-09-08 13:53:07,600: umgr.staging.output.0.child: umgr.staging.output.0           : MainThread     : DEBUG   : advance bulk: unit.000082 [6]
2017-09-08 13:53:07,600: umgr.staging.output.0.child: umgr.staging.output.0           : MainThread     : DEBUG   : advance bulk: unit.000083 [6]
2017-09-08 13:53:07,600: umgr.staging.output.0.child: umgr.staging.output.0           : MainThread     : DEBUG   : advance bulk: unit.000084 [6]
2017-09-08 13:53:07,601: umgr.staging.output.0.child: umgr.staging.output.0           : MainThread     : DEBUG   : bucket: DONE : ['unit.000079', 'unit.000080', 'unit.000081', 'unit.000082', 'unit.000083', 'unit.000084']
2017-09-08 13:53:07,601: umgr.staging.output.0.child: umgr.staging.output.0           : MainThread     : DEBUG   : push unit.000079 ===| DONE
2017-09-08 13:53:07,601: umgr.staging.output.0.child: umgr.staging.output.0           : MainThread     : DEBUG   : push unit.000080 ===| DONE
2017-09-08 13:53:07,601: umgr.staging.output.0.child: umgr.staging.output.0           : MainThread     : DEBUG   : push unit.000081 ===| DONE
2017-09-08 13:53:07,601: umgr.staging.output.0.child: umgr.staging.output.0           : MainThread     : DEBUG   : push unit.000082 ===| DONE
2017-09-08 13:53:07,602: umgr.staging.output.0.child: umgr.staging.output.0           : MainThread     : DEBUG   : push unit.000083 ===| DONE
2017-09-08 13:53:07,602: umgr.staging.output.0.child: umgr.staging.output.0           : MainThread     : DEBUG   : push unit.000084 ===| DONE
2017-09-08 13:53:09,196: umgr.staging.output.0.child: umgr.staging.output.0           : MainThread     : DEBUG   : got unit (unit.000085)
2017-09-08 13:53:09,196: umgr.staging.output.0.child: umgr.staging.output.0           : MainThread     : DEBUG   : advance bulk size: 1 [False, True]
2017-09-08 13:53:09,196: umgr.staging.output.0.child: umgr.staging.output.0           : MainThread     : DEBUG   : advance bulk: unit.000085 [1]
2017-09-08 13:53:09,197: umgr.staging.output.0.child: umgr.staging.output.0           : MainThread     : DEBUG   : advance bulk size: 1 [True, True]
2017-09-08 13:53:09,197: umgr.staging.output.0.child: umgr.staging.output.0           : MainThread     : DEBUG   : advance bulk: unit.000085 [1]
2017-09-08 13:53:09,197: umgr.staging.output.0.child: umgr.staging.output.0           : MainThread     : DEBUG   : bucket: DONE : ['unit.000085']
2017-09-08 13:53:09,197: umgr.staging.output.0.child: umgr.staging.output.0           : MainThread     : DEBUG   : push unit.000085 ===| DONE
2017-09-08 13:53:11,293: umgr.staging.output.0.child: umgr.staging.output.0           : MainThread     : DEBUG   : got unit (unit.000086)
2017-09-08 13:53:11,293: umgr.staging.output.0.child: umgr.staging.output.0           : MainThread     : DEBUG   : got unit (unit.000087)
2017-09-08 13:53:11,293: umgr.staging.output.0.child: umgr.staging.output.0           : MainThread     : DEBUG   : got unit (unit.000088)
2017-09-08 13:53:11,293: umgr.staging.output.0.child: umgr.staging.output.0           : MainThread     : DEBUG   : got unit (unit.000089)
2017-09-08 13:53:11,293: umgr.staging.output.0.child: umgr.staging.output.0           : MainThread     : DEBUG   : got unit (unit.000090)
2017-09-08 13:53:11,294: umgr.staging.output.0.child: umgr.staging.output.0           : MainThread     : DEBUG   : advance bulk size: 5 [False, True]
2017-09-08 13:53:11,294: umgr.staging.output.0.child: umgr.staging.output.0           : MainThread     : DEBUG   : advance bulk: unit.000086 [5]
2017-09-08 13:53:11,294: umgr.staging.output.0.child: umgr.staging.output.0           : MainThread     : DEBUG   : advance bulk: unit.000087 [5]
2017-09-08 13:53:11,294: umgr.staging.output.0.child: umgr.staging.output.0           : MainThread     : DEBUG   : advance bulk: unit.000088 [5]
2017-09-08 13:53:11,294: umgr.staging.output.0.child: umgr.staging.output.0           : MainThread     : DEBUG   : advance bulk: unit.000089 [5]
2017-09-08 13:53:11,294: umgr.staging.output.0.child: umgr.staging.output.0           : MainThread     : DEBUG   : advance bulk: unit.000090 [5]
2017-09-08 13:53:11,294: umgr.staging.output.0.child: umgr.staging.output.0           : MainThread     : DEBUG   : advance bulk size: 5 [True, True]
2017-09-08 13:53:11,295: umgr.staging.output.0.child: umgr.staging.output.0           : MainThread     : DEBUG   : advance bulk: unit.000086 [5]
2017-09-08 13:53:11,295: umgr.staging.output.0.child: umgr.staging.output.0           : MainThread     : DEBUG   : advance bulk: unit.000087 [5]
2017-09-08 13:53:11,295: umgr.staging.output.0.child: umgr.staging.output.0           : MainThread     : DEBUG   : advance bulk: unit.000088 [5]
2017-09-08 13:53:11,295: umgr.staging.output.0.child: umgr.staging.output.0           : MainThread     : DEBUG   : advance bulk: unit.000089 [5]
2017-09-08 13:53:11,295: umgr.staging.output.0.child: umgr.staging.output.0           : MainThread     : DEBUG   : advance bulk: unit.000090 [5]
2017-09-08 13:53:11,296: umgr.staging.output.0.child: umgr.staging.output.0           : MainThread     : DEBUG   : bucket: DONE : ['unit.000086', 'unit.000087', 'unit.000088', 'unit.000089', 'unit.000090']
2017-09-08 13:53:11,296: umgr.staging.output.0.child: umgr.staging.output.0           : MainThread     : DEBUG   : push unit.000086 ===| DONE
2017-09-08 13:53:11,296: umgr.staging.output.0.child: umgr.staging.output.0           : MainThread     : DEBUG   : push unit.000087 ===| DONE
2017-09-08 13:53:11,297: umgr.staging.output.0.child: umgr.staging.output.0           : MainThread     : DEBUG   : push unit.000088 ===| DONE
2017-09-08 13:53:11,297: umgr.staging.output.0.child: umgr.staging.output.0           : MainThread     : DEBUG   : push unit.000089 ===| DONE
2017-09-08 13:53:11,297: umgr.staging.output.0.child: umgr.staging.output.0           : MainThread     : DEBUG   : push unit.000090 ===| DONE
2017-09-08 13:53:13,544: umgr.staging.output.0.child: umgr.staging.output.0           : MainThread     : DEBUG   : got unit (unit.000091)
2017-09-08 13:53:13,545: umgr.staging.output.0.child: umgr.staging.output.0           : MainThread     : DEBUG   : got unit (unit.000092)
2017-09-08 13:53:13,545: umgr.staging.output.0.child: umgr.staging.output.0           : MainThread     : DEBUG   : got unit (unit.000093)
2017-09-08 13:53:13,545: umgr.staging.output.0.child: umgr.staging.output.0           : MainThread     : DEBUG   : got unit (unit.000094)
2017-09-08 13:53:13,545: umgr.staging.output.0.child: umgr.staging.output.0           : MainThread     : DEBUG   : got unit (unit.000095)
2017-09-08 13:53:13,545: umgr.staging.output.0.child: umgr.staging.output.0           : MainThread     : DEBUG   : got unit (unit.000096)
2017-09-08 13:53:13,545: umgr.staging.output.0.child: umgr.staging.output.0           : MainThread     : DEBUG   : got unit (unit.000097)
2017-09-08 13:53:13,545: umgr.staging.output.0.child: umgr.staging.output.0           : MainThread     : DEBUG   : got unit (unit.000098)
2017-09-08 13:53:13,545: umgr.staging.output.0.child: umgr.staging.output.0           : MainThread     : DEBUG   : got unit (unit.000099)
2017-09-08 13:53:13,546: umgr.staging.output.0.child: umgr.staging.output.0           : MainThread     : DEBUG   : got unit (unit.000100)
2017-09-08 13:53:13,546: umgr.staging.output.0.child: umgr.staging.output.0           : MainThread     : DEBUG   : got unit (unit.000101)
2017-09-08 13:53:13,546: umgr.staging.output.0.child: umgr.staging.output.0           : MainThread     : DEBUG   : got unit (unit.000102)
2017-09-08 13:53:13,546: umgr.staging.output.0.child: umgr.staging.output.0           : MainThread     : DEBUG   : got unit (unit.000103)
2017-09-08 13:53:13,546: umgr.staging.output.0.child: umgr.staging.output.0           : MainThread     : DEBUG   : got unit (unit.000104)
2017-09-08 13:53:13,546: umgr.staging.output.0.child: umgr.staging.output.0           : MainThread     : DEBUG   : got unit (unit.000105)
2017-09-08 13:53:13,546: umgr.staging.output.0.child: umgr.staging.output.0           : MainThread     : DEBUG   : got unit (unit.000106)
2017-09-08 13:53:13,546: umgr.staging.output.0.child: umgr.staging.output.0           : MainThread     : DEBUG   : got unit (unit.000107)
2017-09-08 13:53:13,546: umgr.staging.output.0.child: umgr.staging.output.0           : MainThread     : DEBUG   : got unit (unit.000108)
2017-09-08 13:53:13,547: umgr.staging.output.0.child: umgr.staging.output.0           : MainThread     : DEBUG   : advance bulk size: 18 [False, True]
2017-09-08 13:53:13,547: umgr.staging.output.0.child: umgr.staging.output.0           : MainThread     : DEBUG   : advance bulk: unit.000091 [18]
2017-09-08 13:53:13,547: umgr.staging.output.0.child: umgr.staging.output.0           : MainThread     : DEBUG   : advance bulk: unit.000092 [18]
2017-09-08 13:53:13,547: umgr.staging.output.0.child: umgr.staging.output.0           : MainThread     : DEBUG   : advance bulk: unit.000093 [18]
2017-09-08 13:53:13,547: umgr.staging.output.0.child: umgr.staging.output.0           : MainThread     : DEBUG   : advance bulk: unit.000094 [18]
2017-09-08 13:53:13,547: umgr.staging.output.0.child: umgr.staging.output.0           : MainThread     : DEBUG   : advance bulk: unit.000095 [18]
2017-09-08 13:53:13,547: umgr.staging.output.0.child: umgr.staging.output.0           : MainThread     : DEBUG   : advance bulk: unit.000096 [18]
2017-09-08 13:53:13,547: umgr.staging.output.0.child: umgr.staging.output.0           : MainThread     : DEBUG   : advance bulk: unit.000097 [18]
2017-09-08 13:53:13,547: umgr.staging.output.0.child: umgr.staging.output.0           : MainThread     : DEBUG   : advance bulk: unit.000098 [18]
2017-09-08 13:53:13,547: umgr.staging.output.0.child: umgr.staging.output.0           : MainThread     : DEBUG   : advance bulk: unit.000099 [18]
2017-09-08 13:53:13,547: umgr.staging.output.0.child: umgr.staging.output.0           : MainThread     : DEBUG   : advance bulk: unit.000100 [18]
2017-09-08 13:53:13,548: umgr.staging.output.0.child: umgr.staging.output.0           : MainThread     : DEBUG   : advance bulk: unit.000101 [18]
2017-09-08 13:53:13,548: umgr.staging.output.0.child: umgr.staging.output.0           : MainThread     : DEBUG   : advance bulk: unit.000102 [18]
2017-09-08 13:53:13,548: umgr.staging.output.0.child: umgr.staging.output.0           : MainThread     : DEBUG   : advance bulk: unit.000103 [18]
2017-09-08 13:53:13,548: umgr.staging.output.0.child: umgr.staging.output.0           : MainThread     : DEBUG   : advance bulk: unit.000104 [18]
2017-09-08 13:53:13,548: umgr.staging.output.0.child: umgr.staging.output.0           : MainThread     : DEBUG   : advance bulk: unit.000105 [18]
2017-09-08 13:53:13,548: umgr.staging.output.0.child: umgr.staging.output.0           : MainThread     : DEBUG   : advance bulk: unit.000106 [18]
2017-09-08 13:53:13,548: umgr.staging.output.0.child: umgr.staging.output.0           : MainThread     : DEBUG   : advance bulk: unit.000107 [18]
2017-09-08 13:53:13,548: umgr.staging.output.0.child: umgr.staging.output.0           : MainThread     : DEBUG   : advance bulk: unit.000108 [18]
2017-09-08 13:53:13,549: umgr.staging.output.0.child: umgr.staging.output.0           : MainThread     : DEBUG   : advance bulk size: 18 [True, True]
2017-09-08 13:53:13,549: umgr.staging.output.0.child: umgr.staging.output.0           : MainThread     : DEBUG   : advance bulk: unit.000091 [18]
2017-09-08 13:53:13,550: umgr.staging.output.0.child: umgr.staging.output.0           : MainThread     : DEBUG   : advance bulk: unit.000092 [18]
2017-09-08 13:53:13,550: umgr.staging.output.0.child: umgr.staging.output.0           : MainThread     : DEBUG   : advance bulk: unit.000093 [18]
2017-09-08 13:53:13,550: umgr.staging.output.0.child: umgr.staging.output.0           : MainThread     : DEBUG   : advance bulk: unit.000094 [18]
2017-09-08 13:53:13,550: umgr.staging.output.0.child: umgr.staging.output.0           : MainThread     : DEBUG   : advance bulk: unit.000095 [18]
2017-09-08 13:53:13,550: umgr.staging.output.0.child: umgr.staging.output.0           : MainThread     : DEBUG   : advance bulk: unit.000096 [18]
2017-09-08 13:53:13,550: umgr.staging.output.0.child: umgr.staging.output.0           : MainThread     : DEBUG   : advance bulk: unit.000097 [18]
2017-09-08 13:53:13,550: umgr.staging.output.0.child: umgr.staging.output.0           : MainThread     : DEBUG   : advance bulk: unit.000098 [18]
2017-09-08 13:53:13,550: umgr.staging.output.0.child: umgr.staging.output.0           : MainThread     : DEBUG   : advance bulk: unit.000099 [18]
2017-09-08 13:53:13,550: umgr.staging.output.0.child: umgr.staging.output.0           : MainThread     : DEBUG   : advance bulk: unit.000100 [18]
2017-09-08 13:53:13,550: umgr.staging.output.0.child: umgr.staging.output.0           : MainThread     : DEBUG   : advance bulk: unit.000101 [18]
2017-09-08 13:53:13,551: umgr.staging.output.0.child: umgr.staging.output.0           : MainThread     : DEBUG   : advance bulk: unit.000102 [18]
2017-09-08 13:53:13,551: umgr.staging.output.0.child: umgr.staging.output.0           : MainThread     : DEBUG   : advance bulk: unit.000103 [18]
2017-09-08 13:53:13,551: umgr.staging.output.0.child: umgr.staging.output.0           : MainThread     : DEBUG   : advance bulk: unit.000104 [18]
2017-09-08 13:53:13,551: umgr.staging.output.0.child: umgr.staging.output.0           : MainThread     : DEBUG   : advance bulk: unit.000105 [18]
2017-09-08 13:53:13,551: umgr.staging.output.0.child: umgr.staging.output.0           : MainThread     : DEBUG   : advance bulk: unit.000106 [18]
2017-09-08 13:53:13,551: umgr.staging.output.0.child: umgr.staging.output.0           : MainThread     : DEBUG   : advance bulk: unit.000107 [18]
2017-09-08 13:53:13,551: umgr.staging.output.0.child: umgr.staging.output.0           : MainThread     : DEBUG   : advance bulk: unit.000108 [18]
2017-09-08 13:53:13,554: umgr.staging.output.0.child: umgr.staging.output.0           : MainThread     : DEBUG   : bucket: DONE : ['unit.000091', 'unit.000092', 'unit.000093', 'unit.000094', 'unit.000095', 'unit.000096', 'unit.000097', 'unit.000098', 'unit.000099', 'unit.000100', 'unit.000101', 'unit.000102', 'unit.000103', 'unit.000104', 'unit.000105', 'unit.000106', 'unit.000107', 'unit.000108']
2017-09-08 13:53:13,554: umgr.staging.output.0.child: umgr.staging.output.0           : MainThread     : DEBUG   : push unit.000091 ===| DONE
2017-09-08 13:53:13,554: umgr.staging.output.0.child: umgr.staging.output.0           : MainThread     : DEBUG   : push unit.000092 ===| DONE
2017-09-08 13:53:13,554: umgr.staging.output.0.child: umgr.staging.output.0           : MainThread     : DEBUG   : push unit.000093 ===| DONE
2017-09-08 13:53:13,554: umgr.staging.output.0.child: umgr.staging.output.0           : MainThread     : DEBUG   : push unit.000094 ===| DONE
2017-09-08 13:53:13,554: umgr.staging.output.0.child: umgr.staging.output.0           : MainThread     : DEBUG   : push unit.000095 ===| DONE
2017-09-08 13:53:13,554: umgr.staging.output.0.child: umgr.staging.output.0           : MainThread     : DEBUG   : push unit.000096 ===| DONE
2017-09-08 13:53:13,554: umgr.staging.output.0.child: umgr.staging.output.0           : MainThread     : DEBUG   : push unit.000097 ===| DONE
2017-09-08 13:53:13,554: umgr.staging.output.0.child: umgr.staging.output.0           : MainThread     : DEBUG   : push unit.000098 ===| DONE
2017-09-08 13:53:13,554: umgr.staging.output.0.child: umgr.staging.output.0           : MainThread     : DEBUG   : push unit.000099 ===| DONE
2017-09-08 13:53:13,554: umgr.staging.output.0.child: umgr.staging.output.0           : MainThread     : DEBUG   : push unit.000100 ===| DONE
2017-09-08 13:53:13,555: umgr.staging.output.0.child: umgr.staging.output.0           : MainThread     : DEBUG   : push unit.000101 ===| DONE
2017-09-08 13:53:13,555: umgr.staging.output.0.child: umgr.staging.output.0           : MainThread     : DEBUG   : push unit.000102 ===| DONE
2017-09-08 13:53:13,555: umgr.staging.output.0.child: umgr.staging.output.0           : MainThread     : DEBUG   : push unit.000103 ===| DONE
2017-09-08 13:53:13,555: umgr.staging.output.0.child: umgr.staging.output.0           : MainThread     : DEBUG   : push unit.000104 ===| DONE
2017-09-08 13:53:13,555: umgr.staging.output.0.child: umgr.staging.output.0           : MainThread     : DEBUG   : push unit.000105 ===| DONE
2017-09-08 13:53:13,555: umgr.staging.output.0.child: umgr.staging.output.0           : MainThread     : DEBUG   : push unit.000106 ===| DONE
2017-09-08 13:53:13,555: umgr.staging.output.0.child: umgr.staging.output.0           : MainThread     : DEBUG   : push unit.000107 ===| DONE
2017-09-08 13:53:13,555: umgr.staging.output.0.child: umgr.staging.output.0           : MainThread     : DEBUG   : push unit.000108 ===| DONE
2017-09-08 13:53:16,348: umgr.staging.output.0.child: umgr.staging.output.0           : MainThread     : DEBUG   : got unit (unit.000109)
2017-09-08 13:53:16,348: umgr.staging.output.0.child: umgr.staging.output.0           : MainThread     : DEBUG   : got unit (unit.000110)
2017-09-08 13:53:16,348: umgr.staging.output.0.child: umgr.staging.output.0           : MainThread     : DEBUG   : got unit (unit.000111)
2017-09-08 13:53:16,349: umgr.staging.output.0.child: umgr.staging.output.0           : MainThread     : DEBUG   : got unit (unit.000112)
2017-09-08 13:53:16,349: umgr.staging.output.0.child: umgr.staging.output.0           : MainThread     : DEBUG   : got unit (unit.000113)
2017-09-08 13:53:16,349: umgr.staging.output.0.child: umgr.staging.output.0           : MainThread     : DEBUG   : got unit (unit.000114)
2017-09-08 13:53:16,349: umgr.staging.output.0.child: umgr.staging.output.0           : MainThread     : DEBUG   : got unit (unit.000115)
2017-09-08 13:53:16,349: umgr.staging.output.0.child: umgr.staging.output.0           : MainThread     : DEBUG   : advance bulk size: 7 [False, True]
2017-09-08 13:53:16,349: umgr.staging.output.0.child: umgr.staging.output.0           : MainThread     : DEBUG   : advance bulk: unit.000109 [7]
2017-09-08 13:53:16,349: umgr.staging.output.0.child: umgr.staging.output.0           : MainThread     : DEBUG   : advance bulk: unit.000110 [7]
2017-09-08 13:53:16,349: umgr.staging.output.0.child: umgr.staging.output.0           : MainThread     : DEBUG   : advance bulk: unit.000111 [7]
2017-09-08 13:53:16,349: umgr.staging.output.0.child: umgr.staging.output.0           : MainThread     : DEBUG   : advance bulk: unit.000112 [7]
2017-09-08 13:53:16,350: umgr.staging.output.0.child: umgr.staging.output.0           : MainThread     : DEBUG   : advance bulk: unit.000113 [7]
2017-09-08 13:53:16,350: umgr.staging.output.0.child: umgr.staging.output.0           : MainThread     : DEBUG   : advance bulk: unit.000114 [7]
2017-09-08 13:53:16,350: umgr.staging.output.0.child: umgr.staging.output.0           : MainThread     : DEBUG   : advance bulk: unit.000115 [7]
2017-09-08 13:53:16,350: umgr.staging.output.0.child: umgr.staging.output.0           : MainThread     : DEBUG   : advance bulk size: 7 [True, True]
2017-09-08 13:53:16,350: umgr.staging.output.0.child: umgr.staging.output.0           : MainThread     : DEBUG   : advance bulk: unit.000109 [7]
2017-09-08 13:53:16,350: umgr.staging.output.0.child: umgr.staging.output.0           : MainThread     : DEBUG   : advance bulk: unit.000110 [7]
2017-09-08 13:53:16,350: umgr.staging.output.0.child: umgr.staging.output.0           : MainThread     : DEBUG   : advance bulk: unit.000111 [7]
2017-09-08 13:53:16,350: umgr.staging.output.0.child: umgr.staging.output.0           : MainThread     : DEBUG   : advance bulk: unit.000112 [7]
2017-09-08 13:53:16,350: umgr.staging.output.0.child: umgr.staging.output.0           : MainThread     : DEBUG   : advance bulk: unit.000113 [7]
2017-09-08 13:53:16,351: umgr.staging.output.0.child: umgr.staging.output.0           : MainThread     : DEBUG   : advance bulk: unit.000114 [7]
2017-09-08 13:53:16,351: umgr.staging.output.0.child: umgr.staging.output.0           : MainThread     : DEBUG   : advance bulk: unit.000115 [7]
2017-09-08 13:53:16,351: umgr.staging.output.0.child: umgr.staging.output.0           : MainThread     : DEBUG   : bucket: DONE : ['unit.000109', 'unit.000110', 'unit.000111', 'unit.000112', 'unit.000113', 'unit.000114', 'unit.000115']
2017-09-08 13:53:16,351: umgr.staging.output.0.child: umgr.staging.output.0           : MainThread     : DEBUG   : push unit.000109 ===| DONE
2017-09-08 13:53:16,351: umgr.staging.output.0.child: umgr.staging.output.0           : MainThread     : DEBUG   : push unit.000110 ===| DONE
2017-09-08 13:53:16,351: umgr.staging.output.0.child: umgr.staging.output.0           : MainThread     : DEBUG   : push unit.000111 ===| DONE
2017-09-08 13:53:16,351: umgr.staging.output.0.child: umgr.staging.output.0           : MainThread     : DEBUG   : push unit.000112 ===| DONE
2017-09-08 13:53:16,351: umgr.staging.output.0.child: umgr.staging.output.0           : MainThread     : DEBUG   : push unit.000113 ===| DONE
2017-09-08 13:53:16,352: umgr.staging.output.0.child: umgr.staging.output.0           : MainThread     : DEBUG   : push unit.000114 ===| DONE
2017-09-08 13:53:16,352: umgr.staging.output.0.child: umgr.staging.output.0           : MainThread     : DEBUG   : push unit.000115 ===| DONE
2017-09-08 13:53:18,257: umgr.staging.output.0.child: umgr.staging.output.0           : MainThread     : DEBUG   : got unit (unit.000116)
2017-09-08 13:53:18,257: umgr.staging.output.0.child: umgr.staging.output.0           : MainThread     : DEBUG   : got unit (unit.000117)
2017-09-08 13:53:18,258: umgr.staging.output.0.child: umgr.staging.output.0           : MainThread     : DEBUG   : got unit (unit.000118)
2017-09-08 13:53:18,258: umgr.staging.output.0.child: umgr.staging.output.0           : MainThread     : DEBUG   : got unit (unit.000119)
2017-09-08 13:53:18,258: umgr.staging.output.0.child: umgr.staging.output.0           : MainThread     : DEBUG   : got unit (unit.000120)
2017-09-08 13:53:18,258: umgr.staging.output.0.child: umgr.staging.output.0           : MainThread     : DEBUG   : got unit (unit.000121)
2017-09-08 13:53:18,258: umgr.staging.output.0.child: umgr.staging.output.0           : MainThread     : DEBUG   : got unit (unit.000122)
2017-09-08 13:53:18,258: umgr.staging.output.0.child: umgr.staging.output.0           : MainThread     : DEBUG   : got unit (unit.000123)
2017-09-08 13:53:18,258: umgr.staging.output.0.child: umgr.staging.output.0           : MainThread     : DEBUG   : got unit (unit.000124)
2017-09-08 13:53:18,258: umgr.staging.output.0.child: umgr.staging.output.0           : MainThread     : DEBUG   : got unit (unit.000125)
2017-09-08 13:53:18,258: umgr.staging.output.0.child: umgr.staging.output.0           : MainThread     : DEBUG   : got unit (unit.000126)
2017-09-08 13:53:18,258: umgr.staging.output.0.child: umgr.staging.output.0           : MainThread     : DEBUG   : got unit (unit.000127)
2017-09-08 13:53:18,259: umgr.staging.output.0.child: umgr.staging.output.0           : MainThread     : DEBUG   : advance bulk size: 12 [False, True]
2017-09-08 13:53:18,259: umgr.staging.output.0.child: umgr.staging.output.0           : MainThread     : DEBUG   : advance bulk: unit.000116 [12]
2017-09-08 13:53:18,259: umgr.staging.output.0.child: umgr.staging.output.0           : MainThread     : DEBUG   : advance bulk: unit.000117 [12]
2017-09-08 13:53:18,259: umgr.staging.output.0.child: umgr.staging.output.0           : MainThread     : DEBUG   : advance bulk: unit.000118 [12]
2017-09-08 13:53:18,259: umgr.staging.output.0.child: umgr.staging.output.0           : MainThread     : DEBUG   : advance bulk: unit.000119 [12]
2017-09-08 13:53:18,259: umgr.staging.output.0.child: umgr.staging.output.0           : MainThread     : DEBUG   : advance bulk: unit.000120 [12]
2017-09-08 13:53:18,259: umgr.staging.output.0.child: umgr.staging.output.0           : MainThread     : DEBUG   : advance bulk: unit.000121 [12]
2017-09-08 13:53:18,259: umgr.staging.output.0.child: umgr.staging.output.0           : MainThread     : DEBUG   : advance bulk: unit.000122 [12]
2017-09-08 13:53:18,259: umgr.staging.output.0.child: umgr.staging.output.0           : MainThread     : DEBUG   : advance bulk: unit.000123 [12]
2017-09-08 13:53:18,260: umgr.staging.output.0.child: umgr.staging.output.0           : MainThread     : DEBUG   : advance bulk: unit.000124 [12]
2017-09-08 13:53:18,260: umgr.staging.output.0.child: umgr.staging.output.0           : MainThread     : DEBUG   : advance bulk: unit.000125 [12]
2017-09-08 13:53:18,260: umgr.staging.output.0.child: umgr.staging.output.0           : MainThread     : DEBUG   : advance bulk: unit.000126 [12]
2017-09-08 13:53:18,260: umgr.staging.output.0.child: umgr.staging.output.0           : MainThread     : DEBUG   : advance bulk: unit.000127 [12]
2017-09-08 13:53:18,260: umgr.staging.output.0.child: umgr.staging.output.0           : MainThread     : DEBUG   : advance bulk size: 12 [True, True]
2017-09-08 13:53:18,260: umgr.staging.output.0.child: umgr.staging.output.0           : MainThread     : DEBUG   : advance bulk: unit.000116 [12]
2017-09-08 13:53:18,260: umgr.staging.output.0.child: umgr.staging.output.0           : MainThread     : DEBUG   : advance bulk: unit.000117 [12]
2017-09-08 13:53:18,260: umgr.staging.output.0.child: umgr.staging.output.0           : MainThread     : DEBUG   : advance bulk: unit.000118 [12]
2017-09-08 13:53:18,261: umgr.staging.output.0.child: umgr.staging.output.0           : MainThread     : DEBUG   : advance bulk: unit.000119 [12]
2017-09-08 13:53:18,261: umgr.staging.output.0.child: umgr.staging.output.0           : MainThread     : DEBUG   : advance bulk: unit.000120 [12]
2017-09-08 13:53:18,261: umgr.staging.output.0.child: umgr.staging.output.0           : MainThread     : DEBUG   : advance bulk: unit.000121 [12]
2017-09-08 13:53:18,261: umgr.staging.output.0.child: umgr.staging.output.0           : MainThread     : DEBUG   : advance bulk: unit.000122 [12]
2017-09-08 13:53:18,261: umgr.staging.output.0.child: umgr.staging.output.0           : MainThread     : DEBUG   : advance bulk: unit.000123 [12]
2017-09-08 13:53:18,261: umgr.staging.output.0.child: umgr.staging.output.0           : MainThread     : DEBUG   : advance bulk: unit.000124 [12]
2017-09-08 13:53:18,261: umgr.staging.output.0.child: umgr.staging.output.0           : MainThread     : DEBUG   : advance bulk: unit.000125 [12]
2017-09-08 13:53:18,261: umgr.staging.output.0.child: umgr.staging.output.0           : MainThread     : DEBUG   : advance bulk: unit.000126 [12]
2017-09-08 13:53:18,261: umgr.staging.output.0.child: umgr.staging.output.0           : MainThread     : DEBUG   : advance bulk: unit.000127 [12]
2017-09-08 13:53:18,262: umgr.staging.output.0.child: umgr.staging.output.0           : MainThread     : DEBUG   : bucket: DONE : ['unit.000116', 'unit.000117', 'unit.000118', 'unit.000119', 'unit.000120', 'unit.000121', 'unit.000122', 'unit.000123', 'unit.000124', 'unit.000125', 'unit.000126', 'unit.000127']
2017-09-08 13:53:18,262: umgr.staging.output.0.child: umgr.staging.output.0           : MainThread     : DEBUG   : push unit.000116 ===| DONE
2017-09-08 13:53:18,262: umgr.staging.output.0.child: umgr.staging.output.0           : MainThread     : DEBUG   : push unit.000117 ===| DONE
2017-09-08 13:53:18,262: umgr.staging.output.0.child: umgr.staging.output.0           : MainThread     : DEBUG   : push unit.000118 ===| DONE
2017-09-08 13:53:18,262: umgr.staging.output.0.child: umgr.staging.output.0           : MainThread     : DEBUG   : push unit.000119 ===| DONE
2017-09-08 13:53:18,262: umgr.staging.output.0.child: umgr.staging.output.0           : MainThread     : DEBUG   : push unit.000120 ===| DONE
2017-09-08 13:53:18,263: umgr.staging.output.0.child: umgr.staging.output.0           : MainThread     : DEBUG   : push unit.000121 ===| DONE
2017-09-08 13:53:18,263: umgr.staging.output.0.child: umgr.staging.output.0           : MainThread     : DEBUG   : push unit.000122 ===| DONE
2017-09-08 13:53:18,263: umgr.staging.output.0.child: umgr.staging.output.0           : MainThread     : DEBUG   : push unit.000123 ===| DONE
2017-09-08 13:53:18,263: umgr.staging.output.0.child: umgr.staging.output.0           : MainThread     : DEBUG   : push unit.000124 ===| DONE
2017-09-08 13:53:18,263: umgr.staging.output.0.child: umgr.staging.output.0           : MainThread     : DEBUG   : push unit.000125 ===| DONE
2017-09-08 13:53:18,263: umgr.staging.output.0.child: umgr.staging.output.0           : MainThread     : DEBUG   : push unit.000126 ===| DONE
2017-09-08 13:53:18,263: umgr.staging.output.0.child: umgr.staging.output.0           : MainThread     : DEBUG   : push unit.000127 ===| DONE
2017-09-08 13:53:21,267: umgr.staging.output.0.child: umgr.staging.output.0           : MainThread     : DEBUG   : ru_finalize_common()
2017-09-08 13:53:21,267: umgr.staging.output.0.child: umgr.staging.output.0           : MainThread     : DEBUG   : TERM : umgr.staging.output.0.child unregister publisher log_pubsub
2017-09-08 13:53:21,268: umgr.staging.output.0.child: umgr.staging.output.0           : MainThread     : DEBUG   : unregistered publisher log_pubsub
2017-09-08 13:53:21,269: umgr.staging.output.0.child: umgr.staging.output.0           : MainThread     : DEBUG   : TERM : umgr.staging.output.0.child unregister publisher state_pubsub
2017-09-08 13:53:21,269: umgr.staging.output.0.child: umgr.staging.output.0           : MainThread     : DEBUG   : unregistered publisher state_pubsub
2017-09-08 13:53:21,270: umgr.staging.output.0.child: umgr.staging.output.0           : MainThread     : DEBUG   : TERM : umgr.staging.output.0.child unregister publisher control_pubsub
2017-09-08 13:53:21,270: umgr.staging.output.0.child: umgr.staging.output.0           : MainThread     : DEBUG   : unregistered publisher control_pubsub
2017-09-08 13:53:21,270: umgr.staging.output.0.child: umgr.staging.output.0           : MainThread     : DEBUG   : umgr.staging.output.0.child close prof
2017-09-08 13:53:21,271: umgr.staging.output.0.child: umgr.staging.output.0           : MainThread     : INFO    : send message: [umgr.staging.output.0.child] terminating
2017-09-08 13:53:21,369: umgr.staging.output.0.child: umgr.staging.output.0           : umgr.staging.output.0.child.watch: INFO    : watcher closes
2017-09-08 13:53:21,369: umgr.staging.output.0.child: umgr.staging.output.0           : umgr.staging.output.0.child.watch: INFO    : put message: [umgr.staging.output.0.child.watch.thread] work finished
2017-09-08 13:53:21,369: umgr.staging.output.0.child: umgr.staging.output.0           : umgr.staging.output.0.child.watch: DEBUG   : ru_finalize_child (NOOP)
2017-09-08 13:53:21,369: umgr.staging.output.0.child: umgr.staging.output.0           : umgr.staging.output.0.child.watch: DEBUG   : ru_finalize_common (NOOP)
2017-09-08 13:53:21,369: umgr.staging.output.0.child: umgr.staging.output.0           : umgr.staging.output.0.child.watch: INFO    : put message: [umgr.staging.output.0.child.watch.thread] terminating
2017-09-08 13:53:21,371: umgr.staging.output.0.child: umgr.staging.output.0           : MainThread     : INFO    : parent stops child
2017-09-08 13:53:21,371: umgr.staging.output.0.child: umgr.staging.output.0           : MainThread     : DEBUG   : ru_finalize_parent (NOOP)
2017-09-08 13:53:21,372: umgr.staging.output.0.child: umgr.staging.output.0           : umgr.staging.output.0.child.subscriber._cancel_monitor_cb: ERROR   : abort: ZMQError('Socket operation on non-socket')
Traceback (most recent call last):
  File "/home/vivek91/ves/entk-exp/local/lib/python2.7/site-packages/radical/utils/threads.py", line 375, in _run
    if not self.work_cb():
  File "/home/vivek91/ves/entk-exp/local/lib/python2.7/site-packages/radical/pilot/utils/component.py", line 1088, in work_cb
    topic, msg = self._q.get_nowait(500)  # timout in ms
  File "/home/vivek91/ves/entk-exp/local/lib/python2.7/site-packages/radical/pilot/utils/pubsub.py", line 352, in get_nowait
    if _uninterruptible(self._q.poll, flags=zmq.POLLIN, timeout=timeout):
  File "/home/vivek91/ves/entk-exp/local/lib/python2.7/site-packages/radical/pilot/utils/pubsub.py", line 50, in _uninterruptible
    return f(*args, **kwargs)
  File "/home/vivek91/ves/entk-exp/local/lib/python2.7/site-packages/zmq/sugar/socket.py", line 558, in poll
    evts = dict(p.poll(timeout))
  File "/home/vivek91/ves/entk-exp/local/lib/python2.7/site-packages/zmq/sugar/poll.py", line 99, in poll
    return zmq_poll(self.sockets, timeout=timeout)
  File "zmq/backend/cython/_poll.pyx", line 123, in zmq.backend.cython._poll.zmq_poll (zmq/backend/cython/_poll.c:2186)
  File "zmq/backend/cython/_poll.pyx", line 116, in zmq.backend.cython._poll.zmq_poll (zmq/backend/cython/_poll.c:2036)
  File "zmq/backend/cython/checkrc.pxd", line 25, in zmq.backend.cython.checkrc._check_rc (zmq/backend/cython/_poll.c:2811)
    raise ZMQError(errno)
ZMQError: Socket operation on non-socket
2017-09-08 13:53:21,374: umgr.staging.output.0.child: umgr.staging.output.0           : umgr.staging.output.0.child.subscriber._cancel_monitor_cb: INFO    : put message: [umgr.staging.output.0.child.subscriber._cancel_monitor_cb.thread] ZMQError('Socket operation on non-socket')
2017-09-08 13:53:21,375: umgr.staging.output.0.child: umgr.staging.output.0           : umgr.staging.output.0.child.subscriber._cancel_monitor_cb: DEBUG   : ru_finalize_child (NOOP)
2017-09-08 13:53:21,375: umgr.staging.output.0.child: umgr.staging.output.0           : umgr.staging.output.0.child.subscriber._cancel_monitor_cb: INFO    : put message: [umgr.staging.output.0.child.subscriber._cancel_monitor_cb.thread] terminating
