2017-08-21 09:10:39,355: log.pubsub.pub.0005 : umgr.scheduling.0               : MainThread     : INFO    : python.interpreter   version: 2.7.12 (default, Nov 19 2016, 06:48:10) [GCC 5.4.0 20160609]
2017-08-21 09:10:39,356: log.pubsub.pub.0005 : umgr.scheduling.0               : MainThread     : INFO    :                      pid: 9930
2017-08-21 09:10:39,356: log.pubsub.pub.0005 : umgr.scheduling.0               : MainThread     : INFO    :                      tid: MainThread
2017-08-21 09:10:39,356: log.pubsub.pub.0005 : umgr.scheduling.0               : MainThread     : INFO    : radical.pilot        version: 0.46-v0.46.RC2@devel
2017-08-21 09:10:39,356: log.pubsub.pub.0005 : umgr.scheduling.0               : MainThread     : INFO    : create log_pubsub - pub - tcp://172.30.238.6:44647
2017-08-21 09:10:39,357: log.pubsub.pub.0005 : umgr.scheduling.0               : MainThread     : DEBUG   : start process
2017-08-21 09:10:39,357: log.pubsub.pub.0005 : umgr.scheduling.0               : MainThread     : DEBUG   : ru_initialize_common (NOOP)
2017-08-21 09:10:39,357: log.pubsub.pub.0005 : umgr.scheduling.0               : MainThread     : DEBUG   : ru_initialize_parent (NOOP)
2017-08-21 09:10:39,358: log.pubsub.pub.0005 : umgr.scheduling.0               : MainThread     : DEBUG   : process class started (no child)
2017-08-21 09:10:39,394: log.pubsub.pub.0005 : task-manager                    : MainThread     : INFO    : python.interpreter   version: 2.7.12 (default, Nov 19 2016, 06:48:10) [GCC 5.4.0 20160609]
2017-08-21 09:10:39,394: log.pubsub.pub.0005 : task-manager                    : MainThread     : INFO    :                      pid: 9797
2017-08-21 09:10:39,394: log.pubsub.pub.0005 : task-manager                    : MainThread     : INFO    :                      tid: MainThread
2017-08-21 09:10:39,394: log.pubsub.pub.0005 : task-manager                    : MainThread     : INFO    : radical.pilot        version: 0.46-v0.46.RC2@devel
2017-08-21 09:10:39,394: log.pubsub.pub.0005 : task-manager                    : MainThread     : INFO    : create log_pubsub - pub - tcp://172.30.238.6:44647
2017-08-21 09:10:39,395: log.pubsub.pub.0005 : task-manager                    : MainThread     : DEBUG   : start process
2017-08-21 09:10:39,395: log.pubsub.pub.0005 : task-manager                    : MainThread     : DEBUG   : ru_initialize_common (NOOP)
2017-08-21 09:10:39,395: log.pubsub.pub.0005 : task-manager                    : MainThread     : DEBUG   : ru_initialize_parent (NOOP)
2017-08-21 09:10:39,395: log.pubsub.pub.0005 : task-manager                    : MainThread     : DEBUG   : process class started (no child)
2017-08-21 09:10:58,575: log.pubsub.pub.0005 : umgr.scheduling.0               : MainThread     : INFO    : parent stops child
2017-08-21 09:10:58,575: log.pubsub.pub.0005 : umgr.scheduling.0               : MainThread     : DEBUG   : ru_finalize_parent (NOOP)
