2017-09-08 12:11:49,767: state.pubsub.pub.0001: pmgr.launching.0                : MainThread     : INFO    : python.interpreter   version: 2.7.12 (default, Nov 19 2016, 06:48:10) [GCC 5.4.0 20160609]
2017-09-08 12:11:49,768: state.pubsub.pub.0001: pmgr.launching.0                : MainThread     : INFO    :                      pid: 26269
2017-09-08 12:11:49,768: state.pubsub.pub.0001: pmgr.launching.0                : MainThread     : INFO    :                      tid: MainThread
2017-09-08 12:11:49,768: state.pubsub.pub.0001: pmgr.launching.0                : MainThread     : INFO    : radical.pilot        version: 0.46-v0.46.RC2@devel
2017-09-08 12:11:49,768: state.pubsub.pub.0001: pmgr.launching.0                : MainThread     : INFO    : create state_pubsub - pub - tcp://172.30.238.6:41425
2017-09-08 12:11:49,769: state.pubsub.pub.0001: pmgr.launching.0                : MainThread     : DEBUG   : start process
2017-09-08 12:11:49,769: state.pubsub.pub.0001: pmgr.launching.0                : MainThread     : DEBUG   : ru_initialize_common (NOOP)
2017-09-08 12:11:49,769: state.pubsub.pub.0001: pmgr.launching.0                : MainThread     : DEBUG   : ru_initialize_parent (NOOP)
2017-09-08 12:11:49,769: state.pubsub.pub.0001: pmgr.launching.0                : MainThread     : DEBUG   : process class started (no child)
2017-09-08 12:11:49,819: state.pubsub.pub.0001: MainProcess                     : MainThread     : INFO    : python.interpreter   version: 2.7.12 (default, Nov 19 2016, 06:48:10) [GCC 5.4.0 20160609]
2017-09-08 12:11:49,819: state.pubsub.pub.0001: MainProcess                     : MainThread     : INFO    :                      pid: 26155
2017-09-08 12:11:49,819: state.pubsub.pub.0001: MainProcess                     : MainThread     : INFO    :                      tid: MainThread
2017-09-08 12:11:49,819: state.pubsub.pub.0001: MainProcess                     : MainThread     : INFO    : radical.pilot        version: 0.46-v0.46.RC2@devel
2017-09-08 12:11:49,820: state.pubsub.pub.0001: MainProcess                     : MainThread     : INFO    : create state_pubsub - pub - tcp://172.30.238.6:41425
2017-09-08 12:11:49,820: state.pubsub.pub.0001: MainProcess                     : MainThread     : DEBUG   : start process
2017-09-08 12:11:49,820: state.pubsub.pub.0001: MainProcess                     : MainThread     : DEBUG   : ru_initialize_common (NOOP)
2017-09-08 12:11:49,820: state.pubsub.pub.0001: MainProcess                     : MainThread     : DEBUG   : ru_initialize_parent (NOOP)
2017-09-08 12:11:49,821: state.pubsub.pub.0001: MainProcess                     : MainThread     : DEBUG   : process class started (no child)
2017-09-08 12:18:05,007: state.pubsub.pub.0001: MainProcess                     : MainThread     : INFO    : parent stops child
2017-09-08 12:18:05,007: state.pubsub.pub.0001: MainProcess                     : MainThread     : DEBUG   : ru_finalize_parent (NOOP)
