2017-08-05 14:27:42,630: rp.session.Ubuntu-1604-xenial-64-minimal.vivek.017383.0001: MainProcess                     : MainThread     : INFO    : python.interpreter   version: 2.7.12 (default, Nov 19 2016, 06:48:10) [GCC 5.4.0 20160609]
2017-08-05 14:27:42,630: rp.session.Ubuntu-1604-xenial-64-minimal.vivek.017383.0001: MainProcess                     : MainThread     : INFO    :                      pid: 24857
2017-08-05 14:27:42,630: rp.session.Ubuntu-1604-xenial-64-minimal.vivek.017383.0001: MainProcess                     : MainThread     : INFO    :                      tid: MainThread
2017-08-05 14:27:42,631: rp.session.Ubuntu-1604-xenial-64-minimal.vivek.017383.0001: MainProcess                     : MainThread     : INFO    : radical.pilot        version: 0.46-v0.46.RC1-12-g344d39cf@devel
2017-08-05 14:27:42,631: rp.session.Ubuntu-1604-xenial-64-minimal.vivek.017383.0001: MainProcess                     : MainThread     : INFO    : using database mongodb://rp:rp@ds015335.mlab.com:15335/rp
2017-08-05 14:27:42,642: rp.session.Ubuntu-1604-xenial-64-minimal.vivek.017383.0001: MainProcess                     : MainThread     : INFO    : Load resource configurations from /home/vivek/ves/ve-exp-5-2-2/local/lib/python2.7/site-packages/radical/pilot/configs/resource_fub.json
2017-08-05 14:27:42,643: rp.session.Ubuntu-1604-xenial-64-minimal.vivek.017383.0001: MainProcess                     : MainThread     : INFO    : Load resource configurations for fub.allegro_rsh
2017-08-05 14:27:42,643: rp.session.Ubuntu-1604-xenial-64-minimal.vivek.017383.0001: MainProcess                     : MainThread     : INFO    : Load resource configurations from /home/vivek/ves/ve-exp-5-2-2/local/lib/python2.7/site-packages/radical/pilot/configs/resource_yale.json
2017-08-05 14:27:42,644: rp.session.Ubuntu-1604-xenial-64-minimal.vivek.017383.0001: MainProcess                     : MainThread     : INFO    : Load resource configurations for yale.grace_ssh
2017-08-05 14:27:42,644: rp.session.Ubuntu-1604-xenial-64-minimal.vivek.017383.0001: MainProcess                     : MainThread     : INFO    : Load resource configurations from /home/vivek/ves/ve-exp-5-2-2/local/lib/python2.7/site-packages/radical/pilot/configs/resource_stfc.json
2017-08-05 14:27:42,645: rp.session.Ubuntu-1604-xenial-64-minimal.vivek.017383.0001: MainProcess                     : MainThread     : INFO    : Load resource configurations for stfc.joule_runjob
2017-08-05 14:27:42,645: rp.session.Ubuntu-1604-xenial-64-minimal.vivek.017383.0001: MainProcess                     : MainThread     : INFO    : Load resource configurations from /home/vivek/ves/ve-exp-5-2-2/local/lib/python2.7/site-packages/radical/pilot/configs/resource_osg.json
2017-08-05 14:27:42,647: rp.session.Ubuntu-1604-xenial-64-minimal.vivek.017383.0001: MainProcess                     : MainThread     : INFO    : Load resource configurations for osg.xsede-virt-clust
2017-08-05 14:27:42,647: rp.session.Ubuntu-1604-xenial-64-minimal.vivek.017383.0001: MainProcess                     : MainThread     : INFO    : Load resource configurations for osg.connect
2017-08-05 14:27:42,647: rp.session.Ubuntu-1604-xenial-64-minimal.vivek.017383.0001: MainProcess                     : MainThread     : INFO    : Load resource configurations from /home/vivek/ves/ve-exp-5-2-2/local/lib/python2.7/site-packages/radical/pilot/configs/resource_xsede.json
2017-08-05 14:27:42,663: rp.session.Ubuntu-1604-xenial-64-minimal.vivek.017383.0001: MainProcess                     : MainThread     : INFO    : Load resource configurations for xsede.wrangler_spark
2017-08-05 14:27:42,663: rp.session.Ubuntu-1604-xenial-64-minimal.vivek.017383.0001: MainProcess                     : MainThread     : INFO    : Load resource configurations for xsede.stampede_yarn
2017-08-05 14:27:42,663: rp.session.Ubuntu-1604-xenial-64-minimal.vivek.017383.0001: MainProcess                     : MainThread     : INFO    : Load resource configurations for xsede.gordon_ssh
2017-08-05 14:27:42,663: rp.session.Ubuntu-1604-xenial-64-minimal.vivek.017383.0001: MainProcess                     : MainThread     : INFO    : Load resource configurations for xsede.stampede_ssh
2017-08-05 14:27:42,664: rp.session.Ubuntu-1604-xenial-64-minimal.vivek.017383.0001: MainProcess                     : MainThread     : INFO    : Load resource configurations for xsede.lonestar_ssh
2017-08-05 14:27:42,664: rp.session.Ubuntu-1604-xenial-64-minimal.vivek.017383.0001: MainProcess                     : MainThread     : INFO    : Load resource configurations for xsede.supermic_spark
2017-08-05 14:27:42,664: rp.session.Ubuntu-1604-xenial-64-minimal.vivek.017383.0001: MainProcess                     : MainThread     : INFO    : Load resource configurations for xsede.wrangler_ssh
2017-08-05 14:27:42,664: rp.session.Ubuntu-1604-xenial-64-minimal.vivek.017383.0001: MainProcess                     : MainThread     : INFO    : Load resource configurations for xsede.wrangler_yarn
2017-08-05 14:27:42,664: rp.session.Ubuntu-1604-xenial-64-minimal.vivek.017383.0001: MainProcess                     : MainThread     : INFO    : Load resource configurations for xsede.bridges
2017-08-05 14:27:42,665: rp.session.Ubuntu-1604-xenial-64-minimal.vivek.017383.0001: MainProcess                     : MainThread     : INFO    : Load resource configurations for xsede.supermic_ssh
2017-08-05 14:27:42,665: rp.session.Ubuntu-1604-xenial-64-minimal.vivek.017383.0001: MainProcess                     : MainThread     : INFO    : Load resource configurations for xsede.stampede_orte
2017-08-05 14:27:42,665: rp.session.Ubuntu-1604-xenial-64-minimal.vivek.017383.0001: MainProcess                     : MainThread     : INFO    : Load resource configurations for xsede.greenfield
2017-08-05 14:27:42,665: rp.session.Ubuntu-1604-xenial-64-minimal.vivek.017383.0001: MainProcess                     : MainThread     : INFO    : Load resource configurations for xsede.comet_spark
2017-08-05 14:27:42,665: rp.session.Ubuntu-1604-xenial-64-minimal.vivek.017383.0001: MainProcess                     : MainThread     : INFO    : Load resource configurations for xsede.trestles_ssh
2017-08-05 14:27:42,666: rp.session.Ubuntu-1604-xenial-64-minimal.vivek.017383.0001: MainProcess                     : MainThread     : INFO    : Load resource configurations for xsede.comet_ssh
2017-08-05 14:27:42,666: rp.session.Ubuntu-1604-xenial-64-minimal.vivek.017383.0001: MainProcess                     : MainThread     : INFO    : Load resource configurations for xsede.stampede_spark
2017-08-05 14:27:42,666: rp.session.Ubuntu-1604-xenial-64-minimal.vivek.017383.0001: MainProcess                     : MainThread     : INFO    : Load resource configurations for xsede.comet_orte
2017-08-05 14:27:42,666: rp.session.Ubuntu-1604-xenial-64-minimal.vivek.017383.0001: MainProcess                     : MainThread     : INFO    : Load resource configurations for xsede.comet_ortelib
2017-08-05 14:27:42,666: rp.session.Ubuntu-1604-xenial-64-minimal.vivek.017383.0001: MainProcess                     : MainThread     : INFO    : Load resource configurations for xsede.blacklight_ssh
2017-08-05 14:27:42,667: rp.session.Ubuntu-1604-xenial-64-minimal.vivek.017383.0001: MainProcess                     : MainThread     : INFO    : Load resource configurations for xsede.stampede_ortelib
2017-08-05 14:27:42,667: rp.session.Ubuntu-1604-xenial-64-minimal.vivek.017383.0001: MainProcess                     : MainThread     : INFO    : Load resource configurations from /home/vivek/ves/ve-exp-5-2-2/local/lib/python2.7/site-packages/radical/pilot/configs/resource_nersc.json
2017-08-05 14:27:42,672: rp.session.Ubuntu-1604-xenial-64-minimal.vivek.017383.0001: MainProcess                     : MainThread     : INFO    : Load resource configurations for nersc.edison_ccm_ssh
2017-08-05 14:27:42,672: rp.session.Ubuntu-1604-xenial-64-minimal.vivek.017383.0001: MainProcess                     : MainThread     : INFO    : Load resource configurations for nersc.hopper_orte
2017-08-05 14:27:42,672: rp.session.Ubuntu-1604-xenial-64-minimal.vivek.017383.0001: MainProcess                     : MainThread     : INFO    : Load resource configurations for nersc.hopper_ccm_ssh
2017-08-05 14:27:42,672: rp.session.Ubuntu-1604-xenial-64-minimal.vivek.017383.0001: MainProcess                     : MainThread     : INFO    : Load resource configurations for nersc.edison_aprun
2017-08-05 14:27:42,673: rp.session.Ubuntu-1604-xenial-64-minimal.vivek.017383.0001: MainProcess                     : MainThread     : INFO    : Load resource configurations for nersc.hopper_aprun
2017-08-05 14:27:42,673: rp.session.Ubuntu-1604-xenial-64-minimal.vivek.017383.0001: MainProcess                     : MainThread     : INFO    : Load resource configurations for nersc.edison_orte
2017-08-05 14:27:42,673: rp.session.Ubuntu-1604-xenial-64-minimal.vivek.017383.0001: MainProcess                     : MainThread     : INFO    : Load resource configurations from /home/vivek/ves/ve-exp-5-2-2/local/lib/python2.7/site-packages/radical/pilot/configs/resource_lrz.json
2017-08-05 14:27:42,674: rp.session.Ubuntu-1604-xenial-64-minimal.vivek.017383.0001: MainProcess                     : MainThread     : INFO    : Load resource configurations for lrz.supermuc_ssh
2017-08-05 14:27:42,674: rp.session.Ubuntu-1604-xenial-64-minimal.vivek.017383.0001: MainProcess                     : MainThread     : INFO    : Load resource configurations from /home/vivek/ves/ve-exp-5-2-2/local/lib/python2.7/site-packages/radical/pilot/configs/resource_epsrc.json
2017-08-05 14:27:42,676: rp.session.Ubuntu-1604-xenial-64-minimal.vivek.017383.0001: MainProcess                     : MainThread     : INFO    : Load resource configurations for epsrc.archer_orte
2017-08-05 14:27:42,676: rp.session.Ubuntu-1604-xenial-64-minimal.vivek.017383.0001: MainProcess                     : MainThread     : INFO    : Load resource configurations for epsrc.archer_aprun
2017-08-05 14:27:42,676: rp.session.Ubuntu-1604-xenial-64-minimal.vivek.017383.0001: MainProcess                     : MainThread     : INFO    : Load resource configurations from /home/vivek/ves/ve-exp-5-2-2/local/lib/python2.7/site-packages/radical/pilot/configs/resource_ncsa.json
2017-08-05 14:27:42,680: rp.session.Ubuntu-1604-xenial-64-minimal.vivek.017383.0001: MainProcess                     : MainThread     : INFO    : Load resource configurations for ncsa.bw_orte
2017-08-05 14:27:42,680: rp.session.Ubuntu-1604-xenial-64-minimal.vivek.017383.0001: MainProcess                     : MainThread     : INFO    : Load resource configurations for ncsa.bw_ccm_ssh
2017-08-05 14:27:42,680: rp.session.Ubuntu-1604-xenial-64-minimal.vivek.017383.0001: MainProcess                     : MainThread     : INFO    : Load resource configurations for ncsa.bw_ortelib
2017-08-05 14:27:42,681: rp.session.Ubuntu-1604-xenial-64-minimal.vivek.017383.0001: MainProcess                     : MainThread     : INFO    : Load resource configurations for ncsa.bw_aprun
2017-08-05 14:27:42,681: rp.session.Ubuntu-1604-xenial-64-minimal.vivek.017383.0001: MainProcess                     : MainThread     : INFO    : Load resource configurations for ncsa.bw_local_orte
2017-08-05 14:27:42,681: rp.session.Ubuntu-1604-xenial-64-minimal.vivek.017383.0001: MainProcess                     : MainThread     : INFO    : Load resource configurations from /home/vivek/ves/ve-exp-5-2-2/local/lib/python2.7/site-packages/radical/pilot/configs/resource_lumc.json
2017-08-05 14:27:42,683: rp.session.Ubuntu-1604-xenial-64-minimal.vivek.017383.0001: MainProcess                     : MainThread     : INFO    : Load resource configurations for lumc.gb-ui_ssh
2017-08-05 14:27:42,683: rp.session.Ubuntu-1604-xenial-64-minimal.vivek.017383.0001: MainProcess                     : MainThread     : INFO    : Load resource configurations for lumc.shark_ssh
2017-08-05 14:27:42,683: rp.session.Ubuntu-1604-xenial-64-minimal.vivek.017383.0001: MainProcess                     : MainThread     : INFO    : Load resource configurations from /home/vivek/ves/ve-exp-5-2-2/local/lib/python2.7/site-packages/radical/pilot/configs/resource_das4.json
2017-08-05 14:27:42,684: rp.session.Ubuntu-1604-xenial-64-minimal.vivek.017383.0001: MainProcess                     : MainThread     : INFO    : Load resource configurations for das4.fs2_ssh
2017-08-05 14:27:42,684: rp.session.Ubuntu-1604-xenial-64-minimal.vivek.017383.0001: MainProcess                     : MainThread     : INFO    : Load resource configurations from /home/vivek/ves/ve-exp-5-2-2/local/lib/python2.7/site-packages/radical/pilot/configs/resource_aliases.json
2017-08-05 14:27:42,684: rp.session.Ubuntu-1604-xenial-64-minimal.vivek.017383.0001: MainProcess                     : MainThread     : INFO    : Load resource configurations from /home/vivek/ves/ve-exp-5-2-2/local/lib/python2.7/site-packages/radical/pilot/configs/resource_futuregrid.json
2017-08-05 14:27:42,688: rp.session.Ubuntu-1604-xenial-64-minimal.vivek.017383.0001: MainProcess                     : MainThread     : INFO    : Load resource configurations for futuregrid.delta_ssh
2017-08-05 14:27:42,688: rp.session.Ubuntu-1604-xenial-64-minimal.vivek.017383.0001: MainProcess                     : MainThread     : INFO    : Load resource configurations for futuregrid.india_ssh
2017-08-05 14:27:42,689: rp.session.Ubuntu-1604-xenial-64-minimal.vivek.017383.0001: MainProcess                     : MainThread     : INFO    : Load resource configurations for futuregrid.echo_ssh
2017-08-05 14:27:42,689: rp.session.Ubuntu-1604-xenial-64-minimal.vivek.017383.0001: MainProcess                     : MainThread     : INFO    : Load resource configurations for futuregrid.xray_ccm
2017-08-05 14:27:42,689: rp.session.Ubuntu-1604-xenial-64-minimal.vivek.017383.0001: MainProcess                     : MainThread     : INFO    : Load resource configurations for futuregrid.bravo_ssh
2017-08-05 14:27:42,689: rp.session.Ubuntu-1604-xenial-64-minimal.vivek.017383.0001: MainProcess                     : MainThread     : INFO    : Load resource configurations for futuregrid.xray_aprun
2017-08-05 14:27:42,689: rp.session.Ubuntu-1604-xenial-64-minimal.vivek.017383.0001: MainProcess                     : MainThread     : INFO    : Load resource configurations from /home/vivek/ves/ve-exp-5-2-2/local/lib/python2.7/site-packages/radical/pilot/configs/resource_ornl.json
2017-08-05 14:27:42,692: rp.session.Ubuntu-1604-xenial-64-minimal.vivek.017383.0001: MainProcess                     : MainThread     : INFO    : Load resource configurations for ornl.titan_orte
2017-08-05 14:27:42,692: rp.session.Ubuntu-1604-xenial-64-minimal.vivek.017383.0001: MainProcess                     : MainThread     : INFO    : Load resource configurations for ornl.titan_aprun
2017-08-05 14:27:42,692: rp.session.Ubuntu-1604-xenial-64-minimal.vivek.017383.0001: MainProcess                     : MainThread     : INFO    : Load resource configurations for ornl.titan_ortelib
2017-08-05 14:27:42,693: rp.session.Ubuntu-1604-xenial-64-minimal.vivek.017383.0001: MainProcess                     : MainThread     : INFO    : Load resource configurations from /home/vivek/ves/ve-exp-5-2-2/local/lib/python2.7/site-packages/radical/pilot/configs/resource_chameleon.json
2017-08-05 14:27:42,693: rp.session.Ubuntu-1604-xenial-64-minimal.vivek.017383.0001: MainProcess                     : MainThread     : INFO    : Load resource configurations for chameleon.cloud_vm_yarn
2017-08-05 14:27:42,693: rp.session.Ubuntu-1604-xenial-64-minimal.vivek.017383.0001: MainProcess                     : MainThread     : INFO    : Load resource configurations from /home/vivek/ves/ve-exp-5-2-2/local/lib/python2.7/site-packages/radical/pilot/configs/resource_iu.json
2017-08-05 14:27:42,695: rp.session.Ubuntu-1604-xenial-64-minimal.vivek.017383.0001: MainProcess                     : MainThread     : INFO    : Load resource configurations for iu.bigred2_ccm_ssh
2017-08-05 14:27:42,695: rp.session.Ubuntu-1604-xenial-64-minimal.vivek.017383.0001: MainProcess                     : MainThread     : INFO    : Load resource configurations for iu.bigred2_aprun
2017-08-05 14:27:42,695: rp.session.Ubuntu-1604-xenial-64-minimal.vivek.017383.0001: MainProcess                     : MainThread     : INFO    : Load resource configurations from /home/vivek/ves/ve-exp-5-2-2/local/lib/python2.7/site-packages/radical/pilot/configs/resource_local.json
2017-08-05 14:27:42,700: rp.session.Ubuntu-1604-xenial-64-minimal.vivek.017383.0001: MainProcess                     : MainThread     : INFO    : Load resource configurations for local.localhost_orte
2017-08-05 14:27:42,700: rp.session.Ubuntu-1604-xenial-64-minimal.vivek.017383.0001: MainProcess                     : MainThread     : INFO    : Load resource configurations for local.localhost_anaconda
2017-08-05 14:27:42,700: rp.session.Ubuntu-1604-xenial-64-minimal.vivek.017383.0001: MainProcess                     : MainThread     : INFO    : Load resource configurations for local.localhost_ortelib
2017-08-05 14:27:42,700: rp.session.Ubuntu-1604-xenial-64-minimal.vivek.017383.0001: MainProcess                     : MainThread     : INFO    : Load resource configurations for local.localhost
2017-08-05 14:27:42,701: rp.session.Ubuntu-1604-xenial-64-minimal.vivek.017383.0001: MainProcess                     : MainThread     : INFO    : Load resource configurations for local.localhost_spark
2017-08-05 14:27:42,701: rp.session.Ubuntu-1604-xenial-64-minimal.vivek.017383.0001: MainProcess                     : MainThread     : INFO    : Load resource configurations for local.localhost_spark_anaconda
2017-08-05 14:27:42,701: rp.session.Ubuntu-1604-xenial-64-minimal.vivek.017383.0001: MainProcess                     : MainThread     : INFO    : Load resource configurations for local.localhost_yarn
2017-08-05 14:27:42,701: rp.session.Ubuntu-1604-xenial-64-minimal.vivek.017383.0001: MainProcess                     : MainThread     : INFO    : Load resource configurations from /home/vivek/ves/ve-exp-5-2-2/local/lib/python2.7/site-packages/radical/pilot/configs/resource_radical.json
2017-08-05 14:27:42,703: rp.session.Ubuntu-1604-xenial-64-minimal.vivek.017383.0001: MainProcess                     : MainThread     : INFO    : Load resource configurations for radical.two
2017-08-05 14:27:42,703: rp.session.Ubuntu-1604-xenial-64-minimal.vivek.017383.0001: MainProcess                     : MainThread     : INFO    : Load resource configurations for radical.tutorial
2017-08-05 14:27:42,704: rp.session.Ubuntu-1604-xenial-64-minimal.vivek.017383.0001: MainProcess                     : MainThread     : INFO    : Load resource configurations for radical.one
2017-08-05 14:27:42,704: rp.session.Ubuntu-1604-xenial-64-minimal.vivek.017383.0001: MainProcess                     : MainThread     : INFO    : Load resource configurations from /home/vivek/ves/ve-exp-5-2-2/local/lib/python2.7/site-packages/radical/pilot/configs/resource_ncar.json
2017-08-05 14:27:42,704: rp.session.Ubuntu-1604-xenial-64-minimal.vivek.017383.0001: MainProcess                     : MainThread     : INFO    : Load resource configurations for ncar.yellowstone_ssh
2017-08-05 14:27:42,705: rp.session.Ubuntu-1604-xenial-64-minimal.vivek.017383.0001: MainProcess                     : MainThread     : INFO    : Load resource configurations from /home/vivek/ves/ve-exp-5-2-2/local/lib/python2.7/site-packages/radical/pilot/configs/resource_rice.json
2017-08-05 14:27:42,706: rp.session.Ubuntu-1604-xenial-64-minimal.vivek.017383.0001: MainProcess                     : MainThread     : INFO    : Load resource configurations for rice.davinci_ssh
2017-08-05 14:27:42,706: rp.session.Ubuntu-1604-xenial-64-minimal.vivek.017383.0001: MainProcess                     : MainThread     : INFO    : Load resource configurations for rice.biou_ssh
2017-08-05 14:27:42,706: rp.session.Ubuntu-1604-xenial-64-minimal.vivek.017383.0001: MainProcess                     : MainThread     : INFO    : Load resource configurations from /home/vivek/ves/ve-exp-5-2-2/local/lib/python2.7/site-packages/radical/pilot/configs/resource_das5.json
2017-08-05 14:27:42,707: rp.session.Ubuntu-1604-xenial-64-minimal.vivek.017383.0001: MainProcess                     : MainThread     : INFO    : Load resource configurations for das5.fs1_ssh
2017-08-05 14:27:43,769: rp.session.Ubuntu-1604-xenial-64-minimal.vivek.017383.0001: MainProcess                     : MainThread     : INFO    : New Session created: rp.session.Ubuntu-1604-xenial-64-minimal.vivek.017383.0001.
2017-08-05 14:27:43,770: rp.session.Ubuntu-1604-xenial-64-minimal.vivek.017383.0001: MainProcess                     : MainThread     : DEBUG   : start bridges   : {u'control_pubsub': {u'bulk_size': 0, u'log_level': u'debug', u'stall_hwm': 1},
 u'log_pubsub': {u'bulk_size': 0, u'log_level': u'debug', u'stall_hwm': 1},
 u'state_pubsub': {u'bulk_size': 0, u'log_level': u'debug', u'stall_hwm': 1}}
2017-08-05 14:27:43,771: rp.session.Ubuntu-1604-xenial-64-minimal.vivek.017383.0001: MainProcess                     : MainThread     : INFO    : create bridge control_pubsub
2017-08-05 14:27:43,786: rp.session.Ubuntu-1604-xenial-64-minimal.vivek.017383.0001: MainProcess                     : MainThread     : INFO    : created bridge control_pubsub (control.pubsub.bridge.0000)
2017-08-05 14:27:43,786: rp.session.Ubuntu-1604-xenial-64-minimal.vivek.017383.0001: MainProcess                     : MainThread     : INFO    : create bridge state_pubsub
2017-08-05 14:27:43,799: rp.session.Ubuntu-1604-xenial-64-minimal.vivek.017383.0001: MainProcess                     : MainThread     : INFO    : created bridge state_pubsub (state.pubsub.bridge.0000)
2017-08-05 14:27:43,799: rp.session.Ubuntu-1604-xenial-64-minimal.vivek.017383.0001: MainProcess                     : MainThread     : INFO    : create bridge log_pubsub
2017-08-05 14:27:43,811: rp.session.Ubuntu-1604-xenial-64-minimal.vivek.017383.0001: MainProcess                     : MainThread     : INFO    : created bridge log_pubsub (log.pubsub.bridge.0000)
2017-08-05 14:27:43,812: rp.session.Ubuntu-1604-xenial-64-minimal.vivek.017383.0001: MainProcess                     : MainThread     : DEBUG   : start components: {u'UpdateWorker': {u'count': 1}}
2017-08-05 14:27:43,812: rp.session.Ubuntu-1604-xenial-64-minimal.vivek.017383.0001: MainProcess                     : MainThread     : DEBUG   : start 1 component(s) UpdateWorker
2017-08-05 14:27:44,469: rp.session.Ubuntu-1604-xenial-64-minimal.vivek.017383.0001: MainProcess                     : MainThread     : INFO    : rp.session.Ubuntu-1604-xenial-64-minimal.vivek.017383.0001 starts update.0
2017-08-05 14:27:44,862: rp.session.Ubuntu-1604-xenial-64-minimal.vivek.017383.0001: MainProcess                     : MainThread     : WARNING : using alias 'xsede.supermic_ssh' for deprecated resource key 'xsede.supermic'
2017-08-05 14:27:44,863: rp.session.Ubuntu-1604-xenial-64-minimal.vivek.017383.0001: MainProcess                     : MainThread     : DEBUG   : rsup.PTYShell('gsissh://supermic.cct-lsu.xsede.org:2222/')
2017-08-05 14:27:50,454: rp.session.Ubuntu-1604-xenial-64-minimal.vivek.017383.0001: MainProcess                     : MainThread     : DEBUG   : sandbox base gsissh://supermic.cct-lsu.xsede.org:2222/: '/work/vivek91'
2017-08-05 14:27:50,658: rp.session.Ubuntu-1604-xenial-64-minimal.vivek.017383.0001: MainProcess                     : MainThread     : DEBUG   : bulk pilot insert result: {'nModified': 0, 'nUpserted': 0, 'nMatched': 0, 'writeErrors': [], 'upserted': [], 'writeConcernErrors': [], 'nRemoved': 0, 'nInserted': 1}
2017-08-05 14:27:50,664: rp.session.Ubuntu-1604-xenial-64-minimal.vivek.017383.0001: pmgr.launching.0                : MainThread     : WARNING : using alias 'xsede.supermic_ssh' for deprecated resource key 'xsede.supermic'
2017-08-05 14:27:50,666: rp.session.Ubuntu-1604-xenial-64-minimal.vivek.017383.0001: pmgr.launching.0                : MainThread     : WARNING : using alias 'xsede.supermic_ssh' for deprecated resource key 'xsede.supermic'
2017-08-05 14:27:50,666: rp.session.Ubuntu-1604-xenial-64-minimal.vivek.017383.0001: pmgr.launching.0                : MainThread     : DEBUG   : rsup.PTYShell('gsissh://supermic.cct-lsu.xsede.org:2222/')
2017-08-05 14:27:52,453: rp.session.Ubuntu-1604-xenial-64-minimal.vivek.017383.0001: pmgr.launching.0                : MainThread     : DEBUG   : sandbox base gsissh://supermic.cct-lsu.xsede.org:2222/: '/work/vivek91'
2017-08-05 14:28:39,014: rp.session.Ubuntu-1604-xenial-64-minimal.vivek.017383.0001: task-manager                    : MainThread     : DEBUG   : bulk unit insert result: {'nModified': 0, 'nUpserted': 0, 'nMatched': 0, 'writeErrors': [], 'upserted': [], 'writeConcernErrors': [], 'nRemoved': 0, 'nInserted': 1}
2017-08-05 14:28:39,127: rp.session.Ubuntu-1604-xenial-64-minimal.vivek.017383.0001: task-manager                    : MainThread     : DEBUG   : bulk unit insert result: {'nModified': 0, 'nUpserted': 0, 'nMatched': 0, 'writeErrors': [], 'upserted': [], 'writeConcernErrors': [], 'nRemoved': 0, 'nInserted': 1}
2017-08-05 14:28:39,238: rp.session.Ubuntu-1604-xenial-64-minimal.vivek.017383.0001: task-manager                    : MainThread     : DEBUG   : bulk unit insert result: {'nModified': 0, 'nUpserted': 0, 'nMatched': 0, 'writeErrors': [], 'upserted': [], 'writeConcernErrors': [], 'nRemoved': 0, 'nInserted': 1}
2017-08-05 14:28:39,349: rp.session.Ubuntu-1604-xenial-64-minimal.vivek.017383.0001: task-manager                    : MainThread     : DEBUG   : bulk unit insert result: {'nModified': 0, 'nUpserted': 0, 'nMatched': 0, 'writeErrors': [], 'upserted': [], 'writeConcernErrors': [], 'nRemoved': 0, 'nInserted': 1}
2017-08-05 14:28:39,465: rp.session.Ubuntu-1604-xenial-64-minimal.vivek.017383.0001: task-manager                    : MainThread     : DEBUG   : bulk unit insert result: {'nModified': 0, 'nUpserted': 0, 'nMatched': 0, 'writeErrors': [], 'upserted': [], 'writeConcernErrors': [], 'nRemoved': 0, 'nInserted': 1}
2017-08-05 14:28:39,575: rp.session.Ubuntu-1604-xenial-64-minimal.vivek.017383.0001: task-manager                    : MainThread     : DEBUG   : bulk unit insert result: {'nModified': 0, 'nUpserted': 0, 'nMatched': 0, 'writeErrors': [], 'upserted': [], 'writeConcernErrors': [], 'nRemoved': 0, 'nInserted': 1}
2017-08-05 14:28:39,687: rp.session.Ubuntu-1604-xenial-64-minimal.vivek.017383.0001: task-manager                    : MainThread     : DEBUG   : bulk unit insert result: {'nModified': 0, 'nUpserted': 0, 'nMatched': 0, 'writeErrors': [], 'upserted': [], 'writeConcernErrors': [], 'nRemoved': 0, 'nInserted': 1}
2017-08-05 14:28:39,793: rp.session.Ubuntu-1604-xenial-64-minimal.vivek.017383.0001: task-manager                    : MainThread     : DEBUG   : bulk unit insert result: {'nModified': 0, 'nUpserted': 0, 'nMatched': 0, 'writeErrors': [], 'upserted': [], 'writeConcernErrors': [], 'nRemoved': 0, 'nInserted': 1}
2017-08-05 14:28:39,899: rp.session.Ubuntu-1604-xenial-64-minimal.vivek.017383.0001: task-manager                    : MainThread     : DEBUG   : bulk unit insert result: {'nModified': 0, 'nUpserted': 0, 'nMatched': 0, 'writeErrors': [], 'upserted': [], 'writeConcernErrors': [], 'nRemoved': 0, 'nInserted': 1}
2017-08-05 14:28:40,005: rp.session.Ubuntu-1604-xenial-64-minimal.vivek.017383.0001: task-manager                    : MainThread     : DEBUG   : bulk unit insert result: {'nModified': 0, 'nUpserted': 0, 'nMatched': 0, 'writeErrors': [], 'upserted': [], 'writeConcernErrors': [], 'nRemoved': 0, 'nInserted': 1}
2017-08-05 14:28:40,112: rp.session.Ubuntu-1604-xenial-64-minimal.vivek.017383.0001: task-manager                    : MainThread     : DEBUG   : bulk unit insert result: {'nModified': 0, 'nUpserted': 0, 'nMatched': 0, 'writeErrors': [], 'upserted': [], 'writeConcernErrors': [], 'nRemoved': 0, 'nInserted': 1}
2017-08-05 14:28:40,218: rp.session.Ubuntu-1604-xenial-64-minimal.vivek.017383.0001: task-manager                    : MainThread     : DEBUG   : bulk unit insert result: {'nModified': 0, 'nUpserted': 0, 'nMatched': 0, 'writeErrors': [], 'upserted': [], 'writeConcernErrors': [], 'nRemoved': 0, 'nInserted': 1}
2017-08-05 14:28:40,337: rp.session.Ubuntu-1604-xenial-64-minimal.vivek.017383.0001: task-manager                    : MainThread     : DEBUG   : bulk unit insert result: {'nModified': 0, 'nUpserted': 0, 'nMatched': 0, 'writeErrors': [], 'upserted': [], 'writeConcernErrors': [], 'nRemoved': 0, 'nInserted': 1}
2017-08-05 14:28:40,453: rp.session.Ubuntu-1604-xenial-64-minimal.vivek.017383.0001: task-manager                    : MainThread     : DEBUG   : bulk unit insert result: {'nModified': 0, 'nUpserted': 0, 'nMatched': 0, 'writeErrors': [], 'upserted': [], 'writeConcernErrors': [], 'nRemoved': 0, 'nInserted': 1}
2017-08-05 14:28:40,564: rp.session.Ubuntu-1604-xenial-64-minimal.vivek.017383.0001: task-manager                    : MainThread     : DEBUG   : bulk unit insert result: {'nModified': 0, 'nUpserted': 0, 'nMatched': 0, 'writeErrors': [], 'upserted': [], 'writeConcernErrors': [], 'nRemoved': 0, 'nInserted': 1}
2017-08-05 14:28:40,673: rp.session.Ubuntu-1604-xenial-64-minimal.vivek.017383.0001: task-manager                    : MainThread     : DEBUG   : bulk unit insert result: {'nModified': 0, 'nUpserted': 0, 'nMatched': 0, 'writeErrors': [], 'upserted': [], 'writeConcernErrors': [], 'nRemoved': 0, 'nInserted': 1}
2017-08-05 14:28:40,785: rp.session.Ubuntu-1604-xenial-64-minimal.vivek.017383.0001: task-manager                    : MainThread     : DEBUG   : bulk unit insert result: {'nModified': 0, 'nUpserted': 0, 'nMatched': 0, 'writeErrors': [], 'upserted': [], 'writeConcernErrors': [], 'nRemoved': 0, 'nInserted': 1}
2017-08-05 14:28:40,912: rp.session.Ubuntu-1604-xenial-64-minimal.vivek.017383.0001: task-manager                    : MainThread     : DEBUG   : bulk unit insert result: {'nModified': 0, 'nUpserted': 0, 'nMatched': 0, 'writeErrors': [], 'upserted': [], 'writeConcernErrors': [], 'nRemoved': 0, 'nInserted': 1}
2017-08-05 14:28:41,023: rp.session.Ubuntu-1604-xenial-64-minimal.vivek.017383.0001: task-manager                    : MainThread     : DEBUG   : bulk unit insert result: {'nModified': 0, 'nUpserted': 0, 'nMatched': 0, 'writeErrors': [], 'upserted': [], 'writeConcernErrors': [], 'nRemoved': 0, 'nInserted': 1}
2017-08-05 14:28:41,134: rp.session.Ubuntu-1604-xenial-64-minimal.vivek.017383.0001: task-manager                    : MainThread     : DEBUG   : bulk unit insert result: {'nModified': 0, 'nUpserted': 0, 'nMatched': 0, 'writeErrors': [], 'upserted': [], 'writeConcernErrors': [], 'nRemoved': 0, 'nInserted': 1}
2017-08-05 14:28:41,247: rp.session.Ubuntu-1604-xenial-64-minimal.vivek.017383.0001: task-manager                    : MainThread     : DEBUG   : bulk unit insert result: {'nModified': 0, 'nUpserted': 0, 'nMatched': 0, 'writeErrors': [], 'upserted': [], 'writeConcernErrors': [], 'nRemoved': 0, 'nInserted': 1}
2017-08-05 14:28:41,362: rp.session.Ubuntu-1604-xenial-64-minimal.vivek.017383.0001: task-manager                    : MainThread     : DEBUG   : bulk unit insert result: {'nModified': 0, 'nUpserted': 0, 'nMatched': 0, 'writeErrors': [], 'upserted': [], 'writeConcernErrors': [], 'nRemoved': 0, 'nInserted': 1}
2017-08-05 14:28:41,469: rp.session.Ubuntu-1604-xenial-64-minimal.vivek.017383.0001: task-manager                    : MainThread     : DEBUG   : bulk unit insert result: {'nModified': 0, 'nUpserted': 0, 'nMatched': 0, 'writeErrors': [], 'upserted': [], 'writeConcernErrors': [], 'nRemoved': 0, 'nInserted': 1}
2017-08-05 14:28:41,575: rp.session.Ubuntu-1604-xenial-64-minimal.vivek.017383.0001: task-manager                    : MainThread     : DEBUG   : bulk unit insert result: {'nModified': 0, 'nUpserted': 0, 'nMatched': 0, 'writeErrors': [], 'upserted': [], 'writeConcernErrors': [], 'nRemoved': 0, 'nInserted': 1}
2017-08-05 14:28:41,684: rp.session.Ubuntu-1604-xenial-64-minimal.vivek.017383.0001: task-manager                    : MainThread     : DEBUG   : bulk unit insert result: {'nModified': 0, 'nUpserted': 0, 'nMatched': 0, 'writeErrors': [], 'upserted': [], 'writeConcernErrors': [], 'nRemoved': 0, 'nInserted': 1}
2017-08-05 14:28:41,794: rp.session.Ubuntu-1604-xenial-64-minimal.vivek.017383.0001: task-manager                    : MainThread     : DEBUG   : bulk unit insert result: {'nModified': 0, 'nUpserted': 0, 'nMatched': 0, 'writeErrors': [], 'upserted': [], 'writeConcernErrors': [], 'nRemoved': 0, 'nInserted': 1}
2017-08-05 14:28:41,902: rp.session.Ubuntu-1604-xenial-64-minimal.vivek.017383.0001: task-manager                    : MainThread     : DEBUG   : bulk unit insert result: {'nModified': 0, 'nUpserted': 0, 'nMatched': 0, 'writeErrors': [], 'upserted': [], 'writeConcernErrors': [], 'nRemoved': 0, 'nInserted': 1}
2017-08-05 14:28:42,014: rp.session.Ubuntu-1604-xenial-64-minimal.vivek.017383.0001: task-manager                    : MainThread     : DEBUG   : bulk unit insert result: {'nModified': 0, 'nUpserted': 0, 'nMatched': 0, 'writeErrors': [], 'upserted': [], 'writeConcernErrors': [], 'nRemoved': 0, 'nInserted': 1}
2017-08-05 14:28:42,131: rp.session.Ubuntu-1604-xenial-64-minimal.vivek.017383.0001: task-manager                    : MainThread     : DEBUG   : bulk unit insert result: {'nModified': 0, 'nUpserted': 0, 'nMatched': 0, 'writeErrors': [], 'upserted': [], 'writeConcernErrors': [], 'nRemoved': 0, 'nInserted': 1}
2017-08-05 14:28:42,245: rp.session.Ubuntu-1604-xenial-64-minimal.vivek.017383.0001: task-manager                    : MainThread     : DEBUG   : bulk unit insert result: {'nModified': 0, 'nUpserted': 0, 'nMatched': 0, 'writeErrors': [], 'upserted': [], 'writeConcernErrors': [], 'nRemoved': 0, 'nInserted': 1}
2017-08-05 14:28:42,359: rp.session.Ubuntu-1604-xenial-64-minimal.vivek.017383.0001: task-manager                    : MainThread     : DEBUG   : bulk unit insert result: {'nModified': 0, 'nUpserted': 0, 'nMatched': 0, 'writeErrors': [], 'upserted': [], 'writeConcernErrors': [], 'nRemoved': 0, 'nInserted': 1}
2017-08-05 14:28:42,471: rp.session.Ubuntu-1604-xenial-64-minimal.vivek.017383.0001: task-manager                    : MainThread     : DEBUG   : bulk unit insert result: {'nModified': 0, 'nUpserted': 0, 'nMatched': 0, 'writeErrors': [], 'upserted': [], 'writeConcernErrors': [], 'nRemoved': 0, 'nInserted': 1}
2017-08-05 14:28:55,121: rp.session.Ubuntu-1604-xenial-64-minimal.vivek.017383.0001: task-manager                    : MainThread     : DEBUG   : bulk unit insert result: {'nModified': 0, 'nUpserted': 0, 'nMatched': 0, 'writeErrors': [], 'upserted': [], 'writeConcernErrors': [], 'nRemoved': 0, 'nInserted': 1}
2017-08-05 14:28:55,233: rp.session.Ubuntu-1604-xenial-64-minimal.vivek.017383.0001: task-manager                    : MainThread     : DEBUG   : bulk unit insert result: {'nModified': 0, 'nUpserted': 0, 'nMatched': 0, 'writeErrors': [], 'upserted': [], 'writeConcernErrors': [], 'nRemoved': 0, 'nInserted': 1}
2017-08-05 14:28:55,344: rp.session.Ubuntu-1604-xenial-64-minimal.vivek.017383.0001: task-manager                    : MainThread     : DEBUG   : bulk unit insert result: {'nModified': 0, 'nUpserted': 0, 'nMatched': 0, 'writeErrors': [], 'upserted': [], 'writeConcernErrors': [], 'nRemoved': 0, 'nInserted': 1}
2017-08-05 14:28:55,450: rp.session.Ubuntu-1604-xenial-64-minimal.vivek.017383.0001: task-manager                    : MainThread     : DEBUG   : bulk unit insert result: {'nModified': 0, 'nUpserted': 0, 'nMatched': 0, 'writeErrors': [], 'upserted': [], 'writeConcernErrors': [], 'nRemoved': 0, 'nInserted': 1}
2017-08-05 14:28:55,557: rp.session.Ubuntu-1604-xenial-64-minimal.vivek.017383.0001: task-manager                    : MainThread     : DEBUG   : bulk unit insert result: {'nModified': 0, 'nUpserted': 0, 'nMatched': 0, 'writeErrors': [], 'upserted': [], 'writeConcernErrors': [], 'nRemoved': 0, 'nInserted': 1}
2017-08-05 14:28:55,663: rp.session.Ubuntu-1604-xenial-64-minimal.vivek.017383.0001: task-manager                    : MainThread     : DEBUG   : bulk unit insert result: {'nModified': 0, 'nUpserted': 0, 'nMatched': 0, 'writeErrors': [], 'upserted': [], 'writeConcernErrors': [], 'nRemoved': 0, 'nInserted': 1}
2017-08-05 14:28:55,773: rp.session.Ubuntu-1604-xenial-64-minimal.vivek.017383.0001: task-manager                    : MainThread     : DEBUG   : bulk unit insert result: {'nModified': 0, 'nUpserted': 0, 'nMatched': 0, 'writeErrors': [], 'upserted': [], 'writeConcernErrors': [], 'nRemoved': 0, 'nInserted': 1}
2017-08-05 14:28:55,881: rp.session.Ubuntu-1604-xenial-64-minimal.vivek.017383.0001: task-manager                    : MainThread     : DEBUG   : bulk unit insert result: {'nModified': 0, 'nUpserted': 0, 'nMatched': 0, 'writeErrors': [], 'upserted': [], 'writeConcernErrors': [], 'nRemoved': 0, 'nInserted': 1}
2017-08-05 14:28:55,988: rp.session.Ubuntu-1604-xenial-64-minimal.vivek.017383.0001: task-manager                    : MainThread     : DEBUG   : bulk unit insert result: {'nModified': 0, 'nUpserted': 0, 'nMatched': 0, 'writeErrors': [], 'upserted': [], 'writeConcernErrors': [], 'nRemoved': 0, 'nInserted': 1}
2017-08-05 14:28:56,094: rp.session.Ubuntu-1604-xenial-64-minimal.vivek.017383.0001: task-manager                    : MainThread     : DEBUG   : bulk unit insert result: {'nModified': 0, 'nUpserted': 0, 'nMatched': 0, 'writeErrors': [], 'upserted': [], 'writeConcernErrors': [], 'nRemoved': 0, 'nInserted': 1}
2017-08-05 14:28:56,206: rp.session.Ubuntu-1604-xenial-64-minimal.vivek.017383.0001: task-manager                    : MainThread     : DEBUG   : bulk unit insert result: {'nModified': 0, 'nUpserted': 0, 'nMatched': 0, 'writeErrors': [], 'upserted': [], 'writeConcernErrors': [], 'nRemoved': 0, 'nInserted': 1}
2017-08-05 14:28:56,323: rp.session.Ubuntu-1604-xenial-64-minimal.vivek.017383.0001: task-manager                    : MainThread     : DEBUG   : bulk unit insert result: {'nModified': 0, 'nUpserted': 0, 'nMatched': 0, 'writeErrors': [], 'upserted': [], 'writeConcernErrors': [], 'nRemoved': 0, 'nInserted': 1}
2017-08-05 14:28:56,434: rp.session.Ubuntu-1604-xenial-64-minimal.vivek.017383.0001: task-manager                    : MainThread     : DEBUG   : bulk unit insert result: {'nModified': 0, 'nUpserted': 0, 'nMatched': 0, 'writeErrors': [], 'upserted': [], 'writeConcernErrors': [], 'nRemoved': 0, 'nInserted': 1}
2017-08-05 14:28:56,548: rp.session.Ubuntu-1604-xenial-64-minimal.vivek.017383.0001: task-manager                    : MainThread     : DEBUG   : bulk unit insert result: {'nModified': 0, 'nUpserted': 0, 'nMatched': 0, 'writeErrors': [], 'upserted': [], 'writeConcernErrors': [], 'nRemoved': 0, 'nInserted': 1}
2017-08-05 14:28:56,659: rp.session.Ubuntu-1604-xenial-64-minimal.vivek.017383.0001: task-manager                    : MainThread     : DEBUG   : bulk unit insert result: {'nModified': 0, 'nUpserted': 0, 'nMatched': 0, 'writeErrors': [], 'upserted': [], 'writeConcernErrors': [], 'nRemoved': 0, 'nInserted': 1}
2017-08-05 14:28:56,765: rp.session.Ubuntu-1604-xenial-64-minimal.vivek.017383.0001: task-manager                    : MainThread     : DEBUG   : bulk unit insert result: {'nModified': 0, 'nUpserted': 0, 'nMatched': 0, 'writeErrors': [], 'upserted': [], 'writeConcernErrors': [], 'nRemoved': 0, 'nInserted': 1}
2017-08-05 14:28:56,883: rp.session.Ubuntu-1604-xenial-64-minimal.vivek.017383.0001: task-manager                    : MainThread     : DEBUG   : bulk unit insert result: {'nModified': 0, 'nUpserted': 0, 'nMatched': 0, 'writeErrors': [], 'upserted': [], 'writeConcernErrors': [], 'nRemoved': 0, 'nInserted': 1}
2017-08-05 14:28:57,003: rp.session.Ubuntu-1604-xenial-64-minimal.vivek.017383.0001: task-manager                    : MainThread     : DEBUG   : bulk unit insert result: {'nModified': 0, 'nUpserted': 0, 'nMatched': 0, 'writeErrors': [], 'upserted': [], 'writeConcernErrors': [], 'nRemoved': 0, 'nInserted': 1}
2017-08-05 14:28:57,122: rp.session.Ubuntu-1604-xenial-64-minimal.vivek.017383.0001: task-manager                    : MainThread     : DEBUG   : bulk unit insert result: {'nModified': 0, 'nUpserted': 0, 'nMatched': 0, 'writeErrors': [], 'upserted': [], 'writeConcernErrors': [], 'nRemoved': 0, 'nInserted': 1}
2017-08-05 14:28:57,230: rp.session.Ubuntu-1604-xenial-64-minimal.vivek.017383.0001: task-manager                    : MainThread     : DEBUG   : bulk unit insert result: {'nModified': 0, 'nUpserted': 0, 'nMatched': 0, 'writeErrors': [], 'upserted': [], 'writeConcernErrors': [], 'nRemoved': 0, 'nInserted': 1}
2017-08-05 14:28:57,636: rp.session.Ubuntu-1604-xenial-64-minimal.vivek.017383.0001: task-manager                    : MainThread     : DEBUG   : bulk unit insert result: {'nModified': 0, 'nUpserted': 0, 'nMatched': 0, 'writeErrors': [], 'upserted': [], 'writeConcernErrors': [], 'nRemoved': 0, 'nInserted': 1}
2017-08-05 14:28:57,747: rp.session.Ubuntu-1604-xenial-64-minimal.vivek.017383.0001: task-manager                    : MainThread     : DEBUG   : bulk unit insert result: {'nModified': 0, 'nUpserted': 0, 'nMatched': 0, 'writeErrors': [], 'upserted': [], 'writeConcernErrors': [], 'nRemoved': 0, 'nInserted': 1}
2017-08-05 14:28:57,878: rp.session.Ubuntu-1604-xenial-64-minimal.vivek.017383.0001: task-manager                    : MainThread     : DEBUG   : bulk unit insert result: {'nModified': 0, 'nUpserted': 0, 'nMatched': 0, 'writeErrors': [], 'upserted': [], 'writeConcernErrors': [], 'nRemoved': 0, 'nInserted': 1}
2017-08-05 14:28:57,987: rp.session.Ubuntu-1604-xenial-64-minimal.vivek.017383.0001: task-manager                    : MainThread     : DEBUG   : bulk unit insert result: {'nModified': 0, 'nUpserted': 0, 'nMatched': 0, 'writeErrors': [], 'upserted': [], 'writeConcernErrors': [], 'nRemoved': 0, 'nInserted': 1}
2017-08-05 14:28:58,095: rp.session.Ubuntu-1604-xenial-64-minimal.vivek.017383.0001: task-manager                    : MainThread     : DEBUG   : bulk unit insert result: {'nModified': 0, 'nUpserted': 0, 'nMatched': 0, 'writeErrors': [], 'upserted': [], 'writeConcernErrors': [], 'nRemoved': 0, 'nInserted': 1}
2017-08-05 14:28:58,202: rp.session.Ubuntu-1604-xenial-64-minimal.vivek.017383.0001: task-manager                    : MainThread     : DEBUG   : bulk unit insert result: {'nModified': 0, 'nUpserted': 0, 'nMatched': 0, 'writeErrors': [], 'upserted': [], 'writeConcernErrors': [], 'nRemoved': 0, 'nInserted': 1}
2017-08-05 14:28:58,311: rp.session.Ubuntu-1604-xenial-64-minimal.vivek.017383.0001: task-manager                    : MainThread     : DEBUG   : bulk unit insert result: {'nModified': 0, 'nUpserted': 0, 'nMatched': 0, 'writeErrors': [], 'upserted': [], 'writeConcernErrors': [], 'nRemoved': 0, 'nInserted': 1}
2017-08-05 14:28:58,421: rp.session.Ubuntu-1604-xenial-64-minimal.vivek.017383.0001: task-manager                    : MainThread     : DEBUG   : bulk unit insert result: {'nModified': 0, 'nUpserted': 0, 'nMatched': 0, 'writeErrors': [], 'upserted': [], 'writeConcernErrors': [], 'nRemoved': 0, 'nInserted': 1}
2017-08-05 14:28:58,885: rp.session.Ubuntu-1604-xenial-64-minimal.vivek.017383.0001: task-manager                    : MainThread     : DEBUG   : bulk unit insert result: {'nModified': 0, 'nUpserted': 0, 'nMatched': 0, 'writeErrors': [], 'upserted': [], 'writeConcernErrors': [], 'nRemoved': 0, 'nInserted': 1}
2017-08-05 14:28:58,996: rp.session.Ubuntu-1604-xenial-64-minimal.vivek.017383.0001: task-manager                    : MainThread     : DEBUG   : bulk unit insert result: {'nModified': 0, 'nUpserted': 0, 'nMatched': 0, 'writeErrors': [], 'upserted': [], 'writeConcernErrors': [], 'nRemoved': 0, 'nInserted': 1}
2017-08-05 14:28:59,107: rp.session.Ubuntu-1604-xenial-64-minimal.vivek.017383.0001: task-manager                    : MainThread     : DEBUG   : bulk unit insert result: {'nModified': 0, 'nUpserted': 0, 'nMatched': 0, 'writeErrors': [], 'upserted': [], 'writeConcernErrors': [], 'nRemoved': 0, 'nInserted': 1}
2017-08-05 14:28:59,252: rp.session.Ubuntu-1604-xenial-64-minimal.vivek.017383.0001: task-manager                    : MainThread     : DEBUG   : bulk unit insert result: {'nModified': 0, 'nUpserted': 0, 'nMatched': 0, 'writeErrors': [], 'upserted': [], 'writeConcernErrors': [], 'nRemoved': 0, 'nInserted': 1}
2017-08-05 14:29:29,634: rp.session.Ubuntu-1604-xenial-64-minimal.vivek.017383.0001: MainProcess                     : MainThread     : DEBUG   : session rp.session.Ubuntu-1604-xenial-64-minimal.vivek.017383.0001 closing
2017-08-05 14:29:29,635: rp.session.Ubuntu-1604-xenial-64-minimal.vivek.017383.0001: MainProcess                     : MainThread     : DEBUG   : session rp.session.Ubuntu-1604-xenial-64-minimal.vivek.017383.0001 closes pmgr   pmgr.0000
2017-08-05 14:29:30,168: rp.session.Ubuntu-1604-xenial-64-minimal.vivek.017383.0001: MainProcess                     : MainThread     : DEBUG   : session rp.session.Ubuntu-1604-xenial-64-minimal.vivek.017383.0001 closed pmgr   pmgr.0000
2017-08-05 14:29:30,169: rp.session.Ubuntu-1604-xenial-64-minimal.vivek.017383.0001: MainProcess                     : MainThread     : DEBUG   : session rp.session.Ubuntu-1604-xenial-64-minimal.vivek.017383.0001 closes comp   update.0
2017-08-05 14:29:30,342: rp.session.Ubuntu-1604-xenial-64-minimal.vivek.017383.0001: MainProcess                     : MainThread     : DEBUG   : session rp.session.Ubuntu-1604-xenial-64-minimal.vivek.017383.0001 closed comp   update.0
2017-08-05 14:29:30,342: rp.session.Ubuntu-1604-xenial-64-minimal.vivek.017383.0001: MainProcess                     : MainThread     : DEBUG   : session rp.session.Ubuntu-1604-xenial-64-minimal.vivek.017383.0001 closes bridge control.pubsub.bridge.0000
2017-08-05 14:29:30,561: rp.session.Ubuntu-1604-xenial-64-minimal.vivek.017383.0001: MainProcess                     : MainThread     : DEBUG   : session rp.session.Ubuntu-1604-xenial-64-minimal.vivek.017383.0001 closed bridge control.pubsub.bridge.0000
2017-08-05 14:29:30,561: rp.session.Ubuntu-1604-xenial-64-minimal.vivek.017383.0001: MainProcess                     : MainThread     : DEBUG   : session rp.session.Ubuntu-1604-xenial-64-minimal.vivek.017383.0001 closes bridge state.pubsub.bridge.0000
2017-08-05 14:29:30,781: rp.session.Ubuntu-1604-xenial-64-minimal.vivek.017383.0001: MainProcess                     : MainThread     : DEBUG   : session rp.session.Ubuntu-1604-xenial-64-minimal.vivek.017383.0001 closed bridge state.pubsub.bridge.0000
2017-08-05 14:29:30,782: rp.session.Ubuntu-1604-xenial-64-minimal.vivek.017383.0001: MainProcess                     : MainThread     : DEBUG   : session rp.session.Ubuntu-1604-xenial-64-minimal.vivek.017383.0001 closes bridge log.pubsub.bridge.0000
2017-08-05 14:29:31,006: rp.session.Ubuntu-1604-xenial-64-minimal.vivek.017383.0001: MainProcess                     : MainThread     : DEBUG   : session rp.session.Ubuntu-1604-xenial-64-minimal.vivek.017383.0001 closed bridge log.pubsub.bridge.0000
2017-08-05 14:29:31,006: rp.session.Ubuntu-1604-xenial-64-minimal.vivek.017383.0001: MainProcess                     : MainThread     : DEBUG   : session rp.session.Ubuntu-1604-xenial-64-minimal.vivek.017383.0001 closes db (False)
2017-08-05 14:29:31,006: rp.session.Ubuntu-1604-xenial-64-minimal.vivek.017383.0001: MainProcess                     : MainThread     : DEBUG   : session rp.session.Ubuntu-1604-xenial-64-minimal.vivek.017383.0001 closed (delete=False)
