2017-10-12 15:26:57,533: state.pubsub.sub.0000: update.0                        : MainThread     : INFO    : python.interpreter   version: 2.7.12 (default, Nov 19 2016, 06:48:10) [GCC 5.4.0 20160609]
2017-10-12 15:26:57,533: state.pubsub.sub.0000: update.0                        : MainThread     : INFO    :                      pid: 31273
2017-10-12 15:26:57,533: state.pubsub.sub.0000: update.0                        : MainThread     : INFO    :                      tid: MainThread
2017-10-12 15:26:57,533: state.pubsub.sub.0000: update.0                        : MainThread     : INFO    : radical.pilot        version: 0.46-v0.46.RC2@devel
2017-10-12 15:26:57,534: state.pubsub.sub.0000: update.0                        : MainThread     : INFO    : create state_pubsub - sub - tcp://172.30.238.6:35653
2017-10-12 15:26:57,534: state.pubsub.sub.0000: update.0                        : MainThread     : DEBUG   : start process
2017-10-12 15:26:57,534: state.pubsub.sub.0000: update.0                        : MainThread     : DEBUG   : ru_initialize_common (NOOP)
2017-10-12 15:26:57,534: state.pubsub.sub.0000: update.0                        : MainThread     : DEBUG   : ru_initialize_parent (NOOP)
2017-10-12 15:26:57,535: state.pubsub.sub.0000: update.0                        : MainThread     : DEBUG   : process class started (no child)
2017-10-12 15:27:00,819: state.pubsub.sub.0000: MainProcess                     : MainThread     : INFO    : python.interpreter   version: 2.7.12 (default, Nov 19 2016, 06:48:10) [GCC 5.4.0 20160609]
2017-10-12 15:27:00,820: state.pubsub.sub.0000: MainProcess                     : MainThread     : INFO    :                      pid: 31200
2017-10-12 15:27:00,820: state.pubsub.sub.0000: MainProcess                     : MainThread     : INFO    :                      tid: MainThread
2017-10-12 15:27:00,820: state.pubsub.sub.0000: MainProcess                     : MainThread     : INFO    : radical.pilot        version: 0.46-v0.46.RC2@devel
2017-10-12 15:27:00,820: state.pubsub.sub.0000: MainProcess                     : MainThread     : INFO    : create state_pubsub - sub - tcp://172.30.238.6:35653
2017-10-12 15:27:00,821: state.pubsub.sub.0000: MainProcess                     : MainThread     : DEBUG   : start process
2017-10-12 15:27:00,821: state.pubsub.sub.0000: MainProcess                     : MainThread     : DEBUG   : ru_initialize_common (NOOP)
2017-10-12 15:27:00,821: state.pubsub.sub.0000: MainProcess                     : MainThread     : DEBUG   : ru_initialize_parent (NOOP)
2017-10-12 15:27:00,821: state.pubsub.sub.0000: MainProcess                     : MainThread     : DEBUG   : process class started (no child)
2017-10-12 15:30:24,449: state.pubsub.sub.0000: MainProcess                     : MainThread     : INFO    : parent stops child
2017-10-12 15:30:24,450: state.pubsub.sub.0000: MainProcess                     : MainThread     : DEBUG   : ru_finalize_parent (NOOP)
