2017-10-13 22:08:51,554: rp.session.js-17-212.jetstream-cloud.org.vivek91.017453.0002: MainProcess                     : MainThread     : INFO    : python.interpreter   version: 2.7.12 (default, Nov 19 2016, 06:48:10) [GCC 5.4.0 20160609]
2017-10-13 22:08:51,554: rp.session.js-17-212.jetstream-cloud.org.vivek91.017453.0002: MainProcess                     : MainThread     : INFO    :                      pid: 25575
2017-10-13 22:08:51,554: rp.session.js-17-212.jetstream-cloud.org.vivek91.017453.0002: MainProcess                     : MainThread     : INFO    :                      tid: MainThread
2017-10-13 22:08:51,555: rp.session.js-17-212.jetstream-cloud.org.vivek91.017453.0002: MainProcess                     : MainThread     : INFO    : radical.pilot        version: 0.46-v0.46.RC2@devel
2017-10-13 22:08:51,555: rp.session.js-17-212.jetstream-cloud.org.vivek91.017453.0002: MainProcess                     : MainThread     : INFO    : using database mongodb://user:user@ds117615.mlab.com:17615/test-10-12
2017-10-13 22:08:52,578: rp.session.js-17-212.jetstream-cloud.org.vivek91.017453.0002: MainProcess                     : MainThread     : INFO    : Load resource configurations from /home/vivek91/ves/entk-exp/local/lib/python2.7/site-packages/radical/pilot/configs/resource_ncsa.json
2017-10-13 22:08:52,591: rp.session.js-17-212.jetstream-cloud.org.vivek91.017453.0002: MainProcess                     : MainThread     : INFO    : Load resource configurations for ncsa.bw_orte
2017-10-13 22:08:52,591: rp.session.js-17-212.jetstream-cloud.org.vivek91.017453.0002: MainProcess                     : MainThread     : INFO    : Load resource configurations for ncsa.bw_ccm_ssh
2017-10-13 22:08:52,592: rp.session.js-17-212.jetstream-cloud.org.vivek91.017453.0002: MainProcess                     : MainThread     : INFO    : Load resource configurations for ncsa.bw_ortelib
2017-10-13 22:08:52,593: rp.session.js-17-212.jetstream-cloud.org.vivek91.017453.0002: MainProcess                     : MainThread     : INFO    : Load resource configurations for ncsa.bw_aprun
2017-10-13 22:08:52,593: rp.session.js-17-212.jetstream-cloud.org.vivek91.017453.0002: MainProcess                     : MainThread     : INFO    : Load resource configurations for ncsa.bw_local_orte
2017-10-13 22:08:52,594: rp.session.js-17-212.jetstream-cloud.org.vivek91.017453.0002: MainProcess                     : MainThread     : INFO    : Load resource configurations from /home/vivek91/ves/entk-exp/local/lib/python2.7/site-packages/radical/pilot/configs/resource_iu.json
2017-10-13 22:08:52,601: rp.session.js-17-212.jetstream-cloud.org.vivek91.017453.0002: MainProcess                     : MainThread     : INFO    : Load resource configurations for iu.bigred2_ccm_ssh
2017-10-13 22:08:52,601: rp.session.js-17-212.jetstream-cloud.org.vivek91.017453.0002: MainProcess                     : MainThread     : INFO    : Load resource configurations for iu.bigred2_aprun
2017-10-13 22:08:52,602: rp.session.js-17-212.jetstream-cloud.org.vivek91.017453.0002: MainProcess                     : MainThread     : INFO    : Load resource configurations from /home/vivek91/ves/entk-exp/local/lib/python2.7/site-packages/radical/pilot/configs/resource_osg.json
2017-10-13 22:08:52,607: rp.session.js-17-212.jetstream-cloud.org.vivek91.017453.0002: MainProcess                     : MainThread     : INFO    : Load resource configurations for osg.xsede-virt-clust
2017-10-13 22:08:52,607: rp.session.js-17-212.jetstream-cloud.org.vivek91.017453.0002: MainProcess                     : MainThread     : INFO    : Load resource configurations for osg.connect
2017-10-13 22:08:52,608: rp.session.js-17-212.jetstream-cloud.org.vivek91.017453.0002: MainProcess                     : MainThread     : INFO    : Load resource configurations from /home/vivek91/ves/entk-exp/local/lib/python2.7/site-packages/radical/pilot/configs/resource_yale.json
2017-10-13 22:08:52,610: rp.session.js-17-212.jetstream-cloud.org.vivek91.017453.0002: MainProcess                     : MainThread     : INFO    : Load resource configurations for yale.grace_ssh
2017-10-13 22:08:52,610: rp.session.js-17-212.jetstream-cloud.org.vivek91.017453.0002: MainProcess                     : MainThread     : INFO    : Load resource configurations from /home/vivek91/ves/entk-exp/local/lib/python2.7/site-packages/radical/pilot/configs/resource_lumc.json
2017-10-13 22:08:52,615: rp.session.js-17-212.jetstream-cloud.org.vivek91.017453.0002: MainProcess                     : MainThread     : INFO    : Load resource configurations for lumc.gb-ui_ssh
2017-10-13 22:08:52,615: rp.session.js-17-212.jetstream-cloud.org.vivek91.017453.0002: MainProcess                     : MainThread     : INFO    : Load resource configurations for lumc.shark_ssh
2017-10-13 22:08:52,616: rp.session.js-17-212.jetstream-cloud.org.vivek91.017453.0002: MainProcess                     : MainThread     : INFO    : Load resource configurations from /home/vivek91/ves/entk-exp/local/lib/python2.7/site-packages/radical/pilot/configs/resource_ornl.json
2017-10-13 22:08:52,623: rp.session.js-17-212.jetstream-cloud.org.vivek91.017453.0002: MainProcess                     : MainThread     : INFO    : Load resource configurations for ornl.titan_orte
2017-10-13 22:08:52,623: rp.session.js-17-212.jetstream-cloud.org.vivek91.017453.0002: MainProcess                     : MainThread     : INFO    : Load resource configurations for ornl.titan_aprun
2017-10-13 22:08:52,624: rp.session.js-17-212.jetstream-cloud.org.vivek91.017453.0002: MainProcess                     : MainThread     : INFO    : Load resource configurations for ornl.titan_ortelib
2017-10-13 22:08:52,624: rp.session.js-17-212.jetstream-cloud.org.vivek91.017453.0002: MainProcess                     : MainThread     : INFO    : Load resource configurations from /home/vivek91/ves/entk-exp/local/lib/python2.7/site-packages/radical/pilot/configs/resource_stfc.json
2017-10-13 22:08:52,627: rp.session.js-17-212.jetstream-cloud.org.vivek91.017453.0002: MainProcess                     : MainThread     : INFO    : Load resource configurations for stfc.joule_runjob
2017-10-13 22:08:52,627: rp.session.js-17-212.jetstream-cloud.org.vivek91.017453.0002: MainProcess                     : MainThread     : INFO    : Load resource configurations from /home/vivek91/ves/entk-exp/local/lib/python2.7/site-packages/radical/pilot/configs/resource_radical.json
2017-10-13 22:08:52,633: rp.session.js-17-212.jetstream-cloud.org.vivek91.017453.0002: MainProcess                     : MainThread     : INFO    : Load resource configurations for radical.two
2017-10-13 22:08:52,633: rp.session.js-17-212.jetstream-cloud.org.vivek91.017453.0002: MainProcess                     : MainThread     : INFO    : Load resource configurations for radical.tutorial
2017-10-13 22:08:52,634: rp.session.js-17-212.jetstream-cloud.org.vivek91.017453.0002: MainProcess                     : MainThread     : INFO    : Load resource configurations for radical.one
2017-10-13 22:08:52,634: rp.session.js-17-212.jetstream-cloud.org.vivek91.017453.0002: MainProcess                     : MainThread     : INFO    : Load resource configurations from /home/vivek91/ves/entk-exp/local/lib/python2.7/site-packages/radical/pilot/configs/resource_das4.json
2017-10-13 22:08:52,636: rp.session.js-17-212.jetstream-cloud.org.vivek91.017453.0002: MainProcess                     : MainThread     : INFO    : Load resource configurations for das4.fs2_ssh
2017-10-13 22:08:52,637: rp.session.js-17-212.jetstream-cloud.org.vivek91.017453.0002: MainProcess                     : MainThread     : INFO    : Load resource configurations from /home/vivek91/ves/entk-exp/local/lib/python2.7/site-packages/radical/pilot/configs/resource_nersc.json
2017-10-13 22:08:52,648: rp.session.js-17-212.jetstream-cloud.org.vivek91.017453.0002: MainProcess                     : MainThread     : INFO    : Load resource configurations for nersc.edison_ccm_ssh
2017-10-13 22:08:52,648: rp.session.js-17-212.jetstream-cloud.org.vivek91.017453.0002: MainProcess                     : MainThread     : INFO    : Load resource configurations for nersc.hopper_orte
2017-10-13 22:08:52,649: rp.session.js-17-212.jetstream-cloud.org.vivek91.017453.0002: MainProcess                     : MainThread     : INFO    : Load resource configurations for nersc.hopper_ccm_ssh
2017-10-13 22:08:52,649: rp.session.js-17-212.jetstream-cloud.org.vivek91.017453.0002: MainProcess                     : MainThread     : INFO    : Load resource configurations for nersc.edison_aprun
2017-10-13 22:08:52,650: rp.session.js-17-212.jetstream-cloud.org.vivek91.017453.0002: MainProcess                     : MainThread     : INFO    : Load resource configurations for nersc.hopper_aprun
2017-10-13 22:08:52,650: rp.session.js-17-212.jetstream-cloud.org.vivek91.017453.0002: MainProcess                     : MainThread     : INFO    : Load resource configurations for nersc.edison_orte
2017-10-13 22:08:52,651: rp.session.js-17-212.jetstream-cloud.org.vivek91.017453.0002: MainProcess                     : MainThread     : INFO    : Load resource configurations from /home/vivek91/ves/entk-exp/local/lib/python2.7/site-packages/radical/pilot/configs/resource_xsede.json
2017-10-13 22:08:52,684: rp.session.js-17-212.jetstream-cloud.org.vivek91.017453.0002: MainProcess                     : MainThread     : INFO    : Load resource configurations for xsede.stampede2_ssh
2017-10-13 22:08:52,684: rp.session.js-17-212.jetstream-cloud.org.vivek91.017453.0002: MainProcess                     : MainThread     : INFO    : Load resource configurations for xsede.wrangler_spark
2017-10-13 22:08:52,685: rp.session.js-17-212.jetstream-cloud.org.vivek91.017453.0002: MainProcess                     : MainThread     : INFO    : Load resource configurations for xsede.stampede_yarn
2017-10-13 22:08:52,685: rp.session.js-17-212.jetstream-cloud.org.vivek91.017453.0002: MainProcess                     : MainThread     : INFO    : Load resource configurations for xsede.gordon_ssh
2017-10-13 22:08:52,686: rp.session.js-17-212.jetstream-cloud.org.vivek91.017453.0002: MainProcess                     : MainThread     : INFO    : Load resource configurations for xsede.stampede_ssh
2017-10-13 22:08:52,686: rp.session.js-17-212.jetstream-cloud.org.vivek91.017453.0002: MainProcess                     : MainThread     : INFO    : Load resource configurations for xsede.lonestar_ssh
2017-10-13 22:08:52,686: rp.session.js-17-212.jetstream-cloud.org.vivek91.017453.0002: MainProcess                     : MainThread     : INFO    : Load resource configurations for xsede.supermic_spark
2017-10-13 22:08:52,687: rp.session.js-17-212.jetstream-cloud.org.vivek91.017453.0002: MainProcess                     : MainThread     : INFO    : Load resource configurations for xsede.wrangler_ssh
2017-10-13 22:08:52,687: rp.session.js-17-212.jetstream-cloud.org.vivek91.017453.0002: MainProcess                     : MainThread     : INFO    : Load resource configurations for xsede.wrangler_yarn
2017-10-13 22:08:52,687: rp.session.js-17-212.jetstream-cloud.org.vivek91.017453.0002: MainProcess                     : MainThread     : INFO    : Load resource configurations for xsede.bridges
2017-10-13 22:08:52,688: rp.session.js-17-212.jetstream-cloud.org.vivek91.017453.0002: MainProcess                     : MainThread     : INFO    : Load resource configurations for xsede.supermic_ssh
2017-10-13 22:08:52,688: rp.session.js-17-212.jetstream-cloud.org.vivek91.017453.0002: MainProcess                     : MainThread     : INFO    : Load resource configurations for xsede.stampede_orte
2017-10-13 22:08:52,689: rp.session.js-17-212.jetstream-cloud.org.vivek91.017453.0002: MainProcess                     : MainThread     : INFO    : Load resource configurations for xsede.greenfield
2017-10-13 22:08:52,689: rp.session.js-17-212.jetstream-cloud.org.vivek91.017453.0002: MainProcess                     : MainThread     : INFO    : Load resource configurations for xsede.comet_spark
2017-10-13 22:08:52,689: rp.session.js-17-212.jetstream-cloud.org.vivek91.017453.0002: MainProcess                     : MainThread     : INFO    : Load resource configurations for xsede.trestles_ssh
2017-10-13 22:08:52,690: rp.session.js-17-212.jetstream-cloud.org.vivek91.017453.0002: MainProcess                     : MainThread     : INFO    : Load resource configurations for xsede.comet_ssh
2017-10-13 22:08:52,690: rp.session.js-17-212.jetstream-cloud.org.vivek91.017453.0002: MainProcess                     : MainThread     : INFO    : Load resource configurations for xsede.stampede_spark
2017-10-13 22:08:52,690: rp.session.js-17-212.jetstream-cloud.org.vivek91.017453.0002: MainProcess                     : MainThread     : INFO    : Load resource configurations for xsede.comet_orte
2017-10-13 22:08:52,691: rp.session.js-17-212.jetstream-cloud.org.vivek91.017453.0002: MainProcess                     : MainThread     : INFO    : Load resource configurations for xsede.comet_ortelib
2017-10-13 22:08:52,691: rp.session.js-17-212.jetstream-cloud.org.vivek91.017453.0002: MainProcess                     : MainThread     : INFO    : Load resource configurations for xsede.blacklight_ssh
2017-10-13 22:08:52,692: rp.session.js-17-212.jetstream-cloud.org.vivek91.017453.0002: MainProcess                     : MainThread     : INFO    : Load resource configurations for xsede.stampede_ortelib
2017-10-13 22:08:52,692: rp.session.js-17-212.jetstream-cloud.org.vivek91.017453.0002: MainProcess                     : MainThread     : INFO    : Load resource configurations from /home/vivek91/ves/entk-exp/local/lib/python2.7/site-packages/radical/pilot/configs/resource_chameleon.json
2017-10-13 22:08:52,693: rp.session.js-17-212.jetstream-cloud.org.vivek91.017453.0002: MainProcess                     : MainThread     : INFO    : Load resource configurations for chameleon.cloud_vm_yarn
2017-10-13 22:08:52,694: rp.session.js-17-212.jetstream-cloud.org.vivek91.017453.0002: MainProcess                     : MainThread     : INFO    : Load resource configurations from /home/vivek91/ves/entk-exp/local/lib/python2.7/site-packages/radical/pilot/configs/resource_epsrc.json
2017-10-13 22:08:52,697: rp.session.js-17-212.jetstream-cloud.org.vivek91.017453.0002: MainProcess                     : MainThread     : INFO    : Load resource configurations for epsrc.archer_orte
2017-10-13 22:08:52,697: rp.session.js-17-212.jetstream-cloud.org.vivek91.017453.0002: MainProcess                     : MainThread     : INFO    : Load resource configurations for epsrc.archer_aprun
2017-10-13 22:08:52,697: rp.session.js-17-212.jetstream-cloud.org.vivek91.017453.0002: MainProcess                     : MainThread     : INFO    : Load resource configurations from /home/vivek91/ves/entk-exp/local/lib/python2.7/site-packages/radical/pilot/configs/resource_futuregrid.json
2017-10-13 22:08:52,705: rp.session.js-17-212.jetstream-cloud.org.vivek91.017453.0002: MainProcess                     : MainThread     : INFO    : Load resource configurations for futuregrid.delta_ssh
2017-10-13 22:08:52,705: rp.session.js-17-212.jetstream-cloud.org.vivek91.017453.0002: MainProcess                     : MainThread     : INFO    : Load resource configurations for futuregrid.india_ssh
2017-10-13 22:08:52,705: rp.session.js-17-212.jetstream-cloud.org.vivek91.017453.0002: MainProcess                     : MainThread     : INFO    : Load resource configurations for futuregrid.echo_ssh
2017-10-13 22:08:52,705: rp.session.js-17-212.jetstream-cloud.org.vivek91.017453.0002: MainProcess                     : MainThread     : INFO    : Load resource configurations for futuregrid.xray_ccm
2017-10-13 22:08:52,706: rp.session.js-17-212.jetstream-cloud.org.vivek91.017453.0002: MainProcess                     : MainThread     : INFO    : Load resource configurations for futuregrid.bravo_ssh
2017-10-13 22:08:52,706: rp.session.js-17-212.jetstream-cloud.org.vivek91.017453.0002: MainProcess                     : MainThread     : INFO    : Load resource configurations for futuregrid.xray_aprun
2017-10-13 22:08:52,706: rp.session.js-17-212.jetstream-cloud.org.vivek91.017453.0002: MainProcess                     : MainThread     : INFO    : Load resource configurations from /home/vivek91/ves/entk-exp/local/lib/python2.7/site-packages/radical/pilot/configs/resource_local.json
2017-10-13 22:08:52,714: rp.session.js-17-212.jetstream-cloud.org.vivek91.017453.0002: MainProcess                     : MainThread     : INFO    : Load resource configurations for local.localhost_orte
2017-10-13 22:08:52,714: rp.session.js-17-212.jetstream-cloud.org.vivek91.017453.0002: MainProcess                     : MainThread     : INFO    : Load resource configurations for local.localhost_anaconda
2017-10-13 22:08:52,715: rp.session.js-17-212.jetstream-cloud.org.vivek91.017453.0002: MainProcess                     : MainThread     : INFO    : Load resource configurations for local.localhost_ortelib
2017-10-13 22:08:52,715: rp.session.js-17-212.jetstream-cloud.org.vivek91.017453.0002: MainProcess                     : MainThread     : INFO    : Load resource configurations for local.localhost
2017-10-13 22:08:52,715: rp.session.js-17-212.jetstream-cloud.org.vivek91.017453.0002: MainProcess                     : MainThread     : INFO    : Load resource configurations for local.localhost_spark
2017-10-13 22:08:52,716: rp.session.js-17-212.jetstream-cloud.org.vivek91.017453.0002: MainProcess                     : MainThread     : INFO    : Load resource configurations for local.localhost_spark_anaconda
2017-10-13 22:08:52,716: rp.session.js-17-212.jetstream-cloud.org.vivek91.017453.0002: MainProcess                     : MainThread     : INFO    : Load resource configurations for local.localhost_yarn
2017-10-13 22:08:52,716: rp.session.js-17-212.jetstream-cloud.org.vivek91.017453.0002: MainProcess                     : MainThread     : INFO    : Load resource configurations from /home/vivek91/ves/entk-exp/local/lib/python2.7/site-packages/radical/pilot/configs/resource_aliases.json
2017-10-13 22:08:52,717: rp.session.js-17-212.jetstream-cloud.org.vivek91.017453.0002: MainProcess                     : MainThread     : INFO    : Load resource configurations from /home/vivek91/ves/entk-exp/local/lib/python2.7/site-packages/radical/pilot/configs/resource_lrz.json
2017-10-13 22:08:52,718: rp.session.js-17-212.jetstream-cloud.org.vivek91.017453.0002: MainProcess                     : MainThread     : INFO    : Load resource configurations for lrz.supermuc_ssh
2017-10-13 22:08:52,718: rp.session.js-17-212.jetstream-cloud.org.vivek91.017453.0002: MainProcess                     : MainThread     : INFO    : Load resource configurations from /home/vivek91/ves/entk-exp/local/lib/python2.7/site-packages/radical/pilot/configs/resource_rice.json
2017-10-13 22:08:52,720: rp.session.js-17-212.jetstream-cloud.org.vivek91.017453.0002: MainProcess                     : MainThread     : INFO    : Load resource configurations for rice.davinci_ssh
2017-10-13 22:08:52,721: rp.session.js-17-212.jetstream-cloud.org.vivek91.017453.0002: MainProcess                     : MainThread     : INFO    : Load resource configurations for rice.biou_ssh
2017-10-13 22:08:52,721: rp.session.js-17-212.jetstream-cloud.org.vivek91.017453.0002: MainProcess                     : MainThread     : INFO    : Load resource configurations from /home/vivek91/ves/entk-exp/local/lib/python2.7/site-packages/radical/pilot/configs/resource_ncar.json
2017-10-13 22:08:52,722: rp.session.js-17-212.jetstream-cloud.org.vivek91.017453.0002: MainProcess                     : MainThread     : INFO    : Load resource configurations for ncar.yellowstone_ssh
2017-10-13 22:08:52,723: rp.session.js-17-212.jetstream-cloud.org.vivek91.017453.0002: MainProcess                     : MainThread     : INFO    : Load resource configurations from /home/vivek91/ves/entk-exp/local/lib/python2.7/site-packages/radical/pilot/configs/resource_das5.json
2017-10-13 22:08:52,724: rp.session.js-17-212.jetstream-cloud.org.vivek91.017453.0002: MainProcess                     : MainThread     : INFO    : Load resource configurations for das5.fs1_ssh
2017-10-13 22:08:52,724: rp.session.js-17-212.jetstream-cloud.org.vivek91.017453.0002: MainProcess                     : MainThread     : INFO    : Load resource configurations from /home/vivek91/ves/entk-exp/local/lib/python2.7/site-packages/radical/pilot/configs/resource_fub.json
2017-10-13 22:08:52,726: rp.session.js-17-212.jetstream-cloud.org.vivek91.017453.0002: MainProcess                     : MainThread     : INFO    : Load resource configurations for fub.allegro_rsh
2017-10-13 22:08:53,249: rp.session.js-17-212.jetstream-cloud.org.vivek91.017453.0002: MainProcess                     : MainThread     : INFO    : New Session created: rp.session.js-17-212.jetstream-cloud.org.vivek91.017453.0002.
2017-10-13 22:08:53,250: rp.session.js-17-212.jetstream-cloud.org.vivek91.017453.0002: MainProcess                     : MainThread     : DEBUG   : start bridges   : {u'control_pubsub': {u'bulk_size': 0, u'log_level': u'debug', u'stall_hwm': 1},
 u'log_pubsub': {u'bulk_size': 0, u'log_level': u'debug', u'stall_hwm': 1},
 u'state_pubsub': {u'bulk_size': 0, u'log_level': u'debug', u'stall_hwm': 1}}
2017-10-13 22:08:53,250: rp.session.js-17-212.jetstream-cloud.org.vivek91.017453.0002: MainProcess                     : MainThread     : INFO    : create bridge control_pubsub
2017-10-13 22:08:53,277: rp.session.js-17-212.jetstream-cloud.org.vivek91.017453.0002: MainProcess                     : MainThread     : INFO    : created bridge control_pubsub (control.pubsub.bridge.0000)
2017-10-13 22:08:53,277: rp.session.js-17-212.jetstream-cloud.org.vivek91.017453.0002: MainProcess                     : MainThread     : INFO    : create bridge state_pubsub
2017-10-13 22:08:53,298: rp.session.js-17-212.jetstream-cloud.org.vivek91.017453.0002: MainProcess                     : MainThread     : INFO    : created bridge state_pubsub (state.pubsub.bridge.0000)
2017-10-13 22:08:53,298: rp.session.js-17-212.jetstream-cloud.org.vivek91.017453.0002: MainProcess                     : MainThread     : INFO    : create bridge log_pubsub
2017-10-13 22:08:53,318: rp.session.js-17-212.jetstream-cloud.org.vivek91.017453.0002: MainProcess                     : MainThread     : INFO    : created bridge log_pubsub (log.pubsub.bridge.0000)
2017-10-13 22:08:53,319: rp.session.js-17-212.jetstream-cloud.org.vivek91.017453.0002: MainProcess                     : MainThread     : DEBUG   : start components: {u'UpdateWorker': {u'count': 1}}
2017-10-13 22:08:53,319: rp.session.js-17-212.jetstream-cloud.org.vivek91.017453.0002: MainProcess                     : MainThread     : DEBUG   : start 1 component(s) UpdateWorker
2017-10-13 22:08:55,863: rp.session.js-17-212.jetstream-cloud.org.vivek91.017453.0002: MainProcess                     : MainThread     : INFO    : rp.session.js-17-212.jetstream-cloud.org.vivek91.017453.0002 starts update.0
2017-10-13 22:08:59,180: rp.session.js-17-212.jetstream-cloud.org.vivek91.017453.0002: MainProcess                     : MainThread     : WARNING : using alias 'xsede.supermic_ssh' for deprecated resource key 'xsede.supermic'
2017-10-13 22:08:59,181: rp.session.js-17-212.jetstream-cloud.org.vivek91.017453.0002: MainProcess                     : MainThread     : DEBUG   : rsup.PTYShell('gsissh://supermic.cct-lsu.xsede.org:2222/')
2017-10-13 22:09:02,394: rp.session.js-17-212.jetstream-cloud.org.vivek91.017453.0002: MainProcess                     : MainThread     : DEBUG   : sandbox base gsissh://supermic.cct-lsu.xsede.org:2222/: '/work/vivek91'
2017-10-13 22:09:02,546: rp.session.js-17-212.jetstream-cloud.org.vivek91.017453.0002: MainProcess                     : MainThread     : DEBUG   : bulk pilot insert result: {'nModified': 0, 'nUpserted': 0, 'nMatched': 0, 'writeErrors': [], 'upserted': [], 'writeConcernErrors': [], 'nRemoved': 0, 'nInserted': 1}
2017-10-13 22:09:02,551: rp.session.js-17-212.jetstream-cloud.org.vivek91.017453.0002: pmgr.launching.0                : MainThread     : WARNING : using alias 'xsede.supermic_ssh' for deprecated resource key 'xsede.supermic'
2017-10-13 22:09:02,555: rp.session.js-17-212.jetstream-cloud.org.vivek91.017453.0002: pmgr.launching.0                : MainThread     : WARNING : using alias 'xsede.supermic_ssh' for deprecated resource key 'xsede.supermic'
2017-10-13 22:09:02,555: rp.session.js-17-212.jetstream-cloud.org.vivek91.017453.0002: pmgr.launching.0                : MainThread     : DEBUG   : rsup.PTYShell('gsissh://supermic.cct-lsu.xsede.org:2222/')
2017-10-13 22:09:03,860: rp.session.js-17-212.jetstream-cloud.org.vivek91.017453.0002: pmgr.launching.0                : MainThread     : DEBUG   : sandbox base gsissh://supermic.cct-lsu.xsede.org:2222/: '/work/vivek91'
2017-10-13 22:10:04,942: rp.session.js-17-212.jetstream-cloud.org.vivek91.017453.0002: task-manager                    : MainThread     : DEBUG   : bulk unit insert result: {'nModified': 0, 'nUpserted': 0, 'nMatched': 0, 'writeErrors': [], 'upserted': [], 'writeConcernErrors': [], 'nRemoved': 0, 'nInserted': 1}
2017-10-13 22:10:09,535: rp.session.js-17-212.jetstream-cloud.org.vivek91.017453.0002: task-manager                    : MainThread     : DEBUG   : bulk unit insert result: {'nModified': 0, 'nUpserted': 0, 'nMatched': 0, 'writeErrors': [], 'upserted': [], 'writeConcernErrors': [], 'nRemoved': 0, 'nInserted': 1}
2017-10-13 22:10:09,613: rp.session.js-17-212.jetstream-cloud.org.vivek91.017453.0002: task-manager                    : MainThread     : DEBUG   : bulk unit insert result: {'nModified': 0, 'nUpserted': 0, 'nMatched': 0, 'writeErrors': [], 'upserted': [], 'writeConcernErrors': [], 'nRemoved': 0, 'nInserted': 1}
2017-10-13 22:10:09,699: rp.session.js-17-212.jetstream-cloud.org.vivek91.017453.0002: task-manager                    : MainThread     : DEBUG   : bulk unit insert result: {'nModified': 0, 'nUpserted': 0, 'nMatched': 0, 'writeErrors': [], 'upserted': [], 'writeConcernErrors': [], 'nRemoved': 0, 'nInserted': 1}
2017-10-13 22:10:09,780: rp.session.js-17-212.jetstream-cloud.org.vivek91.017453.0002: task-manager                    : MainThread     : DEBUG   : bulk unit insert result: {'nModified': 0, 'nUpserted': 0, 'nMatched': 0, 'writeErrors': [], 'upserted': [], 'writeConcernErrors': [], 'nRemoved': 0, 'nInserted': 1}
2017-10-13 22:10:09,847: rp.session.js-17-212.jetstream-cloud.org.vivek91.017453.0002: task-manager                    : MainThread     : DEBUG   : bulk unit insert result: {'nModified': 0, 'nUpserted': 0, 'nMatched': 0, 'writeErrors': [], 'upserted': [], 'writeConcernErrors': [], 'nRemoved': 0, 'nInserted': 1}
2017-10-13 22:10:09,916: rp.session.js-17-212.jetstream-cloud.org.vivek91.017453.0002: task-manager                    : MainThread     : DEBUG   : bulk unit insert result: {'nModified': 0, 'nUpserted': 0, 'nMatched': 0, 'writeErrors': [], 'upserted': [], 'writeConcernErrors': [], 'nRemoved': 0, 'nInserted': 1}
2017-10-13 22:10:09,995: rp.session.js-17-212.jetstream-cloud.org.vivek91.017453.0002: task-manager                    : MainThread     : DEBUG   : bulk unit insert result: {'nModified': 0, 'nUpserted': 0, 'nMatched': 0, 'writeErrors': [], 'upserted': [], 'writeConcernErrors': [], 'nRemoved': 0, 'nInserted': 1}
2017-10-13 22:10:10,099: rp.session.js-17-212.jetstream-cloud.org.vivek91.017453.0002: task-manager                    : MainThread     : DEBUG   : bulk unit insert result: {'nModified': 0, 'nUpserted': 0, 'nMatched': 0, 'writeErrors': [], 'upserted': [], 'writeConcernErrors': [], 'nRemoved': 0, 'nInserted': 1}
2017-10-13 22:10:10,433: rp.session.js-17-212.jetstream-cloud.org.vivek91.017453.0002: task-manager                    : MainThread     : DEBUG   : bulk unit insert result: {'nModified': 0, 'nUpserted': 0, 'nMatched': 0, 'writeErrors': [], 'upserted': [], 'writeConcernErrors': [], 'nRemoved': 0, 'nInserted': 1}
2017-10-13 22:10:10,520: rp.session.js-17-212.jetstream-cloud.org.vivek91.017453.0002: task-manager                    : MainThread     : DEBUG   : bulk unit insert result: {'nModified': 0, 'nUpserted': 0, 'nMatched': 0, 'writeErrors': [], 'upserted': [], 'writeConcernErrors': [], 'nRemoved': 0, 'nInserted': 1}
2017-10-13 22:10:10,613: rp.session.js-17-212.jetstream-cloud.org.vivek91.017453.0002: task-manager                    : MainThread     : DEBUG   : bulk unit insert result: {'nModified': 0, 'nUpserted': 0, 'nMatched': 0, 'writeErrors': [], 'upserted': [], 'writeConcernErrors': [], 'nRemoved': 0, 'nInserted': 1}
2017-10-13 22:10:10,700: rp.session.js-17-212.jetstream-cloud.org.vivek91.017453.0002: task-manager                    : MainThread     : DEBUG   : bulk unit insert result: {'nModified': 0, 'nUpserted': 0, 'nMatched': 0, 'writeErrors': [], 'upserted': [], 'writeConcernErrors': [], 'nRemoved': 0, 'nInserted': 1}
2017-10-13 22:10:10,777: rp.session.js-17-212.jetstream-cloud.org.vivek91.017453.0002: task-manager                    : MainThread     : DEBUG   : bulk unit insert result: {'nModified': 0, 'nUpserted': 0, 'nMatched': 0, 'writeErrors': [], 'upserted': [], 'writeConcernErrors': [], 'nRemoved': 0, 'nInserted': 1}
2017-10-13 22:10:10,854: rp.session.js-17-212.jetstream-cloud.org.vivek91.017453.0002: task-manager                    : MainThread     : DEBUG   : bulk unit insert result: {'nModified': 0, 'nUpserted': 0, 'nMatched': 0, 'writeErrors': [], 'upserted': [], 'writeConcernErrors': [], 'nRemoved': 0, 'nInserted': 1}
2017-10-13 22:10:10,931: rp.session.js-17-212.jetstream-cloud.org.vivek91.017453.0002: task-manager                    : MainThread     : DEBUG   : bulk unit insert result: {'nModified': 0, 'nUpserted': 0, 'nMatched': 0, 'writeErrors': [], 'upserted': [], 'writeConcernErrors': [], 'nRemoved': 0, 'nInserted': 1}
2017-10-13 22:10:11,005: rp.session.js-17-212.jetstream-cloud.org.vivek91.017453.0002: task-manager                    : MainThread     : DEBUG   : bulk unit insert result: {'nModified': 0, 'nUpserted': 0, 'nMatched': 0, 'writeErrors': [], 'upserted': [], 'writeConcernErrors': [], 'nRemoved': 0, 'nInserted': 1}
2017-10-13 22:11:48,457: rp.session.js-17-212.jetstream-cloud.org.vivek91.017453.0002: MainProcess                     : MainThread     : DEBUG   : session rp.session.js-17-212.jetstream-cloud.org.vivek91.017453.0002 closing
2017-10-13 22:11:48,458: rp.session.js-17-212.jetstream-cloud.org.vivek91.017453.0002: MainProcess                     : MainThread     : DEBUG   : session rp.session.js-17-212.jetstream-cloud.org.vivek91.017453.0002 closes pmgr   pmgr.0000
2017-10-13 22:11:49,116: rp.session.js-17-212.jetstream-cloud.org.vivek91.017453.0002: MainProcess                     : MainThread     : DEBUG   : session rp.session.js-17-212.jetstream-cloud.org.vivek91.017453.0002 closed pmgr   pmgr.0000
2017-10-13 22:11:49,117: rp.session.js-17-212.jetstream-cloud.org.vivek91.017453.0002: MainProcess                     : MainThread     : DEBUG   : session rp.session.js-17-212.jetstream-cloud.org.vivek91.017453.0002 closes comp   update.0
2017-10-13 22:11:49,289: rp.session.js-17-212.jetstream-cloud.org.vivek91.017453.0002: MainProcess                     : MainThread     : DEBUG   : session rp.session.js-17-212.jetstream-cloud.org.vivek91.017453.0002 closed comp   update.0
2017-10-13 22:11:49,289: rp.session.js-17-212.jetstream-cloud.org.vivek91.017453.0002: MainProcess                     : MainThread     : DEBUG   : session rp.session.js-17-212.jetstream-cloud.org.vivek91.017453.0002 closes bridge control.pubsub.bridge.0000
2017-10-13 22:11:49,458: rp.session.js-17-212.jetstream-cloud.org.vivek91.017453.0002: MainProcess                     : MainThread     : DEBUG   : session rp.session.js-17-212.jetstream-cloud.org.vivek91.017453.0002 closed bridge control.pubsub.bridge.0000
2017-10-13 22:11:49,458: rp.session.js-17-212.jetstream-cloud.org.vivek91.017453.0002: MainProcess                     : MainThread     : DEBUG   : session rp.session.js-17-212.jetstream-cloud.org.vivek91.017453.0002 closes bridge state.pubsub.bridge.0000
2017-10-13 22:11:49,627: rp.session.js-17-212.jetstream-cloud.org.vivek91.017453.0002: MainProcess                     : MainThread     : DEBUG   : session rp.session.js-17-212.jetstream-cloud.org.vivek91.017453.0002 closed bridge state.pubsub.bridge.0000
2017-10-13 22:11:49,627: rp.session.js-17-212.jetstream-cloud.org.vivek91.017453.0002: MainProcess                     : MainThread     : DEBUG   : session rp.session.js-17-212.jetstream-cloud.org.vivek91.017453.0002 closes bridge log.pubsub.bridge.0000
2017-10-13 22:11:49,846: rp.session.js-17-212.jetstream-cloud.org.vivek91.017453.0002: MainProcess                     : MainThread     : DEBUG   : session rp.session.js-17-212.jetstream-cloud.org.vivek91.017453.0002 closed bridge log.pubsub.bridge.0000
2017-10-13 22:11:49,846: rp.session.js-17-212.jetstream-cloud.org.vivek91.017453.0002: MainProcess                     : MainThread     : DEBUG   : session rp.session.js-17-212.jetstream-cloud.org.vivek91.017453.0002 closes db (False)
2017-10-13 22:11:49,846: rp.session.js-17-212.jetstream-cloud.org.vivek91.017453.0002: MainProcess                     : MainThread     : DEBUG   : session rp.session.js-17-212.jetstream-cloud.org.vivek91.017453.0002 closed (delete=False)
