2017-08-22 15:46:13,287: umgr.staging.output.0.child: umgr.staging.output.0           : MainThread     : INFO    : python.interpreter   version: 2.7.12 (default, Nov 19 2016, 06:48:10) [GCC 5.4.0 20160609]
2017-08-22 15:46:13,288: umgr.staging.output.0.child: umgr.staging.output.0           : MainThread     : INFO    :                      pid: 13469
2017-08-22 15:46:13,288: umgr.staging.output.0.child: umgr.staging.output.0           : MainThread     : INFO    :                      tid: MainThread
2017-08-22 15:46:13,289: umgr.staging.output.0.child: umgr.staging.output.0           : MainThread     : INFO    : radical.pilot        version: 0.46-v0.46.RC2@devel
2017-08-22 15:46:14,311: umgr.staging.output.0.child: umgr.staging.output.0           : MainThread     : INFO    : initialize umgr.staging.output.0.child
2017-08-22 15:46:14,316: umgr.staging.output.0.child: umgr.staging.output.0           : MainThread     : INFO    : cfg: {'agents': {},
 u'bridges': {u'control_pubsub': {'addr_in': 'tcp://172.30.238.6:40816',
                                  'addr_out': 'tcp://172.30.238.6:33699',
                                  u'bulk_size': 0,
                                  u'log_level': u'debug',
                                  u'stall_hwm': 1},
              u'log_pubsub': {'addr_in': 'tcp://172.30.238.6:39634',
                              'addr_out': 'tcp://172.30.238.6:43531',
                              u'bulk_size': 0,
                              u'log_level': u'debug',
                              u'stall_hwm': 1},
              u'state_pubsub': {'addr_in': 'tcp://172.30.238.6:45483',
                                'addr_out': 'tcp://172.30.238.6:37259',
                                u'bulk_size': 0,
                                u'log_level': u'debug',
                                u'stall_hwm': 1},
              u'umgr_reschedule_pubsub': {'addr_in': 'tcp://172.30.238.6:42805',
                                          'addr_out': 'tcp://172.30.238.6:43849',
                                          u'bulk_size': 0,
                                          u'log_level': u'debug',
                                          u'stall_hwm': 1},
              u'umgr_scheduling_queue': {'addr_in': 'tcp://172.30.238.6:45030',
                                         'addr_out': 'tcp://172.30.238.6:46491',
                                         u'bulk_size': 0,
                                         u'log_level': u'debug',
                                         u'stall_hwm': 1},
              u'umgr_staging_input_queue': {'addr_in': 'tcp://172.30.238.6:39374',
                                            'addr_out': 'tcp://172.30.238.6:42240',
                                            u'bulk_size': 0,
                                            u'log_level': u'debug',
                                            u'stall_hwm': 1},
              u'umgr_staging_output_queue': {'addr_in': 'tcp://172.30.238.6:34316',
                                             'addr_out': 'tcp://172.30.238.6:43949',
                                             u'bulk_size': 0,
                                             u'log_level': u'debug',
                                             u'stall_hwm': 1},
              u'umgr_unschedule_pubsub': {'addr_in': 'tcp://172.30.238.6:40859',
                                          'addr_out': 'tcp://172.30.238.6:34676',
                                          u'bulk_size': 0,
                                          u'log_level': u'debug',
                                          u'stall_hwm': 1}},
 u'bulk_collection_size': 100,
 u'bulk_collection_time': 1.0,
 'cname': u'UMGRStagingOutputComponent',
 u'components': {},
 u'count': 1,
 u'db_poll_sleeptime': 1.0,
 'number': 0,
 'owner': 'umgr.0000',
 u'scheduler': u'round_robin',
 'uid': 'umgr.0000'}
2017-08-22 15:46:14,316: umgr.staging.output.0.child: umgr.staging.output.0           : MainThread     : DEBUG   : start components: {}
2017-08-22 15:46:14,316: umgr.staging.output.0.child: umgr.staging.output.0           : MainThread     : DEBUG   : alive check in term
2017-08-22 15:46:14,317: umgr.staging.output.0.child: umgr.staging.output.0           : MainThread     : DEBUG   : START: umgr.staging.output.0.child register publisher log_pubsub
2017-08-22 15:46:14,317: umgr.staging.output.0.child: umgr.staging.output.0           : MainThread     : DEBUG   : using addr tcp://172.30.238.6:39634 for pubsub log_pubsub
2017-08-22 15:46:14,320: umgr.staging.output.0.child: umgr.staging.output.0           : MainThread     : DEBUG   : registered publisher : log_pubsub : log.pubsub.pub.0004
2017-08-22 15:46:14,321: umgr.staging.output.0.child: umgr.staging.output.0           : MainThread     : DEBUG   : alive check in term
2017-08-22 15:46:14,321: umgr.staging.output.0.child: umgr.staging.output.0           : MainThread     : DEBUG   : START: umgr.staging.output.0.child register publisher state_pubsub
2017-08-22 15:46:14,321: umgr.staging.output.0.child: umgr.staging.output.0           : MainThread     : DEBUG   : using addr tcp://172.30.238.6:45483 for pubsub state_pubsub
2017-08-22 15:46:14,323: umgr.staging.output.0.child: umgr.staging.output.0           : MainThread     : DEBUG   : registered publisher : state_pubsub : state.pubsub.pub.0004
2017-08-22 15:46:14,323: umgr.staging.output.0.child: umgr.staging.output.0           : MainThread     : DEBUG   : alive check in term
2017-08-22 15:46:14,324: umgr.staging.output.0.child: umgr.staging.output.0           : MainThread     : DEBUG   : START: umgr.staging.output.0.child register publisher control_pubsub
2017-08-22 15:46:14,324: umgr.staging.output.0.child: umgr.staging.output.0           : MainThread     : DEBUG   : using addr tcp://172.30.238.6:40816 for pubsub control_pubsub
2017-08-22 15:46:14,326: umgr.staging.output.0.child: umgr.staging.output.0           : MainThread     : DEBUG   : registered publisher : control_pubsub : control.pubsub.pub.0004
2017-08-22 15:46:14,327: umgr.staging.output.0.child: umgr.staging.output.0           : MainThread     : DEBUG   : alive check in term
2017-08-22 15:46:14,327: umgr.staging.output.0.child: umgr.staging.output.0           : MainThread     : DEBUG   : START: umgr.staging.output.0.child register subscriber umgr.staging.output.0.child.subscriber._cancel_monitor_cb
2017-08-22 15:46:14,327: umgr.staging.output.0.child: umgr.staging.output.0           : MainThread     : DEBUG   : using addr tcp://172.30.238.6:33699 for pubsub control_pubsub
2017-08-22 15:46:14,330: umgr.staging.output.0.child: umgr.staging.output.0           : MainThread     : DEBUG   : parent name: umgr.staging.output.0.child.subscriber._cancel_monitor_cb
2017-08-22 15:46:14,330: umgr.staging.output.0.child: umgr.staging.output.0           : MainThread     : DEBUG   : start thread
2017-08-22 15:46:14,330: umgr.staging.output.0.child: umgr.staging.output.0           : umgr.staging.output.0.child.subscriber._cancel_monitor_cb: DEBUG   : child name: umgr.staging.output.0.child.subscriber._cancel_monitor_cb.thread
2017-08-22 15:46:14,331: umgr.staging.output.0.child: umgr.staging.output.0           : umgr.staging.output.0.child.subscriber._cancel_monitor_cb: INFO    : child (me) initializing
2017-08-22 15:46:14,331: umgr.staging.output.0.child: umgr.staging.output.0           : umgr.staging.output.0.child.subscriber._cancel_monitor_cb: DEBUG   : ru_initialize_common (NOOP)
2017-08-22 15:46:14,331: umgr.staging.output.0.child: umgr.staging.output.0           : umgr.staging.output.0.child.subscriber._cancel_monitor_cb: DEBUG   : ru_initialize_child (NOOP)
2017-08-22 15:46:14,331: umgr.staging.output.0.child: umgr.staging.output.0           : umgr.staging.output.0.child.subscriber._cancel_monitor_cb: INFO    : send alive
2017-08-22 15:46:14,331: umgr.staging.output.0.child: umgr.staging.output.0           : umgr.staging.output.0.child.subscriber._cancel_monitor_cb: INFO    : put message: [umgr.staging.output.0.child.subscriber._cancel_monitor_cb.thread] alive
2017-08-22 15:46:14,332: umgr.staging.output.0.child: umgr.staging.output.0           : MainThread     : INFO    : get msg: alive
2017-08-22 15:46:14,332: umgr.staging.output.0.child: umgr.staging.output.0           : MainThread     : DEBUG   : ru_initialize_common (NOOP)
2017-08-22 15:46:14,332: umgr.staging.output.0.child: umgr.staging.output.0           : MainThread     : DEBUG   : ru_initialize_parent (NOOP)
2017-08-22 15:46:14,332: umgr.staging.output.0.child: umgr.staging.output.0           : MainThread     : DEBUG   : child thread umgr.staging.output.0.child.subscriber._cancel_monitor_cb started
2017-08-22 15:46:14,332: umgr.staging.output.0.child: umgr.staging.output.0           : MainThread     : DEBUG   : umgr.staging.output.0.child registered control_pubsub subscriber umgr.staging.output.0.child.subscriber._cancel_monitor_cb
2017-08-22 15:46:14,332: umgr.staging.output.0.child: umgr.staging.output.0           : MainThread     : DEBUG   : alive check in term
2017-08-22 15:46:14,332: umgr.staging.output.0.child: umgr.staging.output.0           : MainThread     : DEBUG   : using addr tcp://172.30.238.6:43949 for input umgr_staging_output_queue
2017-08-22 15:46:14,335: umgr.staging.output.0.child: umgr.staging.output.0           : MainThread     : DEBUG   : registered input umgr.staging.output.0.child.work.UMGR_STAGING_OUTPUT_PENDING
2017-08-22 15:46:14,335: umgr.staging.output.0.child: umgr.staging.output.0           : MainThread     : DEBUG   : START: umgr.staging.output.0.child register input UMGR_STAGING_OUTPUT_PENDING: umgr.staging.output.0.child.work.UMGR_STAGING_OUTPUT_PENDING
2017-08-22 15:46:14,335: umgr.staging.output.0.child: umgr.staging.output.0           : MainThread     : DEBUG   : registered worker work [UMGR_STAGING_OUTPUT_PENDING]
2017-08-22 15:46:14,335: umgr.staging.output.0.child: umgr.staging.output.0           : MainThread     : INFO    : child (me) initializing
2017-08-22 15:46:14,335: umgr.staging.output.0.child: umgr.staging.output.0           : MainThread     : DEBUG   : parent name: umgr.staging.output.0.child.watch
2017-08-22 15:46:14,335: umgr.staging.output.0.child: umgr.staging.output.0           : MainThread     : DEBUG   : start thread
2017-08-22 15:46:14,336: umgr.staging.output.0.child: umgr.staging.output.0           : umgr.staging.output.0.child.watch: DEBUG   : child name: umgr.staging.output.0.child.watch.thread
2017-08-22 15:46:14,336: umgr.staging.output.0.child: umgr.staging.output.0           : umgr.staging.output.0.child.watch: INFO    : child (me) initializing
2017-08-22 15:46:14,336: umgr.staging.output.0.child: umgr.staging.output.0           : umgr.staging.output.0.child.watch: DEBUG   : ru_initialize_common (NOOP)
2017-08-22 15:46:14,336: umgr.staging.output.0.child: umgr.staging.output.0           : umgr.staging.output.0.child.watch: DEBUG   : ru_initialize_child (NOOP)
2017-08-22 15:46:14,336: umgr.staging.output.0.child: umgr.staging.output.0           : umgr.staging.output.0.child.watch: INFO    : send alive
2017-08-22 15:46:14,336: umgr.staging.output.0.child: umgr.staging.output.0           : umgr.staging.output.0.child.watch: INFO    : put message: [umgr.staging.output.0.child.watch.thread] alive
2017-08-22 15:46:14,337: umgr.staging.output.0.child: umgr.staging.output.0           : MainThread     : INFO    : get msg: alive
2017-08-22 15:46:14,337: umgr.staging.output.0.child: umgr.staging.output.0           : MainThread     : DEBUG   : ru_initialize_common (NOOP)
2017-08-22 15:46:14,337: umgr.staging.output.0.child: umgr.staging.output.0           : MainThread     : DEBUG   : ru_initialize_parent (NOOP)
2017-08-22 15:46:14,337: umgr.staging.output.0.child: umgr.staging.output.0           : MainThread     : DEBUG   : child thread umgr.staging.output.0.child.watch started
2017-08-22 15:46:14,338: umgr.staging.output.0.child: umgr.staging.output.0           : MainThread     : INFO    : child (me) is alive
2017-08-22 15:46:14,338: umgr.staging.output.0.child: umgr.staging.output.0           : MainThread     : INFO    : send alive
2017-08-22 15:46:14,338: umgr.staging.output.0.child: umgr.staging.output.0           : MainThread     : INFO    : send message: [umgr.staging.output.0.child] alive
2017-08-22 15:46:29,123: umgr.staging.output.0.child: umgr.staging.output.0           : MainThread     : DEBUG   : got unit (unit.000052)
2017-08-22 15:46:29,123: umgr.staging.output.0.child: umgr.staging.output.0           : MainThread     : DEBUG   : got unit (unit.000026)
2017-08-22 15:46:29,123: umgr.staging.output.0.child: umgr.staging.output.0           : MainThread     : DEBUG   : got unit (unit.000037)
2017-08-22 15:46:29,124: umgr.staging.output.0.child: umgr.staging.output.0           : MainThread     : DEBUG   : got unit (unit.000039)
2017-08-22 15:46:29,124: umgr.staging.output.0.child: umgr.staging.output.0           : MainThread     : DEBUG   : got unit (unit.000040)
2017-08-22 15:46:29,124: umgr.staging.output.0.child: umgr.staging.output.0           : MainThread     : DEBUG   : got unit (unit.000041)
2017-08-22 15:46:29,124: umgr.staging.output.0.child: umgr.staging.output.0           : MainThread     : DEBUG   : got unit (unit.000042)
2017-08-22 15:46:29,124: umgr.staging.output.0.child: umgr.staging.output.0           : MainThread     : DEBUG   : got unit (unit.000043)
2017-08-22 15:46:29,124: umgr.staging.output.0.child: umgr.staging.output.0           : MainThread     : DEBUG   : got unit (unit.000044)
2017-08-22 15:46:29,124: umgr.staging.output.0.child: umgr.staging.output.0           : MainThread     : DEBUG   : got unit (unit.000045)
2017-08-22 15:46:29,124: umgr.staging.output.0.child: umgr.staging.output.0           : MainThread     : DEBUG   : got unit (unit.000046)
2017-08-22 15:46:29,124: umgr.staging.output.0.child: umgr.staging.output.0           : MainThread     : DEBUG   : got unit (unit.000047)
2017-08-22 15:46:29,124: umgr.staging.output.0.child: umgr.staging.output.0           : MainThread     : DEBUG   : got unit (unit.000048)
2017-08-22 15:46:29,125: umgr.staging.output.0.child: umgr.staging.output.0           : MainThread     : DEBUG   : got unit (unit.000049)
2017-08-22 15:46:29,125: umgr.staging.output.0.child: umgr.staging.output.0           : MainThread     : DEBUG   : got unit (unit.000050)
2017-08-22 15:46:29,125: umgr.staging.output.0.child: umgr.staging.output.0           : MainThread     : DEBUG   : got unit (unit.000051)
2017-08-22 15:46:29,125: umgr.staging.output.0.child: umgr.staging.output.0           : MainThread     : DEBUG   : got unit (unit.000019)
2017-08-22 15:46:29,125: umgr.staging.output.0.child: umgr.staging.output.0           : MainThread     : DEBUG   : got unit (unit.000018)
2017-08-22 15:46:29,125: umgr.staging.output.0.child: umgr.staging.output.0           : MainThread     : DEBUG   : got unit (unit.000015)
2017-08-22 15:46:29,125: umgr.staging.output.0.child: umgr.staging.output.0           : MainThread     : DEBUG   : got unit (unit.000020)
2017-08-22 15:46:29,125: umgr.staging.output.0.child: umgr.staging.output.0           : MainThread     : DEBUG   : got unit (unit.000030)
2017-08-22 15:46:29,125: umgr.staging.output.0.child: umgr.staging.output.0           : MainThread     : DEBUG   : got unit (unit.000021)
2017-08-22 15:46:29,125: umgr.staging.output.0.child: umgr.staging.output.0           : MainThread     : DEBUG   : got unit (unit.000010)
2017-08-22 15:46:29,125: umgr.staging.output.0.child: umgr.staging.output.0           : MainThread     : DEBUG   : got unit (unit.000011)
2017-08-22 15:46:29,126: umgr.staging.output.0.child: umgr.staging.output.0           : MainThread     : DEBUG   : got unit (unit.000012)
2017-08-22 15:46:29,126: umgr.staging.output.0.child: umgr.staging.output.0           : MainThread     : DEBUG   : got unit (unit.000013)
2017-08-22 15:46:29,126: umgr.staging.output.0.child: umgr.staging.output.0           : MainThread     : DEBUG   : got unit (unit.000031)
2017-08-22 15:46:29,126: umgr.staging.output.0.child: umgr.staging.output.0           : MainThread     : DEBUG   : got unit (unit.000033)
2017-08-22 15:46:29,126: umgr.staging.output.0.child: umgr.staging.output.0           : MainThread     : DEBUG   : got unit (unit.000034)
2017-08-22 15:46:29,126: umgr.staging.output.0.child: umgr.staging.output.0           : MainThread     : DEBUG   : got unit (unit.000014)
2017-08-22 15:46:29,126: umgr.staging.output.0.child: umgr.staging.output.0           : MainThread     : DEBUG   : got unit (unit.000009)
2017-08-22 15:46:29,126: umgr.staging.output.0.child: umgr.staging.output.0           : MainThread     : DEBUG   : got unit (unit.000016)
2017-08-22 15:46:29,126: umgr.staging.output.0.child: umgr.staging.output.0           : MainThread     : DEBUG   : got unit (unit.000017)
2017-08-22 15:46:29,126: umgr.staging.output.0.child: umgr.staging.output.0           : MainThread     : DEBUG   : got unit (unit.000029)
2017-08-22 15:46:29,126: umgr.staging.output.0.child: umgr.staging.output.0           : MainThread     : DEBUG   : got unit (unit.000036)
2017-08-22 15:46:29,127: umgr.staging.output.0.child: umgr.staging.output.0           : MainThread     : DEBUG   : got unit (unit.000028)
2017-08-22 15:46:29,127: umgr.staging.output.0.child: umgr.staging.output.0           : MainThread     : DEBUG   : got unit (unit.000032)
2017-08-22 15:46:29,127: umgr.staging.output.0.child: umgr.staging.output.0           : MainThread     : DEBUG   : got unit (unit.000035)
2017-08-22 15:46:29,127: umgr.staging.output.0.child: umgr.staging.output.0           : MainThread     : DEBUG   : got unit (unit.000025)
2017-08-22 15:46:29,127: umgr.staging.output.0.child: umgr.staging.output.0           : MainThread     : DEBUG   : got unit (unit.000024)
2017-08-22 15:46:29,127: umgr.staging.output.0.child: umgr.staging.output.0           : MainThread     : DEBUG   : got unit (unit.000027)
2017-08-22 15:46:29,127: umgr.staging.output.0.child: umgr.staging.output.0           : MainThread     : DEBUG   : got unit (unit.000008)
2017-08-22 15:46:29,127: umgr.staging.output.0.child: umgr.staging.output.0           : MainThread     : DEBUG   : got unit (unit.000003)
2017-08-22 15:46:29,127: umgr.staging.output.0.child: umgr.staging.output.0           : MainThread     : DEBUG   : got unit (unit.000002)
2017-08-22 15:46:29,127: umgr.staging.output.0.child: umgr.staging.output.0           : MainThread     : DEBUG   : got unit (unit.000001)
2017-08-22 15:46:29,127: umgr.staging.output.0.child: umgr.staging.output.0           : MainThread     : DEBUG   : got unit (unit.000000)
2017-08-22 15:46:29,128: umgr.staging.output.0.child: umgr.staging.output.0           : MainThread     : DEBUG   : got unit (unit.000007)
2017-08-22 15:46:29,128: umgr.staging.output.0.child: umgr.staging.output.0           : MainThread     : DEBUG   : got unit (unit.000006)
2017-08-22 15:46:29,128: umgr.staging.output.0.child: umgr.staging.output.0           : MainThread     : DEBUG   : got unit (unit.000005)
2017-08-22 15:46:29,128: umgr.staging.output.0.child: umgr.staging.output.0           : MainThread     : DEBUG   : got unit (unit.000023)
2017-08-22 15:46:29,128: umgr.staging.output.0.child: umgr.staging.output.0           : MainThread     : DEBUG   : got unit (unit.000038)
2017-08-22 15:46:29,128: umgr.staging.output.0.child: umgr.staging.output.0           : MainThread     : DEBUG   : got unit (unit.000022)
2017-08-22 15:46:29,128: umgr.staging.output.0.child: umgr.staging.output.0           : MainThread     : DEBUG   : got unit (unit.000004)
2017-08-22 15:46:29,128: umgr.staging.output.0.child: umgr.staging.output.0           : MainThread     : DEBUG   : advance bulk size: 53 [False, True]
2017-08-22 15:46:29,128: umgr.staging.output.0.child: umgr.staging.output.0           : MainThread     : DEBUG   : advance bulk: unit.000052 [53]
2017-08-22 15:46:29,128: umgr.staging.output.0.child: umgr.staging.output.0           : MainThread     : DEBUG   : advance bulk: unit.000026 [53]
2017-08-22 15:46:29,128: umgr.staging.output.0.child: umgr.staging.output.0           : MainThread     : DEBUG   : advance bulk: unit.000037 [53]
2017-08-22 15:46:29,129: umgr.staging.output.0.child: umgr.staging.output.0           : MainThread     : DEBUG   : advance bulk: unit.000039 [53]
2017-08-22 15:46:29,129: umgr.staging.output.0.child: umgr.staging.output.0           : MainThread     : DEBUG   : advance bulk: unit.000040 [53]
2017-08-22 15:46:29,129: umgr.staging.output.0.child: umgr.staging.output.0           : MainThread     : DEBUG   : advance bulk: unit.000041 [53]
2017-08-22 15:46:29,129: umgr.staging.output.0.child: umgr.staging.output.0           : MainThread     : DEBUG   : advance bulk: unit.000042 [53]
2017-08-22 15:46:29,129: umgr.staging.output.0.child: umgr.staging.output.0           : MainThread     : DEBUG   : advance bulk: unit.000043 [53]
2017-08-22 15:46:29,129: umgr.staging.output.0.child: umgr.staging.output.0           : MainThread     : DEBUG   : advance bulk: unit.000044 [53]
2017-08-22 15:46:29,129: umgr.staging.output.0.child: umgr.staging.output.0           : MainThread     : DEBUG   : advance bulk: unit.000045 [53]
2017-08-22 15:46:29,129: umgr.staging.output.0.child: umgr.staging.output.0           : MainThread     : DEBUG   : advance bulk: unit.000046 [53]
2017-08-22 15:46:29,129: umgr.staging.output.0.child: umgr.staging.output.0           : MainThread     : DEBUG   : advance bulk: unit.000047 [53]
2017-08-22 15:46:29,129: umgr.staging.output.0.child: umgr.staging.output.0           : MainThread     : DEBUG   : advance bulk: unit.000048 [53]
2017-08-22 15:46:29,129: umgr.staging.output.0.child: umgr.staging.output.0           : MainThread     : DEBUG   : advance bulk: unit.000049 [53]
2017-08-22 15:46:29,129: umgr.staging.output.0.child: umgr.staging.output.0           : MainThread     : DEBUG   : advance bulk: unit.000050 [53]
2017-08-22 15:46:29,130: umgr.staging.output.0.child: umgr.staging.output.0           : MainThread     : DEBUG   : advance bulk: unit.000051 [53]
2017-08-22 15:46:29,130: umgr.staging.output.0.child: umgr.staging.output.0           : MainThread     : DEBUG   : advance bulk: unit.000019 [53]
2017-08-22 15:46:29,130: umgr.staging.output.0.child: umgr.staging.output.0           : MainThread     : DEBUG   : advance bulk: unit.000018 [53]
2017-08-22 15:46:29,130: umgr.staging.output.0.child: umgr.staging.output.0           : MainThread     : DEBUG   : advance bulk: unit.000015 [53]
2017-08-22 15:46:29,130: umgr.staging.output.0.child: umgr.staging.output.0           : MainThread     : DEBUG   : advance bulk: unit.000020 [53]
2017-08-22 15:46:29,130: umgr.staging.output.0.child: umgr.staging.output.0           : MainThread     : DEBUG   : advance bulk: unit.000030 [53]
2017-08-22 15:46:29,130: umgr.staging.output.0.child: umgr.staging.output.0           : MainThread     : DEBUG   : advance bulk: unit.000021 [53]
2017-08-22 15:46:29,130: umgr.staging.output.0.child: umgr.staging.output.0           : MainThread     : DEBUG   : advance bulk: unit.000010 [53]
2017-08-22 15:46:29,130: umgr.staging.output.0.child: umgr.staging.output.0           : MainThread     : DEBUG   : advance bulk: unit.000011 [53]
2017-08-22 15:46:29,130: umgr.staging.output.0.child: umgr.staging.output.0           : MainThread     : DEBUG   : advance bulk: unit.000012 [53]
2017-08-22 15:46:29,130: umgr.staging.output.0.child: umgr.staging.output.0           : MainThread     : DEBUG   : advance bulk: unit.000013 [53]
2017-08-22 15:46:29,130: umgr.staging.output.0.child: umgr.staging.output.0           : MainThread     : DEBUG   : advance bulk: unit.000031 [53]
2017-08-22 15:46:29,130: umgr.staging.output.0.child: umgr.staging.output.0           : MainThread     : DEBUG   : advance bulk: unit.000033 [53]
2017-08-22 15:46:29,131: umgr.staging.output.0.child: umgr.staging.output.0           : MainThread     : DEBUG   : advance bulk: unit.000034 [53]
2017-08-22 15:46:29,131: umgr.staging.output.0.child: umgr.staging.output.0           : MainThread     : DEBUG   : advance bulk: unit.000014 [53]
2017-08-22 15:46:29,131: umgr.staging.output.0.child: umgr.staging.output.0           : MainThread     : DEBUG   : advance bulk: unit.000009 [53]
2017-08-22 15:46:29,131: umgr.staging.output.0.child: umgr.staging.output.0           : MainThread     : DEBUG   : advance bulk: unit.000016 [53]
2017-08-22 15:46:29,131: umgr.staging.output.0.child: umgr.staging.output.0           : MainThread     : DEBUG   : advance bulk: unit.000017 [53]
2017-08-22 15:46:29,131: umgr.staging.output.0.child: umgr.staging.output.0           : MainThread     : DEBUG   : advance bulk: unit.000029 [53]
2017-08-22 15:46:29,131: umgr.staging.output.0.child: umgr.staging.output.0           : MainThread     : DEBUG   : advance bulk: unit.000036 [53]
2017-08-22 15:46:29,131: umgr.staging.output.0.child: umgr.staging.output.0           : MainThread     : DEBUG   : advance bulk: unit.000028 [53]
2017-08-22 15:46:29,131: umgr.staging.output.0.child: umgr.staging.output.0           : MainThread     : DEBUG   : advance bulk: unit.000032 [53]
2017-08-22 15:46:29,131: umgr.staging.output.0.child: umgr.staging.output.0           : MainThread     : DEBUG   : advance bulk: unit.000035 [53]
2017-08-22 15:46:29,131: umgr.staging.output.0.child: umgr.staging.output.0           : MainThread     : DEBUG   : advance bulk: unit.000025 [53]
2017-08-22 15:46:29,131: umgr.staging.output.0.child: umgr.staging.output.0           : MainThread     : DEBUG   : advance bulk: unit.000024 [53]
2017-08-22 15:46:29,132: umgr.staging.output.0.child: umgr.staging.output.0           : MainThread     : DEBUG   : advance bulk: unit.000027 [53]
2017-08-22 15:46:29,132: umgr.staging.output.0.child: umgr.staging.output.0           : MainThread     : DEBUG   : advance bulk: unit.000008 [53]
2017-08-22 15:46:29,132: umgr.staging.output.0.child: umgr.staging.output.0           : MainThread     : DEBUG   : advance bulk: unit.000003 [53]
2017-08-22 15:46:29,132: umgr.staging.output.0.child: umgr.staging.output.0           : MainThread     : DEBUG   : advance bulk: unit.000002 [53]
2017-08-22 15:46:29,132: umgr.staging.output.0.child: umgr.staging.output.0           : MainThread     : DEBUG   : advance bulk: unit.000001 [53]
2017-08-22 15:46:29,132: umgr.staging.output.0.child: umgr.staging.output.0           : MainThread     : DEBUG   : advance bulk: unit.000000 [53]
2017-08-22 15:46:29,132: umgr.staging.output.0.child: umgr.staging.output.0           : MainThread     : DEBUG   : advance bulk: unit.000007 [53]
2017-08-22 15:46:29,132: umgr.staging.output.0.child: umgr.staging.output.0           : MainThread     : DEBUG   : advance bulk: unit.000006 [53]
2017-08-22 15:46:29,132: umgr.staging.output.0.child: umgr.staging.output.0           : MainThread     : DEBUG   : advance bulk: unit.000005 [53]
2017-08-22 15:46:29,132: umgr.staging.output.0.child: umgr.staging.output.0           : MainThread     : DEBUG   : advance bulk: unit.000023 [53]
2017-08-22 15:46:29,132: umgr.staging.output.0.child: umgr.staging.output.0           : MainThread     : DEBUG   : advance bulk: unit.000038 [53]
2017-08-22 15:46:29,132: umgr.staging.output.0.child: umgr.staging.output.0           : MainThread     : DEBUG   : advance bulk: unit.000022 [53]
2017-08-22 15:46:29,132: umgr.staging.output.0.child: umgr.staging.output.0           : MainThread     : DEBUG   : advance bulk: unit.000004 [53]
2017-08-22 15:46:29,133: umgr.staging.output.0.child: umgr.staging.output.0           : MainThread     : DEBUG   : advance bulk size: 53 [True, True]
2017-08-22 15:46:29,133: umgr.staging.output.0.child: umgr.staging.output.0           : MainThread     : DEBUG   : advance bulk: unit.000052 [53]
2017-08-22 15:46:29,133: umgr.staging.output.0.child: umgr.staging.output.0           : MainThread     : DEBUG   : advance bulk: unit.000026 [53]
2017-08-22 15:46:29,134: umgr.staging.output.0.child: umgr.staging.output.0           : MainThread     : DEBUG   : advance bulk: unit.000037 [53]
2017-08-22 15:46:29,134: umgr.staging.output.0.child: umgr.staging.output.0           : MainThread     : DEBUG   : advance bulk: unit.000039 [53]
2017-08-22 15:46:29,134: umgr.staging.output.0.child: umgr.staging.output.0           : MainThread     : DEBUG   : advance bulk: unit.000040 [53]
2017-08-22 15:46:29,134: umgr.staging.output.0.child: umgr.staging.output.0           : MainThread     : DEBUG   : advance bulk: unit.000041 [53]
2017-08-22 15:46:29,134: umgr.staging.output.0.child: umgr.staging.output.0           : MainThread     : DEBUG   : advance bulk: unit.000042 [53]
2017-08-22 15:46:29,134: umgr.staging.output.0.child: umgr.staging.output.0           : MainThread     : DEBUG   : advance bulk: unit.000043 [53]
2017-08-22 15:46:29,134: umgr.staging.output.0.child: umgr.staging.output.0           : MainThread     : DEBUG   : advance bulk: unit.000044 [53]
2017-08-22 15:46:29,134: umgr.staging.output.0.child: umgr.staging.output.0           : MainThread     : DEBUG   : advance bulk: unit.000045 [53]
2017-08-22 15:46:29,134: umgr.staging.output.0.child: umgr.staging.output.0           : MainThread     : DEBUG   : advance bulk: unit.000046 [53]
2017-08-22 15:46:29,134: umgr.staging.output.0.child: umgr.staging.output.0           : MainThread     : DEBUG   : advance bulk: unit.000047 [53]
2017-08-22 15:46:29,134: umgr.staging.output.0.child: umgr.staging.output.0           : MainThread     : DEBUG   : advance bulk: unit.000048 [53]
2017-08-22 15:46:29,134: umgr.staging.output.0.child: umgr.staging.output.0           : MainThread     : DEBUG   : advance bulk: unit.000049 [53]
2017-08-22 15:46:29,135: umgr.staging.output.0.child: umgr.staging.output.0           : MainThread     : DEBUG   : advance bulk: unit.000050 [53]
2017-08-22 15:46:29,135: umgr.staging.output.0.child: umgr.staging.output.0           : MainThread     : DEBUG   : advance bulk: unit.000051 [53]
2017-08-22 15:46:29,135: umgr.staging.output.0.child: umgr.staging.output.0           : MainThread     : DEBUG   : advance bulk: unit.000019 [53]
2017-08-22 15:46:29,135: umgr.staging.output.0.child: umgr.staging.output.0           : MainThread     : DEBUG   : advance bulk: unit.000018 [53]
2017-08-22 15:46:29,135: umgr.staging.output.0.child: umgr.staging.output.0           : MainThread     : DEBUG   : advance bulk: unit.000015 [53]
2017-08-22 15:46:29,135: umgr.staging.output.0.child: umgr.staging.output.0           : MainThread     : DEBUG   : advance bulk: unit.000020 [53]
2017-08-22 15:46:29,135: umgr.staging.output.0.child: umgr.staging.output.0           : MainThread     : DEBUG   : advance bulk: unit.000030 [53]
2017-08-22 15:46:29,135: umgr.staging.output.0.child: umgr.staging.output.0           : MainThread     : DEBUG   : advance bulk: unit.000021 [53]
2017-08-22 15:46:29,135: umgr.staging.output.0.child: umgr.staging.output.0           : MainThread     : DEBUG   : advance bulk: unit.000010 [53]
2017-08-22 15:46:29,135: umgr.staging.output.0.child: umgr.staging.output.0           : MainThread     : DEBUG   : advance bulk: unit.000011 [53]
2017-08-22 15:46:29,135: umgr.staging.output.0.child: umgr.staging.output.0           : MainThread     : DEBUG   : advance bulk: unit.000012 [53]
2017-08-22 15:46:29,135: umgr.staging.output.0.child: umgr.staging.output.0           : MainThread     : DEBUG   : advance bulk: unit.000013 [53]
2017-08-22 15:46:29,135: umgr.staging.output.0.child: umgr.staging.output.0           : MainThread     : DEBUG   : advance bulk: unit.000031 [53]
2017-08-22 15:46:29,136: umgr.staging.output.0.child: umgr.staging.output.0           : MainThread     : DEBUG   : advance bulk: unit.000033 [53]
2017-08-22 15:46:29,136: umgr.staging.output.0.child: umgr.staging.output.0           : MainThread     : DEBUG   : advance bulk: unit.000034 [53]
2017-08-22 15:46:29,136: umgr.staging.output.0.child: umgr.staging.output.0           : MainThread     : DEBUG   : advance bulk: unit.000014 [53]
2017-08-22 15:46:29,136: umgr.staging.output.0.child: umgr.staging.output.0           : MainThread     : DEBUG   : advance bulk: unit.000009 [53]
2017-08-22 15:46:29,137: umgr.staging.output.0.child: umgr.staging.output.0           : MainThread     : DEBUG   : advance bulk: unit.000016 [53]
2017-08-22 15:46:29,138: umgr.staging.output.0.child: umgr.staging.output.0           : MainThread     : DEBUG   : advance bulk: unit.000017 [53]
2017-08-22 15:46:29,139: umgr.staging.output.0.child: umgr.staging.output.0           : MainThread     : DEBUG   : advance bulk: unit.000029 [53]
2017-08-22 15:46:29,140: umgr.staging.output.0.child: umgr.staging.output.0           : MainThread     : DEBUG   : advance bulk: unit.000036 [53]
2017-08-22 15:46:29,140: umgr.staging.output.0.child: umgr.staging.output.0           : MainThread     : DEBUG   : advance bulk: unit.000028 [53]
2017-08-22 15:46:29,141: umgr.staging.output.0.child: umgr.staging.output.0           : MainThread     : DEBUG   : advance bulk: unit.000032 [53]
2017-08-22 15:46:29,143: umgr.staging.output.0.child: umgr.staging.output.0           : MainThread     : DEBUG   : advance bulk: unit.000035 [53]
2017-08-22 15:46:29,143: umgr.staging.output.0.child: umgr.staging.output.0           : MainThread     : DEBUG   : advance bulk: unit.000025 [53]
2017-08-22 15:46:29,143: umgr.staging.output.0.child: umgr.staging.output.0           : MainThread     : DEBUG   : advance bulk: unit.000024 [53]
2017-08-22 15:46:29,144: umgr.staging.output.0.child: umgr.staging.output.0           : MainThread     : DEBUG   : advance bulk: unit.000027 [53]
2017-08-22 15:46:29,145: umgr.staging.output.0.child: umgr.staging.output.0           : MainThread     : DEBUG   : advance bulk: unit.000008 [53]
2017-08-22 15:46:29,145: umgr.staging.output.0.child: umgr.staging.output.0           : MainThread     : DEBUG   : advance bulk: unit.000003 [53]
2017-08-22 15:46:29,145: umgr.staging.output.0.child: umgr.staging.output.0           : MainThread     : DEBUG   : advance bulk: unit.000002 [53]
2017-08-22 15:46:29,146: umgr.staging.output.0.child: umgr.staging.output.0           : MainThread     : DEBUG   : advance bulk: unit.000001 [53]
2017-08-22 15:46:29,147: umgr.staging.output.0.child: umgr.staging.output.0           : MainThread     : DEBUG   : advance bulk: unit.000000 [53]
2017-08-22 15:46:29,148: umgr.staging.output.0.child: umgr.staging.output.0           : MainThread     : DEBUG   : advance bulk: unit.000007 [53]
2017-08-22 15:46:29,148: umgr.staging.output.0.child: umgr.staging.output.0           : MainThread     : DEBUG   : advance bulk: unit.000006 [53]
2017-08-22 15:46:29,149: umgr.staging.output.0.child: umgr.staging.output.0           : MainThread     : DEBUG   : advance bulk: unit.000005 [53]
2017-08-22 15:46:29,150: umgr.staging.output.0.child: umgr.staging.output.0           : MainThread     : DEBUG   : advance bulk: unit.000023 [53]
2017-08-22 15:46:29,150: umgr.staging.output.0.child: umgr.staging.output.0           : MainThread     : DEBUG   : advance bulk: unit.000038 [53]
2017-08-22 15:46:29,151: umgr.staging.output.0.child: umgr.staging.output.0           : MainThread     : DEBUG   : advance bulk: unit.000022 [53]
2017-08-22 15:46:29,151: umgr.staging.output.0.child: umgr.staging.output.0           : MainThread     : DEBUG   : advance bulk: unit.000004 [53]
2017-08-22 15:46:29,153: umgr.staging.output.0.child: umgr.staging.output.0           : MainThread     : DEBUG   : bucket: DONE : ['unit.000052', 'unit.000026', 'unit.000037', 'unit.000039', 'unit.000040', 'unit.000041', 'unit.000042', 'unit.000043', 'unit.000044', 'unit.000045', 'unit.000046', 'unit.000047', 'unit.000048', 'unit.000049', 'unit.000050', 'unit.000051', 'unit.000019', 'unit.000018', 'unit.000015', 'unit.000020', 'unit.000030', 'unit.000021', 'unit.000010', 'unit.000011', 'unit.000012', 'unit.000013', 'unit.000031', 'unit.000033', 'unit.000034', 'unit.000014', 'unit.000009', 'unit.000016', 'unit.000017', 'unit.000029', 'unit.000036', 'unit.000028', 'unit.000032', 'unit.000035', 'unit.000025', 'unit.000024', 'unit.000027', 'unit.000008', 'unit.000003', 'unit.000002', 'unit.000001', 'unit.000000', 'unit.000007', 'unit.000006', 'unit.000005', 'unit.000023', 'unit.000038', 'unit.000022', 'unit.000004']
2017-08-22 15:46:29,153: umgr.staging.output.0.child: umgr.staging.output.0           : MainThread     : DEBUG   : push unit.000052 ===| DONE
2017-08-22 15:46:29,153: umgr.staging.output.0.child: umgr.staging.output.0           : MainThread     : DEBUG   : push unit.000026 ===| DONE
2017-08-22 15:46:29,153: umgr.staging.output.0.child: umgr.staging.output.0           : MainThread     : DEBUG   : push unit.000037 ===| DONE
2017-08-22 15:46:29,153: umgr.staging.output.0.child: umgr.staging.output.0           : MainThread     : DEBUG   : push unit.000039 ===| DONE
2017-08-22 15:46:29,153: umgr.staging.output.0.child: umgr.staging.output.0           : MainThread     : DEBUG   : push unit.000040 ===| DONE
2017-08-22 15:46:29,153: umgr.staging.output.0.child: umgr.staging.output.0           : MainThread     : DEBUG   : push unit.000041 ===| DONE
2017-08-22 15:46:29,153: umgr.staging.output.0.child: umgr.staging.output.0           : MainThread     : DEBUG   : push unit.000042 ===| DONE
2017-08-22 15:46:29,153: umgr.staging.output.0.child: umgr.staging.output.0           : MainThread     : DEBUG   : push unit.000043 ===| DONE
2017-08-22 15:46:29,153: umgr.staging.output.0.child: umgr.staging.output.0           : MainThread     : DEBUG   : push unit.000044 ===| DONE
2017-08-22 15:46:29,153: umgr.staging.output.0.child: umgr.staging.output.0           : MainThread     : DEBUG   : push unit.000045 ===| DONE
2017-08-22 15:46:29,153: umgr.staging.output.0.child: umgr.staging.output.0           : MainThread     : DEBUG   : push unit.000046 ===| DONE
2017-08-22 15:46:29,154: umgr.staging.output.0.child: umgr.staging.output.0           : MainThread     : DEBUG   : push unit.000047 ===| DONE
2017-08-22 15:46:29,154: umgr.staging.output.0.child: umgr.staging.output.0           : MainThread     : DEBUG   : push unit.000048 ===| DONE
2017-08-22 15:46:29,154: umgr.staging.output.0.child: umgr.staging.output.0           : MainThread     : DEBUG   : push unit.000049 ===| DONE
2017-08-22 15:46:29,154: umgr.staging.output.0.child: umgr.staging.output.0           : MainThread     : DEBUG   : push unit.000050 ===| DONE
2017-08-22 15:46:29,154: umgr.staging.output.0.child: umgr.staging.output.0           : MainThread     : DEBUG   : push unit.000051 ===| DONE
2017-08-22 15:46:29,154: umgr.staging.output.0.child: umgr.staging.output.0           : MainThread     : DEBUG   : push unit.000019 ===| DONE
2017-08-22 15:46:29,154: umgr.staging.output.0.child: umgr.staging.output.0           : MainThread     : DEBUG   : push unit.000018 ===| DONE
2017-08-22 15:46:29,154: umgr.staging.output.0.child: umgr.staging.output.0           : MainThread     : DEBUG   : push unit.000015 ===| DONE
2017-08-22 15:46:29,154: umgr.staging.output.0.child: umgr.staging.output.0           : MainThread     : DEBUG   : push unit.000020 ===| DONE
2017-08-22 15:46:29,154: umgr.staging.output.0.child: umgr.staging.output.0           : MainThread     : DEBUG   : push unit.000030 ===| DONE
2017-08-22 15:46:29,154: umgr.staging.output.0.child: umgr.staging.output.0           : MainThread     : DEBUG   : push unit.000021 ===| DONE
2017-08-22 15:46:29,154: umgr.staging.output.0.child: umgr.staging.output.0           : MainThread     : DEBUG   : push unit.000010 ===| DONE
2017-08-22 15:46:29,154: umgr.staging.output.0.child: umgr.staging.output.0           : MainThread     : DEBUG   : push unit.000011 ===| DONE
2017-08-22 15:46:29,154: umgr.staging.output.0.child: umgr.staging.output.0           : MainThread     : DEBUG   : push unit.000012 ===| DONE
2017-08-22 15:46:29,154: umgr.staging.output.0.child: umgr.staging.output.0           : MainThread     : DEBUG   : push unit.000013 ===| DONE
2017-08-22 15:46:29,155: umgr.staging.output.0.child: umgr.staging.output.0           : MainThread     : DEBUG   : push unit.000031 ===| DONE
2017-08-22 15:46:29,155: umgr.staging.output.0.child: umgr.staging.output.0           : MainThread     : DEBUG   : push unit.000033 ===| DONE
2017-08-22 15:46:29,155: umgr.staging.output.0.child: umgr.staging.output.0           : MainThread     : DEBUG   : push unit.000034 ===| DONE
2017-08-22 15:46:29,155: umgr.staging.output.0.child: umgr.staging.output.0           : MainThread     : DEBUG   : push unit.000014 ===| DONE
2017-08-22 15:46:29,155: umgr.staging.output.0.child: umgr.staging.output.0           : MainThread     : DEBUG   : push unit.000009 ===| DONE
2017-08-22 15:46:29,155: umgr.staging.output.0.child: umgr.staging.output.0           : MainThread     : DEBUG   : push unit.000016 ===| DONE
2017-08-22 15:46:29,155: umgr.staging.output.0.child: umgr.staging.output.0           : MainThread     : DEBUG   : push unit.000017 ===| DONE
2017-08-22 15:46:29,155: umgr.staging.output.0.child: umgr.staging.output.0           : MainThread     : DEBUG   : push unit.000029 ===| DONE
2017-08-22 15:46:29,155: umgr.staging.output.0.child: umgr.staging.output.0           : MainThread     : DEBUG   : push unit.000036 ===| DONE
2017-08-22 15:46:29,155: umgr.staging.output.0.child: umgr.staging.output.0           : MainThread     : DEBUG   : push unit.000028 ===| DONE
2017-08-22 15:46:29,155: umgr.staging.output.0.child: umgr.staging.output.0           : MainThread     : DEBUG   : push unit.000032 ===| DONE
2017-08-22 15:46:29,155: umgr.staging.output.0.child: umgr.staging.output.0           : MainThread     : DEBUG   : push unit.000035 ===| DONE
2017-08-22 15:46:29,155: umgr.staging.output.0.child: umgr.staging.output.0           : MainThread     : DEBUG   : push unit.000025 ===| DONE
2017-08-22 15:46:29,155: umgr.staging.output.0.child: umgr.staging.output.0           : MainThread     : DEBUG   : push unit.000024 ===| DONE
2017-08-22 15:46:29,155: umgr.staging.output.0.child: umgr.staging.output.0           : MainThread     : DEBUG   : push unit.000027 ===| DONE
2017-08-22 15:46:29,155: umgr.staging.output.0.child: umgr.staging.output.0           : MainThread     : DEBUG   : push unit.000008 ===| DONE
2017-08-22 15:46:29,155: umgr.staging.output.0.child: umgr.staging.output.0           : MainThread     : DEBUG   : push unit.000003 ===| DONE
2017-08-22 15:46:29,156: umgr.staging.output.0.child: umgr.staging.output.0           : MainThread     : DEBUG   : push unit.000002 ===| DONE
2017-08-22 15:46:29,156: umgr.staging.output.0.child: umgr.staging.output.0           : MainThread     : DEBUG   : push unit.000001 ===| DONE
2017-08-22 15:46:29,156: umgr.staging.output.0.child: umgr.staging.output.0           : MainThread     : DEBUG   : push unit.000000 ===| DONE
2017-08-22 15:46:29,156: umgr.staging.output.0.child: umgr.staging.output.0           : MainThread     : DEBUG   : push unit.000007 ===| DONE
2017-08-22 15:46:29,156: umgr.staging.output.0.child: umgr.staging.output.0           : MainThread     : DEBUG   : push unit.000006 ===| DONE
2017-08-22 15:46:29,156: umgr.staging.output.0.child: umgr.staging.output.0           : MainThread     : DEBUG   : push unit.000005 ===| DONE
2017-08-22 15:46:29,156: umgr.staging.output.0.child: umgr.staging.output.0           : MainThread     : DEBUG   : push unit.000023 ===| DONE
2017-08-22 15:46:29,156: umgr.staging.output.0.child: umgr.staging.output.0           : MainThread     : DEBUG   : push unit.000038 ===| DONE
2017-08-22 15:46:29,156: umgr.staging.output.0.child: umgr.staging.output.0           : MainThread     : DEBUG   : push unit.000022 ===| DONE
2017-08-22 15:46:29,156: umgr.staging.output.0.child: umgr.staging.output.0           : MainThread     : DEBUG   : push unit.000004 ===| DONE
2017-08-22 15:46:40,405: umgr.staging.output.0.child: umgr.staging.output.0           : MainThread     : DEBUG   : got unit (unit.000054)
2017-08-22 15:46:40,405: umgr.staging.output.0.child: umgr.staging.output.0           : MainThread     : DEBUG   : got unit (unit.000057)
2017-08-22 15:46:40,405: umgr.staging.output.0.child: umgr.staging.output.0           : MainThread     : DEBUG   : got unit (unit.000055)
2017-08-22 15:46:40,405: umgr.staging.output.0.child: umgr.staging.output.0           : MainThread     : DEBUG   : got unit (unit.000056)
2017-08-22 15:46:40,406: umgr.staging.output.0.child: umgr.staging.output.0           : MainThread     : DEBUG   : got unit (unit.000053)
2017-08-22 15:46:40,406: umgr.staging.output.0.child: umgr.staging.output.0           : MainThread     : DEBUG   : got unit (unit.000058)
2017-08-22 15:46:40,406: umgr.staging.output.0.child: umgr.staging.output.0           : MainThread     : DEBUG   : got unit (unit.000059)
2017-08-22 15:46:40,406: umgr.staging.output.0.child: umgr.staging.output.0           : MainThread     : DEBUG   : got unit (unit.000061)
2017-08-22 15:46:40,406: umgr.staging.output.0.child: umgr.staging.output.0           : MainThread     : DEBUG   : got unit (unit.000060)
2017-08-22 15:46:40,406: umgr.staging.output.0.child: umgr.staging.output.0           : MainThread     : DEBUG   : got unit (unit.000063)
2017-08-22 15:46:40,406: umgr.staging.output.0.child: umgr.staging.output.0           : MainThread     : DEBUG   : got unit (unit.000062)
2017-08-22 15:46:40,406: umgr.staging.output.0.child: umgr.staging.output.0           : MainThread     : DEBUG   : advance bulk size: 11 [False, True]
2017-08-22 15:46:40,406: umgr.staging.output.0.child: umgr.staging.output.0           : MainThread     : DEBUG   : advance bulk: unit.000054 [11]
2017-08-22 15:46:40,407: umgr.staging.output.0.child: umgr.staging.output.0           : MainThread     : DEBUG   : advance bulk: unit.000057 [11]
2017-08-22 15:46:40,407: umgr.staging.output.0.child: umgr.staging.output.0           : MainThread     : DEBUG   : advance bulk: unit.000055 [11]
2017-08-22 15:46:40,407: umgr.staging.output.0.child: umgr.staging.output.0           : MainThread     : DEBUG   : advance bulk: unit.000056 [11]
2017-08-22 15:46:40,407: umgr.staging.output.0.child: umgr.staging.output.0           : MainThread     : DEBUG   : advance bulk: unit.000053 [11]
2017-08-22 15:46:40,407: umgr.staging.output.0.child: umgr.staging.output.0           : MainThread     : DEBUG   : advance bulk: unit.000058 [11]
2017-08-22 15:46:40,407: umgr.staging.output.0.child: umgr.staging.output.0           : MainThread     : DEBUG   : advance bulk: unit.000059 [11]
2017-08-22 15:46:40,407: umgr.staging.output.0.child: umgr.staging.output.0           : MainThread     : DEBUG   : advance bulk: unit.000061 [11]
2017-08-22 15:46:40,407: umgr.staging.output.0.child: umgr.staging.output.0           : MainThread     : DEBUG   : advance bulk: unit.000060 [11]
2017-08-22 15:46:40,407: umgr.staging.output.0.child: umgr.staging.output.0           : MainThread     : DEBUG   : advance bulk: unit.000063 [11]
2017-08-22 15:46:40,407: umgr.staging.output.0.child: umgr.staging.output.0           : MainThread     : DEBUG   : advance bulk: unit.000062 [11]
2017-08-22 15:46:40,408: umgr.staging.output.0.child: umgr.staging.output.0           : MainThread     : DEBUG   : advance bulk size: 11 [True, True]
2017-08-22 15:46:40,408: umgr.staging.output.0.child: umgr.staging.output.0           : MainThread     : DEBUG   : advance bulk: unit.000054 [11]
2017-08-22 15:46:40,408: umgr.staging.output.0.child: umgr.staging.output.0           : MainThread     : DEBUG   : advance bulk: unit.000057 [11]
2017-08-22 15:46:40,408: umgr.staging.output.0.child: umgr.staging.output.0           : MainThread     : DEBUG   : advance bulk: unit.000055 [11]
2017-08-22 15:46:40,408: umgr.staging.output.0.child: umgr.staging.output.0           : MainThread     : DEBUG   : advance bulk: unit.000056 [11]
2017-08-22 15:46:40,408: umgr.staging.output.0.child: umgr.staging.output.0           : MainThread     : DEBUG   : advance bulk: unit.000053 [11]
2017-08-22 15:46:40,408: umgr.staging.output.0.child: umgr.staging.output.0           : MainThread     : DEBUG   : advance bulk: unit.000058 [11]
2017-08-22 15:46:40,408: umgr.staging.output.0.child: umgr.staging.output.0           : MainThread     : DEBUG   : advance bulk: unit.000059 [11]
2017-08-22 15:46:40,408: umgr.staging.output.0.child: umgr.staging.output.0           : MainThread     : DEBUG   : advance bulk: unit.000061 [11]
2017-08-22 15:46:40,409: umgr.staging.output.0.child: umgr.staging.output.0           : MainThread     : DEBUG   : advance bulk: unit.000060 [11]
2017-08-22 15:46:40,409: umgr.staging.output.0.child: umgr.staging.output.0           : MainThread     : DEBUG   : advance bulk: unit.000063 [11]
2017-08-22 15:46:40,409: umgr.staging.output.0.child: umgr.staging.output.0           : MainThread     : DEBUG   : advance bulk: unit.000062 [11]
2017-08-22 15:46:40,409: umgr.staging.output.0.child: umgr.staging.output.0           : MainThread     : DEBUG   : bucket: DONE : ['unit.000054', 'unit.000057', 'unit.000055', 'unit.000056', 'unit.000053', 'unit.000058', 'unit.000059', 'unit.000061', 'unit.000060', 'unit.000063', 'unit.000062']
2017-08-22 15:46:40,409: umgr.staging.output.0.child: umgr.staging.output.0           : MainThread     : DEBUG   : push unit.000054 ===| DONE
2017-08-22 15:46:40,409: umgr.staging.output.0.child: umgr.staging.output.0           : MainThread     : DEBUG   : push unit.000057 ===| DONE
2017-08-22 15:46:40,409: umgr.staging.output.0.child: umgr.staging.output.0           : MainThread     : DEBUG   : push unit.000055 ===| DONE
2017-08-22 15:46:40,409: umgr.staging.output.0.child: umgr.staging.output.0           : MainThread     : DEBUG   : push unit.000056 ===| DONE
2017-08-22 15:46:40,410: umgr.staging.output.0.child: umgr.staging.output.0           : MainThread     : DEBUG   : push unit.000053 ===| DONE
2017-08-22 15:46:40,410: umgr.staging.output.0.child: umgr.staging.output.0           : MainThread     : DEBUG   : push unit.000058 ===| DONE
2017-08-22 15:46:40,410: umgr.staging.output.0.child: umgr.staging.output.0           : MainThread     : DEBUG   : push unit.000059 ===| DONE
2017-08-22 15:46:40,410: umgr.staging.output.0.child: umgr.staging.output.0           : MainThread     : DEBUG   : push unit.000061 ===| DONE
2017-08-22 15:46:40,410: umgr.staging.output.0.child: umgr.staging.output.0           : MainThread     : DEBUG   : push unit.000060 ===| DONE
2017-08-22 15:46:40,410: umgr.staging.output.0.child: umgr.staging.output.0           : MainThread     : DEBUG   : push unit.000063 ===| DONE
2017-08-22 15:46:40,410: umgr.staging.output.0.child: umgr.staging.output.0           : MainThread     : DEBUG   : push unit.000062 ===| DONE
2017-08-22 15:46:45,416: umgr.staging.output.0.child: umgr.staging.output.0           : MainThread     : DEBUG   : ru_finalize_common()
2017-08-22 15:46:45,416: umgr.staging.output.0.child: umgr.staging.output.0           : MainThread     : DEBUG   : TERM : umgr.staging.output.0.child unregister publisher log_pubsub
2017-08-22 15:46:45,417: umgr.staging.output.0.child: umgr.staging.output.0           : MainThread     : DEBUG   : unregistered publisher log_pubsub
2017-08-22 15:46:45,418: umgr.staging.output.0.child: umgr.staging.output.0           : MainThread     : DEBUG   : TERM : umgr.staging.output.0.child unregister publisher state_pubsub
2017-08-22 15:46:45,418: umgr.staging.output.0.child: umgr.staging.output.0           : MainThread     : DEBUG   : unregistered publisher state_pubsub
2017-08-22 15:46:45,419: umgr.staging.output.0.child: umgr.staging.output.0           : MainThread     : DEBUG   : TERM : umgr.staging.output.0.child unregister publisher control_pubsub
2017-08-22 15:46:45,419: umgr.staging.output.0.child: umgr.staging.output.0           : MainThread     : DEBUG   : unregistered publisher control_pubsub
2017-08-22 15:46:45,419: umgr.staging.output.0.child: umgr.staging.output.0           : MainThread     : DEBUG   : umgr.staging.output.0.child close prof
2017-08-22 15:46:45,420: umgr.staging.output.0.child: umgr.staging.output.0           : MainThread     : INFO    : send message: [umgr.staging.output.0.child] terminating
2017-08-22 15:46:45,491: umgr.staging.output.0.child: umgr.staging.output.0           : umgr.staging.output.0.child.watch: INFO    : watcher closes
2017-08-22 15:46:45,492: umgr.staging.output.0.child: umgr.staging.output.0           : umgr.staging.output.0.child.watch: INFO    : put message: [umgr.staging.output.0.child.watch.thread] work finished
2017-08-22 15:46:45,492: umgr.staging.output.0.child: umgr.staging.output.0           : umgr.staging.output.0.child.watch: DEBUG   : ru_finalize_child (NOOP)
2017-08-22 15:46:45,492: umgr.staging.output.0.child: umgr.staging.output.0           : umgr.staging.output.0.child.watch: DEBUG   : ru_finalize_common (NOOP)
2017-08-22 15:46:45,492: umgr.staging.output.0.child: umgr.staging.output.0           : umgr.staging.output.0.child.watch: INFO    : put message: [umgr.staging.output.0.child.watch.thread] terminating
2017-08-22 15:46:45,520: umgr.staging.output.0.child: umgr.staging.output.0           : MainThread     : INFO    : parent stops child
2017-08-22 15:46:45,520: umgr.staging.output.0.child: umgr.staging.output.0           : MainThread     : DEBUG   : ru_finalize_parent (NOOP)
2017-08-22 15:46:45,521: umgr.staging.output.0.child: umgr.staging.output.0           : umgr.staging.output.0.child.subscriber._cancel_monitor_cb: ERROR   : abort: ZMQError('Socket operation on non-socket')
Traceback (most recent call last):
  File "/home/vivek91/ves/entk-exp/local/lib/python2.7/site-packages/radical/utils/threads.py", line 375, in _run
    if not self.work_cb():
  File "/home/vivek91/ves/entk-exp/local/lib/python2.7/site-packages/radical/pilot/utils/component.py", line 1088, in work_cb
    topic, msg = self._q.get_nowait(500)  # timout in ms
  File "/home/vivek91/ves/entk-exp/local/lib/python2.7/site-packages/radical/pilot/utils/pubsub.py", line 352, in get_nowait
    if _uninterruptible(self._q.poll, flags=zmq.POLLIN, timeout=timeout):
  File "/home/vivek91/ves/entk-exp/local/lib/python2.7/site-packages/radical/pilot/utils/pubsub.py", line 50, in _uninterruptible
    return f(*args, **kwargs)
  File "/home/vivek91/ves/entk-exp/local/lib/python2.7/site-packages/zmq/sugar/socket.py", line 558, in poll
    evts = dict(p.poll(timeout))
  File "/home/vivek91/ves/entk-exp/local/lib/python2.7/site-packages/zmq/sugar/poll.py", line 99, in poll
    return zmq_poll(self.sockets, timeout=timeout)
  File "zmq/backend/cython/_poll.pyx", line 123, in zmq.backend.cython._poll.zmq_poll (zmq/backend/cython/_poll.c:2186)
  File "zmq/backend/cython/_poll.pyx", line 116, in zmq.backend.cython._poll.zmq_poll (zmq/backend/cython/_poll.c:2036)
  File "zmq/backend/cython/checkrc.pxd", line 25, in zmq.backend.cython.checkrc._check_rc (zmq/backend/cython/_poll.c:2811)
    raise ZMQError(errno)
ZMQError: Socket operation on non-socket
2017-08-22 15:46:45,523: umgr.staging.output.0.child: umgr.staging.output.0           : umgr.staging.output.0.child.subscriber._cancel_monitor_cb: INFO    : put message: [umgr.staging.output.0.child.subscriber._cancel_monitor_cb.thread] ZMQError('Socket operation on non-socket')
2017-08-22 15:46:45,523: umgr.staging.output.0.child: umgr.staging.output.0           : umgr.staging.output.0.child.subscriber._cancel_monitor_cb: DEBUG   : ru_finalize_child (NOOP)
2017-08-22 15:46:45,523: umgr.staging.output.0.child: umgr.staging.output.0           : umgr.staging.output.0.child.subscriber._cancel_monitor_cb: INFO    : put message: [umgr.staging.output.0.child.subscriber._cancel_monitor_cb.thread] terminating
