2017-09-08 13:40:11,089: control.pubsub.pub.0001: pmgr.launching.0                : MainThread     : INFO    : python.interpreter   version: 2.7.12 (default, Nov 19 2016, 06:48:10) [GCC 5.4.0 20160609]
2017-09-08 13:40:11,089: control.pubsub.pub.0001: pmgr.launching.0                : MainThread     : INFO    :                      pid: 13200
2017-09-08 13:40:11,089: control.pubsub.pub.0001: pmgr.launching.0                : MainThread     : INFO    :                      tid: MainThread
2017-09-08 13:40:11,089: control.pubsub.pub.0001: pmgr.launching.0                : MainThread     : INFO    : radical.pilot        version: 0.46-v0.46.RC2@devel
2017-09-08 13:40:11,090: control.pubsub.pub.0001: pmgr.launching.0                : MainThread     : INFO    : create control_pubsub - pub - tcp://172.30.238.6:43356
2017-09-08 13:40:11,090: control.pubsub.pub.0001: pmgr.launching.0                : MainThread     : DEBUG   : start process
2017-09-08 13:40:11,090: control.pubsub.pub.0001: pmgr.launching.0                : MainThread     : DEBUG   : ru_initialize_common (NOOP)
2017-09-08 13:40:11,090: control.pubsub.pub.0001: pmgr.launching.0                : MainThread     : DEBUG   : ru_initialize_parent (NOOP)
2017-09-08 13:40:11,091: control.pubsub.pub.0001: pmgr.launching.0                : MainThread     : DEBUG   : process class started (no child)
2017-09-08 13:40:11,148: control.pubsub.pub.0001: MainProcess                     : MainThread     : INFO    : python.interpreter   version: 2.7.12 (default, Nov 19 2016, 06:48:10) [GCC 5.4.0 20160609]
2017-09-08 13:40:11,149: control.pubsub.pub.0001: MainProcess                     : MainThread     : INFO    :                      pid: 13089
2017-09-08 13:40:11,149: control.pubsub.pub.0001: MainProcess                     : MainThread     : INFO    :                      tid: MainThread
2017-09-08 13:40:11,149: control.pubsub.pub.0001: MainProcess                     : MainThread     : INFO    : radical.pilot        version: 0.46-v0.46.RC2@devel
2017-09-08 13:40:11,149: control.pubsub.pub.0001: MainProcess                     : MainThread     : INFO    : create control_pubsub - pub - tcp://172.30.238.6:43356
2017-09-08 13:40:11,150: control.pubsub.pub.0001: MainProcess                     : MainThread     : DEBUG   : start process
2017-09-08 13:40:11,150: control.pubsub.pub.0001: MainProcess                     : MainThread     : DEBUG   : ru_initialize_common (NOOP)
2017-09-08 13:40:11,150: control.pubsub.pub.0001: MainProcess                     : MainThread     : DEBUG   : ru_initialize_parent (NOOP)
2017-09-08 13:40:11,150: control.pubsub.pub.0001: MainProcess                     : MainThread     : DEBUG   : process class started (no child)
2017-09-08 13:44:01,539: control.pubsub.pub.0001: MainProcess                     : MainThread     : INFO    : parent stops child
2017-09-08 13:44:01,539: control.pubsub.pub.0001: MainProcess                     : MainThread     : DEBUG   : ru_finalize_parent (NOOP)
