2017-09-08 12:07:18,472: control.pubsub.pub.0000: update.0                        : MainThread     : INFO    : python.interpreter   version: 2.7.12 (default, Nov 19 2016, 06:48:10) [GCC 5.4.0 20160609]
2017-09-08 12:07:18,473: control.pubsub.pub.0000: update.0                        : MainThread     : INFO    :                      pid: 25062
2017-09-08 12:07:18,473: control.pubsub.pub.0000: update.0                        : MainThread     : INFO    :                      tid: MainThread
2017-09-08 12:07:18,473: control.pubsub.pub.0000: update.0                        : MainThread     : INFO    : radical.pilot        version: 0.46-v0.46.RC2@devel
2017-09-08 12:07:18,473: control.pubsub.pub.0000: update.0                        : MainThread     : INFO    : create control_pubsub - pub - tcp://172.30.238.6:37503
2017-09-08 12:07:18,496: control.pubsub.pub.0000: update.0                        : MainThread     : DEBUG   : start process
2017-09-08 12:07:18,497: control.pubsub.pub.0000: update.0                        : MainThread     : DEBUG   : ru_initialize_common (NOOP)
2017-09-08 12:07:18,497: control.pubsub.pub.0000: update.0                        : MainThread     : DEBUG   : ru_initialize_parent (NOOP)
2017-09-08 12:07:18,497: control.pubsub.pub.0000: update.0                        : MainThread     : DEBUG   : process class started (no child)
2017-09-08 12:07:18,811: control.pubsub.pub.0000: MainProcess                     : MainThread     : INFO    : python.interpreter   version: 2.7.12 (default, Nov 19 2016, 06:48:10) [GCC 5.4.0 20160609]
2017-09-08 12:07:18,812: control.pubsub.pub.0000: MainProcess                     : MainThread     : INFO    :                      pid: 24987
2017-09-08 12:07:18,812: control.pubsub.pub.0000: MainProcess                     : MainThread     : INFO    :                      tid: MainThread
2017-09-08 12:07:18,813: control.pubsub.pub.0000: MainProcess                     : MainThread     : INFO    : radical.pilot        version: 0.46-v0.46.RC2@devel
2017-09-08 12:07:18,813: control.pubsub.pub.0000: MainProcess                     : MainThread     : INFO    : create control_pubsub - pub - tcp://172.30.238.6:37503
2017-09-08 12:07:18,828: control.pubsub.pub.0000: MainProcess                     : MainThread     : DEBUG   : start process
2017-09-08 12:07:18,828: control.pubsub.pub.0000: MainProcess                     : MainThread     : DEBUG   : ru_initialize_common (NOOP)
2017-09-08 12:07:18,829: control.pubsub.pub.0000: MainProcess                     : MainThread     : DEBUG   : ru_initialize_parent (NOOP)
2017-09-08 12:07:18,829: control.pubsub.pub.0000: MainProcess                     : MainThread     : DEBUG   : process class started (no child)
2017-09-08 12:11:37,594: control.pubsub.pub.0000: MainProcess                     : MainThread     : INFO    : parent stops child
2017-09-08 12:11:37,594: control.pubsub.pub.0000: MainProcess                     : MainThread     : DEBUG   : ru_finalize_parent (NOOP)
