2017-09-08 12:07:14,497: rp.session.js-17-212.jetstream-cloud.org.vivek91.017417.0017: MainProcess                     : MainThread     : INFO    : python.interpreter   version: 2.7.12 (default, Nov 19 2016, 06:48:10) [GCC 5.4.0 20160609]
2017-09-08 12:07:14,497: rp.session.js-17-212.jetstream-cloud.org.vivek91.017417.0017: MainProcess                     : MainThread     : INFO    :                      pid: 24987
2017-09-08 12:07:14,497: rp.session.js-17-212.jetstream-cloud.org.vivek91.017417.0017: MainProcess                     : MainThread     : INFO    :                      tid: MainThread
2017-09-08 12:07:14,498: rp.session.js-17-212.jetstream-cloud.org.vivek91.017417.0017: MainProcess                     : MainThread     : INFO    : radical.pilot        version: 0.46-v0.46.RC2@devel
2017-09-08 12:07:14,498: rp.session.js-17-212.jetstream-cloud.org.vivek91.017417.0017: MainProcess                     : MainThread     : INFO    : using database mongodb://user:user@ds153652.mlab.com:53652/test_08_08
2017-09-08 12:07:15,530: rp.session.js-17-212.jetstream-cloud.org.vivek91.017417.0017: MainProcess                     : MainThread     : INFO    : Load resource configurations from /home/vivek91/ves/entk-exp/local/lib/python2.7/site-packages/radical/pilot/configs/resource_ncsa.json
2017-09-08 12:07:15,543: rp.session.js-17-212.jetstream-cloud.org.vivek91.017417.0017: MainProcess                     : MainThread     : INFO    : Load resource configurations for ncsa.bw_orte
2017-09-08 12:07:15,544: rp.session.js-17-212.jetstream-cloud.org.vivek91.017417.0017: MainProcess                     : MainThread     : INFO    : Load resource configurations for ncsa.bw_ccm_ssh
2017-09-08 12:07:15,544: rp.session.js-17-212.jetstream-cloud.org.vivek91.017417.0017: MainProcess                     : MainThread     : INFO    : Load resource configurations for ncsa.bw_ortelib
2017-09-08 12:07:15,545: rp.session.js-17-212.jetstream-cloud.org.vivek91.017417.0017: MainProcess                     : MainThread     : INFO    : Load resource configurations for ncsa.bw_aprun
2017-09-08 12:07:15,546: rp.session.js-17-212.jetstream-cloud.org.vivek91.017417.0017: MainProcess                     : MainThread     : INFO    : Load resource configurations for ncsa.bw_local_orte
2017-09-08 12:07:15,546: rp.session.js-17-212.jetstream-cloud.org.vivek91.017417.0017: MainProcess                     : MainThread     : INFO    : Load resource configurations from /home/vivek91/ves/entk-exp/local/lib/python2.7/site-packages/radical/pilot/configs/resource_iu.json
2017-09-08 12:07:15,551: rp.session.js-17-212.jetstream-cloud.org.vivek91.017417.0017: MainProcess                     : MainThread     : INFO    : Load resource configurations for iu.bigred2_ccm_ssh
2017-09-08 12:07:15,552: rp.session.js-17-212.jetstream-cloud.org.vivek91.017417.0017: MainProcess                     : MainThread     : INFO    : Load resource configurations for iu.bigred2_aprun
2017-09-08 12:07:15,552: rp.session.js-17-212.jetstream-cloud.org.vivek91.017417.0017: MainProcess                     : MainThread     : INFO    : Load resource configurations from /home/vivek91/ves/entk-exp/local/lib/python2.7/site-packages/radical/pilot/configs/resource_osg.json
2017-09-08 12:07:15,557: rp.session.js-17-212.jetstream-cloud.org.vivek91.017417.0017: MainProcess                     : MainThread     : INFO    : Load resource configurations for osg.xsede-virt-clust
2017-09-08 12:07:15,558: rp.session.js-17-212.jetstream-cloud.org.vivek91.017417.0017: MainProcess                     : MainThread     : INFO    : Load resource configurations for osg.connect
2017-09-08 12:07:15,558: rp.session.js-17-212.jetstream-cloud.org.vivek91.017417.0017: MainProcess                     : MainThread     : INFO    : Load resource configurations from /home/vivek91/ves/entk-exp/local/lib/python2.7/site-packages/radical/pilot/configs/resource_yale.json
2017-09-08 12:07:15,561: rp.session.js-17-212.jetstream-cloud.org.vivek91.017417.0017: MainProcess                     : MainThread     : INFO    : Load resource configurations for yale.grace_ssh
2017-09-08 12:07:15,561: rp.session.js-17-212.jetstream-cloud.org.vivek91.017417.0017: MainProcess                     : MainThread     : INFO    : Load resource configurations from /home/vivek91/ves/entk-exp/local/lib/python2.7/site-packages/radical/pilot/configs/resource_lumc.json
2017-09-08 12:07:15,565: rp.session.js-17-212.jetstream-cloud.org.vivek91.017417.0017: MainProcess                     : MainThread     : INFO    : Load resource configurations for lumc.gb-ui_ssh
2017-09-08 12:07:15,566: rp.session.js-17-212.jetstream-cloud.org.vivek91.017417.0017: MainProcess                     : MainThread     : INFO    : Load resource configurations for lumc.shark_ssh
2017-09-08 12:07:15,566: rp.session.js-17-212.jetstream-cloud.org.vivek91.017417.0017: MainProcess                     : MainThread     : INFO    : Load resource configurations from /home/vivek91/ves/entk-exp/local/lib/python2.7/site-packages/radical/pilot/configs/resource_ornl.json
2017-09-08 12:07:15,573: rp.session.js-17-212.jetstream-cloud.org.vivek91.017417.0017: MainProcess                     : MainThread     : INFO    : Load resource configurations for ornl.titan_orte
2017-09-08 12:07:15,574: rp.session.js-17-212.jetstream-cloud.org.vivek91.017417.0017: MainProcess                     : MainThread     : INFO    : Load resource configurations for ornl.titan_aprun
2017-09-08 12:07:15,574: rp.session.js-17-212.jetstream-cloud.org.vivek91.017417.0017: MainProcess                     : MainThread     : INFO    : Load resource configurations for ornl.titan_ortelib
2017-09-08 12:07:15,575: rp.session.js-17-212.jetstream-cloud.org.vivek91.017417.0017: MainProcess                     : MainThread     : INFO    : Load resource configurations from /home/vivek91/ves/entk-exp/local/lib/python2.7/site-packages/radical/pilot/configs/resource_stfc.json
2017-09-08 12:07:15,577: rp.session.js-17-212.jetstream-cloud.org.vivek91.017417.0017: MainProcess                     : MainThread     : INFO    : Load resource configurations for stfc.joule_runjob
2017-09-08 12:07:15,577: rp.session.js-17-212.jetstream-cloud.org.vivek91.017417.0017: MainProcess                     : MainThread     : INFO    : Load resource configurations from /home/vivek91/ves/entk-exp/local/lib/python2.7/site-packages/radical/pilot/configs/resource_radical.json
2017-09-08 12:07:15,583: rp.session.js-17-212.jetstream-cloud.org.vivek91.017417.0017: MainProcess                     : MainThread     : INFO    : Load resource configurations for radical.two
2017-09-08 12:07:15,583: rp.session.js-17-212.jetstream-cloud.org.vivek91.017417.0017: MainProcess                     : MainThread     : INFO    : Load resource configurations for radical.tutorial
2017-09-08 12:07:15,584: rp.session.js-17-212.jetstream-cloud.org.vivek91.017417.0017: MainProcess                     : MainThread     : INFO    : Load resource configurations for radical.one
2017-09-08 12:07:15,584: rp.session.js-17-212.jetstream-cloud.org.vivek91.017417.0017: MainProcess                     : MainThread     : INFO    : Load resource configurations from /home/vivek91/ves/entk-exp/local/lib/python2.7/site-packages/radical/pilot/configs/resource_das4.json
2017-09-08 12:07:15,586: rp.session.js-17-212.jetstream-cloud.org.vivek91.017417.0017: MainProcess                     : MainThread     : INFO    : Load resource configurations for das4.fs2_ssh
2017-09-08 12:07:15,586: rp.session.js-17-212.jetstream-cloud.org.vivek91.017417.0017: MainProcess                     : MainThread     : INFO    : Load resource configurations from /home/vivek91/ves/entk-exp/local/lib/python2.7/site-packages/radical/pilot/configs/resource_nersc.json
2017-09-08 12:07:15,597: rp.session.js-17-212.jetstream-cloud.org.vivek91.017417.0017: MainProcess                     : MainThread     : INFO    : Load resource configurations for nersc.edison_ccm_ssh
2017-09-08 12:07:15,598: rp.session.js-17-212.jetstream-cloud.org.vivek91.017417.0017: MainProcess                     : MainThread     : INFO    : Load resource configurations for nersc.hopper_orte
2017-09-08 12:07:15,598: rp.session.js-17-212.jetstream-cloud.org.vivek91.017417.0017: MainProcess                     : MainThread     : INFO    : Load resource configurations for nersc.hopper_ccm_ssh
2017-09-08 12:07:15,599: rp.session.js-17-212.jetstream-cloud.org.vivek91.017417.0017: MainProcess                     : MainThread     : INFO    : Load resource configurations for nersc.edison_aprun
2017-09-08 12:07:15,599: rp.session.js-17-212.jetstream-cloud.org.vivek91.017417.0017: MainProcess                     : MainThread     : INFO    : Load resource configurations for nersc.hopper_aprun
2017-09-08 12:07:15,600: rp.session.js-17-212.jetstream-cloud.org.vivek91.017417.0017: MainProcess                     : MainThread     : INFO    : Load resource configurations for nersc.edison_orte
2017-09-08 12:07:15,600: rp.session.js-17-212.jetstream-cloud.org.vivek91.017417.0017: MainProcess                     : MainThread     : INFO    : Load resource configurations from /home/vivek91/ves/entk-exp/local/lib/python2.7/site-packages/radical/pilot/configs/resource_xsede.json
2017-09-08 12:07:15,633: rp.session.js-17-212.jetstream-cloud.org.vivek91.017417.0017: MainProcess                     : MainThread     : INFO    : Load resource configurations for xsede.stampede2_ssh
2017-09-08 12:07:15,633: rp.session.js-17-212.jetstream-cloud.org.vivek91.017417.0017: MainProcess                     : MainThread     : INFO    : Load resource configurations for xsede.wrangler_spark
2017-09-08 12:07:15,633: rp.session.js-17-212.jetstream-cloud.org.vivek91.017417.0017: MainProcess                     : MainThread     : INFO    : Load resource configurations for xsede.stampede_yarn
2017-09-08 12:07:15,634: rp.session.js-17-212.jetstream-cloud.org.vivek91.017417.0017: MainProcess                     : MainThread     : INFO    : Load resource configurations for xsede.gordon_ssh
2017-09-08 12:07:15,634: rp.session.js-17-212.jetstream-cloud.org.vivek91.017417.0017: MainProcess                     : MainThread     : INFO    : Load resource configurations for xsede.stampede_ssh
2017-09-08 12:07:15,635: rp.session.js-17-212.jetstream-cloud.org.vivek91.017417.0017: MainProcess                     : MainThread     : INFO    : Load resource configurations for xsede.lonestar_ssh
2017-09-08 12:07:15,635: rp.session.js-17-212.jetstream-cloud.org.vivek91.017417.0017: MainProcess                     : MainThread     : INFO    : Load resource configurations for xsede.supermic_spark
2017-09-08 12:07:15,635: rp.session.js-17-212.jetstream-cloud.org.vivek91.017417.0017: MainProcess                     : MainThread     : INFO    : Load resource configurations for xsede.wrangler_ssh
2017-09-08 12:07:15,636: rp.session.js-17-212.jetstream-cloud.org.vivek91.017417.0017: MainProcess                     : MainThread     : INFO    : Load resource configurations for xsede.wrangler_yarn
2017-09-08 12:07:15,636: rp.session.js-17-212.jetstream-cloud.org.vivek91.017417.0017: MainProcess                     : MainThread     : INFO    : Load resource configurations for xsede.bridges
2017-09-08 12:07:15,636: rp.session.js-17-212.jetstream-cloud.org.vivek91.017417.0017: MainProcess                     : MainThread     : INFO    : Load resource configurations for xsede.supermic_ssh
2017-09-08 12:07:15,637: rp.session.js-17-212.jetstream-cloud.org.vivek91.017417.0017: MainProcess                     : MainThread     : INFO    : Load resource configurations for xsede.stampede_orte
2017-09-08 12:07:15,637: rp.session.js-17-212.jetstream-cloud.org.vivek91.017417.0017: MainProcess                     : MainThread     : INFO    : Load resource configurations for xsede.greenfield
2017-09-08 12:07:15,638: rp.session.js-17-212.jetstream-cloud.org.vivek91.017417.0017: MainProcess                     : MainThread     : INFO    : Load resource configurations for xsede.comet_spark
2017-09-08 12:07:15,638: rp.session.js-17-212.jetstream-cloud.org.vivek91.017417.0017: MainProcess                     : MainThread     : INFO    : Load resource configurations for xsede.trestles_ssh
2017-09-08 12:07:15,638: rp.session.js-17-212.jetstream-cloud.org.vivek91.017417.0017: MainProcess                     : MainThread     : INFO    : Load resource configurations for xsede.comet_ssh
2017-09-08 12:07:15,639: rp.session.js-17-212.jetstream-cloud.org.vivek91.017417.0017: MainProcess                     : MainThread     : INFO    : Load resource configurations for xsede.stampede_spark
2017-09-08 12:07:15,639: rp.session.js-17-212.jetstream-cloud.org.vivek91.017417.0017: MainProcess                     : MainThread     : INFO    : Load resource configurations for xsede.comet_orte
2017-09-08 12:07:15,639: rp.session.js-17-212.jetstream-cloud.org.vivek91.017417.0017: MainProcess                     : MainThread     : INFO    : Load resource configurations for xsede.comet_ortelib
2017-09-08 12:07:15,640: rp.session.js-17-212.jetstream-cloud.org.vivek91.017417.0017: MainProcess                     : MainThread     : INFO    : Load resource configurations for xsede.blacklight_ssh
2017-09-08 12:07:15,640: rp.session.js-17-212.jetstream-cloud.org.vivek91.017417.0017: MainProcess                     : MainThread     : INFO    : Load resource configurations for xsede.stampede_ortelib
2017-09-08 12:07:15,641: rp.session.js-17-212.jetstream-cloud.org.vivek91.017417.0017: MainProcess                     : MainThread     : INFO    : Load resource configurations from /home/vivek91/ves/entk-exp/local/lib/python2.7/site-packages/radical/pilot/configs/resource_chameleon.json
2017-09-08 12:07:15,642: rp.session.js-17-212.jetstream-cloud.org.vivek91.017417.0017: MainProcess                     : MainThread     : INFO    : Load resource configurations for chameleon.cloud_vm_yarn
2017-09-08 12:07:15,642: rp.session.js-17-212.jetstream-cloud.org.vivek91.017417.0017: MainProcess                     : MainThread     : INFO    : Load resource configurations from /home/vivek91/ves/entk-exp/local/lib/python2.7/site-packages/radical/pilot/configs/resource_epsrc.json
2017-09-08 12:07:15,645: rp.session.js-17-212.jetstream-cloud.org.vivek91.017417.0017: MainProcess                     : MainThread     : INFO    : Load resource configurations for epsrc.archer_orte
2017-09-08 12:07:15,646: rp.session.js-17-212.jetstream-cloud.org.vivek91.017417.0017: MainProcess                     : MainThread     : INFO    : Load resource configurations for epsrc.archer_aprun
2017-09-08 12:07:15,646: rp.session.js-17-212.jetstream-cloud.org.vivek91.017417.0017: MainProcess                     : MainThread     : INFO    : Load resource configurations from /home/vivek91/ves/entk-exp/local/lib/python2.7/site-packages/radical/pilot/configs/resource_futuregrid.json
2017-09-08 12:07:15,653: rp.session.js-17-212.jetstream-cloud.org.vivek91.017417.0017: MainProcess                     : MainThread     : INFO    : Load resource configurations for futuregrid.delta_ssh
2017-09-08 12:07:15,653: rp.session.js-17-212.jetstream-cloud.org.vivek91.017417.0017: MainProcess                     : MainThread     : INFO    : Load resource configurations for futuregrid.india_ssh
2017-09-08 12:07:15,653: rp.session.js-17-212.jetstream-cloud.org.vivek91.017417.0017: MainProcess                     : MainThread     : INFO    : Load resource configurations for futuregrid.echo_ssh
2017-09-08 12:07:15,654: rp.session.js-17-212.jetstream-cloud.org.vivek91.017417.0017: MainProcess                     : MainThread     : INFO    : Load resource configurations for futuregrid.xray_ccm
2017-09-08 12:07:15,654: rp.session.js-17-212.jetstream-cloud.org.vivek91.017417.0017: MainProcess                     : MainThread     : INFO    : Load resource configurations for futuregrid.bravo_ssh
2017-09-08 12:07:15,654: rp.session.js-17-212.jetstream-cloud.org.vivek91.017417.0017: MainProcess                     : MainThread     : INFO    : Load resource configurations for futuregrid.xray_aprun
2017-09-08 12:07:15,655: rp.session.js-17-212.jetstream-cloud.org.vivek91.017417.0017: MainProcess                     : MainThread     : INFO    : Load resource configurations from /home/vivek91/ves/entk-exp/local/lib/python2.7/site-packages/radical/pilot/configs/resource_local.json
2017-09-08 12:07:15,662: rp.session.js-17-212.jetstream-cloud.org.vivek91.017417.0017: MainProcess                     : MainThread     : INFO    : Load resource configurations for local.localhost_orte
2017-09-08 12:07:15,663: rp.session.js-17-212.jetstream-cloud.org.vivek91.017417.0017: MainProcess                     : MainThread     : INFO    : Load resource configurations for local.localhost_anaconda
2017-09-08 12:07:15,663: rp.session.js-17-212.jetstream-cloud.org.vivek91.017417.0017: MainProcess                     : MainThread     : INFO    : Load resource configurations for local.localhost_ortelib
2017-09-08 12:07:15,663: rp.session.js-17-212.jetstream-cloud.org.vivek91.017417.0017: MainProcess                     : MainThread     : INFO    : Load resource configurations for local.localhost
2017-09-08 12:07:15,663: rp.session.js-17-212.jetstream-cloud.org.vivek91.017417.0017: MainProcess                     : MainThread     : INFO    : Load resource configurations for local.localhost_spark
2017-09-08 12:07:15,664: rp.session.js-17-212.jetstream-cloud.org.vivek91.017417.0017: MainProcess                     : MainThread     : INFO    : Load resource configurations for local.localhost_spark_anaconda
2017-09-08 12:07:15,664: rp.session.js-17-212.jetstream-cloud.org.vivek91.017417.0017: MainProcess                     : MainThread     : INFO    : Load resource configurations for local.localhost_yarn
2017-09-08 12:07:15,664: rp.session.js-17-212.jetstream-cloud.org.vivek91.017417.0017: MainProcess                     : MainThread     : INFO    : Load resource configurations from /home/vivek91/ves/entk-exp/local/lib/python2.7/site-packages/radical/pilot/configs/resource_aliases.json
2017-09-08 12:07:15,665: rp.session.js-17-212.jetstream-cloud.org.vivek91.017417.0017: MainProcess                     : MainThread     : INFO    : Load resource configurations from /home/vivek91/ves/entk-exp/local/lib/python2.7/site-packages/radical/pilot/configs/resource_lrz.json
2017-09-08 12:07:15,666: rp.session.js-17-212.jetstream-cloud.org.vivek91.017417.0017: MainProcess                     : MainThread     : INFO    : Load resource configurations for lrz.supermuc_ssh
2017-09-08 12:07:15,666: rp.session.js-17-212.jetstream-cloud.org.vivek91.017417.0017: MainProcess                     : MainThread     : INFO    : Load resource configurations from /home/vivek91/ves/entk-exp/local/lib/python2.7/site-packages/radical/pilot/configs/resource_rice.json
2017-09-08 12:07:15,669: rp.session.js-17-212.jetstream-cloud.org.vivek91.017417.0017: MainProcess                     : MainThread     : INFO    : Load resource configurations for rice.davinci_ssh
2017-09-08 12:07:15,669: rp.session.js-17-212.jetstream-cloud.org.vivek91.017417.0017: MainProcess                     : MainThread     : INFO    : Load resource configurations for rice.biou_ssh
2017-09-08 12:07:15,669: rp.session.js-17-212.jetstream-cloud.org.vivek91.017417.0017: MainProcess                     : MainThread     : INFO    : Load resource configurations from /home/vivek91/ves/entk-exp/local/lib/python2.7/site-packages/radical/pilot/configs/resource_ncar.json
2017-09-08 12:07:15,670: rp.session.js-17-212.jetstream-cloud.org.vivek91.017417.0017: MainProcess                     : MainThread     : INFO    : Load resource configurations for ncar.yellowstone_ssh
2017-09-08 12:07:15,670: rp.session.js-17-212.jetstream-cloud.org.vivek91.017417.0017: MainProcess                     : MainThread     : INFO    : Load resource configurations from /home/vivek91/ves/entk-exp/local/lib/python2.7/site-packages/radical/pilot/configs/resource_das5.json
2017-09-08 12:07:15,671: rp.session.js-17-212.jetstream-cloud.org.vivek91.017417.0017: MainProcess                     : MainThread     : INFO    : Load resource configurations for das5.fs1_ssh
2017-09-08 12:07:15,672: rp.session.js-17-212.jetstream-cloud.org.vivek91.017417.0017: MainProcess                     : MainThread     : INFO    : Load resource configurations from /home/vivek91/ves/entk-exp/local/lib/python2.7/site-packages/radical/pilot/configs/resource_fub.json
2017-09-08 12:07:15,673: rp.session.js-17-212.jetstream-cloud.org.vivek91.017417.0017: MainProcess                     : MainThread     : INFO    : Load resource configurations for fub.allegro_rsh
2017-09-08 12:07:16,202: rp.session.js-17-212.jetstream-cloud.org.vivek91.017417.0017: MainProcess                     : MainThread     : INFO    : New Session created: rp.session.js-17-212.jetstream-cloud.org.vivek91.017417.0017.
2017-09-08 12:07:16,203: rp.session.js-17-212.jetstream-cloud.org.vivek91.017417.0017: MainProcess                     : MainThread     : DEBUG   : start bridges   : {u'control_pubsub': {u'bulk_size': 0, u'log_level': u'debug', u'stall_hwm': 1},
 u'log_pubsub': {u'bulk_size': 0, u'log_level': u'debug', u'stall_hwm': 1},
 u'state_pubsub': {u'bulk_size': 0, u'log_level': u'debug', u'stall_hwm': 1}}
2017-09-08 12:07:16,204: rp.session.js-17-212.jetstream-cloud.org.vivek91.017417.0017: MainProcess                     : MainThread     : INFO    : create bridge control_pubsub
2017-09-08 12:07:16,231: rp.session.js-17-212.jetstream-cloud.org.vivek91.017417.0017: MainProcess                     : MainThread     : INFO    : created bridge control_pubsub (control.pubsub.bridge.0000)
2017-09-08 12:07:16,231: rp.session.js-17-212.jetstream-cloud.org.vivek91.017417.0017: MainProcess                     : MainThread     : INFO    : create bridge state_pubsub
2017-09-08 12:07:16,254: rp.session.js-17-212.jetstream-cloud.org.vivek91.017417.0017: MainProcess                     : MainThread     : INFO    : created bridge state_pubsub (state.pubsub.bridge.0000)
2017-09-08 12:07:16,254: rp.session.js-17-212.jetstream-cloud.org.vivek91.017417.0017: MainProcess                     : MainThread     : INFO    : create bridge log_pubsub
2017-09-08 12:07:16,278: rp.session.js-17-212.jetstream-cloud.org.vivek91.017417.0017: MainProcess                     : MainThread     : INFO    : created bridge log_pubsub (log.pubsub.bridge.0000)
2017-09-08 12:07:16,278: rp.session.js-17-212.jetstream-cloud.org.vivek91.017417.0017: MainProcess                     : MainThread     : DEBUG   : start components: {u'UpdateWorker': {u'count': 1}}
2017-09-08 12:07:16,279: rp.session.js-17-212.jetstream-cloud.org.vivek91.017417.0017: MainProcess                     : MainThread     : DEBUG   : start 1 component(s) UpdateWorker
2017-09-08 12:07:18,832: rp.session.js-17-212.jetstream-cloud.org.vivek91.017417.0017: MainProcess                     : MainThread     : INFO    : rp.session.js-17-212.jetstream-cloud.org.vivek91.017417.0017 starts update.0
2017-09-08 12:07:22,168: rp.session.js-17-212.jetstream-cloud.org.vivek91.017417.0017: MainProcess                     : MainThread     : WARNING : using alias 'xsede.supermic_ssh' for deprecated resource key 'xsede.supermic'
2017-09-08 12:07:22,169: rp.session.js-17-212.jetstream-cloud.org.vivek91.017417.0017: MainProcess                     : MainThread     : DEBUG   : rsup.PTYShell('gsissh://supermic.cct-lsu.xsede.org:2222/')
2017-09-08 12:07:25,339: rp.session.js-17-212.jetstream-cloud.org.vivek91.017417.0017: MainProcess                     : MainThread     : DEBUG   : sandbox base gsissh://supermic.cct-lsu.xsede.org:2222/: '/work/vivek91'
2017-09-08 12:07:25,490: rp.session.js-17-212.jetstream-cloud.org.vivek91.017417.0017: MainProcess                     : MainThread     : DEBUG   : bulk pilot insert result: {'nModified': 0, 'nUpserted': 0, 'nMatched': 0, 'writeErrors': [], 'upserted': [], 'writeConcernErrors': [], 'nRemoved': 0, 'nInserted': 1}
2017-09-08 12:07:25,495: rp.session.js-17-212.jetstream-cloud.org.vivek91.017417.0017: pmgr.launching.0                : MainThread     : WARNING : using alias 'xsede.supermic_ssh' for deprecated resource key 'xsede.supermic'
2017-09-08 12:07:25,500: rp.session.js-17-212.jetstream-cloud.org.vivek91.017417.0017: pmgr.launching.0                : MainThread     : WARNING : using alias 'xsede.supermic_ssh' for deprecated resource key 'xsede.supermic'
2017-09-08 12:07:25,500: rp.session.js-17-212.jetstream-cloud.org.vivek91.017417.0017: pmgr.launching.0                : MainThread     : DEBUG   : rsup.PTYShell('gsissh://supermic.cct-lsu.xsede.org:2222/')
2017-09-08 12:07:26,748: rp.session.js-17-212.jetstream-cloud.org.vivek91.017417.0017: pmgr.launching.0                : MainThread     : DEBUG   : sandbox base gsissh://supermic.cct-lsu.xsede.org:2222/: '/work/vivek91'
2017-09-08 12:08:32,386: rp.session.js-17-212.jetstream-cloud.org.vivek91.017417.0017: task-manager                    : MainThread     : DEBUG   : bulk unit insert result: {'nModified': 0, 'nUpserted': 0, 'nMatched': 0, 'writeErrors': [], 'upserted': [], 'writeConcernErrors': [], 'nRemoved': 0, 'nInserted': 1}
2017-09-08 12:08:32,499: rp.session.js-17-212.jetstream-cloud.org.vivek91.017417.0017: task-manager                    : MainThread     : DEBUG   : bulk unit insert result: {'nModified': 0, 'nUpserted': 0, 'nMatched': 0, 'writeErrors': [], 'upserted': [], 'writeConcernErrors': [], 'nRemoved': 0, 'nInserted': 1}
2017-09-08 12:08:32,592: rp.session.js-17-212.jetstream-cloud.org.vivek91.017417.0017: task-manager                    : MainThread     : DEBUG   : bulk unit insert result: {'nModified': 0, 'nUpserted': 0, 'nMatched': 0, 'writeErrors': [], 'upserted': [], 'writeConcernErrors': [], 'nRemoved': 0, 'nInserted': 1}
2017-09-08 12:08:32,704: rp.session.js-17-212.jetstream-cloud.org.vivek91.017417.0017: task-manager                    : MainThread     : DEBUG   : bulk unit insert result: {'nModified': 0, 'nUpserted': 0, 'nMatched': 0, 'writeErrors': [], 'upserted': [], 'writeConcernErrors': [], 'nRemoved': 0, 'nInserted': 1}
2017-09-08 12:08:32,784: rp.session.js-17-212.jetstream-cloud.org.vivek91.017417.0017: task-manager                    : MainThread     : DEBUG   : bulk unit insert result: {'nModified': 0, 'nUpserted': 0, 'nMatched': 0, 'writeErrors': [], 'upserted': [], 'writeConcernErrors': [], 'nRemoved': 0, 'nInserted': 1}
2017-09-08 12:08:32,862: rp.session.js-17-212.jetstream-cloud.org.vivek91.017417.0017: task-manager                    : MainThread     : DEBUG   : bulk unit insert result: {'nModified': 0, 'nUpserted': 0, 'nMatched': 0, 'writeErrors': [], 'upserted': [], 'writeConcernErrors': [], 'nRemoved': 0, 'nInserted': 1}
2017-09-08 12:08:32,966: rp.session.js-17-212.jetstream-cloud.org.vivek91.017417.0017: task-manager                    : MainThread     : DEBUG   : bulk unit insert result: {'nModified': 0, 'nUpserted': 0, 'nMatched': 0, 'writeErrors': [], 'upserted': [], 'writeConcernErrors': [], 'nRemoved': 0, 'nInserted': 1}
2017-09-08 12:08:33,060: rp.session.js-17-212.jetstream-cloud.org.vivek91.017417.0017: task-manager                    : MainThread     : DEBUG   : bulk unit insert result: {'nModified': 0, 'nUpserted': 0, 'nMatched': 0, 'writeErrors': [], 'upserted': [], 'writeConcernErrors': [], 'nRemoved': 0, 'nInserted': 1}
2017-09-08 12:08:33,191: rp.session.js-17-212.jetstream-cloud.org.vivek91.017417.0017: task-manager                    : MainThread     : DEBUG   : bulk unit insert result: {'nModified': 0, 'nUpserted': 0, 'nMatched': 0, 'writeErrors': [], 'upserted': [], 'writeConcernErrors': [], 'nRemoved': 0, 'nInserted': 1}
2017-09-08 12:08:33,504: rp.session.js-17-212.jetstream-cloud.org.vivek91.017417.0017: task-manager                    : MainThread     : DEBUG   : bulk unit insert result: {'nModified': 0, 'nUpserted': 0, 'nMatched': 0, 'writeErrors': [], 'upserted': [], 'writeConcernErrors': [], 'nRemoved': 0, 'nInserted': 1}
2017-09-08 12:08:33,636: rp.session.js-17-212.jetstream-cloud.org.vivek91.017417.0017: task-manager                    : MainThread     : DEBUG   : bulk unit insert result: {'nModified': 0, 'nUpserted': 0, 'nMatched': 0, 'writeErrors': [], 'upserted': [], 'writeConcernErrors': [], 'nRemoved': 0, 'nInserted': 1}
2017-09-08 12:08:33,705: rp.session.js-17-212.jetstream-cloud.org.vivek91.017417.0017: task-manager                    : MainThread     : DEBUG   : bulk unit insert result: {'nModified': 0, 'nUpserted': 0, 'nMatched': 0, 'writeErrors': [], 'upserted': [], 'writeConcernErrors': [], 'nRemoved': 0, 'nInserted': 1}
2017-09-08 12:08:33,805: rp.session.js-17-212.jetstream-cloud.org.vivek91.017417.0017: task-manager                    : MainThread     : DEBUG   : bulk unit insert result: {'nModified': 0, 'nUpserted': 0, 'nMatched': 0, 'writeErrors': [], 'upserted': [], 'writeConcernErrors': [], 'nRemoved': 0, 'nInserted': 1}
2017-09-08 12:08:33,878: rp.session.js-17-212.jetstream-cloud.org.vivek91.017417.0017: task-manager                    : MainThread     : DEBUG   : bulk unit insert result: {'nModified': 0, 'nUpserted': 0, 'nMatched': 0, 'writeErrors': [], 'upserted': [], 'writeConcernErrors': [], 'nRemoved': 0, 'nInserted': 1}
2017-09-08 12:08:33,950: rp.session.js-17-212.jetstream-cloud.org.vivek91.017417.0017: task-manager                    : MainThread     : DEBUG   : bulk unit insert result: {'nModified': 0, 'nUpserted': 0, 'nMatched': 0, 'writeErrors': [], 'upserted': [], 'writeConcernErrors': [], 'nRemoved': 0, 'nInserted': 1}
2017-09-08 12:08:34,071: rp.session.js-17-212.jetstream-cloud.org.vivek91.017417.0017: task-manager                    : MainThread     : DEBUG   : bulk unit insert result: {'nModified': 0, 'nUpserted': 0, 'nMatched': 0, 'writeErrors': [], 'upserted': [], 'writeConcernErrors': [], 'nRemoved': 0, 'nInserted': 1}
2017-09-08 12:08:34,197: rp.session.js-17-212.jetstream-cloud.org.vivek91.017417.0017: task-manager                    : MainThread     : DEBUG   : bulk unit insert result: {'nModified': 0, 'nUpserted': 0, 'nMatched': 0, 'writeErrors': [], 'upserted': [], 'writeConcernErrors': [], 'nRemoved': 0, 'nInserted': 1}
2017-09-08 12:08:34,292: rp.session.js-17-212.jetstream-cloud.org.vivek91.017417.0017: task-manager                    : MainThread     : DEBUG   : bulk unit insert result: {'nModified': 0, 'nUpserted': 0, 'nMatched': 0, 'writeErrors': [], 'upserted': [], 'writeConcernErrors': [], 'nRemoved': 0, 'nInserted': 1}
2017-09-08 12:08:34,371: rp.session.js-17-212.jetstream-cloud.org.vivek91.017417.0017: task-manager                    : MainThread     : DEBUG   : bulk unit insert result: {'nModified': 0, 'nUpserted': 0, 'nMatched': 0, 'writeErrors': [], 'upserted': [], 'writeConcernErrors': [], 'nRemoved': 0, 'nInserted': 1}
2017-09-08 12:08:34,434: rp.session.js-17-212.jetstream-cloud.org.vivek91.017417.0017: task-manager                    : MainThread     : DEBUG   : bulk unit insert result: {'nModified': 0, 'nUpserted': 0, 'nMatched': 0, 'writeErrors': [], 'upserted': [], 'writeConcernErrors': [], 'nRemoved': 0, 'nInserted': 1}
2017-09-08 12:08:34,503: rp.session.js-17-212.jetstream-cloud.org.vivek91.017417.0017: task-manager                    : MainThread     : DEBUG   : bulk unit insert result: {'nModified': 0, 'nUpserted': 0, 'nMatched': 0, 'writeErrors': [], 'upserted': [], 'writeConcernErrors': [], 'nRemoved': 0, 'nInserted': 1}
2017-09-08 12:08:34,599: rp.session.js-17-212.jetstream-cloud.org.vivek91.017417.0017: task-manager                    : MainThread     : DEBUG   : bulk unit insert result: {'nModified': 0, 'nUpserted': 0, 'nMatched': 0, 'writeErrors': [], 'upserted': [], 'writeConcernErrors': [], 'nRemoved': 0, 'nInserted': 1}
2017-09-08 12:08:34,719: rp.session.js-17-212.jetstream-cloud.org.vivek91.017417.0017: task-manager                    : MainThread     : DEBUG   : bulk unit insert result: {'nModified': 0, 'nUpserted': 0, 'nMatched': 0, 'writeErrors': [], 'upserted': [], 'writeConcernErrors': [], 'nRemoved': 0, 'nInserted': 1}
2017-09-08 12:08:34,838: rp.session.js-17-212.jetstream-cloud.org.vivek91.017417.0017: task-manager                    : MainThread     : DEBUG   : bulk unit insert result: {'nModified': 0, 'nUpserted': 0, 'nMatched': 0, 'writeErrors': [], 'upserted': [], 'writeConcernErrors': [], 'nRemoved': 0, 'nInserted': 1}
2017-09-08 12:08:34,964: rp.session.js-17-212.jetstream-cloud.org.vivek91.017417.0017: task-manager                    : MainThread     : DEBUG   : bulk unit insert result: {'nModified': 0, 'nUpserted': 0, 'nMatched': 0, 'writeErrors': [], 'upserted': [], 'writeConcernErrors': [], 'nRemoved': 0, 'nInserted': 1}
2017-09-08 12:08:35,082: rp.session.js-17-212.jetstream-cloud.org.vivek91.017417.0017: task-manager                    : MainThread     : DEBUG   : bulk unit insert result: {'nModified': 0, 'nUpserted': 0, 'nMatched': 0, 'writeErrors': [], 'upserted': [], 'writeConcernErrors': [], 'nRemoved': 0, 'nInserted': 1}
2017-09-08 12:08:35,154: rp.session.js-17-212.jetstream-cloud.org.vivek91.017417.0017: task-manager                    : MainThread     : DEBUG   : bulk unit insert result: {'nModified': 0, 'nUpserted': 0, 'nMatched': 0, 'writeErrors': [], 'upserted': [], 'writeConcernErrors': [], 'nRemoved': 0, 'nInserted': 1}
2017-09-08 12:08:35,302: rp.session.js-17-212.jetstream-cloud.org.vivek91.017417.0017: task-manager                    : MainThread     : DEBUG   : bulk unit insert result: {'nModified': 0, 'nUpserted': 0, 'nMatched': 0, 'writeErrors': [], 'upserted': [], 'writeConcernErrors': [], 'nRemoved': 0, 'nInserted': 1}
2017-09-08 12:08:35,379: rp.session.js-17-212.jetstream-cloud.org.vivek91.017417.0017: task-manager                    : MainThread     : DEBUG   : bulk unit insert result: {'nModified': 0, 'nUpserted': 0, 'nMatched': 0, 'writeErrors': [], 'upserted': [], 'writeConcernErrors': [], 'nRemoved': 0, 'nInserted': 1}
2017-09-08 12:08:35,455: rp.session.js-17-212.jetstream-cloud.org.vivek91.017417.0017: task-manager                    : MainThread     : DEBUG   : bulk unit insert result: {'nModified': 0, 'nUpserted': 0, 'nMatched': 0, 'writeErrors': [], 'upserted': [], 'writeConcernErrors': [], 'nRemoved': 0, 'nInserted': 1}
2017-09-08 12:08:35,571: rp.session.js-17-212.jetstream-cloud.org.vivek91.017417.0017: task-manager                    : MainThread     : DEBUG   : bulk unit insert result: {'nModified': 0, 'nUpserted': 0, 'nMatched': 0, 'writeErrors': [], 'upserted': [], 'writeConcernErrors': [], 'nRemoved': 0, 'nInserted': 1}
2017-09-08 12:08:35,632: rp.session.js-17-212.jetstream-cloud.org.vivek91.017417.0017: task-manager                    : MainThread     : DEBUG   : bulk unit insert result: {'nModified': 0, 'nUpserted': 0, 'nMatched': 0, 'writeErrors': [], 'upserted': [], 'writeConcernErrors': [], 'nRemoved': 0, 'nInserted': 1}
2017-09-08 12:08:35,703: rp.session.js-17-212.jetstream-cloud.org.vivek91.017417.0017: task-manager                    : MainThread     : DEBUG   : bulk unit insert result: {'nModified': 0, 'nUpserted': 0, 'nMatched': 0, 'writeErrors': [], 'upserted': [], 'writeConcernErrors': [], 'nRemoved': 0, 'nInserted': 1}
2017-09-08 12:08:35,914: rp.session.js-17-212.jetstream-cloud.org.vivek91.017417.0017: task-manager                    : MainThread     : DEBUG   : bulk unit insert result: {'nModified': 0, 'nUpserted': 0, 'nMatched': 0, 'writeErrors': [], 'upserted': [], 'writeConcernErrors': [], 'nRemoved': 0, 'nInserted': 1}
2017-09-08 12:08:36,054: rp.session.js-17-212.jetstream-cloud.org.vivek91.017417.0017: task-manager                    : MainThread     : DEBUG   : bulk unit insert result: {'nModified': 0, 'nUpserted': 0, 'nMatched': 0, 'writeErrors': [], 'upserted': [], 'writeConcernErrors': [], 'nRemoved': 0, 'nInserted': 1}
2017-09-08 12:08:36,170: rp.session.js-17-212.jetstream-cloud.org.vivek91.017417.0017: task-manager                    : MainThread     : DEBUG   : bulk unit insert result: {'nModified': 0, 'nUpserted': 0, 'nMatched': 0, 'writeErrors': [], 'upserted': [], 'writeConcernErrors': [], 'nRemoved': 0, 'nInserted': 1}
2017-09-08 12:08:36,290: rp.session.js-17-212.jetstream-cloud.org.vivek91.017417.0017: task-manager                    : MainThread     : DEBUG   : bulk unit insert result: {'nModified': 0, 'nUpserted': 0, 'nMatched': 0, 'writeErrors': [], 'upserted': [], 'writeConcernErrors': [], 'nRemoved': 0, 'nInserted': 1}
2017-09-08 12:08:36,411: rp.session.js-17-212.jetstream-cloud.org.vivek91.017417.0017: task-manager                    : MainThread     : DEBUG   : bulk unit insert result: {'nModified': 0, 'nUpserted': 0, 'nMatched': 0, 'writeErrors': [], 'upserted': [], 'writeConcernErrors': [], 'nRemoved': 0, 'nInserted': 1}
2017-09-08 12:08:36,527: rp.session.js-17-212.jetstream-cloud.org.vivek91.017417.0017: task-manager                    : MainThread     : DEBUG   : bulk unit insert result: {'nModified': 0, 'nUpserted': 0, 'nMatched': 0, 'writeErrors': [], 'upserted': [], 'writeConcernErrors': [], 'nRemoved': 0, 'nInserted': 1}
2017-09-08 12:08:36,771: rp.session.js-17-212.jetstream-cloud.org.vivek91.017417.0017: task-manager                    : MainThread     : DEBUG   : bulk unit insert result: {'nModified': 0, 'nUpserted': 0, 'nMatched': 0, 'writeErrors': [], 'upserted': [], 'writeConcernErrors': [], 'nRemoved': 0, 'nInserted': 1}
2017-09-08 12:08:36,847: rp.session.js-17-212.jetstream-cloud.org.vivek91.017417.0017: task-manager                    : MainThread     : DEBUG   : bulk unit insert result: {'nModified': 0, 'nUpserted': 0, 'nMatched': 0, 'writeErrors': [], 'upserted': [], 'writeConcernErrors': [], 'nRemoved': 0, 'nInserted': 1}
2017-09-08 12:08:36,950: rp.session.js-17-212.jetstream-cloud.org.vivek91.017417.0017: task-manager                    : MainThread     : DEBUG   : bulk unit insert result: {'nModified': 0, 'nUpserted': 0, 'nMatched': 0, 'writeErrors': [], 'upserted': [], 'writeConcernErrors': [], 'nRemoved': 0, 'nInserted': 1}
2017-09-08 12:08:37,067: rp.session.js-17-212.jetstream-cloud.org.vivek91.017417.0017: task-manager                    : MainThread     : DEBUG   : bulk unit insert result: {'nModified': 0, 'nUpserted': 0, 'nMatched': 0, 'writeErrors': [], 'upserted': [], 'writeConcernErrors': [], 'nRemoved': 0, 'nInserted': 1}
2017-09-08 12:08:37,128: rp.session.js-17-212.jetstream-cloud.org.vivek91.017417.0017: task-manager                    : MainThread     : DEBUG   : bulk unit insert result: {'nModified': 0, 'nUpserted': 0, 'nMatched': 0, 'writeErrors': [], 'upserted': [], 'writeConcernErrors': [], 'nRemoved': 0, 'nInserted': 1}
2017-09-08 12:08:37,188: rp.session.js-17-212.jetstream-cloud.org.vivek91.017417.0017: task-manager                    : MainThread     : DEBUG   : bulk unit insert result: {'nModified': 0, 'nUpserted': 0, 'nMatched': 0, 'writeErrors': [], 'upserted': [], 'writeConcernErrors': [], 'nRemoved': 0, 'nInserted': 1}
2017-09-08 12:08:40,921: rp.session.js-17-212.jetstream-cloud.org.vivek91.017417.0017: task-manager                    : MainThread     : DEBUG   : bulk unit insert result: {'nModified': 0, 'nUpserted': 0, 'nMatched': 0, 'writeErrors': [], 'upserted': [], 'writeConcernErrors': [], 'nRemoved': 0, 'nInserted': 1}
2017-09-08 12:08:41,007: rp.session.js-17-212.jetstream-cloud.org.vivek91.017417.0017: task-manager                    : MainThread     : DEBUG   : bulk unit insert result: {'nModified': 0, 'nUpserted': 0, 'nMatched': 0, 'writeErrors': [], 'upserted': [], 'writeConcernErrors': [], 'nRemoved': 0, 'nInserted': 1}
2017-09-08 12:08:41,086: rp.session.js-17-212.jetstream-cloud.org.vivek91.017417.0017: task-manager                    : MainThread     : DEBUG   : bulk unit insert result: {'nModified': 0, 'nUpserted': 0, 'nMatched': 0, 'writeErrors': [], 'upserted': [], 'writeConcernErrors': [], 'nRemoved': 0, 'nInserted': 1}
2017-09-08 12:08:41,166: rp.session.js-17-212.jetstream-cloud.org.vivek91.017417.0017: task-manager                    : MainThread     : DEBUG   : bulk unit insert result: {'nModified': 0, 'nUpserted': 0, 'nMatched': 0, 'writeErrors': [], 'upserted': [], 'writeConcernErrors': [], 'nRemoved': 0, 'nInserted': 1}
2017-09-08 12:08:41,242: rp.session.js-17-212.jetstream-cloud.org.vivek91.017417.0017: task-manager                    : MainThread     : DEBUG   : bulk unit insert result: {'nModified': 0, 'nUpserted': 0, 'nMatched': 0, 'writeErrors': [], 'upserted': [], 'writeConcernErrors': [], 'nRemoved': 0, 'nInserted': 1}
2017-09-08 12:08:41,322: rp.session.js-17-212.jetstream-cloud.org.vivek91.017417.0017: task-manager                    : MainThread     : DEBUG   : bulk unit insert result: {'nModified': 0, 'nUpserted': 0, 'nMatched': 0, 'writeErrors': [], 'upserted': [], 'writeConcernErrors': [], 'nRemoved': 0, 'nInserted': 1}
2017-09-08 12:08:41,405: rp.session.js-17-212.jetstream-cloud.org.vivek91.017417.0017: task-manager                    : MainThread     : DEBUG   : bulk unit insert result: {'nModified': 0, 'nUpserted': 0, 'nMatched': 0, 'writeErrors': [], 'upserted': [], 'writeConcernErrors': [], 'nRemoved': 0, 'nInserted': 1}
2017-09-08 12:08:41,485: rp.session.js-17-212.jetstream-cloud.org.vivek91.017417.0017: task-manager                    : MainThread     : DEBUG   : bulk unit insert result: {'nModified': 0, 'nUpserted': 0, 'nMatched': 0, 'writeErrors': [], 'upserted': [], 'writeConcernErrors': [], 'nRemoved': 0, 'nInserted': 1}
2017-09-08 12:08:41,564: rp.session.js-17-212.jetstream-cloud.org.vivek91.017417.0017: task-manager                    : MainThread     : DEBUG   : bulk unit insert result: {'nModified': 0, 'nUpserted': 0, 'nMatched': 0, 'writeErrors': [], 'upserted': [], 'writeConcernErrors': [], 'nRemoved': 0, 'nInserted': 1}
2017-09-08 12:08:41,663: rp.session.js-17-212.jetstream-cloud.org.vivek91.017417.0017: task-manager                    : MainThread     : DEBUG   : bulk unit insert result: {'nModified': 0, 'nUpserted': 0, 'nMatched': 0, 'writeErrors': [], 'upserted': [], 'writeConcernErrors': [], 'nRemoved': 0, 'nInserted': 1}
2017-09-08 12:08:41,746: rp.session.js-17-212.jetstream-cloud.org.vivek91.017417.0017: task-manager                    : MainThread     : DEBUG   : bulk unit insert result: {'nModified': 0, 'nUpserted': 0, 'nMatched': 0, 'writeErrors': [], 'upserted': [], 'writeConcernErrors': [], 'nRemoved': 0, 'nInserted': 1}
2017-09-08 12:08:41,829: rp.session.js-17-212.jetstream-cloud.org.vivek91.017417.0017: task-manager                    : MainThread     : DEBUG   : bulk unit insert result: {'nModified': 0, 'nUpserted': 0, 'nMatched': 0, 'writeErrors': [], 'upserted': [], 'writeConcernErrors': [], 'nRemoved': 0, 'nInserted': 1}
2017-09-08 12:08:41,910: rp.session.js-17-212.jetstream-cloud.org.vivek91.017417.0017: task-manager                    : MainThread     : DEBUG   : bulk unit insert result: {'nModified': 0, 'nUpserted': 0, 'nMatched': 0, 'writeErrors': [], 'upserted': [], 'writeConcernErrors': [], 'nRemoved': 0, 'nInserted': 1}
2017-09-08 12:08:41,970: rp.session.js-17-212.jetstream-cloud.org.vivek91.017417.0017: task-manager                    : MainThread     : DEBUG   : bulk unit insert result: {'nModified': 0, 'nUpserted': 0, 'nMatched': 0, 'writeErrors': [], 'upserted': [], 'writeConcernErrors': [], 'nRemoved': 0, 'nInserted': 1}
2017-09-08 12:08:42,030: rp.session.js-17-212.jetstream-cloud.org.vivek91.017417.0017: task-manager                    : MainThread     : DEBUG   : bulk unit insert result: {'nModified': 0, 'nUpserted': 0, 'nMatched': 0, 'writeErrors': [], 'upserted': [], 'writeConcernErrors': [], 'nRemoved': 0, 'nInserted': 1}
2017-09-08 12:08:42,090: rp.session.js-17-212.jetstream-cloud.org.vivek91.017417.0017: task-manager                    : MainThread     : DEBUG   : bulk unit insert result: {'nModified': 0, 'nUpserted': 0, 'nMatched': 0, 'writeErrors': [], 'upserted': [], 'writeConcernErrors': [], 'nRemoved': 0, 'nInserted': 1}
2017-09-08 12:08:45,210: rp.session.js-17-212.jetstream-cloud.org.vivek91.017417.0017: task-manager                    : MainThread     : DEBUG   : bulk unit insert result: {'nModified': 0, 'nUpserted': 0, 'nMatched': 0, 'writeErrors': [], 'upserted': [], 'writeConcernErrors': [], 'nRemoved': 0, 'nInserted': 1}
2017-09-08 12:08:45,450: rp.session.js-17-212.jetstream-cloud.org.vivek91.017417.0017: task-manager                    : MainThread     : DEBUG   : bulk unit insert result: {'nModified': 0, 'nUpserted': 0, 'nMatched': 0, 'writeErrors': [], 'upserted': [], 'writeConcernErrors': [], 'nRemoved': 0, 'nInserted': 1}
2017-09-08 12:08:45,524: rp.session.js-17-212.jetstream-cloud.org.vivek91.017417.0017: task-manager                    : MainThread     : DEBUG   : bulk unit insert result: {'nModified': 0, 'nUpserted': 0, 'nMatched': 0, 'writeErrors': [], 'upserted': [], 'writeConcernErrors': [], 'nRemoved': 0, 'nInserted': 1}
2017-09-08 12:08:45,647: rp.session.js-17-212.jetstream-cloud.org.vivek91.017417.0017: task-manager                    : MainThread     : DEBUG   : bulk unit insert result: {'nModified': 0, 'nUpserted': 0, 'nMatched': 0, 'writeErrors': [], 'upserted': [], 'writeConcernErrors': [], 'nRemoved': 0, 'nInserted': 1}
2017-09-08 12:08:45,720: rp.session.js-17-212.jetstream-cloud.org.vivek91.017417.0017: task-manager                    : MainThread     : DEBUG   : bulk unit insert result: {'nModified': 0, 'nUpserted': 0, 'nMatched': 0, 'writeErrors': [], 'upserted': [], 'writeConcernErrors': [], 'nRemoved': 0, 'nInserted': 1}
2017-09-08 12:08:45,801: rp.session.js-17-212.jetstream-cloud.org.vivek91.017417.0017: task-manager                    : MainThread     : DEBUG   : bulk unit insert result: {'nModified': 0, 'nUpserted': 0, 'nMatched': 0, 'writeErrors': [], 'upserted': [], 'writeConcernErrors': [], 'nRemoved': 0, 'nInserted': 1}
2017-09-08 12:08:45,879: rp.session.js-17-212.jetstream-cloud.org.vivek91.017417.0017: task-manager                    : MainThread     : DEBUG   : bulk unit insert result: {'nModified': 0, 'nUpserted': 0, 'nMatched': 0, 'writeErrors': [], 'upserted': [], 'writeConcernErrors': [], 'nRemoved': 0, 'nInserted': 1}
2017-09-08 12:08:45,971: rp.session.js-17-212.jetstream-cloud.org.vivek91.017417.0017: task-manager                    : MainThread     : DEBUG   : bulk unit insert result: {'nModified': 0, 'nUpserted': 0, 'nMatched': 0, 'writeErrors': [], 'upserted': [], 'writeConcernErrors': [], 'nRemoved': 0, 'nInserted': 1}
2017-09-08 12:08:46,052: rp.session.js-17-212.jetstream-cloud.org.vivek91.017417.0017: task-manager                    : MainThread     : DEBUG   : bulk unit insert result: {'nModified': 0, 'nUpserted': 0, 'nMatched': 0, 'writeErrors': [], 'upserted': [], 'writeConcernErrors': [], 'nRemoved': 0, 'nInserted': 1}
2017-09-08 12:08:46,137: rp.session.js-17-212.jetstream-cloud.org.vivek91.017417.0017: task-manager                    : MainThread     : DEBUG   : bulk unit insert result: {'nModified': 0, 'nUpserted': 0, 'nMatched': 0, 'writeErrors': [], 'upserted': [], 'writeConcernErrors': [], 'nRemoved': 0, 'nInserted': 1}
2017-09-08 12:08:46,218: rp.session.js-17-212.jetstream-cloud.org.vivek91.017417.0017: task-manager                    : MainThread     : DEBUG   : bulk unit insert result: {'nModified': 0, 'nUpserted': 0, 'nMatched': 0, 'writeErrors': [], 'upserted': [], 'writeConcernErrors': [], 'nRemoved': 0, 'nInserted': 1}
2017-09-08 12:08:46,296: rp.session.js-17-212.jetstream-cloud.org.vivek91.017417.0017: task-manager                    : MainThread     : DEBUG   : bulk unit insert result: {'nModified': 0, 'nUpserted': 0, 'nMatched': 0, 'writeErrors': [], 'upserted': [], 'writeConcernErrors': [], 'nRemoved': 0, 'nInserted': 1}
2017-09-08 12:08:46,368: rp.session.js-17-212.jetstream-cloud.org.vivek91.017417.0017: task-manager                    : MainThread     : DEBUG   : bulk unit insert result: {'nModified': 0, 'nUpserted': 0, 'nMatched': 0, 'writeErrors': [], 'upserted': [], 'writeConcernErrors': [], 'nRemoved': 0, 'nInserted': 1}
2017-09-08 12:08:46,442: rp.session.js-17-212.jetstream-cloud.org.vivek91.017417.0017: task-manager                    : MainThread     : DEBUG   : bulk unit insert result: {'nModified': 0, 'nUpserted': 0, 'nMatched': 0, 'writeErrors': [], 'upserted': [], 'writeConcernErrors': [], 'nRemoved': 0, 'nInserted': 1}
2017-09-08 12:08:46,503: rp.session.js-17-212.jetstream-cloud.org.vivek91.017417.0017: task-manager                    : MainThread     : DEBUG   : bulk unit insert result: {'nModified': 0, 'nUpserted': 0, 'nMatched': 0, 'writeErrors': [], 'upserted': [], 'writeConcernErrors': [], 'nRemoved': 0, 'nInserted': 1}
2017-09-08 12:08:46,564: rp.session.js-17-212.jetstream-cloud.org.vivek91.017417.0017: task-manager                    : MainThread     : DEBUG   : bulk unit insert result: {'nModified': 0, 'nUpserted': 0, 'nMatched': 0, 'writeErrors': [], 'upserted': [], 'writeConcernErrors': [], 'nRemoved': 0, 'nInserted': 1}
2017-09-08 12:08:46,626: rp.session.js-17-212.jetstream-cloud.org.vivek91.017417.0017: task-manager                    : MainThread     : DEBUG   : bulk unit insert result: {'nModified': 0, 'nUpserted': 0, 'nMatched': 0, 'writeErrors': [], 'upserted': [], 'writeConcernErrors': [], 'nRemoved': 0, 'nInserted': 1}
2017-09-08 12:08:48,537: rp.session.js-17-212.jetstream-cloud.org.vivek91.017417.0017: task-manager                    : MainThread     : DEBUG   : bulk unit insert result: {'nModified': 0, 'nUpserted': 0, 'nMatched': 0, 'writeErrors': [], 'upserted': [], 'writeConcernErrors': [], 'nRemoved': 0, 'nInserted': 1}
2017-09-08 12:08:49,430: rp.session.js-17-212.jetstream-cloud.org.vivek91.017417.0017: task-manager                    : MainThread     : DEBUG   : bulk unit insert result: {'nModified': 0, 'nUpserted': 0, 'nMatched': 0, 'writeErrors': [], 'upserted': [], 'writeConcernErrors': [], 'nRemoved': 0, 'nInserted': 1}
2017-09-08 12:08:49,561: rp.session.js-17-212.jetstream-cloud.org.vivek91.017417.0017: task-manager                    : MainThread     : DEBUG   : bulk unit insert result: {'nModified': 0, 'nUpserted': 0, 'nMatched': 0, 'writeErrors': [], 'upserted': [], 'writeConcernErrors': [], 'nRemoved': 0, 'nInserted': 1}
2017-09-08 12:08:49,692: rp.session.js-17-212.jetstream-cloud.org.vivek91.017417.0017: task-manager                    : MainThread     : DEBUG   : bulk unit insert result: {'nModified': 0, 'nUpserted': 0, 'nMatched': 0, 'writeErrors': [], 'upserted': [], 'writeConcernErrors': [], 'nRemoved': 0, 'nInserted': 1}
2017-09-08 12:08:49,834: rp.session.js-17-212.jetstream-cloud.org.vivek91.017417.0017: task-manager                    : MainThread     : DEBUG   : bulk unit insert result: {'nModified': 0, 'nUpserted': 0, 'nMatched': 0, 'writeErrors': [], 'upserted': [], 'writeConcernErrors': [], 'nRemoved': 0, 'nInserted': 1}
2017-09-08 12:08:50,044: rp.session.js-17-212.jetstream-cloud.org.vivek91.017417.0017: task-manager                    : MainThread     : DEBUG   : bulk unit insert result: {'nModified': 0, 'nUpserted': 0, 'nMatched': 0, 'writeErrors': [], 'upserted': [], 'writeConcernErrors': [], 'nRemoved': 0, 'nInserted': 1}
2017-09-08 12:08:50,138: rp.session.js-17-212.jetstream-cloud.org.vivek91.017417.0017: task-manager                    : MainThread     : DEBUG   : bulk unit insert result: {'nModified': 0, 'nUpserted': 0, 'nMatched': 0, 'writeErrors': [], 'upserted': [], 'writeConcernErrors': [], 'nRemoved': 0, 'nInserted': 1}
2017-09-08 12:08:50,268: rp.session.js-17-212.jetstream-cloud.org.vivek91.017417.0017: task-manager                    : MainThread     : DEBUG   : bulk unit insert result: {'nModified': 0, 'nUpserted': 0, 'nMatched': 0, 'writeErrors': [], 'upserted': [], 'writeConcernErrors': [], 'nRemoved': 0, 'nInserted': 1}
2017-09-08 12:08:50,514: rp.session.js-17-212.jetstream-cloud.org.vivek91.017417.0017: task-manager                    : MainThread     : DEBUG   : bulk unit insert result: {'nModified': 0, 'nUpserted': 0, 'nMatched': 0, 'writeErrors': [], 'upserted': [], 'writeConcernErrors': [], 'nRemoved': 0, 'nInserted': 1}
2017-09-08 12:08:50,661: rp.session.js-17-212.jetstream-cloud.org.vivek91.017417.0017: task-manager                    : MainThread     : DEBUG   : bulk unit insert result: {'nModified': 0, 'nUpserted': 0, 'nMatched': 0, 'writeErrors': [], 'upserted': [], 'writeConcernErrors': [], 'nRemoved': 0, 'nInserted': 1}
2017-09-08 12:08:50,747: rp.session.js-17-212.jetstream-cloud.org.vivek91.017417.0017: task-manager                    : MainThread     : DEBUG   : bulk unit insert result: {'nModified': 0, 'nUpserted': 0, 'nMatched': 0, 'writeErrors': [], 'upserted': [], 'writeConcernErrors': [], 'nRemoved': 0, 'nInserted': 1}
2017-09-08 12:08:50,843: rp.session.js-17-212.jetstream-cloud.org.vivek91.017417.0017: task-manager                    : MainThread     : DEBUG   : bulk unit insert result: {'nModified': 0, 'nUpserted': 0, 'nMatched': 0, 'writeErrors': [], 'upserted': [], 'writeConcernErrors': [], 'nRemoved': 0, 'nInserted': 1}
2017-09-08 12:08:50,919: rp.session.js-17-212.jetstream-cloud.org.vivek91.017417.0017: task-manager                    : MainThread     : DEBUG   : bulk unit insert result: {'nModified': 0, 'nUpserted': 0, 'nMatched': 0, 'writeErrors': [], 'upserted': [], 'writeConcernErrors': [], 'nRemoved': 0, 'nInserted': 1}
2017-09-08 12:08:51,001: rp.session.js-17-212.jetstream-cloud.org.vivek91.017417.0017: task-manager                    : MainThread     : DEBUG   : bulk unit insert result: {'nModified': 0, 'nUpserted': 0, 'nMatched': 0, 'writeErrors': [], 'upserted': [], 'writeConcernErrors': [], 'nRemoved': 0, 'nInserted': 1}
2017-09-08 12:08:51,067: rp.session.js-17-212.jetstream-cloud.org.vivek91.017417.0017: task-manager                    : MainThread     : DEBUG   : bulk unit insert result: {'nModified': 0, 'nUpserted': 0, 'nMatched': 0, 'writeErrors': [], 'upserted': [], 'writeConcernErrors': [], 'nRemoved': 0, 'nInserted': 1}
2017-09-08 12:08:51,128: rp.session.js-17-212.jetstream-cloud.org.vivek91.017417.0017: task-manager                    : MainThread     : DEBUG   : bulk unit insert result: {'nModified': 0, 'nUpserted': 0, 'nMatched': 0, 'writeErrors': [], 'upserted': [], 'writeConcernErrors': [], 'nRemoved': 0, 'nInserted': 1}
2017-09-08 12:08:51,189: rp.session.js-17-212.jetstream-cloud.org.vivek91.017417.0017: task-manager                    : MainThread     : DEBUG   : bulk unit insert result: {'nModified': 0, 'nUpserted': 0, 'nMatched': 0, 'writeErrors': [], 'upserted': [], 'writeConcernErrors': [], 'nRemoved': 0, 'nInserted': 1}
2017-09-08 12:08:51,249: rp.session.js-17-212.jetstream-cloud.org.vivek91.017417.0017: task-manager                    : MainThread     : DEBUG   : bulk unit insert result: {'nModified': 0, 'nUpserted': 0, 'nMatched': 0, 'writeErrors': [], 'upserted': [], 'writeConcernErrors': [], 'nRemoved': 0, 'nInserted': 1}
2017-09-08 12:08:53,085: rp.session.js-17-212.jetstream-cloud.org.vivek91.017417.0017: task-manager                    : MainThread     : DEBUG   : bulk unit insert result: {'nModified': 0, 'nUpserted': 0, 'nMatched': 0, 'writeErrors': [], 'upserted': [], 'writeConcernErrors': [], 'nRemoved': 0, 'nInserted': 1}
2017-09-08 12:08:53,476: rp.session.js-17-212.jetstream-cloud.org.vivek91.017417.0017: task-manager                    : MainThread     : DEBUG   : bulk unit insert result: {'nModified': 0, 'nUpserted': 0, 'nMatched': 0, 'writeErrors': [], 'upserted': [], 'writeConcernErrors': [], 'nRemoved': 0, 'nInserted': 1}
2017-09-08 12:08:55,648: rp.session.js-17-212.jetstream-cloud.org.vivek91.017417.0017: task-manager                    : MainThread     : DEBUG   : bulk unit insert result: {'nModified': 0, 'nUpserted': 0, 'nMatched': 0, 'writeErrors': [], 'upserted': [], 'writeConcernErrors': [], 'nRemoved': 0, 'nInserted': 1}
2017-09-08 12:08:56,037: rp.session.js-17-212.jetstream-cloud.org.vivek91.017417.0017: task-manager                    : MainThread     : DEBUG   : bulk unit insert result: {'nModified': 0, 'nUpserted': 0, 'nMatched': 0, 'writeErrors': [], 'upserted': [], 'writeConcernErrors': [], 'nRemoved': 0, 'nInserted': 1}
2017-09-08 12:08:56,177: rp.session.js-17-212.jetstream-cloud.org.vivek91.017417.0017: task-manager                    : MainThread     : DEBUG   : bulk unit insert result: {'nModified': 0, 'nUpserted': 0, 'nMatched': 0, 'writeErrors': [], 'upserted': [], 'writeConcernErrors': [], 'nRemoved': 0, 'nInserted': 1}
2017-09-08 12:08:56,250: rp.session.js-17-212.jetstream-cloud.org.vivek91.017417.0017: task-manager                    : MainThread     : DEBUG   : bulk unit insert result: {'nModified': 0, 'nUpserted': 0, 'nMatched': 0, 'writeErrors': [], 'upserted': [], 'writeConcernErrors': [], 'nRemoved': 0, 'nInserted': 1}
2017-09-08 12:08:56,328: rp.session.js-17-212.jetstream-cloud.org.vivek91.017417.0017: task-manager                    : MainThread     : DEBUG   : bulk unit insert result: {'nModified': 0, 'nUpserted': 0, 'nMatched': 0, 'writeErrors': [], 'upserted': [], 'writeConcernErrors': [], 'nRemoved': 0, 'nInserted': 1}
2017-09-08 12:08:56,402: rp.session.js-17-212.jetstream-cloud.org.vivek91.017417.0017: task-manager                    : MainThread     : DEBUG   : bulk unit insert result: {'nModified': 0, 'nUpserted': 0, 'nMatched': 0, 'writeErrors': [], 'upserted': [], 'writeConcernErrors': [], 'nRemoved': 0, 'nInserted': 1}
2017-09-08 12:08:56,482: rp.session.js-17-212.jetstream-cloud.org.vivek91.017417.0017: task-manager                    : MainThread     : DEBUG   : bulk unit insert result: {'nModified': 0, 'nUpserted': 0, 'nMatched': 0, 'writeErrors': [], 'upserted': [], 'writeConcernErrors': [], 'nRemoved': 0, 'nInserted': 1}
2017-09-08 12:08:56,559: rp.session.js-17-212.jetstream-cloud.org.vivek91.017417.0017: task-manager                    : MainThread     : DEBUG   : bulk unit insert result: {'nModified': 0, 'nUpserted': 0, 'nMatched': 0, 'writeErrors': [], 'upserted': [], 'writeConcernErrors': [], 'nRemoved': 0, 'nInserted': 1}
2017-09-08 12:08:56,633: rp.session.js-17-212.jetstream-cloud.org.vivek91.017417.0017: task-manager                    : MainThread     : DEBUG   : bulk unit insert result: {'nModified': 0, 'nUpserted': 0, 'nMatched': 0, 'writeErrors': [], 'upserted': [], 'writeConcernErrors': [], 'nRemoved': 0, 'nInserted': 1}
2017-09-08 12:08:56,710: rp.session.js-17-212.jetstream-cloud.org.vivek91.017417.0017: task-manager                    : MainThread     : DEBUG   : bulk unit insert result: {'nModified': 0, 'nUpserted': 0, 'nMatched': 0, 'writeErrors': [], 'upserted': [], 'writeConcernErrors': [], 'nRemoved': 0, 'nInserted': 1}
2017-09-08 12:08:56,792: rp.session.js-17-212.jetstream-cloud.org.vivek91.017417.0017: task-manager                    : MainThread     : DEBUG   : bulk unit insert result: {'nModified': 0, 'nUpserted': 0, 'nMatched': 0, 'writeErrors': [], 'upserted': [], 'writeConcernErrors': [], 'nRemoved': 0, 'nInserted': 1}
2017-09-08 12:08:56,870: rp.session.js-17-212.jetstream-cloud.org.vivek91.017417.0017: task-manager                    : MainThread     : DEBUG   : bulk unit insert result: {'nModified': 0, 'nUpserted': 0, 'nMatched': 0, 'writeErrors': [], 'upserted': [], 'writeConcernErrors': [], 'nRemoved': 0, 'nInserted': 1}
2017-09-08 12:08:56,944: rp.session.js-17-212.jetstream-cloud.org.vivek91.017417.0017: task-manager                    : MainThread     : DEBUG   : bulk unit insert result: {'nModified': 0, 'nUpserted': 0, 'nMatched': 0, 'writeErrors': [], 'upserted': [], 'writeConcernErrors': [], 'nRemoved': 0, 'nInserted': 1}
2017-09-08 12:08:57,060: rp.session.js-17-212.jetstream-cloud.org.vivek91.017417.0017: task-manager                    : MainThread     : DEBUG   : bulk unit insert result: {'nModified': 0, 'nUpserted': 0, 'nMatched': 0, 'writeErrors': [], 'upserted': [], 'writeConcernErrors': [], 'nRemoved': 0, 'nInserted': 1}
2017-09-08 12:08:57,142: rp.session.js-17-212.jetstream-cloud.org.vivek91.017417.0017: task-manager                    : MainThread     : DEBUG   : bulk unit insert result: {'nModified': 0, 'nUpserted': 0, 'nMatched': 0, 'writeErrors': [], 'upserted': [], 'writeConcernErrors': [], 'nRemoved': 0, 'nInserted': 1}
2017-09-08 12:08:57,205: rp.session.js-17-212.jetstream-cloud.org.vivek91.017417.0017: task-manager                    : MainThread     : DEBUG   : bulk unit insert result: {'nModified': 0, 'nUpserted': 0, 'nMatched': 0, 'writeErrors': [], 'upserted': [], 'writeConcernErrors': [], 'nRemoved': 0, 'nInserted': 1}
2017-09-08 12:08:57,266: rp.session.js-17-212.jetstream-cloud.org.vivek91.017417.0017: task-manager                    : MainThread     : DEBUG   : bulk unit insert result: {'nModified': 0, 'nUpserted': 0, 'nMatched': 0, 'writeErrors': [], 'upserted': [], 'writeConcernErrors': [], 'nRemoved': 0, 'nInserted': 1}
2017-09-08 12:08:57,327: rp.session.js-17-212.jetstream-cloud.org.vivek91.017417.0017: task-manager                    : MainThread     : DEBUG   : bulk unit insert result: {'nModified': 0, 'nUpserted': 0, 'nMatched': 0, 'writeErrors': [], 'upserted': [], 'writeConcernErrors': [], 'nRemoved': 0, 'nInserted': 1}
2017-09-08 12:08:57,390: rp.session.js-17-212.jetstream-cloud.org.vivek91.017417.0017: task-manager                    : MainThread     : DEBUG   : bulk unit insert result: {'nModified': 0, 'nUpserted': 0, 'nMatched': 0, 'writeErrors': [], 'upserted': [], 'writeConcernErrors': [], 'nRemoved': 0, 'nInserted': 1}
2017-09-08 12:08:57,452: rp.session.js-17-212.jetstream-cloud.org.vivek91.017417.0017: task-manager                    : MainThread     : DEBUG   : bulk unit insert result: {'nModified': 0, 'nUpserted': 0, 'nMatched': 0, 'writeErrors': [], 'upserted': [], 'writeConcernErrors': [], 'nRemoved': 0, 'nInserted': 1}
2017-09-08 12:08:57,756: rp.session.js-17-212.jetstream-cloud.org.vivek91.017417.0017: task-manager                    : MainThread     : DEBUG   : bulk unit insert result: {'nModified': 0, 'nUpserted': 0, 'nMatched': 0, 'writeErrors': [], 'upserted': [], 'writeConcernErrors': [], 'nRemoved': 0, 'nInserted': 1}
2017-09-08 12:08:58,426: rp.session.js-17-212.jetstream-cloud.org.vivek91.017417.0017: task-manager                    : MainThread     : DEBUG   : bulk unit insert result: {'nModified': 0, 'nUpserted': 0, 'nMatched': 0, 'writeErrors': [], 'upserted': [], 'writeConcernErrors': [], 'nRemoved': 0, 'nInserted': 1}
2017-09-08 12:08:58,683: rp.session.js-17-212.jetstream-cloud.org.vivek91.017417.0017: task-manager                    : MainThread     : DEBUG   : bulk unit insert result: {'nModified': 0, 'nUpserted': 0, 'nMatched': 0, 'writeErrors': [], 'upserted': [], 'writeConcernErrors': [], 'nRemoved': 0, 'nInserted': 1}
2017-09-08 12:08:59,919: rp.session.js-17-212.jetstream-cloud.org.vivek91.017417.0017: task-manager                    : MainThread     : DEBUG   : bulk unit insert result: {'nModified': 0, 'nUpserted': 0, 'nMatched': 0, 'writeErrors': [], 'upserted': [], 'writeConcernErrors': [], 'nRemoved': 0, 'nInserted': 1}
2017-09-08 12:09:00,858: rp.session.js-17-212.jetstream-cloud.org.vivek91.017417.0017: task-manager                    : MainThread     : DEBUG   : bulk unit insert result: {'nModified': 0, 'nUpserted': 0, 'nMatched': 0, 'writeErrors': [], 'upserted': [], 'writeConcernErrors': [], 'nRemoved': 0, 'nInserted': 1}
2017-09-08 12:09:01,380: rp.session.js-17-212.jetstream-cloud.org.vivek91.017417.0017: task-manager                    : MainThread     : DEBUG   : bulk unit insert result: {'nModified': 0, 'nUpserted': 0, 'nMatched': 0, 'writeErrors': [], 'upserted': [], 'writeConcernErrors': [], 'nRemoved': 0, 'nInserted': 1}
2017-09-08 12:09:01,449: rp.session.js-17-212.jetstream-cloud.org.vivek91.017417.0017: task-manager                    : MainThread     : DEBUG   : bulk unit insert result: {'nModified': 0, 'nUpserted': 0, 'nMatched': 0, 'writeErrors': [], 'upserted': [], 'writeConcernErrors': [], 'nRemoved': 0, 'nInserted': 1}
2017-09-08 12:09:01,532: rp.session.js-17-212.jetstream-cloud.org.vivek91.017417.0017: task-manager                    : MainThread     : DEBUG   : bulk unit insert result: {'nModified': 0, 'nUpserted': 0, 'nMatched': 0, 'writeErrors': [], 'upserted': [], 'writeConcernErrors': [], 'nRemoved': 0, 'nInserted': 1}
2017-09-08 12:09:01,604: rp.session.js-17-212.jetstream-cloud.org.vivek91.017417.0017: task-manager                    : MainThread     : DEBUG   : bulk unit insert result: {'nModified': 0, 'nUpserted': 0, 'nMatched': 0, 'writeErrors': [], 'upserted': [], 'writeConcernErrors': [], 'nRemoved': 0, 'nInserted': 1}
2017-09-08 12:09:01,721: rp.session.js-17-212.jetstream-cloud.org.vivek91.017417.0017: task-manager                    : MainThread     : DEBUG   : bulk unit insert result: {'nModified': 0, 'nUpserted': 0, 'nMatched': 0, 'writeErrors': [], 'upserted': [], 'writeConcernErrors': [], 'nRemoved': 0, 'nInserted': 1}
2017-09-08 12:11:37,021: rp.session.js-17-212.jetstream-cloud.org.vivek91.017417.0017: MainProcess                     : MainThread     : DEBUG   : session rp.session.js-17-212.jetstream-cloud.org.vivek91.017417.0017 closing
2017-09-08 12:11:37,021: rp.session.js-17-212.jetstream-cloud.org.vivek91.017417.0017: MainProcess                     : MainThread     : DEBUG   : session rp.session.js-17-212.jetstream-cloud.org.vivek91.017417.0017 closes pmgr   pmgr.0000
2017-09-08 12:11:37,590: rp.session.js-17-212.jetstream-cloud.org.vivek91.017417.0017: MainProcess                     : MainThread     : DEBUG   : session rp.session.js-17-212.jetstream-cloud.org.vivek91.017417.0017 closed pmgr   pmgr.0000
2017-09-08 12:11:37,590: rp.session.js-17-212.jetstream-cloud.org.vivek91.017417.0017: MainProcess                     : MainThread     : DEBUG   : session rp.session.js-17-212.jetstream-cloud.org.vivek91.017417.0017 closes comp   update.0
2017-09-08 12:11:37,730: rp.session.js-17-212.jetstream-cloud.org.vivek91.017417.0017: MainProcess                     : MainThread     : DEBUG   : session rp.session.js-17-212.jetstream-cloud.org.vivek91.017417.0017 closed comp   update.0
2017-09-08 12:11:37,731: rp.session.js-17-212.jetstream-cloud.org.vivek91.017417.0017: MainProcess                     : MainThread     : DEBUG   : session rp.session.js-17-212.jetstream-cloud.org.vivek91.017417.0017 closes bridge control.pubsub.bridge.0000
2017-09-08 12:11:37,949: rp.session.js-17-212.jetstream-cloud.org.vivek91.017417.0017: MainProcess                     : MainThread     : DEBUG   : session rp.session.js-17-212.jetstream-cloud.org.vivek91.017417.0017 closed bridge control.pubsub.bridge.0000
2017-09-08 12:11:37,949: rp.session.js-17-212.jetstream-cloud.org.vivek91.017417.0017: MainProcess                     : MainThread     : DEBUG   : session rp.session.js-17-212.jetstream-cloud.org.vivek91.017417.0017 closes bridge state.pubsub.bridge.0000
2017-09-08 12:11:38,168: rp.session.js-17-212.jetstream-cloud.org.vivek91.017417.0017: MainProcess                     : MainThread     : DEBUG   : session rp.session.js-17-212.jetstream-cloud.org.vivek91.017417.0017 closed bridge state.pubsub.bridge.0000
2017-09-08 12:11:38,168: rp.session.js-17-212.jetstream-cloud.org.vivek91.017417.0017: MainProcess                     : MainThread     : DEBUG   : session rp.session.js-17-212.jetstream-cloud.org.vivek91.017417.0017 closes bridge log.pubsub.bridge.0000
2017-09-08 12:11:38,280: rp.session.js-17-212.jetstream-cloud.org.vivek91.017417.0017: MainProcess                     : MainThread     : DEBUG   : session rp.session.js-17-212.jetstream-cloud.org.vivek91.017417.0017 closed bridge log.pubsub.bridge.0000
2017-09-08 12:11:38,280: rp.session.js-17-212.jetstream-cloud.org.vivek91.017417.0017: MainProcess                     : MainThread     : DEBUG   : session rp.session.js-17-212.jetstream-cloud.org.vivek91.017417.0017 closes db (False)
2017-09-08 12:11:38,281: rp.session.js-17-212.jetstream-cloud.org.vivek91.017417.0017: MainProcess                     : MainThread     : DEBUG   : session rp.session.js-17-212.jetstream-cloud.org.vivek91.017417.0017 closed (delete=False)
