2017-10-13 02:22:09,091: state.pubsub.pub.0000: update.0                        : MainThread     : INFO    : python.interpreter   version: 2.7.9 (default, May 6 2016, 10:34:30) [GCC 4.9.0 20140422 (Cray Inc.)]
2017-10-13 02:22:09,092: state.pubsub.pub.0000: update.0                        : MainThread     : INFO    :                      pid: 50729
2017-10-13 02:22:09,092: state.pubsub.pub.0000: update.0                        : MainThread     : INFO    :                      tid: MainThread
2017-10-13 02:22:09,093: state.pubsub.pub.0000: update.0                        : MainThread     : INFO    : radical.pilot        version: 0.47-v0.46.2-93-g379bd68@feature-gpu
2017-10-13 02:22:09,093: state.pubsub.pub.0000: update.0                        : MainThread     : INFO    : create state_pubsub - pub - tcp://160.91.205.206:42959
2017-10-13 02:22:09,093: state.pubsub.pub.0000: update.0                        : MainThread     : DEBUG   : start process
2017-10-13 02:22:09,093: state.pubsub.pub.0000: update.0                        : MainThread     : DEBUG   : ru_initialize_common (NOOP)
2017-10-13 02:22:09,093: state.pubsub.pub.0000: update.0                        : MainThread     : DEBUG   : ru_initialize_parent (NOOP)
2017-10-13 02:22:09,093: state.pubsub.pub.0000: update.0                        : MainThread     : DEBUG   : process class started (no child)
2017-10-13 02:22:09,396: state.pubsub.pub.0000: MainProcess                     : MainThread     : INFO    : python.interpreter   version: 2.7.9 (default, May 6 2016, 10:34:30) [GCC 4.9.0 20140422 (Cray Inc.)]
2017-10-13 02:22:09,397: state.pubsub.pub.0000: MainProcess                     : MainThread     : INFO    :                      pid: 50668
2017-10-13 02:22:09,397: state.pubsub.pub.0000: MainProcess                     : MainThread     : INFO    :                      tid: MainThread
2017-10-13 02:22:09,397: state.pubsub.pub.0000: MainProcess                     : MainThread     : INFO    : radical.pilot        version: 0.47-v0.46.2-93-g379bd68@feature-gpu
2017-10-13 02:22:09,397: state.pubsub.pub.0000: MainProcess                     : MainThread     : INFO    : create state_pubsub - pub - tcp://160.91.205.206:42959
2017-10-13 02:22:09,398: state.pubsub.pub.0000: MainProcess                     : MainThread     : DEBUG   : start process
2017-10-13 02:22:09,398: state.pubsub.pub.0000: MainProcess                     : MainThread     : DEBUG   : ru_initialize_common (NOOP)
2017-10-13 02:22:09,398: state.pubsub.pub.0000: MainProcess                     : MainThread     : DEBUG   : ru_initialize_parent (NOOP)
2017-10-13 02:22:09,398: state.pubsub.pub.0000: MainProcess                     : MainThread     : DEBUG   : process class started (no child)
2017-10-13 03:15:01,746: state.pubsub.pub.0000: MainProcess                     : MainThread     : INFO    : parent stops child
2017-10-13 03:15:01,746: state.pubsub.pub.0000: MainProcess                     : MainThread     : DEBUG   : ru_finalize_parent (NOOP)
