2017-10-13 01:12:56,099: rp.session.titan-ext5.vivekb.017452.0001: MainProcess                     : MainThread     : INFO    : python.interpreter   version: 2.7.9 (default, May 6 2016, 10:34:30) [GCC 4.9.0 20140422 (Cray Inc.)]
2017-10-13 01:12:56,100: rp.session.titan-ext5.vivekb.017452.0001: MainProcess                     : MainThread     : INFO    :                      pid: 9482
2017-10-13 01:12:56,100: rp.session.titan-ext5.vivekb.017452.0001: MainProcess                     : MainThread     : INFO    :                      tid: MainThread
2017-10-13 01:12:56,100: rp.session.titan-ext5.vivekb.017452.0001: MainProcess                     : MainThread     : INFO    : radical.pilot        version: 0.47-v0.46.2-93-g379bd68@feature-gpu
2017-10-13 01:12:56,100: rp.session.titan-ext5.vivekb.017452.0001: MainProcess                     : MainThread     : INFO    : using database mongodb://user:user@ds117605.mlab.com:17605/ssflow-2
2017-10-13 01:12:56,240: rp.session.titan-ext5.vivekb.017452.0001: MainProcess                     : MainThread     : INFO    : Load resource configurations from /ccs/home/vivekb/ve-entk-gpu-2/lib/python2.7/site-packages/radical/pilot/configs/resource_fub.json
2017-10-13 01:12:56,244: rp.session.titan-ext5.vivekb.017452.0001: MainProcess                     : MainThread     : INFO    : Load resource configurations for fub.allegro_rsh
2017-10-13 01:12:56,244: rp.session.titan-ext5.vivekb.017452.0001: MainProcess                     : MainThread     : DEBUG   : read rcfg for fub.allegro_rsh (None)
2017-10-13 01:12:56,244: rp.session.titan-ext5.vivekb.017452.0001: MainProcess                     : MainThread     : INFO    : Load resource configurations from /ccs/home/vivekb/ve-entk-gpu-2/lib/python2.7/site-packages/radical/pilot/configs/resource_das5.json
2017-10-13 01:12:56,248: rp.session.titan-ext5.vivekb.017452.0001: MainProcess                     : MainThread     : INFO    : Load resource configurations for das5.fs1_ssh
2017-10-13 01:12:56,248: rp.session.titan-ext5.vivekb.017452.0001: MainProcess                     : MainThread     : DEBUG   : read rcfg for das5.fs1_ssh (None)
2017-10-13 01:12:56,248: rp.session.titan-ext5.vivekb.017452.0001: MainProcess                     : MainThread     : INFO    : Load resource configurations from /ccs/home/vivekb/ve-entk-gpu-2/lib/python2.7/site-packages/radical/pilot/configs/resource_ncsa.json
2017-10-13 01:12:56,263: rp.session.titan-ext5.vivekb.017452.0001: MainProcess                     : MainThread     : INFO    : Load resource configurations for ncsa.bw_orte
2017-10-13 01:12:56,264: rp.session.titan-ext5.vivekb.017452.0001: MainProcess                     : MainThread     : DEBUG   : read rcfg for ncsa.bw_orte (None)
2017-10-13 01:12:56,264: rp.session.titan-ext5.vivekb.017452.0001: MainProcess                     : MainThread     : INFO    : Load resource configurations for ncsa.bw_ccm_ssh
2017-10-13 01:12:56,264: rp.session.titan-ext5.vivekb.017452.0001: MainProcess                     : MainThread     : DEBUG   : read rcfg for ncsa.bw_ccm_ssh (None)
2017-10-13 01:12:56,264: rp.session.titan-ext5.vivekb.017452.0001: MainProcess                     : MainThread     : INFO    : Load resource configurations for ncsa.bw_ortelib
2017-10-13 01:12:56,265: rp.session.titan-ext5.vivekb.017452.0001: MainProcess                     : MainThread     : DEBUG   : read rcfg for ncsa.bw_ortelib (None)
2017-10-13 01:12:56,265: rp.session.titan-ext5.vivekb.017452.0001: MainProcess                     : MainThread     : INFO    : Load resource configurations for ncsa.bw_aprun
2017-10-13 01:12:56,266: rp.session.titan-ext5.vivekb.017452.0001: MainProcess                     : MainThread     : DEBUG   : read rcfg for ncsa.bw_aprun (None)
2017-10-13 01:12:56,266: rp.session.titan-ext5.vivekb.017452.0001: MainProcess                     : MainThread     : INFO    : Load resource configurations for ncsa.bw_local_orte
2017-10-13 01:12:56,267: rp.session.titan-ext5.vivekb.017452.0001: MainProcess                     : MainThread     : DEBUG   : read rcfg for ncsa.bw_local_orte (None)
2017-10-13 01:12:56,267: rp.session.titan-ext5.vivekb.017452.0001: MainProcess                     : MainThread     : INFO    : Load resource configurations from /ccs/home/vivekb/ve-entk-gpu-2/lib/python2.7/site-packages/radical/pilot/configs/resource_futuregrid.json
2017-10-13 01:12:56,281: rp.session.titan-ext5.vivekb.017452.0001: MainProcess                     : MainThread     : INFO    : Load resource configurations for futuregrid.delta_ssh
2017-10-13 01:12:56,282: rp.session.titan-ext5.vivekb.017452.0001: MainProcess                     : MainThread     : DEBUG   : read rcfg for futuregrid.delta_ssh (None)
2017-10-13 01:12:56,282: rp.session.titan-ext5.vivekb.017452.0001: MainProcess                     : MainThread     : INFO    : Load resource configurations for futuregrid.india_ssh
2017-10-13 01:12:56,282: rp.session.titan-ext5.vivekb.017452.0001: MainProcess                     : MainThread     : DEBUG   : read rcfg for futuregrid.india_ssh (None)
2017-10-13 01:12:56,282: rp.session.titan-ext5.vivekb.017452.0001: MainProcess                     : MainThread     : INFO    : Load resource configurations for futuregrid.echo_ssh
2017-10-13 01:12:56,283: rp.session.titan-ext5.vivekb.017452.0001: MainProcess                     : MainThread     : DEBUG   : read rcfg for futuregrid.echo_ssh (None)
2017-10-13 01:12:56,283: rp.session.titan-ext5.vivekb.017452.0001: MainProcess                     : MainThread     : INFO    : Load resource configurations for futuregrid.xray_ccm
2017-10-13 01:12:56,284: rp.session.titan-ext5.vivekb.017452.0001: MainProcess                     : MainThread     : DEBUG   : read rcfg for futuregrid.xray_ccm (None)
2017-10-13 01:12:56,284: rp.session.titan-ext5.vivekb.017452.0001: MainProcess                     : MainThread     : INFO    : Load resource configurations for futuregrid.bravo_ssh
2017-10-13 01:12:56,284: rp.session.titan-ext5.vivekb.017452.0001: MainProcess                     : MainThread     : DEBUG   : read rcfg for futuregrid.bravo_ssh (None)
2017-10-13 01:12:56,284: rp.session.titan-ext5.vivekb.017452.0001: MainProcess                     : MainThread     : INFO    : Load resource configurations for futuregrid.xray_aprun
2017-10-13 01:12:56,285: rp.session.titan-ext5.vivekb.017452.0001: MainProcess                     : MainThread     : DEBUG   : read rcfg for futuregrid.xray_aprun (None)
2017-10-13 01:12:56,285: rp.session.titan-ext5.vivekb.017452.0001: MainProcess                     : MainThread     : INFO    : Load resource configurations from /ccs/home/vivekb/ve-entk-gpu-2/lib/python2.7/site-packages/radical/pilot/configs/resource_rice.json
2017-10-13 01:12:56,290: rp.session.titan-ext5.vivekb.017452.0001: MainProcess                     : MainThread     : INFO    : Load resource configurations for rice.davinci_ssh
2017-10-13 01:12:56,291: rp.session.titan-ext5.vivekb.017452.0001: MainProcess                     : MainThread     : DEBUG   : read rcfg for rice.davinci_ssh (None)
2017-10-13 01:12:56,291: rp.session.titan-ext5.vivekb.017452.0001: MainProcess                     : MainThread     : INFO    : Load resource configurations for rice.biou_ssh
2017-10-13 01:12:56,292: rp.session.titan-ext5.vivekb.017452.0001: MainProcess                     : MainThread     : DEBUG   : read rcfg for rice.biou_ssh (None)
2017-10-13 01:12:56,292: rp.session.titan-ext5.vivekb.017452.0001: MainProcess                     : MainThread     : INFO    : Load resource configurations from /ccs/home/vivekb/ve-entk-gpu-2/lib/python2.7/site-packages/radical/pilot/configs/resource_local.json
2017-10-13 01:12:56,310: rp.session.titan-ext5.vivekb.017452.0001: MainProcess                     : MainThread     : INFO    : Load resource configurations for local.localhost_orte
2017-10-13 01:12:56,311: rp.session.titan-ext5.vivekb.017452.0001: MainProcess                     : MainThread     : DEBUG   : read rcfg for local.localhost_orte (None)
2017-10-13 01:12:56,311: rp.session.titan-ext5.vivekb.017452.0001: MainProcess                     : MainThread     : INFO    : Load resource configurations for local.localhost_anaconda
2017-10-13 01:12:56,312: rp.session.titan-ext5.vivekb.017452.0001: MainProcess                     : MainThread     : DEBUG   : read rcfg for local.localhost_anaconda (None)
2017-10-13 01:12:56,312: rp.session.titan-ext5.vivekb.017452.0001: MainProcess                     : MainThread     : INFO    : Load resource configurations for local.localhost_ortelib
2017-10-13 01:12:56,312: rp.session.titan-ext5.vivekb.017452.0001: MainProcess                     : MainThread     : DEBUG   : read rcfg for local.localhost_ortelib (None)
2017-10-13 01:12:56,312: rp.session.titan-ext5.vivekb.017452.0001: MainProcess                     : MainThread     : INFO    : Load resource configurations for local.localhost_aprun
2017-10-13 01:12:56,313: rp.session.titan-ext5.vivekb.017452.0001: MainProcess                     : MainThread     : DEBUG   : read rcfg for local.localhost_aprun (8)
2017-10-13 01:12:56,313: rp.session.titan-ext5.vivekb.017452.0001: MainProcess                     : MainThread     : INFO    : Load resource configurations for local.localhost
2017-10-13 01:12:56,314: rp.session.titan-ext5.vivekb.017452.0001: MainProcess                     : MainThread     : DEBUG   : read rcfg for local.localhost (8)
2017-10-13 01:12:56,314: rp.session.titan-ext5.vivekb.017452.0001: MainProcess                     : MainThread     : INFO    : Load resource configurations for local.localhost_spark
2017-10-13 01:12:56,314: rp.session.titan-ext5.vivekb.017452.0001: MainProcess                     : MainThread     : DEBUG   : read rcfg for local.localhost_spark (None)
2017-10-13 01:12:56,314: rp.session.titan-ext5.vivekb.017452.0001: MainProcess                     : MainThread     : INFO    : Load resource configurations for local.localhost_spark_anaconda
2017-10-13 01:12:56,315: rp.session.titan-ext5.vivekb.017452.0001: MainProcess                     : MainThread     : DEBUG   : read rcfg for local.localhost_spark_anaconda (None)
2017-10-13 01:12:56,315: rp.session.titan-ext5.vivekb.017452.0001: MainProcess                     : MainThread     : INFO    : Load resource configurations for local.localhost_yarn
2017-10-13 01:12:56,315: rp.session.titan-ext5.vivekb.017452.0001: MainProcess                     : MainThread     : DEBUG   : read rcfg for local.localhost_yarn (None)
2017-10-13 01:12:56,315: rp.session.titan-ext5.vivekb.017452.0001: MainProcess                     : MainThread     : INFO    : Load resource configurations from /ccs/home/vivekb/ve-entk-gpu-2/lib/python2.7/site-packages/radical/pilot/configs/resource_lrz.json
2017-10-13 01:12:56,319: rp.session.titan-ext5.vivekb.017452.0001: MainProcess                     : MainThread     : INFO    : Load resource configurations for lrz.supermuc_ssh
2017-10-13 01:12:56,320: rp.session.titan-ext5.vivekb.017452.0001: MainProcess                     : MainThread     : DEBUG   : read rcfg for lrz.supermuc_ssh (None)
2017-10-13 01:12:56,320: rp.session.titan-ext5.vivekb.017452.0001: MainProcess                     : MainThread     : INFO    : Load resource configurations from /ccs/home/vivekb/ve-entk-gpu-2/lib/python2.7/site-packages/radical/pilot/configs/resource_radical.json
2017-10-13 01:12:56,328: rp.session.titan-ext5.vivekb.017452.0001: MainProcess                     : MainThread     : INFO    : Load resource configurations for radical.two
2017-10-13 01:12:56,329: rp.session.titan-ext5.vivekb.017452.0001: MainProcess                     : MainThread     : DEBUG   : read rcfg for radical.two (None)
2017-10-13 01:12:56,329: rp.session.titan-ext5.vivekb.017452.0001: MainProcess                     : MainThread     : INFO    : Load resource configurations for radical.tutorial
2017-10-13 01:12:56,330: rp.session.titan-ext5.vivekb.017452.0001: MainProcess                     : MainThread     : DEBUG   : read rcfg for radical.tutorial (None)
2017-10-13 01:12:56,330: rp.session.titan-ext5.vivekb.017452.0001: MainProcess                     : MainThread     : INFO    : Load resource configurations for radical.one
2017-10-13 01:12:56,330: rp.session.titan-ext5.vivekb.017452.0001: MainProcess                     : MainThread     : DEBUG   : read rcfg for radical.one (None)
2017-10-13 01:12:56,330: rp.session.titan-ext5.vivekb.017452.0001: MainProcess                     : MainThread     : INFO    : Load resource configurations from /ccs/home/vivekb/ve-entk-gpu-2/lib/python2.7/site-packages/radical/pilot/configs/resource_aliases.json
2017-10-13 01:12:56,332: rp.session.titan-ext5.vivekb.017452.0001: MainProcess                     : MainThread     : INFO    : Load resource configurations from /ccs/home/vivekb/ve-entk-gpu-2/lib/python2.7/site-packages/radical/pilot/configs/resource_yale.json
2017-10-13 01:12:56,335: rp.session.titan-ext5.vivekb.017452.0001: MainProcess                     : MainThread     : INFO    : Load resource configurations for yale.grace_ssh
2017-10-13 01:12:56,335: rp.session.titan-ext5.vivekb.017452.0001: MainProcess                     : MainThread     : DEBUG   : read rcfg for yale.grace_ssh (None)
2017-10-13 01:12:56,335: rp.session.titan-ext5.vivekb.017452.0001: MainProcess                     : MainThread     : INFO    : Load resource configurations from /ccs/home/vivekb/ve-entk-gpu-2/lib/python2.7/site-packages/radical/pilot/configs/resource_lumc.json
2017-10-13 01:12:56,341: rp.session.titan-ext5.vivekb.017452.0001: MainProcess                     : MainThread     : INFO    : Load resource configurations for lumc.gb-ui_ssh
2017-10-13 01:12:56,342: rp.session.titan-ext5.vivekb.017452.0001: MainProcess                     : MainThread     : DEBUG   : read rcfg for lumc.gb-ui_ssh (None)
2017-10-13 01:12:56,342: rp.session.titan-ext5.vivekb.017452.0001: MainProcess                     : MainThread     : INFO    : Load resource configurations for lumc.shark_ssh
2017-10-13 01:12:56,342: rp.session.titan-ext5.vivekb.017452.0001: MainProcess                     : MainThread     : DEBUG   : read rcfg for lumc.shark_ssh (None)
2017-10-13 01:12:56,343: rp.session.titan-ext5.vivekb.017452.0001: MainProcess                     : MainThread     : INFO    : Load resource configurations from /ccs/home/vivekb/ve-entk-gpu-2/lib/python2.7/site-packages/radical/pilot/configs/resource_ncar.json
2017-10-13 01:12:56,346: rp.session.titan-ext5.vivekb.017452.0001: MainProcess                     : MainThread     : INFO    : Load resource configurations for ncar.yellowstone_ssh
2017-10-13 01:12:56,346: rp.session.titan-ext5.vivekb.017452.0001: MainProcess                     : MainThread     : DEBUG   : read rcfg for ncar.yellowstone_ssh (None)
2017-10-13 01:12:56,346: rp.session.titan-ext5.vivekb.017452.0001: MainProcess                     : MainThread     : INFO    : Load resource configurations from /ccs/home/vivekb/ve-entk-gpu-2/lib/python2.7/site-packages/radical/pilot/configs/resource_epsrc.json
2017-10-13 01:12:56,353: rp.session.titan-ext5.vivekb.017452.0001: MainProcess                     : MainThread     : INFO    : Load resource configurations for epsrc.archer_orte
2017-10-13 01:12:56,353: rp.session.titan-ext5.vivekb.017452.0001: MainProcess                     : MainThread     : DEBUG   : read rcfg for epsrc.archer_orte (None)
2017-10-13 01:12:56,353: rp.session.titan-ext5.vivekb.017452.0001: MainProcess                     : MainThread     : INFO    : Load resource configurations for epsrc.archer_aprun
2017-10-13 01:12:56,354: rp.session.titan-ext5.vivekb.017452.0001: MainProcess                     : MainThread     : DEBUG   : read rcfg for epsrc.archer_aprun (None)
2017-10-13 01:12:56,354: rp.session.titan-ext5.vivekb.017452.0001: MainProcess                     : MainThread     : INFO    : Load resource configurations from /ccs/home/vivekb/ve-entk-gpu-2/lib/python2.7/site-packages/radical/pilot/configs/resource_chameleon.json
2017-10-13 01:12:56,357: rp.session.titan-ext5.vivekb.017452.0001: MainProcess                     : MainThread     : INFO    : Load resource configurations for chameleon.cloud_vm_yarn
2017-10-13 01:12:56,358: rp.session.titan-ext5.vivekb.017452.0001: MainProcess                     : MainThread     : DEBUG   : read rcfg for chameleon.cloud_vm_yarn (None)
2017-10-13 01:12:56,358: rp.session.titan-ext5.vivekb.017452.0001: MainProcess                     : MainThread     : INFO    : Load resource configurations from /ccs/home/vivekb/ve-entk-gpu-2/lib/python2.7/site-packages/radical/pilot/configs/resource_osg.json
2017-10-13 01:12:56,364: rp.session.titan-ext5.vivekb.017452.0001: MainProcess                     : MainThread     : INFO    : Load resource configurations for osg.xsede-virt-clust
2017-10-13 01:12:56,365: rp.session.titan-ext5.vivekb.017452.0001: MainProcess                     : MainThread     : DEBUG   : read rcfg for osg.xsede-virt-clust (None)
2017-10-13 01:12:56,365: rp.session.titan-ext5.vivekb.017452.0001: MainProcess                     : MainThread     : INFO    : Load resource configurations for osg.connect
2017-10-13 01:12:56,366: rp.session.titan-ext5.vivekb.017452.0001: MainProcess                     : MainThread     : DEBUG   : read rcfg for osg.connect (None)
2017-10-13 01:12:56,366: rp.session.titan-ext5.vivekb.017452.0001: MainProcess                     : MainThread     : INFO    : Load resource configurations from /ccs/home/vivekb/ve-entk-gpu-2/lib/python2.7/site-packages/radical/pilot/configs/resource_xsede.json
2017-10-13 01:12:56,423: rp.session.titan-ext5.vivekb.017452.0001: MainProcess                     : MainThread     : INFO    : Load resource configurations for xsede.stampede2_ssh
2017-10-13 01:12:56,424: rp.session.titan-ext5.vivekb.017452.0001: MainProcess                     : MainThread     : DEBUG   : read rcfg for xsede.stampede2_ssh (None)
2017-10-13 01:12:56,424: rp.session.titan-ext5.vivekb.017452.0001: MainProcess                     : MainThread     : INFO    : Load resource configurations for xsede.wrangler_spark
2017-10-13 01:12:56,425: rp.session.titan-ext5.vivekb.017452.0001: MainProcess                     : MainThread     : DEBUG   : read rcfg for xsede.wrangler_spark (None)
2017-10-13 01:12:56,425: rp.session.titan-ext5.vivekb.017452.0001: MainProcess                     : MainThread     : INFO    : Load resource configurations for xsede.stampede_yarn
2017-10-13 01:12:56,425: rp.session.titan-ext5.vivekb.017452.0001: MainProcess                     : MainThread     : DEBUG   : read rcfg for xsede.stampede_yarn (None)
2017-10-13 01:12:56,426: rp.session.titan-ext5.vivekb.017452.0001: MainProcess                     : MainThread     : INFO    : Load resource configurations for xsede.gordon_ssh
2017-10-13 01:12:56,426: rp.session.titan-ext5.vivekb.017452.0001: MainProcess                     : MainThread     : DEBUG   : read rcfg for xsede.gordon_ssh (None)
2017-10-13 01:12:56,426: rp.session.titan-ext5.vivekb.017452.0001: MainProcess                     : MainThread     : INFO    : Load resource configurations for xsede.stampede_ssh
2017-10-13 01:12:56,427: rp.session.titan-ext5.vivekb.017452.0001: MainProcess                     : MainThread     : DEBUG   : read rcfg for xsede.stampede_ssh (None)
2017-10-13 01:12:56,427: rp.session.titan-ext5.vivekb.017452.0001: MainProcess                     : MainThread     : INFO    : Load resource configurations for xsede.lonestar_ssh
2017-10-13 01:12:56,428: rp.session.titan-ext5.vivekb.017452.0001: MainProcess                     : MainThread     : DEBUG   : read rcfg for xsede.lonestar_ssh (None)
2017-10-13 01:12:56,428: rp.session.titan-ext5.vivekb.017452.0001: MainProcess                     : MainThread     : INFO    : Load resource configurations for xsede.supermic_spark
2017-10-13 01:12:56,428: rp.session.titan-ext5.vivekb.017452.0001: MainProcess                     : MainThread     : DEBUG   : read rcfg for xsede.supermic_spark (20)
2017-10-13 01:12:56,428: rp.session.titan-ext5.vivekb.017452.0001: MainProcess                     : MainThread     : INFO    : Load resource configurations for xsede.wrangler_ssh
2017-10-13 01:12:56,429: rp.session.titan-ext5.vivekb.017452.0001: MainProcess                     : MainThread     : DEBUG   : read rcfg for xsede.wrangler_ssh (None)
2017-10-13 01:12:56,429: rp.session.titan-ext5.vivekb.017452.0001: MainProcess                     : MainThread     : INFO    : Load resource configurations for xsede.wrangler_yarn
2017-10-13 01:12:56,430: rp.session.titan-ext5.vivekb.017452.0001: MainProcess                     : MainThread     : DEBUG   : read rcfg for xsede.wrangler_yarn (None)
2017-10-13 01:12:56,430: rp.session.titan-ext5.vivekb.017452.0001: MainProcess                     : MainThread     : INFO    : Load resource configurations for xsede.bridges
2017-10-13 01:12:56,431: rp.session.titan-ext5.vivekb.017452.0001: MainProcess                     : MainThread     : DEBUG   : read rcfg for xsede.bridges (None)
2017-10-13 01:12:56,431: rp.session.titan-ext5.vivekb.017452.0001: MainProcess                     : MainThread     : INFO    : Load resource configurations for xsede.supermic_ssh
2017-10-13 01:12:56,431: rp.session.titan-ext5.vivekb.017452.0001: MainProcess                     : MainThread     : DEBUG   : read rcfg for xsede.supermic_ssh (20)
2017-10-13 01:12:56,431: rp.session.titan-ext5.vivekb.017452.0001: MainProcess                     : MainThread     : INFO    : Load resource configurations for xsede.stampede_orte
2017-10-13 01:12:56,432: rp.session.titan-ext5.vivekb.017452.0001: MainProcess                     : MainThread     : DEBUG   : read rcfg for xsede.stampede_orte (None)
2017-10-13 01:12:56,432: rp.session.titan-ext5.vivekb.017452.0001: MainProcess                     : MainThread     : INFO    : Load resource configurations for xsede.greenfield
2017-10-13 01:12:56,433: rp.session.titan-ext5.vivekb.017452.0001: MainProcess                     : MainThread     : DEBUG   : read rcfg for xsede.greenfield (15)
2017-10-13 01:12:56,433: rp.session.titan-ext5.vivekb.017452.0001: MainProcess                     : MainThread     : INFO    : Load resource configurations for xsede.comet_spark
2017-10-13 01:12:56,434: rp.session.titan-ext5.vivekb.017452.0001: MainProcess                     : MainThread     : DEBUG   : read rcfg for xsede.comet_spark (24)
2017-10-13 01:12:56,434: rp.session.titan-ext5.vivekb.017452.0001: MainProcess                     : MainThread     : INFO    : Load resource configurations for xsede.trestles_ssh
2017-10-13 01:12:56,434: rp.session.titan-ext5.vivekb.017452.0001: MainProcess                     : MainThread     : DEBUG   : read rcfg for xsede.trestles_ssh (None)
2017-10-13 01:12:56,434: rp.session.titan-ext5.vivekb.017452.0001: MainProcess                     : MainThread     : INFO    : Load resource configurations for xsede.comet_ssh
2017-10-13 01:12:56,435: rp.session.titan-ext5.vivekb.017452.0001: MainProcess                     : MainThread     : DEBUG   : read rcfg for xsede.comet_ssh (24)
2017-10-13 01:12:56,435: rp.session.titan-ext5.vivekb.017452.0001: MainProcess                     : MainThread     : INFO    : Load resource configurations for xsede.stampede_spark
2017-10-13 01:12:56,436: rp.session.titan-ext5.vivekb.017452.0001: MainProcess                     : MainThread     : DEBUG   : read rcfg for xsede.stampede_spark (None)
2017-10-13 01:12:56,436: rp.session.titan-ext5.vivekb.017452.0001: MainProcess                     : MainThread     : INFO    : Load resource configurations for xsede.comet_orte
2017-10-13 01:12:56,437: rp.session.titan-ext5.vivekb.017452.0001: MainProcess                     : MainThread     : DEBUG   : read rcfg for xsede.comet_orte (24)
2017-10-13 01:12:56,437: rp.session.titan-ext5.vivekb.017452.0001: MainProcess                     : MainThread     : INFO    : Load resource configurations for xsede.comet_ortelib
2017-10-13 01:12:56,437: rp.session.titan-ext5.vivekb.017452.0001: MainProcess                     : MainThread     : DEBUG   : read rcfg for xsede.comet_ortelib (24)
2017-10-13 01:12:56,437: rp.session.titan-ext5.vivekb.017452.0001: MainProcess                     : MainThread     : INFO    : Load resource configurations for xsede.blacklight_ssh
2017-10-13 01:12:56,438: rp.session.titan-ext5.vivekb.017452.0001: MainProcess                     : MainThread     : DEBUG   : read rcfg for xsede.blacklight_ssh (16)
2017-10-13 01:12:56,438: rp.session.titan-ext5.vivekb.017452.0001: MainProcess                     : MainThread     : INFO    : Load resource configurations for xsede.stampede_ortelib
2017-10-13 01:12:56,439: rp.session.titan-ext5.vivekb.017452.0001: MainProcess                     : MainThread     : DEBUG   : read rcfg for xsede.stampede_ortelib (None)
2017-10-13 01:12:56,439: rp.session.titan-ext5.vivekb.017452.0001: MainProcess                     : MainThread     : INFO    : Load resource configurations from /ccs/home/vivekb/ve-entk-gpu-2/lib/python2.7/site-packages/radical/pilot/configs/resource_nersc.json
2017-10-13 01:12:56,459: rp.session.titan-ext5.vivekb.017452.0001: MainProcess                     : MainThread     : INFO    : Load resource configurations for nersc.edison_ccm_ssh
2017-10-13 01:12:56,459: rp.session.titan-ext5.vivekb.017452.0001: MainProcess                     : MainThread     : DEBUG   : read rcfg for nersc.edison_ccm_ssh (None)
2017-10-13 01:12:56,459: rp.session.titan-ext5.vivekb.017452.0001: MainProcess                     : MainThread     : INFO    : Load resource configurations for nersc.hopper_orte
2017-10-13 01:12:56,460: rp.session.titan-ext5.vivekb.017452.0001: MainProcess                     : MainThread     : DEBUG   : read rcfg for nersc.hopper_orte (None)
2017-10-13 01:12:56,460: rp.session.titan-ext5.vivekb.017452.0001: MainProcess                     : MainThread     : INFO    : Load resource configurations for nersc.hopper_ccm_ssh
2017-10-13 01:12:56,461: rp.session.titan-ext5.vivekb.017452.0001: MainProcess                     : MainThread     : DEBUG   : read rcfg for nersc.hopper_ccm_ssh (24)
2017-10-13 01:12:56,461: rp.session.titan-ext5.vivekb.017452.0001: MainProcess                     : MainThread     : INFO    : Load resource configurations for nersc.edison_aprun
2017-10-13 01:12:56,462: rp.session.titan-ext5.vivekb.017452.0001: MainProcess                     : MainThread     : DEBUG   : read rcfg for nersc.edison_aprun (None)
2017-10-13 01:12:56,462: rp.session.titan-ext5.vivekb.017452.0001: MainProcess                     : MainThread     : INFO    : Load resource configurations for nersc.hopper_aprun
2017-10-13 01:12:56,462: rp.session.titan-ext5.vivekb.017452.0001: MainProcess                     : MainThread     : DEBUG   : read rcfg for nersc.hopper_aprun (24)
2017-10-13 01:12:56,462: rp.session.titan-ext5.vivekb.017452.0001: MainProcess                     : MainThread     : INFO    : Load resource configurations for nersc.edison_orte
2017-10-13 01:12:56,463: rp.session.titan-ext5.vivekb.017452.0001: MainProcess                     : MainThread     : DEBUG   : read rcfg for nersc.edison_orte (None)
2017-10-13 01:12:56,463: rp.session.titan-ext5.vivekb.017452.0001: MainProcess                     : MainThread     : INFO    : Load resource configurations from /ccs/home/vivekb/ve-entk-gpu-2/lib/python2.7/site-packages/radical/pilot/configs/resource_iu.json
2017-10-13 01:12:56,469: rp.session.titan-ext5.vivekb.017452.0001: MainProcess                     : MainThread     : INFO    : Load resource configurations for iu.bigred2_ccm_ssh
2017-10-13 01:12:56,470: rp.session.titan-ext5.vivekb.017452.0001: MainProcess                     : MainThread     : DEBUG   : read rcfg for iu.bigred2_ccm_ssh (None)
2017-10-13 01:12:56,470: rp.session.titan-ext5.vivekb.017452.0001: MainProcess                     : MainThread     : INFO    : Load resource configurations for iu.bigred2_aprun
2017-10-13 01:12:56,470: rp.session.titan-ext5.vivekb.017452.0001: MainProcess                     : MainThread     : DEBUG   : read rcfg for iu.bigred2_aprun (None)
2017-10-13 01:12:56,470: rp.session.titan-ext5.vivekb.017452.0001: MainProcess                     : MainThread     : INFO    : Load resource configurations from /ccs/home/vivekb/ve-entk-gpu-2/lib/python2.7/site-packages/radical/pilot/configs/resource_das4.json
2017-10-13 01:12:56,474: rp.session.titan-ext5.vivekb.017452.0001: MainProcess                     : MainThread     : INFO    : Load resource configurations for das4.fs2_ssh
2017-10-13 01:12:56,474: rp.session.titan-ext5.vivekb.017452.0001: MainProcess                     : MainThread     : DEBUG   : read rcfg for das4.fs2_ssh (None)
2017-10-13 01:12:56,474: rp.session.titan-ext5.vivekb.017452.0001: MainProcess                     : MainThread     : INFO    : Load resource configurations from /ccs/home/vivekb/ve-entk-gpu-2/lib/python2.7/site-packages/radical/pilot/configs/resource_stfc.json
2017-10-13 01:12:56,478: rp.session.titan-ext5.vivekb.017452.0001: MainProcess                     : MainThread     : INFO    : Load resource configurations for stfc.joule_runjob
2017-10-13 01:12:56,478: rp.session.titan-ext5.vivekb.017452.0001: MainProcess                     : MainThread     : DEBUG   : read rcfg for stfc.joule_runjob (None)
2017-10-13 01:12:56,478: rp.session.titan-ext5.vivekb.017452.0001: MainProcess                     : MainThread     : INFO    : Load resource configurations from /ccs/home/vivekb/ve-entk-gpu-2/lib/python2.7/site-packages/radical/pilot/configs/resource_ornl.json
2017-10-13 01:12:56,494: rp.session.titan-ext5.vivekb.017452.0001: MainProcess                     : MainThread     : INFO    : Load resource configurations for ornl.titan_orte
2017-10-13 01:12:56,494: rp.session.titan-ext5.vivekb.017452.0001: MainProcess                     : MainThread     : DEBUG   : read rcfg for ornl.titan_orte (None)
2017-10-13 01:12:56,495: rp.session.titan-ext5.vivekb.017452.0001: MainProcess                     : MainThread     : INFO    : Load resource configurations for ornl.titan_aprun
2017-10-13 01:12:56,495: rp.session.titan-ext5.vivekb.017452.0001: MainProcess                     : MainThread     : DEBUG   : read rcfg for ornl.titan_aprun (None)
2017-10-13 01:12:56,495: rp.session.titan-ext5.vivekb.017452.0001: MainProcess                     : MainThread     : INFO    : Load resource configurations for ornl.rhea
2017-10-13 01:12:56,496: rp.session.titan-ext5.vivekb.017452.0001: MainProcess                     : MainThread     : DEBUG   : read rcfg for ornl.rhea (16)
2017-10-13 01:12:56,496: rp.session.titan-ext5.vivekb.017452.0001: MainProcess                     : MainThread     : INFO    : Load resource configurations for ornl.rhea_aprun
2017-10-13 01:12:56,497: rp.session.titan-ext5.vivekb.017452.0001: MainProcess                     : MainThread     : DEBUG   : read rcfg for ornl.rhea_aprun (None)
2017-10-13 01:12:56,497: rp.session.titan-ext5.vivekb.017452.0001: MainProcess                     : MainThread     : INFO    : Load resource configurations for ornl.titan_ortelib
2017-10-13 01:12:56,498: rp.session.titan-ext5.vivekb.017452.0001: MainProcess                     : MainThread     : DEBUG   : read rcfg for ornl.titan_ortelib (None)
2017-10-13 01:12:56,830: rp.session.titan-ext5.vivekb.017452.0001: MainProcess                     : MainThread     : INFO    : New Session created: rp.session.titan-ext5.vivekb.017452.0001.
2017-10-13 01:12:56,830: rp.session.titan-ext5.vivekb.017452.0001: MainProcess                     : MainThread     : DEBUG   : start bridges   : {u'control_pubsub': {u'bulk_size': 0, u'log_level': u'debug', u'stall_hwm': 1},
 u'log_pubsub': {u'bulk_size': 0, u'log_level': u'debug', u'stall_hwm': 1},
 u'state_pubsub': {u'bulk_size': 0, u'log_level': u'debug', u'stall_hwm': 1}}
2017-10-13 01:12:56,831: rp.session.titan-ext5.vivekb.017452.0001: MainProcess                     : MainThread     : INFO    : create bridge control_pubsub
2017-10-13 01:12:56,864: rp.session.titan-ext5.vivekb.017452.0001: MainProcess                     : MainThread     : INFO    : created bridge control_pubsub (control.pubsub.bridge.0000)
2017-10-13 01:12:56,865: rp.session.titan-ext5.vivekb.017452.0001: MainProcess                     : MainThread     : INFO    : create bridge state_pubsub
2017-10-13 01:12:56,888: rp.session.titan-ext5.vivekb.017452.0001: MainProcess                     : MainThread     : INFO    : created bridge state_pubsub (state.pubsub.bridge.0000)
2017-10-13 01:12:56,888: rp.session.titan-ext5.vivekb.017452.0001: MainProcess                     : MainThread     : INFO    : create bridge log_pubsub
2017-10-13 01:12:56,910: rp.session.titan-ext5.vivekb.017452.0001: MainProcess                     : MainThread     : INFO    : created bridge log_pubsub (log.pubsub.bridge.0000)
2017-10-13 01:12:56,910: rp.session.titan-ext5.vivekb.017452.0001: MainProcess                     : MainThread     : DEBUG   : start components: {u'UpdateWorker': {u'count': 1}}
2017-10-13 01:12:56,910: rp.session.titan-ext5.vivekb.017452.0001: MainProcess                     : MainThread     : DEBUG   : start 1 component(s) UpdateWorker
2017-10-13 01:12:57,610: rp.session.titan-ext5.vivekb.017452.0001: MainProcess                     : MainThread     : INFO    : rp.session.titan-ext5.vivekb.017452.0001 starts update.0
2017-10-13 01:12:58,280: rp.session.titan-ext5.vivekb.017452.0001: MainProcess                     : MainThread     : DEBUG   : get rcfg 1 for ornl.titan_aprun (None)
2017-10-13 01:12:58,280: rp.session.titan-ext5.vivekb.017452.0001: MainProcess                     : MainThread     : DEBUG   : get rcfg 2 for ornl.titan_aprun (None)
2017-10-13 01:12:58,280: rp.session.titan-ext5.vivekb.017452.0001: MainProcess                     : MainThread     : DEBUG   : rsup.PTYShell('fork://localhost')
2017-10-13 01:13:06,118: rp.session.titan-ext5.vivekb.017452.0001: MainProcess                     : MainThread     : DEBUG   : sandbox base fork://localhost: '/lustre/atlas/scratch/vivekb/bip149'
2017-10-13 01:13:06,244: rp.session.titan-ext5.vivekb.017452.0001: MainProcess                     : MainThread     : DEBUG   : bulk pilot insert result: {'nModified': 0, 'nUpserted': 0, 'nMatched': 0, 'writeErrors': [], 'upserted': [], 'writeConcernErrors': [], 'nRemoved': 0, 'nInserted': 1}
2017-10-13 01:13:06,248: rp.session.titan-ext5.vivekb.017452.0001: pmgr.launching.0                : MainThread     : DEBUG   : get rcfg 1 for ornl.titan_aprun (None)
2017-10-13 01:13:06,249: rp.session.titan-ext5.vivekb.017452.0001: pmgr.launching.0                : MainThread     : DEBUG   : get rcfg 2 for ornl.titan_aprun (None)
2017-10-13 01:13:06,252: rp.session.titan-ext5.vivekb.017452.0001: pmgr.launching.0                : MainThread     : DEBUG   : get rcfg 1 for ornl.titan_aprun (None)
2017-10-13 01:13:06,252: rp.session.titan-ext5.vivekb.017452.0001: pmgr.launching.0                : MainThread     : DEBUG   : get rcfg 2 for ornl.titan_aprun (None)
2017-10-13 01:13:06,253: rp.session.titan-ext5.vivekb.017452.0001: pmgr.launching.0                : MainThread     : DEBUG   : rsup.PTYShell('fork://localhost')
2017-10-13 01:13:13,982: rp.session.titan-ext5.vivekb.017452.0001: pmgr.launching.0                : MainThread     : DEBUG   : sandbox base fork://localhost: '/lustre/atlas/scratch/vivekb/bip149'
2017-10-13 01:15:00,703: rp.session.titan-ext5.vivekb.017452.0001: task-manager                    : MainThread     : DEBUG   : bulk unit insert result: {'nModified': 0, 'nUpserted': 0, 'nMatched': 0, 'writeErrors': [], 'upserted': [], 'writeConcernErrors': [], 'nRemoved': 0, 'nInserted': 1}
2017-10-13 01:17:39,554: rp.session.titan-ext5.vivekb.017452.0001: MainProcess                     : MainThread     : DEBUG   : session rp.session.titan-ext5.vivekb.017452.0001 closing
2017-10-13 01:17:39,554: rp.session.titan-ext5.vivekb.017452.0001: MainProcess                     : MainThread     : DEBUG   : session rp.session.titan-ext5.vivekb.017452.0001 closes pmgr   pmgr.0000
2017-10-13 01:17:40,193: rp.session.titan-ext5.vivekb.017452.0001: MainProcess                     : MainThread     : DEBUG   : session rp.session.titan-ext5.vivekb.017452.0001 closed pmgr   pmgr.0000
2017-10-13 01:17:40,194: rp.session.titan-ext5.vivekb.017452.0001: MainProcess                     : MainThread     : DEBUG   : session rp.session.titan-ext5.vivekb.017452.0001 closes comp   update.0
2017-10-13 01:17:40,332: rp.session.titan-ext5.vivekb.017452.0001: MainProcess                     : MainThread     : DEBUG   : session rp.session.titan-ext5.vivekb.017452.0001 closed comp   update.0
2017-10-13 01:17:40,332: rp.session.titan-ext5.vivekb.017452.0001: MainProcess                     : MainThread     : DEBUG   : session rp.session.titan-ext5.vivekb.017452.0001 closes bridge control.pubsub.bridge.0000
2017-10-13 01:17:40,456: rp.session.titan-ext5.vivekb.017452.0001: MainProcess                     : MainThread     : DEBUG   : session rp.session.titan-ext5.vivekb.017452.0001 closed bridge control.pubsub.bridge.0000
2017-10-13 01:17:40,457: rp.session.titan-ext5.vivekb.017452.0001: MainProcess                     : MainThread     : DEBUG   : session rp.session.titan-ext5.vivekb.017452.0001 closes bridge state.pubsub.bridge.0000
2017-10-13 01:17:40,597: rp.session.titan-ext5.vivekb.017452.0001: MainProcess                     : MainThread     : DEBUG   : session rp.session.titan-ext5.vivekb.017452.0001 closed bridge state.pubsub.bridge.0000
2017-10-13 01:17:40,597: rp.session.titan-ext5.vivekb.017452.0001: MainProcess                     : MainThread     : DEBUG   : session rp.session.titan-ext5.vivekb.017452.0001 closes bridge log.pubsub.bridge.0000
2017-10-13 01:17:40,737: rp.session.titan-ext5.vivekb.017452.0001: MainProcess                     : MainThread     : DEBUG   : session rp.session.titan-ext5.vivekb.017452.0001 closed bridge log.pubsub.bridge.0000
2017-10-13 01:17:40,737: rp.session.titan-ext5.vivekb.017452.0001: MainProcess                     : MainThread     : DEBUG   : session rp.session.titan-ext5.vivekb.017452.0001 closes db (False)
2017-10-13 01:17:40,737: rp.session.titan-ext5.vivekb.017452.0001: MainProcess                     : MainThread     : DEBUG   : session rp.session.titan-ext5.vivekb.017452.0001 closed (delete=False)
