2017-10-13 01:12:57,581: state.pubsub.sub.0000: update.0                        : MainThread     : INFO    : python.interpreter   version: 2.7.9 (default, May 6 2016, 10:34:30) [GCC 4.9.0 20140422 (Cray Inc.)]
2017-10-13 01:12:57,582: state.pubsub.sub.0000: update.0                        : MainThread     : INFO    :                      pid: 9548
2017-10-13 01:12:57,582: state.pubsub.sub.0000: update.0                        : MainThread     : INFO    :                      tid: MainThread
2017-10-13 01:12:57,582: state.pubsub.sub.0000: update.0                        : MainThread     : INFO    : radical.pilot        version: 0.47-v0.46.2-93-g379bd68@feature-gpu
2017-10-13 01:12:57,582: state.pubsub.sub.0000: update.0                        : MainThread     : INFO    : create state_pubsub - sub - tcp://160.91.205.206:54036
2017-10-13 01:12:57,583: state.pubsub.sub.0000: update.0                        : MainThread     : DEBUG   : start process
2017-10-13 01:12:57,583: state.pubsub.sub.0000: update.0                        : MainThread     : DEBUG   : ru_initialize_common (NOOP)
2017-10-13 01:12:57,583: state.pubsub.sub.0000: update.0                        : MainThread     : DEBUG   : ru_initialize_parent (NOOP)
2017-10-13 01:12:57,583: state.pubsub.sub.0000: update.0                        : MainThread     : DEBUG   : process class started (no child)
2017-10-13 01:12:58,236: state.pubsub.sub.0000: MainProcess                     : MainThread     : INFO    : python.interpreter   version: 2.7.9 (default, May 6 2016, 10:34:30) [GCC 4.9.0 20140422 (Cray Inc.)]
2017-10-13 01:12:58,237: state.pubsub.sub.0000: MainProcess                     : MainThread     : INFO    :                      pid: 9482
2017-10-13 01:12:58,237: state.pubsub.sub.0000: MainProcess                     : MainThread     : INFO    :                      tid: MainThread
2017-10-13 01:12:58,237: state.pubsub.sub.0000: MainProcess                     : MainThread     : INFO    : radical.pilot        version: 0.47-v0.46.2-93-g379bd68@feature-gpu
2017-10-13 01:12:58,237: state.pubsub.sub.0000: MainProcess                     : MainThread     : INFO    : create state_pubsub - sub - tcp://160.91.205.206:54036
2017-10-13 01:12:58,238: state.pubsub.sub.0000: MainProcess                     : MainThread     : DEBUG   : start process
2017-10-13 01:12:58,238: state.pubsub.sub.0000: MainProcess                     : MainThread     : DEBUG   : ru_initialize_common (NOOP)
2017-10-13 01:12:58,238: state.pubsub.sub.0000: MainProcess                     : MainThread     : DEBUG   : ru_initialize_parent (NOOP)
2017-10-13 01:12:58,238: state.pubsub.sub.0000: MainProcess                     : MainThread     : DEBUG   : process class started (no child)
2017-10-13 01:17:40,071: state.pubsub.sub.0000: MainProcess                     : MainThread     : INFO    : parent stops child
2017-10-13 01:17:40,071: state.pubsub.sub.0000: MainProcess                     : MainThread     : DEBUG   : ru_finalize_parent (NOOP)
