2017-10-13 01:14:58,991: umgr.0000           : task-manager                    : MainThread     : INFO    : python.interpreter   version: 2.7.9 (default, May 6 2016, 10:34:30) [GCC 4.9.0 20140422 (Cray Inc.)]
2017-10-13 01:14:58,997: umgr.0000           : task-manager                    : MainThread     : INFO    :                      pid: 12827
2017-10-13 01:14:58,997: umgr.0000           : task-manager                    : MainThread     : INFO    :                      tid: MainThread
2017-10-13 01:14:58,998: umgr.0000           : task-manager                    : MainThread     : INFO    : radical.pilot        version: 0.47-v0.46.2-93-g379bd68@feature-gpu
2017-10-13 01:14:59,183: umgr.0000           : task-manager                    : MainThread     : DEBUG   : alive check in term
2017-10-13 01:14:59,183: umgr.0000           : task-manager                    : MainThread     : DEBUG   : start process
2017-10-13 01:14:59,183: umgr.0000           : task-manager                    : MainThread     : INFO    : initialize umgr.0000
2017-10-13 01:14:59,185: umgr.0000           : task-manager                    : MainThread     : INFO    : cfg: {u'bridges': {u'umgr_reschedule_pubsub': {u'bulk_size': 0,
                                          u'log_level': u'debug',
                                          u'stall_hwm': 1},
              u'umgr_scheduling_queue': {u'bulk_size': 0,
                                         u'log_level': u'debug',
                                         u'stall_hwm': 1},
              u'umgr_staging_input_queue': {u'bulk_size': 0,
                                            u'log_level': u'debug',
                                            u'stall_hwm': 1},
              u'umgr_staging_output_queue': {u'bulk_size': 0,
                                             u'log_level': u'debug',
                                             u'stall_hwm': 1},
              u'umgr_unschedule_pubsub': {u'bulk_size': 0,
                                          u'log_level': u'debug',
                                          u'stall_hwm': 1}},
 u'bulk_collection_size': 100,
 u'bulk_collection_time': 1.0,
 u'components': {u'UMGRSchedulingComponent': {u'count': 1},
                 u'UMGRStagingInputComponent': {u'count': 1},
                 u'UMGRStagingOutputComponent': {u'count': 1}},
 u'db_poll_sleeptime': 1.0,
 'owner': 'umgr.0000',
 u'scheduler': u'round_robin'}
2017-10-13 01:14:59,186: umgr.0000           : task-manager                    : MainThread     : DEBUG   : start bridges   : {u'umgr_reschedule_pubsub': {u'bulk_size': 0,
                             u'log_level': u'debug',
                             u'stall_hwm': 1},
 u'umgr_scheduling_queue': {u'bulk_size': 0,
                            u'log_level': u'debug',
                            u'stall_hwm': 1},
 u'umgr_staging_input_queue': {u'bulk_size': 0,
                               u'log_level': u'debug',
                               u'stall_hwm': 1},
 u'umgr_staging_output_queue': {u'bulk_size': 0,
                                u'log_level': u'debug',
                                u'stall_hwm': 1},
 u'umgr_unschedule_pubsub': {u'bulk_size': 0,
                             u'log_level': u'debug',
                             u'stall_hwm': 1}}
2017-10-13 01:14:59,186: umgr.0000           : task-manager                    : MainThread     : INFO    : create bridge umgr_reschedule_pubsub
2017-10-13 01:14:59,211: umgr.0000           : task-manager                    : MainThread     : INFO    : created bridge umgr_reschedule_pubsub (umgr.reschedule.pubsub.bridge.0000)
2017-10-13 01:14:59,211: umgr.0000           : task-manager                    : MainThread     : INFO    : create bridge umgr_staging_input_queue
2017-10-13 01:14:59,274: umgr.0000           : task-manager                    : MainThread     : INFO    : created bridge umgr_staging_input_queue (umgr.staging.input.queue.bridge.0000)
2017-10-13 01:14:59,274: umgr.0000           : task-manager                    : MainThread     : INFO    : create bridge umgr_staging_output_queue
2017-10-13 01:14:59,298: umgr.0000           : task-manager                    : MainThread     : INFO    : created bridge umgr_staging_output_queue (umgr.staging.output.queue.bridge.0000)
2017-10-13 01:14:59,299: umgr.0000           : task-manager                    : MainThread     : INFO    : create bridge umgr_unschedule_pubsub
2017-10-13 01:14:59,322: umgr.0000           : task-manager                    : MainThread     : INFO    : created bridge umgr_unschedule_pubsub (umgr.unschedule.pubsub.bridge.0000)
2017-10-13 01:14:59,323: umgr.0000           : task-manager                    : MainThread     : INFO    : create bridge umgr_scheduling_queue
2017-10-13 01:14:59,348: umgr.0000           : task-manager                    : MainThread     : INFO    : created bridge umgr_scheduling_queue (umgr.scheduling.queue.bridge.0000)
2017-10-13 01:14:59,349: umgr.0000           : task-manager                    : MainThread     : DEBUG   : start components: {u'UMGRSchedulingComponent': {u'count': 1},
 u'UMGRStagingInputComponent': {u'count': 1},
 u'UMGRStagingOutputComponent': {u'count': 1}}
2017-10-13 01:14:59,349: umgr.0000           : task-manager                    : MainThread     : DEBUG   : start 1 component(s) UMGRStagingInputComponent
2017-10-13 01:14:59,595: umgr.0000           : task-manager                    : MainThread     : INFO    : umgr.0000                      starts umgr.staging.input.0
2017-10-13 01:14:59,595: umgr.0000           : task-manager                    : MainThread     : DEBUG   : start 1 component(s) UMGRStagingOutputComponent
2017-10-13 01:14:59,931: umgr.0000           : task-manager                    : MainThread     : INFO    : umgr.0000                      starts umgr.staging.output.0
2017-10-13 01:14:59,931: umgr.0000           : task-manager                    : MainThread     : DEBUG   : start 1 component(s) UMGRSchedulingComponent
2017-10-13 01:15:00,422: umgr.0000           : task-manager                    : MainThread     : INFO    : umgr.0000                      starts umgr.scheduling.0
2017-10-13 01:15:00,422: umgr.0000           : task-manager                    : MainThread     : DEBUG   : alive check in term
2017-10-13 01:15:00,422: umgr.0000           : task-manager                    : MainThread     : DEBUG   : START: umgr.0000 register publisher log_pubsub
2017-10-13 01:15:00,422: umgr.0000           : task-manager                    : MainThread     : DEBUG   : using addr tcp://160.91.205.206:52485 for pubsub log_pubsub
2017-10-13 01:15:00,426: umgr.0000           : task-manager                    : MainThread     : DEBUG   : registered publisher : log_pubsub : log.pubsub.pub.0006
2017-10-13 01:15:00,426: umgr.0000           : task-manager                    : MainThread     : DEBUG   : alive check in term
2017-10-13 01:15:00,426: umgr.0000           : task-manager                    : MainThread     : DEBUG   : START: umgr.0000 register publisher state_pubsub
2017-10-13 01:15:00,426: umgr.0000           : task-manager                    : MainThread     : DEBUG   : using addr tcp://160.91.205.206:50598 for pubsub state_pubsub
2017-10-13 01:15:00,430: umgr.0000           : task-manager                    : MainThread     : DEBUG   : registered publisher : state_pubsub : state.pubsub.pub.0006
2017-10-13 01:15:00,430: umgr.0000           : task-manager                    : MainThread     : DEBUG   : alive check in term
2017-10-13 01:15:00,430: umgr.0000           : task-manager                    : MainThread     : DEBUG   : START: umgr.0000 register publisher control_pubsub
2017-10-13 01:15:00,430: umgr.0000           : task-manager                    : MainThread     : DEBUG   : using addr tcp://160.91.205.206:49441 for pubsub control_pubsub
2017-10-13 01:15:00,434: umgr.0000           : task-manager                    : MainThread     : DEBUG   : registered publisher : control_pubsub : control.pubsub.pub.0006
2017-10-13 01:15:00,434: umgr.0000           : task-manager                    : MainThread     : DEBUG   : process class started (no child)
2017-10-13 01:15:00,434: umgr.0000           : task-manager                    : MainThread     : INFO    : started umgr umgr.0000
2017-10-13 01:15:00,434: umgr.0000           : task-manager                    : MainThread     : DEBUG   : START: umgr.0000 register output UMGR_SCHEDULING_PENDING
2017-10-13 01:15:00,435: umgr.0000           : task-manager                    : MainThread     : DEBUG   : using addr tcp://160.91.205.206:42191 for output umgr_scheduling_queue
2017-10-13 01:15:00,438: umgr.0000           : task-manager                    : MainThread     : DEBUG   : registered output    : UMGR_SCHEDULING_PENDING : umgr_scheduling_queue : umgr.scheduling.queue.input.0000
2017-10-13 01:15:00,439: umgr.0000           : task-manager                    : MainThread     : DEBUG   : START: umgr.0000 register output UMGR_STAGING_OUTPUT_PENDING
2017-10-13 01:15:00,439: umgr.0000           : task-manager                    : MainThread     : DEBUG   : using addr tcp://160.91.205.206:59384 for output umgr_staging_output_queue
2017-10-13 01:15:00,442: umgr.0000           : task-manager                    : MainThread     : DEBUG   : registered output    : UMGR_STAGING_OUTPUT_PENDING : umgr_staging_output_queue : umgr.staging.output.queue.input.0000
2017-10-13 01:15:00,442: umgr.0000           : task-manager                    : MainThread     : DEBUG   : START: umgr.0000 register idler umgr.0000.idler._state_pull_cb
2017-10-13 01:15:00,443: umgr.0000           : task-manager                    : MainThread     : DEBUG   : parent name: umgr.0000.idler._state_pull_cb
2017-10-13 01:15:00,443: umgr.0000           : task-manager                    : MainThread     : DEBUG   : start thread
2017-10-13 01:15:00,443: umgr.0000           : task-manager                    : umgr.0000.idler._state_pull_cb: DEBUG   : child name: umgr.0000.idler._state_pull_cb.thread
2017-10-13 01:15:00,443: umgr.0000           : task-manager                    : umgr.0000.idler._state_pull_cb: INFO    : child (me) initializing
2017-10-13 01:15:00,443: umgr.0000           : task-manager                    : umgr.0000.idler._state_pull_cb: DEBUG   : ru_initialize_common (NOOP)
2017-10-13 01:15:00,443: umgr.0000           : task-manager                    : umgr.0000.idler._state_pull_cb: DEBUG   : ru_initialize_child (NOOP)
2017-10-13 01:15:00,443: umgr.0000           : task-manager                    : umgr.0000.idler._state_pull_cb: INFO    : send alive
2017-10-13 01:15:00,444: umgr.0000           : task-manager                    : umgr.0000.idler._state_pull_cb: INFO    : put message: [umgr.0000.idler._state_pull_cb.thread] alive
2017-10-13 01:15:00,444: umgr.0000           : task-manager                    : MainThread     : INFO    : get msg: alive
2017-10-13 01:15:00,444: umgr.0000           : task-manager                    : MainThread     : DEBUG   : ru_initialize_common (NOOP)
2017-10-13 01:15:00,445: umgr.0000           : task-manager                    : MainThread     : DEBUG   : ru_initialize_parent (NOOP)
2017-10-13 01:15:00,445: umgr.0000           : task-manager                    : MainThread     : DEBUG   : child thread umgr.0000.idler._state_pull_cb started
2017-10-13 01:15:00,446: umgr.0000           : task-manager                    : MainThread     : DEBUG   : umgr.0000 registered idler umgr.0000.idler._state_pull_cb
2017-10-13 01:15:00,446: umgr.0000           : task-manager                    : MainThread     : DEBUG   : START: umgr.0000 register idler umgr.0000.idler._unit_pull_cb
2017-10-13 01:15:00,612: umgr.0000           : task-manager                    : MainThread     : DEBUG   : parent name: umgr.0000.idler._unit_pull_cb
2017-10-13 01:15:00,612: umgr.0000           : task-manager                    : MainThread     : DEBUG   : start thread
2017-10-13 01:15:00,612: umgr.0000           : task-manager                    : umgr.0000.idler._unit_pull_cb: DEBUG   : child name: umgr.0000.idler._unit_pull_cb.thread
2017-10-13 01:15:00,613: umgr.0000           : task-manager                    : umgr.0000.idler._unit_pull_cb: INFO    : child (me) initializing
2017-10-13 01:15:00,613: umgr.0000           : task-manager                    : umgr.0000.idler._unit_pull_cb: DEBUG   : ru_initialize_common (NOOP)
2017-10-13 01:15:00,613: umgr.0000           : task-manager                    : umgr.0000.idler._unit_pull_cb: DEBUG   : ru_initialize_child (NOOP)
2017-10-13 01:15:00,613: umgr.0000           : task-manager                    : umgr.0000.idler._unit_pull_cb: INFO    : send alive
2017-10-13 01:15:00,613: umgr.0000           : task-manager                    : umgr.0000.idler._unit_pull_cb: INFO    : put message: [umgr.0000.idler._unit_pull_cb.thread] alive
2017-10-13 01:15:00,614: umgr.0000           : task-manager                    : MainThread     : INFO    : get msg: alive
2017-10-13 01:15:00,614: umgr.0000           : task-manager                    : MainThread     : DEBUG   : ru_initialize_common (NOOP)
2017-10-13 01:15:00,614: umgr.0000           : task-manager                    : MainThread     : DEBUG   : ru_initialize_parent (NOOP)
2017-10-13 01:15:00,614: umgr.0000           : task-manager                    : MainThread     : DEBUG   : child thread umgr.0000.idler._unit_pull_cb started
2017-10-13 01:15:00,614: umgr.0000           : task-manager                    : MainThread     : DEBUG   : umgr.0000 registered idler umgr.0000.idler._unit_pull_cb
2017-10-13 01:15:00,616: umgr.0000           : task-manager                    : MainThread     : DEBUG   : START: umgr.0000 register subscriber umgr.0000.subscriber._state_sub_cb
2017-10-13 01:15:00,616: umgr.0000           : task-manager                    : MainThread     : DEBUG   : using addr tcp://160.91.205.206:54036 for pubsub state_pubsub
2017-10-13 01:15:00,621: umgr.0000           : task-manager                    : MainThread     : DEBUG   : parent name: umgr.0000.subscriber._state_sub_cb
2017-10-13 01:15:00,621: umgr.0000           : task-manager                    : MainThread     : DEBUG   : start thread
2017-10-13 01:15:00,621: umgr.0000           : task-manager                    : umgr.0000.subscriber._state_sub_cb: DEBUG   : child name: umgr.0000.subscriber._state_sub_cb.thread
2017-10-13 01:15:00,622: umgr.0000           : task-manager                    : umgr.0000.subscriber._state_sub_cb: INFO    : child (me) initializing
2017-10-13 01:15:00,622: umgr.0000           : task-manager                    : umgr.0000.subscriber._state_sub_cb: DEBUG   : ru_initialize_common (NOOP)
2017-10-13 01:15:00,622: umgr.0000           : task-manager                    : umgr.0000.subscriber._state_sub_cb: DEBUG   : ru_initialize_child (NOOP)
2017-10-13 01:15:00,622: umgr.0000           : task-manager                    : umgr.0000.subscriber._state_sub_cb: INFO    : send alive
2017-10-13 01:15:00,622: umgr.0000           : task-manager                    : umgr.0000.subscriber._state_sub_cb: INFO    : put message: [umgr.0000.subscriber._state_sub_cb.thread] alive
2017-10-13 01:15:00,622: umgr.0000           : task-manager                    : MainThread     : INFO    : get msg: alive
2017-10-13 01:15:00,623: umgr.0000           : task-manager                    : MainThread     : DEBUG   : ru_initialize_common (NOOP)
2017-10-13 01:15:00,623: umgr.0000           : task-manager                    : MainThread     : DEBUG   : ru_initialize_parent (NOOP)
2017-10-13 01:15:00,623: umgr.0000           : task-manager                    : MainThread     : DEBUG   : child thread umgr.0000.subscriber._state_sub_cb started
2017-10-13 01:15:00,637: umgr.0000           : task-manager                    : umgr.0000.idler._unit_pull_cb: INFO    :  === units pulled:    0
2017-10-13 01:15:00,637: umgr.0000           : task-manager                    : MainThread     : DEBUG   : umgr.0000 registered state_pubsub subscriber umgr.0000.subscriber._state_sub_cb
2017-10-13 01:15:00,681: umgr.0000           : task-manager                    : MainThread     : DEBUG   : advance bulk size: 1 [False, False]
2017-10-13 01:15:00,704: umgr.0000           : task-manager                    : MainThread     : DEBUG   : advance bulk size: 1 [True, True]
2017-10-13 01:15:00,704: umgr.0000           : task-manager                    : MainThread     : DEBUG   : put bulk UMGR_SCHEDULING_PENDING: 1
2017-10-13 01:15:00,706: umgr.0000           : task-manager                    : umgr.0000.subscriber._state_sub_cb: INFO    : [Callback]: unit unit.000000 state: UMGR_SCHEDULING_PENDING.
2017-10-13 01:15:00,722: umgr.0000           : task-manager                    : umgr.0000.subscriber._state_sub_cb: DEBUG   : advance bulk size: 1 [False, False]
2017-10-13 01:15:00,724: umgr.0000           : task-manager                    : umgr.0000.subscriber._state_sub_cb: INFO    : [Callback]: unit unit.000000 state: UMGR_SCHEDULING.
2017-10-13 01:15:00,736: umgr.0000           : task-manager                    : umgr.0000.subscriber._state_sub_cb: DEBUG   : advance bulk size: 1 [False, False]
2017-10-13 01:15:00,737: umgr.0000           : task-manager                    : umgr.0000.subscriber._state_sub_cb: INFO    : [Callback]: unit unit.000000 state: UMGR_STAGING_INPUT_PENDING.
2017-10-13 01:15:00,749: umgr.0000           : task-manager                    : umgr.0000.subscriber._state_sub_cb: DEBUG   : advance bulk size: 1 [False, False]
2017-10-13 01:15:00,750: umgr.0000           : task-manager                    : umgr.0000.subscriber._state_sub_cb: INFO    : [Callback]: unit unit.000000 state: UMGR_STAGING_INPUT.
2017-10-13 01:15:00,762: umgr.0000           : task-manager                    : umgr.0000.subscriber._state_sub_cb: DEBUG   : advance bulk size: 1 [False, False]
2017-10-13 01:15:00,763: umgr.0000           : task-manager                    : umgr.0000.subscriber._state_sub_cb: INFO    : [Callback]: unit unit.000000 state: AGENT_STAGING_INPUT_PENDING.
2017-10-13 01:15:00,775: umgr.0000           : task-manager                    : umgr.0000.subscriber._state_sub_cb: DEBUG   : advance bulk size: 1 [False, False]
2017-10-13 01:15:01,661: umgr.0000           : task-manager                    : umgr.0000.idler._unit_pull_cb: INFO    :  === units pulled:    0
2017-10-13 01:15:02,661: umgr.0000           : task-manager                    : umgr.0000.idler._state_pull_cb: INFO    : [Callback]: unit unit.000000 state: AGENT_STAGING_INPUT.
2017-10-13 01:15:02,680: umgr.0000           : task-manager                    : umgr.0000.idler._state_pull_cb: DEBUG   : advance bulk size: 1 [False, True]
2017-10-13 01:15:02,705: umgr.0000           : task-manager                    : umgr.0000.idler._unit_pull_cb: INFO    :  === units pulled:    0
2017-10-13 01:15:03,730: umgr.0000           : task-manager                    : umgr.0000.idler._unit_pull_cb: INFO    :  === units pulled:    0
2017-10-13 01:15:04,755: umgr.0000           : task-manager                    : umgr.0000.idler._unit_pull_cb: INFO    :  === units pulled:    0
2017-10-13 01:15:05,780: umgr.0000           : task-manager                    : umgr.0000.idler._unit_pull_cb: INFO    :  === units pulled:    0
2017-10-13 01:15:06,804: umgr.0000           : task-manager                    : umgr.0000.idler._unit_pull_cb: INFO    :  === units pulled:    0
2017-10-13 01:15:07,830: umgr.0000           : task-manager                    : umgr.0000.idler._unit_pull_cb: INFO    :  === units pulled:    0
2017-10-13 01:15:08,855: umgr.0000           : task-manager                    : umgr.0000.idler._unit_pull_cb: INFO    :  === units pulled:    0
2017-10-13 01:15:09,880: umgr.0000           : task-manager                    : umgr.0000.idler._unit_pull_cb: INFO    :  === units pulled:    0
2017-10-13 01:15:10,881: umgr.0000           : task-manager                    : umgr.0000.idler._state_pull_cb: INFO    : [Callback]: unit unit.000000 state: AGENT_SCHEDULING_PENDING.
2017-10-13 01:15:10,894: umgr.0000           : task-manager                    : umgr.0000.idler._state_pull_cb: DEBUG   : advance bulk size: 1 [False, True]
2017-10-13 01:15:10,895: umgr.0000           : task-manager                    : umgr.0000.idler._state_pull_cb: INFO    : [Callback]: unit unit.000000 state: AGENT_SCHEDULING.
2017-10-13 01:15:10,907: umgr.0000           : task-manager                    : umgr.0000.idler._state_pull_cb: DEBUG   : advance bulk size: 1 [False, True]
2017-10-13 01:15:10,908: umgr.0000           : task-manager                    : umgr.0000.idler._state_pull_cb: INFO    : [Callback]: unit unit.000000 state: AGENT_EXECUTING_PENDING.
2017-10-13 01:15:10,921: umgr.0000           : task-manager                    : umgr.0000.idler._state_pull_cb: DEBUG   : advance bulk size: 1 [False, True]
2017-10-13 01:15:10,922: umgr.0000           : task-manager                    : umgr.0000.idler._state_pull_cb: INFO    : [Callback]: unit unit.000000 state: AGENT_EXECUTING.
2017-10-13 01:15:10,936: umgr.0000           : task-manager                    : umgr.0000.idler._state_pull_cb: DEBUG   : advance bulk size: 1 [False, True]
2017-10-13 01:15:10,959: umgr.0000           : task-manager                    : umgr.0000.idler._unit_pull_cb: INFO    :  === units pulled:    0
2017-10-13 01:15:11,984: umgr.0000           : task-manager                    : umgr.0000.idler._unit_pull_cb: INFO    :  === units pulled:    0
2017-10-13 01:15:13,008: umgr.0000           : task-manager                    : umgr.0000.idler._unit_pull_cb: INFO    :  === units pulled:    0
2017-10-13 01:15:14,033: umgr.0000           : task-manager                    : umgr.0000.idler._unit_pull_cb: INFO    :  === units pulled:    0
2017-10-13 01:15:15,058: umgr.0000           : task-manager                    : umgr.0000.idler._unit_pull_cb: INFO    :  === units pulled:    0
2017-10-13 01:15:16,082: umgr.0000           : task-manager                    : umgr.0000.idler._unit_pull_cb: INFO    :  === units pulled:    0
2017-10-13 01:15:17,105: umgr.0000           : task-manager                    : umgr.0000.idler._unit_pull_cb: INFO    :  === units pulled:    0
2017-10-13 01:15:18,129: umgr.0000           : task-manager                    : umgr.0000.idler._unit_pull_cb: INFO    :  === units pulled:    0
2017-10-13 01:15:19,153: umgr.0000           : task-manager                    : umgr.0000.idler._unit_pull_cb: INFO    :  === units pulled:    0
2017-10-13 01:15:20,178: umgr.0000           : task-manager                    : umgr.0000.idler._unit_pull_cb: INFO    :  === units pulled:    0
2017-10-13 01:15:21,202: umgr.0000           : task-manager                    : umgr.0000.idler._unit_pull_cb: INFO    :  === units pulled:    0
2017-10-13 01:15:22,226: umgr.0000           : task-manager                    : umgr.0000.idler._unit_pull_cb: INFO    :  === units pulled:    0
2017-10-13 01:15:23,251: umgr.0000           : task-manager                    : umgr.0000.idler._unit_pull_cb: INFO    :  === units pulled:    0
2017-10-13 01:15:24,275: umgr.0000           : task-manager                    : umgr.0000.idler._unit_pull_cb: INFO    :  === units pulled:    0
2017-10-13 01:15:25,299: umgr.0000           : task-manager                    : umgr.0000.idler._unit_pull_cb: INFO    :  === units pulled:    0
2017-10-13 01:15:26,325: umgr.0000           : task-manager                    : umgr.0000.idler._unit_pull_cb: INFO    :  === units pulled:    0
2017-10-13 01:15:27,349: umgr.0000           : task-manager                    : umgr.0000.idler._unit_pull_cb: INFO    :  === units pulled:    0
2017-10-13 01:15:28,373: umgr.0000           : task-manager                    : umgr.0000.idler._unit_pull_cb: INFO    :  === units pulled:    0
2017-10-13 01:15:29,398: umgr.0000           : task-manager                    : umgr.0000.idler._unit_pull_cb: INFO    :  === units pulled:    0
2017-10-13 01:15:30,423: umgr.0000           : task-manager                    : umgr.0000.idler._unit_pull_cb: INFO    :  === units pulled:    0
2017-10-13 01:15:31,448: umgr.0000           : task-manager                    : umgr.0000.idler._unit_pull_cb: INFO    :  === units pulled:    0
2017-10-13 01:15:32,472: umgr.0000           : task-manager                    : umgr.0000.idler._unit_pull_cb: INFO    :  === units pulled:    0
2017-10-13 01:15:33,497: umgr.0000           : task-manager                    : umgr.0000.idler._unit_pull_cb: INFO    :  === units pulled:    0
2017-10-13 01:15:34,521: umgr.0000           : task-manager                    : umgr.0000.idler._unit_pull_cb: INFO    :  === units pulled:    0
2017-10-13 01:15:35,545: umgr.0000           : task-manager                    : umgr.0000.idler._unit_pull_cb: INFO    :  === units pulled:    0
2017-10-13 01:15:36,569: umgr.0000           : task-manager                    : umgr.0000.idler._unit_pull_cb: INFO    :  === units pulled:    0
2017-10-13 01:15:37,593: umgr.0000           : task-manager                    : umgr.0000.idler._unit_pull_cb: INFO    :  === units pulled:    0
2017-10-13 01:15:38,617: umgr.0000           : task-manager                    : umgr.0000.idler._unit_pull_cb: INFO    :  === units pulled:    0
2017-10-13 01:15:39,642: umgr.0000           : task-manager                    : umgr.0000.idler._unit_pull_cb: INFO    :  === units pulled:    0
2017-10-13 01:15:40,666: umgr.0000           : task-manager                    : umgr.0000.idler._unit_pull_cb: INFO    :  === units pulled:    0
2017-10-13 01:15:41,690: umgr.0000           : task-manager                    : umgr.0000.idler._unit_pull_cb: INFO    :  === units pulled:    0
2017-10-13 01:15:42,715: umgr.0000           : task-manager                    : umgr.0000.idler._unit_pull_cb: INFO    :  === units pulled:    0
2017-10-13 01:15:43,739: umgr.0000           : task-manager                    : umgr.0000.idler._unit_pull_cb: INFO    :  === units pulled:    0
2017-10-13 01:15:44,764: umgr.0000           : task-manager                    : umgr.0000.idler._unit_pull_cb: INFO    :  === units pulled:    0
2017-10-13 01:15:45,788: umgr.0000           : task-manager                    : umgr.0000.idler._unit_pull_cb: INFO    :  === units pulled:    0
2017-10-13 01:15:46,813: umgr.0000           : task-manager                    : umgr.0000.idler._unit_pull_cb: INFO    :  === units pulled:    0
2017-10-13 01:15:47,838: umgr.0000           : task-manager                    : umgr.0000.idler._unit_pull_cb: INFO    :  === units pulled:    0
2017-10-13 01:15:48,862: umgr.0000           : task-manager                    : umgr.0000.idler._unit_pull_cb: INFO    :  === units pulled:    0
2017-10-13 01:15:49,887: umgr.0000           : task-manager                    : umgr.0000.idler._unit_pull_cb: INFO    :  === units pulled:    0
2017-10-13 01:15:50,912: umgr.0000           : task-manager                    : umgr.0000.idler._unit_pull_cb: INFO    :  === units pulled:    0
2017-10-13 01:15:51,937: umgr.0000           : task-manager                    : umgr.0000.idler._unit_pull_cb: INFO    :  === units pulled:    0
2017-10-13 01:15:52,962: umgr.0000           : task-manager                    : umgr.0000.idler._unit_pull_cb: INFO    :  === units pulled:    0
2017-10-13 01:15:53,986: umgr.0000           : task-manager                    : umgr.0000.idler._unit_pull_cb: INFO    :  === units pulled:    0
2017-10-13 01:15:55,024: umgr.0000           : task-manager                    : umgr.0000.idler._unit_pull_cb: INFO    :  === units pulled:    0
2017-10-13 01:15:56,049: umgr.0000           : task-manager                    : umgr.0000.idler._unit_pull_cb: INFO    :  === units pulled:    0
2017-10-13 01:15:57,074: umgr.0000           : task-manager                    : umgr.0000.idler._unit_pull_cb: INFO    :  === units pulled:    0
2017-10-13 01:15:58,099: umgr.0000           : task-manager                    : umgr.0000.idler._unit_pull_cb: INFO    :  === units pulled:    0
2017-10-13 01:15:59,123: umgr.0000           : task-manager                    : umgr.0000.idler._unit_pull_cb: INFO    :  === units pulled:    0
2017-10-13 01:16:00,148: umgr.0000           : task-manager                    : umgr.0000.idler._unit_pull_cb: INFO    :  === units pulled:    0
2017-10-13 01:16:01,172: umgr.0000           : task-manager                    : umgr.0000.idler._unit_pull_cb: INFO    :  === units pulled:    0
2017-10-13 01:16:02,197: umgr.0000           : task-manager                    : umgr.0000.idler._unit_pull_cb: INFO    :  === units pulled:    0
2017-10-13 01:16:03,222: umgr.0000           : task-manager                    : umgr.0000.idler._unit_pull_cb: INFO    :  === units pulled:    0
2017-10-13 01:16:04,247: umgr.0000           : task-manager                    : umgr.0000.idler._unit_pull_cb: INFO    :  === units pulled:    0
2017-10-13 01:16:05,273: umgr.0000           : task-manager                    : umgr.0000.idler._unit_pull_cb: INFO    :  === units pulled:    0
2017-10-13 01:16:06,297: umgr.0000           : task-manager                    : umgr.0000.idler._unit_pull_cb: INFO    :  === units pulled:    0
2017-10-13 01:16:07,322: umgr.0000           : task-manager                    : umgr.0000.idler._unit_pull_cb: INFO    :  === units pulled:    0
2017-10-13 01:16:08,346: umgr.0000           : task-manager                    : umgr.0000.idler._unit_pull_cb: INFO    :  === units pulled:    0
2017-10-13 01:16:09,371: umgr.0000           : task-manager                    : umgr.0000.idler._unit_pull_cb: INFO    :  === units pulled:    0
2017-10-13 01:16:10,397: umgr.0000           : task-manager                    : umgr.0000.idler._unit_pull_cb: INFO    :  === units pulled:    0
2017-10-13 01:16:11,422: umgr.0000           : task-manager                    : umgr.0000.idler._unit_pull_cb: INFO    :  === units pulled:    0
2017-10-13 01:16:12,447: umgr.0000           : task-manager                    : umgr.0000.idler._unit_pull_cb: INFO    :  === units pulled:    0
2017-10-13 01:16:13,471: umgr.0000           : task-manager                    : umgr.0000.idler._unit_pull_cb: INFO    :  === units pulled:    0
2017-10-13 01:16:14,496: umgr.0000           : task-manager                    : umgr.0000.idler._unit_pull_cb: INFO    :  === units pulled:    0
2017-10-13 01:16:15,521: umgr.0000           : task-manager                    : umgr.0000.idler._unit_pull_cb: INFO    :  === units pulled:    0
2017-10-13 01:16:16,546: umgr.0000           : task-manager                    : umgr.0000.idler._unit_pull_cb: INFO    :  === units pulled:    0
2017-10-13 01:16:17,570: umgr.0000           : task-manager                    : umgr.0000.idler._unit_pull_cb: INFO    :  === units pulled:    0
2017-10-13 01:16:18,594: umgr.0000           : task-manager                    : umgr.0000.idler._unit_pull_cb: INFO    :  === units pulled:    0
2017-10-13 01:16:19,619: umgr.0000           : task-manager                    : umgr.0000.idler._unit_pull_cb: INFO    :  === units pulled:    0
2017-10-13 01:16:20,643: umgr.0000           : task-manager                    : umgr.0000.idler._unit_pull_cb: INFO    :  === units pulled:    0
2017-10-13 01:16:21,668: umgr.0000           : task-manager                    : umgr.0000.idler._unit_pull_cb: INFO    :  === units pulled:    0
2017-10-13 01:16:22,692: umgr.0000           : task-manager                    : umgr.0000.idler._unit_pull_cb: INFO    :  === units pulled:    0
2017-10-13 01:16:23,716: umgr.0000           : task-manager                    : umgr.0000.idler._unit_pull_cb: INFO    :  === units pulled:    0
2017-10-13 01:16:24,741: umgr.0000           : task-manager                    : umgr.0000.idler._unit_pull_cb: INFO    :  === units pulled:    0
2017-10-13 01:16:25,766: umgr.0000           : task-manager                    : umgr.0000.idler._unit_pull_cb: INFO    :  === units pulled:    0
2017-10-13 01:16:26,790: umgr.0000           : task-manager                    : umgr.0000.idler._unit_pull_cb: INFO    :  === units pulled:    0
2017-10-13 01:16:27,815: umgr.0000           : task-manager                    : umgr.0000.idler._unit_pull_cb: INFO    :  === units pulled:    0
2017-10-13 01:16:28,840: umgr.0000           : task-manager                    : umgr.0000.idler._unit_pull_cb: INFO    :  === units pulled:    0
2017-10-13 01:16:29,865: umgr.0000           : task-manager                    : umgr.0000.idler._unit_pull_cb: INFO    :  === units pulled:    0
2017-10-13 01:16:30,889: umgr.0000           : task-manager                    : umgr.0000.idler._unit_pull_cb: INFO    :  === units pulled:    0
2017-10-13 01:16:31,913: umgr.0000           : task-manager                    : umgr.0000.idler._unit_pull_cb: INFO    :  === units pulled:    0
2017-10-13 01:16:32,938: umgr.0000           : task-manager                    : umgr.0000.idler._unit_pull_cb: INFO    :  === units pulled:    0
2017-10-13 01:16:33,963: umgr.0000           : task-manager                    : umgr.0000.idler._unit_pull_cb: INFO    :  === units pulled:    0
2017-10-13 01:16:34,988: umgr.0000           : task-manager                    : umgr.0000.idler._unit_pull_cb: INFO    :  === units pulled:    0
2017-10-13 01:16:36,027: umgr.0000           : task-manager                    : umgr.0000.idler._unit_pull_cb: INFO    :  === units pulled:    0
2017-10-13 01:16:37,051: umgr.0000           : task-manager                    : umgr.0000.idler._unit_pull_cb: INFO    :  === units pulled:    0
2017-10-13 01:16:38,076: umgr.0000           : task-manager                    : umgr.0000.idler._unit_pull_cb: INFO    :  === units pulled:    0
2017-10-13 01:16:39,100: umgr.0000           : task-manager                    : umgr.0000.idler._unit_pull_cb: INFO    :  === units pulled:    0
2017-10-13 01:16:40,125: umgr.0000           : task-manager                    : umgr.0000.idler._unit_pull_cb: INFO    :  === units pulled:    0
2017-10-13 01:16:41,151: umgr.0000           : task-manager                    : umgr.0000.idler._unit_pull_cb: INFO    :  === units pulled:    0
2017-10-13 01:16:42,175: umgr.0000           : task-manager                    : umgr.0000.idler._unit_pull_cb: INFO    :  === units pulled:    0
2017-10-13 01:16:43,199: umgr.0000           : task-manager                    : umgr.0000.idler._unit_pull_cb: INFO    :  === units pulled:    0
2017-10-13 01:16:44,223: umgr.0000           : task-manager                    : umgr.0000.idler._unit_pull_cb: INFO    :  === units pulled:    0
2017-10-13 01:16:45,247: umgr.0000           : task-manager                    : umgr.0000.idler._unit_pull_cb: INFO    :  === units pulled:    0
2017-10-13 01:16:46,271: umgr.0000           : task-manager                    : umgr.0000.idler._unit_pull_cb: INFO    :  === units pulled:    0
2017-10-13 01:16:47,295: umgr.0000           : task-manager                    : umgr.0000.idler._unit_pull_cb: INFO    :  === units pulled:    0
2017-10-13 01:16:48,320: umgr.0000           : task-manager                    : umgr.0000.idler._unit_pull_cb: INFO    :  === units pulled:    0
2017-10-13 01:16:49,345: umgr.0000           : task-manager                    : umgr.0000.idler._unit_pull_cb: INFO    :  === units pulled:    0
2017-10-13 01:16:50,378: umgr.0000           : task-manager                    : umgr.0000.idler._unit_pull_cb: INFO    :  === units pulled:    0
2017-10-13 01:16:51,403: umgr.0000           : task-manager                    : umgr.0000.idler._unit_pull_cb: INFO    :  === units pulled:    0
2017-10-13 01:16:52,427: umgr.0000           : task-manager                    : umgr.0000.idler._unit_pull_cb: INFO    :  === units pulled:    0
2017-10-13 01:16:53,451: umgr.0000           : task-manager                    : umgr.0000.idler._unit_pull_cb: INFO    :  === units pulled:    0
2017-10-13 01:16:54,476: umgr.0000           : task-manager                    : umgr.0000.idler._unit_pull_cb: INFO    :  === units pulled:    0
2017-10-13 01:16:55,501: umgr.0000           : task-manager                    : umgr.0000.idler._unit_pull_cb: INFO    :  === units pulled:    0
2017-10-13 01:16:56,525: umgr.0000           : task-manager                    : umgr.0000.idler._unit_pull_cb: INFO    :  === units pulled:    0
2017-10-13 01:16:57,550: umgr.0000           : task-manager                    : umgr.0000.idler._unit_pull_cb: INFO    :  === units pulled:    0
2017-10-13 01:16:58,575: umgr.0000           : task-manager                    : umgr.0000.idler._unit_pull_cb: INFO    :  === units pulled:    0
2017-10-13 01:16:59,599: umgr.0000           : task-manager                    : umgr.0000.idler._unit_pull_cb: INFO    :  === units pulled:    0
2017-10-13 01:17:00,624: umgr.0000           : task-manager                    : umgr.0000.idler._unit_pull_cb: INFO    :  === units pulled:    0
2017-10-13 01:17:01,648: umgr.0000           : task-manager                    : umgr.0000.idler._unit_pull_cb: INFO    :  === units pulled:    0
2017-10-13 01:17:02,672: umgr.0000           : task-manager                    : umgr.0000.idler._unit_pull_cb: INFO    :  === units pulled:    0
2017-10-13 01:17:03,698: umgr.0000           : task-manager                    : umgr.0000.idler._unit_pull_cb: INFO    :  === units pulled:    0
2017-10-13 01:17:04,723: umgr.0000           : task-manager                    : umgr.0000.idler._unit_pull_cb: INFO    :  === units pulled:    0
2017-10-13 01:17:05,748: umgr.0000           : task-manager                    : umgr.0000.idler._unit_pull_cb: INFO    :  === units pulled:    0
2017-10-13 01:17:06,772: umgr.0000           : task-manager                    : umgr.0000.idler._unit_pull_cb: INFO    :  === units pulled:    0
2017-10-13 01:17:07,796: umgr.0000           : task-manager                    : umgr.0000.idler._unit_pull_cb: INFO    :  === units pulled:    0
2017-10-13 01:17:08,821: umgr.0000           : task-manager                    : umgr.0000.idler._unit_pull_cb: INFO    :  === units pulled:    0
2017-10-13 01:17:09,846: umgr.0000           : task-manager                    : umgr.0000.idler._unit_pull_cb: INFO    :  === units pulled:    0
2017-10-13 01:17:10,870: umgr.0000           : task-manager                    : umgr.0000.idler._unit_pull_cb: INFO    :  === units pulled:    0
2017-10-13 01:17:11,895: umgr.0000           : task-manager                    : umgr.0000.idler._unit_pull_cb: INFO    :  === units pulled:    0
2017-10-13 01:17:12,920: umgr.0000           : task-manager                    : umgr.0000.idler._unit_pull_cb: INFO    :  === units pulled:    0
2017-10-13 01:17:13,944: umgr.0000           : task-manager                    : umgr.0000.idler._unit_pull_cb: INFO    :  === units pulled:    0
2017-10-13 01:17:14,969: umgr.0000           : task-manager                    : umgr.0000.idler._unit_pull_cb: INFO    :  === units pulled:    0
2017-10-13 01:17:15,993: umgr.0000           : task-manager                    : umgr.0000.idler._unit_pull_cb: INFO    :  === units pulled:    0
2017-10-13 01:17:16,918: umgr.0000           : task-manager                    : umgr.0000.idler._state_pull_cb: INFO    : [Callback]: unit unit.000000 state: AGENT_STAGING_OUTPUT_PENDING.
2017-10-13 01:17:16,934: umgr.0000           : task-manager                    : umgr.0000.idler._state_pull_cb: DEBUG   : advance bulk size: 1 [False, True]
2017-10-13 01:17:17,020: umgr.0000           : task-manager                    : umgr.0000.idler._unit_pull_cb: INFO    :  === units pulled:    0
2017-10-13 01:17:18,045: umgr.0000           : task-manager                    : umgr.0000.idler._unit_pull_cb: INFO    :  === units pulled:    0
2017-10-13 01:17:19,068: umgr.0000           : task-manager                    : umgr.0000.idler._unit_pull_cb: INFO    :  === units pulled:    0
2017-10-13 01:17:20,092: umgr.0000           : task-manager                    : umgr.0000.idler._unit_pull_cb: INFO    :  === units pulled:    0
2017-10-13 01:17:21,117: umgr.0000           : task-manager                    : umgr.0000.idler._unit_pull_cb: INFO    :  === units pulled:    0
2017-10-13 01:17:22,142: umgr.0000           : task-manager                    : umgr.0000.idler._unit_pull_cb: INFO    :  === units pulled:    0
2017-10-13 01:17:23,166: umgr.0000           : task-manager                    : umgr.0000.idler._unit_pull_cb: INFO    :  === units pulled:    0
2017-10-13 01:17:24,190: umgr.0000           : task-manager                    : umgr.0000.idler._unit_pull_cb: INFO    :  === units pulled:    0
2017-10-13 01:17:25,215: umgr.0000           : task-manager                    : umgr.0000.idler._unit_pull_cb: INFO    :  === units pulled:    0
2017-10-13 01:17:26,176: umgr.0000           : task-manager                    : umgr.0000.idler._state_pull_cb: INFO    : [Callback]: unit unit.000000 state: AGENT_STAGING_OUTPUT.
2017-10-13 01:17:26,191: umgr.0000           : task-manager                    : umgr.0000.idler._state_pull_cb: DEBUG   : advance bulk size: 1 [False, True]
2017-10-13 01:17:26,192: umgr.0000           : task-manager                    : umgr.0000.idler._state_pull_cb: INFO    : [Callback]: unit unit.000000 state: UMGR_STAGING_OUTPUT_PENDING.
2017-10-13 01:17:26,205: umgr.0000           : task-manager                    : umgr.0000.idler._state_pull_cb: DEBUG   : advance bulk size: 1 [False, True]
2017-10-13 01:17:26,303: umgr.0000           : task-manager                    : umgr.0000.idler._unit_pull_cb: INFO    : units pulled:    1 [u'unit.000000']
2017-10-13 01:17:26,303: umgr.0000           : task-manager                    : umgr.0000.idler._unit_pull_cb: DEBUG   :  === unit  pulled unit.000000: AGENT_STAGING_OUTPUT / UMGR_STAGING_OUTPUT_PENDING
2017-10-13 01:17:26,304: umgr.0000           : task-manager                    : umgr.0000.idler._unit_pull_cb: DEBUG   : advance bulk size: 1 [True, True]
2017-10-13 01:17:26,305: umgr.0000           : task-manager                    : umgr.0000.idler._unit_pull_cb: DEBUG   : put bulk UMGR_STAGING_OUTPUT_PENDING: 1
2017-10-13 01:17:26,312: umgr.0000           : task-manager                    : umgr.0000.subscriber._state_sub_cb: INFO    : [Callback]: unit unit.000000 state: UMGR_STAGING_OUTPUT.
2017-10-13 01:17:26,325: umgr.0000           : task-manager                    : umgr.0000.subscriber._state_sub_cb: DEBUG   : advance bulk size: 1 [False, False]
2017-10-13 01:17:26,326: umgr.0000           : task-manager                    : umgr.0000.subscriber._state_sub_cb: INFO    : [Callback]: unit unit.000000 state: DONE.
2017-10-13 01:17:26,345: umgr.0000           : task-manager                    : umgr.0000.subscriber._state_sub_cb: DEBUG   : advance bulk size: 1 [False, False]
