2017-08-22 10:50:04,985: umgr.reschedule.pubsub.bridge.0000: task-manager                    : MainThread     : INFO    : python.interpreter   version: 2.7.12 (default, Nov 19 2016, 06:48:10) [GCC 5.4.0 20160609]
2017-08-22 10:50:04,986: umgr.reschedule.pubsub.bridge.0000: task-manager                    : MainThread     : INFO    :                      pid: 12859
2017-08-22 10:50:04,986: umgr.reschedule.pubsub.bridge.0000: task-manager                    : MainThread     : INFO    :                      tid: MainThread
2017-08-22 10:50:04,986: umgr.reschedule.pubsub.bridge.0000: task-manager                    : MainThread     : INFO    : radical.pilot        version: 0.46-v0.46.RC2@devel
2017-08-22 10:50:04,986: umgr.reschedule.pubsub.bridge.0000: task-manager                    : MainThread     : INFO    : create umgr_reschedule_pubsub - bridge - tcp://*:*
2017-08-22 10:50:04,987: umgr.reschedule.pubsub.bridge.0000: task-manager                    : MainThread     : DEBUG   : start process
2017-08-22 10:50:04,997: umgr.reschedule.pubsub.bridge.0000: umgr.reschedule.pubsub.bridge.0000: MainThread     : DEBUG   : ru_initialize_common (NOOP)
2017-08-22 10:50:05,002: umgr.reschedule.pubsub.bridge.0000: umgr.reschedule.pubsub.bridge.0000.child: MainThread     : INFO    : child (me) initializing
2017-08-22 10:50:05,003: umgr.reschedule.pubsub.bridge.0000: umgr.reschedule.pubsub.bridge.0000.child: MainThread     : DEBUG   : parent name: umgr.reschedule.pubsub.bridge.0000.child.watch
2017-08-22 10:50:05,003: umgr.reschedule.pubsub.bridge.0000: umgr.reschedule.pubsub.bridge.0000.child: MainThread     : DEBUG   : start thread
2017-08-22 10:50:05,003: umgr.reschedule.pubsub.bridge.0000: umgr.reschedule.pubsub.bridge.0000.child: umgr.reschedule.pubsub.bridge.0000.child.watch: DEBUG   : child name: umgr.reschedule.pubsub.bridge.0000.child.watch.thread
2017-08-22 10:50:05,004: umgr.reschedule.pubsub.bridge.0000: umgr.reschedule.pubsub.bridge.0000.child: umgr.reschedule.pubsub.bridge.0000.child.watch: INFO    : child (me) initializing
2017-08-22 10:50:05,004: umgr.reschedule.pubsub.bridge.0000: umgr.reschedule.pubsub.bridge.0000.child: umgr.reschedule.pubsub.bridge.0000.child.watch: DEBUG   : ru_initialize_common (NOOP)
2017-08-22 10:50:05,004: umgr.reschedule.pubsub.bridge.0000: umgr.reschedule.pubsub.bridge.0000.child: umgr.reschedule.pubsub.bridge.0000.child.watch: DEBUG   : ru_initialize_child (NOOP)
2017-08-22 10:50:05,004: umgr.reschedule.pubsub.bridge.0000: umgr.reschedule.pubsub.bridge.0000.child: umgr.reschedule.pubsub.bridge.0000.child.watch: INFO    : send alive
2017-08-22 10:50:05,004: umgr.reschedule.pubsub.bridge.0000: umgr.reschedule.pubsub.bridge.0000.child: umgr.reschedule.pubsub.bridge.0000.child.watch: INFO    : put message: [umgr.reschedule.pubsub.bridge.0000.child.watch.thread] alive
2017-08-22 10:50:05,005: umgr.reschedule.pubsub.bridge.0000: umgr.reschedule.pubsub.bridge.0000.child: MainThread     : INFO    : get msg: alive
2017-08-22 10:50:05,005: umgr.reschedule.pubsub.bridge.0000: umgr.reschedule.pubsub.bridge.0000.child: MainThread     : DEBUG   : ru_initialize_common (NOOP)
2017-08-22 10:50:05,005: umgr.reschedule.pubsub.bridge.0000: umgr.reschedule.pubsub.bridge.0000.child: MainThread     : DEBUG   : ru_initialize_parent (NOOP)
2017-08-22 10:50:05,005: umgr.reschedule.pubsub.bridge.0000: umgr.reschedule.pubsub.bridge.0000.child: MainThread     : DEBUG   : child thread umgr.reschedule.pubsub.bridge.0000.child.watch started
2017-08-22 10:50:05,005: umgr.reschedule.pubsub.bridge.0000: umgr.reschedule.pubsub.bridge.0000.child: MainThread     : INFO    : child (me) is alive
2017-08-22 10:50:05,006: umgr.reschedule.pubsub.bridge.0000: umgr.reschedule.pubsub.bridge.0000.child: MainThread     : INFO    : send alive
2017-08-22 10:50:05,006: umgr.reschedule.pubsub.bridge.0000: umgr.reschedule.pubsub.bridge.0000.child: MainThread     : INFO    : send message: [umgr.reschedule.pubsub.bridge.0000.child] alive
2017-08-22 10:50:05,006: umgr.reschedule.pubsub.bridge.0000: task-manager                    : MainThread     : INFO    : recv message: alive
2017-08-22 10:50:05,006: umgr.reschedule.pubsub.bridge.0000: task-manager                    : MainThread     : DEBUG   : ru_initialize_common (NOOP)
2017-08-22 10:50:05,006: umgr.reschedule.pubsub.bridge.0000: task-manager                    : MainThread     : DEBUG   : ru_initialize_parent (NOOP)
2017-08-22 10:50:05,007: umgr.reschedule.pubsub.bridge.0000: task-manager                    : MainThread     : DEBUG   : parent name: umgr.reschedule.pubsub.bridge.0000.watch
2017-08-22 10:50:05,007: umgr.reschedule.pubsub.bridge.0000: task-manager                    : MainThread     : DEBUG   : start thread
2017-08-22 10:50:05,008: umgr.reschedule.pubsub.bridge.0000: task-manager                    : umgr.reschedule.pubsub.bridge.0000.watch: DEBUG   : child name: umgr.reschedule.pubsub.bridge.0000.watch.thread
2017-08-22 10:50:05,008: umgr.reschedule.pubsub.bridge.0000: task-manager                    : umgr.reschedule.pubsub.bridge.0000.watch: INFO    : child (me) initializing
2017-08-22 10:50:05,008: umgr.reschedule.pubsub.bridge.0000: task-manager                    : umgr.reschedule.pubsub.bridge.0000.watch: DEBUG   : ru_initialize_common (NOOP)
2017-08-22 10:50:05,008: umgr.reschedule.pubsub.bridge.0000: task-manager                    : umgr.reschedule.pubsub.bridge.0000.watch: DEBUG   : ru_initialize_child (NOOP)
2017-08-22 10:50:05,008: umgr.reschedule.pubsub.bridge.0000: task-manager                    : umgr.reschedule.pubsub.bridge.0000.watch: INFO    : send alive
2017-08-22 10:50:05,008: umgr.reschedule.pubsub.bridge.0000: task-manager                    : umgr.reschedule.pubsub.bridge.0000.watch: INFO    : put message: [umgr.reschedule.pubsub.bridge.0000.watch.thread] alive
2017-08-22 10:50:05,009: umgr.reschedule.pubsub.bridge.0000: task-manager                    : MainThread     : INFO    : get msg: alive
2017-08-22 10:50:05,009: umgr.reschedule.pubsub.bridge.0000: task-manager                    : MainThread     : DEBUG   : ru_initialize_common (NOOP)
2017-08-22 10:50:05,009: umgr.reschedule.pubsub.bridge.0000: task-manager                    : MainThread     : DEBUG   : ru_initialize_parent (NOOP)
2017-08-22 10:50:05,009: umgr.reschedule.pubsub.bridge.0000: task-manager                    : MainThread     : DEBUG   : child thread umgr.reschedule.pubsub.bridge.0000.watch started
2017-08-22 10:50:05,010: umgr.reschedule.pubsub.bridge.0000: task-manager                    : MainThread     : INFO    : child is alive
2017-08-22 10:50:05,010: umgr.reschedule.pubsub.bridge.0000: task-manager                    : MainThread     : DEBUG   : process class started child
2017-08-22 10:50:28,032: umgr.reschedule.pubsub.bridge.0000: umgr.reschedule.pubsub.bridge.0000.child: MainThread     : DEBUG   : ru_finalize_child (NOOP)
2017-08-22 10:50:28,034: umgr.reschedule.pubsub.bridge.0000: umgr.reschedule.pubsub.bridge.0000.child: MainThread     : INFO    : send message: [umgr.reschedule.pubsub.bridge.0000.child] terminating
2017-08-22 10:50:28,048: umgr.reschedule.pubsub.bridge.0000: umgr.reschedule.pubsub.bridge.0000.child: umgr.reschedule.pubsub.bridge.0000.child.watch: INFO    : watcher closes
2017-08-22 10:50:28,048: umgr.reschedule.pubsub.bridge.0000: umgr.reschedule.pubsub.bridge.0000.child: umgr.reschedule.pubsub.bridge.0000.child.watch: INFO    : put message: [umgr.reschedule.pubsub.bridge.0000.child.watch.thread] work finished
2017-08-22 10:50:28,048: umgr.reschedule.pubsub.bridge.0000: umgr.reschedule.pubsub.bridge.0000.child: umgr.reschedule.pubsub.bridge.0000.child.watch: DEBUG   : ru_finalize_child (NOOP)
2017-08-22 10:50:28,048: umgr.reschedule.pubsub.bridge.0000: umgr.reschedule.pubsub.bridge.0000.child: umgr.reschedule.pubsub.bridge.0000.child.watch: DEBUG   : ru_finalize_common (NOOP)
2017-08-22 10:50:28,049: umgr.reschedule.pubsub.bridge.0000: umgr.reschedule.pubsub.bridge.0000.child: umgr.reschedule.pubsub.bridge.0000.child.watch: INFO    : put message: [umgr.reschedule.pubsub.bridge.0000.child.watch.thread] terminating
