2017-08-21 09:17:28,379: log.pubsub.pub.0001 : pmgr.launching.0                : MainThread     : INFO    : python.interpreter   version: 2.7.12 (default, Nov 19 2016, 06:48:10) [GCC 5.4.0 20160609]
2017-08-21 09:17:28,380: log.pubsub.pub.0001 : pmgr.launching.0                : MainThread     : INFO    :                      pid: 13467
2017-08-21 09:17:28,380: log.pubsub.pub.0001 : pmgr.launching.0                : MainThread     : INFO    :                      tid: MainThread
2017-08-21 09:17:28,380: log.pubsub.pub.0001 : pmgr.launching.0                : MainThread     : INFO    : radical.pilot        version: 0.46-v0.46.RC2@devel
2017-08-21 09:17:28,380: log.pubsub.pub.0001 : pmgr.launching.0                : MainThread     : INFO    : create log_pubsub - pub - tcp://172.30.238.6:39325
2017-08-21 09:17:28,381: log.pubsub.pub.0001 : pmgr.launching.0                : MainThread     : DEBUG   : start process
2017-08-21 09:17:28,381: log.pubsub.pub.0001 : pmgr.launching.0                : MainThread     : DEBUG   : ru_initialize_common (NOOP)
2017-08-21 09:17:28,381: log.pubsub.pub.0001 : pmgr.launching.0                : MainThread     : DEBUG   : ru_initialize_parent (NOOP)
2017-08-21 09:17:28,382: log.pubsub.pub.0001 : pmgr.launching.0                : MainThread     : DEBUG   : process class started (no child)
2017-08-21 09:17:28,437: log.pubsub.pub.0001 : MainProcess                     : MainThread     : INFO    : python.interpreter   version: 2.7.12 (default, Nov 19 2016, 06:48:10) [GCC 5.4.0 20160609]
2017-08-21 09:17:28,438: log.pubsub.pub.0001 : MainProcess                     : MainThread     : INFO    :                      pid: 13316
2017-08-21 09:17:28,438: log.pubsub.pub.0001 : MainProcess                     : MainThread     : INFO    :                      tid: MainThread
2017-08-21 09:17:28,438: log.pubsub.pub.0001 : MainProcess                     : MainThread     : INFO    : radical.pilot        version: 0.46-v0.46.RC2@devel
2017-08-21 09:17:28,438: log.pubsub.pub.0001 : MainProcess                     : MainThread     : INFO    : create log_pubsub - pub - tcp://172.30.238.6:39325
2017-08-21 09:17:28,439: log.pubsub.pub.0001 : MainProcess                     : MainThread     : DEBUG   : start process
2017-08-21 09:17:28,439: log.pubsub.pub.0001 : MainProcess                     : MainThread     : DEBUG   : ru_initialize_common (NOOP)
2017-08-21 09:17:28,439: log.pubsub.pub.0001 : MainProcess                     : MainThread     : DEBUG   : ru_initialize_parent (NOOP)
2017-08-21 09:17:28,439: log.pubsub.pub.0001 : MainProcess                     : MainThread     : DEBUG   : process class started (no child)
2017-08-21 09:35:26,105: log.pubsub.pub.0001 : MainProcess                     : MainThread     : INFO    : parent stops child
2017-08-21 09:35:26,105: log.pubsub.pub.0001 : MainProcess                     : MainThread     : DEBUG   : ru_finalize_parent (NOOP)
