2017-10-12 17:21:14,538: umgr.scheduling.queue.bridge.0000.child: umgr.scheduling.queue.bridge.0000.child: MainThread     : INFO    : python.interpreter   version: 2.7.12 (default, Nov 19 2016, 06:48:10) [GCC 5.4.0 20160609]
2017-10-12 17:21:14,539: umgr.scheduling.queue.bridge.0000.child: umgr.scheduling.queue.bridge.0000.child: MainThread     : INFO    :                      pid: 23631
2017-10-12 17:21:14,539: umgr.scheduling.queue.bridge.0000.child: umgr.scheduling.queue.bridge.0000.child: MainThread     : INFO    :                      tid: MainThread
2017-10-12 17:21:14,539: umgr.scheduling.queue.bridge.0000.child: umgr.scheduling.queue.bridge.0000.child: MainThread     : INFO    : radical.pilot        version: 0.46-v0.46.RC2@devel
2017-10-12 17:21:14,540: umgr.scheduling.queue.bridge.0000.child: umgr.scheduling.queue.bridge.0000.child: MainThread     : INFO    : start bridge umgr.scheduling.queue.bridge.0000.child on tcp://*:*
2017-10-12 17:21:14,541: umgr.scheduling.queue.bridge.0000.child: umgr.scheduling.queue.bridge.0000.child: MainThread     : INFO    : bound bridge umgr.scheduling.queue.bridge.0000.child to tcp://0.0.0.0:40119 : tcp://0.0.0.0:46447
2017-10-12 17:21:21,438: umgr.scheduling.queue.bridge.0000.child: umgr.scheduling.queue.bridge.0000.child: MainThread     : DEBUG   : sent  1 [hwm: 1]
2017-10-12 17:21:21,527: umgr.scheduling.queue.bridge.0000.child: umgr.scheduling.queue.bridge.0000.child: MainThread     : DEBUG   : sent  1 [hwm: 1]
2017-10-12 17:21:21,609: umgr.scheduling.queue.bridge.0000.child: umgr.scheduling.queue.bridge.0000.child: MainThread     : DEBUG   : sent  1 [hwm: 1]
2017-10-12 17:21:21,694: umgr.scheduling.queue.bridge.0000.child: umgr.scheduling.queue.bridge.0000.child: MainThread     : DEBUG   : sent  1 [hwm: 1]
2017-10-12 17:21:21,761: umgr.scheduling.queue.bridge.0000.child: umgr.scheduling.queue.bridge.0000.child: MainThread     : DEBUG   : sent  1 [hwm: 1]
2017-10-12 17:21:21,955: umgr.scheduling.queue.bridge.0000.child: umgr.scheduling.queue.bridge.0000.child: MainThread     : DEBUG   : sent  1 [hwm: 1]
2017-10-12 17:21:22,024: umgr.scheduling.queue.bridge.0000.child: umgr.scheduling.queue.bridge.0000.child: MainThread     : DEBUG   : sent  1 [hwm: 1]
2017-10-12 17:21:22,090: umgr.scheduling.queue.bridge.0000.child: umgr.scheduling.queue.bridge.0000.child: MainThread     : DEBUG   : sent  1 [hwm: 1]
2017-10-12 17:21:22,165: umgr.scheduling.queue.bridge.0000.child: umgr.scheduling.queue.bridge.0000.child: MainThread     : DEBUG   : sent  1 [hwm: 1]
2017-10-12 17:21:22,234: umgr.scheduling.queue.bridge.0000.child: umgr.scheduling.queue.bridge.0000.child: MainThread     : DEBUG   : sent  1 [hwm: 1]
2017-10-12 17:21:22,554: umgr.scheduling.queue.bridge.0000.child: umgr.scheduling.queue.bridge.0000.child: MainThread     : DEBUG   : sent  1 [hwm: 1]
2017-10-12 17:21:22,624: umgr.scheduling.queue.bridge.0000.child: umgr.scheduling.queue.bridge.0000.child: MainThread     : DEBUG   : sent  1 [hwm: 1]
2017-10-12 17:21:22,691: umgr.scheduling.queue.bridge.0000.child: umgr.scheduling.queue.bridge.0000.child: MainThread     : DEBUG   : sent  1 [hwm: 1]
2017-10-12 17:21:22,774: umgr.scheduling.queue.bridge.0000.child: umgr.scheduling.queue.bridge.0000.child: MainThread     : DEBUG   : sent  1 [hwm: 1]
2017-10-12 17:21:22,842: umgr.scheduling.queue.bridge.0000.child: umgr.scheduling.queue.bridge.0000.child: MainThread     : DEBUG   : sent  1 [hwm: 1]
2017-10-12 17:21:22,910: umgr.scheduling.queue.bridge.0000.child: umgr.scheduling.queue.bridge.0000.child: MainThread     : DEBUG   : sent  1 [hwm: 1]
2017-10-12 17:23:11,800: umgr.scheduling.queue.bridge.0000.child: umgr.scheduling.queue.bridge.0000.child: MainThread     : WARNING : not alive anymore?
2017-10-12 17:23:11,801: umgr.scheduling.queue.bridge.0000.child: umgr.scheduling.queue.bridge.0000.child: MainThread     : WARNING : send failed ([Errno 9] Bad file descriptor) - terminate
2017-10-12 17:23:11,802: umgr.scheduling.queue.bridge.0000.child: umgr.scheduling.queue.bridge.0000.child: MainThread     : WARNING : send failed ([Errno 9] Bad file descriptor) - terminate
