2017-08-21 15:15:33,148: rp.session.js-17-212.jetstream-cloud.org.vivek91.017399.0014: MainProcess                     : MainThread     : INFO    : python.interpreter   version: 2.7.12 (default, Nov 19 2016, 06:48:10) [GCC 5.4.0 20160609]
2017-08-21 15:15:33,149: rp.session.js-17-212.jetstream-cloud.org.vivek91.017399.0014: MainProcess                     : MainThread     : INFO    :                      pid: 26543
2017-08-21 15:15:33,149: rp.session.js-17-212.jetstream-cloud.org.vivek91.017399.0014: MainProcess                     : MainThread     : INFO    :                      tid: MainThread
2017-08-21 15:15:33,149: rp.session.js-17-212.jetstream-cloud.org.vivek91.017399.0014: MainProcess                     : MainThread     : INFO    : radical.pilot        version: 0.46-v0.46.RC2@devel
2017-08-21 15:15:33,149: rp.session.js-17-212.jetstream-cloud.org.vivek91.017399.0014: MainProcess                     : MainThread     : INFO    : using database mongodb://user:user@ds153652.mlab.com:53652/test_08_08
2017-08-21 15:15:34,198: rp.session.js-17-212.jetstream-cloud.org.vivek91.017399.0014: MainProcess                     : MainThread     : INFO    : Load resource configurations from /home/vivek91/ves/entk-exp/local/lib/python2.7/site-packages/radical/pilot/configs/resource_ncsa.json
2017-08-21 15:15:34,211: rp.session.js-17-212.jetstream-cloud.org.vivek91.017399.0014: MainProcess                     : MainThread     : INFO    : Load resource configurations for ncsa.bw_orte
2017-08-21 15:15:34,212: rp.session.js-17-212.jetstream-cloud.org.vivek91.017399.0014: MainProcess                     : MainThread     : INFO    : Load resource configurations for ncsa.bw_ccm_ssh
2017-08-21 15:15:34,212: rp.session.js-17-212.jetstream-cloud.org.vivek91.017399.0014: MainProcess                     : MainThread     : INFO    : Load resource configurations for ncsa.bw_ortelib
2017-08-21 15:15:34,213: rp.session.js-17-212.jetstream-cloud.org.vivek91.017399.0014: MainProcess                     : MainThread     : INFO    : Load resource configurations for ncsa.bw_aprun
2017-08-21 15:15:34,214: rp.session.js-17-212.jetstream-cloud.org.vivek91.017399.0014: MainProcess                     : MainThread     : INFO    : Load resource configurations for ncsa.bw_local_orte
2017-08-21 15:15:34,214: rp.session.js-17-212.jetstream-cloud.org.vivek91.017399.0014: MainProcess                     : MainThread     : INFO    : Load resource configurations from /home/vivek91/ves/entk-exp/local/lib/python2.7/site-packages/radical/pilot/configs/resource_iu.json
2017-08-21 15:15:34,221: rp.session.js-17-212.jetstream-cloud.org.vivek91.017399.0014: MainProcess                     : MainThread     : INFO    : Load resource configurations for iu.bigred2_ccm_ssh
2017-08-21 15:15:34,221: rp.session.js-17-212.jetstream-cloud.org.vivek91.017399.0014: MainProcess                     : MainThread     : INFO    : Load resource configurations for iu.bigred2_aprun
2017-08-21 15:15:34,222: rp.session.js-17-212.jetstream-cloud.org.vivek91.017399.0014: MainProcess                     : MainThread     : INFO    : Load resource configurations from /home/vivek91/ves/entk-exp/local/lib/python2.7/site-packages/radical/pilot/configs/resource_osg.json
2017-08-21 15:15:34,227: rp.session.js-17-212.jetstream-cloud.org.vivek91.017399.0014: MainProcess                     : MainThread     : INFO    : Load resource configurations for osg.xsede-virt-clust
2017-08-21 15:15:34,227: rp.session.js-17-212.jetstream-cloud.org.vivek91.017399.0014: MainProcess                     : MainThread     : INFO    : Load resource configurations for osg.connect
2017-08-21 15:15:34,228: rp.session.js-17-212.jetstream-cloud.org.vivek91.017399.0014: MainProcess                     : MainThread     : INFO    : Load resource configurations from /home/vivek91/ves/entk-exp/local/lib/python2.7/site-packages/radical/pilot/configs/resource_yale.json
2017-08-21 15:15:34,230: rp.session.js-17-212.jetstream-cloud.org.vivek91.017399.0014: MainProcess                     : MainThread     : INFO    : Load resource configurations for yale.grace_ssh
2017-08-21 15:15:34,231: rp.session.js-17-212.jetstream-cloud.org.vivek91.017399.0014: MainProcess                     : MainThread     : INFO    : Load resource configurations from /home/vivek91/ves/entk-exp/local/lib/python2.7/site-packages/radical/pilot/configs/resource_lumc.json
2017-08-21 15:15:34,235: rp.session.js-17-212.jetstream-cloud.org.vivek91.017399.0014: MainProcess                     : MainThread     : INFO    : Load resource configurations for lumc.gb-ui_ssh
2017-08-21 15:15:34,235: rp.session.js-17-212.jetstream-cloud.org.vivek91.017399.0014: MainProcess                     : MainThread     : INFO    : Load resource configurations for lumc.shark_ssh
2017-08-21 15:15:34,236: rp.session.js-17-212.jetstream-cloud.org.vivek91.017399.0014: MainProcess                     : MainThread     : INFO    : Load resource configurations from /home/vivek91/ves/entk-exp/local/lib/python2.7/site-packages/radical/pilot/configs/resource_ornl.json
2017-08-21 15:15:34,243: rp.session.js-17-212.jetstream-cloud.org.vivek91.017399.0014: MainProcess                     : MainThread     : INFO    : Load resource configurations for ornl.titan_orte
2017-08-21 15:15:34,243: rp.session.js-17-212.jetstream-cloud.org.vivek91.017399.0014: MainProcess                     : MainThread     : INFO    : Load resource configurations for ornl.titan_aprun
2017-08-21 15:15:34,244: rp.session.js-17-212.jetstream-cloud.org.vivek91.017399.0014: MainProcess                     : MainThread     : INFO    : Load resource configurations for ornl.titan_ortelib
2017-08-21 15:15:34,245: rp.session.js-17-212.jetstream-cloud.org.vivek91.017399.0014: MainProcess                     : MainThread     : INFO    : Load resource configurations from /home/vivek91/ves/entk-exp/local/lib/python2.7/site-packages/radical/pilot/configs/resource_stfc.json
2017-08-21 15:15:34,247: rp.session.js-17-212.jetstream-cloud.org.vivek91.017399.0014: MainProcess                     : MainThread     : INFO    : Load resource configurations for stfc.joule_runjob
2017-08-21 15:15:34,247: rp.session.js-17-212.jetstream-cloud.org.vivek91.017399.0014: MainProcess                     : MainThread     : INFO    : Load resource configurations from /home/vivek91/ves/entk-exp/local/lib/python2.7/site-packages/radical/pilot/configs/resource_radical.json
2017-08-21 15:15:34,253: rp.session.js-17-212.jetstream-cloud.org.vivek91.017399.0014: MainProcess                     : MainThread     : INFO    : Load resource configurations for radical.two
2017-08-21 15:15:34,253: rp.session.js-17-212.jetstream-cloud.org.vivek91.017399.0014: MainProcess                     : MainThread     : INFO    : Load resource configurations for radical.tutorial
2017-08-21 15:15:34,254: rp.session.js-17-212.jetstream-cloud.org.vivek91.017399.0014: MainProcess                     : MainThread     : INFO    : Load resource configurations for radical.one
2017-08-21 15:15:34,254: rp.session.js-17-212.jetstream-cloud.org.vivek91.017399.0014: MainProcess                     : MainThread     : INFO    : Load resource configurations from /home/vivek91/ves/entk-exp/local/lib/python2.7/site-packages/radical/pilot/configs/resource_das4.json
2017-08-21 15:15:34,256: rp.session.js-17-212.jetstream-cloud.org.vivek91.017399.0014: MainProcess                     : MainThread     : INFO    : Load resource configurations for das4.fs2_ssh
2017-08-21 15:15:34,257: rp.session.js-17-212.jetstream-cloud.org.vivek91.017399.0014: MainProcess                     : MainThread     : INFO    : Load resource configurations from /home/vivek91/ves/entk-exp/local/lib/python2.7/site-packages/radical/pilot/configs/resource_nersc.json
2017-08-21 15:15:34,268: rp.session.js-17-212.jetstream-cloud.org.vivek91.017399.0014: MainProcess                     : MainThread     : INFO    : Load resource configurations for nersc.edison_ccm_ssh
2017-08-21 15:15:34,269: rp.session.js-17-212.jetstream-cloud.org.vivek91.017399.0014: MainProcess                     : MainThread     : INFO    : Load resource configurations for nersc.hopper_orte
2017-08-21 15:15:34,269: rp.session.js-17-212.jetstream-cloud.org.vivek91.017399.0014: MainProcess                     : MainThread     : INFO    : Load resource configurations for nersc.hopper_ccm_ssh
2017-08-21 15:15:34,270: rp.session.js-17-212.jetstream-cloud.org.vivek91.017399.0014: MainProcess                     : MainThread     : INFO    : Load resource configurations for nersc.edison_aprun
2017-08-21 15:15:34,270: rp.session.js-17-212.jetstream-cloud.org.vivek91.017399.0014: MainProcess                     : MainThread     : INFO    : Load resource configurations for nersc.hopper_aprun
2017-08-21 15:15:34,270: rp.session.js-17-212.jetstream-cloud.org.vivek91.017399.0014: MainProcess                     : MainThread     : INFO    : Load resource configurations for nersc.edison_orte
2017-08-21 15:15:34,271: rp.session.js-17-212.jetstream-cloud.org.vivek91.017399.0014: MainProcess                     : MainThread     : INFO    : Load resource configurations from /home/vivek91/ves/entk-exp/local/lib/python2.7/site-packages/radical/pilot/configs/resource_xsede.json
2017-08-21 15:15:34,305: rp.session.js-17-212.jetstream-cloud.org.vivek91.017399.0014: MainProcess                     : MainThread     : INFO    : Load resource configurations for xsede.stampede2_ssh
2017-08-21 15:15:34,305: rp.session.js-17-212.jetstream-cloud.org.vivek91.017399.0014: MainProcess                     : MainThread     : INFO    : Load resource configurations for xsede.wrangler_spark
2017-08-21 15:15:34,305: rp.session.js-17-212.jetstream-cloud.org.vivek91.017399.0014: MainProcess                     : MainThread     : INFO    : Load resource configurations for xsede.stampede_yarn
2017-08-21 15:15:34,306: rp.session.js-17-212.jetstream-cloud.org.vivek91.017399.0014: MainProcess                     : MainThread     : INFO    : Load resource configurations for xsede.gordon_ssh
2017-08-21 15:15:34,306: rp.session.js-17-212.jetstream-cloud.org.vivek91.017399.0014: MainProcess                     : MainThread     : INFO    : Load resource configurations for xsede.stampede_ssh
2017-08-21 15:15:34,307: rp.session.js-17-212.jetstream-cloud.org.vivek91.017399.0014: MainProcess                     : MainThread     : INFO    : Load resource configurations for xsede.lonestar_ssh
2017-08-21 15:15:34,307: rp.session.js-17-212.jetstream-cloud.org.vivek91.017399.0014: MainProcess                     : MainThread     : INFO    : Load resource configurations for xsede.supermic_spark
2017-08-21 15:15:34,307: rp.session.js-17-212.jetstream-cloud.org.vivek91.017399.0014: MainProcess                     : MainThread     : INFO    : Load resource configurations for xsede.wrangler_ssh
2017-08-21 15:15:34,308: rp.session.js-17-212.jetstream-cloud.org.vivek91.017399.0014: MainProcess                     : MainThread     : INFO    : Load resource configurations for xsede.wrangler_yarn
2017-08-21 15:15:34,308: rp.session.js-17-212.jetstream-cloud.org.vivek91.017399.0014: MainProcess                     : MainThread     : INFO    : Load resource configurations for xsede.bridges
2017-08-21 15:15:34,309: rp.session.js-17-212.jetstream-cloud.org.vivek91.017399.0014: MainProcess                     : MainThread     : INFO    : Load resource configurations for xsede.supermic_ssh
2017-08-21 15:15:34,309: rp.session.js-17-212.jetstream-cloud.org.vivek91.017399.0014: MainProcess                     : MainThread     : INFO    : Load resource configurations for xsede.stampede_orte
2017-08-21 15:15:34,309: rp.session.js-17-212.jetstream-cloud.org.vivek91.017399.0014: MainProcess                     : MainThread     : INFO    : Load resource configurations for xsede.greenfield
2017-08-21 15:15:34,310: rp.session.js-17-212.jetstream-cloud.org.vivek91.017399.0014: MainProcess                     : MainThread     : INFO    : Load resource configurations for xsede.comet_spark
2017-08-21 15:15:34,310: rp.session.js-17-212.jetstream-cloud.org.vivek91.017399.0014: MainProcess                     : MainThread     : INFO    : Load resource configurations for xsede.trestles_ssh
2017-08-21 15:15:34,310: rp.session.js-17-212.jetstream-cloud.org.vivek91.017399.0014: MainProcess                     : MainThread     : INFO    : Load resource configurations for xsede.comet_ssh
2017-08-21 15:15:34,311: rp.session.js-17-212.jetstream-cloud.org.vivek91.017399.0014: MainProcess                     : MainThread     : INFO    : Load resource configurations for xsede.stampede_spark
2017-08-21 15:15:34,311: rp.session.js-17-212.jetstream-cloud.org.vivek91.017399.0014: MainProcess                     : MainThread     : INFO    : Load resource configurations for xsede.comet_orte
2017-08-21 15:15:34,312: rp.session.js-17-212.jetstream-cloud.org.vivek91.017399.0014: MainProcess                     : MainThread     : INFO    : Load resource configurations for xsede.comet_ortelib
2017-08-21 15:15:34,312: rp.session.js-17-212.jetstream-cloud.org.vivek91.017399.0014: MainProcess                     : MainThread     : INFO    : Load resource configurations for xsede.blacklight_ssh
2017-08-21 15:15:34,312: rp.session.js-17-212.jetstream-cloud.org.vivek91.017399.0014: MainProcess                     : MainThread     : INFO    : Load resource configurations for xsede.stampede_ortelib
2017-08-21 15:15:34,313: rp.session.js-17-212.jetstream-cloud.org.vivek91.017399.0014: MainProcess                     : MainThread     : INFO    : Load resource configurations from /home/vivek91/ves/entk-exp/local/lib/python2.7/site-packages/radical/pilot/configs/resource_chameleon.json
2017-08-21 15:15:34,314: rp.session.js-17-212.jetstream-cloud.org.vivek91.017399.0014: MainProcess                     : MainThread     : INFO    : Load resource configurations for chameleon.cloud_vm_yarn
2017-08-21 15:15:34,314: rp.session.js-17-212.jetstream-cloud.org.vivek91.017399.0014: MainProcess                     : MainThread     : INFO    : Load resource configurations from /home/vivek91/ves/entk-exp/local/lib/python2.7/site-packages/radical/pilot/configs/resource_epsrc.json
2017-08-21 15:15:34,317: rp.session.js-17-212.jetstream-cloud.org.vivek91.017399.0014: MainProcess                     : MainThread     : INFO    : Load resource configurations for epsrc.archer_orte
2017-08-21 15:15:34,318: rp.session.js-17-212.jetstream-cloud.org.vivek91.017399.0014: MainProcess                     : MainThread     : INFO    : Load resource configurations for epsrc.archer_aprun
2017-08-21 15:15:34,318: rp.session.js-17-212.jetstream-cloud.org.vivek91.017399.0014: MainProcess                     : MainThread     : INFO    : Load resource configurations from /home/vivek91/ves/entk-exp/local/lib/python2.7/site-packages/radical/pilot/configs/resource_futuregrid.json
2017-08-21 15:15:34,325: rp.session.js-17-212.jetstream-cloud.org.vivek91.017399.0014: MainProcess                     : MainThread     : INFO    : Load resource configurations for futuregrid.delta_ssh
2017-08-21 15:15:34,326: rp.session.js-17-212.jetstream-cloud.org.vivek91.017399.0014: MainProcess                     : MainThread     : INFO    : Load resource configurations for futuregrid.india_ssh
2017-08-21 15:15:34,326: rp.session.js-17-212.jetstream-cloud.org.vivek91.017399.0014: MainProcess                     : MainThread     : INFO    : Load resource configurations for futuregrid.echo_ssh
2017-08-21 15:15:34,326: rp.session.js-17-212.jetstream-cloud.org.vivek91.017399.0014: MainProcess                     : MainThread     : INFO    : Load resource configurations for futuregrid.xray_ccm
2017-08-21 15:15:34,327: rp.session.js-17-212.jetstream-cloud.org.vivek91.017399.0014: MainProcess                     : MainThread     : INFO    : Load resource configurations for futuregrid.bravo_ssh
2017-08-21 15:15:34,327: rp.session.js-17-212.jetstream-cloud.org.vivek91.017399.0014: MainProcess                     : MainThread     : INFO    : Load resource configurations for futuregrid.xray_aprun
2017-08-21 15:15:34,327: rp.session.js-17-212.jetstream-cloud.org.vivek91.017399.0014: MainProcess                     : MainThread     : INFO    : Load resource configurations from /home/vivek91/ves/entk-exp/local/lib/python2.7/site-packages/radical/pilot/configs/resource_local.json
2017-08-21 15:15:34,335: rp.session.js-17-212.jetstream-cloud.org.vivek91.017399.0014: MainProcess                     : MainThread     : INFO    : Load resource configurations for local.localhost_orte
2017-08-21 15:15:34,335: rp.session.js-17-212.jetstream-cloud.org.vivek91.017399.0014: MainProcess                     : MainThread     : INFO    : Load resource configurations for local.localhost_anaconda
2017-08-21 15:15:34,335: rp.session.js-17-212.jetstream-cloud.org.vivek91.017399.0014: MainProcess                     : MainThread     : INFO    : Load resource configurations for local.localhost_ortelib
2017-08-21 15:15:34,336: rp.session.js-17-212.jetstream-cloud.org.vivek91.017399.0014: MainProcess                     : MainThread     : INFO    : Load resource configurations for local.localhost
2017-08-21 15:15:34,336: rp.session.js-17-212.jetstream-cloud.org.vivek91.017399.0014: MainProcess                     : MainThread     : INFO    : Load resource configurations for local.localhost_spark
2017-08-21 15:15:34,336: rp.session.js-17-212.jetstream-cloud.org.vivek91.017399.0014: MainProcess                     : MainThread     : INFO    : Load resource configurations for local.localhost_spark_anaconda
2017-08-21 15:15:34,337: rp.session.js-17-212.jetstream-cloud.org.vivek91.017399.0014: MainProcess                     : MainThread     : INFO    : Load resource configurations for local.localhost_yarn
2017-08-21 15:15:34,337: rp.session.js-17-212.jetstream-cloud.org.vivek91.017399.0014: MainProcess                     : MainThread     : INFO    : Load resource configurations from /home/vivek91/ves/entk-exp/local/lib/python2.7/site-packages/radical/pilot/configs/resource_aliases.json
2017-08-21 15:15:34,337: rp.session.js-17-212.jetstream-cloud.org.vivek91.017399.0014: MainProcess                     : MainThread     : INFO    : Load resource configurations from /home/vivek91/ves/entk-exp/local/lib/python2.7/site-packages/radical/pilot/configs/resource_lrz.json
2017-08-21 15:15:34,339: rp.session.js-17-212.jetstream-cloud.org.vivek91.017399.0014: MainProcess                     : MainThread     : INFO    : Load resource configurations for lrz.supermuc_ssh
2017-08-21 15:15:34,339: rp.session.js-17-212.jetstream-cloud.org.vivek91.017399.0014: MainProcess                     : MainThread     : INFO    : Load resource configurations from /home/vivek91/ves/entk-exp/local/lib/python2.7/site-packages/radical/pilot/configs/resource_rice.json
2017-08-21 15:15:34,341: rp.session.js-17-212.jetstream-cloud.org.vivek91.017399.0014: MainProcess                     : MainThread     : INFO    : Load resource configurations for rice.davinci_ssh
2017-08-21 15:15:34,342: rp.session.js-17-212.jetstream-cloud.org.vivek91.017399.0014: MainProcess                     : MainThread     : INFO    : Load resource configurations for rice.biou_ssh
2017-08-21 15:15:34,342: rp.session.js-17-212.jetstream-cloud.org.vivek91.017399.0014: MainProcess                     : MainThread     : INFO    : Load resource configurations from /home/vivek91/ves/entk-exp/local/lib/python2.7/site-packages/radical/pilot/configs/resource_ncar.json
2017-08-21 15:15:34,343: rp.session.js-17-212.jetstream-cloud.org.vivek91.017399.0014: MainProcess                     : MainThread     : INFO    : Load resource configurations for ncar.yellowstone_ssh
2017-08-21 15:15:34,344: rp.session.js-17-212.jetstream-cloud.org.vivek91.017399.0014: MainProcess                     : MainThread     : INFO    : Load resource configurations from /home/vivek91/ves/entk-exp/local/lib/python2.7/site-packages/radical/pilot/configs/resource_das5.json
2017-08-21 15:15:34,345: rp.session.js-17-212.jetstream-cloud.org.vivek91.017399.0014: MainProcess                     : MainThread     : INFO    : Load resource configurations for das5.fs1_ssh
2017-08-21 15:15:34,345: rp.session.js-17-212.jetstream-cloud.org.vivek91.017399.0014: MainProcess                     : MainThread     : INFO    : Load resource configurations from /home/vivek91/ves/entk-exp/local/lib/python2.7/site-packages/radical/pilot/configs/resource_fub.json
2017-08-21 15:15:34,346: rp.session.js-17-212.jetstream-cloud.org.vivek91.017399.0014: MainProcess                     : MainThread     : INFO    : Load resource configurations for fub.allegro_rsh
2017-08-21 15:15:34,917: rp.session.js-17-212.jetstream-cloud.org.vivek91.017399.0014: MainProcess                     : MainThread     : INFO    : New Session created: rp.session.js-17-212.jetstream-cloud.org.vivek91.017399.0014.
2017-08-21 15:15:34,918: rp.session.js-17-212.jetstream-cloud.org.vivek91.017399.0014: MainProcess                     : MainThread     : DEBUG   : start bridges   : {u'control_pubsub': {u'bulk_size': 0, u'log_level': u'debug', u'stall_hwm': 1},
 u'log_pubsub': {u'bulk_size': 0, u'log_level': u'debug', u'stall_hwm': 1},
 u'state_pubsub': {u'bulk_size': 0, u'log_level': u'debug', u'stall_hwm': 1}}
2017-08-21 15:15:34,918: rp.session.js-17-212.jetstream-cloud.org.vivek91.017399.0014: MainProcess                     : MainThread     : INFO    : create bridge control_pubsub
2017-08-21 15:15:34,945: rp.session.js-17-212.jetstream-cloud.org.vivek91.017399.0014: MainProcess                     : MainThread     : INFO    : created bridge control_pubsub (control.pubsub.bridge.0000)
2017-08-21 15:15:34,945: rp.session.js-17-212.jetstream-cloud.org.vivek91.017399.0014: MainProcess                     : MainThread     : INFO    : create bridge state_pubsub
2017-08-21 15:15:34,967: rp.session.js-17-212.jetstream-cloud.org.vivek91.017399.0014: MainProcess                     : MainThread     : INFO    : created bridge state_pubsub (state.pubsub.bridge.0000)
2017-08-21 15:15:34,967: rp.session.js-17-212.jetstream-cloud.org.vivek91.017399.0014: MainProcess                     : MainThread     : INFO    : create bridge log_pubsub
2017-08-21 15:15:34,988: rp.session.js-17-212.jetstream-cloud.org.vivek91.017399.0014: MainProcess                     : MainThread     : INFO    : created bridge log_pubsub (log.pubsub.bridge.0000)
2017-08-21 15:15:34,989: rp.session.js-17-212.jetstream-cloud.org.vivek91.017399.0014: MainProcess                     : MainThread     : DEBUG   : start components: {u'UpdateWorker': {u'count': 1}}
2017-08-21 15:15:34,989: rp.session.js-17-212.jetstream-cloud.org.vivek91.017399.0014: MainProcess                     : MainThread     : DEBUG   : start 1 component(s) UpdateWorker
2017-08-21 15:15:37,467: rp.session.js-17-212.jetstream-cloud.org.vivek91.017399.0014: MainProcess                     : MainThread     : INFO    : rp.session.js-17-212.jetstream-cloud.org.vivek91.017399.0014 starts update.0
2017-08-21 15:15:40,815: rp.session.js-17-212.jetstream-cloud.org.vivek91.017399.0014: MainProcess                     : MainThread     : WARNING : using alias 'xsede.supermic_ssh' for deprecated resource key 'xsede.supermic'
2017-08-21 15:15:40,816: rp.session.js-17-212.jetstream-cloud.org.vivek91.017399.0014: MainProcess                     : MainThread     : DEBUG   : rsup.PTYShell('gsissh://supermic.cct-lsu.xsede.org:2222/')
2017-08-21 15:15:44,372: rp.session.js-17-212.jetstream-cloud.org.vivek91.017399.0014: MainProcess                     : MainThread     : DEBUG   : sandbox base gsissh://supermic.cct-lsu.xsede.org:2222/: '/work/vivek91'
2017-08-21 15:15:44,523: rp.session.js-17-212.jetstream-cloud.org.vivek91.017399.0014: MainProcess                     : MainThread     : DEBUG   : bulk pilot insert result: {'nModified': 0, 'nUpserted': 0, 'nMatched': 0, 'writeErrors': [], 'upserted': [], 'writeConcernErrors': [], 'nRemoved': 0, 'nInserted': 1}
2017-08-21 15:15:44,528: rp.session.js-17-212.jetstream-cloud.org.vivek91.017399.0014: pmgr.launching.0                : MainThread     : WARNING : using alias 'xsede.supermic_ssh' for deprecated resource key 'xsede.supermic'
2017-08-21 15:15:44,532: rp.session.js-17-212.jetstream-cloud.org.vivek91.017399.0014: pmgr.launching.0                : MainThread     : WARNING : using alias 'xsede.supermic_ssh' for deprecated resource key 'xsede.supermic'
2017-08-21 15:15:44,533: rp.session.js-17-212.jetstream-cloud.org.vivek91.017399.0014: pmgr.launching.0                : MainThread     : DEBUG   : rsup.PTYShell('gsissh://supermic.cct-lsu.xsede.org:2222/')
2017-08-21 15:15:45,876: rp.session.js-17-212.jetstream-cloud.org.vivek91.017399.0014: pmgr.launching.0                : MainThread     : DEBUG   : sandbox base gsissh://supermic.cct-lsu.xsede.org:2222/: '/work/vivek91'
2017-08-21 15:16:47,792: rp.session.js-17-212.jetstream-cloud.org.vivek91.017399.0014: task-manager                    : MainThread     : DEBUG   : bulk unit insert result: {'nModified': 0, 'nUpserted': 0, 'nMatched': 0, 'writeErrors': [], 'upserted': [], 'writeConcernErrors': [], 'nRemoved': 0, 'nInserted': 1}
2017-08-21 15:16:47,876: rp.session.js-17-212.jetstream-cloud.org.vivek91.017399.0014: task-manager                    : MainThread     : DEBUG   : bulk unit insert result: {'nModified': 0, 'nUpserted': 0, 'nMatched': 0, 'writeErrors': [], 'upserted': [], 'writeConcernErrors': [], 'nRemoved': 0, 'nInserted': 1}
2017-08-21 15:16:47,966: rp.session.js-17-212.jetstream-cloud.org.vivek91.017399.0014: task-manager                    : MainThread     : DEBUG   : bulk unit insert result: {'nModified': 0, 'nUpserted': 0, 'nMatched': 0, 'writeErrors': [], 'upserted': [], 'writeConcernErrors': [], 'nRemoved': 0, 'nInserted': 1}
2017-08-21 15:16:48,046: rp.session.js-17-212.jetstream-cloud.org.vivek91.017399.0014: task-manager                    : MainThread     : DEBUG   : bulk unit insert result: {'nModified': 0, 'nUpserted': 0, 'nMatched': 0, 'writeErrors': [], 'upserted': [], 'writeConcernErrors': [], 'nRemoved': 0, 'nInserted': 1}
2017-08-21 15:16:48,107: rp.session.js-17-212.jetstream-cloud.org.vivek91.017399.0014: task-manager                    : MainThread     : DEBUG   : bulk unit insert result: {'nModified': 0, 'nUpserted': 0, 'nMatched': 0, 'writeErrors': [], 'upserted': [], 'writeConcernErrors': [], 'nRemoved': 0, 'nInserted': 1}
2017-08-21 15:16:48,187: rp.session.js-17-212.jetstream-cloud.org.vivek91.017399.0014: task-manager                    : MainThread     : DEBUG   : bulk unit insert result: {'nModified': 0, 'nUpserted': 0, 'nMatched': 0, 'writeErrors': [], 'upserted': [], 'writeConcernErrors': [], 'nRemoved': 0, 'nInserted': 1}
2017-08-21 15:16:48,260: rp.session.js-17-212.jetstream-cloud.org.vivek91.017399.0014: task-manager                    : MainThread     : DEBUG   : bulk unit insert result: {'nModified': 0, 'nUpserted': 0, 'nMatched': 0, 'writeErrors': [], 'upserted': [], 'writeConcernErrors': [], 'nRemoved': 0, 'nInserted': 1}
2017-08-21 15:16:48,343: rp.session.js-17-212.jetstream-cloud.org.vivek91.017399.0014: task-manager                    : MainThread     : DEBUG   : bulk unit insert result: {'nModified': 0, 'nUpserted': 0, 'nMatched': 0, 'writeErrors': [], 'upserted': [], 'writeConcernErrors': [], 'nRemoved': 0, 'nInserted': 1}
2017-08-21 15:16:48,409: rp.session.js-17-212.jetstream-cloud.org.vivek91.017399.0014: task-manager                    : MainThread     : DEBUG   : bulk unit insert result: {'nModified': 0, 'nUpserted': 0, 'nMatched': 0, 'writeErrors': [], 'upserted': [], 'writeConcernErrors': [], 'nRemoved': 0, 'nInserted': 1}
2017-08-21 15:16:48,504: rp.session.js-17-212.jetstream-cloud.org.vivek91.017399.0014: task-manager                    : MainThread     : DEBUG   : bulk unit insert result: {'nModified': 0, 'nUpserted': 0, 'nMatched': 0, 'writeErrors': [], 'upserted': [], 'writeConcernErrors': [], 'nRemoved': 0, 'nInserted': 1}
2017-08-21 15:16:48,570: rp.session.js-17-212.jetstream-cloud.org.vivek91.017399.0014: task-manager                    : MainThread     : DEBUG   : bulk unit insert result: {'nModified': 0, 'nUpserted': 0, 'nMatched': 0, 'writeErrors': [], 'upserted': [], 'writeConcernErrors': [], 'nRemoved': 0, 'nInserted': 1}
2017-08-21 15:16:48,919: rp.session.js-17-212.jetstream-cloud.org.vivek91.017399.0014: task-manager                    : MainThread     : DEBUG   : bulk unit insert result: {'nModified': 0, 'nUpserted': 0, 'nMatched': 0, 'writeErrors': [], 'upserted': [], 'writeConcernErrors': [], 'nRemoved': 0, 'nInserted': 1}
2017-08-21 15:16:48,986: rp.session.js-17-212.jetstream-cloud.org.vivek91.017399.0014: task-manager                    : MainThread     : DEBUG   : bulk unit insert result: {'nModified': 0, 'nUpserted': 0, 'nMatched': 0, 'writeErrors': [], 'upserted': [], 'writeConcernErrors': [], 'nRemoved': 0, 'nInserted': 1}
2017-08-21 15:16:49,061: rp.session.js-17-212.jetstream-cloud.org.vivek91.017399.0014: task-manager                    : MainThread     : DEBUG   : bulk unit insert result: {'nModified': 0, 'nUpserted': 0, 'nMatched': 0, 'writeErrors': [], 'upserted': [], 'writeConcernErrors': [], 'nRemoved': 0, 'nInserted': 1}
2017-08-21 15:16:49,203: rp.session.js-17-212.jetstream-cloud.org.vivek91.017399.0014: task-manager                    : MainThread     : DEBUG   : bulk unit insert result: {'nModified': 0, 'nUpserted': 0, 'nMatched': 0, 'writeErrors': [], 'upserted': [], 'writeConcernErrors': [], 'nRemoved': 0, 'nInserted': 1}
2017-08-21 15:16:49,274: rp.session.js-17-212.jetstream-cloud.org.vivek91.017399.0014: task-manager                    : MainThread     : DEBUG   : bulk unit insert result: {'nModified': 0, 'nUpserted': 0, 'nMatched': 0, 'writeErrors': [], 'upserted': [], 'writeConcernErrors': [], 'nRemoved': 0, 'nInserted': 1}
2017-08-21 15:17:00,642: rp.session.js-17-212.jetstream-cloud.org.vivek91.017399.0014: MainProcess                     : MainThread     : DEBUG   : session rp.session.js-17-212.jetstream-cloud.org.vivek91.017399.0014 closing
2017-08-21 15:17:00,642: rp.session.js-17-212.jetstream-cloud.org.vivek91.017399.0014: MainProcess                     : MainThread     : DEBUG   : session rp.session.js-17-212.jetstream-cloud.org.vivek91.017399.0014 closes pmgr   pmgr.0000
2017-08-21 15:17:01,134: rp.session.js-17-212.jetstream-cloud.org.vivek91.017399.0014: MainProcess                     : MainThread     : DEBUG   : session rp.session.js-17-212.jetstream-cloud.org.vivek91.017399.0014 closed pmgr   pmgr.0000
2017-08-21 15:17:01,134: rp.session.js-17-212.jetstream-cloud.org.vivek91.017399.0014: MainProcess                     : MainThread     : DEBUG   : session rp.session.js-17-212.jetstream-cloud.org.vivek91.017399.0014 closes comp   update.0
2017-08-21 15:17:01,263: rp.session.js-17-212.jetstream-cloud.org.vivek91.017399.0014: MainProcess                     : MainThread     : DEBUG   : session rp.session.js-17-212.jetstream-cloud.org.vivek91.017399.0014 closed comp   update.0
2017-08-21 15:17:01,263: rp.session.js-17-212.jetstream-cloud.org.vivek91.017399.0014: MainProcess                     : MainThread     : DEBUG   : session rp.session.js-17-212.jetstream-cloud.org.vivek91.017399.0014 closes bridge control.pubsub.bridge.0000
2017-08-21 15:17:01,481: rp.session.js-17-212.jetstream-cloud.org.vivek91.017399.0014: MainProcess                     : MainThread     : DEBUG   : session rp.session.js-17-212.jetstream-cloud.org.vivek91.017399.0014 closed bridge control.pubsub.bridge.0000
2017-08-21 15:17:01,482: rp.session.js-17-212.jetstream-cloud.org.vivek91.017399.0014: MainProcess                     : MainThread     : DEBUG   : session rp.session.js-17-212.jetstream-cloud.org.vivek91.017399.0014 closes bridge state.pubsub.bridge.0000
2017-08-21 15:17:01,700: rp.session.js-17-212.jetstream-cloud.org.vivek91.017399.0014: MainProcess                     : MainThread     : DEBUG   : session rp.session.js-17-212.jetstream-cloud.org.vivek91.017399.0014 closed bridge state.pubsub.bridge.0000
2017-08-21 15:17:01,701: rp.session.js-17-212.jetstream-cloud.org.vivek91.017399.0014: MainProcess                     : MainThread     : DEBUG   : session rp.session.js-17-212.jetstream-cloud.org.vivek91.017399.0014 closes bridge log.pubsub.bridge.0000
2017-08-21 15:17:01,919: rp.session.js-17-212.jetstream-cloud.org.vivek91.017399.0014: MainProcess                     : MainThread     : DEBUG   : session rp.session.js-17-212.jetstream-cloud.org.vivek91.017399.0014 closed bridge log.pubsub.bridge.0000
2017-08-21 15:17:01,919: rp.session.js-17-212.jetstream-cloud.org.vivek91.017399.0014: MainProcess                     : MainThread     : DEBUG   : session rp.session.js-17-212.jetstream-cloud.org.vivek91.017399.0014 closes db (False)
2017-08-21 15:17:01,920: rp.session.js-17-212.jetstream-cloud.org.vivek91.017399.0014: MainProcess                     : MainThread     : DEBUG   : session rp.session.js-17-212.jetstream-cloud.org.vivek91.017399.0014 closed (delete=False)
