2017-08-21 15:51:43,046: state.pubsub.pub.0001: pmgr.launching.0                : MainThread     : INFO    : python.interpreter   version: 2.7.12 (default, Nov 19 2016, 06:48:10) [GCC 5.4.0 20160609]
2017-08-21 15:51:43,047: state.pubsub.pub.0001: pmgr.launching.0                : MainThread     : INFO    :                      pid: 2691
2017-08-21 15:51:43,047: state.pubsub.pub.0001: pmgr.launching.0                : MainThread     : INFO    :                      tid: MainThread
2017-08-21 15:51:43,047: state.pubsub.pub.0001: pmgr.launching.0                : MainThread     : INFO    : radical.pilot        version: 0.46-v0.46.RC2@devel
2017-08-21 15:51:43,047: state.pubsub.pub.0001: pmgr.launching.0                : MainThread     : INFO    : create state_pubsub - pub - tcp://172.30.238.6:41422
2017-08-21 15:51:43,048: state.pubsub.pub.0001: pmgr.launching.0                : MainThread     : DEBUG   : start process
2017-08-21 15:51:43,048: state.pubsub.pub.0001: pmgr.launching.0                : MainThread     : DEBUG   : ru_initialize_common (NOOP)
2017-08-21 15:51:43,048: state.pubsub.pub.0001: pmgr.launching.0                : MainThread     : DEBUG   : ru_initialize_parent (NOOP)
2017-08-21 15:51:43,048: state.pubsub.pub.0001: pmgr.launching.0                : MainThread     : DEBUG   : process class started (no child)
2017-08-21 15:51:43,107: state.pubsub.pub.0001: MainProcess                     : MainThread     : INFO    : python.interpreter   version: 2.7.12 (default, Nov 19 2016, 06:48:10) [GCC 5.4.0 20160609]
2017-08-21 15:51:43,107: state.pubsub.pub.0001: MainProcess                     : MainThread     : INFO    :                      pid: 2580
2017-08-21 15:51:43,107: state.pubsub.pub.0001: MainProcess                     : MainThread     : INFO    :                      tid: MainThread
2017-08-21 15:51:43,107: state.pubsub.pub.0001: MainProcess                     : MainThread     : INFO    : radical.pilot        version: 0.46-v0.46.RC2@devel
2017-08-21 15:51:43,108: state.pubsub.pub.0001: MainProcess                     : MainThread     : INFO    : create state_pubsub - pub - tcp://172.30.238.6:41422
2017-08-21 15:51:43,108: state.pubsub.pub.0001: MainProcess                     : MainThread     : DEBUG   : start process
2017-08-21 15:51:43,108: state.pubsub.pub.0001: MainProcess                     : MainThread     : DEBUG   : ru_initialize_common (NOOP)
2017-08-21 15:51:43,108: state.pubsub.pub.0001: MainProcess                     : MainThread     : DEBUG   : ru_initialize_parent (NOOP)
2017-08-21 15:51:43,109: state.pubsub.pub.0001: MainProcess                     : MainThread     : DEBUG   : process class started (no child)
2017-08-21 15:53:15,558: state.pubsub.pub.0001: MainProcess                     : MainThread     : INFO    : parent stops child
2017-08-21 15:53:15,558: state.pubsub.pub.0001: MainProcess                     : MainThread     : DEBUG   : ru_finalize_parent (NOOP)
