2017-09-08 10:19:23,815: update.0            : MainProcess                     : MainThread     : INFO    : python.interpreter   version: 2.7.12 (default, Nov 19 2016, 06:48:10) [GCC 5.4.0 20160609]
2017-09-08 10:19:23,816: update.0            : MainProcess                     : MainThread     : INFO    :                      pid: 31385
2017-09-08 10:19:23,816: update.0            : MainProcess                     : MainThread     : INFO    :                      tid: MainThread
2017-09-08 10:19:23,816: update.0            : MainProcess                     : MainThread     : INFO    : radical.pilot        version: 0.46-v0.46.RC2@devel
2017-09-08 10:19:24,848: update.0            : MainProcess                     : MainThread     : DEBUG   : alive check in term
2017-09-08 10:19:24,848: update.0            : MainProcess                     : MainThread     : DEBUG   : start process
2017-09-08 10:19:26,273: update.0            : MainProcess                     : MainThread     : INFO    : recv message: alive
2017-09-08 10:19:26,273: update.0            : MainProcess                     : MainThread     : INFO    : initialize update.0
2017-09-08 10:19:26,276: update.0            : MainProcess                     : MainThread     : INFO    : cfg: {'agents': {},
 u'bridges': {u'control_pubsub': {'addr_in': 'tcp://172.30.238.6:36515',
                                  'addr_out': 'tcp://172.30.238.6:33245',
                                  u'bulk_size': 0,
                                  u'log_level': u'debug',
                                  u'stall_hwm': 1},
              u'log_pubsub': {'addr_in': 'tcp://172.30.238.6:39400',
                              'addr_out': 'tcp://172.30.238.6:43125',
                              u'bulk_size': 0,
                              u'log_level': u'debug',
                              u'stall_hwm': 1},
              u'state_pubsub': {'addr_in': 'tcp://172.30.238.6:35946',
                                'addr_out': 'tcp://172.30.238.6:34311',
                                u'bulk_size': 0,
                                u'log_level': u'debug',
                                u'stall_hwm': 1}},
 'cname': u'UpdateWorker',
 u'components': {},
 u'count': 1,
 'dburl': 'mongodb://user:user@ds153652.mlab.com:53652/test_08_08',
 'debug': 'DEBUG',
 u'default_dburl': u'mongodb://rp:rp@ds015335.mlab.com:15335/rp',
 'logdir': '/home/vivek91/repos/entk-experiments/exp-5-2-2-4/bin/rp.session.js-17-212.jetstream-cloud.org.vivek91.017417.0004',
 'number': 0,
 'owner': 'rp.session.js-17-212.jetstream-cloud.org.vivek91.017417.0004',
 'session_id': 'rp.session.js-17-212.jetstream-cloud.org.vivek91.017417.0004'}
2017-09-08 10:19:26,276: update.0            : MainProcess                     : MainThread     : DEBUG   : alive check in term
2017-09-08 10:19:26,276: update.0            : MainProcess                     : MainThread     : DEBUG   : START: update.0 register publisher log_pubsub
2017-09-08 10:19:26,276: update.0            : MainProcess                     : MainThread     : DEBUG   : using addr tcp://172.30.238.6:39400 for pubsub log_pubsub
2017-09-08 10:19:26,280: update.0            : MainProcess                     : MainThread     : DEBUG   : registered publisher : log_pubsub : log.pubsub.pub.0000
2017-09-08 10:19:26,280: update.0            : MainProcess                     : MainThread     : DEBUG   : alive check in term
2017-09-08 10:19:26,280: update.0            : MainProcess                     : MainThread     : DEBUG   : START: update.0 register publisher state_pubsub
2017-09-08 10:19:26,280: update.0            : MainProcess                     : MainThread     : DEBUG   : using addr tcp://172.30.238.6:35946 for pubsub state_pubsub
2017-09-08 10:19:26,283: update.0            : MainProcess                     : MainThread     : DEBUG   : registered publisher : state_pubsub : state.pubsub.pub.0000
2017-09-08 10:19:26,283: update.0            : MainProcess                     : MainThread     : DEBUG   : alive check in term
2017-09-08 10:19:26,283: update.0            : MainProcess                     : MainThread     : DEBUG   : START: update.0 register publisher control_pubsub
2017-09-08 10:19:26,283: update.0            : MainProcess                     : MainThread     : DEBUG   : using addr tcp://172.30.238.6:36515 for pubsub control_pubsub
2017-09-08 10:19:26,286: update.0            : MainProcess                     : MainThread     : DEBUG   : registered publisher : control_pubsub : control.pubsub.pub.0000
2017-09-08 10:19:26,286: update.0            : MainProcess                     : MainThread     : DEBUG   : parent name: update.0.watch
2017-09-08 10:19:26,286: update.0            : MainProcess                     : MainThread     : DEBUG   : start thread
2017-09-08 10:19:26,287: update.0            : MainProcess                     : update.0.watch : DEBUG   : child name: update.0.watch.thread
2017-09-08 10:19:26,287: update.0            : MainProcess                     : update.0.watch : INFO    : child (me) initializing
2017-09-08 10:19:26,287: update.0            : MainProcess                     : update.0.watch : DEBUG   : ru_initialize_common (NOOP)
2017-09-08 10:19:26,287: update.0            : MainProcess                     : update.0.watch : DEBUG   : ru_initialize_child (NOOP)
2017-09-08 10:19:26,287: update.0            : MainProcess                     : update.0.watch : INFO    : send alive
2017-09-08 10:19:26,287: update.0            : MainProcess                     : update.0.watch : INFO    : put message: [update.0.watch.thread] alive
2017-09-08 10:19:26,288: update.0            : MainProcess                     : MainThread     : INFO    : get msg: alive
2017-09-08 10:19:26,288: update.0            : MainProcess                     : MainThread     : DEBUG   : ru_initialize_common (NOOP)
2017-09-08 10:19:26,288: update.0            : MainProcess                     : MainThread     : DEBUG   : ru_initialize_parent (NOOP)
2017-09-08 10:19:26,288: update.0            : MainProcess                     : MainThread     : DEBUG   : child thread update.0.watch started
2017-09-08 10:19:26,288: update.0            : MainProcess                     : MainThread     : INFO    : child is alive
2017-09-08 10:19:26,288: update.0            : MainProcess                     : MainThread     : DEBUG   : process class started child
2017-09-08 10:22:17,411: update.0            : MainProcess                     : MainThread     : INFO    : stop update.0 (31385 : 31462 : MainThread) [radical.pilot.worker.update.Update.stop]
2017-09-08 10:22:17,411: update.0            : MainProcess                     : MainThread     : INFO    : parent stops child
2017-09-08 10:22:17,411: update.0            : MainProcess                     : MainThread     : DEBUG   : ru_finalize_common()
2017-09-08 10:22:17,411: update.0            : MainProcess                     : MainThread     : DEBUG   : TERM : update.0 unregister publisher log_pubsub
2017-09-08 10:22:17,412: update.0            : MainProcess                     : MainThread     : DEBUG   : unregistered publisher log_pubsub
2017-09-08 10:22:17,412: update.0            : MainProcess                     : MainThread     : DEBUG   : TERM : update.0 unregister publisher state_pubsub
2017-09-08 10:22:17,413: update.0            : MainProcess                     : MainThread     : DEBUG   : unregistered publisher state_pubsub
2017-09-08 10:22:17,413: update.0            : MainProcess                     : MainThread     : DEBUG   : TERM : update.0 unregister publisher control_pubsub
2017-09-08 10:22:17,414: update.0            : MainProcess                     : MainThread     : DEBUG   : unregistered publisher control_pubsub
2017-09-08 10:22:17,414: update.0            : MainProcess                     : MainThread     : DEBUG   : update.0 close prof
2017-09-08 10:22:17,414: update.0            : MainProcess                     : MainThread     : INFO    : parent stops child
2017-09-08 10:22:17,414: update.0            : MainProcess                     : MainThread     : DEBUG   : ru_finalize_parent (NOOP)
2017-09-08 10:22:17,414: update.0            : MainProcess                     : MainThread     : DEBUG   : ru_finalize_common (NOOP)
2017-09-08 10:22:17,416: update.0            : MainProcess                     : update.0.watch : INFO    : watcher closes
2017-09-08 10:22:17,417: update.0            : MainProcess                     : update.0.watch : INFO    : put message: [update.0.watch.thread] work finished
2017-09-08 10:22:17,417: update.0            : MainProcess                     : update.0.watch : DEBUG   : ru_finalize_child (NOOP)
2017-09-08 10:22:17,417: update.0            : MainProcess                     : update.0.watch : DEBUG   : ru_finalize_common (NOOP)
2017-09-08 10:22:17,417: update.0            : MainProcess                     : update.0.watch : INFO    : put message: [update.0.watch.thread] terminating
2017-09-08 10:22:17,518: update.0            : MainProcess                     : MainThread     : WARNING : failed to stop child - terminate
2017-09-08 10:22:17,989: update.0            : MainProcess                     : MainThread     : INFO    : stop update.0 (31385 : 31462 : MainThread) [radical.pilot.worker.update.Update.stop]
