2017-08-14 18:53:11,254: state.pubsub.pub.0000: update.0                        : MainThread     : INFO    : python.interpreter   version: 2.7.12 (default, Nov 19 2016, 06:48:10) [GCC 5.4.0 20160609]
2017-08-14 18:53:11,254: state.pubsub.pub.0000: update.0                        : MainThread     : INFO    :                      pid: 17774
2017-08-14 18:53:11,254: state.pubsub.pub.0000: update.0                        : MainThread     : INFO    :                      tid: MainThread
2017-08-14 18:53:11,255: state.pubsub.pub.0000: update.0                        : MainThread     : INFO    : radical.pilot        version: 0.46-v0.46.RC2@devel
2017-08-14 18:53:11,255: state.pubsub.pub.0000: update.0                        : MainThread     : INFO    : create state_pubsub - pub - tcp://138.201.86.166:43438
2017-08-14 18:53:11,255: state.pubsub.pub.0000: update.0                        : MainThread     : DEBUG   : start process
2017-08-14 18:53:11,256: state.pubsub.pub.0000: update.0                        : MainThread     : DEBUG   : ru_initialize_common (NOOP)
2017-08-14 18:53:11,256: state.pubsub.pub.0000: update.0                        : MainThread     : DEBUG   : ru_initialize_parent (NOOP)
2017-08-14 18:53:11,256: state.pubsub.pub.0000: update.0                        : MainThread     : DEBUG   : process class started (no child)
2017-08-14 18:53:11,827: state.pubsub.pub.0000: MainProcess                     : MainThread     : INFO    : python.interpreter   version: 2.7.12 (default, Nov 19 2016, 06:48:10) [GCC 5.4.0 20160609]
2017-08-14 18:53:11,827: state.pubsub.pub.0000: MainProcess                     : MainThread     : INFO    :                      pid: 17735
2017-08-14 18:53:11,827: state.pubsub.pub.0000: MainProcess                     : MainThread     : INFO    :                      tid: MainThread
2017-08-14 18:53:11,827: state.pubsub.pub.0000: MainProcess                     : MainThread     : INFO    : radical.pilot        version: 0.46-v0.46.RC2@devel
2017-08-14 18:53:11,827: state.pubsub.pub.0000: MainProcess                     : MainThread     : INFO    : create state_pubsub - pub - tcp://138.201.86.166:43438
2017-08-14 18:53:11,828: state.pubsub.pub.0000: MainProcess                     : MainThread     : DEBUG   : start process
2017-08-14 18:53:11,828: state.pubsub.pub.0000: MainProcess                     : MainThread     : DEBUG   : ru_initialize_common (NOOP)
2017-08-14 18:53:11,828: state.pubsub.pub.0000: MainProcess                     : MainThread     : DEBUG   : ru_initialize_parent (NOOP)
2017-08-14 18:53:11,828: state.pubsub.pub.0000: MainProcess                     : MainThread     : DEBUG   : process class started (no child)
2017-08-14 19:26:19,873: state.pubsub.pub.0000: MainProcess                     : MainThread     : INFO    : parent stops child
2017-08-14 19:26:19,873: state.pubsub.pub.0000: MainProcess                     : MainThread     : DEBUG   : ru_finalize_parent (NOOP)
