2017-10-12 17:30:18,727: control.pubsub.pub.0000: update.0                        : MainThread     : INFO    : python.interpreter   version: 2.7.12 (default, Nov 19 2016, 06:48:10) [GCC 5.4.0 20160609]
2017-10-12 17:30:18,727: control.pubsub.pub.0000: update.0                        : MainThread     : INFO    :                      pid: 26185
2017-10-12 17:30:18,727: control.pubsub.pub.0000: update.0                        : MainThread     : INFO    :                      tid: MainThread
2017-10-12 17:30:18,728: control.pubsub.pub.0000: update.0                        : MainThread     : INFO    : radical.pilot        version: 0.46-v0.46.RC2@devel
2017-10-12 17:30:18,728: control.pubsub.pub.0000: update.0                        : MainThread     : INFO    : create control_pubsub - pub - tcp://172.30.238.6:35965
2017-10-12 17:30:18,748: control.pubsub.pub.0000: update.0                        : MainThread     : DEBUG   : start process
2017-10-12 17:30:18,748: control.pubsub.pub.0000: update.0                        : MainThread     : DEBUG   : ru_initialize_common (NOOP)
2017-10-12 17:30:18,748: control.pubsub.pub.0000: update.0                        : MainThread     : DEBUG   : ru_initialize_parent (NOOP)
2017-10-12 17:30:18,749: control.pubsub.pub.0000: update.0                        : MainThread     : DEBUG   : process class started (no child)
2017-10-12 17:30:19,083: control.pubsub.pub.0000: MainProcess                     : MainThread     : INFO    : python.interpreter   version: 2.7.12 (default, Nov 19 2016, 06:48:10) [GCC 5.4.0 20160609]
2017-10-12 17:30:19,084: control.pubsub.pub.0000: MainProcess                     : MainThread     : INFO    :                      pid: 26103
2017-10-12 17:30:19,084: control.pubsub.pub.0000: MainProcess                     : MainThread     : INFO    :                      tid: MainThread
2017-10-12 17:30:19,084: control.pubsub.pub.0000: MainProcess                     : MainThread     : INFO    : radical.pilot        version: 0.46-v0.46.RC2@devel
2017-10-12 17:30:19,084: control.pubsub.pub.0000: MainProcess                     : MainThread     : INFO    : create control_pubsub - pub - tcp://172.30.238.6:35965
2017-10-12 17:30:19,108: control.pubsub.pub.0000: MainProcess                     : MainThread     : DEBUG   : start process
2017-10-12 17:30:19,108: control.pubsub.pub.0000: MainProcess                     : MainThread     : DEBUG   : ru_initialize_common (NOOP)
2017-10-12 17:30:19,108: control.pubsub.pub.0000: MainProcess                     : MainThread     : DEBUG   : ru_initialize_parent (NOOP)
2017-10-12 17:30:19,109: control.pubsub.pub.0000: MainProcess                     : MainThread     : DEBUG   : process class started (no child)
2017-10-12 17:33:49,250: control.pubsub.pub.0000: MainProcess                     : MainThread     : INFO    : parent stops child
2017-10-12 17:33:49,250: control.pubsub.pub.0000: MainProcess                     : MainThread     : DEBUG   : ru_finalize_parent (NOOP)
