2017-10-12 17:30:22,239: state.pubsub.pub.0001: pmgr.launching.0                : MainThread     : INFO    : python.interpreter   version: 2.7.12 (default, Nov 19 2016, 06:48:10) [GCC 5.4.0 20160609]
2017-10-12 17:30:22,239: state.pubsub.pub.0001: pmgr.launching.0                : MainThread     : INFO    :                      pid: 26223
2017-10-12 17:30:22,239: state.pubsub.pub.0001: pmgr.launching.0                : MainThread     : INFO    :                      tid: MainThread
2017-10-12 17:30:22,240: state.pubsub.pub.0001: pmgr.launching.0                : MainThread     : INFO    : radical.pilot        version: 0.46-v0.46.RC2@devel
2017-10-12 17:30:22,240: state.pubsub.pub.0001: pmgr.launching.0                : MainThread     : INFO    : create state_pubsub - pub - tcp://172.30.238.6:44937
2017-10-12 17:30:22,241: state.pubsub.pub.0001: pmgr.launching.0                : MainThread     : DEBUG   : start process
2017-10-12 17:30:22,241: state.pubsub.pub.0001: pmgr.launching.0                : MainThread     : DEBUG   : ru_initialize_common (NOOP)
2017-10-12 17:30:22,241: state.pubsub.pub.0001: pmgr.launching.0                : MainThread     : DEBUG   : ru_initialize_parent (NOOP)
2017-10-12 17:30:22,241: state.pubsub.pub.0001: pmgr.launching.0                : MainThread     : DEBUG   : process class started (no child)
2017-10-12 17:30:22,299: state.pubsub.pub.0001: MainProcess                     : MainThread     : INFO    : python.interpreter   version: 2.7.12 (default, Nov 19 2016, 06:48:10) [GCC 5.4.0 20160609]
2017-10-12 17:30:22,300: state.pubsub.pub.0001: MainProcess                     : MainThread     : INFO    :                      pid: 26103
2017-10-12 17:30:22,300: state.pubsub.pub.0001: MainProcess                     : MainThread     : INFO    :                      tid: MainThread
2017-10-12 17:30:22,300: state.pubsub.pub.0001: MainProcess                     : MainThread     : INFO    : radical.pilot        version: 0.46-v0.46.RC2@devel
2017-10-12 17:30:22,300: state.pubsub.pub.0001: MainProcess                     : MainThread     : INFO    : create state_pubsub - pub - tcp://172.30.238.6:44937
2017-10-12 17:30:22,301: state.pubsub.pub.0001: MainProcess                     : MainThread     : DEBUG   : start process
2017-10-12 17:30:22,301: state.pubsub.pub.0001: MainProcess                     : MainThread     : DEBUG   : ru_initialize_common (NOOP)
2017-10-12 17:30:22,301: state.pubsub.pub.0001: MainProcess                     : MainThread     : DEBUG   : ru_initialize_parent (NOOP)
2017-10-12 17:30:22,301: state.pubsub.pub.0001: MainProcess                     : MainThread     : DEBUG   : process class started (no child)
2017-10-12 17:33:48,812: state.pubsub.pub.0001: MainProcess                     : MainThread     : INFO    : parent stops child
2017-10-12 17:33:48,812: state.pubsub.pub.0001: MainProcess                     : MainThread     : DEBUG   : ru_finalize_parent (NOOP)
