2017-08-22 22:11:39,650: pmgr.launching.0    : MainProcess                     : MainThread     : INFO    : python.interpreter   version: 2.7.12 (default, Nov 19 2016, 06:48:10) [GCC 5.4.0 20160609]
2017-08-22 22:11:39,651: pmgr.launching.0    : MainProcess                     : MainThread     : INFO    :                      pid: 31019
2017-08-22 22:11:39,651: pmgr.launching.0    : MainProcess                     : MainThread     : INFO    :                      tid: MainThread
2017-08-22 22:11:39,651: pmgr.launching.0    : MainProcess                     : MainThread     : INFO    : radical.pilot        version: 0.46-v0.46.RC2@devel
2017-08-22 22:11:40,690: pmgr.launching.0    : MainProcess                     : MainThread     : DEBUG   : alive check in term
2017-08-22 22:11:40,690: pmgr.launching.0    : MainProcess                     : MainThread     : DEBUG   : start process
2017-08-22 22:11:41,800: pmgr.launching.0    : MainProcess                     : MainThread     : INFO    : recv message: alive
2017-08-22 22:11:41,801: pmgr.launching.0    : MainProcess                     : MainThread     : INFO    : initialize pmgr.launching.0
2017-08-22 22:11:41,804: pmgr.launching.0    : MainProcess                     : MainThread     : INFO    : cfg: {'agents': {},
 u'bridges': {u'control_pubsub': {'addr_in': 'tcp://172.30.238.6:39509',
                                  'addr_out': 'tcp://172.30.238.6:46129',
                                  u'bulk_size': 0,
                                  u'log_level': u'debug',
                                  u'stall_hwm': 1},
              u'log_pubsub': {'addr_in': 'tcp://172.30.238.6:42171',
                              'addr_out': 'tcp://172.30.238.6:36739',
                              u'bulk_size': 0,
                              u'log_level': u'debug',
                              u'stall_hwm': 1},
              u'pmgr_launching_queue': {'addr_in': 'tcp://172.30.238.6:43118',
                                        'addr_out': 'tcp://172.30.238.6:42494',
                                        u'bulk_size': 0,
                                        u'log_level': u'debug',
                                        u'stall_hwm': 1},
              u'state_pubsub': {'addr_in': 'tcp://172.30.238.6:38610',
                                'addr_out': 'tcp://172.30.238.6:38503',
                                u'bulk_size': 0,
                                u'log_level': u'debug',
                                u'stall_hwm': 1}},
 'cname': u'PMGRLaunchingComponent',
 u'components': {},
 u'count': 1,
 u'db_poll_sleeptime': 1.0,
 'number': 0,
 'owner': 'pmgr.0000',
 'uid': 'pmgr.0000'}
2017-08-22 22:11:41,804: pmgr.launching.0    : MainProcess                     : MainThread     : DEBUG   : alive check in term
2017-08-22 22:11:41,804: pmgr.launching.0    : MainProcess                     : MainThread     : DEBUG   : START: pmgr.launching.0 register publisher log_pubsub
2017-08-22 22:11:41,804: pmgr.launching.0    : MainProcess                     : MainThread     : DEBUG   : using addr tcp://172.30.238.6:42171 for pubsub log_pubsub
2017-08-22 22:11:41,807: pmgr.launching.0    : MainProcess                     : MainThread     : DEBUG   : registered publisher : log_pubsub : log.pubsub.pub.0001
2017-08-22 22:11:41,807: pmgr.launching.0    : MainProcess                     : MainThread     : DEBUG   : alive check in term
2017-08-22 22:11:41,807: pmgr.launching.0    : MainProcess                     : MainThread     : DEBUG   : START: pmgr.launching.0 register publisher state_pubsub
2017-08-22 22:11:41,807: pmgr.launching.0    : MainProcess                     : MainThread     : DEBUG   : using addr tcp://172.30.238.6:38610 for pubsub state_pubsub
2017-08-22 22:11:41,810: pmgr.launching.0    : MainProcess                     : MainThread     : DEBUG   : registered publisher : state_pubsub : state.pubsub.pub.0001
2017-08-22 22:11:41,810: pmgr.launching.0    : MainProcess                     : MainThread     : DEBUG   : alive check in term
2017-08-22 22:11:41,811: pmgr.launching.0    : MainProcess                     : MainThread     : DEBUG   : START: pmgr.launching.0 register publisher control_pubsub
2017-08-22 22:11:41,811: pmgr.launching.0    : MainProcess                     : MainThread     : DEBUG   : using addr tcp://172.30.238.6:39509 for pubsub control_pubsub
2017-08-22 22:11:41,813: pmgr.launching.0    : MainProcess                     : MainThread     : DEBUG   : registered publisher : control_pubsub : control.pubsub.pub.0001
2017-08-22 22:11:41,813: pmgr.launching.0    : MainProcess                     : MainThread     : DEBUG   : parent name: pmgr.launching.0.watch
2017-08-22 22:11:41,814: pmgr.launching.0    : MainProcess                     : MainThread     : DEBUG   : start thread
2017-08-22 22:11:41,814: pmgr.launching.0    : MainProcess                     : pmgr.launching.0.watch: DEBUG   : child name: pmgr.launching.0.watch.thread
2017-08-22 22:11:41,815: pmgr.launching.0    : MainProcess                     : pmgr.launching.0.watch: INFO    : child (me) initializing
2017-08-22 22:11:41,815: pmgr.launching.0    : MainProcess                     : pmgr.launching.0.watch: DEBUG   : ru_initialize_common (NOOP)
2017-08-22 22:11:41,815: pmgr.launching.0    : MainProcess                     : pmgr.launching.0.watch: DEBUG   : ru_initialize_child (NOOP)
2017-08-22 22:11:41,815: pmgr.launching.0    : MainProcess                     : pmgr.launching.0.watch: INFO    : send alive
2017-08-22 22:11:41,815: pmgr.launching.0    : MainProcess                     : pmgr.launching.0.watch: INFO    : put message: [pmgr.launching.0.watch.thread] alive
2017-08-22 22:11:41,816: pmgr.launching.0    : MainProcess                     : MainThread     : INFO    : get msg: alive
2017-08-22 22:11:41,816: pmgr.launching.0    : MainProcess                     : MainThread     : DEBUG   : ru_initialize_common (NOOP)
2017-08-22 22:11:41,816: pmgr.launching.0    : MainProcess                     : MainThread     : DEBUG   : ru_initialize_parent (NOOP)
2017-08-22 22:11:41,816: pmgr.launching.0    : MainProcess                     : MainThread     : DEBUG   : child thread pmgr.launching.0.watch started
2017-08-22 22:11:41,816: pmgr.launching.0    : MainProcess                     : MainThread     : INFO    : child is alive
2017-08-22 22:11:41,816: pmgr.launching.0    : MainProcess                     : MainThread     : DEBUG   : process class started child
2017-08-22 23:20:26,280: pmgr.launching.0    : MainProcess                     : MainThread     : INFO    : stop pmgr.launching.0 (31019 : 31142 : MainThread) [radical.pilot.pilot_manager.PilotManager.finalize_parent]
2017-08-22 23:20:26,280: pmgr.launching.0    : MainProcess                     : MainThread     : INFO    : parent stops child
2017-08-22 23:20:26,280: pmgr.launching.0    : MainProcess                     : MainThread     : DEBUG   : ru_finalize_common()
2017-08-22 23:20:26,280: pmgr.launching.0    : MainProcess                     : MainThread     : DEBUG   : TERM : pmgr.launching.0 unregister publisher log_pubsub
2017-08-22 23:20:26,281: pmgr.launching.0    : MainProcess                     : MainThread     : DEBUG   : unregistered publisher log_pubsub
2017-08-22 23:20:26,281: pmgr.launching.0    : MainProcess                     : MainThread     : DEBUG   : TERM : pmgr.launching.0 unregister publisher state_pubsub
2017-08-22 23:20:26,282: pmgr.launching.0    : MainProcess                     : MainThread     : DEBUG   : unregistered publisher state_pubsub
2017-08-22 23:20:26,282: pmgr.launching.0    : MainProcess                     : MainThread     : DEBUG   : TERM : pmgr.launching.0 unregister publisher control_pubsub
2017-08-22 23:20:26,282: pmgr.launching.0    : MainProcess                     : MainThread     : DEBUG   : unregistered publisher control_pubsub
2017-08-22 23:20:26,282: pmgr.launching.0    : MainProcess                     : MainThread     : DEBUG   : pmgr.launching.0 close prof
2017-08-22 23:20:26,283: pmgr.launching.0    : MainProcess                     : MainThread     : INFO    : parent stops child
2017-08-22 23:20:26,283: pmgr.launching.0    : MainProcess                     : MainThread     : DEBUG   : ru_finalize_parent (NOOP)
2017-08-22 23:20:26,283: pmgr.launching.0    : MainProcess                     : MainThread     : DEBUG   : ru_finalize_common (NOOP)
2017-08-22 23:20:26,295: pmgr.launching.0    : MainProcess                     : pmgr.launching.0.watch: INFO    : watcher closes
2017-08-22 23:20:26,295: pmgr.launching.0    : MainProcess                     : pmgr.launching.0.watch: INFO    : put message: [pmgr.launching.0.watch.thread] work finished
2017-08-22 23:20:26,295: pmgr.launching.0    : MainProcess                     : pmgr.launching.0.watch: DEBUG   : ru_finalize_child (NOOP)
2017-08-22 23:20:26,296: pmgr.launching.0    : MainProcess                     : pmgr.launching.0.watch: DEBUG   : ru_finalize_common (NOOP)
2017-08-22 23:20:26,296: pmgr.launching.0    : MainProcess                     : pmgr.launching.0.watch: INFO    : put message: [pmgr.launching.0.watch.thread] terminating
2017-08-22 23:20:26,399: pmgr.launching.0    : MainProcess                     : MainThread     : WARNING : failed to stop child - terminate
2017-08-22 23:20:26,629: pmgr.launching.0    : MainProcess                     : MainThread     : INFO    : stop pmgr.launching.0 (31019 : 31142 : MainThread) [radical.pilot.utils.component.PilotManager.ru_finalize_common]
2017-08-22 23:20:27,528: pmgr.launching.0    : MainProcess                     : MainThread     : INFO    : stop pmgr.launching.0 (31019 : 31142 : MainThread) [radical.pilot.session.Session.close]
