2017-10-12 16:40:42,158: state.pubsub.sub.0000: update.0                        : MainThread     : INFO    : python.interpreter   version: 2.7.9 (default, May 6 2016, 10:34:30) [GCC 4.9.0 20140422 (Cray Inc.)]
2017-10-12 16:40:42,159: state.pubsub.sub.0000: update.0                        : MainThread     : INFO    :                      pid: 36432
2017-10-12 16:40:42,159: state.pubsub.sub.0000: update.0                        : MainThread     : INFO    :                      tid: MainThread
2017-10-12 16:40:42,159: state.pubsub.sub.0000: update.0                        : MainThread     : INFO    : radical.pilot        version: 0.47-v0.46.2-15-g62a193b@devel
2017-10-12 16:40:42,159: state.pubsub.sub.0000: update.0                        : MainThread     : INFO    : create state_pubsub - sub - tcp://160.91.205.198:39843
2017-10-12 16:40:42,160: state.pubsub.sub.0000: update.0                        : MainThread     : DEBUG   : start process
2017-10-12 16:40:42,160: state.pubsub.sub.0000: update.0                        : MainThread     : DEBUG   : ru_initialize_common (NOOP)
2017-10-12 16:40:42,160: state.pubsub.sub.0000: update.0                        : MainThread     : DEBUG   : ru_initialize_parent (NOOP)
2017-10-12 16:40:42,160: state.pubsub.sub.0000: update.0                        : MainThread     : DEBUG   : process class started (no child)
2017-10-12 16:40:42,551: state.pubsub.sub.0000: MainProcess                     : MainThread     : INFO    : python.interpreter   version: 2.7.9 (default, May 6 2016, 10:34:30) [GCC 4.9.0 20140422 (Cray Inc.)]
2017-10-12 16:40:42,552: state.pubsub.sub.0000: MainProcess                     : MainThread     : INFO    :                      pid: 36374
2017-10-12 16:40:42,552: state.pubsub.sub.0000: MainProcess                     : MainThread     : INFO    :                      tid: MainThread
2017-10-12 16:40:42,552: state.pubsub.sub.0000: MainProcess                     : MainThread     : INFO    : radical.pilot        version: 0.47-v0.46.2-15-g62a193b@devel
2017-10-12 16:40:42,552: state.pubsub.sub.0000: MainProcess                     : MainThread     : INFO    : create state_pubsub - sub - tcp://160.91.205.198:39843
2017-10-12 16:40:42,553: state.pubsub.sub.0000: MainProcess                     : MainThread     : DEBUG   : start process
2017-10-12 16:40:42,553: state.pubsub.sub.0000: MainProcess                     : MainThread     : DEBUG   : ru_initialize_common (NOOP)
2017-10-12 16:40:42,553: state.pubsub.sub.0000: MainProcess                     : MainThread     : DEBUG   : ru_initialize_parent (NOOP)
2017-10-12 16:40:42,553: state.pubsub.sub.0000: MainProcess                     : MainThread     : DEBUG   : process class started (no child)
2017-10-12 16:44:22,592: state.pubsub.sub.0000: MainProcess                     : MainThread     : INFO    : parent stops child
2017-10-12 16:44:22,592: state.pubsub.sub.0000: MainProcess                     : MainThread     : DEBUG   : ru_finalize_parent (NOOP)
