2017-10-12 16:42:20,277: umgr.staging.output.queue.bridge.0000: task-manager                    : MainThread     : INFO    : python.interpreter   version: 2.7.9 (default, May 6 2016, 10:34:30) [GCC 4.9.0 20140422 (Cray Inc.)]
2017-10-12 16:42:20,278: umgr.staging.output.queue.bridge.0000: task-manager                    : MainThread     : INFO    :                      pid: 39910
2017-10-12 16:42:20,278: umgr.staging.output.queue.bridge.0000: task-manager                    : MainThread     : INFO    :                      tid: MainThread
2017-10-12 16:42:20,278: umgr.staging.output.queue.bridge.0000: task-manager                    : MainThread     : INFO    : radical.pilot        version: 0.47-v0.46.2-15-g62a193b@devel
2017-10-12 16:42:20,279: umgr.staging.output.queue.bridge.0000: task-manager                    : MainThread     : INFO    : create umgr_staging_output_queue - bridge - tcp://*:*
2017-10-12 16:42:20,279: umgr.staging.output.queue.bridge.0000: task-manager                    : MainThread     : DEBUG   : start process
2017-10-12 16:42:20,286: umgr.staging.output.queue.bridge.0000: umgr.staging.output.queue.bridge.0000: MainThread     : DEBUG   : ru_initialize_common (NOOP)
2017-10-12 16:42:20,294: umgr.staging.output.queue.bridge.0000: umgr.staging.output.queue.bridge.0000.child: MainThread     : INFO    : child (me) initializing
2017-10-12 16:42:20,294: umgr.staging.output.queue.bridge.0000: umgr.staging.output.queue.bridge.0000.child: MainThread     : DEBUG   : parent name: umgr.staging.output.queue.bridge.0000.child.watch
2017-10-12 16:42:20,294: umgr.staging.output.queue.bridge.0000: umgr.staging.output.queue.bridge.0000.child: MainThread     : DEBUG   : start thread
2017-10-12 16:42:20,294: umgr.staging.output.queue.bridge.0000: umgr.staging.output.queue.bridge.0000.child: umgr.staging.output.queue.bridge.0000.child.watch: DEBUG   : child name: umgr.staging.output.queue.bridge.0000.child.watch.thread
2017-10-12 16:42:20,295: umgr.staging.output.queue.bridge.0000: umgr.staging.output.queue.bridge.0000.child: umgr.staging.output.queue.bridge.0000.child.watch: INFO    : child (me) initializing
2017-10-12 16:42:20,295: umgr.staging.output.queue.bridge.0000: umgr.staging.output.queue.bridge.0000.child: umgr.staging.output.queue.bridge.0000.child.watch: DEBUG   : ru_initialize_common (NOOP)
2017-10-12 16:42:20,295: umgr.staging.output.queue.bridge.0000: umgr.staging.output.queue.bridge.0000.child: umgr.staging.output.queue.bridge.0000.child.watch: DEBUG   : ru_initialize_child (NOOP)
2017-10-12 16:42:20,295: umgr.staging.output.queue.bridge.0000: umgr.staging.output.queue.bridge.0000.child: umgr.staging.output.queue.bridge.0000.child.watch: INFO    : send alive
2017-10-12 16:42:20,295: umgr.staging.output.queue.bridge.0000: umgr.staging.output.queue.bridge.0000.child: umgr.staging.output.queue.bridge.0000.child.watch: INFO    : put message: [umgr.staging.output.queue.bridge.0000.child.watch.thread] alive
2017-10-12 16:42:20,296: umgr.staging.output.queue.bridge.0000: umgr.staging.output.queue.bridge.0000.child: MainThread     : INFO    : get msg: alive
2017-10-12 16:42:20,297: umgr.staging.output.queue.bridge.0000: umgr.staging.output.queue.bridge.0000.child: MainThread     : DEBUG   : ru_initialize_common (NOOP)
2017-10-12 16:42:20,297: umgr.staging.output.queue.bridge.0000: umgr.staging.output.queue.bridge.0000.child: MainThread     : DEBUG   : ru_initialize_parent (NOOP)
2017-10-12 16:42:20,297: umgr.staging.output.queue.bridge.0000: umgr.staging.output.queue.bridge.0000.child: MainThread     : DEBUG   : child thread umgr.staging.output.queue.bridge.0000.child.watch started
2017-10-12 16:42:20,297: umgr.staging.output.queue.bridge.0000: umgr.staging.output.queue.bridge.0000.child: MainThread     : INFO    : child (me) is alive
2017-10-12 16:42:20,297: umgr.staging.output.queue.bridge.0000: umgr.staging.output.queue.bridge.0000.child: MainThread     : INFO    : send alive
2017-10-12 16:42:20,297: umgr.staging.output.queue.bridge.0000: umgr.staging.output.queue.bridge.0000.child: MainThread     : INFO    : send message: [umgr.staging.output.queue.bridge.0000.child] alive
2017-10-12 16:42:20,297: umgr.staging.output.queue.bridge.0000: task-manager                    : MainThread     : INFO    : recv message: alive
2017-10-12 16:42:20,298: umgr.staging.output.queue.bridge.0000: task-manager                    : MainThread     : DEBUG   : ru_initialize_common (NOOP)
2017-10-12 16:42:20,298: umgr.staging.output.queue.bridge.0000: task-manager                    : MainThread     : DEBUG   : ru_initialize_parent (NOOP)
2017-10-12 16:42:20,299: umgr.staging.output.queue.bridge.0000: task-manager                    : MainThread     : DEBUG   : parent name: umgr.staging.output.queue.bridge.0000.watch
2017-10-12 16:42:20,299: umgr.staging.output.queue.bridge.0000: task-manager                    : MainThread     : DEBUG   : start thread
2017-10-12 16:42:20,300: umgr.staging.output.queue.bridge.0000: task-manager                    : umgr.staging.output.queue.bridge.0000.watch: DEBUG   : child name: umgr.staging.output.queue.bridge.0000.watch.thread
2017-10-12 16:42:20,300: umgr.staging.output.queue.bridge.0000: task-manager                    : umgr.staging.output.queue.bridge.0000.watch: INFO    : child (me) initializing
2017-10-12 16:42:20,300: umgr.staging.output.queue.bridge.0000: task-manager                    : umgr.staging.output.queue.bridge.0000.watch: DEBUG   : ru_initialize_common (NOOP)
2017-10-12 16:42:20,300: umgr.staging.output.queue.bridge.0000: task-manager                    : umgr.staging.output.queue.bridge.0000.watch: DEBUG   : ru_initialize_child (NOOP)
2017-10-12 16:42:20,300: umgr.staging.output.queue.bridge.0000: task-manager                    : umgr.staging.output.queue.bridge.0000.watch: INFO    : send alive
2017-10-12 16:42:20,300: umgr.staging.output.queue.bridge.0000: task-manager                    : umgr.staging.output.queue.bridge.0000.watch: INFO    : put message: [umgr.staging.output.queue.bridge.0000.watch.thread] alive
2017-10-12 16:42:20,301: umgr.staging.output.queue.bridge.0000: task-manager                    : MainThread     : INFO    : get msg: alive
2017-10-12 16:42:20,301: umgr.staging.output.queue.bridge.0000: task-manager                    : MainThread     : DEBUG   : ru_initialize_common (NOOP)
2017-10-12 16:42:20,301: umgr.staging.output.queue.bridge.0000: task-manager                    : MainThread     : DEBUG   : ru_initialize_parent (NOOP)
2017-10-12 16:42:20,301: umgr.staging.output.queue.bridge.0000: task-manager                    : MainThread     : DEBUG   : child thread umgr.staging.output.queue.bridge.0000.watch started
2017-10-12 16:42:20,301: umgr.staging.output.queue.bridge.0000: task-manager                    : MainThread     : INFO    : child is alive
2017-10-12 16:42:20,302: umgr.staging.output.queue.bridge.0000: task-manager                    : MainThread     : DEBUG   : process class started child
2017-10-12 16:44:18,473: umgr.staging.output.queue.bridge.0000: umgr.staging.output.queue.bridge.0000.child: umgr.staging.output.queue.bridge.0000.child.watch: WARNING : endpoint disappeard
2017-10-12 16:44:18,473: umgr.staging.output.queue.bridge.0000: umgr.staging.output.queue.bridge.0000.child: umgr.staging.output.queue.bridge.0000.child.watch: INFO    : watcher closes
2017-10-12 16:44:18,473: umgr.staging.output.queue.bridge.0000: umgr.staging.output.queue.bridge.0000.child: umgr.staging.output.queue.bridge.0000.child.watch: INFO    : put message: [umgr.staging.output.queue.bridge.0000.child.watch.thread] work finished
2017-10-12 16:44:18,474: umgr.staging.output.queue.bridge.0000: umgr.staging.output.queue.bridge.0000.child: umgr.staging.output.queue.bridge.0000.child.watch: DEBUG   : ru_finalize_child (NOOP)
2017-10-12 16:44:18,474: umgr.staging.output.queue.bridge.0000: umgr.staging.output.queue.bridge.0000.child: umgr.staging.output.queue.bridge.0000.child.watch: DEBUG   : ru_finalize_common (NOOP)
2017-10-12 16:44:18,474: umgr.staging.output.queue.bridge.0000: umgr.staging.output.queue.bridge.0000.child: umgr.staging.output.queue.bridge.0000.child.watch: INFO    : put message: [umgr.staging.output.queue.bridge.0000.child.watch.thread] terminating
2017-10-12 16:44:19,316: umgr.staging.output.queue.bridge.0000: umgr.staging.output.queue.bridge.0000.child: MainThread     : INFO    : send message: [umgr.staging.output.queue.bridge.0000.child] work finished
2017-10-12 16:44:19,317: umgr.staging.output.queue.bridge.0000: umgr.staging.output.queue.bridge.0000.child: MainThread     : DEBUG   : ru_finalize_child (NOOP)
2017-10-12 16:44:19,317: umgr.staging.output.queue.bridge.0000: umgr.staging.output.queue.bridge.0000.child: MainThread     : INFO    : send message: [umgr.staging.output.queue.bridge.0000.child] terminating
