2017-09-08 11:49:57,733: log.pubsub.pub.0004 : umgr.staging.output.0           : MainThread     : INFO    : python.interpreter   version: 2.7.12 (default, Nov 19 2016, 06:48:10) [GCC 5.4.0 20160609]
2017-09-08 11:49:57,733: log.pubsub.pub.0004 : umgr.staging.output.0           : MainThread     : INFO    :                      pid: 20265
2017-09-08 11:49:57,733: log.pubsub.pub.0004 : umgr.staging.output.0           : MainThread     : INFO    :                      tid: MainThread
2017-09-08 11:49:57,733: log.pubsub.pub.0004 : umgr.staging.output.0           : MainThread     : INFO    : radical.pilot        version: 0.46-v0.46.RC2@devel
2017-09-08 11:49:57,733: log.pubsub.pub.0004 : umgr.staging.output.0           : MainThread     : INFO    : create log_pubsub - pub - tcp://172.30.238.6:42890
2017-09-08 11:49:57,734: log.pubsub.pub.0004 : umgr.staging.output.0           : MainThread     : DEBUG   : start process
2017-09-08 11:49:57,734: log.pubsub.pub.0004 : umgr.staging.output.0           : MainThread     : DEBUG   : ru_initialize_common (NOOP)
2017-09-08 11:49:57,734: log.pubsub.pub.0004 : umgr.staging.output.0           : MainThread     : DEBUG   : ru_initialize_parent (NOOP)
2017-09-08 11:49:57,734: log.pubsub.pub.0004 : umgr.staging.output.0           : MainThread     : DEBUG   : process class started (no child)
2017-09-08 11:49:57,748: log.pubsub.pub.0004 : task-manager                    : MainThread     : INFO    : python.interpreter   version: 2.7.12 (default, Nov 19 2016, 06:48:10) [GCC 5.4.0 20160609]
2017-09-08 11:49:57,766: log.pubsub.pub.0004 : task-manager                    : MainThread     : INFO    :                      pid: 20192
2017-09-08 11:49:57,766: log.pubsub.pub.0004 : task-manager                    : MainThread     : INFO    :                      tid: MainThread
2017-09-08 11:49:57,766: log.pubsub.pub.0004 : task-manager                    : MainThread     : INFO    : radical.pilot        version: 0.46-v0.46.RC2@devel
2017-09-08 11:49:57,766: log.pubsub.pub.0004 : task-manager                    : MainThread     : INFO    : create log_pubsub - pub - tcp://172.30.238.6:42890
2017-09-08 11:49:57,767: log.pubsub.pub.0004 : task-manager                    : MainThread     : DEBUG   : start process
2017-09-08 11:49:57,767: log.pubsub.pub.0004 : task-manager                    : MainThread     : DEBUG   : ru_initialize_common (NOOP)
2017-09-08 11:49:57,767: log.pubsub.pub.0004 : task-manager                    : MainThread     : DEBUG   : ru_initialize_parent (NOOP)
2017-09-08 11:49:57,767: log.pubsub.pub.0004 : task-manager                    : MainThread     : DEBUG   : process class started (no child)
2017-09-08 11:52:20,707: log.pubsub.pub.0004 : umgr.staging.output.0           : MainThread     : INFO    : parent stops child
2017-09-08 11:52:20,707: log.pubsub.pub.0004 : umgr.staging.output.0           : MainThread     : DEBUG   : ru_finalize_parent (NOOP)
