2017-09-08 11:48:50,184: state.pubsub.pub.0001: pmgr.launching.0                : MainThread     : INFO    : python.interpreter   version: 2.7.12 (default, Nov 19 2016, 06:48:10) [GCC 5.4.0 20160609]
2017-09-08 11:48:50,184: state.pubsub.pub.0001: pmgr.launching.0                : MainThread     : INFO    :                      pid: 19914
2017-09-08 11:48:50,184: state.pubsub.pub.0001: pmgr.launching.0                : MainThread     : INFO    :                      tid: MainThread
2017-09-08 11:48:50,185: state.pubsub.pub.0001: pmgr.launching.0                : MainThread     : INFO    : radical.pilot        version: 0.46-v0.46.RC2@devel
2017-09-08 11:48:50,185: state.pubsub.pub.0001: pmgr.launching.0                : MainThread     : INFO    : create state_pubsub - pub - tcp://172.30.238.6:38323
2017-09-08 11:48:50,185: state.pubsub.pub.0001: pmgr.launching.0                : MainThread     : DEBUG   : start process
2017-09-08 11:48:50,186: state.pubsub.pub.0001: pmgr.launching.0                : MainThread     : DEBUG   : ru_initialize_common (NOOP)
2017-09-08 11:48:50,186: state.pubsub.pub.0001: pmgr.launching.0                : MainThread     : DEBUG   : ru_initialize_parent (NOOP)
2017-09-08 11:48:50,186: state.pubsub.pub.0001: pmgr.launching.0                : MainThread     : DEBUG   : process class started (no child)
2017-09-08 11:48:50,245: state.pubsub.pub.0001: MainProcess                     : MainThread     : INFO    : python.interpreter   version: 2.7.12 (default, Nov 19 2016, 06:48:10) [GCC 5.4.0 20160609]
2017-09-08 11:48:50,245: state.pubsub.pub.0001: MainProcess                     : MainThread     : INFO    :                      pid: 19805
2017-09-08 11:48:50,245: state.pubsub.pub.0001: MainProcess                     : MainThread     : INFO    :                      tid: MainThread
2017-09-08 11:48:50,246: state.pubsub.pub.0001: MainProcess                     : MainThread     : INFO    : radical.pilot        version: 0.46-v0.46.RC2@devel
2017-09-08 11:48:50,246: state.pubsub.pub.0001: MainProcess                     : MainThread     : INFO    : create state_pubsub - pub - tcp://172.30.238.6:38323
2017-09-08 11:48:50,246: state.pubsub.pub.0001: MainProcess                     : MainThread     : DEBUG   : start process
2017-09-08 11:48:50,246: state.pubsub.pub.0001: MainProcess                     : MainThread     : DEBUG   : ru_initialize_common (NOOP)
2017-09-08 11:48:50,247: state.pubsub.pub.0001: MainProcess                     : MainThread     : DEBUG   : ru_initialize_parent (NOOP)
2017-09-08 11:48:50,247: state.pubsub.pub.0001: MainProcess                     : MainThread     : DEBUG   : process class started (no child)
2017-09-08 11:52:22,111: state.pubsub.pub.0001: MainProcess                     : MainThread     : INFO    : parent stops child
2017-09-08 11:52:22,111: state.pubsub.pub.0001: MainProcess                     : MainThread     : DEBUG   : ru_finalize_parent (NOOP)
