2017-09-08 16:27:12,373: control.pubsub.sub.0000: update.0                        : MainThread     : INFO    : python.interpreter   version: 2.7.12 (default, Nov 19 2016, 06:48:10) [GCC 5.4.0 20160609]
2017-09-08 16:27:12,373: control.pubsub.sub.0000: update.0                        : MainThread     : INFO    :                      pid: 17504
2017-09-08 16:27:12,373: control.pubsub.sub.0000: update.0                        : MainThread     : INFO    :                      tid: MainThread
2017-09-08 16:27:12,374: control.pubsub.sub.0000: update.0                        : MainThread     : INFO    : radical.pilot        version: 0.46-v0.46.RC2@devel
2017-09-08 16:27:12,374: control.pubsub.sub.0000: update.0                        : MainThread     : INFO    : create control_pubsub - sub - tcp://172.30.238.6:38246
2017-09-08 16:27:12,374: control.pubsub.sub.0000: update.0                        : MainThread     : DEBUG   : start process
2017-09-08 16:27:12,375: control.pubsub.sub.0000: update.0                        : MainThread     : DEBUG   : ru_initialize_common (NOOP)
2017-09-08 16:27:12,375: control.pubsub.sub.0000: update.0                        : MainThread     : DEBUG   : ru_initialize_parent (NOOP)
2017-09-08 16:27:12,375: control.pubsub.sub.0000: update.0                        : MainThread     : DEBUG   : process class started (no child)
2017-09-08 16:27:15,931: control.pubsub.sub.0000: pmgr.launching.0                : MainThread     : INFO    : python.interpreter   version: 2.7.12 (default, Nov 19 2016, 06:48:10) [GCC 5.4.0 20160609]
2017-09-08 16:27:15,932: control.pubsub.sub.0000: pmgr.launching.0                : MainThread     : INFO    :                      pid: 17548
2017-09-08 16:27:15,932: control.pubsub.sub.0000: pmgr.launching.0                : MainThread     : INFO    :                      tid: MainThread
2017-09-08 16:27:15,932: control.pubsub.sub.0000: pmgr.launching.0                : MainThread     : INFO    : radical.pilot        version: 0.46-v0.46.RC2@devel
2017-09-08 16:27:15,932: control.pubsub.sub.0000: pmgr.launching.0                : MainThread     : INFO    : create control_pubsub - sub - tcp://172.30.238.6:38246
2017-09-08 16:27:15,947: control.pubsub.sub.0000: pmgr.launching.0                : MainThread     : DEBUG   : start process
2017-09-08 16:27:15,947: control.pubsub.sub.0000: pmgr.launching.0                : MainThread     : DEBUG   : ru_initialize_common (NOOP)
2017-09-08 16:27:15,948: control.pubsub.sub.0000: pmgr.launching.0                : MainThread     : DEBUG   : ru_initialize_parent (NOOP)
2017-09-08 16:27:15,948: control.pubsub.sub.0000: pmgr.launching.0                : MainThread     : DEBUG   : process class started (no child)
2017-09-08 16:29:24,523: control.pubsub.sub.0000: umgr.staging.input.0            : MainThread     : INFO    : python.interpreter   version: 2.7.12 (default, Nov 19 2016, 06:48:10) [GCC 5.4.0 20160609]
2017-09-08 16:29:24,524: control.pubsub.sub.0000: umgr.staging.input.0            : MainThread     : INFO    :                      pid: 18066
2017-09-08 16:29:24,524: control.pubsub.sub.0000: umgr.staging.input.0            : MainThread     : INFO    :                      tid: MainThread
2017-09-08 16:29:24,524: control.pubsub.sub.0000: umgr.staging.input.0            : MainThread     : INFO    : radical.pilot        version: 0.46-v0.46.RC2@devel
2017-09-08 16:29:24,524: control.pubsub.sub.0000: umgr.staging.input.0            : MainThread     : INFO    : create control_pubsub - sub - tcp://172.30.238.6:38246
2017-09-08 16:29:24,538: control.pubsub.sub.0000: umgr.staging.input.0            : MainThread     : DEBUG   : start process
2017-09-08 16:29:24,538: control.pubsub.sub.0000: umgr.staging.input.0            : MainThread     : DEBUG   : ru_initialize_common (NOOP)
2017-09-08 16:29:24,538: control.pubsub.sub.0000: umgr.staging.input.0            : MainThread     : DEBUG   : ru_initialize_parent (NOOP)
2017-09-08 16:29:24,538: control.pubsub.sub.0000: umgr.staging.input.0            : MainThread     : DEBUG   : process class started (no child)
2017-09-08 16:29:26,637: control.pubsub.sub.0000: umgr.staging.output.0           : MainThread     : INFO    : python.interpreter   version: 2.7.12 (default, Nov 19 2016, 06:48:10) [GCC 5.4.0 20160609]
2017-09-08 16:29:26,637: control.pubsub.sub.0000: umgr.staging.output.0           : MainThread     : INFO    :                      pid: 18096
2017-09-08 16:29:26,637: control.pubsub.sub.0000: umgr.staging.output.0           : MainThread     : INFO    :                      tid: MainThread
2017-09-08 16:29:26,638: control.pubsub.sub.0000: umgr.staging.output.0           : MainThread     : INFO    : radical.pilot        version: 0.46-v0.46.RC2@devel
2017-09-08 16:29:26,638: control.pubsub.sub.0000: umgr.staging.output.0           : MainThread     : INFO    : create control_pubsub - sub - tcp://172.30.238.6:38246
2017-09-08 16:29:26,638: control.pubsub.sub.0000: umgr.staging.output.0           : MainThread     : DEBUG   : start process
2017-09-08 16:29:26,638: control.pubsub.sub.0000: umgr.staging.output.0           : MainThread     : DEBUG   : ru_initialize_common (NOOP)
2017-09-08 16:29:26,639: control.pubsub.sub.0000: umgr.staging.output.0           : MainThread     : DEBUG   : ru_initialize_parent (NOOP)
2017-09-08 16:29:26,639: control.pubsub.sub.0000: umgr.staging.output.0           : MainThread     : DEBUG   : process class started (no child)
2017-09-08 16:29:28,759: control.pubsub.sub.0000: umgr.scheduling.0               : MainThread     : INFO    : python.interpreter   version: 2.7.12 (default, Nov 19 2016, 06:48:10) [GCC 5.4.0 20160609]
2017-09-08 16:29:28,760: control.pubsub.sub.0000: umgr.scheduling.0               : MainThread     : INFO    :                      pid: 18122
2017-09-08 16:29:28,760: control.pubsub.sub.0000: umgr.scheduling.0               : MainThread     : INFO    :                      tid: MainThread
2017-09-08 16:29:28,760: control.pubsub.sub.0000: umgr.scheduling.0               : MainThread     : INFO    : radical.pilot        version: 0.46-v0.46.RC2@devel
2017-09-08 16:29:28,760: control.pubsub.sub.0000: umgr.scheduling.0               : MainThread     : INFO    : create control_pubsub - sub - tcp://172.30.238.6:38246
2017-09-08 16:29:28,760: control.pubsub.sub.0000: umgr.scheduling.0               : MainThread     : DEBUG   : start process
2017-09-08 16:29:28,761: control.pubsub.sub.0000: umgr.scheduling.0               : MainThread     : DEBUG   : ru_initialize_common (NOOP)
2017-09-08 16:29:28,761: control.pubsub.sub.0000: umgr.scheduling.0               : MainThread     : DEBUG   : ru_initialize_parent (NOOP)
2017-09-08 16:29:28,761: control.pubsub.sub.0000: umgr.scheduling.0               : MainThread     : DEBUG   : process class started (no child)
2017-09-08 16:33:40,054: control.pubsub.sub.0000: umgr.scheduling.0               : umgr.scheduling.0.child.subscriber._cancel_monitor_cb: INFO    : parent stops child
2017-09-08 16:33:40,054: control.pubsub.sub.0000: umgr.scheduling.0               : umgr.scheduling.0.child.subscriber._cancel_monitor_cb: DEBUG   : ru_finalize_parent (NOOP)
2017-09-08 16:33:40,246: control.pubsub.sub.0000: umgr.staging.output.0           : MainThread     : INFO    : parent stops child
2017-09-08 16:33:40,246: control.pubsub.sub.0000: umgr.staging.output.0           : MainThread     : DEBUG   : ru_finalize_parent (NOOP)
2017-09-08 16:33:40,835: control.pubsub.sub.0000: umgr.staging.input.0            : MainThread     : INFO    : parent stops child
2017-09-08 16:33:40,835: control.pubsub.sub.0000: umgr.staging.input.0            : MainThread     : DEBUG   : ru_finalize_parent (NOOP)
