2017-09-08 16:27:12,752: pmgr.0000           : MainProcess                     : MainThread     : INFO    : python.interpreter   version: 2.7.12 (default, Nov 19 2016, 06:48:10) [GCC 5.4.0 20160609]
2017-09-08 16:27:12,752: pmgr.0000           : MainProcess                     : MainThread     : INFO    :                      pid: 17435
2017-09-08 16:27:12,752: pmgr.0000           : MainProcess                     : MainThread     : INFO    :                      tid: MainThread
2017-09-08 16:27:12,752: pmgr.0000           : MainProcess                     : MainThread     : INFO    : radical.pilot        version: 0.46-v0.46.RC2@devel
2017-09-08 16:27:13,776: pmgr.0000           : MainProcess                     : MainThread     : DEBUG   : alive check in term
2017-09-08 16:27:13,783: pmgr.0000           : MainProcess                     : MainThread     : DEBUG   : start process
2017-09-08 16:27:13,783: pmgr.0000           : MainProcess                     : MainThread     : INFO    : initialize pmgr.0000
2017-09-08 16:27:13,784: pmgr.0000           : MainProcess                     : MainThread     : INFO    : cfg: {u'bridges': {u'pmgr_launching_queue': {u'bulk_size': 0,
                                        u'log_level': u'debug',
                                        u'stall_hwm': 1}},
 u'components': {u'PMGRLaunchingComponent': {u'count': 1}},
 u'db_poll_sleeptime': 1.0,
 'owner': 'pmgr.0000'}
2017-09-08 16:27:13,784: pmgr.0000           : MainProcess                     : MainThread     : DEBUG   : start bridges   : {u'pmgr_launching_queue': {u'bulk_size': 0,
                           u'log_level': u'debug',
                           u'stall_hwm': 1}}
2017-09-08 16:27:13,784: pmgr.0000           : MainProcess                     : MainThread     : INFO    : create bridge pmgr_launching_queue
2017-09-08 16:27:13,807: pmgr.0000           : MainProcess                     : MainThread     : INFO    : created bridge pmgr_launching_queue (pmgr.launching.queue.bridge.0000)
2017-09-08 16:27:13,808: pmgr.0000           : MainProcess                     : MainThread     : DEBUG   : start components: {u'PMGRLaunchingComponent': {u'count': 1}}
2017-09-08 16:27:13,808: pmgr.0000           : MainProcess                     : MainThread     : DEBUG   : start 1 component(s) PMGRLaunchingComponent
2017-09-08 16:27:15,989: pmgr.0000           : MainProcess                     : MainThread     : INFO    : pmgr.0000                      starts pmgr.launching.0
2017-09-08 16:27:15,990: pmgr.0000           : MainProcess                     : MainThread     : DEBUG   : alive check in term
2017-09-08 16:27:15,990: pmgr.0000           : MainProcess                     : MainThread     : DEBUG   : START: pmgr.0000 register publisher log_pubsub
2017-09-08 16:27:15,990: pmgr.0000           : MainProcess                     : MainThread     : DEBUG   : using addr tcp://172.30.238.6:37987 for pubsub log_pubsub
2017-09-08 16:27:15,992: pmgr.0000           : MainProcess                     : MainThread     : DEBUG   : registered publisher : log_pubsub : log.pubsub.pub.0002
2017-09-08 16:27:15,992: pmgr.0000           : MainProcess                     : MainThread     : DEBUG   : alive check in term
2017-09-08 16:27:15,993: pmgr.0000           : MainProcess                     : MainThread     : DEBUG   : START: pmgr.0000 register publisher state_pubsub
2017-09-08 16:27:15,993: pmgr.0000           : MainProcess                     : MainThread     : DEBUG   : using addr tcp://172.30.238.6:43785 for pubsub state_pubsub
2017-09-08 16:27:16,005: pmgr.0000           : MainProcess                     : MainThread     : DEBUG   : registered publisher : state_pubsub : state.pubsub.pub.0002
2017-09-08 16:27:16,005: pmgr.0000           : MainProcess                     : MainThread     : DEBUG   : alive check in term
2017-09-08 16:27:16,005: pmgr.0000           : MainProcess                     : MainThread     : DEBUG   : START: pmgr.0000 register publisher control_pubsub
2017-09-08 16:27:16,005: pmgr.0000           : MainProcess                     : MainThread     : DEBUG   : using addr tcp://172.30.238.6:37168 for pubsub control_pubsub
2017-09-08 16:27:16,007: pmgr.0000           : MainProcess                     : MainThread     : DEBUG   : registered publisher : control_pubsub : control.pubsub.pub.0002
2017-09-08 16:27:16,008: pmgr.0000           : MainProcess                     : MainThread     : DEBUG   : process class started (no child)
2017-09-08 16:27:16,008: pmgr.0000           : MainProcess                     : MainThread     : DEBUG   : START: pmgr.0000 register output PMGR_LAUNCHING_PENDING
2017-09-08 16:27:16,008: pmgr.0000           : MainProcess                     : MainThread     : DEBUG   : using addr tcp://172.30.238.6:35642 for output pmgr_launching_queue
2017-09-08 16:27:16,011: pmgr.0000           : MainProcess                     : MainThread     : DEBUG   : registered output    : PMGR_LAUNCHING_PENDING : pmgr_launching_queue : pmgr.launching.queue.input.0000
2017-09-08 16:27:16,012: pmgr.0000           : MainProcess                     : MainThread     : DEBUG   : START: pmgr.0000 register idler pmgr.0000.idler._state_pull_cb
2017-09-08 16:27:16,012: pmgr.0000           : MainProcess                     : MainThread     : DEBUG   : parent name: pmgr.0000.idler._state_pull_cb
2017-09-08 16:27:16,012: pmgr.0000           : MainProcess                     : MainThread     : DEBUG   : start thread
2017-09-08 16:27:16,012: pmgr.0000           : MainProcess                     : pmgr.0000.idler._state_pull_cb: DEBUG   : child name: pmgr.0000.idler._state_pull_cb.thread
2017-09-08 16:27:16,013: pmgr.0000           : MainProcess                     : pmgr.0000.idler._state_pull_cb: INFO    : child (me) initializing
2017-09-08 16:27:16,013: pmgr.0000           : MainProcess                     : pmgr.0000.idler._state_pull_cb: DEBUG   : ru_initialize_common (NOOP)
2017-09-08 16:27:16,013: pmgr.0000           : MainProcess                     : pmgr.0000.idler._state_pull_cb: DEBUG   : ru_initialize_child (NOOP)
2017-09-08 16:27:16,013: pmgr.0000           : MainProcess                     : pmgr.0000.idler._state_pull_cb: INFO    : send alive
2017-09-08 16:27:16,013: pmgr.0000           : MainProcess                     : pmgr.0000.idler._state_pull_cb: INFO    : put message: [pmgr.0000.idler._state_pull_cb.thread] alive
2017-09-08 16:27:16,014: pmgr.0000           : MainProcess                     : MainThread     : INFO    : get msg: alive
2017-09-08 16:27:16,014: pmgr.0000           : MainProcess                     : MainThread     : DEBUG   : ru_initialize_common (NOOP)
2017-09-08 16:27:16,014: pmgr.0000           : MainProcess                     : MainThread     : DEBUG   : ru_initialize_parent (NOOP)
2017-09-08 16:27:16,014: pmgr.0000           : MainProcess                     : MainThread     : DEBUG   : child thread pmgr.0000.idler._state_pull_cb started
2017-09-08 16:27:16,015: pmgr.0000           : MainProcess                     : MainThread     : DEBUG   : pmgr.0000 registered idler pmgr.0000.idler._state_pull_cb
2017-09-08 16:27:16,016: pmgr.0000           : MainProcess                     : MainThread     : DEBUG   : START: pmgr.0000 register subscriber pmgr.0000.subscriber._state_sub_cb
2017-09-08 16:27:16,016: pmgr.0000           : MainProcess                     : MainThread     : DEBUG   : using addr tcp://172.30.238.6:33555 for pubsub state_pubsub
2017-09-08 16:27:16,018: pmgr.0000           : MainProcess                     : MainThread     : DEBUG   : parent name: pmgr.0000.subscriber._state_sub_cb
2017-09-08 16:27:16,019: pmgr.0000           : MainProcess                     : MainThread     : DEBUG   : start thread
2017-09-08 16:27:16,019: pmgr.0000           : MainProcess                     : pmgr.0000.subscriber._state_sub_cb: DEBUG   : child name: pmgr.0000.subscriber._state_sub_cb.thread
2017-09-08 16:27:16,019: pmgr.0000           : MainProcess                     : pmgr.0000.subscriber._state_sub_cb: INFO    : child (me) initializing
2017-09-08 16:27:16,019: pmgr.0000           : MainProcess                     : pmgr.0000.subscriber._state_sub_cb: DEBUG   : ru_initialize_common (NOOP)
2017-09-08 16:27:16,020: pmgr.0000           : MainProcess                     : pmgr.0000.subscriber._state_sub_cb: DEBUG   : ru_initialize_child (NOOP)
2017-09-08 16:27:16,020: pmgr.0000           : MainProcess                     : pmgr.0000.subscriber._state_sub_cb: INFO    : send alive
2017-09-08 16:27:16,020: pmgr.0000           : MainProcess                     : pmgr.0000.subscriber._state_sub_cb: INFO    : put message: [pmgr.0000.subscriber._state_sub_cb.thread] alive
2017-09-08 16:27:16,020: pmgr.0000           : MainProcess                     : MainThread     : INFO    : get msg: alive
2017-09-08 16:27:16,020: pmgr.0000           : MainProcess                     : MainThread     : DEBUG   : ru_initialize_common (NOOP)
2017-09-08 16:27:16,021: pmgr.0000           : MainProcess                     : MainThread     : DEBUG   : ru_initialize_parent (NOOP)
2017-09-08 16:27:16,021: pmgr.0000           : MainProcess                     : MainThread     : DEBUG   : child thread pmgr.0000.subscriber._state_sub_cb started
2017-09-08 16:27:16,064: pmgr.0000           : MainProcess                     : MainThread     : DEBUG   : pmgr.0000 registered state_pubsub subscriber pmgr.0000.subscriber._state_sub_cb
2017-09-08 16:27:20,286: pmgr.0000           : MainProcess                     : MainThread     : DEBUG   : advance bulk size: 1 [False, False]
2017-09-08 16:27:20,286: pmgr.0000           : MainProcess                     : MainThread     : DEBUG   : advance bulk: pilot.0000 [1]
2017-09-08 16:27:20,335: pmgr.0000           : MainProcess                     : MainThread     : INFO    : [Callback]: pilot pilot.0000 state: PMGR_LAUNCHING_PENDING.
2017-09-08 16:27:20,336: pmgr.0000           : MainProcess                     : MainThread     : DEBUG   : advance bulk size: 1 [True, True]
2017-09-08 16:27:20,336: pmgr.0000           : MainProcess                     : MainThread     : DEBUG   : advance bulk: pilot.0000 [1]
2017-09-08 16:27:20,336: pmgr.0000           : MainProcess                     : MainThread     : DEBUG   : bucket: PMGR_LAUNCHING_PENDING : ['pilot.0000']
2017-09-08 16:27:20,336: pmgr.0000           : MainProcess                     : MainThread     : DEBUG   : put bulk PMGR_LAUNCHING_PENDING: 1
2017-09-08 16:27:20,337: pmgr.0000           : MainProcess                     : MainThread     : DEBUG   : push pilot.0000 ---> PMGR_LAUNCHING_PENDING
2017-09-08 16:27:20,340: pmgr.0000           : MainProcess                     : pmgr.0000.subscriber._state_sub_cb: INFO    : [Callback]: pilot pilot.0000 state: PMGR_LAUNCHING.
2017-09-08 16:27:20,341: pmgr.0000           : MainProcess                     : pmgr.0000.subscriber._state_sub_cb: DEBUG   : advance bulk size: 1 [False, False]
2017-09-08 16:27:20,341: pmgr.0000           : MainProcess                     : pmgr.0000.subscriber._state_sub_cb: DEBUG   : advance bulk: pilot.0000 [1]
2017-09-08 16:27:32,300: pmgr.0000           : MainProcess                     : pmgr.0000.subscriber._state_sub_cb: INFO    : [Callback]: pilot pilot.0000 state: PMGR_ACTIVE_PENDING.
2017-09-08 16:27:32,300: pmgr.0000           : MainProcess                     : pmgr.0000.subscriber._state_sub_cb: DEBUG   : advance bulk size: 1 [False, False]
2017-09-08 16:27:32,300: pmgr.0000           : MainProcess                     : pmgr.0000.subscriber._state_sub_cb: DEBUG   : advance bulk: pilot.0000 [1]
2017-09-08 16:29:17,968: pmgr.0000           : MainProcess                     : pmgr.0000.idler._state_pull_cb: INFO    : [Callback]: pilot pilot.0000 state: PMGR_ACTIVE.
2017-09-08 16:29:17,969: pmgr.0000           : MainProcess                     : pmgr.0000.idler._state_pull_cb: DEBUG   : advance bulk size: 1 [False, True]
2017-09-08 16:29:17,969: pmgr.0000           : MainProcess                     : pmgr.0000.idler._state_pull_cb: DEBUG   : advance bulk: pilot.0000 [1]
2017-09-08 16:29:17,969: pmgr.0000           : MainProcess                     : pmgr.0000.idler._state_pull_cb: INFO    : pilot pilot.0000 is PMGR_ACTIVE: None [None]
2017-09-08 16:33:41,730: pmgr.0000           : MainProcess                     : pmgr.0000.idler._state_pull_cb: INFO    : [Callback]: pilot pilot.0000 state: CANCELED.
2017-09-08 16:33:41,731: pmgr.0000           : MainProcess                     : pmgr.0000.idler._state_pull_cb: DEBUG   : advance bulk size: 1 [False, True]
2017-09-08 16:33:41,731: pmgr.0000           : MainProcess                     : pmgr.0000.idler._state_pull_cb: DEBUG   : advance bulk: pilot.0000 [1]
2017-09-08 16:33:41,896: pmgr.0000           : MainProcess                     : MainThread     : INFO    : stop pmgr.0000 (17435 : None : MainThread) [radical.pilot.pilot_manager.PilotManager.close]
2017-09-08 16:33:41,896: pmgr.0000           : MainProcess                     : MainThread     : INFO    : parent stops child
2017-09-08 16:33:42,173: pmgr.0000           : MainProcess                     : MainThread     : DEBUG   : ru_finalize_common()
2017-09-08 16:33:42,173: pmgr.0000           : MainProcess                     : MainThread     : DEBUG   : TERM : pmgr.0000 unregister publisher log_pubsub
2017-09-08 16:33:42,174: pmgr.0000           : MainProcess                     : MainThread     : DEBUG   : unregistered publisher log_pubsub
2017-09-08 16:33:42,174: pmgr.0000           : MainProcess                     : MainThread     : DEBUG   : TERM : pmgr.0000 unregister publisher state_pubsub
2017-09-08 16:33:42,175: pmgr.0000           : MainProcess                     : MainThread     : DEBUG   : unregistered publisher state_pubsub
2017-09-08 16:33:42,175: pmgr.0000           : MainProcess                     : MainThread     : DEBUG   : TERM : pmgr.0000 unregister publisher control_pubsub
2017-09-08 16:33:42,175: pmgr.0000           : MainProcess                     : MainThread     : DEBUG   : unregistered publisher control_pubsub
2017-09-08 16:33:42,176: pmgr.0000           : MainProcess                     : MainThread     : DEBUG   : pmgr.0000 close prof
2017-09-08 16:33:42,177: pmgr.0000           : MainProcess                     : MainThread     : INFO    : parent stops child
2017-09-08 16:33:42,177: pmgr.0000           : MainProcess                     : MainThread     : DEBUG   : ru_finalize_parent (NOOP)
2017-09-08 16:33:42,178: pmgr.0000           : MainProcess                     : pmgr.0000.subscriber._state_sub_cb: ERROR   : abort: ZMQError('Socket operation on non-socket')
Traceback (most recent call last):
  File "/home/vivek91/ves/entk-exp/local/lib/python2.7/site-packages/radical/utils/threads.py", line 375, in _run
    if not self.work_cb():
  File "/home/vivek91/ves/entk-exp/local/lib/python2.7/site-packages/radical/pilot/utils/component.py", line 1088, in work_cb
    topic, msg = self._q.get_nowait(500)  # timout in ms
  File "/home/vivek91/ves/entk-exp/local/lib/python2.7/site-packages/radical/pilot/utils/pubsub.py", line 352, in get_nowait
    if _uninterruptible(self._q.poll, flags=zmq.POLLIN, timeout=timeout):
  File "/home/vivek91/ves/entk-exp/local/lib/python2.7/site-packages/radical/pilot/utils/pubsub.py", line 50, in _uninterruptible
    return f(*args, **kwargs)
  File "/home/vivek91/ves/entk-exp/local/lib/python2.7/site-packages/zmq/sugar/socket.py", line 558, in poll
    evts = dict(p.poll(timeout))
  File "/home/vivek91/ves/entk-exp/local/lib/python2.7/site-packages/zmq/sugar/poll.py", line 99, in poll
    return zmq_poll(self.sockets, timeout=timeout)
  File "zmq/backend/cython/_poll.pyx", line 123, in zmq.backend.cython._poll.zmq_poll (zmq/backend/cython/_poll.c:2186)
  File "zmq/backend/cython/_poll.pyx", line 116, in zmq.backend.cython._poll.zmq_poll (zmq/backend/cython/_poll.c:2036)
  File "zmq/backend/cython/checkrc.pxd", line 25, in zmq.backend.cython.checkrc._check_rc (zmq/backend/cython/_poll.c:2811)
    raise ZMQError(errno)
ZMQError: Socket operation on non-socket
2017-09-08 16:33:42,179: pmgr.0000           : MainProcess                     : pmgr.0000.subscriber._state_sub_cb: INFO    : put message: [pmgr.0000.subscriber._state_sub_cb.thread] ZMQError('Socket operation on non-socket')
2017-09-08 16:33:42,180: pmgr.0000           : MainProcess                     : pmgr.0000.subscriber._state_sub_cb: DEBUG   : ru_finalize_child (NOOP)
2017-09-08 16:33:42,180: pmgr.0000           : MainProcess                     : pmgr.0000.subscriber._state_sub_cb: INFO    : put message: [pmgr.0000.subscriber._state_sub_cb.thread] terminating
2017-09-08 16:33:42,181: pmgr.0000           : MainProcess                     : MainThread     : INFO    : parent stops child
2017-09-08 16:33:42,181: pmgr.0000           : MainProcess                     : MainThread     : DEBUG   : ru_finalize_parent (NOOP)
2017-09-08 16:33:42,181: pmgr.0000           : MainProcess                     : MainThread     : DEBUG   : ru_finalize_common (NOOP)
2017-09-08 16:33:42,233: pmgr.0000           : MainProcess                     : pmgr.0000.idler._state_pull_cb: DEBUG   : ru_finalize_child (NOOP)
2017-09-08 16:33:42,233: pmgr.0000           : MainProcess                     : pmgr.0000.idler._state_pull_cb: DEBUG   : ru_finalize_common (NOOP)
2017-09-08 16:33:42,233: pmgr.0000           : MainProcess                     : pmgr.0000.idler._state_pull_cb: INFO    : put message: [pmgr.0000.idler._state_pull_cb.thread] terminating
2017-09-08 16:33:42,245: pmgr.0000           : MainProcess                     : MainThread     : INFO    : Closed PilotManager pmgr.0000.
2017-09-08 16:33:43,028: pmgr.0000           : MainProcess                     : MainThread     : INFO    : stop pmgr.0000 (17435 : None : MainThread) [radical.pilot.session.Session.close]
2017-09-08 16:33:43,029: pmgr.0000           : MainProcess                     : MainThread     : INFO    : parent stops child
2017-09-08 16:33:43,029: pmgr.0000           : MainProcess                     : MainThread     : INFO    : parent stops child
