2017-09-13 16:24:45,073: log.pubsub.bridge.0000: MainProcess                     : MainThread     : INFO    : python.interpreter   version: 2.7.12 (default, Nov 19 2016, 06:48:10) [GCC 5.4.0 20160609]
2017-09-13 16:24:45,074: log.pubsub.bridge.0000: MainProcess                     : MainThread     : INFO    :                      pid: 25057
2017-09-13 16:24:45,074: log.pubsub.bridge.0000: MainProcess                     : MainThread     : INFO    :                      tid: MainThread
2017-09-13 16:24:45,074: log.pubsub.bridge.0000: MainProcess                     : MainThread     : INFO    : radical.pilot        version: 0.46-v0.46.RC2@devel
2017-09-13 16:24:45,074: log.pubsub.bridge.0000: MainProcess                     : MainThread     : INFO    : create log_pubsub - bridge - tcp://*:*
2017-09-13 16:24:45,075: log.pubsub.bridge.0000: MainProcess                     : MainThread     : DEBUG   : start process
2017-09-13 16:24:45,081: log.pubsub.bridge.0000: log.pubsub.bridge.0000          : MainThread     : DEBUG   : ru_initialize_common (NOOP)
2017-09-13 16:24:45,086: log.pubsub.bridge.0000: log.pubsub.bridge.0000.child    : MainThread     : INFO    : child (me) initializing
2017-09-13 16:24:45,087: log.pubsub.bridge.0000: log.pubsub.bridge.0000.child    : MainThread     : DEBUG   : parent name: log.pubsub.bridge.0000.child.watch
2017-09-13 16:24:45,087: log.pubsub.bridge.0000: log.pubsub.bridge.0000.child    : MainThread     : DEBUG   : start thread
2017-09-13 16:24:45,087: log.pubsub.bridge.0000: log.pubsub.bridge.0000.child    : log.pubsub.bridge.0000.child.watch: DEBUG   : child name: log.pubsub.bridge.0000.child.watch.thread
2017-09-13 16:24:45,088: log.pubsub.bridge.0000: log.pubsub.bridge.0000.child    : log.pubsub.bridge.0000.child.watch: INFO    : child (me) initializing
2017-09-13 16:24:45,088: log.pubsub.bridge.0000: log.pubsub.bridge.0000.child    : log.pubsub.bridge.0000.child.watch: DEBUG   : ru_initialize_common (NOOP)
2017-09-13 16:24:45,088: log.pubsub.bridge.0000: log.pubsub.bridge.0000.child    : log.pubsub.bridge.0000.child.watch: DEBUG   : ru_initialize_child (NOOP)
2017-09-13 16:24:45,088: log.pubsub.bridge.0000: log.pubsub.bridge.0000.child    : log.pubsub.bridge.0000.child.watch: INFO    : send alive
2017-09-13 16:24:45,088: log.pubsub.bridge.0000: log.pubsub.bridge.0000.child    : log.pubsub.bridge.0000.child.watch: INFO    : put message: [log.pubsub.bridge.0000.child.watch.thread] alive
2017-09-13 16:24:45,089: log.pubsub.bridge.0000: log.pubsub.bridge.0000.child    : MainThread     : INFO    : get msg: alive
2017-09-13 16:24:45,089: log.pubsub.bridge.0000: log.pubsub.bridge.0000.child    : MainThread     : DEBUG   : ru_initialize_common (NOOP)
2017-09-13 16:24:45,089: log.pubsub.bridge.0000: log.pubsub.bridge.0000.child    : MainThread     : DEBUG   : ru_initialize_parent (NOOP)
2017-09-13 16:24:45,089: log.pubsub.bridge.0000: log.pubsub.bridge.0000.child    : MainThread     : DEBUG   : child thread log.pubsub.bridge.0000.child.watch started
2017-09-13 16:24:45,089: log.pubsub.bridge.0000: log.pubsub.bridge.0000.child    : MainThread     : INFO    : child (me) is alive
2017-09-13 16:24:45,089: log.pubsub.bridge.0000: log.pubsub.bridge.0000.child    : MainThread     : INFO    : send alive
2017-09-13 16:24:45,090: log.pubsub.bridge.0000: log.pubsub.bridge.0000.child    : MainThread     : INFO    : send message: [log.pubsub.bridge.0000.child] alive
2017-09-13 16:24:45,090: log.pubsub.bridge.0000: MainProcess                     : MainThread     : INFO    : recv message: alive
2017-09-13 16:24:45,090: log.pubsub.bridge.0000: MainProcess                     : MainThread     : DEBUG   : ru_initialize_common (NOOP)
2017-09-13 16:24:45,090: log.pubsub.bridge.0000: MainProcess                     : MainThread     : DEBUG   : ru_initialize_parent (NOOP)
2017-09-13 16:24:45,091: log.pubsub.bridge.0000: MainProcess                     : MainThread     : DEBUG   : parent name: log.pubsub.bridge.0000.watch
2017-09-13 16:24:45,091: log.pubsub.bridge.0000: MainProcess                     : MainThread     : DEBUG   : start thread
2017-09-13 16:24:45,091: log.pubsub.bridge.0000: MainProcess                     : log.pubsub.bridge.0000.watch: DEBUG   : child name: log.pubsub.bridge.0000.watch.thread
2017-09-13 16:24:45,092: log.pubsub.bridge.0000: MainProcess                     : log.pubsub.bridge.0000.watch: INFO    : child (me) initializing
2017-09-13 16:24:45,092: log.pubsub.bridge.0000: MainProcess                     : log.pubsub.bridge.0000.watch: DEBUG   : ru_initialize_common (NOOP)
2017-09-13 16:24:45,092: log.pubsub.bridge.0000: MainProcess                     : log.pubsub.bridge.0000.watch: DEBUG   : ru_initialize_child (NOOP)
2017-09-13 16:24:45,092: log.pubsub.bridge.0000: MainProcess                     : log.pubsub.bridge.0000.watch: INFO    : send alive
2017-09-13 16:24:45,092: log.pubsub.bridge.0000: MainProcess                     : log.pubsub.bridge.0000.watch: INFO    : put message: [log.pubsub.bridge.0000.watch.thread] alive
2017-09-13 16:24:45,093: log.pubsub.bridge.0000: MainProcess                     : MainThread     : INFO    : get msg: alive
2017-09-13 16:24:45,093: log.pubsub.bridge.0000: MainProcess                     : MainThread     : DEBUG   : ru_initialize_common (NOOP)
2017-09-13 16:24:45,093: log.pubsub.bridge.0000: MainProcess                     : MainThread     : DEBUG   : ru_initialize_parent (NOOP)
2017-09-13 16:24:45,093: log.pubsub.bridge.0000: MainProcess                     : MainThread     : DEBUG   : child thread log.pubsub.bridge.0000.watch started
2017-09-13 16:24:45,093: log.pubsub.bridge.0000: MainProcess                     : MainThread     : INFO    : child is alive
2017-09-13 16:24:45,093: log.pubsub.bridge.0000: MainProcess                     : MainThread     : DEBUG   : process class started child
2017-09-13 16:29:00,238: log.pubsub.bridge.0000: MainProcess                     : MainThread     : INFO    : parent stops child
2017-09-13 16:29:00,239: log.pubsub.bridge.0000: MainProcess                     : MainThread     : DEBUG   : ru_finalize_parent (NOOP)
2017-09-13 16:29:00,239: log.pubsub.bridge.0000: MainProcess                     : MainThread     : INFO    : parent stops child
2017-09-13 16:29:00,239: log.pubsub.bridge.0000: MainProcess                     : MainThread     : DEBUG   : ru_finalize_parent (NOOP)
2017-09-13 16:29:00,239: log.pubsub.bridge.0000: MainProcess                     : MainThread     : DEBUG   : ru_finalize_common (NOOP)
2017-09-13 16:29:00,249: log.pubsub.bridge.0000: MainProcess                     : log.pubsub.bridge.0000.watch: INFO    : watcher closes
2017-09-13 16:29:00,249: log.pubsub.bridge.0000: MainProcess                     : log.pubsub.bridge.0000.watch: INFO    : put message: [log.pubsub.bridge.0000.watch.thread] work finished
2017-09-13 16:29:00,249: log.pubsub.bridge.0000: MainProcess                     : log.pubsub.bridge.0000.watch: DEBUG   : ru_finalize_child (NOOP)
2017-09-13 16:29:00,249: log.pubsub.bridge.0000: MainProcess                     : log.pubsub.bridge.0000.watch: DEBUG   : ru_finalize_common (NOOP)
2017-09-13 16:29:00,249: log.pubsub.bridge.0000: MainProcess                     : log.pubsub.bridge.0000.watch: INFO    : put message: [log.pubsub.bridge.0000.watch.thread] terminating
2017-09-13 16:29:00,355: log.pubsub.bridge.0000: MainProcess                     : MainThread     : WARNING : failed to stop child - terminate
