2017-09-13 16:24:46,249: update.0.child      : update.0                        : MainThread     : INFO    : python.interpreter   version: 2.7.12 (default, Nov 19 2016, 06:48:10) [GCC 5.4.0 20160609]
2017-09-13 16:24:46,250: update.0.child      : update.0                        : MainThread     : INFO    :                      pid: 25130
2017-09-13 16:24:46,250: update.0.child      : update.0                        : MainThread     : INFO    :                      tid: MainThread
2017-09-13 16:24:46,251: update.0.child      : update.0                        : MainThread     : INFO    : radical.pilot        version: 0.46-v0.46.RC2@devel
2017-09-13 16:24:47,274: update.0.child      : update.0                        : MainThread     : INFO    : initialize update.0.child
2017-09-13 16:24:47,277: update.0.child      : update.0                        : MainThread     : INFO    : cfg: {'agents': {},
 u'bridges': {u'control_pubsub': {'addr_in': 'tcp://172.30.238.6:40942',
                                  'addr_out': 'tcp://172.30.238.6:42335',
                                  u'bulk_size': 0,
                                  u'log_level': u'debug',
                                  u'stall_hwm': 1},
              u'log_pubsub': {'addr_in': 'tcp://172.30.238.6:36252',
                              'addr_out': 'tcp://172.30.238.6:36669',
                              u'bulk_size': 0,
                              u'log_level': u'debug',
                              u'stall_hwm': 1},
              u'state_pubsub': {'addr_in': 'tcp://172.30.238.6:33509',
                                'addr_out': 'tcp://172.30.238.6:45844',
                                u'bulk_size': 0,
                                u'log_level': u'debug',
                                u'stall_hwm': 1}},
 'cname': u'UpdateWorker',
 u'components': {},
 u'count': 1,
 'dburl': 'mongodb://user:user@ds135444.mlab.com:35444/exp-5-2-2-3',
 'debug': 'DEBUG',
 u'default_dburl': u'mongodb://rp:rp@ds015335.mlab.com:15335/rp',
 'logdir': '/home/vivek91/repos/entk-experiments/exp-5-2-2-3/bin/rp.session.js-17-212.jetstream-cloud.org.vivek91.017422.0006',
 'number': 0,
 'owner': 'rp.session.js-17-212.jetstream-cloud.org.vivek91.017422.0006',
 'session_id': 'rp.session.js-17-212.jetstream-cloud.org.vivek91.017422.0006'}
2017-09-13 16:24:47,278: update.0.child      : update.0                        : MainThread     : DEBUG   : start components: {}
2017-09-13 16:24:47,278: update.0.child      : update.0                        : MainThread     : DEBUG   : alive check in term
2017-09-13 16:24:47,278: update.0.child      : update.0                        : MainThread     : DEBUG   : START: update.0.child register publisher log_pubsub
2017-09-13 16:24:47,278: update.0.child      : update.0                        : MainThread     : DEBUG   : using addr tcp://172.30.238.6:36252 for pubsub log_pubsub
2017-09-13 16:24:47,282: update.0.child      : update.0                        : MainThread     : DEBUG   : registered publisher : log_pubsub : log.pubsub.pub.0000
2017-09-13 16:24:47,283: update.0.child      : update.0                        : MainThread     : DEBUG   : alive check in term
2017-09-13 16:24:47,283: update.0.child      : update.0                        : MainThread     : DEBUG   : START: update.0.child register publisher state_pubsub
2017-09-13 16:24:47,283: update.0.child      : update.0                        : MainThread     : DEBUG   : using addr tcp://172.30.238.6:33509 for pubsub state_pubsub
2017-09-13 16:24:47,285: update.0.child      : update.0                        : MainThread     : DEBUG   : registered publisher : state_pubsub : state.pubsub.pub.0000
2017-09-13 16:24:47,286: update.0.child      : update.0                        : MainThread     : DEBUG   : alive check in term
2017-09-13 16:24:47,286: update.0.child      : update.0                        : MainThread     : DEBUG   : START: update.0.child register publisher control_pubsub
2017-09-13 16:24:47,286: update.0.child      : update.0                        : MainThread     : DEBUG   : using addr tcp://172.30.238.6:40942 for pubsub control_pubsub
2017-09-13 16:24:47,301: update.0.child      : update.0                        : MainThread     : DEBUG   : registered publisher : control_pubsub : control.pubsub.pub.0000
2017-09-13 16:24:47,302: update.0.child      : update.0                        : MainThread     : DEBUG   : alive check in term
2017-09-13 16:24:47,302: update.0.child      : update.0                        : MainThread     : DEBUG   : START: update.0.child register subscriber update.0.child.subscriber._cancel_monitor_cb
2017-09-13 16:24:47,302: update.0.child      : update.0                        : MainThread     : DEBUG   : using addr tcp://172.30.238.6:42335 for pubsub control_pubsub
2017-09-13 16:24:47,305: update.0.child      : update.0                        : MainThread     : DEBUG   : parent name: update.0.child.subscriber._cancel_monitor_cb
2017-09-13 16:24:47,305: update.0.child      : update.0                        : MainThread     : DEBUG   : start thread
2017-09-13 16:24:47,306: update.0.child      : update.0                        : update.0.child.subscriber._cancel_monitor_cb: DEBUG   : child name: update.0.child.subscriber._cancel_monitor_cb.thread
2017-09-13 16:24:47,306: update.0.child      : update.0                        : update.0.child.subscriber._cancel_monitor_cb: INFO    : child (me) initializing
2017-09-13 16:24:47,306: update.0.child      : update.0                        : update.0.child.subscriber._cancel_monitor_cb: DEBUG   : ru_initialize_common (NOOP)
2017-09-13 16:24:47,306: update.0.child      : update.0                        : update.0.child.subscriber._cancel_monitor_cb: DEBUG   : ru_initialize_child (NOOP)
2017-09-13 16:24:47,306: update.0.child      : update.0                        : update.0.child.subscriber._cancel_monitor_cb: INFO    : send alive
2017-09-13 16:24:47,306: update.0.child      : update.0                        : update.0.child.subscriber._cancel_monitor_cb: INFO    : put message: [update.0.child.subscriber._cancel_monitor_cb.thread] alive
2017-09-13 16:24:47,307: update.0.child      : update.0                        : MainThread     : INFO    : get msg: alive
2017-09-13 16:24:47,307: update.0.child      : update.0                        : MainThread     : DEBUG   : ru_initialize_common (NOOP)
2017-09-13 16:24:47,307: update.0.child      : update.0                        : MainThread     : DEBUG   : ru_initialize_parent (NOOP)
2017-09-13 16:24:47,307: update.0.child      : update.0                        : MainThread     : DEBUG   : child thread update.0.child.subscriber._cancel_monitor_cb started
2017-09-13 16:24:47,307: update.0.child      : update.0                        : MainThread     : DEBUG   : update.0.child registered control_pubsub subscriber update.0.child.subscriber._cancel_monitor_cb
2017-09-13 16:24:47,629: update.0.child      : update.0                        : MainThread     : DEBUG   : alive check in term
2017-09-13 16:24:47,630: update.0.child      : update.0                        : MainThread     : DEBUG   : START: update.0.child register subscriber update.0.child.subscriber._state_cb
2017-09-13 16:24:47,630: update.0.child      : update.0                        : MainThread     : DEBUG   : using addr tcp://172.30.238.6:45844 for pubsub state_pubsub
2017-09-13 16:24:47,633: update.0.child      : update.0                        : MainThread     : DEBUG   : parent name: update.0.child.subscriber._state_cb
2017-09-13 16:24:47,633: update.0.child      : update.0                        : MainThread     : DEBUG   : start thread
2017-09-13 16:24:47,633: update.0.child      : update.0                        : update.0.child.subscriber._state_cb: DEBUG   : child name: update.0.child.subscriber._state_cb.thread
2017-09-13 16:24:47,634: update.0.child      : update.0                        : update.0.child.subscriber._state_cb: INFO    : child (me) initializing
2017-09-13 16:24:47,634: update.0.child      : update.0                        : update.0.child.subscriber._state_cb: DEBUG   : ru_initialize_common (NOOP)
2017-09-13 16:24:47,634: update.0.child      : update.0                        : update.0.child.subscriber._state_cb: DEBUG   : ru_initialize_child (NOOP)
2017-09-13 16:24:47,634: update.0.child      : update.0                        : update.0.child.subscriber._state_cb: INFO    : send alive
2017-09-13 16:24:47,634: update.0.child      : update.0                        : update.0.child.subscriber._state_cb: INFO    : put message: [update.0.child.subscriber._state_cb.thread] alive
2017-09-13 16:24:47,635: update.0.child      : update.0                        : MainThread     : INFO    : get msg: alive
2017-09-13 16:24:47,635: update.0.child      : update.0                        : MainThread     : DEBUG   : ru_initialize_common (NOOP)
2017-09-13 16:24:47,635: update.0.child      : update.0                        : MainThread     : DEBUG   : ru_initialize_parent (NOOP)
2017-09-13 16:24:47,635: update.0.child      : update.0                        : MainThread     : DEBUG   : child thread update.0.child.subscriber._state_cb started
2017-09-13 16:24:47,635: update.0.child      : update.0                        : MainThread     : DEBUG   : update.0.child registered state_pubsub subscriber update.0.child.subscriber._state_cb
2017-09-13 16:24:47,635: update.0.child      : update.0                        : MainThread     : DEBUG   : alive check in term
2017-09-13 16:24:47,636: update.0.child      : update.0                        : MainThread     : DEBUG   : START: update.0.child register idler update.0.child.idler._idle_cb
2017-09-13 16:24:47,636: update.0.child      : update.0                        : MainThread     : DEBUG   : parent name: update.0.child.idler._idle_cb
2017-09-13 16:24:47,636: update.0.child      : update.0                        : MainThread     : DEBUG   : start thread
2017-09-13 16:24:47,637: update.0.child      : update.0                        : update.0.child.idler._idle_cb: DEBUG   : child name: update.0.child.idler._idle_cb.thread
2017-09-13 16:24:47,637: update.0.child      : update.0                        : update.0.child.idler._idle_cb: INFO    : child (me) initializing
2017-09-13 16:24:47,637: update.0.child      : update.0                        : update.0.child.idler._idle_cb: DEBUG   : ru_initialize_common (NOOP)
2017-09-13 16:24:47,637: update.0.child      : update.0                        : update.0.child.idler._idle_cb: DEBUG   : ru_initialize_child (NOOP)
2017-09-13 16:24:47,637: update.0.child      : update.0                        : update.0.child.idler._idle_cb: INFO    : send alive
2017-09-13 16:24:47,637: update.0.child      : update.0                        : update.0.child.idler._idle_cb: INFO    : put message: [update.0.child.idler._idle_cb.thread] alive
2017-09-13 16:24:47,638: update.0.child      : update.0                        : MainThread     : INFO    : get msg: alive
2017-09-13 16:24:47,638: update.0.child      : update.0                        : MainThread     : DEBUG   : ru_initialize_common (NOOP)
2017-09-13 16:24:47,638: update.0.child      : update.0                        : MainThread     : DEBUG   : ru_initialize_parent (NOOP)
2017-09-13 16:24:47,638: update.0.child      : update.0                        : MainThread     : DEBUG   : child thread update.0.child.idler._idle_cb started
2017-09-13 16:24:47,639: update.0.child      : update.0                        : MainThread     : DEBUG   : update.0.child registered idler update.0.child.idler._idle_cb
2017-09-13 16:24:47,639: update.0.child      : update.0                        : MainThread     : INFO    : child (me) initializing
2017-09-13 16:24:47,639: update.0.child      : update.0                        : MainThread     : DEBUG   : parent name: update.0.child.watch
2017-09-13 16:24:47,639: update.0.child      : update.0                        : MainThread     : DEBUG   : start thread
2017-09-13 16:24:47,640: update.0.child      : update.0                        : update.0.child.watch: DEBUG   : child name: update.0.child.watch.thread
2017-09-13 16:24:47,640: update.0.child      : update.0                        : update.0.child.watch: INFO    : child (me) initializing
2017-09-13 16:24:47,640: update.0.child      : update.0                        : update.0.child.watch: DEBUG   : ru_initialize_common (NOOP)
2017-09-13 16:24:47,640: update.0.child      : update.0                        : update.0.child.watch: DEBUG   : ru_initialize_child (NOOP)
2017-09-13 16:24:47,640: update.0.child      : update.0                        : update.0.child.watch: INFO    : send alive
2017-09-13 16:24:47,640: update.0.child      : update.0                        : update.0.child.watch: INFO    : put message: [update.0.child.watch.thread] alive
2017-09-13 16:24:47,641: update.0.child      : update.0                        : MainThread     : INFO    : get msg: alive
2017-09-13 16:24:47,641: update.0.child      : update.0                        : MainThread     : DEBUG   : ru_initialize_common (NOOP)
2017-09-13 16:24:47,641: update.0.child      : update.0                        : MainThread     : DEBUG   : ru_initialize_parent (NOOP)
2017-09-13 16:24:47,641: update.0.child      : update.0                        : MainThread     : DEBUG   : child thread update.0.child.watch started
2017-09-13 16:24:47,641: update.0.child      : update.0                        : MainThread     : INFO    : child (me) is alive
2017-09-13 16:24:47,642: update.0.child      : update.0                        : MainThread     : INFO    : send alive
2017-09-13 16:24:47,642: update.0.child      : update.0                        : MainThread     : INFO    : send message: [update.0.child] alive
2017-09-13 16:24:53,352: update.0.child      : update.0                        : update.0.child.subscriber._state_cb: DEBUG   : bulked pilot.0000 [PMGR_LAUNCHING_PENDING] update.0.child
2017-09-13 16:24:53,401: update.0.child      : update.0                        : update.0.child.subscriber._state_cb: DEBUG   : bulk update result: {'nModified': 1, 'nUpserted': 0, 'nMatched': 1, 'writeErrors': [], 'upserted': [], 'writeConcernErrors': [], 'nRemoved': 0, 'nInserted': 0}
2017-09-13 16:24:53,402: update.0.child      : update.0                        : update.0.child.subscriber._state_cb: DEBUG   : bulked pilot.0000 [PMGR_LAUNCHING] update.0.child
2017-09-13 16:24:54,708: update.0.child      : update.0                        : update.0.child.idler._idle_cb: DEBUG   : bulk update result: {'nModified': 1, 'nUpserted': 0, 'nMatched': 1, 'writeErrors': [], 'upserted': [], 'writeConcernErrors': [], 'nRemoved': 0, 'nInserted': 0}
2017-09-13 16:25:11,745: update.0.child      : update.0                        : update.0.child.subscriber._state_cb: DEBUG   : bulked pilot.0000 [PMGR_ACTIVE_PENDING] update.0.child
2017-09-13 16:25:11,796: update.0.child      : update.0                        : update.0.child.subscriber._state_cb: DEBUG   : bulk update result: {'nModified': 1, 'nUpserted': 0, 'nMatched': 1, 'writeErrors': [], 'upserted': [], 'writeConcernErrors': [], 'nRemoved': 0, 'nInserted': 0}
2017-09-13 16:26:46,633: update.0.child      : update.0                        : update.0.child.subscriber._state_cb: DEBUG   : bulked pilot.0000 [PMGR_ACTIVE] update.0.child
2017-09-13 16:26:46,682: update.0.child      : update.0                        : update.0.child.subscriber._state_cb: DEBUG   : bulk update result: {'nModified': 1, 'nUpserted': 0, 'nMatched': 1, 'writeErrors': [], 'upserted': [], 'writeConcernErrors': [], 'nRemoved': 0, 'nInserted': 0}
2017-09-13 16:26:57,793: update.0.child      : update.0                        : update.0.child.subscriber._state_cb: DEBUG   : bulked unit.000000 [UMGR_SCHEDULING_PENDING] update.0.child
2017-09-13 16:26:57,842: update.0.child      : update.0                        : update.0.child.subscriber._state_cb: DEBUG   : bulk update result: {'nModified': 1, 'nUpserted': 0, 'nMatched': 1, 'writeErrors': [], 'upserted': [], 'writeConcernErrors': [], 'nRemoved': 0, 'nInserted': 0}
2017-09-13 16:26:57,842: update.0.child      : update.0                        : update.0.child.subscriber._state_cb: DEBUG   : bulked unit.000000 [UMGR_SCHEDULING] update.0.child
2017-09-13 16:26:57,842: update.0.child      : update.0                        : update.0.child.subscriber._state_cb: DEBUG   : bulked unit.000000 [UMGR_STAGING_INPUT_PENDING] update.0.child
2017-09-13 16:26:57,843: update.0.child      : update.0                        : update.0.child.subscriber._state_cb: DEBUG   : bulked unit.000000 [UMGR_STAGING_INPUT] update.0.child
2017-09-13 16:26:57,843: update.0.child      : update.0                        : update.0.child.subscriber._state_cb: DEBUG   : bulked unit.000000 [AGENT_STAGING_INPUT_PENDING] update.0.child
2017-09-13 16:26:57,877: update.0.child      : update.0                        : update.0.child.subscriber._state_cb: DEBUG   : bulked unit.000001 [UMGR_SCHEDULING_PENDING] update.0.child
2017-09-13 16:26:57,879: update.0.child      : update.0                        : update.0.child.subscriber._state_cb: DEBUG   : bulked unit.000001 [UMGR_SCHEDULING] update.0.child
2017-09-13 16:26:57,880: update.0.child      : update.0                        : update.0.child.subscriber._state_cb: DEBUG   : bulked unit.000001 [UMGR_STAGING_INPUT_PENDING] update.0.child
2017-09-13 16:26:57,882: update.0.child      : update.0                        : update.0.child.subscriber._state_cb: DEBUG   : bulked unit.000001 [UMGR_STAGING_INPUT] update.0.child
2017-09-13 16:26:57,883: update.0.child      : update.0                        : update.0.child.subscriber._state_cb: DEBUG   : bulked unit.000001 [AGENT_STAGING_INPUT_PENDING] update.0.child
2017-09-13 16:26:57,970: update.0.child      : update.0                        : update.0.child.subscriber._state_cb: DEBUG   : bulked unit.000002 [UMGR_SCHEDULING_PENDING] update.0.child
2017-09-13 16:26:57,971: update.0.child      : update.0                        : update.0.child.subscriber._state_cb: DEBUG   : bulked unit.000002 [UMGR_SCHEDULING] update.0.child
2017-09-13 16:26:57,972: update.0.child      : update.0                        : update.0.child.subscriber._state_cb: DEBUG   : bulked unit.000002 [UMGR_STAGING_INPUT_PENDING] update.0.child
2017-09-13 16:26:57,974: update.0.child      : update.0                        : update.0.child.subscriber._state_cb: DEBUG   : bulked unit.000002 [UMGR_STAGING_INPUT] update.0.child
2017-09-13 16:26:57,974: update.0.child      : update.0                        : update.0.child.subscriber._state_cb: DEBUG   : bulked unit.000002 [AGENT_STAGING_INPUT_PENDING] update.0.child
2017-09-13 16:26:58,045: update.0.child      : update.0                        : update.0.child.subscriber._state_cb: DEBUG   : bulked unit.000003 [UMGR_SCHEDULING_PENDING] update.0.child
2017-09-13 16:26:58,047: update.0.child      : update.0                        : update.0.child.subscriber._state_cb: DEBUG   : bulked unit.000003 [UMGR_SCHEDULING] update.0.child
2017-09-13 16:26:58,048: update.0.child      : update.0                        : update.0.child.subscriber._state_cb: DEBUG   : bulked unit.000003 [UMGR_STAGING_INPUT_PENDING] update.0.child
2017-09-13 16:26:58,050: update.0.child      : update.0                        : update.0.child.subscriber._state_cb: DEBUG   : bulked unit.000003 [UMGR_STAGING_INPUT] update.0.child
2017-09-13 16:26:58,050: update.0.child      : update.0                        : update.0.child.subscriber._state_cb: DEBUG   : bulked unit.000003 [AGENT_STAGING_INPUT_PENDING] update.0.child
2017-09-13 16:26:58,141: update.0.child      : update.0                        : update.0.child.subscriber._state_cb: DEBUG   : bulked unit.000004 [UMGR_SCHEDULING_PENDING] update.0.child
2017-09-13 16:26:58,143: update.0.child      : update.0                        : update.0.child.subscriber._state_cb: DEBUG   : bulked unit.000004 [UMGR_SCHEDULING] update.0.child
2017-09-13 16:26:58,144: update.0.child      : update.0                        : update.0.child.subscriber._state_cb: DEBUG   : bulked unit.000004 [UMGR_STAGING_INPUT_PENDING] update.0.child
2017-09-13 16:26:58,146: update.0.child      : update.0                        : update.0.child.subscriber._state_cb: DEBUG   : bulked unit.000004 [UMGR_STAGING_INPUT] update.0.child
2017-09-13 16:26:58,146: update.0.child      : update.0                        : update.0.child.subscriber._state_cb: DEBUG   : bulked unit.000004 [AGENT_STAGING_INPUT_PENDING] update.0.child
2017-09-13 16:26:58,225: update.0.child      : update.0                        : update.0.child.subscriber._state_cb: DEBUG   : bulked unit.000005 [UMGR_SCHEDULING_PENDING] update.0.child
2017-09-13 16:26:58,227: update.0.child      : update.0                        : update.0.child.subscriber._state_cb: DEBUG   : bulked unit.000005 [UMGR_SCHEDULING] update.0.child
2017-09-13 16:26:58,227: update.0.child      : update.0                        : update.0.child.subscriber._state_cb: DEBUG   : bulked unit.000005 [UMGR_STAGING_INPUT_PENDING] update.0.child
2017-09-13 16:26:58,229: update.0.child      : update.0                        : update.0.child.subscriber._state_cb: DEBUG   : bulked unit.000005 [UMGR_STAGING_INPUT] update.0.child
2017-09-13 16:26:58,230: update.0.child      : update.0                        : update.0.child.subscriber._state_cb: DEBUG   : bulked unit.000005 [AGENT_STAGING_INPUT_PENDING] update.0.child
2017-09-13 16:26:58,317: update.0.child      : update.0                        : update.0.child.subscriber._state_cb: DEBUG   : bulked unit.000006 [UMGR_SCHEDULING_PENDING] update.0.child
2017-09-13 16:26:58,319: update.0.child      : update.0                        : update.0.child.subscriber._state_cb: DEBUG   : bulked unit.000006 [UMGR_SCHEDULING] update.0.child
2017-09-13 16:26:58,319: update.0.child      : update.0                        : update.0.child.subscriber._state_cb: DEBUG   : bulked unit.000006 [UMGR_STAGING_INPUT_PENDING] update.0.child
2017-09-13 16:26:58,321: update.0.child      : update.0                        : update.0.child.subscriber._state_cb: DEBUG   : bulked unit.000006 [UMGR_STAGING_INPUT] update.0.child
2017-09-13 16:26:58,321: update.0.child      : update.0                        : update.0.child.subscriber._state_cb: DEBUG   : bulked unit.000006 [AGENT_STAGING_INPUT_PENDING] update.0.child
2017-09-13 16:26:58,398: update.0.child      : update.0                        : update.0.child.subscriber._state_cb: DEBUG   : bulked unit.000007 [UMGR_SCHEDULING_PENDING] update.0.child
2017-09-13 16:26:58,400: update.0.child      : update.0                        : update.0.child.subscriber._state_cb: DEBUG   : bulked unit.000007 [UMGR_SCHEDULING] update.0.child
2017-09-13 16:26:58,400: update.0.child      : update.0                        : update.0.child.subscriber._state_cb: DEBUG   : bulked unit.000007 [UMGR_STAGING_INPUT_PENDING] update.0.child
2017-09-13 16:26:58,402: update.0.child      : update.0                        : update.0.child.subscriber._state_cb: DEBUG   : bulked unit.000007 [UMGR_STAGING_INPUT] update.0.child
2017-09-13 16:26:58,403: update.0.child      : update.0                        : update.0.child.subscriber._state_cb: DEBUG   : bulked unit.000007 [AGENT_STAGING_INPUT_PENDING] update.0.child
2017-09-13 16:26:58,518: update.0.child      : update.0                        : update.0.child.subscriber._state_cb: DEBUG   : bulked unit.000008 [UMGR_SCHEDULING_PENDING] update.0.child
2017-09-13 16:26:58,520: update.0.child      : update.0                        : update.0.child.subscriber._state_cb: DEBUG   : bulked unit.000008 [UMGR_SCHEDULING] update.0.child
2017-09-13 16:26:58,520: update.0.child      : update.0                        : update.0.child.subscriber._state_cb: DEBUG   : bulked unit.000008 [UMGR_STAGING_INPUT_PENDING] update.0.child
2017-09-13 16:26:58,522: update.0.child      : update.0                        : update.0.child.subscriber._state_cb: DEBUG   : bulked unit.000008 [UMGR_STAGING_INPUT] update.0.child
2017-09-13 16:26:58,523: update.0.child      : update.0                        : update.0.child.subscriber._state_cb: DEBUG   : bulked unit.000008 [AGENT_STAGING_INPUT_PENDING] update.0.child
2017-09-13 16:26:58,615: update.0.child      : update.0                        : update.0.child.subscriber._state_cb: DEBUG   : bulked unit.000009 [UMGR_SCHEDULING_PENDING] update.0.child
2017-09-13 16:26:58,617: update.0.child      : update.0                        : update.0.child.subscriber._state_cb: DEBUG   : bulked unit.000009 [UMGR_SCHEDULING] update.0.child
2017-09-13 16:26:58,617: update.0.child      : update.0                        : update.0.child.subscriber._state_cb: DEBUG   : bulked unit.000009 [UMGR_STAGING_INPUT_PENDING] update.0.child
2017-09-13 16:26:58,619: update.0.child      : update.0                        : update.0.child.subscriber._state_cb: DEBUG   : bulked unit.000009 [UMGR_STAGING_INPUT] update.0.child
2017-09-13 16:26:58,619: update.0.child      : update.0                        : update.0.child.subscriber._state_cb: DEBUG   : bulked unit.000009 [AGENT_STAGING_INPUT_PENDING] update.0.child
2017-09-13 16:26:58,675: update.0.child      : update.0                        : update.0.child.subscriber._state_cb: DEBUG   : bulked unit.000010 [UMGR_SCHEDULING_PENDING] update.0.child
2017-09-13 16:26:58,677: update.0.child      : update.0                        : update.0.child.subscriber._state_cb: DEBUG   : bulked unit.000010 [UMGR_SCHEDULING] update.0.child
2017-09-13 16:26:58,677: update.0.child      : update.0                        : update.0.child.subscriber._state_cb: DEBUG   : bulked unit.000010 [UMGR_STAGING_INPUT_PENDING] update.0.child
2017-09-13 16:26:58,679: update.0.child      : update.0                        : update.0.child.subscriber._state_cb: DEBUG   : bulked unit.000010 [UMGR_STAGING_INPUT] update.0.child
2017-09-13 16:26:58,680: update.0.child      : update.0                        : update.0.child.subscriber._state_cb: DEBUG   : bulked unit.000010 [AGENT_STAGING_INPUT_PENDING] update.0.child
2017-09-13 16:26:58,736: update.0.child      : update.0                        : update.0.child.subscriber._state_cb: DEBUG   : bulked unit.000011 [UMGR_SCHEDULING_PENDING] update.0.child
2017-09-13 16:26:58,738: update.0.child      : update.0                        : update.0.child.subscriber._state_cb: DEBUG   : bulked unit.000011 [UMGR_SCHEDULING] update.0.child
2017-09-13 16:26:58,738: update.0.child      : update.0                        : update.0.child.subscriber._state_cb: DEBUG   : bulked unit.000011 [UMGR_STAGING_INPUT_PENDING] update.0.child
2017-09-13 16:26:58,740: update.0.child      : update.0                        : update.0.child.subscriber._state_cb: DEBUG   : bulked unit.000011 [UMGR_STAGING_INPUT] update.0.child
2017-09-13 16:26:58,741: update.0.child      : update.0                        : update.0.child.subscriber._state_cb: DEBUG   : bulked unit.000011 [AGENT_STAGING_INPUT_PENDING] update.0.child
2017-09-13 16:26:58,795: update.0.child      : update.0                        : update.0.child.subscriber._state_cb: DEBUG   : bulked unit.000012 [UMGR_SCHEDULING_PENDING] update.0.child
2017-09-13 16:26:58,905: update.0.child      : update.0                        : update.0.child.subscriber._state_cb: DEBUG   : bulk update result: {'nModified': 60, 'nUpserted': 0, 'nMatched': 60, 'writeErrors': [], 'upserted': [], 'writeConcernErrors': [], 'nRemoved': 0, 'nInserted': 0}
2017-09-13 16:26:58,906: update.0.child      : update.0                        : update.0.child.subscriber._state_cb: DEBUG   : bulked unit.000012 [UMGR_SCHEDULING] update.0.child
2017-09-13 16:26:58,907: update.0.child      : update.0                        : update.0.child.subscriber._state_cb: DEBUG   : bulked unit.000012 [UMGR_STAGING_INPUT_PENDING] update.0.child
2017-09-13 16:26:58,907: update.0.child      : update.0                        : update.0.child.subscriber._state_cb: DEBUG   : bulked unit.000012 [UMGR_STAGING_INPUT] update.0.child
2017-09-13 16:26:58,907: update.0.child      : update.0                        : update.0.child.subscriber._state_cb: DEBUG   : bulked unit.000012 [AGENT_STAGING_INPUT_PENDING] update.0.child
2017-09-13 16:26:58,907: update.0.child      : update.0                        : update.0.child.subscriber._state_cb: DEBUG   : bulked unit.000013 [UMGR_SCHEDULING_PENDING] update.0.child
2017-09-13 16:26:58,908: update.0.child      : update.0                        : update.0.child.subscriber._state_cb: DEBUG   : bulked unit.000013 [UMGR_SCHEDULING] update.0.child
2017-09-13 16:26:58,908: update.0.child      : update.0                        : update.0.child.subscriber._state_cb: DEBUG   : bulked unit.000013 [UMGR_STAGING_INPUT_PENDING] update.0.child
2017-09-13 16:26:58,908: update.0.child      : update.0                        : update.0.child.subscriber._state_cb: DEBUG   : bulked unit.000013 [UMGR_STAGING_INPUT] update.0.child
2017-09-13 16:26:58,909: update.0.child      : update.0                        : update.0.child.subscriber._state_cb: DEBUG   : bulked unit.000013 [AGENT_STAGING_INPUT_PENDING] update.0.child
2017-09-13 16:26:58,915: update.0.child      : update.0                        : update.0.child.subscriber._state_cb: DEBUG   : bulked unit.000014 [UMGR_SCHEDULING_PENDING] update.0.child
2017-09-13 16:26:58,917: update.0.child      : update.0                        : update.0.child.subscriber._state_cb: DEBUG   : bulked unit.000014 [UMGR_SCHEDULING] update.0.child
2017-09-13 16:26:58,918: update.0.child      : update.0                        : update.0.child.subscriber._state_cb: DEBUG   : bulked unit.000014 [UMGR_STAGING_INPUT_PENDING] update.0.child
2017-09-13 16:26:58,919: update.0.child      : update.0                        : update.0.child.subscriber._state_cb: DEBUG   : bulked unit.000014 [UMGR_STAGING_INPUT] update.0.child
2017-09-13 16:26:58,919: update.0.child      : update.0                        : update.0.child.subscriber._state_cb: DEBUG   : bulked unit.000014 [AGENT_STAGING_INPUT_PENDING] update.0.child
2017-09-13 16:26:58,974: update.0.child      : update.0                        : update.0.child.subscriber._state_cb: DEBUG   : bulked unit.000015 [UMGR_SCHEDULING_PENDING] update.0.child
2017-09-13 16:26:58,976: update.0.child      : update.0                        : update.0.child.subscriber._state_cb: DEBUG   : bulked unit.000015 [UMGR_SCHEDULING] update.0.child
2017-09-13 16:26:58,977: update.0.child      : update.0                        : update.0.child.subscriber._state_cb: DEBUG   : bulked unit.000015 [UMGR_STAGING_INPUT_PENDING] update.0.child
2017-09-13 16:26:58,979: update.0.child      : update.0                        : update.0.child.subscriber._state_cb: DEBUG   : bulked unit.000015 [UMGR_STAGING_INPUT] update.0.child
2017-09-13 16:26:58,979: update.0.child      : update.0                        : update.0.child.subscriber._state_cb: DEBUG   : bulked unit.000015 [AGENT_STAGING_INPUT_PENDING] update.0.child
2017-09-13 16:26:59,022: update.0.child      : update.0                        : update.0.child.subscriber._state_cb: DEBUG   : bulked unit.000009 [UMGR_SCHEDULING_PENDING] update.0.child
2017-09-13 16:26:59,049: update.0.child      : update.0                        : update.0.child.subscriber._state_cb: DEBUG   : bulked unit.000009 [UMGR_SCHEDULING] update.0.child
2017-09-13 16:26:59,106: update.0.child      : update.0                        : update.0.child.subscriber._state_cb: DEBUG   : bulked unit.000009 [UMGR_STAGING_INPUT_PENDING] update.0.child
2017-09-13 16:26:59,132: update.0.child      : update.0                        : update.0.child.subscriber._state_cb: DEBUG   : bulked unit.000009 [UMGR_STAGING_INPUT] update.0.child
2017-09-13 16:26:59,168: update.0.child      : update.0                        : update.0.child.subscriber._state_cb: DEBUG   : bulked unit.000009 [AGENT_STAGING_INPUT_PENDING] update.0.child
2017-09-13 16:26:59,202: update.0.child      : update.0                        : update.0.child.subscriber._state_cb: DEBUG   : bulked unit.000003 [AGENT_STAGING_INPUT_PENDING] update.0.child
2017-09-13 16:26:59,237: update.0.child      : update.0                        : update.0.child.subscriber._state_cb: DEBUG   : bulked unit.000012 [UMGR_SCHEDULING_PENDING] update.0.child
2017-09-13 16:26:59,283: update.0.child      : update.0                        : update.0.child.subscriber._state_cb: DEBUG   : bulked unit.000006 [UMGR_SCHEDULING_PENDING] update.0.child
2017-09-13 16:26:59,309: update.0.child      : update.0                        : update.0.child.subscriber._state_cb: DEBUG   : bulked unit.000006 [UMGR_SCHEDULING] update.0.child
2017-09-13 16:26:59,335: update.0.child      : update.0                        : update.0.child.subscriber._state_cb: DEBUG   : bulked unit.000006 [UMGR_STAGING_INPUT_PENDING] update.0.child
2017-09-13 16:26:59,362: update.0.child      : update.0                        : update.0.child.subscriber._state_cb: DEBUG   : bulked unit.000006 [UMGR_STAGING_INPUT] update.0.child
2017-09-13 16:26:59,396: update.0.child      : update.0                        : update.0.child.subscriber._state_cb: DEBUG   : bulked unit.000006 [AGENT_STAGING_INPUT_PENDING] update.0.child
2017-09-13 16:26:59,424: update.0.child      : update.0                        : update.0.child.subscriber._state_cb: DEBUG   : bulked unit.000005 [UMGR_SCHEDULING_PENDING] update.0.child
2017-09-13 16:26:59,450: update.0.child      : update.0                        : update.0.child.subscriber._state_cb: DEBUG   : bulked unit.000005 [UMGR_SCHEDULING] update.0.child
2017-09-13 16:26:59,485: update.0.child      : update.0                        : update.0.child.subscriber._state_cb: DEBUG   : bulked unit.000005 [UMGR_STAGING_INPUT_PENDING] update.0.child
2017-09-13 16:26:59,517: update.0.child      : update.0                        : update.0.child.subscriber._state_cb: DEBUG   : bulked unit.000005 [UMGR_STAGING_INPUT] update.0.child
2017-09-13 16:26:59,549: update.0.child      : update.0                        : update.0.child.subscriber._state_cb: DEBUG   : bulked unit.000005 [AGENT_STAGING_INPUT_PENDING] update.0.child
2017-09-13 16:26:59,574: update.0.child      : update.0                        : update.0.child.subscriber._state_cb: DEBUG   : bulked unit.000004 [UMGR_SCHEDULING_PENDING] update.0.child
2017-09-13 16:26:59,607: update.0.child      : update.0                        : update.0.child.subscriber._state_cb: DEBUG   : bulked unit.000004 [UMGR_SCHEDULING] update.0.child
2017-09-13 16:26:59,640: update.0.child      : update.0                        : update.0.child.subscriber._state_cb: DEBUG   : bulked unit.000004 [UMGR_STAGING_INPUT_PENDING] update.0.child
2017-09-13 16:26:59,665: update.0.child      : update.0                        : update.0.child.subscriber._state_cb: DEBUG   : bulked unit.000004 [UMGR_STAGING_INPUT] update.0.child
2017-09-13 16:26:59,699: update.0.child      : update.0                        : update.0.child.subscriber._state_cb: DEBUG   : bulked unit.000004 [AGENT_STAGING_INPUT_PENDING] update.0.child
2017-09-13 16:26:59,735: update.0.child      : update.0                        : update.0.child.subscriber._state_cb: DEBUG   : bulked unit.000010 [UMGR_SCHEDULING_PENDING] update.0.child
2017-09-13 16:26:59,761: update.0.child      : update.0                        : update.0.child.subscriber._state_cb: DEBUG   : bulked unit.000010 [UMGR_SCHEDULING] update.0.child
2017-09-13 16:26:59,794: update.0.child      : update.0                        : update.0.child.subscriber._state_cb: DEBUG   : bulked unit.000010 [UMGR_STAGING_INPUT_PENDING] update.0.child
2017-09-13 16:26:59,834: update.0.child      : update.0                        : update.0.child.subscriber._state_cb: DEBUG   : bulked unit.000010 [UMGR_STAGING_INPUT] update.0.child
2017-09-13 16:26:59,891: update.0.child      : update.0                        : update.0.child.subscriber._state_cb: DEBUG   : bulk update result: {'nModified': 45, 'nUpserted': 0, 'nMatched': 45, 'writeErrors': [], 'upserted': [], 'writeConcernErrors': [], 'nRemoved': 0, 'nInserted': 0}
2017-09-13 16:26:59,892: update.0.child      : update.0                        : update.0.child.subscriber._state_cb: DEBUG   : bulked unit.000010 [AGENT_STAGING_INPUT_PENDING] update.0.child
2017-09-13 16:26:59,892: update.0.child      : update.0                        : update.0.child.subscriber._state_cb: DEBUG   : bulked unit.000008 [UMGR_SCHEDULING_PENDING] update.0.child
2017-09-13 16:26:59,917: update.0.child      : update.0                        : update.0.child.subscriber._state_cb: DEBUG   : bulked unit.000008 [UMGR_SCHEDULING] update.0.child
2017-09-13 16:26:59,952: update.0.child      : update.0                        : update.0.child.subscriber._state_cb: DEBUG   : bulked unit.000008 [UMGR_STAGING_INPUT_PENDING] update.0.child
2017-09-13 16:26:59,986: update.0.child      : update.0                        : update.0.child.subscriber._state_cb: DEBUG   : bulked unit.000008 [UMGR_STAGING_INPUT] update.0.child
2017-09-13 16:27:00,021: update.0.child      : update.0                        : update.0.child.subscriber._state_cb: DEBUG   : bulked unit.000008 [AGENT_STAGING_INPUT_PENDING] update.0.child
2017-09-13 16:27:00,053: update.0.child      : update.0                        : update.0.child.subscriber._state_cb: DEBUG   : bulked unit.000011 [UMGR_SCHEDULING_PENDING] update.0.child
2017-09-13 16:27:00,096: update.0.child      : update.0                        : update.0.child.subscriber._state_cb: DEBUG   : bulked unit.000011 [UMGR_SCHEDULING] update.0.child
2017-09-13 16:27:00,131: update.0.child      : update.0                        : update.0.child.subscriber._state_cb: DEBUG   : bulked unit.000011 [UMGR_STAGING_INPUT_PENDING] update.0.child
2017-09-13 16:27:00,157: update.0.child      : update.0                        : update.0.child.subscriber._state_cb: DEBUG   : bulked unit.000011 [UMGR_STAGING_INPUT] update.0.child
2017-09-13 16:27:00,182: update.0.child      : update.0                        : update.0.child.subscriber._state_cb: DEBUG   : bulked unit.000011 [AGENT_STAGING_INPUT_PENDING] update.0.child
2017-09-13 16:27:00,218: update.0.child      : update.0                        : update.0.child.subscriber._state_cb: DEBUG   : bulked unit.000007 [UMGR_SCHEDULING_PENDING] update.0.child
2017-09-13 16:27:00,244: update.0.child      : update.0                        : update.0.child.subscriber._state_cb: DEBUG   : bulked unit.000007 [UMGR_SCHEDULING] update.0.child
2017-09-13 16:27:00,278: update.0.child      : update.0                        : update.0.child.subscriber._state_cb: DEBUG   : bulked unit.000007 [UMGR_STAGING_INPUT_PENDING] update.0.child
2017-09-13 16:27:00,312: update.0.child      : update.0                        : update.0.child.subscriber._state_cb: DEBUG   : bulked unit.000007 [UMGR_STAGING_INPUT] update.0.child
2017-09-13 16:27:00,337: update.0.child      : update.0                        : update.0.child.subscriber._state_cb: DEBUG   : bulked unit.000007 [AGENT_STAGING_INPUT_PENDING] update.0.child
2017-09-13 16:27:01,265: update.0.child      : update.0                        : update.0.child.idler._idle_cb: DEBUG   : bulk update result: {'nModified': 16, 'nUpserted': 0, 'nMatched': 16, 'writeErrors': [], 'upserted': [], 'writeConcernErrors': [], 'nRemoved': 0, 'nInserted': 0}
2017-09-13 16:27:01,465: update.0.child      : update.0                        : update.0.child.subscriber._state_cb: DEBUG   : bulked unit.000009 [AGENT_STAGING_INPUT] update.0.child
2017-09-13 16:27:01,492: update.0.child      : update.0                        : update.0.child.subscriber._state_cb: DEBUG   : bulked unit.000008 [AGENT_STAGING_INPUT] update.0.child
2017-09-13 16:27:01,528: update.0.child      : update.0                        : update.0.child.subscriber._state_cb: DEBUG   : bulked unit.000015 [AGENT_STAGING_INPUT] update.0.child
2017-09-13 16:27:01,562: update.0.child      : update.0                        : update.0.child.subscriber._state_cb: DEBUG   : bulked unit.000014 [AGENT_STAGING_INPUT] update.0.child
2017-09-13 16:27:01,596: update.0.child      : update.0                        : update.0.child.subscriber._state_cb: DEBUG   : bulked unit.000003 [AGENT_STAGING_INPUT] update.0.child
2017-09-13 16:27:01,630: update.0.child      : update.0                        : update.0.child.subscriber._state_cb: DEBUG   : bulked unit.000002 [AGENT_STAGING_INPUT] update.0.child
2017-09-13 16:27:01,664: update.0.child      : update.0                        : update.0.child.subscriber._state_cb: DEBUG   : bulked unit.000001 [AGENT_STAGING_INPUT] update.0.child
2017-09-13 16:27:01,695: update.0.child      : update.0                        : update.0.child.subscriber._state_cb: DEBUG   : bulked unit.000000 [AGENT_STAGING_INPUT] update.0.child
2017-09-13 16:27:01,722: update.0.child      : update.0                        : update.0.child.subscriber._state_cb: DEBUG   : bulked unit.000007 [AGENT_STAGING_INPUT] update.0.child
2017-09-13 16:27:01,748: update.0.child      : update.0                        : update.0.child.subscriber._state_cb: DEBUG   : bulked unit.000006 [AGENT_STAGING_INPUT] update.0.child
2017-09-13 16:27:01,775: update.0.child      : update.0                        : update.0.child.subscriber._state_cb: DEBUG   : bulked unit.000005 [AGENT_STAGING_INPUT] update.0.child
2017-09-13 16:27:01,812: update.0.child      : update.0                        : update.0.child.subscriber._state_cb: DEBUG   : bulked unit.000004 [AGENT_STAGING_INPUT] update.0.child
2017-09-13 16:27:01,846: update.0.child      : update.0                        : update.0.child.subscriber._state_cb: DEBUG   : bulked unit.000013 [AGENT_STAGING_INPUT] update.0.child
2017-09-13 16:27:01,872: update.0.child      : update.0                        : update.0.child.subscriber._state_cb: DEBUG   : bulked unit.000010 [AGENT_STAGING_INPUT] update.0.child
2017-09-13 16:27:01,902: update.0.child      : update.0                        : update.0.child.subscriber._state_cb: DEBUG   : bulked unit.000011 [AGENT_STAGING_INPUT] update.0.child
2017-09-13 16:27:01,929: update.0.child      : update.0                        : update.0.child.subscriber._state_cb: DEBUG   : bulked unit.000012 [AGENT_STAGING_INPUT] update.0.child
2017-09-13 16:27:02,319: update.0.child      : update.0                        : update.0.child.idler._idle_cb: DEBUG   : bulk update result: {'nModified': 16, 'nUpserted': 0, 'nMatched': 16, 'writeErrors': [], 'upserted': [], 'writeConcernErrors': [], 'nRemoved': 0, 'nInserted': 0}
2017-09-13 16:27:03,058: update.0.child      : update.0                        : update.0.child.subscriber._state_cb: DEBUG   : bulked unit.000009 [AGENT_SCHEDULING_PENDING] update.0.child
2017-09-13 16:27:03,093: update.0.child      : update.0                        : update.0.child.subscriber._state_cb: DEBUG   : bulked unit.000009 [AGENT_SCHEDULING] update.0.child
2017-09-13 16:27:03,118: update.0.child      : update.0                        : update.0.child.subscriber._state_cb: DEBUG   : bulked unit.000009 [AGENT_EXECUTING_PENDING] update.0.child
2017-09-13 16:27:03,150: update.0.child      : update.0                        : update.0.child.subscriber._state_cb: DEBUG   : bulked unit.000009 [AGENT_EXECUTING] update.0.child
2017-09-13 16:27:03,176: update.0.child      : update.0                        : update.0.child.subscriber._state_cb: DEBUG   : bulked unit.000008 [AGENT_SCHEDULING_PENDING] update.0.child
2017-09-13 16:27:03,202: update.0.child      : update.0                        : update.0.child.subscriber._state_cb: DEBUG   : bulked unit.000008 [AGENT_SCHEDULING] update.0.child
2017-09-13 16:27:03,227: update.0.child      : update.0                        : update.0.child.subscriber._state_cb: DEBUG   : bulked unit.000008 [AGENT_EXECUTING_PENDING] update.0.child
2017-09-13 16:27:03,256: update.0.child      : update.0                        : update.0.child.subscriber._state_cb: DEBUG   : bulked unit.000008 [AGENT_EXECUTING] update.0.child
2017-09-13 16:27:03,282: update.0.child      : update.0                        : update.0.child.subscriber._state_cb: DEBUG   : bulked unit.000015 [AGENT_SCHEDULING_PENDING] update.0.child
2017-09-13 16:27:03,332: update.0.child      : update.0                        : update.0.child.subscriber._state_cb: DEBUG   : bulk update result: {'nModified': 9, 'nUpserted': 0, 'nMatched': 9, 'writeErrors': [], 'upserted': [], 'writeConcernErrors': [], 'nRemoved': 0, 'nInserted': 0}
2017-09-13 16:27:03,335: update.0.child      : update.0                        : update.0.child.subscriber._state_cb: DEBUG   : bulked unit.000015 [AGENT_SCHEDULING] update.0.child
2017-09-13 16:27:03,335: update.0.child      : update.0                        : update.0.child.subscriber._state_cb: DEBUG   : bulked unit.000015 [AGENT_EXECUTING_PENDING] update.0.child
2017-09-13 16:27:03,362: update.0.child      : update.0                        : update.0.child.subscriber._state_cb: DEBUG   : bulked unit.000015 [AGENT_EXECUTING] update.0.child
2017-09-13 16:27:03,393: update.0.child      : update.0                        : update.0.child.subscriber._state_cb: DEBUG   : bulked unit.000014 [AGENT_SCHEDULING_PENDING] update.0.child
2017-09-13 16:27:03,427: update.0.child      : update.0                        : update.0.child.subscriber._state_cb: DEBUG   : bulked unit.000014 [AGENT_SCHEDULING] update.0.child
2017-09-13 16:27:03,459: update.0.child      : update.0                        : update.0.child.subscriber._state_cb: DEBUG   : bulked unit.000014 [AGENT_EXECUTING_PENDING] update.0.child
2017-09-13 16:27:03,486: update.0.child      : update.0                        : update.0.child.subscriber._state_cb: DEBUG   : bulked unit.000014 [AGENT_EXECUTING] update.0.child
2017-09-13 16:27:03,515: update.0.child      : update.0                        : update.0.child.subscriber._state_cb: DEBUG   : bulked unit.000003 [AGENT_SCHEDULING_PENDING] update.0.child
2017-09-13 16:27:03,541: update.0.child      : update.0                        : update.0.child.subscriber._state_cb: DEBUG   : bulked unit.000003 [AGENT_SCHEDULING] update.0.child
2017-09-13 16:27:03,570: update.0.child      : update.0                        : update.0.child.subscriber._state_cb: DEBUG   : bulked unit.000003 [AGENT_EXECUTING_PENDING] update.0.child
2017-09-13 16:27:03,598: update.0.child      : update.0                        : update.0.child.subscriber._state_cb: DEBUG   : bulked unit.000003 [AGENT_EXECUTING] update.0.child
2017-09-13 16:27:03,627: update.0.child      : update.0                        : update.0.child.subscriber._state_cb: DEBUG   : bulked unit.000002 [AGENT_SCHEDULING_PENDING] update.0.child
2017-09-13 16:27:03,657: update.0.child      : update.0                        : update.0.child.subscriber._state_cb: DEBUG   : bulked unit.000002 [AGENT_SCHEDULING] update.0.child
2017-09-13 16:27:03,684: update.0.child      : update.0                        : update.0.child.subscriber._state_cb: DEBUG   : bulked unit.000002 [AGENT_EXECUTING_PENDING] update.0.child
2017-09-13 16:27:03,707: update.0.child      : update.0                        : update.0.child.subscriber._state_cb: DEBUG   : bulked unit.000002 [AGENT_EXECUTING] update.0.child
2017-09-13 16:27:03,731: update.0.child      : update.0                        : update.0.child.subscriber._state_cb: DEBUG   : bulked unit.000001 [AGENT_SCHEDULING_PENDING] update.0.child
2017-09-13 16:27:03,761: update.0.child      : update.0                        : update.0.child.subscriber._state_cb: DEBUG   : bulked unit.000001 [AGENT_SCHEDULING] update.0.child
2017-09-13 16:27:03,795: update.0.child      : update.0                        : update.0.child.subscriber._state_cb: DEBUG   : bulked unit.000001 [AGENT_EXECUTING_PENDING] update.0.child
2017-09-13 16:27:03,834: update.0.child      : update.0                        : update.0.child.subscriber._state_cb: DEBUG   : bulked unit.000001 [AGENT_EXECUTING] update.0.child
2017-09-13 16:27:03,858: update.0.child      : update.0                        : update.0.child.subscriber._state_cb: DEBUG   : bulked unit.000000 [AGENT_SCHEDULING_PENDING] update.0.child
2017-09-13 16:27:03,882: update.0.child      : update.0                        : update.0.child.subscriber._state_cb: DEBUG   : bulked unit.000000 [AGENT_SCHEDULING] update.0.child
2017-09-13 16:27:03,906: update.0.child      : update.0                        : update.0.child.subscriber._state_cb: DEBUG   : bulked unit.000000 [AGENT_EXECUTING_PENDING] update.0.child
2017-09-13 16:27:03,936: update.0.child      : update.0                        : update.0.child.subscriber._state_cb: DEBUG   : bulked unit.000000 [AGENT_EXECUTING] update.0.child
2017-09-13 16:27:03,961: update.0.child      : update.0                        : update.0.child.subscriber._state_cb: DEBUG   : bulked unit.000007 [AGENT_SCHEDULING_PENDING] update.0.child
2017-09-13 16:27:03,993: update.0.child      : update.0                        : update.0.child.subscriber._state_cb: DEBUG   : bulked unit.000007 [AGENT_SCHEDULING] update.0.child
2017-09-13 16:27:04,017: update.0.child      : update.0                        : update.0.child.subscriber._state_cb: DEBUG   : bulked unit.000007 [AGENT_EXECUTING_PENDING] update.0.child
2017-09-13 16:27:04,043: update.0.child      : update.0                        : update.0.child.subscriber._state_cb: DEBUG   : bulked unit.000007 [AGENT_EXECUTING] update.0.child
2017-09-13 16:27:04,073: update.0.child      : update.0                        : update.0.child.subscriber._state_cb: DEBUG   : bulked unit.000006 [AGENT_SCHEDULING_PENDING] update.0.child
2017-09-13 16:27:04,105: update.0.child      : update.0                        : update.0.child.subscriber._state_cb: DEBUG   : bulked unit.000006 [AGENT_SCHEDULING] update.0.child
2017-09-13 16:27:04,128: update.0.child      : update.0                        : update.0.child.subscriber._state_cb: DEBUG   : bulked unit.000006 [AGENT_EXECUTING_PENDING] update.0.child
2017-09-13 16:27:04,153: update.0.child      : update.0                        : update.0.child.subscriber._state_cb: DEBUG   : bulked unit.000006 [AGENT_EXECUTING] update.0.child
2017-09-13 16:27:04,178: update.0.child      : update.0                        : update.0.child.subscriber._state_cb: DEBUG   : bulked unit.000005 [AGENT_SCHEDULING_PENDING] update.0.child
2017-09-13 16:27:04,203: update.0.child      : update.0                        : update.0.child.subscriber._state_cb: DEBUG   : bulked unit.000005 [AGENT_SCHEDULING] update.0.child
2017-09-13 16:27:04,226: update.0.child      : update.0                        : update.0.child.subscriber._state_cb: DEBUG   : bulked unit.000005 [AGENT_EXECUTING_PENDING] update.0.child
2017-09-13 16:27:04,250: update.0.child      : update.0                        : update.0.child.subscriber._state_cb: DEBUG   : bulked unit.000005 [AGENT_EXECUTING] update.0.child
2017-09-13 16:27:04,280: update.0.child      : update.0                        : update.0.child.subscriber._state_cb: DEBUG   : bulked unit.000004 [AGENT_SCHEDULING_PENDING] update.0.child
2017-09-13 16:27:04,304: update.0.child      : update.0                        : update.0.child.subscriber._state_cb: DEBUG   : bulked unit.000004 [AGENT_SCHEDULING] update.0.child
2017-09-13 16:27:04,360: update.0.child      : update.0                        : update.0.child.subscriber._state_cb: DEBUG   : bulk update result: {'nModified': 37, 'nUpserted': 0, 'nMatched': 37, 'writeErrors': [], 'upserted': [], 'writeConcernErrors': [], 'nRemoved': 0, 'nInserted': 0}
2017-09-13 16:27:04,361: update.0.child      : update.0                        : update.0.child.subscriber._state_cb: DEBUG   : bulked unit.000004 [AGENT_EXECUTING_PENDING] update.0.child
2017-09-13 16:27:04,361: update.0.child      : update.0                        : update.0.child.subscriber._state_cb: DEBUG   : bulked unit.000004 [AGENT_EXECUTING] update.0.child
2017-09-13 16:27:04,382: update.0.child      : update.0                        : update.0.child.subscriber._state_cb: DEBUG   : bulked unit.000013 [AGENT_SCHEDULING_PENDING] update.0.child
2017-09-13 16:27:04,414: update.0.child      : update.0                        : update.0.child.subscriber._state_cb: DEBUG   : bulked unit.000013 [AGENT_SCHEDULING] update.0.child
2017-09-13 16:27:04,437: update.0.child      : update.0                        : update.0.child.subscriber._state_cb: DEBUG   : bulked unit.000013 [AGENT_EXECUTING_PENDING] update.0.child
2017-09-13 16:27:04,461: update.0.child      : update.0                        : update.0.child.subscriber._state_cb: DEBUG   : bulked unit.000013 [AGENT_EXECUTING] update.0.child
2017-09-13 16:27:04,494: update.0.child      : update.0                        : update.0.child.subscriber._state_cb: DEBUG   : bulked unit.000010 [AGENT_SCHEDULING_PENDING] update.0.child
2017-09-13 16:27:04,518: update.0.child      : update.0                        : update.0.child.subscriber._state_cb: DEBUG   : bulked unit.000010 [AGENT_SCHEDULING] update.0.child
2017-09-13 16:27:04,540: update.0.child      : update.0                        : update.0.child.subscriber._state_cb: DEBUG   : bulked unit.000010 [AGENT_EXECUTING_PENDING] update.0.child
2017-09-13 16:27:04,565: update.0.child      : update.0                        : update.0.child.subscriber._state_cb: DEBUG   : bulked unit.000010 [AGENT_EXECUTING] update.0.child
2017-09-13 16:27:04,587: update.0.child      : update.0                        : update.0.child.subscriber._state_cb: DEBUG   : bulked unit.000011 [AGENT_SCHEDULING_PENDING] update.0.child
2017-09-13 16:27:04,619: update.0.child      : update.0                        : update.0.child.subscriber._state_cb: DEBUG   : bulked unit.000011 [AGENT_SCHEDULING] update.0.child
2017-09-13 16:27:04,651: update.0.child      : update.0                        : update.0.child.subscriber._state_cb: DEBUG   : bulked unit.000011 [AGENT_EXECUTING_PENDING] update.0.child
2017-09-13 16:27:04,682: update.0.child      : update.0                        : update.0.child.subscriber._state_cb: DEBUG   : bulked unit.000011 [AGENT_EXECUTING] update.0.child
2017-09-13 16:27:04,705: update.0.child      : update.0                        : update.0.child.subscriber._state_cb: DEBUG   : bulked unit.000012 [AGENT_SCHEDULING_PENDING] update.0.child
2017-09-13 16:27:04,728: update.0.child      : update.0                        : update.0.child.subscriber._state_cb: DEBUG   : bulked unit.000012 [AGENT_SCHEDULING] update.0.child
2017-09-13 16:27:04,750: update.0.child      : update.0                        : update.0.child.subscriber._state_cb: DEBUG   : bulked unit.000012 [AGENT_EXECUTING_PENDING] update.0.child
2017-09-13 16:27:04,774: update.0.child      : update.0                        : update.0.child.subscriber._state_cb: DEBUG   : bulked unit.000012 [AGENT_EXECUTING] update.0.child
2017-09-13 16:27:05,416: update.0.child      : update.0                        : update.0.child.idler._idle_cb: DEBUG   : bulk update result: {'nModified': 18, 'nUpserted': 0, 'nMatched': 18, 'writeErrors': [], 'upserted': [], 'writeConcernErrors': [], 'nRemoved': 0, 'nInserted': 0}
2017-09-13 16:28:41,523: update.0.child      : update.0                        : update.0.child.subscriber._state_cb: DEBUG   : bulked unit.000000 [AGENT_STAGING_OUTPUT_PENDING] update.0.child
2017-09-13 16:28:41,571: update.0.child      : update.0                        : update.0.child.subscriber._state_cb: DEBUG   : bulk update result: {'nModified': 1, 'nUpserted': 0, 'nMatched': 1, 'writeErrors': [], 'upserted': [], 'writeConcernErrors': [], 'nRemoved': 0, 'nInserted': 0}
2017-09-13 16:28:42,652: update.0.child      : update.0                        : update.0.child.subscriber._state_cb: DEBUG   : bulked unit.000009 [AGENT_STAGING_OUTPUT_PENDING] update.0.child
2017-09-13 16:28:42,700: update.0.child      : update.0                        : update.0.child.subscriber._state_cb: DEBUG   : bulk update result: {'nModified': 1, 'nUpserted': 0, 'nMatched': 1, 'writeErrors': [], 'upserted': [], 'writeConcernErrors': [], 'nRemoved': 0, 'nInserted': 0}
2017-09-13 16:28:42,701: update.0.child      : update.0                        : update.0.child.subscriber._state_cb: DEBUG   : bulked unit.000009 [AGENT_STAGING_OUTPUT] update.0.child
2017-09-13 16:28:42,708: update.0.child      : update.0                        : update.0.child.subscriber._state_cb: DEBUG   : bulked unit.000009 [UMGR_STAGING_OUTPUT_PENDING] update.0.child
2017-09-13 16:28:42,733: update.0.child      : update.0                        : update.0.child.subscriber._state_cb: DEBUG   : bulked unit.000008 [AGENT_STAGING_OUTPUT_PENDING] update.0.child
2017-09-13 16:28:42,759: update.0.child      : update.0                        : update.0.child.subscriber._state_cb: DEBUG   : bulked unit.000008 [AGENT_STAGING_OUTPUT] update.0.child
2017-09-13 16:28:42,791: update.0.child      : update.0                        : update.0.child.subscriber._state_cb: DEBUG   : bulked unit.000008 [UMGR_STAGING_OUTPUT_PENDING] update.0.child
2017-09-13 16:28:42,815: update.0.child      : update.0                        : update.0.child.subscriber._state_cb: DEBUG   : bulked unit.000015 [AGENT_STAGING_OUTPUT_PENDING] update.0.child
2017-09-13 16:28:42,856: update.0.child      : update.0                        : update.0.child.subscriber._state_cb: DEBUG   : bulked unit.000015 [AGENT_STAGING_OUTPUT] update.0.child
2017-09-13 16:28:42,890: update.0.child      : update.0                        : update.0.child.subscriber._state_cb: DEBUG   : bulked unit.000015 [UMGR_STAGING_OUTPUT_PENDING] update.0.child
2017-09-13 16:28:42,915: update.0.child      : update.0                        : update.0.child.subscriber._state_cb: DEBUG   : bulked unit.000010 [AGENT_STAGING_OUTPUT_PENDING] update.0.child
2017-09-13 16:28:42,937: update.0.child      : update.0                        : update.0.child.subscriber._state_cb: DEBUG   : bulked unit.000010 [AGENT_STAGING_OUTPUT] update.0.child
2017-09-13 16:28:42,962: update.0.child      : update.0                        : update.0.child.subscriber._state_cb: DEBUG   : bulked unit.000010 [UMGR_STAGING_OUTPUT_PENDING] update.0.child
2017-09-13 16:28:42,992: update.0.child      : update.0                        : update.0.child.subscriber._state_cb: DEBUG   : bulked unit.000002 [AGENT_STAGING_OUTPUT_PENDING] update.0.child
2017-09-13 16:28:43,022: update.0.child      : update.0                        : update.0.child.subscriber._state_cb: DEBUG   : bulked unit.000002 [AGENT_STAGING_OUTPUT] update.0.child
2017-09-13 16:28:43,055: update.0.child      : update.0                        : update.0.child.subscriber._state_cb: DEBUG   : bulked unit.000002 [UMGR_STAGING_OUTPUT_PENDING] update.0.child
2017-09-13 16:28:43,078: update.0.child      : update.0                        : update.0.child.subscriber._state_cb: DEBUG   : bulked unit.000012 [AGENT_STAGING_OUTPUT_PENDING] update.0.child
2017-09-13 16:28:43,101: update.0.child      : update.0                        : update.0.child.subscriber._state_cb: DEBUG   : bulked unit.000012 [AGENT_STAGING_OUTPUT] update.0.child
2017-09-13 16:28:43,139: update.0.child      : update.0                        : update.0.child.subscriber._state_cb: DEBUG   : bulked unit.000012 [UMGR_STAGING_OUTPUT_PENDING] update.0.child
2017-09-13 16:28:43,162: update.0.child      : update.0                        : update.0.child.subscriber._state_cb: DEBUG   : bulked unit.000000 [AGENT_STAGING_OUTPUT] update.0.child
2017-09-13 16:28:43,185: update.0.child      : update.0                        : update.0.child.subscriber._state_cb: DEBUG   : bulked unit.000000 [UMGR_STAGING_OUTPUT_PENDING] update.0.child
2017-09-13 16:28:43,209: update.0.child      : update.0                        : update.0.child.subscriber._state_cb: DEBUG   : bulked unit.000014 [AGENT_STAGING_OUTPUT_PENDING] update.0.child
2017-09-13 16:28:43,247: update.0.child      : update.0                        : update.0.child.subscriber._state_cb: DEBUG   : bulked unit.000014 [AGENT_STAGING_OUTPUT] update.0.child
2017-09-13 16:28:43,279: update.0.child      : update.0                        : update.0.child.subscriber._state_cb: DEBUG   : bulked unit.000014 [UMGR_STAGING_OUTPUT_PENDING] update.0.child
2017-09-13 16:28:43,301: update.0.child      : update.0                        : update.0.child.subscriber._state_cb: DEBUG   : bulked unit.000006 [AGENT_STAGING_OUTPUT_PENDING] update.0.child
2017-09-13 16:28:43,326: update.0.child      : update.0                        : update.0.child.subscriber._state_cb: DEBUG   : bulked unit.000006 [AGENT_STAGING_OUTPUT] update.0.child
2017-09-13 16:28:43,349: update.0.child      : update.0                        : update.0.child.subscriber._state_cb: DEBUG   : bulked unit.000006 [UMGR_STAGING_OUTPUT_PENDING] update.0.child
2017-09-13 16:28:43,372: update.0.child      : update.0                        : update.0.child.subscriber._state_cb: DEBUG   : bulked unit.000005 [AGENT_STAGING_OUTPUT_PENDING] update.0.child
2017-09-13 16:28:43,394: update.0.child      : update.0                        : update.0.child.subscriber._state_cb: DEBUG   : bulked unit.000005 [AGENT_STAGING_OUTPUT] update.0.child
2017-09-13 16:28:43,426: update.0.child      : update.0                        : update.0.child.subscriber._state_cb: DEBUG   : bulked unit.000005 [UMGR_STAGING_OUTPUT_PENDING] update.0.child
2017-09-13 16:28:43,451: update.0.child      : update.0                        : update.0.child.subscriber._state_cb: DEBUG   : bulked unit.000004 [AGENT_STAGING_OUTPUT_PENDING] update.0.child
2017-09-13 16:28:43,473: update.0.child      : update.0                        : update.0.child.subscriber._state_cb: DEBUG   : bulked unit.000004 [AGENT_STAGING_OUTPUT] update.0.child
2017-09-13 16:28:43,496: update.0.child      : update.0                        : update.0.child.subscriber._state_cb: DEBUG   : bulked unit.000004 [UMGR_STAGING_OUTPUT_PENDING] update.0.child
2017-09-13 16:28:43,519: update.0.child      : update.0                        : update.0.child.subscriber._state_cb: DEBUG   : bulked unit.000013 [AGENT_STAGING_OUTPUT_PENDING] update.0.child
2017-09-13 16:28:43,541: update.0.child      : update.0                        : update.0.child.subscriber._state_cb: DEBUG   : bulked unit.000013 [AGENT_STAGING_OUTPUT] update.0.child
2017-09-13 16:28:43,566: update.0.child      : update.0                        : update.0.child.subscriber._state_cb: DEBUG   : bulked unit.000013 [UMGR_STAGING_OUTPUT_PENDING] update.0.child
2017-09-13 16:28:43,590: update.0.child      : update.0                        : update.0.child.subscriber._state_cb: DEBUG   : bulked unit.000003 [AGENT_STAGING_OUTPUT_PENDING] update.0.child
2017-09-13 16:28:43,616: update.0.child      : update.0                        : update.0.child.subscriber._state_cb: DEBUG   : bulked unit.000003 [AGENT_STAGING_OUTPUT] update.0.child
2017-09-13 16:28:43,638: update.0.child      : update.0                        : update.0.child.subscriber._state_cb: DEBUG   : bulked unit.000003 [UMGR_STAGING_OUTPUT_PENDING] update.0.child
2017-09-13 16:28:43,668: update.0.child      : update.0                        : update.0.child.subscriber._state_cb: DEBUG   : bulked unit.000011 [AGENT_STAGING_OUTPUT_PENDING] update.0.child
2017-09-13 16:28:43,724: update.0.child      : update.0                        : update.0.child.subscriber._state_cb: DEBUG   : bulk update result: {'nModified': 38, 'nUpserted': 0, 'nMatched': 38, 'writeErrors': [], 'upserted': [], 'writeConcernErrors': [], 'nRemoved': 0, 'nInserted': 0}
2017-09-13 16:28:43,725: update.0.child      : update.0                        : update.0.child.subscriber._state_cb: DEBUG   : bulked unit.000011 [AGENT_STAGING_OUTPUT] update.0.child
2017-09-13 16:28:43,725: update.0.child      : update.0                        : update.0.child.subscriber._state_cb: DEBUG   : bulked unit.000011 [UMGR_STAGING_OUTPUT_PENDING] update.0.child
2017-09-13 16:28:43,756: update.0.child      : update.0                        : update.0.child.subscriber._state_cb: DEBUG   : bulked unit.000007 [AGENT_STAGING_OUTPUT_PENDING] update.0.child
2017-09-13 16:28:43,787: update.0.child      : update.0                        : update.0.child.subscriber._state_cb: DEBUG   : bulked unit.000007 [AGENT_STAGING_OUTPUT] update.0.child
2017-09-13 16:28:43,818: update.0.child      : update.0                        : update.0.child.subscriber._state_cb: DEBUG   : bulked unit.000007 [UMGR_STAGING_OUTPUT_PENDING] update.0.child
2017-09-13 16:28:43,851: update.0.child      : update.0                        : update.0.child.subscriber._state_cb: DEBUG   : bulked unit.000001 [AGENT_STAGING_OUTPUT_PENDING] update.0.child
2017-09-13 16:28:43,875: update.0.child      : update.0                        : update.0.child.subscriber._state_cb: DEBUG   : bulked unit.000001 [AGENT_STAGING_OUTPUT] update.0.child
2017-09-13 16:28:43,897: update.0.child      : update.0                        : update.0.child.subscriber._state_cb: DEBUG   : bulked unit.000001 [UMGR_STAGING_OUTPUT_PENDING] update.0.child
2017-09-13 16:28:44,092: update.0.child      : update.0                        : update.0.child.subscriber._state_cb: DEBUG   : bulked unit.000000 [UMGR_STAGING_OUTPUT_PENDING] update.0.child
2017-09-13 16:28:44,092: update.0.child      : update.0                        : update.0.child.subscriber._state_cb: DEBUG   : bulked unit.000002 [UMGR_STAGING_OUTPUT_PENDING] update.0.child
2017-09-13 16:28:44,092: update.0.child      : update.0                        : update.0.child.subscriber._state_cb: DEBUG   : bulked unit.000004 [UMGR_STAGING_OUTPUT_PENDING] update.0.child
2017-09-13 16:28:44,093: update.0.child      : update.0                        : update.0.child.subscriber._state_cb: DEBUG   : bulked unit.000006 [UMGR_STAGING_OUTPUT_PENDING] update.0.child
2017-09-13 16:28:44,093: update.0.child      : update.0                        : update.0.child.subscriber._state_cb: DEBUG   : bulked unit.000008 [UMGR_STAGING_OUTPUT_PENDING] update.0.child
2017-09-13 16:28:44,093: update.0.child      : update.0                        : update.0.child.subscriber._state_cb: DEBUG   : bulked unit.000010 [UMGR_STAGING_OUTPUT_PENDING] update.0.child
2017-09-13 16:28:44,093: update.0.child      : update.0                        : update.0.child.subscriber._state_cb: DEBUG   : bulked unit.000012 [UMGR_STAGING_OUTPUT_PENDING] update.0.child
2017-09-13 16:28:44,093: update.0.child      : update.0                        : update.0.child.subscriber._state_cb: DEBUG   : bulked unit.000014 [UMGR_STAGING_OUTPUT_PENDING] update.0.child
2017-09-13 16:28:44,093: update.0.child      : update.0                        : update.0.child.subscriber._state_cb: DEBUG   : bulked unit.000001 [UMGR_STAGING_OUTPUT_PENDING] update.0.child
2017-09-13 16:28:44,093: update.0.child      : update.0                        : update.0.child.subscriber._state_cb: DEBUG   : bulked unit.000005 [UMGR_STAGING_OUTPUT_PENDING] update.0.child
2017-09-13 16:28:44,094: update.0.child      : update.0                        : update.0.child.subscriber._state_cb: DEBUG   : bulked unit.000009 [UMGR_STAGING_OUTPUT_PENDING] update.0.child
2017-09-13 16:28:44,094: update.0.child      : update.0                        : update.0.child.subscriber._state_cb: DEBUG   : bulked unit.000013 [UMGR_STAGING_OUTPUT_PENDING] update.0.child
2017-09-13 16:28:44,094: update.0.child      : update.0                        : update.0.child.subscriber._state_cb: DEBUG   : bulked unit.000003 [UMGR_STAGING_OUTPUT_PENDING] update.0.child
2017-09-13 16:28:44,094: update.0.child      : update.0                        : update.0.child.subscriber._state_cb: DEBUG   : bulked unit.000011 [UMGR_STAGING_OUTPUT_PENDING] update.0.child
2017-09-13 16:28:44,094: update.0.child      : update.0                        : update.0.child.subscriber._state_cb: DEBUG   : bulked unit.000007 [UMGR_STAGING_OUTPUT_PENDING] update.0.child
2017-09-13 16:28:44,094: update.0.child      : update.0                        : update.0.child.subscriber._state_cb: DEBUG   : bulked unit.000015 [UMGR_STAGING_OUTPUT_PENDING] update.0.child
2017-09-13 16:28:44,098: update.0.child      : update.0                        : update.0.child.subscriber._state_cb: DEBUG   : bulked unit.000000 [UMGR_STAGING_OUTPUT] update.0.child
2017-09-13 16:28:44,098: update.0.child      : update.0                        : update.0.child.subscriber._state_cb: DEBUG   : bulked unit.000002 [UMGR_STAGING_OUTPUT] update.0.child
2017-09-13 16:28:44,098: update.0.child      : update.0                        : update.0.child.subscriber._state_cb: DEBUG   : bulked unit.000004 [UMGR_STAGING_OUTPUT] update.0.child
2017-09-13 16:28:44,098: update.0.child      : update.0                        : update.0.child.subscriber._state_cb: DEBUG   : bulked unit.000006 [UMGR_STAGING_OUTPUT] update.0.child
2017-09-13 16:28:44,099: update.0.child      : update.0                        : update.0.child.subscriber._state_cb: DEBUG   : bulked unit.000008 [UMGR_STAGING_OUTPUT] update.0.child
2017-09-13 16:28:44,099: update.0.child      : update.0                        : update.0.child.subscriber._state_cb: DEBUG   : bulked unit.000010 [UMGR_STAGING_OUTPUT] update.0.child
2017-09-13 16:28:44,099: update.0.child      : update.0                        : update.0.child.subscriber._state_cb: DEBUG   : bulked unit.000012 [UMGR_STAGING_OUTPUT] update.0.child
2017-09-13 16:28:44,099: update.0.child      : update.0                        : update.0.child.subscriber._state_cb: DEBUG   : bulked unit.000014 [UMGR_STAGING_OUTPUT] update.0.child
2017-09-13 16:28:44,099: update.0.child      : update.0                        : update.0.child.subscriber._state_cb: DEBUG   : bulked unit.000001 [UMGR_STAGING_OUTPUT] update.0.child
2017-09-13 16:28:44,101: update.0.child      : update.0                        : update.0.child.subscriber._state_cb: DEBUG   : bulked unit.000005 [UMGR_STAGING_OUTPUT] update.0.child
2017-09-13 16:28:44,101: update.0.child      : update.0                        : update.0.child.subscriber._state_cb: DEBUG   : bulked unit.000009 [UMGR_STAGING_OUTPUT] update.0.child
2017-09-13 16:28:44,101: update.0.child      : update.0                        : update.0.child.subscriber._state_cb: DEBUG   : bulked unit.000013 [UMGR_STAGING_OUTPUT] update.0.child
2017-09-13 16:28:44,101: update.0.child      : update.0                        : update.0.child.subscriber._state_cb: DEBUG   : bulked unit.000003 [UMGR_STAGING_OUTPUT] update.0.child
2017-09-13 16:28:44,101: update.0.child      : update.0                        : update.0.child.subscriber._state_cb: DEBUG   : bulked unit.000011 [UMGR_STAGING_OUTPUT] update.0.child
2017-09-13 16:28:44,102: update.0.child      : update.0                        : update.0.child.subscriber._state_cb: DEBUG   : bulked unit.000007 [UMGR_STAGING_OUTPUT] update.0.child
2017-09-13 16:28:44,102: update.0.child      : update.0                        : update.0.child.subscriber._state_cb: DEBUG   : bulked unit.000015 [UMGR_STAGING_OUTPUT] update.0.child
2017-09-13 16:28:44,102: update.0.child      : update.0                        : update.0.child.subscriber._state_cb: DEBUG   : bulked unit.000000 [DONE] update.0.child
2017-09-13 16:28:44,102: update.0.child      : update.0                        : update.0.child.subscriber._state_cb: DEBUG   : bulked unit.000002 [DONE] update.0.child
2017-09-13 16:28:44,103: update.0.child      : update.0                        : update.0.child.subscriber._state_cb: DEBUG   : bulked unit.000004 [DONE] update.0.child
2017-09-13 16:28:44,103: update.0.child      : update.0                        : update.0.child.subscriber._state_cb: DEBUG   : bulked unit.000006 [DONE] update.0.child
2017-09-13 16:28:44,103: update.0.child      : update.0                        : update.0.child.subscriber._state_cb: DEBUG   : bulked unit.000008 [DONE] update.0.child
2017-09-13 16:28:44,103: update.0.child      : update.0                        : update.0.child.subscriber._state_cb: DEBUG   : bulked unit.000010 [DONE] update.0.child
2017-09-13 16:28:44,103: update.0.child      : update.0                        : update.0.child.subscriber._state_cb: DEBUG   : bulked unit.000012 [DONE] update.0.child
2017-09-13 16:28:44,103: update.0.child      : update.0                        : update.0.child.subscriber._state_cb: DEBUG   : bulked unit.000014 [DONE] update.0.child
2017-09-13 16:28:44,104: update.0.child      : update.0                        : update.0.child.subscriber._state_cb: DEBUG   : bulked unit.000001 [DONE] update.0.child
2017-09-13 16:28:44,104: update.0.child      : update.0                        : update.0.child.subscriber._state_cb: DEBUG   : bulked unit.000005 [DONE] update.0.child
2017-09-13 16:28:44,104: update.0.child      : update.0                        : update.0.child.subscriber._state_cb: DEBUG   : bulked unit.000009 [DONE] update.0.child
2017-09-13 16:28:44,104: update.0.child      : update.0                        : update.0.child.subscriber._state_cb: DEBUG   : bulked unit.000013 [DONE] update.0.child
2017-09-13 16:28:44,104: update.0.child      : update.0                        : update.0.child.subscriber._state_cb: DEBUG   : bulked unit.000003 [DONE] update.0.child
2017-09-13 16:28:44,104: update.0.child      : update.0                        : update.0.child.subscriber._state_cb: DEBUG   : bulked unit.000011 [DONE] update.0.child
2017-09-13 16:28:44,104: update.0.child      : update.0                        : update.0.child.subscriber._state_cb: DEBUG   : bulked unit.000007 [DONE] update.0.child
2017-09-13 16:28:44,105: update.0.child      : update.0                        : update.0.child.subscriber._state_cb: DEBUG   : bulked unit.000015 [DONE] update.0.child
2017-09-13 16:28:45,233: update.0.child      : update.0                        : update.0.child.idler._idle_cb: DEBUG   : bulk update result: {'nModified': 56, 'nUpserted': 0, 'nMatched': 56, 'writeErrors': [], 'upserted': [], 'writeConcernErrors': [], 'nRemoved': 0, 'nInserted': 0}
2017-09-13 16:28:59,011: update.0.child      : update.0                        : update.0.child.subscriber._state_cb: DEBUG   : bulked pilot.0000 [CANCELED] update.0.child
2017-09-13 16:28:59,061: update.0.child      : update.0                        : update.0.child.subscriber._state_cb: DEBUG   : bulk update result: {'nModified': 1, 'nUpserted': 0, 'nMatched': 1, 'writeErrors': [], 'upserted': [], 'writeConcernErrors': [], 'nRemoved': 0, 'nInserted': 0}
2017-09-13 16:28:59,682: update.0.child      : update.0                        : update.0.child.watch: WARNING : endpoint disappeard
2017-09-13 16:28:59,682: update.0.child      : update.0                        : update.0.child.watch: INFO    : watcher closes
2017-09-13 16:28:59,682: update.0.child      : update.0                        : update.0.child.watch: INFO    : put message: [update.0.child.watch.thread] work finished
2017-09-13 16:28:59,682: update.0.child      : update.0                        : update.0.child.watch: DEBUG   : ru_finalize_child (NOOP)
2017-09-13 16:28:59,682: update.0.child      : update.0                        : update.0.child.watch: DEBUG   : ru_finalize_common (NOOP)
2017-09-13 16:28:59,683: update.0.child      : update.0                        : update.0.child.watch: INFO    : put message: [update.0.child.watch.thread] terminating
2017-09-13 16:28:59,758: update.0.child      : update.0                        : MainThread     : WARNING : alive check: proc invalid - stop [False - True]
