2017-10-15 09:25:48,430: control.pubsub.sub.0000: update.0                        : MainThread     : INFO    : python.interpreter   version: 2.7.12 (default, Nov 19 2016, 06:48:10) [GCC 5.4.0 20160609]
2017-10-15 09:25:48,430: control.pubsub.sub.0000: update.0                        : MainThread     : INFO    :                      pid: 9148
2017-10-15 09:25:48,430: control.pubsub.sub.0000: update.0                        : MainThread     : INFO    :                      tid: MainThread
2017-10-15 09:25:48,431: control.pubsub.sub.0000: update.0                        : MainThread     : INFO    : radical.pilot        version: 0.46-v0.46.RC2@devel
2017-10-15 09:25:48,431: control.pubsub.sub.0000: update.0                        : MainThread     : INFO    : create control_pubsub - sub - tcp://172.30.238.6:43917
2017-10-15 09:25:48,431: control.pubsub.sub.0000: update.0                        : MainThread     : DEBUG   : start process
2017-10-15 09:25:48,431: control.pubsub.sub.0000: update.0                        : MainThread     : DEBUG   : ru_initialize_common (NOOP)
2017-10-15 09:25:48,432: control.pubsub.sub.0000: update.0                        : MainThread     : DEBUG   : ru_initialize_parent (NOOP)
2017-10-15 09:25:48,432: control.pubsub.sub.0000: update.0                        : MainThread     : DEBUG   : process class started (no child)
2017-10-15 09:25:52,134: control.pubsub.sub.0000: pmgr.launching.0                : MainThread     : INFO    : python.interpreter   version: 2.7.12 (default, Nov 19 2016, 06:48:10) [GCC 5.4.0 20160609]
2017-10-15 09:25:52,134: control.pubsub.sub.0000: pmgr.launching.0                : MainThread     : INFO    :                      pid: 9188
2017-10-15 09:25:52,134: control.pubsub.sub.0000: pmgr.launching.0                : MainThread     : INFO    :                      tid: MainThread
2017-10-15 09:25:52,134: control.pubsub.sub.0000: pmgr.launching.0                : MainThread     : INFO    : radical.pilot        version: 0.46-v0.46.RC2@devel
2017-10-15 09:25:52,135: control.pubsub.sub.0000: pmgr.launching.0                : MainThread     : INFO    : create control_pubsub - sub - tcp://172.30.238.6:43917
2017-10-15 09:25:52,144: control.pubsub.sub.0000: pmgr.launching.0                : MainThread     : DEBUG   : start process
2017-10-15 09:25:52,144: control.pubsub.sub.0000: pmgr.launching.0                : MainThread     : DEBUG   : ru_initialize_common (NOOP)
2017-10-15 09:25:52,144: control.pubsub.sub.0000: pmgr.launching.0                : MainThread     : DEBUG   : ru_initialize_parent (NOOP)
2017-10-15 09:25:52,145: control.pubsub.sub.0000: pmgr.launching.0                : MainThread     : DEBUG   : process class started (no child)
2017-10-15 09:27:10,359: control.pubsub.sub.0000: umgr.staging.input.0            : MainThread     : INFO    : python.interpreter   version: 2.7.12 (default, Nov 19 2016, 06:48:10) [GCC 5.4.0 20160609]
2017-10-15 09:27:10,360: control.pubsub.sub.0000: umgr.staging.input.0            : MainThread     : INFO    :                      pid: 9554
2017-10-15 09:27:10,360: control.pubsub.sub.0000: umgr.staging.input.0            : MainThread     : INFO    :                      tid: MainThread
2017-10-15 09:27:10,360: control.pubsub.sub.0000: umgr.staging.input.0            : MainThread     : INFO    : radical.pilot        version: 0.46-v0.46.RC2@devel
2017-10-15 09:27:10,360: control.pubsub.sub.0000: umgr.staging.input.0            : MainThread     : INFO    : create control_pubsub - sub - tcp://172.30.238.6:43917
2017-10-15 09:27:10,360: control.pubsub.sub.0000: umgr.staging.input.0            : MainThread     : DEBUG   : start process
2017-10-15 09:27:10,360: control.pubsub.sub.0000: umgr.staging.input.0            : MainThread     : DEBUG   : ru_initialize_common (NOOP)
2017-10-15 09:27:10,360: control.pubsub.sub.0000: umgr.staging.input.0            : MainThread     : DEBUG   : ru_initialize_parent (NOOP)
2017-10-15 09:27:10,360: control.pubsub.sub.0000: umgr.staging.input.0            : MainThread     : DEBUG   : process class started (no child)
2017-10-15 09:27:12,464: control.pubsub.sub.0000: umgr.staging.output.0           : MainThread     : INFO    : python.interpreter   version: 2.7.12 (default, Nov 19 2016, 06:48:10) [GCC 5.4.0 20160609]
2017-10-15 09:27:12,464: control.pubsub.sub.0000: umgr.staging.output.0           : MainThread     : INFO    :                      pid: 9580
2017-10-15 09:27:12,464: control.pubsub.sub.0000: umgr.staging.output.0           : MainThread     : INFO    :                      tid: MainThread
2017-10-15 09:27:12,465: control.pubsub.sub.0000: umgr.staging.output.0           : MainThread     : INFO    : radical.pilot        version: 0.46-v0.46.RC2@devel
2017-10-15 09:27:12,465: control.pubsub.sub.0000: umgr.staging.output.0           : MainThread     : INFO    : create control_pubsub - sub - tcp://172.30.238.6:43917
2017-10-15 09:27:12,465: control.pubsub.sub.0000: umgr.staging.output.0           : MainThread     : DEBUG   : start process
2017-10-15 09:27:12,465: control.pubsub.sub.0000: umgr.staging.output.0           : MainThread     : DEBUG   : ru_initialize_common (NOOP)
2017-10-15 09:27:12,465: control.pubsub.sub.0000: umgr.staging.output.0           : MainThread     : DEBUG   : ru_initialize_parent (NOOP)
2017-10-15 09:27:12,465: control.pubsub.sub.0000: umgr.staging.output.0           : MainThread     : DEBUG   : process class started (no child)
2017-10-15 09:27:14,573: control.pubsub.sub.0000: umgr.scheduling.0               : MainThread     : INFO    : python.interpreter   version: 2.7.12 (default, Nov 19 2016, 06:48:10) [GCC 5.4.0 20160609]
2017-10-15 09:27:14,573: control.pubsub.sub.0000: umgr.scheduling.0               : MainThread     : INFO    :                      pid: 9607
2017-10-15 09:27:14,574: control.pubsub.sub.0000: umgr.scheduling.0               : MainThread     : INFO    :                      tid: MainThread
2017-10-15 09:27:14,574: control.pubsub.sub.0000: umgr.scheduling.0               : MainThread     : INFO    : radical.pilot        version: 0.46-v0.46.RC2@devel
2017-10-15 09:27:14,574: control.pubsub.sub.0000: umgr.scheduling.0               : MainThread     : INFO    : create control_pubsub - sub - tcp://172.30.238.6:43917
2017-10-15 09:27:14,574: control.pubsub.sub.0000: umgr.scheduling.0               : MainThread     : DEBUG   : start process
2017-10-15 09:27:14,575: control.pubsub.sub.0000: umgr.scheduling.0               : MainThread     : DEBUG   : ru_initialize_common (NOOP)
2017-10-15 09:27:14,575: control.pubsub.sub.0000: umgr.scheduling.0               : MainThread     : DEBUG   : ru_initialize_parent (NOOP)
2017-10-15 09:27:14,575: control.pubsub.sub.0000: umgr.scheduling.0               : MainThread     : DEBUG   : process class started (no child)
2017-10-15 09:28:02,235: control.pubsub.sub.0000: umgr.staging.output.0           : MainThread     : INFO    : parent stops child
2017-10-15 09:28:02,235: control.pubsub.sub.0000: umgr.staging.output.0           : MainThread     : DEBUG   : ru_finalize_parent (NOOP)
2017-10-15 09:28:02,333: control.pubsub.sub.0000: umgr.staging.input.0            : MainThread     : INFO    : parent stops child
2017-10-15 09:28:02,333: control.pubsub.sub.0000: umgr.staging.input.0            : MainThread     : DEBUG   : ru_finalize_parent (NOOP)
2017-10-15 09:28:02,400: control.pubsub.sub.0000: umgr.scheduling.0               : MainThread     : INFO    : parent stops child
2017-10-15 09:28:02,400: control.pubsub.sub.0000: umgr.scheduling.0               : MainThread     : DEBUG   : ru_finalize_parent (NOOP)
