2017-08-22 12:51:22,672: pmgr.launching.0    : MainProcess                     : MainThread     : INFO    : python.interpreter   version: 2.7.12 (default, Nov 19 2016, 06:48:10) [GCC 5.4.0 20160609]
2017-08-22 12:51:22,672: pmgr.launching.0    : MainProcess                     : MainThread     : INFO    :                      pid: 7331
2017-08-22 12:51:22,673: pmgr.launching.0    : MainProcess                     : MainThread     : INFO    :                      tid: MainThread
2017-08-22 12:51:22,673: pmgr.launching.0    : MainProcess                     : MainThread     : INFO    : radical.pilot        version: 0.46-v0.46.RC2@devel
2017-08-22 12:51:23,688: pmgr.launching.0    : MainProcess                     : MainThread     : DEBUG   : alive check in term
2017-08-22 12:51:23,688: pmgr.launching.0    : MainProcess                     : MainThread     : DEBUG   : start process
2017-08-22 12:51:24,782: pmgr.launching.0    : MainProcess                     : MainThread     : INFO    : recv message: alive
2017-08-22 12:51:24,782: pmgr.launching.0    : MainProcess                     : MainThread     : INFO    : initialize pmgr.launching.0
2017-08-22 12:51:24,785: pmgr.launching.0    : MainProcess                     : MainThread     : INFO    : cfg: {'agents': {},
 u'bridges': {u'control_pubsub': {'addr_in': 'tcp://172.30.238.6:43927',
                                  'addr_out': 'tcp://172.30.238.6:42310',
                                  u'bulk_size': 0,
                                  u'log_level': u'debug',
                                  u'stall_hwm': 1},
              u'log_pubsub': {'addr_in': 'tcp://172.30.238.6:44700',
                              'addr_out': 'tcp://172.30.238.6:44936',
                              u'bulk_size': 0,
                              u'log_level': u'debug',
                              u'stall_hwm': 1},
              u'pmgr_launching_queue': {'addr_in': 'tcp://172.30.238.6:44740',
                                        'addr_out': 'tcp://172.30.238.6:45466',
                                        u'bulk_size': 0,
                                        u'log_level': u'debug',
                                        u'stall_hwm': 1},
              u'state_pubsub': {'addr_in': 'tcp://172.30.238.6:41319',
                                'addr_out': 'tcp://172.30.238.6:39173',
                                u'bulk_size': 0,
                                u'log_level': u'debug',
                                u'stall_hwm': 1}},
 'cname': u'PMGRLaunchingComponent',
 u'components': {},
 u'count': 1,
 u'db_poll_sleeptime': 1.0,
 'number': 0,
 'owner': 'pmgr.0000',
 'uid': 'pmgr.0000'}
2017-08-22 12:51:24,785: pmgr.launching.0    : MainProcess                     : MainThread     : DEBUG   : alive check in term
2017-08-22 12:51:24,786: pmgr.launching.0    : MainProcess                     : MainThread     : DEBUG   : START: pmgr.launching.0 register publisher log_pubsub
2017-08-22 12:51:24,786: pmgr.launching.0    : MainProcess                     : MainThread     : DEBUG   : using addr tcp://172.30.238.6:44700 for pubsub log_pubsub
2017-08-22 12:51:24,788: pmgr.launching.0    : MainProcess                     : MainThread     : DEBUG   : registered publisher : log_pubsub : log.pubsub.pub.0001
2017-08-22 12:51:24,789: pmgr.launching.0    : MainProcess                     : MainThread     : DEBUG   : alive check in term
2017-08-22 12:51:24,789: pmgr.launching.0    : MainProcess                     : MainThread     : DEBUG   : START: pmgr.launching.0 register publisher state_pubsub
2017-08-22 12:51:24,789: pmgr.launching.0    : MainProcess                     : MainThread     : DEBUG   : using addr tcp://172.30.238.6:41319 for pubsub state_pubsub
2017-08-22 12:51:24,791: pmgr.launching.0    : MainProcess                     : MainThread     : DEBUG   : registered publisher : state_pubsub : state.pubsub.pub.0001
2017-08-22 12:51:24,791: pmgr.launching.0    : MainProcess                     : MainThread     : DEBUG   : alive check in term
2017-08-22 12:51:24,791: pmgr.launching.0    : MainProcess                     : MainThread     : DEBUG   : START: pmgr.launching.0 register publisher control_pubsub
2017-08-22 12:51:24,792: pmgr.launching.0    : MainProcess                     : MainThread     : DEBUG   : using addr tcp://172.30.238.6:43927 for pubsub control_pubsub
2017-08-22 12:51:24,794: pmgr.launching.0    : MainProcess                     : MainThread     : DEBUG   : registered publisher : control_pubsub : control.pubsub.pub.0001
2017-08-22 12:51:24,794: pmgr.launching.0    : MainProcess                     : MainThread     : DEBUG   : parent name: pmgr.launching.0.watch
2017-08-22 12:51:24,795: pmgr.launching.0    : MainProcess                     : MainThread     : DEBUG   : start thread
2017-08-22 12:51:24,795: pmgr.launching.0    : MainProcess                     : pmgr.launching.0.watch: DEBUG   : child name: pmgr.launching.0.watch.thread
2017-08-22 12:51:24,795: pmgr.launching.0    : MainProcess                     : pmgr.launching.0.watch: INFO    : child (me) initializing
2017-08-22 12:51:24,795: pmgr.launching.0    : MainProcess                     : pmgr.launching.0.watch: DEBUG   : ru_initialize_common (NOOP)
2017-08-22 12:51:24,795: pmgr.launching.0    : MainProcess                     : pmgr.launching.0.watch: DEBUG   : ru_initialize_child (NOOP)
2017-08-22 12:51:24,796: pmgr.launching.0    : MainProcess                     : pmgr.launching.0.watch: INFO    : send alive
2017-08-22 12:51:24,796: pmgr.launching.0    : MainProcess                     : pmgr.launching.0.watch: INFO    : put message: [pmgr.launching.0.watch.thread] alive
2017-08-22 12:51:24,796: pmgr.launching.0    : MainProcess                     : MainThread     : INFO    : get msg: alive
2017-08-22 12:51:24,796: pmgr.launching.0    : MainProcess                     : MainThread     : DEBUG   : ru_initialize_common (NOOP)
2017-08-22 12:51:24,796: pmgr.launching.0    : MainProcess                     : MainThread     : DEBUG   : ru_initialize_parent (NOOP)
2017-08-22 12:51:24,797: pmgr.launching.0    : MainProcess                     : MainThread     : DEBUG   : child thread pmgr.launching.0.watch started
2017-08-22 12:51:24,797: pmgr.launching.0    : MainProcess                     : MainThread     : INFO    : child is alive
2017-08-22 12:51:24,797: pmgr.launching.0    : MainProcess                     : MainThread     : DEBUG   : process class started child
2017-08-22 12:52:35,511: pmgr.launching.0    : MainProcess                     : MainThread     : INFO    : stop pmgr.launching.0 (7331 : 7442 : MainThread) [radical.pilot.pilot_manager.PilotManager.finalize_parent]
2017-08-22 12:52:35,511: pmgr.launching.0    : MainProcess                     : MainThread     : INFO    : parent stops child
2017-08-22 12:52:35,511: pmgr.launching.0    : MainProcess                     : MainThread     : DEBUG   : ru_finalize_common()
2017-08-22 12:52:35,512: pmgr.launching.0    : MainProcess                     : MainThread     : DEBUG   : TERM : pmgr.launching.0 unregister publisher log_pubsub
2017-08-22 12:52:35,512: pmgr.launching.0    : MainProcess                     : MainThread     : DEBUG   : unregistered publisher log_pubsub
2017-08-22 12:52:35,512: pmgr.launching.0    : MainProcess                     : MainThread     : DEBUG   : TERM : pmgr.launching.0 unregister publisher state_pubsub
2017-08-22 12:52:35,513: pmgr.launching.0    : MainProcess                     : MainThread     : DEBUG   : unregistered publisher state_pubsub
2017-08-22 12:52:35,513: pmgr.launching.0    : MainProcess                     : MainThread     : DEBUG   : TERM : pmgr.launching.0 unregister publisher control_pubsub
2017-08-22 12:52:35,513: pmgr.launching.0    : MainProcess                     : MainThread     : DEBUG   : unregistered publisher control_pubsub
2017-08-22 12:52:35,513: pmgr.launching.0    : MainProcess                     : MainThread     : DEBUG   : pmgr.launching.0 close prof
2017-08-22 12:52:35,514: pmgr.launching.0    : MainProcess                     : MainThread     : INFO    : parent stops child
2017-08-22 12:52:35,514: pmgr.launching.0    : MainProcess                     : MainThread     : DEBUG   : ru_finalize_parent (NOOP)
2017-08-22 12:52:35,514: pmgr.launching.0    : MainProcess                     : MainThread     : DEBUG   : ru_finalize_common (NOOP)
2017-08-22 12:52:35,515: pmgr.launching.0    : MainProcess                     : pmgr.launching.0.watch: INFO    : watcher closes
2017-08-22 12:52:35,515: pmgr.launching.0    : MainProcess                     : pmgr.launching.0.watch: INFO    : put message: [pmgr.launching.0.watch.thread] work finished
2017-08-22 12:52:35,515: pmgr.launching.0    : MainProcess                     : pmgr.launching.0.watch: DEBUG   : ru_finalize_child (NOOP)
2017-08-22 12:52:35,515: pmgr.launching.0    : MainProcess                     : pmgr.launching.0.watch: DEBUG   : ru_finalize_common (NOOP)
2017-08-22 12:52:35,516: pmgr.launching.0    : MainProcess                     : pmgr.launching.0.watch: INFO    : put message: [pmgr.launching.0.watch.thread] terminating
2017-08-22 12:52:35,617: pmgr.launching.0    : MainProcess                     : MainThread     : WARNING : failed to stop child - terminate
2017-08-22 12:52:35,847: pmgr.launching.0    : MainProcess                     : MainThread     : INFO    : stop pmgr.launching.0 (7331 : 7442 : MainThread) [radical.pilot.utils.component.PilotManager.ru_finalize_common]
2017-08-22 12:52:36,478: pmgr.launching.0    : MainProcess                     : MainThread     : INFO    : stop pmgr.launching.0 (7331 : 7442 : MainThread) [radical.pilot.session.Session.close]
