2017-10-12 16:35:53,993: log.pubsub.pub.0000 : update.0                        : MainThread     : INFO    : python.interpreter   version: 2.7.9 (default, May 6 2016, 10:34:30) [GCC 4.9.0 20140422 (Cray Inc.)]
2017-10-12 16:35:53,994: log.pubsub.pub.0000 : update.0                        : MainThread     : INFO    :                      pid: 31161
2017-10-12 16:35:53,994: log.pubsub.pub.0000 : update.0                        : MainThread     : INFO    :                      tid: MainThread
2017-10-12 16:35:53,995: log.pubsub.pub.0000 : update.0                        : MainThread     : INFO    : radical.pilot        version: 0.47-v0.46.2-15-g62a193b@devel
2017-10-12 16:35:53,995: log.pubsub.pub.0000 : update.0                        : MainThread     : INFO    : create log_pubsub - pub - tcp://160.91.205.198:41868
2017-10-12 16:35:53,996: log.pubsub.pub.0000 : update.0                        : MainThread     : DEBUG   : start process
2017-10-12 16:35:53,996: log.pubsub.pub.0000 : update.0                        : MainThread     : DEBUG   : ru_initialize_common (NOOP)
2017-10-12 16:35:53,996: log.pubsub.pub.0000 : update.0                        : MainThread     : DEBUG   : ru_initialize_parent (NOOP)
2017-10-12 16:35:53,996: log.pubsub.pub.0000 : update.0                        : MainThread     : DEBUG   : process class started (no child)
2017-10-12 16:35:54,194: log.pubsub.pub.0000 : MainProcess                     : MainThread     : INFO    : python.interpreter   version: 2.7.9 (default, May 6 2016, 10:34:30) [GCC 4.9.0 20140422 (Cray Inc.)]
2017-10-12 16:35:54,195: log.pubsub.pub.0000 : MainProcess                     : MainThread     : INFO    :                      pid: 31098
2017-10-12 16:35:54,195: log.pubsub.pub.0000 : MainProcess                     : MainThread     : INFO    :                      tid: MainThread
2017-10-12 16:35:54,196: log.pubsub.pub.0000 : MainProcess                     : MainThread     : INFO    : radical.pilot        version: 0.47-v0.46.2-15-g62a193b@devel
2017-10-12 16:35:54,196: log.pubsub.pub.0000 : MainProcess                     : MainThread     : INFO    : create log_pubsub - pub - tcp://160.91.205.198:41868
2017-10-12 16:35:54,196: log.pubsub.pub.0000 : MainProcess                     : MainThread     : DEBUG   : start process
2017-10-12 16:35:54,197: log.pubsub.pub.0000 : MainProcess                     : MainThread     : DEBUG   : ru_initialize_common (NOOP)
2017-10-12 16:35:54,197: log.pubsub.pub.0000 : MainProcess                     : MainThread     : DEBUG   : ru_initialize_parent (NOOP)
2017-10-12 16:35:54,197: log.pubsub.pub.0000 : MainProcess                     : MainThread     : DEBUG   : process class started (no child)
2017-10-12 16:40:37,864: log.pubsub.pub.0000 : MainProcess                     : MainThread     : INFO    : parent stops child
2017-10-12 16:40:37,864: log.pubsub.pub.0000 : MainProcess                     : MainThread     : DEBUG   : ru_finalize_parent (NOOP)
