2017-10-12 16:35:53,818: update.0            : MainProcess                     : MainThread     : INFO    : python.interpreter   version: 2.7.9 (default, May 6 2016, 10:34:30) [GCC 4.9.0 20140422 (Cray Inc.)]
2017-10-12 16:35:53,819: update.0            : MainProcess                     : MainThread     : INFO    :                      pid: 31098
2017-10-12 16:35:53,819: update.0            : MainProcess                     : MainThread     : INFO    :                      tid: MainThread
2017-10-12 16:35:53,820: update.0            : MainProcess                     : MainThread     : INFO    : radical.pilot        version: 0.47-v0.46.2-15-g62a193b@devel
2017-10-12 16:35:53,932: update.0            : MainProcess                     : MainThread     : DEBUG   : alive check in term
2017-10-12 16:35:53,933: update.0            : MainProcess                     : MainThread     : DEBUG   : start process
2017-10-12 16:35:54,188: update.0            : MainProcess                     : MainThread     : INFO    : recv message: alive
2017-10-12 16:35:54,189: update.0            : MainProcess                     : MainThread     : INFO    : initialize update.0
2017-10-12 16:35:54,192: update.0            : MainProcess                     : MainThread     : INFO    : cfg: {'agents': {},
 u'bridges': {u'control_pubsub': {'addr_in': 'tcp://160.91.205.198:45486',
                                  'addr_out': 'tcp://160.91.205.198:35029',
                                  u'bulk_size': 0,
                                  u'log_level': u'debug',
                                  u'stall_hwm': 1},
              u'log_pubsub': {'addr_in': 'tcp://160.91.205.198:41868',
                              'addr_out': 'tcp://160.91.205.198:52971',
                              u'bulk_size': 0,
                              u'log_level': u'debug',
                              u'stall_hwm': 1},
              u'state_pubsub': {'addr_in': 'tcp://160.91.205.198:42895',
                                'addr_out': 'tcp://160.91.205.198:55574',
                                u'bulk_size': 0,
                                u'log_level': u'debug',
                                u'stall_hwm': 1}},
 'cname': u'UpdateWorker',
 u'components': {},
 u'count': 1,
 'dburl': 'mongodb://user:user@ds135444.mlab.com:35444/exp-5-2-2-3',
 'debug': 'DEBUG',
 u'default_dburl': u'mongodb://rp:rp@ds015335.mlab.com:15335/rp',
 'logdir': '/autofs/nccs-svm1_home1/vivekb/repos/entk-experiments/exp-5-2-2-3/bin/rp.session.titan-ext1.vivekb.017451.0013',
 'number': 0,
 'owner': 'rp.session.titan-ext1.vivekb.017451.0013',
 'session_id': 'rp.session.titan-ext1.vivekb.017451.0013'}
2017-10-12 16:35:54,192: update.0            : MainProcess                     : MainThread     : DEBUG   : alive check in term
2017-10-12 16:35:54,192: update.0            : MainProcess                     : MainThread     : DEBUG   : START: update.0 register publisher log_pubsub
2017-10-12 16:35:54,192: update.0            : MainProcess                     : MainThread     : DEBUG   : using addr tcp://160.91.205.198:41868 for pubsub log_pubsub
2017-10-12 16:35:54,197: update.0            : MainProcess                     : MainThread     : DEBUG   : registered publisher : log_pubsub : log.pubsub.pub.0000
2017-10-12 16:35:54,197: update.0            : MainProcess                     : MainThread     : DEBUG   : alive check in term
2017-10-12 16:35:54,197: update.0            : MainProcess                     : MainThread     : DEBUG   : START: update.0 register publisher state_pubsub
2017-10-12 16:35:54,197: update.0            : MainProcess                     : MainThread     : DEBUG   : using addr tcp://160.91.205.198:42895 for pubsub state_pubsub
2017-10-12 16:35:54,201: update.0            : MainProcess                     : MainThread     : DEBUG   : registered publisher : state_pubsub : state.pubsub.pub.0000
2017-10-12 16:35:54,201: update.0            : MainProcess                     : MainThread     : DEBUG   : alive check in term
2017-10-12 16:35:54,201: update.0            : MainProcess                     : MainThread     : DEBUG   : START: update.0 register publisher control_pubsub
2017-10-12 16:35:54,201: update.0            : MainProcess                     : MainThread     : DEBUG   : using addr tcp://160.91.205.198:45486 for pubsub control_pubsub
2017-10-12 16:35:54,206: update.0            : MainProcess                     : MainThread     : DEBUG   : registered publisher : control_pubsub : control.pubsub.pub.0000
2017-10-12 16:35:54,206: update.0            : MainProcess                     : MainThread     : DEBUG   : parent name: update.0.watch
2017-10-12 16:35:54,206: update.0            : MainProcess                     : MainThread     : DEBUG   : start thread
2017-10-12 16:35:54,206: update.0            : MainProcess                     : update.0.watch : DEBUG   : child name: update.0.watch.thread
2017-10-12 16:35:54,207: update.0            : MainProcess                     : update.0.watch : INFO    : child (me) initializing
2017-10-12 16:35:54,207: update.0            : MainProcess                     : update.0.watch : DEBUG   : ru_initialize_common (NOOP)
2017-10-12 16:35:54,207: update.0            : MainProcess                     : update.0.watch : DEBUG   : ru_initialize_child (NOOP)
2017-10-12 16:35:54,207: update.0            : MainProcess                     : update.0.watch : INFO    : send alive
2017-10-12 16:35:54,207: update.0            : MainProcess                     : update.0.watch : INFO    : put message: [update.0.watch.thread] alive
2017-10-12 16:35:54,208: update.0            : MainProcess                     : MainThread     : INFO    : get msg: alive
2017-10-12 16:35:54,208: update.0            : MainProcess                     : MainThread     : DEBUG   : ru_initialize_common (NOOP)
2017-10-12 16:35:54,208: update.0            : MainProcess                     : MainThread     : DEBUG   : ru_initialize_parent (NOOP)
2017-10-12 16:35:54,208: update.0            : MainProcess                     : MainThread     : DEBUG   : child thread update.0.watch started
2017-10-12 16:35:54,208: update.0            : MainProcess                     : MainThread     : INFO    : child is alive
2017-10-12 16:35:54,208: update.0            : MainProcess                     : MainThread     : DEBUG   : process class started child
2017-10-12 16:40:37,863: update.0            : MainProcess                     : MainThread     : INFO    : stop update.0 (31098 : 31161 : MainThread) [radical.pilot.worker.update.Update.stop]
2017-10-12 16:40:37,864: update.0            : MainProcess                     : MainThread     : INFO    : parent stops child
2017-10-12 16:40:37,864: update.0            : MainProcess                     : MainThread     : DEBUG   : ru_finalize_common()
2017-10-12 16:40:37,864: update.0            : MainProcess                     : MainThread     : DEBUG   : TERM : update.0 unregister publisher log_pubsub
2017-10-12 16:40:37,865: update.0            : MainProcess                     : MainThread     : DEBUG   : unregistered publisher log_pubsub
2017-10-12 16:40:37,865: update.0            : MainProcess                     : MainThread     : DEBUG   : TERM : update.0 unregister publisher state_pubsub
2017-10-12 16:40:37,866: update.0            : MainProcess                     : MainThread     : DEBUG   : unregistered publisher state_pubsub
2017-10-12 16:40:37,866: update.0            : MainProcess                     : MainThread     : DEBUG   : TERM : update.0 unregister publisher control_pubsub
2017-10-12 16:40:37,867: update.0            : MainProcess                     : MainThread     : DEBUG   : unregistered publisher control_pubsub
2017-10-12 16:40:37,867: update.0            : MainProcess                     : MainThread     : DEBUG   : update.0 close prof
2017-10-12 16:40:37,868: update.0            : MainProcess                     : MainThread     : INFO    : parent stops child
2017-10-12 16:40:37,868: update.0            : MainProcess                     : MainThread     : DEBUG   : ru_finalize_parent (NOOP)
2017-10-12 16:40:37,868: update.0            : MainProcess                     : MainThread     : DEBUG   : ru_finalize_common (NOOP)
2017-10-12 16:40:37,871: update.0            : MainProcess                     : update.0.watch : INFO    : watcher closes
2017-10-12 16:40:37,871: update.0            : MainProcess                     : update.0.watch : INFO    : put message: [update.0.watch.thread] work finished
2017-10-12 16:40:37,871: update.0            : MainProcess                     : update.0.watch : DEBUG   : ru_finalize_child (NOOP)
2017-10-12 16:40:37,871: update.0            : MainProcess                     : update.0.watch : DEBUG   : ru_finalize_common (NOOP)
2017-10-12 16:40:37,872: update.0            : MainProcess                     : update.0.watch : INFO    : put message: [update.0.watch.thread] terminating
2017-10-12 16:40:37,972: update.0            : MainProcess                     : MainThread     : WARNING : failed to stop child - terminate
2017-10-12 16:40:38,397: update.0            : MainProcess                     : MainThread     : INFO    : stop update.0 (31098 : 31161 : MainThread) [radical.pilot.worker.update.Update.stop]
