2017-08-22 18:29:02,368: log.pubsub.pub.0000 : update.0                        : MainThread     : INFO    : python.interpreter   version: 2.7.12 (default, Nov 19 2016, 06:48:10) [GCC 5.4.0 20160609]
2017-08-22 18:29:02,368: log.pubsub.pub.0000 : update.0                        : MainThread     : INFO    :                      pid: 15806
2017-08-22 18:29:02,369: log.pubsub.pub.0000 : update.0                        : MainThread     : INFO    :                      tid: MainThread
2017-08-22 18:29:02,369: log.pubsub.pub.0000 : update.0                        : MainThread     : INFO    : radical.pilot        version: 0.46-v0.46.RC2@devel
2017-08-22 18:29:02,369: log.pubsub.pub.0000 : update.0                        : MainThread     : INFO    : create log_pubsub - pub - tcp://172.30.238.6:33422
2017-08-22 18:29:02,370: log.pubsub.pub.0000 : update.0                        : MainThread     : DEBUG   : start process
2017-08-22 18:29:02,371: log.pubsub.pub.0000 : update.0                        : MainThread     : DEBUG   : ru_initialize_common (NOOP)
2017-08-22 18:29:02,371: log.pubsub.pub.0000 : update.0                        : MainThread     : DEBUG   : ru_initialize_parent (NOOP)
2017-08-22 18:29:02,371: log.pubsub.pub.0000 : update.0                        : MainThread     : DEBUG   : process class started (no child)
2017-08-22 18:29:02,723: log.pubsub.pub.0000 : MainProcess                     : MainThread     : INFO    : python.interpreter   version: 2.7.12 (default, Nov 19 2016, 06:48:10) [GCC 5.4.0 20160609]
2017-08-22 18:29:02,723: log.pubsub.pub.0000 : MainProcess                     : MainThread     : INFO    :                      pid: 15732
2017-08-22 18:29:02,723: log.pubsub.pub.0000 : MainProcess                     : MainThread     : INFO    :                      tid: MainThread
2017-08-22 18:29:02,724: log.pubsub.pub.0000 : MainProcess                     : MainThread     : INFO    : radical.pilot        version: 0.46-v0.46.RC2@devel
2017-08-22 18:29:02,724: log.pubsub.pub.0000 : MainProcess                     : MainThread     : INFO    : create log_pubsub - pub - tcp://172.30.238.6:33422
2017-08-22 18:29:02,725: log.pubsub.pub.0000 : MainProcess                     : MainThread     : DEBUG   : start process
2017-08-22 18:29:02,725: log.pubsub.pub.0000 : MainProcess                     : MainThread     : DEBUG   : ru_initialize_common (NOOP)
2017-08-22 18:29:02,725: log.pubsub.pub.0000 : MainProcess                     : MainThread     : DEBUG   : ru_initialize_parent (NOOP)
2017-08-22 18:29:02,725: log.pubsub.pub.0000 : MainProcess                     : MainThread     : DEBUG   : process class started (no child)
2017-08-22 19:01:53,195: log.pubsub.pub.0000 : MainProcess                     : MainThread     : INFO    : parent stops child
2017-08-22 19:01:53,196: log.pubsub.pub.0000 : MainProcess                     : MainThread     : DEBUG   : ru_finalize_parent (NOOP)
