2017-08-14 19:33:48,872: control.pubsub.pub.0000: update.0                        : MainThread     : INFO    : python.interpreter   version: 2.7.12 (default, Nov 19 2016, 06:48:10) [GCC 5.4.0 20160609]
2017-08-14 19:33:48,872: control.pubsub.pub.0000: update.0                        : MainThread     : INFO    :                      pid: 19609
2017-08-14 19:33:48,873: control.pubsub.pub.0000: update.0                        : MainThread     : INFO    :                      tid: MainThread
2017-08-14 19:33:48,873: control.pubsub.pub.0000: update.0                        : MainThread     : INFO    : radical.pilot        version: 0.46-v0.46.RC2@devel
2017-08-14 19:33:48,873: control.pubsub.pub.0000: update.0                        : MainThread     : INFO    : create control_pubsub - pub - tcp://138.201.86.166:37588
2017-08-14 19:33:48,891: control.pubsub.pub.0000: update.0                        : MainThread     : DEBUG   : start process
2017-08-14 19:33:48,891: control.pubsub.pub.0000: update.0                        : MainThread     : DEBUG   : ru_initialize_common (NOOP)
2017-08-14 19:33:48,892: control.pubsub.pub.0000: update.0                        : MainThread     : DEBUG   : ru_initialize_parent (NOOP)
2017-08-14 19:33:48,892: control.pubsub.pub.0000: update.0                        : MainThread     : DEBUG   : process class started (no child)
2017-08-14 19:33:49,461: control.pubsub.pub.0000: MainProcess                     : MainThread     : INFO    : python.interpreter   version: 2.7.12 (default, Nov 19 2016, 06:48:10) [GCC 5.4.0 20160609]
2017-08-14 19:33:49,461: control.pubsub.pub.0000: MainProcess                     : MainThread     : INFO    :                      pid: 19570
2017-08-14 19:33:49,462: control.pubsub.pub.0000: MainProcess                     : MainThread     : INFO    :                      tid: MainThread
2017-08-14 19:33:49,462: control.pubsub.pub.0000: MainProcess                     : MainThread     : INFO    : radical.pilot        version: 0.46-v0.46.RC2@devel
2017-08-14 19:33:49,462: control.pubsub.pub.0000: MainProcess                     : MainThread     : INFO    : create control_pubsub - pub - tcp://138.201.86.166:37588
2017-08-14 19:33:49,463: control.pubsub.pub.0000: MainProcess                     : MainThread     : DEBUG   : start process
2017-08-14 19:33:49,463: control.pubsub.pub.0000: MainProcess                     : MainThread     : DEBUG   : ru_initialize_common (NOOP)
2017-08-14 19:33:49,463: control.pubsub.pub.0000: MainProcess                     : MainThread     : DEBUG   : ru_initialize_parent (NOOP)
2017-08-14 19:33:49,463: control.pubsub.pub.0000: MainProcess                     : MainThread     : DEBUG   : process class started (no child)
2017-08-14 19:56:25,148: control.pubsub.pub.0000: MainProcess                     : MainThread     : INFO    : parent stops child
2017-08-14 19:56:25,148: control.pubsub.pub.0000: MainProcess                     : MainThread     : DEBUG   : ru_finalize_parent (NOOP)
