2017-09-08 11:38:37,167: rp.session.js-17-212.jetstream-cloud.org.vivek91.017417.0009: MainProcess                     : MainThread     : INFO    : python.interpreter   version: 2.7.12 (default, Nov 19 2016, 06:48:10) [GCC 5.4.0 20160609]
2017-09-08 11:38:37,168: rp.session.js-17-212.jetstream-cloud.org.vivek91.017417.0009: MainProcess                     : MainThread     : INFO    :                      pid: 16947
2017-09-08 11:38:37,168: rp.session.js-17-212.jetstream-cloud.org.vivek91.017417.0009: MainProcess                     : MainThread     : INFO    :                      tid: MainThread
2017-09-08 11:38:37,168: rp.session.js-17-212.jetstream-cloud.org.vivek91.017417.0009: MainProcess                     : MainThread     : INFO    : radical.pilot        version: 0.46-v0.46.RC2@devel
2017-09-08 11:38:37,168: rp.session.js-17-212.jetstream-cloud.org.vivek91.017417.0009: MainProcess                     : MainThread     : INFO    : using database mongodb://user:user@ds153652.mlab.com:53652/test_08_08
2017-09-08 11:38:38,226: rp.session.js-17-212.jetstream-cloud.org.vivek91.017417.0009: MainProcess                     : MainThread     : INFO    : Load resource configurations from /home/vivek91/ves/entk-exp/local/lib/python2.7/site-packages/radical/pilot/configs/resource_ncsa.json
2017-09-08 11:38:38,239: rp.session.js-17-212.jetstream-cloud.org.vivek91.017417.0009: MainProcess                     : MainThread     : INFO    : Load resource configurations for ncsa.bw_orte
2017-09-08 11:38:38,240: rp.session.js-17-212.jetstream-cloud.org.vivek91.017417.0009: MainProcess                     : MainThread     : INFO    : Load resource configurations for ncsa.bw_ccm_ssh
2017-09-08 11:38:38,240: rp.session.js-17-212.jetstream-cloud.org.vivek91.017417.0009: MainProcess                     : MainThread     : INFO    : Load resource configurations for ncsa.bw_ortelib
2017-09-08 11:38:38,241: rp.session.js-17-212.jetstream-cloud.org.vivek91.017417.0009: MainProcess                     : MainThread     : INFO    : Load resource configurations for ncsa.bw_aprun
2017-09-08 11:38:38,242: rp.session.js-17-212.jetstream-cloud.org.vivek91.017417.0009: MainProcess                     : MainThread     : INFO    : Load resource configurations for ncsa.bw_local_orte
2017-09-08 11:38:38,242: rp.session.js-17-212.jetstream-cloud.org.vivek91.017417.0009: MainProcess                     : MainThread     : INFO    : Load resource configurations from /home/vivek91/ves/entk-exp/local/lib/python2.7/site-packages/radical/pilot/configs/resource_iu.json
2017-09-08 11:38:38,249: rp.session.js-17-212.jetstream-cloud.org.vivek91.017417.0009: MainProcess                     : MainThread     : INFO    : Load resource configurations for iu.bigred2_ccm_ssh
2017-09-08 11:38:38,249: rp.session.js-17-212.jetstream-cloud.org.vivek91.017417.0009: MainProcess                     : MainThread     : INFO    : Load resource configurations for iu.bigred2_aprun
2017-09-08 11:38:38,250: rp.session.js-17-212.jetstream-cloud.org.vivek91.017417.0009: MainProcess                     : MainThread     : INFO    : Load resource configurations from /home/vivek91/ves/entk-exp/local/lib/python2.7/site-packages/radical/pilot/configs/resource_osg.json
2017-09-08 11:38:38,255: rp.session.js-17-212.jetstream-cloud.org.vivek91.017417.0009: MainProcess                     : MainThread     : INFO    : Load resource configurations for osg.xsede-virt-clust
2017-09-08 11:38:38,255: rp.session.js-17-212.jetstream-cloud.org.vivek91.017417.0009: MainProcess                     : MainThread     : INFO    : Load resource configurations for osg.connect
2017-09-08 11:38:38,256: rp.session.js-17-212.jetstream-cloud.org.vivek91.017417.0009: MainProcess                     : MainThread     : INFO    : Load resource configurations from /home/vivek91/ves/entk-exp/local/lib/python2.7/site-packages/radical/pilot/configs/resource_yale.json
2017-09-08 11:38:38,258: rp.session.js-17-212.jetstream-cloud.org.vivek91.017417.0009: MainProcess                     : MainThread     : INFO    : Load resource configurations for yale.grace_ssh
2017-09-08 11:38:38,258: rp.session.js-17-212.jetstream-cloud.org.vivek91.017417.0009: MainProcess                     : MainThread     : INFO    : Load resource configurations from /home/vivek91/ves/entk-exp/local/lib/python2.7/site-packages/radical/pilot/configs/resource_lumc.json
2017-09-08 11:38:38,263: rp.session.js-17-212.jetstream-cloud.org.vivek91.017417.0009: MainProcess                     : MainThread     : INFO    : Load resource configurations for lumc.gb-ui_ssh
2017-09-08 11:38:38,263: rp.session.js-17-212.jetstream-cloud.org.vivek91.017417.0009: MainProcess                     : MainThread     : INFO    : Load resource configurations for lumc.shark_ssh
2017-09-08 11:38:38,264: rp.session.js-17-212.jetstream-cloud.org.vivek91.017417.0009: MainProcess                     : MainThread     : INFO    : Load resource configurations from /home/vivek91/ves/entk-exp/local/lib/python2.7/site-packages/radical/pilot/configs/resource_ornl.json
2017-09-08 11:38:38,270: rp.session.js-17-212.jetstream-cloud.org.vivek91.017417.0009: MainProcess                     : MainThread     : INFO    : Load resource configurations for ornl.titan_orte
2017-09-08 11:38:38,271: rp.session.js-17-212.jetstream-cloud.org.vivek91.017417.0009: MainProcess                     : MainThread     : INFO    : Load resource configurations for ornl.titan_aprun
2017-09-08 11:38:38,271: rp.session.js-17-212.jetstream-cloud.org.vivek91.017417.0009: MainProcess                     : MainThread     : INFO    : Load resource configurations for ornl.titan_ortelib
2017-09-08 11:38:38,272: rp.session.js-17-212.jetstream-cloud.org.vivek91.017417.0009: MainProcess                     : MainThread     : INFO    : Load resource configurations from /home/vivek91/ves/entk-exp/local/lib/python2.7/site-packages/radical/pilot/configs/resource_stfc.json
2017-09-08 11:38:38,274: rp.session.js-17-212.jetstream-cloud.org.vivek91.017417.0009: MainProcess                     : MainThread     : INFO    : Load resource configurations for stfc.joule_runjob
2017-09-08 11:38:38,275: rp.session.js-17-212.jetstream-cloud.org.vivek91.017417.0009: MainProcess                     : MainThread     : INFO    : Load resource configurations from /home/vivek91/ves/entk-exp/local/lib/python2.7/site-packages/radical/pilot/configs/resource_radical.json
2017-09-08 11:38:38,280: rp.session.js-17-212.jetstream-cloud.org.vivek91.017417.0009: MainProcess                     : MainThread     : INFO    : Load resource configurations for radical.two
2017-09-08 11:38:38,280: rp.session.js-17-212.jetstream-cloud.org.vivek91.017417.0009: MainProcess                     : MainThread     : INFO    : Load resource configurations for radical.tutorial
2017-09-08 11:38:38,281: rp.session.js-17-212.jetstream-cloud.org.vivek91.017417.0009: MainProcess                     : MainThread     : INFO    : Load resource configurations for radical.one
2017-09-08 11:38:38,281: rp.session.js-17-212.jetstream-cloud.org.vivek91.017417.0009: MainProcess                     : MainThread     : INFO    : Load resource configurations from /home/vivek91/ves/entk-exp/local/lib/python2.7/site-packages/radical/pilot/configs/resource_das4.json
2017-09-08 11:38:38,283: rp.session.js-17-212.jetstream-cloud.org.vivek91.017417.0009: MainProcess                     : MainThread     : INFO    : Load resource configurations for das4.fs2_ssh
2017-09-08 11:38:38,283: rp.session.js-17-212.jetstream-cloud.org.vivek91.017417.0009: MainProcess                     : MainThread     : INFO    : Load resource configurations from /home/vivek91/ves/entk-exp/local/lib/python2.7/site-packages/radical/pilot/configs/resource_nersc.json
2017-09-08 11:38:38,294: rp.session.js-17-212.jetstream-cloud.org.vivek91.017417.0009: MainProcess                     : MainThread     : INFO    : Load resource configurations for nersc.edison_ccm_ssh
2017-09-08 11:38:38,295: rp.session.js-17-212.jetstream-cloud.org.vivek91.017417.0009: MainProcess                     : MainThread     : INFO    : Load resource configurations for nersc.hopper_orte
2017-09-08 11:38:38,295: rp.session.js-17-212.jetstream-cloud.org.vivek91.017417.0009: MainProcess                     : MainThread     : INFO    : Load resource configurations for nersc.hopper_ccm_ssh
2017-09-08 11:38:38,296: rp.session.js-17-212.jetstream-cloud.org.vivek91.017417.0009: MainProcess                     : MainThread     : INFO    : Load resource configurations for nersc.edison_aprun
2017-09-08 11:38:38,296: rp.session.js-17-212.jetstream-cloud.org.vivek91.017417.0009: MainProcess                     : MainThread     : INFO    : Load resource configurations for nersc.hopper_aprun
2017-09-08 11:38:38,296: rp.session.js-17-212.jetstream-cloud.org.vivek91.017417.0009: MainProcess                     : MainThread     : INFO    : Load resource configurations for nersc.edison_orte
2017-09-08 11:38:38,297: rp.session.js-17-212.jetstream-cloud.org.vivek91.017417.0009: MainProcess                     : MainThread     : INFO    : Load resource configurations from /home/vivek91/ves/entk-exp/local/lib/python2.7/site-packages/radical/pilot/configs/resource_xsede.json
2017-09-08 11:38:38,329: rp.session.js-17-212.jetstream-cloud.org.vivek91.017417.0009: MainProcess                     : MainThread     : INFO    : Load resource configurations for xsede.stampede2_ssh
2017-09-08 11:38:38,329: rp.session.js-17-212.jetstream-cloud.org.vivek91.017417.0009: MainProcess                     : MainThread     : INFO    : Load resource configurations for xsede.wrangler_spark
2017-09-08 11:38:38,330: rp.session.js-17-212.jetstream-cloud.org.vivek91.017417.0009: MainProcess                     : MainThread     : INFO    : Load resource configurations for xsede.stampede_yarn
2017-09-08 11:38:38,330: rp.session.js-17-212.jetstream-cloud.org.vivek91.017417.0009: MainProcess                     : MainThread     : INFO    : Load resource configurations for xsede.gordon_ssh
2017-09-08 11:38:38,331: rp.session.js-17-212.jetstream-cloud.org.vivek91.017417.0009: MainProcess                     : MainThread     : INFO    : Load resource configurations for xsede.stampede_ssh
2017-09-08 11:38:38,331: rp.session.js-17-212.jetstream-cloud.org.vivek91.017417.0009: MainProcess                     : MainThread     : INFO    : Load resource configurations for xsede.lonestar_ssh
2017-09-08 11:38:38,331: rp.session.js-17-212.jetstream-cloud.org.vivek91.017417.0009: MainProcess                     : MainThread     : INFO    : Load resource configurations for xsede.supermic_spark
2017-09-08 11:38:38,332: rp.session.js-17-212.jetstream-cloud.org.vivek91.017417.0009: MainProcess                     : MainThread     : INFO    : Load resource configurations for xsede.wrangler_ssh
2017-09-08 11:38:38,332: rp.session.js-17-212.jetstream-cloud.org.vivek91.017417.0009: MainProcess                     : MainThread     : INFO    : Load resource configurations for xsede.wrangler_yarn
2017-09-08 11:38:38,332: rp.session.js-17-212.jetstream-cloud.org.vivek91.017417.0009: MainProcess                     : MainThread     : INFO    : Load resource configurations for xsede.bridges
2017-09-08 11:38:38,333: rp.session.js-17-212.jetstream-cloud.org.vivek91.017417.0009: MainProcess                     : MainThread     : INFO    : Load resource configurations for xsede.supermic_ssh
2017-09-08 11:38:38,333: rp.session.js-17-212.jetstream-cloud.org.vivek91.017417.0009: MainProcess                     : MainThread     : INFO    : Load resource configurations for xsede.stampede_orte
2017-09-08 11:38:38,334: rp.session.js-17-212.jetstream-cloud.org.vivek91.017417.0009: MainProcess                     : MainThread     : INFO    : Load resource configurations for xsede.greenfield
2017-09-08 11:38:38,334: rp.session.js-17-212.jetstream-cloud.org.vivek91.017417.0009: MainProcess                     : MainThread     : INFO    : Load resource configurations for xsede.comet_spark
2017-09-08 11:38:38,334: rp.session.js-17-212.jetstream-cloud.org.vivek91.017417.0009: MainProcess                     : MainThread     : INFO    : Load resource configurations for xsede.trestles_ssh
2017-09-08 11:38:38,335: rp.session.js-17-212.jetstream-cloud.org.vivek91.017417.0009: MainProcess                     : MainThread     : INFO    : Load resource configurations for xsede.comet_ssh
2017-09-08 11:38:38,335: rp.session.js-17-212.jetstream-cloud.org.vivek91.017417.0009: MainProcess                     : MainThread     : INFO    : Load resource configurations for xsede.stampede_spark
2017-09-08 11:38:38,335: rp.session.js-17-212.jetstream-cloud.org.vivek91.017417.0009: MainProcess                     : MainThread     : INFO    : Load resource configurations for xsede.comet_orte
2017-09-08 11:38:38,336: rp.session.js-17-212.jetstream-cloud.org.vivek91.017417.0009: MainProcess                     : MainThread     : INFO    : Load resource configurations for xsede.comet_ortelib
2017-09-08 11:38:38,336: rp.session.js-17-212.jetstream-cloud.org.vivek91.017417.0009: MainProcess                     : MainThread     : INFO    : Load resource configurations for xsede.blacklight_ssh
2017-09-08 11:38:38,337: rp.session.js-17-212.jetstream-cloud.org.vivek91.017417.0009: MainProcess                     : MainThread     : INFO    : Load resource configurations for xsede.stampede_ortelib
2017-09-08 11:38:38,337: rp.session.js-17-212.jetstream-cloud.org.vivek91.017417.0009: MainProcess                     : MainThread     : INFO    : Load resource configurations from /home/vivek91/ves/entk-exp/local/lib/python2.7/site-packages/radical/pilot/configs/resource_chameleon.json
2017-09-08 11:38:38,338: rp.session.js-17-212.jetstream-cloud.org.vivek91.017417.0009: MainProcess                     : MainThread     : INFO    : Load resource configurations for chameleon.cloud_vm_yarn
2017-09-08 11:38:38,339: rp.session.js-17-212.jetstream-cloud.org.vivek91.017417.0009: MainProcess                     : MainThread     : INFO    : Load resource configurations from /home/vivek91/ves/entk-exp/local/lib/python2.7/site-packages/radical/pilot/configs/resource_epsrc.json
2017-09-08 11:38:38,341: rp.session.js-17-212.jetstream-cloud.org.vivek91.017417.0009: MainProcess                     : MainThread     : INFO    : Load resource configurations for epsrc.archer_orte
2017-09-08 11:38:38,342: rp.session.js-17-212.jetstream-cloud.org.vivek91.017417.0009: MainProcess                     : MainThread     : INFO    : Load resource configurations for epsrc.archer_aprun
2017-09-08 11:38:38,342: rp.session.js-17-212.jetstream-cloud.org.vivek91.017417.0009: MainProcess                     : MainThread     : INFO    : Load resource configurations from /home/vivek91/ves/entk-exp/local/lib/python2.7/site-packages/radical/pilot/configs/resource_futuregrid.json
2017-09-08 11:38:38,349: rp.session.js-17-212.jetstream-cloud.org.vivek91.017417.0009: MainProcess                     : MainThread     : INFO    : Load resource configurations for futuregrid.delta_ssh
2017-09-08 11:38:38,349: rp.session.js-17-212.jetstream-cloud.org.vivek91.017417.0009: MainProcess                     : MainThread     : INFO    : Load resource configurations for futuregrid.india_ssh
2017-09-08 11:38:38,350: rp.session.js-17-212.jetstream-cloud.org.vivek91.017417.0009: MainProcess                     : MainThread     : INFO    : Load resource configurations for futuregrid.echo_ssh
2017-09-08 11:38:38,350: rp.session.js-17-212.jetstream-cloud.org.vivek91.017417.0009: MainProcess                     : MainThread     : INFO    : Load resource configurations for futuregrid.xray_ccm
2017-09-08 11:38:38,350: rp.session.js-17-212.jetstream-cloud.org.vivek91.017417.0009: MainProcess                     : MainThread     : INFO    : Load resource configurations for futuregrid.bravo_ssh
2017-09-08 11:38:38,351: rp.session.js-17-212.jetstream-cloud.org.vivek91.017417.0009: MainProcess                     : MainThread     : INFO    : Load resource configurations for futuregrid.xray_aprun
2017-09-08 11:38:38,351: rp.session.js-17-212.jetstream-cloud.org.vivek91.017417.0009: MainProcess                     : MainThread     : INFO    : Load resource configurations from /home/vivek91/ves/entk-exp/local/lib/python2.7/site-packages/radical/pilot/configs/resource_local.json
2017-09-08 11:38:38,358: rp.session.js-17-212.jetstream-cloud.org.vivek91.017417.0009: MainProcess                     : MainThread     : INFO    : Load resource configurations for local.localhost_orte
2017-09-08 11:38:38,358: rp.session.js-17-212.jetstream-cloud.org.vivek91.017417.0009: MainProcess                     : MainThread     : INFO    : Load resource configurations for local.localhost_anaconda
2017-09-08 11:38:38,358: rp.session.js-17-212.jetstream-cloud.org.vivek91.017417.0009: MainProcess                     : MainThread     : INFO    : Load resource configurations for local.localhost_ortelib
2017-09-08 11:38:38,359: rp.session.js-17-212.jetstream-cloud.org.vivek91.017417.0009: MainProcess                     : MainThread     : INFO    : Load resource configurations for local.localhost
2017-09-08 11:38:38,359: rp.session.js-17-212.jetstream-cloud.org.vivek91.017417.0009: MainProcess                     : MainThread     : INFO    : Load resource configurations for local.localhost_spark
2017-09-08 11:38:38,359: rp.session.js-17-212.jetstream-cloud.org.vivek91.017417.0009: MainProcess                     : MainThread     : INFO    : Load resource configurations for local.localhost_spark_anaconda
2017-09-08 11:38:38,359: rp.session.js-17-212.jetstream-cloud.org.vivek91.017417.0009: MainProcess                     : MainThread     : INFO    : Load resource configurations for local.localhost_yarn
2017-09-08 11:38:38,359: rp.session.js-17-212.jetstream-cloud.org.vivek91.017417.0009: MainProcess                     : MainThread     : INFO    : Load resource configurations from /home/vivek91/ves/entk-exp/local/lib/python2.7/site-packages/radical/pilot/configs/resource_aliases.json
2017-09-08 11:38:38,360: rp.session.js-17-212.jetstream-cloud.org.vivek91.017417.0009: MainProcess                     : MainThread     : INFO    : Load resource configurations from /home/vivek91/ves/entk-exp/local/lib/python2.7/site-packages/radical/pilot/configs/resource_lrz.json
2017-09-08 11:38:38,361: rp.session.js-17-212.jetstream-cloud.org.vivek91.017417.0009: MainProcess                     : MainThread     : INFO    : Load resource configurations for lrz.supermuc_ssh
2017-09-08 11:38:38,361: rp.session.js-17-212.jetstream-cloud.org.vivek91.017417.0009: MainProcess                     : MainThread     : INFO    : Load resource configurations from /home/vivek91/ves/entk-exp/local/lib/python2.7/site-packages/radical/pilot/configs/resource_rice.json
2017-09-08 11:38:38,363: rp.session.js-17-212.jetstream-cloud.org.vivek91.017417.0009: MainProcess                     : MainThread     : INFO    : Load resource configurations for rice.davinci_ssh
2017-09-08 11:38:38,363: rp.session.js-17-212.jetstream-cloud.org.vivek91.017417.0009: MainProcess                     : MainThread     : INFO    : Load resource configurations for rice.biou_ssh
2017-09-08 11:38:38,363: rp.session.js-17-212.jetstream-cloud.org.vivek91.017417.0009: MainProcess                     : MainThread     : INFO    : Load resource configurations from /home/vivek91/ves/entk-exp/local/lib/python2.7/site-packages/radical/pilot/configs/resource_ncar.json
2017-09-08 11:38:38,364: rp.session.js-17-212.jetstream-cloud.org.vivek91.017417.0009: MainProcess                     : MainThread     : INFO    : Load resource configurations for ncar.yellowstone_ssh
2017-09-08 11:38:38,365: rp.session.js-17-212.jetstream-cloud.org.vivek91.017417.0009: MainProcess                     : MainThread     : INFO    : Load resource configurations from /home/vivek91/ves/entk-exp/local/lib/python2.7/site-packages/radical/pilot/configs/resource_das5.json
2017-09-08 11:38:38,366: rp.session.js-17-212.jetstream-cloud.org.vivek91.017417.0009: MainProcess                     : MainThread     : INFO    : Load resource configurations for das5.fs1_ssh
2017-09-08 11:38:38,366: rp.session.js-17-212.jetstream-cloud.org.vivek91.017417.0009: MainProcess                     : MainThread     : INFO    : Load resource configurations from /home/vivek91/ves/entk-exp/local/lib/python2.7/site-packages/radical/pilot/configs/resource_fub.json
2017-09-08 11:38:38,367: rp.session.js-17-212.jetstream-cloud.org.vivek91.017417.0009: MainProcess                     : MainThread     : INFO    : Load resource configurations for fub.allegro_rsh
2017-09-08 11:38:38,975: rp.session.js-17-212.jetstream-cloud.org.vivek91.017417.0009: MainProcess                     : MainThread     : INFO    : New Session created: rp.session.js-17-212.jetstream-cloud.org.vivek91.017417.0009.
2017-09-08 11:38:38,976: rp.session.js-17-212.jetstream-cloud.org.vivek91.017417.0009: MainProcess                     : MainThread     : DEBUG   : start bridges   : {u'control_pubsub': {u'bulk_size': 0, u'log_level': u'debug', u'stall_hwm': 1},
 u'log_pubsub': {u'bulk_size': 0, u'log_level': u'debug', u'stall_hwm': 1},
 u'state_pubsub': {u'bulk_size': 0, u'log_level': u'debug', u'stall_hwm': 1}}
2017-09-08 11:38:38,976: rp.session.js-17-212.jetstream-cloud.org.vivek91.017417.0009: MainProcess                     : MainThread     : INFO    : create bridge control_pubsub
2017-09-08 11:38:39,003: rp.session.js-17-212.jetstream-cloud.org.vivek91.017417.0009: MainProcess                     : MainThread     : INFO    : created bridge control_pubsub (control.pubsub.bridge.0000)
2017-09-08 11:38:39,004: rp.session.js-17-212.jetstream-cloud.org.vivek91.017417.0009: MainProcess                     : MainThread     : INFO    : create bridge state_pubsub
2017-09-08 11:38:39,025: rp.session.js-17-212.jetstream-cloud.org.vivek91.017417.0009: MainProcess                     : MainThread     : INFO    : created bridge state_pubsub (state.pubsub.bridge.0000)
2017-09-08 11:38:39,025: rp.session.js-17-212.jetstream-cloud.org.vivek91.017417.0009: MainProcess                     : MainThread     : INFO    : create bridge log_pubsub
2017-09-08 11:38:39,046: rp.session.js-17-212.jetstream-cloud.org.vivek91.017417.0009: MainProcess                     : MainThread     : INFO    : created bridge log_pubsub (log.pubsub.bridge.0000)
2017-09-08 11:38:39,046: rp.session.js-17-212.jetstream-cloud.org.vivek91.017417.0009: MainProcess                     : MainThread     : DEBUG   : start components: {u'UpdateWorker': {u'count': 1}}
2017-09-08 11:38:39,047: rp.session.js-17-212.jetstream-cloud.org.vivek91.017417.0009: MainProcess                     : MainThread     : DEBUG   : start 1 component(s) UpdateWorker
2017-09-08 11:38:41,525: rp.session.js-17-212.jetstream-cloud.org.vivek91.017417.0009: MainProcess                     : MainThread     : INFO    : rp.session.js-17-212.jetstream-cloud.org.vivek91.017417.0009 starts update.0
2017-09-08 11:38:44,834: rp.session.js-17-212.jetstream-cloud.org.vivek91.017417.0009: MainProcess                     : MainThread     : WARNING : using alias 'xsede.supermic_ssh' for deprecated resource key 'xsede.supermic'
2017-09-08 11:38:44,835: rp.session.js-17-212.jetstream-cloud.org.vivek91.017417.0009: MainProcess                     : MainThread     : DEBUG   : rsup.PTYShell('gsissh://supermic.cct-lsu.xsede.org:2222/')
2017-09-08 11:38:48,220: rp.session.js-17-212.jetstream-cloud.org.vivek91.017417.0009: MainProcess                     : MainThread     : DEBUG   : sandbox base gsissh://supermic.cct-lsu.xsede.org:2222/: '/work/vivek91'
2017-09-08 11:38:48,371: rp.session.js-17-212.jetstream-cloud.org.vivek91.017417.0009: MainProcess                     : MainThread     : DEBUG   : bulk pilot insert result: {'nModified': 0, 'nUpserted': 0, 'nMatched': 0, 'writeErrors': [], 'upserted': [], 'writeConcernErrors': [], 'nRemoved': 0, 'nInserted': 1}
2017-09-08 11:38:48,376: rp.session.js-17-212.jetstream-cloud.org.vivek91.017417.0009: pmgr.launching.0                : MainThread     : WARNING : using alias 'xsede.supermic_ssh' for deprecated resource key 'xsede.supermic'
2017-09-08 11:38:48,380: rp.session.js-17-212.jetstream-cloud.org.vivek91.017417.0009: pmgr.launching.0                : MainThread     : WARNING : using alias 'xsede.supermic_ssh' for deprecated resource key 'xsede.supermic'
2017-09-08 11:38:48,381: rp.session.js-17-212.jetstream-cloud.org.vivek91.017417.0009: pmgr.launching.0                : MainThread     : DEBUG   : rsup.PTYShell('gsissh://supermic.cct-lsu.xsede.org:2222/')
2017-09-08 11:38:49,233: rp.session.js-17-212.jetstream-cloud.org.vivek91.017417.0009: pmgr.launching.0                : MainThread     : DEBUG   : sandbox base gsissh://supermic.cct-lsu.xsede.org:2222/: '/work/vivek91'
2017-09-08 11:39:59,127: rp.session.js-17-212.jetstream-cloud.org.vivek91.017417.0009: task-manager                    : MainThread     : DEBUG   : bulk unit insert result: {'nModified': 0, 'nUpserted': 0, 'nMatched': 0, 'writeErrors': [], 'upserted': [], 'writeConcernErrors': [], 'nRemoved': 0, 'nInserted': 1}
2017-09-08 11:39:59,223: rp.session.js-17-212.jetstream-cloud.org.vivek91.017417.0009: task-manager                    : MainThread     : DEBUG   : bulk unit insert result: {'nModified': 0, 'nUpserted': 0, 'nMatched': 0, 'writeErrors': [], 'upserted': [], 'writeConcernErrors': [], 'nRemoved': 0, 'nInserted': 1}
2017-09-08 11:39:59,380: rp.session.js-17-212.jetstream-cloud.org.vivek91.017417.0009: task-manager                    : MainThread     : DEBUG   : bulk unit insert result: {'nModified': 0, 'nUpserted': 0, 'nMatched': 0, 'writeErrors': [], 'upserted': [], 'writeConcernErrors': [], 'nRemoved': 0, 'nInserted': 1}
2017-09-08 11:39:59,457: rp.session.js-17-212.jetstream-cloud.org.vivek91.017417.0009: task-manager                    : MainThread     : DEBUG   : bulk unit insert result: {'nModified': 0, 'nUpserted': 0, 'nMatched': 0, 'writeErrors': [], 'upserted': [], 'writeConcernErrors': [], 'nRemoved': 0, 'nInserted': 1}
2017-09-08 11:39:59,525: rp.session.js-17-212.jetstream-cloud.org.vivek91.017417.0009: task-manager                    : MainThread     : DEBUG   : bulk unit insert result: {'nModified': 0, 'nUpserted': 0, 'nMatched': 0, 'writeErrors': [], 'upserted': [], 'writeConcernErrors': [], 'nRemoved': 0, 'nInserted': 1}
2017-09-08 11:39:59,652: rp.session.js-17-212.jetstream-cloud.org.vivek91.017417.0009: task-manager                    : MainThread     : DEBUG   : bulk unit insert result: {'nModified': 0, 'nUpserted': 0, 'nMatched': 0, 'writeErrors': [], 'upserted': [], 'writeConcernErrors': [], 'nRemoved': 0, 'nInserted': 1}
2017-09-08 11:39:59,727: rp.session.js-17-212.jetstream-cloud.org.vivek91.017417.0009: task-manager                    : MainThread     : DEBUG   : bulk unit insert result: {'nModified': 0, 'nUpserted': 0, 'nMatched': 0, 'writeErrors': [], 'upserted': [], 'writeConcernErrors': [], 'nRemoved': 0, 'nInserted': 1}
2017-09-08 11:39:59,811: rp.session.js-17-212.jetstream-cloud.org.vivek91.017417.0009: task-manager                    : MainThread     : DEBUG   : bulk unit insert result: {'nModified': 0, 'nUpserted': 0, 'nMatched': 0, 'writeErrors': [], 'upserted': [], 'writeConcernErrors': [], 'nRemoved': 0, 'nInserted': 1}
2017-09-08 11:39:59,892: rp.session.js-17-212.jetstream-cloud.org.vivek91.017417.0009: task-manager                    : MainThread     : DEBUG   : bulk unit insert result: {'nModified': 0, 'nUpserted': 0, 'nMatched': 0, 'writeErrors': [], 'upserted': [], 'writeConcernErrors': [], 'nRemoved': 0, 'nInserted': 1}
2017-09-08 11:39:59,957: rp.session.js-17-212.jetstream-cloud.org.vivek91.017417.0009: task-manager                    : MainThread     : DEBUG   : bulk unit insert result: {'nModified': 0, 'nUpserted': 0, 'nMatched': 0, 'writeErrors': [], 'upserted': [], 'writeConcernErrors': [], 'nRemoved': 0, 'nInserted': 1}
2017-09-08 11:40:00,017: rp.session.js-17-212.jetstream-cloud.org.vivek91.017417.0009: task-manager                    : MainThread     : DEBUG   : bulk unit insert result: {'nModified': 0, 'nUpserted': 0, 'nMatched': 0, 'writeErrors': [], 'upserted': [], 'writeConcernErrors': [], 'nRemoved': 0, 'nInserted': 1}
2017-09-08 11:40:00,077: rp.session.js-17-212.jetstream-cloud.org.vivek91.017417.0009: task-manager                    : MainThread     : DEBUG   : bulk unit insert result: {'nModified': 0, 'nUpserted': 0, 'nMatched': 0, 'writeErrors': [], 'upserted': [], 'writeConcernErrors': [], 'nRemoved': 0, 'nInserted': 1}
2017-09-08 11:40:00,135: rp.session.js-17-212.jetstream-cloud.org.vivek91.017417.0009: task-manager                    : MainThread     : DEBUG   : bulk unit insert result: {'nModified': 0, 'nUpserted': 0, 'nMatched': 0, 'writeErrors': [], 'upserted': [], 'writeConcernErrors': [], 'nRemoved': 0, 'nInserted': 1}
2017-09-08 11:40:00,198: rp.session.js-17-212.jetstream-cloud.org.vivek91.017417.0009: task-manager                    : MainThread     : DEBUG   : bulk unit insert result: {'nModified': 0, 'nUpserted': 0, 'nMatched': 0, 'writeErrors': [], 'upserted': [], 'writeConcernErrors': [], 'nRemoved': 0, 'nInserted': 1}
2017-09-08 11:40:00,258: rp.session.js-17-212.jetstream-cloud.org.vivek91.017417.0009: task-manager                    : MainThread     : DEBUG   : bulk unit insert result: {'nModified': 0, 'nUpserted': 0, 'nMatched': 0, 'writeErrors': [], 'upserted': [], 'writeConcernErrors': [], 'nRemoved': 0, 'nInserted': 1}
2017-09-08 11:40:00,316: rp.session.js-17-212.jetstream-cloud.org.vivek91.017417.0009: task-manager                    : MainThread     : DEBUG   : bulk unit insert result: {'nModified': 0, 'nUpserted': 0, 'nMatched': 0, 'writeErrors': [], 'upserted': [], 'writeConcernErrors': [], 'nRemoved': 0, 'nInserted': 1}
2017-09-08 11:42:02,365: rp.session.js-17-212.jetstream-cloud.org.vivek91.017417.0009: MainProcess                     : MainThread     : DEBUG   : session rp.session.js-17-212.jetstream-cloud.org.vivek91.017417.0009 closing
2017-09-08 11:42:02,365: rp.session.js-17-212.jetstream-cloud.org.vivek91.017417.0009: MainProcess                     : MainThread     : DEBUG   : session rp.session.js-17-212.jetstream-cloud.org.vivek91.017417.0009 closes pmgr   pmgr.0000
2017-09-08 11:42:02,941: rp.session.js-17-212.jetstream-cloud.org.vivek91.017417.0009: MainProcess                     : MainThread     : DEBUG   : session rp.session.js-17-212.jetstream-cloud.org.vivek91.017417.0009 closed pmgr   pmgr.0000
2017-09-08 11:42:02,941: rp.session.js-17-212.jetstream-cloud.org.vivek91.017417.0009: MainProcess                     : MainThread     : DEBUG   : session rp.session.js-17-212.jetstream-cloud.org.vivek91.017417.0009 closes comp   update.0
2017-09-08 11:42:03,113: rp.session.js-17-212.jetstream-cloud.org.vivek91.017417.0009: MainProcess                     : MainThread     : DEBUG   : session rp.session.js-17-212.jetstream-cloud.org.vivek91.017417.0009 closed comp   update.0
2017-09-08 11:42:03,114: rp.session.js-17-212.jetstream-cloud.org.vivek91.017417.0009: MainProcess                     : MainThread     : DEBUG   : session rp.session.js-17-212.jetstream-cloud.org.vivek91.017417.0009 closes bridge control.pubsub.bridge.0000
2017-09-08 11:42:03,282: rp.session.js-17-212.jetstream-cloud.org.vivek91.017417.0009: MainProcess                     : MainThread     : DEBUG   : session rp.session.js-17-212.jetstream-cloud.org.vivek91.017417.0009 closed bridge control.pubsub.bridge.0000
2017-09-08 11:42:03,282: rp.session.js-17-212.jetstream-cloud.org.vivek91.017417.0009: MainProcess                     : MainThread     : DEBUG   : session rp.session.js-17-212.jetstream-cloud.org.vivek91.017417.0009 closes bridge state.pubsub.bridge.0000
2017-09-08 11:42:03,501: rp.session.js-17-212.jetstream-cloud.org.vivek91.017417.0009: MainProcess                     : MainThread     : DEBUG   : session rp.session.js-17-212.jetstream-cloud.org.vivek91.017417.0009 closed bridge state.pubsub.bridge.0000
2017-09-08 11:42:03,501: rp.session.js-17-212.jetstream-cloud.org.vivek91.017417.0009: MainProcess                     : MainThread     : DEBUG   : session rp.session.js-17-212.jetstream-cloud.org.vivek91.017417.0009 closes bridge log.pubsub.bridge.0000
2017-09-08 11:42:03,669: rp.session.js-17-212.jetstream-cloud.org.vivek91.017417.0009: MainProcess                     : MainThread     : DEBUG   : session rp.session.js-17-212.jetstream-cloud.org.vivek91.017417.0009 closed bridge log.pubsub.bridge.0000
2017-09-08 11:42:03,670: rp.session.js-17-212.jetstream-cloud.org.vivek91.017417.0009: MainProcess                     : MainThread     : DEBUG   : session rp.session.js-17-212.jetstream-cloud.org.vivek91.017417.0009 closes db (False)
2017-09-08 11:42:03,670: rp.session.js-17-212.jetstream-cloud.org.vivek91.017417.0009: MainProcess                     : MainThread     : DEBUG   : session rp.session.js-17-212.jetstream-cloud.org.vivek91.017417.0009 closed (delete=False)
