2017-08-22 12:49:42,570: rp.session.js-17-212.jetstream-cloud.org.vivek91.017400.0011: MainProcess                     : MainThread     : INFO    : python.interpreter   version: 2.7.12 (default, Nov 19 2016, 06:48:10) [GCC 5.4.0 20160609]
2017-08-22 12:49:42,570: rp.session.js-17-212.jetstream-cloud.org.vivek91.017400.0011: MainProcess                     : MainThread     : INFO    :                      pid: 6764
2017-08-22 12:49:42,570: rp.session.js-17-212.jetstream-cloud.org.vivek91.017400.0011: MainProcess                     : MainThread     : INFO    :                      tid: MainThread
2017-08-22 12:49:42,570: rp.session.js-17-212.jetstream-cloud.org.vivek91.017400.0011: MainProcess                     : MainThread     : INFO    : radical.pilot        version: 0.46-v0.46.RC2@devel
2017-08-22 12:49:42,570: rp.session.js-17-212.jetstream-cloud.org.vivek91.017400.0011: MainProcess                     : MainThread     : INFO    : using database mongodb://user:user@ds153652.mlab.com:53652/test_08_08
2017-08-22 12:49:43,593: rp.session.js-17-212.jetstream-cloud.org.vivek91.017400.0011: MainProcess                     : MainThread     : INFO    : Load resource configurations from /home/vivek91/ves/entk-exp/local/lib/python2.7/site-packages/radical/pilot/configs/resource_ncsa.json
2017-08-22 12:49:43,606: rp.session.js-17-212.jetstream-cloud.org.vivek91.017400.0011: MainProcess                     : MainThread     : INFO    : Load resource configurations for ncsa.bw_orte
2017-08-22 12:49:43,607: rp.session.js-17-212.jetstream-cloud.org.vivek91.017400.0011: MainProcess                     : MainThread     : INFO    : Load resource configurations for ncsa.bw_ccm_ssh
2017-08-22 12:49:43,608: rp.session.js-17-212.jetstream-cloud.org.vivek91.017400.0011: MainProcess                     : MainThread     : INFO    : Load resource configurations for ncsa.bw_ortelib
2017-08-22 12:49:43,608: rp.session.js-17-212.jetstream-cloud.org.vivek91.017400.0011: MainProcess                     : MainThread     : INFO    : Load resource configurations for ncsa.bw_aprun
2017-08-22 12:49:43,609: rp.session.js-17-212.jetstream-cloud.org.vivek91.017400.0011: MainProcess                     : MainThread     : INFO    : Load resource configurations for ncsa.bw_local_orte
2017-08-22 12:49:43,610: rp.session.js-17-212.jetstream-cloud.org.vivek91.017400.0011: MainProcess                     : MainThread     : INFO    : Load resource configurations from /home/vivek91/ves/entk-exp/local/lib/python2.7/site-packages/radical/pilot/configs/resource_iu.json
2017-08-22 12:49:43,616: rp.session.js-17-212.jetstream-cloud.org.vivek91.017400.0011: MainProcess                     : MainThread     : INFO    : Load resource configurations for iu.bigred2_ccm_ssh
2017-08-22 12:49:43,617: rp.session.js-17-212.jetstream-cloud.org.vivek91.017400.0011: MainProcess                     : MainThread     : INFO    : Load resource configurations for iu.bigred2_aprun
2017-08-22 12:49:43,617: rp.session.js-17-212.jetstream-cloud.org.vivek91.017400.0011: MainProcess                     : MainThread     : INFO    : Load resource configurations from /home/vivek91/ves/entk-exp/local/lib/python2.7/site-packages/radical/pilot/configs/resource_osg.json
2017-08-22 12:49:43,622: rp.session.js-17-212.jetstream-cloud.org.vivek91.017400.0011: MainProcess                     : MainThread     : INFO    : Load resource configurations for osg.xsede-virt-clust
2017-08-22 12:49:43,623: rp.session.js-17-212.jetstream-cloud.org.vivek91.017400.0011: MainProcess                     : MainThread     : INFO    : Load resource configurations for osg.connect
2017-08-22 12:49:43,624: rp.session.js-17-212.jetstream-cloud.org.vivek91.017400.0011: MainProcess                     : MainThread     : INFO    : Load resource configurations from /home/vivek91/ves/entk-exp/local/lib/python2.7/site-packages/radical/pilot/configs/resource_yale.json
2017-08-22 12:49:43,626: rp.session.js-17-212.jetstream-cloud.org.vivek91.017400.0011: MainProcess                     : MainThread     : INFO    : Load resource configurations for yale.grace_ssh
2017-08-22 12:49:43,626: rp.session.js-17-212.jetstream-cloud.org.vivek91.017400.0011: MainProcess                     : MainThread     : INFO    : Load resource configurations from /home/vivek91/ves/entk-exp/local/lib/python2.7/site-packages/radical/pilot/configs/resource_lumc.json
2017-08-22 12:49:43,630: rp.session.js-17-212.jetstream-cloud.org.vivek91.017400.0011: MainProcess                     : MainThread     : INFO    : Load resource configurations for lumc.gb-ui_ssh
2017-08-22 12:49:43,631: rp.session.js-17-212.jetstream-cloud.org.vivek91.017400.0011: MainProcess                     : MainThread     : INFO    : Load resource configurations for lumc.shark_ssh
2017-08-22 12:49:43,631: rp.session.js-17-212.jetstream-cloud.org.vivek91.017400.0011: MainProcess                     : MainThread     : INFO    : Load resource configurations from /home/vivek91/ves/entk-exp/local/lib/python2.7/site-packages/radical/pilot/configs/resource_ornl.json
2017-08-22 12:49:43,638: rp.session.js-17-212.jetstream-cloud.org.vivek91.017400.0011: MainProcess                     : MainThread     : INFO    : Load resource configurations for ornl.titan_orte
2017-08-22 12:49:43,639: rp.session.js-17-212.jetstream-cloud.org.vivek91.017400.0011: MainProcess                     : MainThread     : INFO    : Load resource configurations for ornl.titan_aprun
2017-08-22 12:49:43,639: rp.session.js-17-212.jetstream-cloud.org.vivek91.017400.0011: MainProcess                     : MainThread     : INFO    : Load resource configurations for ornl.titan_ortelib
2017-08-22 12:49:43,640: rp.session.js-17-212.jetstream-cloud.org.vivek91.017400.0011: MainProcess                     : MainThread     : INFO    : Load resource configurations from /home/vivek91/ves/entk-exp/local/lib/python2.7/site-packages/radical/pilot/configs/resource_stfc.json
2017-08-22 12:49:43,642: rp.session.js-17-212.jetstream-cloud.org.vivek91.017400.0011: MainProcess                     : MainThread     : INFO    : Load resource configurations for stfc.joule_runjob
2017-08-22 12:49:43,642: rp.session.js-17-212.jetstream-cloud.org.vivek91.017400.0011: MainProcess                     : MainThread     : INFO    : Load resource configurations from /home/vivek91/ves/entk-exp/local/lib/python2.7/site-packages/radical/pilot/configs/resource_radical.json
2017-08-22 12:49:43,648: rp.session.js-17-212.jetstream-cloud.org.vivek91.017400.0011: MainProcess                     : MainThread     : INFO    : Load resource configurations for radical.two
2017-08-22 12:49:43,648: rp.session.js-17-212.jetstream-cloud.org.vivek91.017400.0011: MainProcess                     : MainThread     : INFO    : Load resource configurations for radical.tutorial
2017-08-22 12:49:43,649: rp.session.js-17-212.jetstream-cloud.org.vivek91.017400.0011: MainProcess                     : MainThread     : INFO    : Load resource configurations for radical.one
2017-08-22 12:49:43,649: rp.session.js-17-212.jetstream-cloud.org.vivek91.017400.0011: MainProcess                     : MainThread     : INFO    : Load resource configurations from /home/vivek91/ves/entk-exp/local/lib/python2.7/site-packages/radical/pilot/configs/resource_das4.json
2017-08-22 12:49:43,651: rp.session.js-17-212.jetstream-cloud.org.vivek91.017400.0011: MainProcess                     : MainThread     : INFO    : Load resource configurations for das4.fs2_ssh
2017-08-22 12:49:43,651: rp.session.js-17-212.jetstream-cloud.org.vivek91.017400.0011: MainProcess                     : MainThread     : INFO    : Load resource configurations from /home/vivek91/ves/entk-exp/local/lib/python2.7/site-packages/radical/pilot/configs/resource_nersc.json
2017-08-22 12:49:43,662: rp.session.js-17-212.jetstream-cloud.org.vivek91.017400.0011: MainProcess                     : MainThread     : INFO    : Load resource configurations for nersc.edison_ccm_ssh
2017-08-22 12:49:43,663: rp.session.js-17-212.jetstream-cloud.org.vivek91.017400.0011: MainProcess                     : MainThread     : INFO    : Load resource configurations for nersc.hopper_orte
2017-08-22 12:49:43,663: rp.session.js-17-212.jetstream-cloud.org.vivek91.017400.0011: MainProcess                     : MainThread     : INFO    : Load resource configurations for nersc.hopper_ccm_ssh
2017-08-22 12:49:43,664: rp.session.js-17-212.jetstream-cloud.org.vivek91.017400.0011: MainProcess                     : MainThread     : INFO    : Load resource configurations for nersc.edison_aprun
2017-08-22 12:49:43,664: rp.session.js-17-212.jetstream-cloud.org.vivek91.017400.0011: MainProcess                     : MainThread     : INFO    : Load resource configurations for nersc.hopper_aprun
2017-08-22 12:49:43,665: rp.session.js-17-212.jetstream-cloud.org.vivek91.017400.0011: MainProcess                     : MainThread     : INFO    : Load resource configurations for nersc.edison_orte
2017-08-22 12:49:43,665: rp.session.js-17-212.jetstream-cloud.org.vivek91.017400.0011: MainProcess                     : MainThread     : INFO    : Load resource configurations from /home/vivek91/ves/entk-exp/local/lib/python2.7/site-packages/radical/pilot/configs/resource_xsede.json
2017-08-22 12:49:43,698: rp.session.js-17-212.jetstream-cloud.org.vivek91.017400.0011: MainProcess                     : MainThread     : INFO    : Load resource configurations for xsede.stampede2_ssh
2017-08-22 12:49:43,698: rp.session.js-17-212.jetstream-cloud.org.vivek91.017400.0011: MainProcess                     : MainThread     : INFO    : Load resource configurations for xsede.wrangler_spark
2017-08-22 12:49:43,698: rp.session.js-17-212.jetstream-cloud.org.vivek91.017400.0011: MainProcess                     : MainThread     : INFO    : Load resource configurations for xsede.stampede_yarn
2017-08-22 12:49:43,699: rp.session.js-17-212.jetstream-cloud.org.vivek91.017400.0011: MainProcess                     : MainThread     : INFO    : Load resource configurations for xsede.gordon_ssh
2017-08-22 12:49:43,699: rp.session.js-17-212.jetstream-cloud.org.vivek91.017400.0011: MainProcess                     : MainThread     : INFO    : Load resource configurations for xsede.stampede_ssh
2017-08-22 12:49:43,700: rp.session.js-17-212.jetstream-cloud.org.vivek91.017400.0011: MainProcess                     : MainThread     : INFO    : Load resource configurations for xsede.lonestar_ssh
2017-08-22 12:49:43,700: rp.session.js-17-212.jetstream-cloud.org.vivek91.017400.0011: MainProcess                     : MainThread     : INFO    : Load resource configurations for xsede.supermic_spark
2017-08-22 12:49:43,700: rp.session.js-17-212.jetstream-cloud.org.vivek91.017400.0011: MainProcess                     : MainThread     : INFO    : Load resource configurations for xsede.wrangler_ssh
2017-08-22 12:49:43,701: rp.session.js-17-212.jetstream-cloud.org.vivek91.017400.0011: MainProcess                     : MainThread     : INFO    : Load resource configurations for xsede.wrangler_yarn
2017-08-22 12:49:43,701: rp.session.js-17-212.jetstream-cloud.org.vivek91.017400.0011: MainProcess                     : MainThread     : INFO    : Load resource configurations for xsede.bridges
2017-08-22 12:49:43,701: rp.session.js-17-212.jetstream-cloud.org.vivek91.017400.0011: MainProcess                     : MainThread     : INFO    : Load resource configurations for xsede.supermic_ssh
2017-08-22 12:49:43,702: rp.session.js-17-212.jetstream-cloud.org.vivek91.017400.0011: MainProcess                     : MainThread     : INFO    : Load resource configurations for xsede.stampede_orte
2017-08-22 12:49:43,702: rp.session.js-17-212.jetstream-cloud.org.vivek91.017400.0011: MainProcess                     : MainThread     : INFO    : Load resource configurations for xsede.greenfield
2017-08-22 12:49:43,703: rp.session.js-17-212.jetstream-cloud.org.vivek91.017400.0011: MainProcess                     : MainThread     : INFO    : Load resource configurations for xsede.comet_spark
2017-08-22 12:49:43,703: rp.session.js-17-212.jetstream-cloud.org.vivek91.017400.0011: MainProcess                     : MainThread     : INFO    : Load resource configurations for xsede.trestles_ssh
2017-08-22 12:49:43,703: rp.session.js-17-212.jetstream-cloud.org.vivek91.017400.0011: MainProcess                     : MainThread     : INFO    : Load resource configurations for xsede.comet_ssh
2017-08-22 12:49:43,704: rp.session.js-17-212.jetstream-cloud.org.vivek91.017400.0011: MainProcess                     : MainThread     : INFO    : Load resource configurations for xsede.stampede_spark
2017-08-22 12:49:43,704: rp.session.js-17-212.jetstream-cloud.org.vivek91.017400.0011: MainProcess                     : MainThread     : INFO    : Load resource configurations for xsede.comet_orte
2017-08-22 12:49:43,704: rp.session.js-17-212.jetstream-cloud.org.vivek91.017400.0011: MainProcess                     : MainThread     : INFO    : Load resource configurations for xsede.comet_ortelib
2017-08-22 12:49:43,705: rp.session.js-17-212.jetstream-cloud.org.vivek91.017400.0011: MainProcess                     : MainThread     : INFO    : Load resource configurations for xsede.blacklight_ssh
2017-08-22 12:49:43,705: rp.session.js-17-212.jetstream-cloud.org.vivek91.017400.0011: MainProcess                     : MainThread     : INFO    : Load resource configurations for xsede.stampede_ortelib
2017-08-22 12:49:43,705: rp.session.js-17-212.jetstream-cloud.org.vivek91.017400.0011: MainProcess                     : MainThread     : INFO    : Load resource configurations from /home/vivek91/ves/entk-exp/local/lib/python2.7/site-packages/radical/pilot/configs/resource_chameleon.json
2017-08-22 12:49:43,707: rp.session.js-17-212.jetstream-cloud.org.vivek91.017400.0011: MainProcess                     : MainThread     : INFO    : Load resource configurations for chameleon.cloud_vm_yarn
2017-08-22 12:49:43,707: rp.session.js-17-212.jetstream-cloud.org.vivek91.017400.0011: MainProcess                     : MainThread     : INFO    : Load resource configurations from /home/vivek91/ves/entk-exp/local/lib/python2.7/site-packages/radical/pilot/configs/resource_epsrc.json
2017-08-22 12:49:43,710: rp.session.js-17-212.jetstream-cloud.org.vivek91.017400.0011: MainProcess                     : MainThread     : INFO    : Load resource configurations for epsrc.archer_orte
2017-08-22 12:49:43,711: rp.session.js-17-212.jetstream-cloud.org.vivek91.017400.0011: MainProcess                     : MainThread     : INFO    : Load resource configurations for epsrc.archer_aprun
2017-08-22 12:49:43,711: rp.session.js-17-212.jetstream-cloud.org.vivek91.017400.0011: MainProcess                     : MainThread     : INFO    : Load resource configurations from /home/vivek91/ves/entk-exp/local/lib/python2.7/site-packages/radical/pilot/configs/resource_futuregrid.json
2017-08-22 12:49:43,718: rp.session.js-17-212.jetstream-cloud.org.vivek91.017400.0011: MainProcess                     : MainThread     : INFO    : Load resource configurations for futuregrid.delta_ssh
2017-08-22 12:49:43,719: rp.session.js-17-212.jetstream-cloud.org.vivek91.017400.0011: MainProcess                     : MainThread     : INFO    : Load resource configurations for futuregrid.india_ssh
2017-08-22 12:49:43,719: rp.session.js-17-212.jetstream-cloud.org.vivek91.017400.0011: MainProcess                     : MainThread     : INFO    : Load resource configurations for futuregrid.echo_ssh
2017-08-22 12:49:43,719: rp.session.js-17-212.jetstream-cloud.org.vivek91.017400.0011: MainProcess                     : MainThread     : INFO    : Load resource configurations for futuregrid.xray_ccm
2017-08-22 12:49:43,720: rp.session.js-17-212.jetstream-cloud.org.vivek91.017400.0011: MainProcess                     : MainThread     : INFO    : Load resource configurations for futuregrid.bravo_ssh
2017-08-22 12:49:43,720: rp.session.js-17-212.jetstream-cloud.org.vivek91.017400.0011: MainProcess                     : MainThread     : INFO    : Load resource configurations for futuregrid.xray_aprun
2017-08-22 12:49:43,720: rp.session.js-17-212.jetstream-cloud.org.vivek91.017400.0011: MainProcess                     : MainThread     : INFO    : Load resource configurations from /home/vivek91/ves/entk-exp/local/lib/python2.7/site-packages/radical/pilot/configs/resource_local.json
2017-08-22 12:49:43,728: rp.session.js-17-212.jetstream-cloud.org.vivek91.017400.0011: MainProcess                     : MainThread     : INFO    : Load resource configurations for local.localhost_orte
2017-08-22 12:49:43,728: rp.session.js-17-212.jetstream-cloud.org.vivek91.017400.0011: MainProcess                     : MainThread     : INFO    : Load resource configurations for local.localhost_anaconda
2017-08-22 12:49:43,729: rp.session.js-17-212.jetstream-cloud.org.vivek91.017400.0011: MainProcess                     : MainThread     : INFO    : Load resource configurations for local.localhost_ortelib
2017-08-22 12:49:43,729: rp.session.js-17-212.jetstream-cloud.org.vivek91.017400.0011: MainProcess                     : MainThread     : INFO    : Load resource configurations for local.localhost
2017-08-22 12:49:43,729: rp.session.js-17-212.jetstream-cloud.org.vivek91.017400.0011: MainProcess                     : MainThread     : INFO    : Load resource configurations for local.localhost_spark
2017-08-22 12:49:43,730: rp.session.js-17-212.jetstream-cloud.org.vivek91.017400.0011: MainProcess                     : MainThread     : INFO    : Load resource configurations for local.localhost_spark_anaconda
2017-08-22 12:49:43,730: rp.session.js-17-212.jetstream-cloud.org.vivek91.017400.0011: MainProcess                     : MainThread     : INFO    : Load resource configurations for local.localhost_yarn
2017-08-22 12:49:43,730: rp.session.js-17-212.jetstream-cloud.org.vivek91.017400.0011: MainProcess                     : MainThread     : INFO    : Load resource configurations from /home/vivek91/ves/entk-exp/local/lib/python2.7/site-packages/radical/pilot/configs/resource_aliases.json
2017-08-22 12:49:43,731: rp.session.js-17-212.jetstream-cloud.org.vivek91.017400.0011: MainProcess                     : MainThread     : INFO    : Load resource configurations from /home/vivek91/ves/entk-exp/local/lib/python2.7/site-packages/radical/pilot/configs/resource_lrz.json
2017-08-22 12:49:43,732: rp.session.js-17-212.jetstream-cloud.org.vivek91.017400.0011: MainProcess                     : MainThread     : INFO    : Load resource configurations for lrz.supermuc_ssh
2017-08-22 12:49:43,732: rp.session.js-17-212.jetstream-cloud.org.vivek91.017400.0011: MainProcess                     : MainThread     : INFO    : Load resource configurations from /home/vivek91/ves/entk-exp/local/lib/python2.7/site-packages/radical/pilot/configs/resource_rice.json
2017-08-22 12:49:43,735: rp.session.js-17-212.jetstream-cloud.org.vivek91.017400.0011: MainProcess                     : MainThread     : INFO    : Load resource configurations for rice.davinci_ssh
2017-08-22 12:49:43,735: rp.session.js-17-212.jetstream-cloud.org.vivek91.017400.0011: MainProcess                     : MainThread     : INFO    : Load resource configurations for rice.biou_ssh
2017-08-22 12:49:43,735: rp.session.js-17-212.jetstream-cloud.org.vivek91.017400.0011: MainProcess                     : MainThread     : INFO    : Load resource configurations from /home/vivek91/ves/entk-exp/local/lib/python2.7/site-packages/radical/pilot/configs/resource_ncar.json
2017-08-22 12:49:43,737: rp.session.js-17-212.jetstream-cloud.org.vivek91.017400.0011: MainProcess                     : MainThread     : INFO    : Load resource configurations for ncar.yellowstone_ssh
2017-08-22 12:49:43,737: rp.session.js-17-212.jetstream-cloud.org.vivek91.017400.0011: MainProcess                     : MainThread     : INFO    : Load resource configurations from /home/vivek91/ves/entk-exp/local/lib/python2.7/site-packages/radical/pilot/configs/resource_das5.json
2017-08-22 12:49:43,738: rp.session.js-17-212.jetstream-cloud.org.vivek91.017400.0011: MainProcess                     : MainThread     : INFO    : Load resource configurations for das5.fs1_ssh
2017-08-22 12:49:43,738: rp.session.js-17-212.jetstream-cloud.org.vivek91.017400.0011: MainProcess                     : MainThread     : INFO    : Load resource configurations from /home/vivek91/ves/entk-exp/local/lib/python2.7/site-packages/radical/pilot/configs/resource_fub.json
2017-08-22 12:49:43,740: rp.session.js-17-212.jetstream-cloud.org.vivek91.017400.0011: MainProcess                     : MainThread     : INFO    : Load resource configurations for fub.allegro_rsh
2017-08-22 12:49:44,304: rp.session.js-17-212.jetstream-cloud.org.vivek91.017400.0011: MainProcess                     : MainThread     : INFO    : New Session created: rp.session.js-17-212.jetstream-cloud.org.vivek91.017400.0011.
2017-08-22 12:49:44,305: rp.session.js-17-212.jetstream-cloud.org.vivek91.017400.0011: MainProcess                     : MainThread     : DEBUG   : start bridges   : {u'control_pubsub': {u'bulk_size': 0, u'log_level': u'debug', u'stall_hwm': 1},
 u'log_pubsub': {u'bulk_size': 0, u'log_level': u'debug', u'stall_hwm': 1},
 u'state_pubsub': {u'bulk_size': 0, u'log_level': u'debug', u'stall_hwm': 1}}
2017-08-22 12:49:44,305: rp.session.js-17-212.jetstream-cloud.org.vivek91.017400.0011: MainProcess                     : MainThread     : INFO    : create bridge control_pubsub
2017-08-22 12:49:44,331: rp.session.js-17-212.jetstream-cloud.org.vivek91.017400.0011: MainProcess                     : MainThread     : INFO    : created bridge control_pubsub (control.pubsub.bridge.0000)
2017-08-22 12:49:44,331: rp.session.js-17-212.jetstream-cloud.org.vivek91.017400.0011: MainProcess                     : MainThread     : INFO    : create bridge state_pubsub
2017-08-22 12:49:44,352: rp.session.js-17-212.jetstream-cloud.org.vivek91.017400.0011: MainProcess                     : MainThread     : INFO    : created bridge state_pubsub (state.pubsub.bridge.0000)
2017-08-22 12:49:44,352: rp.session.js-17-212.jetstream-cloud.org.vivek91.017400.0011: MainProcess                     : MainThread     : INFO    : create bridge log_pubsub
2017-08-22 12:49:44,373: rp.session.js-17-212.jetstream-cloud.org.vivek91.017400.0011: MainProcess                     : MainThread     : INFO    : created bridge log_pubsub (log.pubsub.bridge.0000)
2017-08-22 12:49:44,374: rp.session.js-17-212.jetstream-cloud.org.vivek91.017400.0011: MainProcess                     : MainThread     : DEBUG   : start components: {u'UpdateWorker': {u'count': 1}}
2017-08-22 12:49:44,374: rp.session.js-17-212.jetstream-cloud.org.vivek91.017400.0011: MainProcess                     : MainThread     : DEBUG   : start 1 component(s) UpdateWorker
2017-08-22 12:49:46,835: rp.session.js-17-212.jetstream-cloud.org.vivek91.017400.0011: MainProcess                     : MainThread     : INFO    : rp.session.js-17-212.jetstream-cloud.org.vivek91.017400.0011 starts update.0
2017-08-22 12:49:50,232: rp.session.js-17-212.jetstream-cloud.org.vivek91.017400.0011: MainProcess                     : MainThread     : WARNING : using alias 'xsede.supermic_ssh' for deprecated resource key 'xsede.supermic'
2017-08-22 12:49:50,233: rp.session.js-17-212.jetstream-cloud.org.vivek91.017400.0011: MainProcess                     : MainThread     : DEBUG   : rsup.PTYShell('gsissh://supermic.cct-lsu.xsede.org:2222/')
2017-08-22 12:49:52,485: rp.session.js-17-212.jetstream-cloud.org.vivek91.017400.0011: MainProcess                     : MainThread     : DEBUG   : sandbox base gsissh://supermic.cct-lsu.xsede.org:2222/: '/work/vivek91'
2017-08-22 12:49:52,636: rp.session.js-17-212.jetstream-cloud.org.vivek91.017400.0011: MainProcess                     : MainThread     : DEBUG   : bulk pilot insert result: {'nModified': 0, 'nUpserted': 0, 'nMatched': 0, 'writeErrors': [], 'upserted': [], 'writeConcernErrors': [], 'nRemoved': 0, 'nInserted': 1}
2017-08-22 12:49:52,641: rp.session.js-17-212.jetstream-cloud.org.vivek91.017400.0011: pmgr.launching.0                : MainThread     : WARNING : using alias 'xsede.supermic_ssh' for deprecated resource key 'xsede.supermic'
2017-08-22 12:49:52,645: rp.session.js-17-212.jetstream-cloud.org.vivek91.017400.0011: pmgr.launching.0                : MainThread     : WARNING : using alias 'xsede.supermic_ssh' for deprecated resource key 'xsede.supermic'
2017-08-22 12:49:52,646: rp.session.js-17-212.jetstream-cloud.org.vivek91.017400.0011: pmgr.launching.0                : MainThread     : DEBUG   : rsup.PTYShell('gsissh://supermic.cct-lsu.xsede.org:2222/')
2017-08-22 12:49:53,971: rp.session.js-17-212.jetstream-cloud.org.vivek91.017400.0011: pmgr.launching.0                : MainThread     : DEBUG   : sandbox base gsissh://supermic.cct-lsu.xsede.org:2222/: '/work/vivek91'
2017-08-22 12:50:59,258: rp.session.js-17-212.jetstream-cloud.org.vivek91.017400.0011: task-manager                    : MainThread     : DEBUG   : bulk unit insert result: {'nModified': 0, 'nUpserted': 0, 'nMatched': 0, 'writeErrors': [], 'upserted': [], 'writeConcernErrors': [], 'nRemoved': 0, 'nInserted': 1}
2017-08-22 12:50:59,364: rp.session.js-17-212.jetstream-cloud.org.vivek91.017400.0011: task-manager                    : MainThread     : DEBUG   : bulk unit insert result: {'nModified': 0, 'nUpserted': 0, 'nMatched': 0, 'writeErrors': [], 'upserted': [], 'writeConcernErrors': [], 'nRemoved': 0, 'nInserted': 1}
2017-08-22 12:50:59,444: rp.session.js-17-212.jetstream-cloud.org.vivek91.017400.0011: task-manager                    : MainThread     : DEBUG   : bulk unit insert result: {'nModified': 0, 'nUpserted': 0, 'nMatched': 0, 'writeErrors': [], 'upserted': [], 'writeConcernErrors': [], 'nRemoved': 0, 'nInserted': 1}
2017-08-22 12:50:59,524: rp.session.js-17-212.jetstream-cloud.org.vivek91.017400.0011: task-manager                    : MainThread     : DEBUG   : bulk unit insert result: {'nModified': 0, 'nUpserted': 0, 'nMatched': 0, 'writeErrors': [], 'upserted': [], 'writeConcernErrors': [], 'nRemoved': 0, 'nInserted': 1}
2017-08-22 12:50:59,590: rp.session.js-17-212.jetstream-cloud.org.vivek91.017400.0011: task-manager                    : MainThread     : DEBUG   : bulk unit insert result: {'nModified': 0, 'nUpserted': 0, 'nMatched': 0, 'writeErrors': [], 'upserted': [], 'writeConcernErrors': [], 'nRemoved': 0, 'nInserted': 1}
2017-08-22 12:50:59,651: rp.session.js-17-212.jetstream-cloud.org.vivek91.017400.0011: task-manager                    : MainThread     : DEBUG   : bulk unit insert result: {'nModified': 0, 'nUpserted': 0, 'nMatched': 0, 'writeErrors': [], 'upserted': [], 'writeConcernErrors': [], 'nRemoved': 0, 'nInserted': 1}
2017-08-22 12:50:59,717: rp.session.js-17-212.jetstream-cloud.org.vivek91.017400.0011: task-manager                    : MainThread     : DEBUG   : bulk unit insert result: {'nModified': 0, 'nUpserted': 0, 'nMatched': 0, 'writeErrors': [], 'upserted': [], 'writeConcernErrors': [], 'nRemoved': 0, 'nInserted': 1}
2017-08-22 12:50:59,795: rp.session.js-17-212.jetstream-cloud.org.vivek91.017400.0011: task-manager                    : MainThread     : DEBUG   : bulk unit insert result: {'nModified': 0, 'nUpserted': 0, 'nMatched': 0, 'writeErrors': [], 'upserted': [], 'writeConcernErrors': [], 'nRemoved': 0, 'nInserted': 1}
2017-08-22 12:50:59,875: rp.session.js-17-212.jetstream-cloud.org.vivek91.017400.0011: task-manager                    : MainThread     : DEBUG   : bulk unit insert result: {'nModified': 0, 'nUpserted': 0, 'nMatched': 0, 'writeErrors': [], 'upserted': [], 'writeConcernErrors': [], 'nRemoved': 0, 'nInserted': 1}
2017-08-22 12:50:59,949: rp.session.js-17-212.jetstream-cloud.org.vivek91.017400.0011: task-manager                    : MainThread     : DEBUG   : bulk unit insert result: {'nModified': 0, 'nUpserted': 0, 'nMatched': 0, 'writeErrors': [], 'upserted': [], 'writeConcernErrors': [], 'nRemoved': 0, 'nInserted': 1}
2017-08-22 12:51:00,043: rp.session.js-17-212.jetstream-cloud.org.vivek91.017400.0011: task-manager                    : MainThread     : DEBUG   : bulk unit insert result: {'nModified': 0, 'nUpserted': 0, 'nMatched': 0, 'writeErrors': [], 'upserted': [], 'writeConcernErrors': [], 'nRemoved': 0, 'nInserted': 1}
2017-08-22 12:51:00,379: rp.session.js-17-212.jetstream-cloud.org.vivek91.017400.0011: task-manager                    : MainThread     : DEBUG   : bulk unit insert result: {'nModified': 0, 'nUpserted': 0, 'nMatched': 0, 'writeErrors': [], 'upserted': [], 'writeConcernErrors': [], 'nRemoved': 0, 'nInserted': 1}
2017-08-22 12:51:00,474: rp.session.js-17-212.jetstream-cloud.org.vivek91.017400.0011: task-manager                    : MainThread     : DEBUG   : bulk unit insert result: {'nModified': 0, 'nUpserted': 0, 'nMatched': 0, 'writeErrors': [], 'upserted': [], 'writeConcernErrors': [], 'nRemoved': 0, 'nInserted': 1}
2017-08-22 12:51:00,545: rp.session.js-17-212.jetstream-cloud.org.vivek91.017400.0011: task-manager                    : MainThread     : DEBUG   : bulk unit insert result: {'nModified': 0, 'nUpserted': 0, 'nMatched': 0, 'writeErrors': [], 'upserted': [], 'writeConcernErrors': [], 'nRemoved': 0, 'nInserted': 1}
2017-08-22 12:51:00,677: rp.session.js-17-212.jetstream-cloud.org.vivek91.017400.0011: task-manager                    : MainThread     : DEBUG   : bulk unit insert result: {'nModified': 0, 'nUpserted': 0, 'nMatched': 0, 'writeErrors': [], 'upserted': [], 'writeConcernErrors': [], 'nRemoved': 0, 'nInserted': 1}
2017-08-22 12:51:00,810: rp.session.js-17-212.jetstream-cloud.org.vivek91.017400.0011: task-manager                    : MainThread     : DEBUG   : bulk unit insert result: {'nModified': 0, 'nUpserted': 0, 'nMatched': 0, 'writeErrors': [], 'upserted': [], 'writeConcernErrors': [], 'nRemoved': 0, 'nInserted': 1}
2017-08-22 12:51:12,212: rp.session.js-17-212.jetstream-cloud.org.vivek91.017400.0011: MainProcess                     : MainThread     : DEBUG   : session rp.session.js-17-212.jetstream-cloud.org.vivek91.017400.0011 closing
2017-08-22 12:51:12,212: rp.session.js-17-212.jetstream-cloud.org.vivek91.017400.0011: MainProcess                     : MainThread     : DEBUG   : session rp.session.js-17-212.jetstream-cloud.org.vivek91.017400.0011 closes pmgr   pmgr.0000
2017-08-22 12:51:12,780: rp.session.js-17-212.jetstream-cloud.org.vivek91.017400.0011: MainProcess                     : MainThread     : DEBUG   : session rp.session.js-17-212.jetstream-cloud.org.vivek91.017400.0011 closed pmgr   pmgr.0000
2017-08-22 12:51:12,780: rp.session.js-17-212.jetstream-cloud.org.vivek91.017400.0011: MainProcess                     : MainThread     : DEBUG   : session rp.session.js-17-212.jetstream-cloud.org.vivek91.017400.0011 closes comp   update.0
2017-08-22 12:51:12,922: rp.session.js-17-212.jetstream-cloud.org.vivek91.017400.0011: MainProcess                     : MainThread     : DEBUG   : session rp.session.js-17-212.jetstream-cloud.org.vivek91.017400.0011 closed comp   update.0
2017-08-22 12:51:12,922: rp.session.js-17-212.jetstream-cloud.org.vivek91.017400.0011: MainProcess                     : MainThread     : DEBUG   : session rp.session.js-17-212.jetstream-cloud.org.vivek91.017400.0011 closes bridge control.pubsub.bridge.0000
2017-08-22 12:51:13,141: rp.session.js-17-212.jetstream-cloud.org.vivek91.017400.0011: MainProcess                     : MainThread     : DEBUG   : session rp.session.js-17-212.jetstream-cloud.org.vivek91.017400.0011 closed bridge control.pubsub.bridge.0000
2017-08-22 12:51:13,141: rp.session.js-17-212.jetstream-cloud.org.vivek91.017400.0011: MainProcess                     : MainThread     : DEBUG   : session rp.session.js-17-212.jetstream-cloud.org.vivek91.017400.0011 closes bridge state.pubsub.bridge.0000
2017-08-22 12:51:13,359: rp.session.js-17-212.jetstream-cloud.org.vivek91.017400.0011: MainProcess                     : MainThread     : DEBUG   : session rp.session.js-17-212.jetstream-cloud.org.vivek91.017400.0011 closed bridge state.pubsub.bridge.0000
2017-08-22 12:51:13,360: rp.session.js-17-212.jetstream-cloud.org.vivek91.017400.0011: MainProcess                     : MainThread     : DEBUG   : session rp.session.js-17-212.jetstream-cloud.org.vivek91.017400.0011 closes bridge log.pubsub.bridge.0000
2017-08-22 12:51:13,577: rp.session.js-17-212.jetstream-cloud.org.vivek91.017400.0011: MainProcess                     : MainThread     : DEBUG   : session rp.session.js-17-212.jetstream-cloud.org.vivek91.017400.0011 closed bridge log.pubsub.bridge.0000
2017-08-22 12:51:13,577: rp.session.js-17-212.jetstream-cloud.org.vivek91.017400.0011: MainProcess                     : MainThread     : DEBUG   : session rp.session.js-17-212.jetstream-cloud.org.vivek91.017400.0011 closes db (False)
2017-08-22 12:51:13,578: rp.session.js-17-212.jetstream-cloud.org.vivek91.017400.0011: MainProcess                     : MainThread     : DEBUG   : session rp.session.js-17-212.jetstream-cloud.org.vivek91.017400.0011 closed (delete=False)
