2017-09-29 17:20:52,350: log.pubsub.pub.0000 : update.0                        : MainThread     : INFO    : python.interpreter   version: 2.7.12 (default, Nov 19 2016, 06:48:10) [GCC 5.4.0 20160609]
2017-09-29 17:20:52,350: log.pubsub.pub.0000 : update.0                        : MainThread     : INFO    :                      pid: 26346
2017-09-29 17:20:52,350: log.pubsub.pub.0000 : update.0                        : MainThread     : INFO    :                      tid: MainThread
2017-09-29 17:20:52,350: log.pubsub.pub.0000 : update.0                        : MainThread     : INFO    : radical.pilot        version: 0.46-v0.46.RC2@devel
2017-09-29 17:20:52,350: log.pubsub.pub.0000 : update.0                        : MainThread     : INFO    : create log_pubsub - pub - tcp://172.30.238.6:35402
2017-09-29 17:20:52,352: log.pubsub.pub.0000 : update.0                        : MainThread     : DEBUG   : start process
2017-09-29 17:20:52,352: log.pubsub.pub.0000 : update.0                        : MainThread     : DEBUG   : ru_initialize_common (NOOP)
2017-09-29 17:20:52,352: log.pubsub.pub.0000 : update.0                        : MainThread     : DEBUG   : ru_initialize_parent (NOOP)
2017-09-29 17:20:52,352: log.pubsub.pub.0000 : update.0                        : MainThread     : DEBUG   : process class started (no child)
2017-09-29 17:20:52,715: log.pubsub.pub.0000 : MainProcess                     : MainThread     : INFO    : python.interpreter   version: 2.7.12 (default, Nov 19 2016, 06:48:10) [GCC 5.4.0 20160609]
2017-09-29 17:20:52,715: log.pubsub.pub.0000 : MainProcess                     : MainThread     : INFO    :                      pid: 26275
2017-09-29 17:20:52,715: log.pubsub.pub.0000 : MainProcess                     : MainThread     : INFO    :                      tid: MainThread
2017-09-29 17:20:52,715: log.pubsub.pub.0000 : MainProcess                     : MainThread     : INFO    : radical.pilot        version: 0.46-v0.46.RC2@devel
2017-09-29 17:20:52,716: log.pubsub.pub.0000 : MainProcess                     : MainThread     : INFO    : create log_pubsub - pub - tcp://172.30.238.6:35402
2017-09-29 17:20:52,716: log.pubsub.pub.0000 : MainProcess                     : MainThread     : DEBUG   : start process
2017-09-29 17:20:52,717: log.pubsub.pub.0000 : MainProcess                     : MainThread     : DEBUG   : ru_initialize_common (NOOP)
2017-09-29 17:20:52,717: log.pubsub.pub.0000 : MainProcess                     : MainThread     : DEBUG   : ru_initialize_parent (NOOP)
2017-09-29 17:20:52,717: log.pubsub.pub.0000 : MainProcess                     : MainThread     : DEBUG   : process class started (no child)
2017-09-29 17:40:11,065: log.pubsub.pub.0000 : MainProcess                     : MainThread     : INFO    : parent stops child
2017-09-29 17:40:11,065: log.pubsub.pub.0000 : MainProcess                     : MainThread     : DEBUG   : ru_finalize_parent (NOOP)
