2017-09-29 17:26:07,268: log.pubsub.pub.0005 : umgr.scheduling.0               : MainThread     : INFO    : python.interpreter   version: 2.7.12 (default, Nov 19 2016, 06:48:10) [GCC 5.4.0 20160609]
2017-09-29 17:26:07,269: log.pubsub.pub.0005 : umgr.scheduling.0               : MainThread     : INFO    :                      pid: 27575
2017-09-29 17:26:07,269: log.pubsub.pub.0005 : umgr.scheduling.0               : MainThread     : INFO    :                      tid: MainThread
2017-09-29 17:26:07,269: log.pubsub.pub.0005 : umgr.scheduling.0               : MainThread     : INFO    : radical.pilot        version: 0.46-v0.46.RC2@devel
2017-09-29 17:26:07,269: log.pubsub.pub.0005 : umgr.scheduling.0               : MainThread     : INFO    : create log_pubsub - pub - tcp://172.30.238.6:35402
2017-09-29 17:26:07,270: log.pubsub.pub.0005 : umgr.scheduling.0               : MainThread     : DEBUG   : start process
2017-09-29 17:26:07,270: log.pubsub.pub.0005 : umgr.scheduling.0               : MainThread     : DEBUG   : ru_initialize_common (NOOP)
2017-09-29 17:26:07,270: log.pubsub.pub.0005 : umgr.scheduling.0               : MainThread     : DEBUG   : ru_initialize_parent (NOOP)
2017-09-29 17:26:07,271: log.pubsub.pub.0005 : umgr.scheduling.0               : MainThread     : DEBUG   : process class started (no child)
2017-09-29 17:26:07,309: log.pubsub.pub.0005 : task-manager                    : MainThread     : INFO    : python.interpreter   version: 2.7.12 (default, Nov 19 2016, 06:48:10) [GCC 5.4.0 20160609]
2017-09-29 17:26:07,310: log.pubsub.pub.0005 : task-manager                    : MainThread     : INFO    :                      pid: 27479
2017-09-29 17:26:07,310: log.pubsub.pub.0005 : task-manager                    : MainThread     : INFO    :                      tid: MainThread
2017-09-29 17:26:07,310: log.pubsub.pub.0005 : task-manager                    : MainThread     : INFO    : radical.pilot        version: 0.46-v0.46.RC2@devel
2017-09-29 17:26:07,310: log.pubsub.pub.0005 : task-manager                    : MainThread     : INFO    : create log_pubsub - pub - tcp://172.30.238.6:35402
2017-09-29 17:26:07,311: log.pubsub.pub.0005 : task-manager                    : MainThread     : DEBUG   : start process
2017-09-29 17:26:07,311: log.pubsub.pub.0005 : task-manager                    : MainThread     : DEBUG   : ru_initialize_common (NOOP)
2017-09-29 17:26:07,311: log.pubsub.pub.0005 : task-manager                    : MainThread     : DEBUG   : ru_initialize_parent (NOOP)
2017-09-29 17:26:07,311: log.pubsub.pub.0005 : task-manager                    : MainThread     : DEBUG   : process class started (no child)
2017-09-29 17:40:01,775: log.pubsub.pub.0005 : umgr.scheduling.0               : MainThread     : INFO    : parent stops child
2017-09-29 17:40:01,775: log.pubsub.pub.0005 : umgr.scheduling.0               : MainThread     : DEBUG   : ru_finalize_parent (NOOP)
