2017-09-29 17:26:01,988: umgr.staging.input.0.child: umgr.staging.input.0            : MainThread     : INFO    : python.interpreter   version: 2.7.12 (default, Nov 19 2016, 06:48:10) [GCC 5.4.0 20160609]
2017-09-29 17:26:01,989: umgr.staging.input.0.child: umgr.staging.input.0            : MainThread     : INFO    :                      pid: 27521
2017-09-29 17:26:01,989: umgr.staging.input.0.child: umgr.staging.input.0            : MainThread     : INFO    :                      tid: MainThread
2017-09-29 17:26:01,990: umgr.staging.input.0.child: umgr.staging.input.0            : MainThread     : INFO    : radical.pilot        version: 0.46-v0.46.RC2@devel
2017-09-29 17:26:03,011: umgr.staging.input.0.child: umgr.staging.input.0            : MainThread     : INFO    : initialize umgr.staging.input.0.child
2017-09-29 17:26:03,013: umgr.staging.input.0.child: umgr.staging.input.0            : MainThread     : INFO    : cfg: {'agents': {},
 u'bridges': {u'control_pubsub': {'addr_in': 'tcp://172.30.238.6:35136',
                                  'addr_out': 'tcp://172.30.238.6:33529',
                                  u'bulk_size': 0,
                                  u'log_level': u'debug',
                                  u'stall_hwm': 1},
              u'log_pubsub': {'addr_in': 'tcp://172.30.238.6:35402',
                              'addr_out': 'tcp://172.30.238.6:42618',
                              u'bulk_size': 0,
                              u'log_level': u'debug',
                              u'stall_hwm': 1},
              u'state_pubsub': {'addr_in': 'tcp://172.30.238.6:34886',
                                'addr_out': 'tcp://172.30.238.6:39849',
                                u'bulk_size': 0,
                                u'log_level': u'debug',
                                u'stall_hwm': 1},
              u'umgr_reschedule_pubsub': {'addr_in': 'tcp://172.30.238.6:34610',
                                          'addr_out': 'tcp://172.30.238.6:39598',
                                          u'bulk_size': 0,
                                          u'log_level': u'debug',
                                          u'stall_hwm': 1},
              u'umgr_scheduling_queue': {'addr_in': 'tcp://172.30.238.6:46339',
                                         'addr_out': 'tcp://172.30.238.6:37398',
                                         u'bulk_size': 0,
                                         u'log_level': u'debug',
                                         u'stall_hwm': 1},
              u'umgr_staging_input_queue': {'addr_in': 'tcp://172.30.238.6:36559',
                                            'addr_out': 'tcp://172.30.238.6:42948',
                                            u'bulk_size': 0,
                                            u'log_level': u'debug',
                                            u'stall_hwm': 1},
              u'umgr_staging_output_queue': {'addr_in': 'tcp://172.30.238.6:46473',
                                             'addr_out': 'tcp://172.30.238.6:44549',
                                             u'bulk_size': 0,
                                             u'log_level': u'debug',
                                             u'stall_hwm': 1},
              u'umgr_unschedule_pubsub': {'addr_in': 'tcp://172.30.238.6:45448',
                                          'addr_out': 'tcp://172.30.238.6:40175',
                                          u'bulk_size': 0,
                                          u'log_level': u'debug',
                                          u'stall_hwm': 1}},
 u'bulk_collection_size': 100,
 u'bulk_collection_time': 1.0,
 'cname': u'UMGRStagingInputComponent',
 u'components': {},
 u'count': 1,
 u'db_poll_sleeptime': 1.0,
 'number': 0,
 'owner': 'umgr.0000',
 u'scheduler': u'round_robin',
 'uid': 'umgr.0000'}
2017-09-29 17:26:03,013: umgr.staging.input.0.child: umgr.staging.input.0            : MainThread     : DEBUG   : start components: {}
2017-09-29 17:26:03,013: umgr.staging.input.0.child: umgr.staging.input.0            : MainThread     : DEBUG   : alive check in term
2017-09-29 17:26:03,013: umgr.staging.input.0.child: umgr.staging.input.0            : MainThread     : DEBUG   : START: umgr.staging.input.0.child register publisher log_pubsub
2017-09-29 17:26:03,013: umgr.staging.input.0.child: umgr.staging.input.0            : MainThread     : DEBUG   : using addr tcp://172.30.238.6:35402 for pubsub log_pubsub
2017-09-29 17:26:03,015: umgr.staging.input.0.child: umgr.staging.input.0            : MainThread     : DEBUG   : registered publisher : log_pubsub : log.pubsub.pub.0003
2017-09-29 17:26:03,015: umgr.staging.input.0.child: umgr.staging.input.0            : MainThread     : DEBUG   : alive check in term
2017-09-29 17:26:03,015: umgr.staging.input.0.child: umgr.staging.input.0            : MainThread     : DEBUG   : START: umgr.staging.input.0.child register publisher state_pubsub
2017-09-29 17:26:03,015: umgr.staging.input.0.child: umgr.staging.input.0            : MainThread     : DEBUG   : using addr tcp://172.30.238.6:34886 for pubsub state_pubsub
2017-09-29 17:26:03,017: umgr.staging.input.0.child: umgr.staging.input.0            : MainThread     : DEBUG   : registered publisher : state_pubsub : state.pubsub.pub.0003
2017-09-29 17:26:03,017: umgr.staging.input.0.child: umgr.staging.input.0            : MainThread     : DEBUG   : alive check in term
2017-09-29 17:26:03,017: umgr.staging.input.0.child: umgr.staging.input.0            : MainThread     : DEBUG   : START: umgr.staging.input.0.child register publisher control_pubsub
2017-09-29 17:26:03,017: umgr.staging.input.0.child: umgr.staging.input.0            : MainThread     : DEBUG   : using addr tcp://172.30.238.6:35136 for pubsub control_pubsub
2017-09-29 17:26:03,018: umgr.staging.input.0.child: umgr.staging.input.0            : MainThread     : DEBUG   : registered publisher : control_pubsub : control.pubsub.pub.0003
2017-09-29 17:26:03,018: umgr.staging.input.0.child: umgr.staging.input.0            : MainThread     : DEBUG   : alive check in term
2017-09-29 17:26:03,018: umgr.staging.input.0.child: umgr.staging.input.0            : MainThread     : DEBUG   : START: umgr.staging.input.0.child register subscriber umgr.staging.input.0.child.subscriber._cancel_monitor_cb
2017-09-29 17:26:03,018: umgr.staging.input.0.child: umgr.staging.input.0            : MainThread     : DEBUG   : using addr tcp://172.30.238.6:33529 for pubsub control_pubsub
2017-09-29 17:26:03,041: umgr.staging.input.0.child: umgr.staging.input.0            : MainThread     : DEBUG   : parent name: umgr.staging.input.0.child.subscriber._cancel_monitor_cb
2017-09-29 17:26:03,041: umgr.staging.input.0.child: umgr.staging.input.0            : MainThread     : DEBUG   : start thread
2017-09-29 17:26:03,043: umgr.staging.input.0.child: umgr.staging.input.0            : umgr.staging.input.0.child.subscriber._cancel_monitor_cb: DEBUG   : child name: umgr.staging.input.0.child.subscriber._cancel_monitor_cb.thread
2017-09-29 17:26:03,043: umgr.staging.input.0.child: umgr.staging.input.0            : umgr.staging.input.0.child.subscriber._cancel_monitor_cb: INFO    : child (me) initializing
2017-09-29 17:26:03,044: umgr.staging.input.0.child: umgr.staging.input.0            : umgr.staging.input.0.child.subscriber._cancel_monitor_cb: DEBUG   : ru_initialize_common (NOOP)
2017-09-29 17:26:03,044: umgr.staging.input.0.child: umgr.staging.input.0            : umgr.staging.input.0.child.subscriber._cancel_monitor_cb: DEBUG   : ru_initialize_child (NOOP)
2017-09-29 17:26:03,045: umgr.staging.input.0.child: umgr.staging.input.0            : umgr.staging.input.0.child.subscriber._cancel_monitor_cb: INFO    : send alive
2017-09-29 17:26:03,045: umgr.staging.input.0.child: umgr.staging.input.0            : umgr.staging.input.0.child.subscriber._cancel_monitor_cb: INFO    : put message: [umgr.staging.input.0.child.subscriber._cancel_monitor_cb.thread] alive
2017-09-29 17:26:03,046: umgr.staging.input.0.child: umgr.staging.input.0            : MainThread     : INFO    : get msg: alive
2017-09-29 17:26:03,047: umgr.staging.input.0.child: umgr.staging.input.0            : MainThread     : DEBUG   : ru_initialize_common (NOOP)
2017-09-29 17:26:03,047: umgr.staging.input.0.child: umgr.staging.input.0            : MainThread     : DEBUG   : ru_initialize_parent (NOOP)
2017-09-29 17:26:03,047: umgr.staging.input.0.child: umgr.staging.input.0            : MainThread     : DEBUG   : child thread umgr.staging.input.0.child.subscriber._cancel_monitor_cb started
2017-09-29 17:26:03,047: umgr.staging.input.0.child: umgr.staging.input.0            : MainThread     : DEBUG   : umgr.staging.input.0.child registered control_pubsub subscriber umgr.staging.input.0.child.subscriber._cancel_monitor_cb
2017-09-29 17:26:03,047: umgr.staging.input.0.child: umgr.staging.input.0            : MainThread     : DEBUG   : alive check in term
2017-09-29 17:26:03,047: umgr.staging.input.0.child: umgr.staging.input.0            : MainThread     : DEBUG   : using addr tcp://172.30.238.6:42948 for input umgr_staging_input_queue
2017-09-29 17:26:03,048: umgr.staging.input.0.child: umgr.staging.input.0            : MainThread     : DEBUG   : registered input umgr.staging.input.0.child.work.UMGR_STAGING_INPUT_PENDING
2017-09-29 17:26:03,048: umgr.staging.input.0.child: umgr.staging.input.0            : MainThread     : DEBUG   : START: umgr.staging.input.0.child register input UMGR_STAGING_INPUT_PENDING: umgr.staging.input.0.child.work.UMGR_STAGING_INPUT_PENDING
2017-09-29 17:26:03,048: umgr.staging.input.0.child: umgr.staging.input.0            : MainThread     : DEBUG   : registered worker work [UMGR_STAGING_INPUT_PENDING]
2017-09-29 17:26:03,048: umgr.staging.input.0.child: umgr.staging.input.0            : MainThread     : DEBUG   : alive check in term
2017-09-29 17:26:03,048: umgr.staging.input.0.child: umgr.staging.input.0            : MainThread     : DEBUG   : START: umgr.staging.input.0.child register output AGENT_STAGING_INPUT_PENDING
2017-09-29 17:26:03,048: umgr.staging.input.0.child: umgr.staging.input.0            : MainThread     : INFO    : child (me) initializing
2017-09-29 17:26:03,048: umgr.staging.input.0.child: umgr.staging.input.0            : MainThread     : DEBUG   : parent name: umgr.staging.input.0.child.watch
2017-09-29 17:26:03,049: umgr.staging.input.0.child: umgr.staging.input.0            : MainThread     : DEBUG   : start thread
2017-09-29 17:26:03,049: umgr.staging.input.0.child: umgr.staging.input.0            : umgr.staging.input.0.child.watch: DEBUG   : child name: umgr.staging.input.0.child.watch.thread
2017-09-29 17:26:03,049: umgr.staging.input.0.child: umgr.staging.input.0            : umgr.staging.input.0.child.watch: INFO    : child (me) initializing
2017-09-29 17:26:03,049: umgr.staging.input.0.child: umgr.staging.input.0            : umgr.staging.input.0.child.watch: DEBUG   : ru_initialize_common (NOOP)
2017-09-29 17:26:03,049: umgr.staging.input.0.child: umgr.staging.input.0            : umgr.staging.input.0.child.watch: DEBUG   : ru_initialize_child (NOOP)
2017-09-29 17:26:03,050: umgr.staging.input.0.child: umgr.staging.input.0            : umgr.staging.input.0.child.watch: INFO    : send alive
2017-09-29 17:26:03,050: umgr.staging.input.0.child: umgr.staging.input.0            : umgr.staging.input.0.child.watch: INFO    : put message: [umgr.staging.input.0.child.watch.thread] alive
2017-09-29 17:26:03,050: umgr.staging.input.0.child: umgr.staging.input.0            : MainThread     : INFO    : get msg: alive
2017-09-29 17:26:03,050: umgr.staging.input.0.child: umgr.staging.input.0            : MainThread     : DEBUG   : ru_initialize_common (NOOP)
2017-09-29 17:26:03,050: umgr.staging.input.0.child: umgr.staging.input.0            : MainThread     : DEBUG   : ru_initialize_parent (NOOP)
2017-09-29 17:26:03,050: umgr.staging.input.0.child: umgr.staging.input.0            : MainThread     : DEBUG   : child thread umgr.staging.input.0.child.watch started
2017-09-29 17:26:03,051: umgr.staging.input.0.child: umgr.staging.input.0            : MainThread     : INFO    : child (me) is alive
2017-09-29 17:26:03,051: umgr.staging.input.0.child: umgr.staging.input.0            : MainThread     : INFO    : send alive
2017-09-29 17:26:03,051: umgr.staging.input.0.child: umgr.staging.input.0            : MainThread     : INFO    : send message: [umgr.staging.input.0.child] alive
2017-09-29 17:26:07,860: umgr.staging.input.0.child: umgr.staging.input.0            : MainThread     : DEBUG   : got unit (unit.000000)
2017-09-29 17:26:07,860: umgr.staging.input.0.child: umgr.staging.input.0            : MainThread     : DEBUG   : advance bulk size: 1 [False, True]
2017-09-29 17:26:07,860: umgr.staging.input.0.child: umgr.staging.input.0            : MainThread     : DEBUG   : advance bulk: unit.000000 [1]
2017-09-29 17:26:07,861: umgr.staging.input.0.child: umgr.staging.input.0            : MainThread     : DEBUG   : advance bulk size: 1 [True, True]
2017-09-29 17:26:07,861: umgr.staging.input.0.child: umgr.staging.input.0            : MainThread     : DEBUG   : advance bulk: unit.000000 [1]
2017-09-29 17:26:07,861: umgr.staging.input.0.child: umgr.staging.input.0            : MainThread     : DEBUG   : bucket: AGENT_STAGING_INPUT_PENDING : ['unit.000000']
2017-09-29 17:26:07,861: umgr.staging.input.0.child: umgr.staging.input.0            : MainThread     : DEBUG   : push unit.000000 ~~~| AGENT_STAGING_INPUT_PENDING
2017-09-29 17:26:07,948: umgr.staging.input.0.child: umgr.staging.input.0            : MainThread     : DEBUG   : got unit (unit.000001)
2017-09-29 17:26:07,948: umgr.staging.input.0.child: umgr.staging.input.0            : MainThread     : DEBUG   : advance bulk size: 1 [False, True]
2017-09-29 17:26:07,948: umgr.staging.input.0.child: umgr.staging.input.0            : MainThread     : DEBUG   : advance bulk: unit.000001 [1]
2017-09-29 17:26:07,948: umgr.staging.input.0.child: umgr.staging.input.0            : MainThread     : DEBUG   : advance bulk size: 1 [True, True]
2017-09-29 17:26:07,948: umgr.staging.input.0.child: umgr.staging.input.0            : MainThread     : DEBUG   : advance bulk: unit.000001 [1]
2017-09-29 17:26:07,949: umgr.staging.input.0.child: umgr.staging.input.0            : MainThread     : DEBUG   : bucket: AGENT_STAGING_INPUT_PENDING : ['unit.000001']
2017-09-29 17:26:07,949: umgr.staging.input.0.child: umgr.staging.input.0            : MainThread     : DEBUG   : push unit.000001 ~~~| AGENT_STAGING_INPUT_PENDING
2017-09-29 17:26:08,025: umgr.staging.input.0.child: umgr.staging.input.0            : MainThread     : DEBUG   : got unit (unit.000002)
2017-09-29 17:26:08,025: umgr.staging.input.0.child: umgr.staging.input.0            : MainThread     : DEBUG   : advance bulk size: 1 [False, True]
2017-09-29 17:26:08,025: umgr.staging.input.0.child: umgr.staging.input.0            : MainThread     : DEBUG   : advance bulk: unit.000002 [1]
2017-09-29 17:26:08,025: umgr.staging.input.0.child: umgr.staging.input.0            : MainThread     : DEBUG   : advance bulk size: 1 [True, True]
2017-09-29 17:26:08,025: umgr.staging.input.0.child: umgr.staging.input.0            : MainThread     : DEBUG   : advance bulk: unit.000002 [1]
2017-09-29 17:26:08,026: umgr.staging.input.0.child: umgr.staging.input.0            : MainThread     : DEBUG   : bucket: AGENT_STAGING_INPUT_PENDING : ['unit.000002']
2017-09-29 17:26:08,026: umgr.staging.input.0.child: umgr.staging.input.0            : MainThread     : DEBUG   : push unit.000002 ~~~| AGENT_STAGING_INPUT_PENDING
2017-09-29 17:26:08,158: umgr.staging.input.0.child: umgr.staging.input.0            : MainThread     : DEBUG   : got unit (unit.000003)
2017-09-29 17:26:08,158: umgr.staging.input.0.child: umgr.staging.input.0            : MainThread     : DEBUG   : advance bulk size: 1 [False, True]
2017-09-29 17:26:08,158: umgr.staging.input.0.child: umgr.staging.input.0            : MainThread     : DEBUG   : advance bulk: unit.000003 [1]
2017-09-29 17:26:08,159: umgr.staging.input.0.child: umgr.staging.input.0            : MainThread     : DEBUG   : advance bulk size: 1 [True, True]
2017-09-29 17:26:08,159: umgr.staging.input.0.child: umgr.staging.input.0            : MainThread     : DEBUG   : advance bulk: unit.000003 [1]
2017-09-29 17:26:08,159: umgr.staging.input.0.child: umgr.staging.input.0            : MainThread     : DEBUG   : bucket: AGENT_STAGING_INPUT_PENDING : ['unit.000003']
2017-09-29 17:26:08,159: umgr.staging.input.0.child: umgr.staging.input.0            : MainThread     : DEBUG   : push unit.000003 ~~~| AGENT_STAGING_INPUT_PENDING
2017-09-29 17:26:08,281: umgr.staging.input.0.child: umgr.staging.input.0            : MainThread     : DEBUG   : got unit (unit.000004)
2017-09-29 17:26:08,281: umgr.staging.input.0.child: umgr.staging.input.0            : MainThread     : DEBUG   : advance bulk size: 1 [False, True]
2017-09-29 17:26:08,281: umgr.staging.input.0.child: umgr.staging.input.0            : MainThread     : DEBUG   : advance bulk: unit.000004 [1]
2017-09-29 17:26:08,281: umgr.staging.input.0.child: umgr.staging.input.0            : MainThread     : DEBUG   : advance bulk size: 1 [True, True]
2017-09-29 17:26:08,281: umgr.staging.input.0.child: umgr.staging.input.0            : MainThread     : DEBUG   : advance bulk: unit.000004 [1]
2017-09-29 17:26:08,281: umgr.staging.input.0.child: umgr.staging.input.0            : MainThread     : DEBUG   : bucket: AGENT_STAGING_INPUT_PENDING : ['unit.000004']
2017-09-29 17:26:08,282: umgr.staging.input.0.child: umgr.staging.input.0            : MainThread     : DEBUG   : push unit.000004 ~~~| AGENT_STAGING_INPUT_PENDING
2017-09-29 17:26:08,367: umgr.staging.input.0.child: umgr.staging.input.0            : MainThread     : DEBUG   : got unit (unit.000005)
2017-09-29 17:26:08,368: umgr.staging.input.0.child: umgr.staging.input.0            : MainThread     : DEBUG   : advance bulk size: 1 [False, True]
2017-09-29 17:26:08,368: umgr.staging.input.0.child: umgr.staging.input.0            : MainThread     : DEBUG   : advance bulk: unit.000005 [1]
2017-09-29 17:26:08,368: umgr.staging.input.0.child: umgr.staging.input.0            : MainThread     : DEBUG   : advance bulk size: 1 [True, True]
2017-09-29 17:26:08,368: umgr.staging.input.0.child: umgr.staging.input.0            : MainThread     : DEBUG   : advance bulk: unit.000005 [1]
2017-09-29 17:26:08,368: umgr.staging.input.0.child: umgr.staging.input.0            : MainThread     : DEBUG   : bucket: AGENT_STAGING_INPUT_PENDING : ['unit.000005']
2017-09-29 17:26:08,368: umgr.staging.input.0.child: umgr.staging.input.0            : MainThread     : DEBUG   : push unit.000005 ~~~| AGENT_STAGING_INPUT_PENDING
2017-09-29 17:26:08,431: umgr.staging.input.0.child: umgr.staging.input.0            : MainThread     : DEBUG   : got unit (unit.000006)
2017-09-29 17:26:08,431: umgr.staging.input.0.child: umgr.staging.input.0            : MainThread     : DEBUG   : advance bulk size: 1 [False, True]
2017-09-29 17:26:08,431: umgr.staging.input.0.child: umgr.staging.input.0            : MainThread     : DEBUG   : advance bulk: unit.000006 [1]
2017-09-29 17:26:08,432: umgr.staging.input.0.child: umgr.staging.input.0            : MainThread     : DEBUG   : advance bulk size: 1 [True, True]
2017-09-29 17:26:08,432: umgr.staging.input.0.child: umgr.staging.input.0            : MainThread     : DEBUG   : advance bulk: unit.000006 [1]
2017-09-29 17:26:08,432: umgr.staging.input.0.child: umgr.staging.input.0            : MainThread     : DEBUG   : bucket: AGENT_STAGING_INPUT_PENDING : ['unit.000006']
2017-09-29 17:26:08,432: umgr.staging.input.0.child: umgr.staging.input.0            : MainThread     : DEBUG   : push unit.000006 ~~~| AGENT_STAGING_INPUT_PENDING
2017-09-29 17:26:08,531: umgr.staging.input.0.child: umgr.staging.input.0            : MainThread     : DEBUG   : got unit (unit.000007)
2017-09-29 17:26:08,531: umgr.staging.input.0.child: umgr.staging.input.0            : MainThread     : DEBUG   : advance bulk size: 1 [False, True]
2017-09-29 17:26:08,531: umgr.staging.input.0.child: umgr.staging.input.0            : MainThread     : DEBUG   : advance bulk: unit.000007 [1]
2017-09-29 17:26:08,532: umgr.staging.input.0.child: umgr.staging.input.0            : MainThread     : DEBUG   : advance bulk size: 1 [True, True]
2017-09-29 17:26:08,532: umgr.staging.input.0.child: umgr.staging.input.0            : MainThread     : DEBUG   : advance bulk: unit.000007 [1]
2017-09-29 17:26:08,532: umgr.staging.input.0.child: umgr.staging.input.0            : MainThread     : DEBUG   : bucket: AGENT_STAGING_INPUT_PENDING : ['unit.000007']
2017-09-29 17:26:08,532: umgr.staging.input.0.child: umgr.staging.input.0            : MainThread     : DEBUG   : push unit.000007 ~~~| AGENT_STAGING_INPUT_PENDING
2017-09-29 17:26:08,622: umgr.staging.input.0.child: umgr.staging.input.0            : MainThread     : DEBUG   : got unit (unit.000008)
2017-09-29 17:26:08,622: umgr.staging.input.0.child: umgr.staging.input.0            : MainThread     : DEBUG   : advance bulk size: 1 [False, True]
2017-09-29 17:26:08,623: umgr.staging.input.0.child: umgr.staging.input.0            : MainThread     : DEBUG   : advance bulk: unit.000008 [1]
2017-09-29 17:26:08,623: umgr.staging.input.0.child: umgr.staging.input.0            : MainThread     : DEBUG   : advance bulk size: 1 [True, True]
2017-09-29 17:26:08,623: umgr.staging.input.0.child: umgr.staging.input.0            : MainThread     : DEBUG   : advance bulk: unit.000008 [1]
2017-09-29 17:26:08,623: umgr.staging.input.0.child: umgr.staging.input.0            : MainThread     : DEBUG   : bucket: AGENT_STAGING_INPUT_PENDING : ['unit.000008']
2017-09-29 17:26:08,623: umgr.staging.input.0.child: umgr.staging.input.0            : MainThread     : DEBUG   : push unit.000008 ~~~| AGENT_STAGING_INPUT_PENDING
2017-09-29 17:26:08,686: umgr.staging.input.0.child: umgr.staging.input.0            : MainThread     : DEBUG   : got unit (unit.000009)
2017-09-29 17:26:08,686: umgr.staging.input.0.child: umgr.staging.input.0            : MainThread     : DEBUG   : advance bulk size: 1 [False, True]
2017-09-29 17:26:08,686: umgr.staging.input.0.child: umgr.staging.input.0            : MainThread     : DEBUG   : advance bulk: unit.000009 [1]
2017-09-29 17:26:08,686: umgr.staging.input.0.child: umgr.staging.input.0            : MainThread     : DEBUG   : advance bulk size: 1 [True, True]
2017-09-29 17:26:08,687: umgr.staging.input.0.child: umgr.staging.input.0            : MainThread     : DEBUG   : advance bulk: unit.000009 [1]
2017-09-29 17:26:08,687: umgr.staging.input.0.child: umgr.staging.input.0            : MainThread     : DEBUG   : bucket: AGENT_STAGING_INPUT_PENDING : ['unit.000009']
2017-09-29 17:26:08,687: umgr.staging.input.0.child: umgr.staging.input.0            : MainThread     : DEBUG   : push unit.000009 ~~~| AGENT_STAGING_INPUT_PENDING
2017-09-29 17:26:09,001: umgr.staging.input.0.child: umgr.staging.input.0            : MainThread     : DEBUG   : got unit (unit.000010)
2017-09-29 17:26:09,002: umgr.staging.input.0.child: umgr.staging.input.0            : MainThread     : DEBUG   : advance bulk size: 1 [False, True]
2017-09-29 17:26:09,002: umgr.staging.input.0.child: umgr.staging.input.0            : MainThread     : DEBUG   : advance bulk: unit.000010 [1]
2017-09-29 17:26:09,002: umgr.staging.input.0.child: umgr.staging.input.0            : MainThread     : DEBUG   : advance bulk size: 1 [True, True]
2017-09-29 17:26:09,002: umgr.staging.input.0.child: umgr.staging.input.0            : MainThread     : DEBUG   : advance bulk: unit.000010 [1]
2017-09-29 17:26:09,002: umgr.staging.input.0.child: umgr.staging.input.0            : MainThread     : DEBUG   : bucket: AGENT_STAGING_INPUT_PENDING : ['unit.000010']
2017-09-29 17:26:09,002: umgr.staging.input.0.child: umgr.staging.input.0            : MainThread     : DEBUG   : push unit.000010 ~~~| AGENT_STAGING_INPUT_PENDING
2017-09-29 17:26:09,212: umgr.staging.input.0.child: umgr.staging.input.0            : MainThread     : DEBUG   : got unit (unit.000011)
2017-09-29 17:26:09,212: umgr.staging.input.0.child: umgr.staging.input.0            : MainThread     : DEBUG   : advance bulk size: 1 [False, True]
2017-09-29 17:26:09,212: umgr.staging.input.0.child: umgr.staging.input.0            : MainThread     : DEBUG   : advance bulk: unit.000011 [1]
2017-09-29 17:26:09,212: umgr.staging.input.0.child: umgr.staging.input.0            : MainThread     : DEBUG   : advance bulk size: 1 [True, True]
2017-09-29 17:26:09,212: umgr.staging.input.0.child: umgr.staging.input.0            : MainThread     : DEBUG   : advance bulk: unit.000011 [1]
2017-09-29 17:26:09,212: umgr.staging.input.0.child: umgr.staging.input.0            : MainThread     : DEBUG   : bucket: AGENT_STAGING_INPUT_PENDING : ['unit.000011']
2017-09-29 17:26:09,212: umgr.staging.input.0.child: umgr.staging.input.0            : MainThread     : DEBUG   : push unit.000011 ~~~| AGENT_STAGING_INPUT_PENDING
2017-09-29 17:26:09,361: umgr.staging.input.0.child: umgr.staging.input.0            : MainThread     : DEBUG   : got unit (unit.000012)
2017-09-29 17:26:09,361: umgr.staging.input.0.child: umgr.staging.input.0            : MainThread     : DEBUG   : advance bulk size: 1 [False, True]
2017-09-29 17:26:09,361: umgr.staging.input.0.child: umgr.staging.input.0            : MainThread     : DEBUG   : advance bulk: unit.000012 [1]
2017-09-29 17:26:09,361: umgr.staging.input.0.child: umgr.staging.input.0            : MainThread     : DEBUG   : advance bulk size: 1 [True, True]
2017-09-29 17:26:09,361: umgr.staging.input.0.child: umgr.staging.input.0            : MainThread     : DEBUG   : advance bulk: unit.000012 [1]
2017-09-29 17:26:09,362: umgr.staging.input.0.child: umgr.staging.input.0            : MainThread     : DEBUG   : bucket: AGENT_STAGING_INPUT_PENDING : ['unit.000012']
2017-09-29 17:26:09,362: umgr.staging.input.0.child: umgr.staging.input.0            : MainThread     : DEBUG   : push unit.000012 ~~~| AGENT_STAGING_INPUT_PENDING
2017-09-29 17:26:09,427: umgr.staging.input.0.child: umgr.staging.input.0            : MainThread     : DEBUG   : got unit (unit.000013)
2017-09-29 17:26:09,427: umgr.staging.input.0.child: umgr.staging.input.0            : MainThread     : DEBUG   : advance bulk size: 1 [False, True]
2017-09-29 17:26:09,427: umgr.staging.input.0.child: umgr.staging.input.0            : MainThread     : DEBUG   : advance bulk: unit.000013 [1]
2017-09-29 17:26:09,427: umgr.staging.input.0.child: umgr.staging.input.0            : MainThread     : DEBUG   : advance bulk size: 1 [True, True]
2017-09-29 17:26:09,428: umgr.staging.input.0.child: umgr.staging.input.0            : MainThread     : DEBUG   : advance bulk: unit.000013 [1]
2017-09-29 17:26:09,428: umgr.staging.input.0.child: umgr.staging.input.0            : MainThread     : DEBUG   : bucket: AGENT_STAGING_INPUT_PENDING : ['unit.000013']
2017-09-29 17:26:09,428: umgr.staging.input.0.child: umgr.staging.input.0            : MainThread     : DEBUG   : push unit.000013 ~~~| AGENT_STAGING_INPUT_PENDING
2017-09-29 17:26:09,515: umgr.staging.input.0.child: umgr.staging.input.0            : MainThread     : DEBUG   : got unit (unit.000014)
2017-09-29 17:26:09,515: umgr.staging.input.0.child: umgr.staging.input.0            : MainThread     : DEBUG   : advance bulk size: 1 [False, True]
2017-09-29 17:26:09,515: umgr.staging.input.0.child: umgr.staging.input.0            : MainThread     : DEBUG   : advance bulk: unit.000014 [1]
2017-09-29 17:26:09,515: umgr.staging.input.0.child: umgr.staging.input.0            : MainThread     : DEBUG   : advance bulk size: 1 [True, True]
2017-09-29 17:26:09,515: umgr.staging.input.0.child: umgr.staging.input.0            : MainThread     : DEBUG   : advance bulk: unit.000014 [1]
2017-09-29 17:26:09,515: umgr.staging.input.0.child: umgr.staging.input.0            : MainThread     : DEBUG   : bucket: AGENT_STAGING_INPUT_PENDING : ['unit.000014']
2017-09-29 17:26:09,516: umgr.staging.input.0.child: umgr.staging.input.0            : MainThread     : DEBUG   : push unit.000014 ~~~| AGENT_STAGING_INPUT_PENDING
2017-09-29 17:26:09,585: umgr.staging.input.0.child: umgr.staging.input.0            : MainThread     : DEBUG   : got unit (unit.000015)
2017-09-29 17:26:09,585: umgr.staging.input.0.child: umgr.staging.input.0            : MainThread     : DEBUG   : advance bulk size: 1 [False, True]
2017-09-29 17:26:09,585: umgr.staging.input.0.child: umgr.staging.input.0            : MainThread     : DEBUG   : advance bulk: unit.000015 [1]
2017-09-29 17:26:09,585: umgr.staging.input.0.child: umgr.staging.input.0            : MainThread     : DEBUG   : advance bulk size: 1 [True, True]
2017-09-29 17:26:09,585: umgr.staging.input.0.child: umgr.staging.input.0            : MainThread     : DEBUG   : advance bulk: unit.000015 [1]
2017-09-29 17:26:09,586: umgr.staging.input.0.child: umgr.staging.input.0            : MainThread     : DEBUG   : bucket: AGENT_STAGING_INPUT_PENDING : ['unit.000015']
2017-09-29 17:26:09,586: umgr.staging.input.0.child: umgr.staging.input.0            : MainThread     : DEBUG   : push unit.000015 ~~~| AGENT_STAGING_INPUT_PENDING
2017-09-29 17:40:01,931: umgr.staging.input.0.child: umgr.staging.input.0            : umgr.staging.input.0.child.watch: WARNING : endpoint disappeard
2017-09-29 17:40:01,931: umgr.staging.input.0.child: umgr.staging.input.0            : umgr.staging.input.0.child.watch: INFO    : watcher closes
2017-09-29 17:40:01,931: umgr.staging.input.0.child: umgr.staging.input.0            : umgr.staging.input.0.child.watch: INFO    : put message: [umgr.staging.input.0.child.watch.thread] work finished
2017-09-29 17:40:01,931: umgr.staging.input.0.child: umgr.staging.input.0            : umgr.staging.input.0.child.watch: DEBUG   : ru_finalize_child (NOOP)
2017-09-29 17:40:01,931: umgr.staging.input.0.child: umgr.staging.input.0            : umgr.staging.input.0.child.watch: DEBUG   : ru_finalize_common (NOOP)
2017-09-29 17:40:01,932: umgr.staging.input.0.child: umgr.staging.input.0            : umgr.staging.input.0.child.watch: INFO    : put message: [umgr.staging.input.0.child.watch.thread] terminating
2017-09-29 17:40:02,646: umgr.staging.input.0.child: umgr.staging.input.0            : MainThread     : DEBUG   : ru_finalize_common()
2017-09-29 17:40:02,647: umgr.staging.input.0.child: umgr.staging.input.0            : MainThread     : WARNING : alive check: proc invalid - stop [False - True]
2017-09-29 17:40:02,737: umgr.staging.input.0.child: umgr.staging.input.0            : MainThread     : INFO    : stop umgr.staging.input.0.child (27521 : 27521 : MainThread) [radical.utils.process.Default.is_valid]
2017-09-29 17:40:02,737: umgr.staging.input.0.child: umgr.staging.input.0            : MainThread     : INFO    : parent stops child
2017-09-29 17:40:02,737: umgr.staging.input.0.child: umgr.staging.input.0            : MainThread     : DEBUG   : ru_finalize_common()
2017-09-29 17:40:02,737: umgr.staging.input.0.child: umgr.staging.input.0            : MainThread     : DEBUG   : TERM : umgr.staging.input.0.child unregister publisher log_pubsub
2017-09-29 17:40:02,738: umgr.staging.input.0.child: umgr.staging.input.0            : MainThread     : DEBUG   : unregistered publisher log_pubsub
2017-09-29 17:40:02,738: umgr.staging.input.0.child: umgr.staging.input.0            : MainThread     : DEBUG   : TERM : umgr.staging.input.0.child unregister publisher state_pubsub
2017-09-29 17:40:02,739: umgr.staging.input.0.child: umgr.staging.input.0            : MainThread     : DEBUG   : unregistered publisher state_pubsub
2017-09-29 17:40:02,739: umgr.staging.input.0.child: umgr.staging.input.0            : MainThread     : DEBUG   : TERM : umgr.staging.input.0.child unregister publisher control_pubsub
2017-09-29 17:40:02,739: umgr.staging.input.0.child: umgr.staging.input.0            : MainThread     : DEBUG   : unregistered publisher control_pubsub
2017-09-29 17:40:02,739: umgr.staging.input.0.child: umgr.staging.input.0            : MainThread     : DEBUG   : umgr.staging.input.0.child close prof
2017-09-29 17:40:02,740: umgr.staging.input.0.child: umgr.staging.input.0            : MainThread     : INFO    : parent stops child
2017-09-29 17:40:02,740: umgr.staging.input.0.child: umgr.staging.input.0            : MainThread     : DEBUG   : ru_finalize_parent (NOOP)
2017-09-29 17:40:02,740: umgr.staging.input.0.child: umgr.staging.input.0            : MainThread     : DEBUG   : ru_finalize_common (NOOP)
2017-09-29 17:40:02,740: umgr.staging.input.0.child: umgr.staging.input.0            : MainThread     : INFO    : parent stops child
2017-09-29 17:40:02,740: umgr.staging.input.0.child: umgr.staging.input.0            : MainThread     : DEBUG   : ru_finalize_parent (NOOP)
2017-09-29 17:40:02,740: umgr.staging.input.0.child: umgr.staging.input.0            : umgr.staging.input.0.child.subscriber._cancel_monitor_cb: ERROR   : abort: ZMQError('Socket operation on non-socket')
Traceback (most recent call last):
  File "/home/vivek91/ves/entk-exp/local/lib/python2.7/site-packages/radical/utils/threads.py", line 375, in _run
    if not self.work_cb():
  File "/home/vivek91/ves/entk-exp/local/lib/python2.7/site-packages/radical/pilot/utils/component.py", line 1088, in work_cb
    topic, msg = self._q.get_nowait(500)  # timout in ms
  File "/home/vivek91/ves/entk-exp/local/lib/python2.7/site-packages/radical/pilot/utils/pubsub.py", line 352, in get_nowait
    if _uninterruptible(self._q.poll, flags=zmq.POLLIN, timeout=timeout):
  File "/home/vivek91/ves/entk-exp/local/lib/python2.7/site-packages/radical/pilot/utils/pubsub.py", line 50, in _uninterruptible
    return f(*args, **kwargs)
  File "/home/vivek91/ves/entk-exp/local/lib/python2.7/site-packages/zmq/sugar/socket.py", line 558, in poll
    evts = dict(p.poll(timeout))
  File "/home/vivek91/ves/entk-exp/local/lib/python2.7/site-packages/zmq/sugar/poll.py", line 99, in poll
    return zmq_poll(self.sockets, timeout=timeout)
  File "zmq/backend/cython/_poll.pyx", line 123, in zmq.backend.cython._poll.zmq_poll (zmq/backend/cython/_poll.c:2186)
  File "zmq/backend/cython/_poll.pyx", line 116, in zmq.backend.cython._poll.zmq_poll (zmq/backend/cython/_poll.c:2036)
  File "zmq/backend/cython/checkrc.pxd", line 25, in zmq.backend.cython.checkrc._check_rc (zmq/backend/cython/_poll.c:2811)
    raise ZMQError(errno)
ZMQError: Socket operation on non-socket
2017-09-29 17:40:02,742: umgr.staging.input.0.child: umgr.staging.input.0            : umgr.staging.input.0.child.subscriber._cancel_monitor_cb: INFO    : put message: [umgr.staging.input.0.child.subscriber._cancel_monitor_cb.thread] ZMQError('Socket operation on non-socket')
2017-09-29 17:40:02,742: umgr.staging.input.0.child: umgr.staging.input.0            : umgr.staging.input.0.child.subscriber._cancel_monitor_cb: DEBUG   : ru_finalize_child (NOOP)
2017-09-29 17:40:02,743: umgr.staging.input.0.child: umgr.staging.input.0            : umgr.staging.input.0.child.subscriber._cancel_monitor_cb: INFO    : put message: [umgr.staging.input.0.child.subscriber._cancel_monitor_cb.thread] terminating
2017-09-29 17:40:02,744: umgr.staging.input.0.child: umgr.staging.input.0            : MainThread     : WARNING : super umgr.staging.input.0.child is invalid
2017-09-29 17:40:02,744: umgr.staging.input.0.child: umgr.staging.input.0            : MainThread     : WARNING : component umgr.staging.input.0.child is invalid
2017-09-29 17:40:02,746: umgr.staging.input.0.child: umgr.staging.input.0            : MainThread     : INFO    : stop umgr.staging.input.0.child (27521 : 27521 : MainThread) [radical.pilot.utils.component.Default.is_valid]
2017-09-29 17:40:02,746: umgr.staging.input.0.child: umgr.staging.input.0            : MainThread     : WARNING : publisher log_pubsub is not registered
2017-09-29 17:40:02,746: umgr.staging.input.0.child: umgr.staging.input.0            : MainThread     : WARNING : publisher state_pubsub is not registered
2017-09-29 17:40:02,746: umgr.staging.input.0.child: umgr.staging.input.0            : MainThread     : WARNING : publisher control_pubsub is not registered
2017-09-29 17:40:02,746: umgr.staging.input.0.child: umgr.staging.input.0            : MainThread     : DEBUG   : umgr.staging.input.0.child close prof
2017-09-29 17:40:02,746: umgr.staging.input.0.child: umgr.staging.input.0            : MainThread     : INFO    : send message: [umgr.staging.input.0.child] terminating
2017-09-29 17:40:02,746: umgr.staging.input.0.child: umgr.staging.input.0            : MainThread     : WARNING : send failed ([Errno 9] Bad file descriptor) - terminate
2017-09-29 17:40:02,746: umgr.staging.input.0.child: umgr.staging.input.0            : MainThread     : INFO    : parent stops child
