2017-10-13 16:42:53,674: state.pubsub.sub.0000: update.0                        : MainThread     : INFO    : python.interpreter   version: 2.7.12 (default, Nov 19 2016, 06:48:10) [GCC 5.4.0 20160609]
2017-10-13 16:42:53,674: state.pubsub.sub.0000: update.0                        : MainThread     : INFO    :                      pid: 21036
2017-10-13 16:42:53,674: state.pubsub.sub.0000: update.0                        : MainThread     : INFO    :                      tid: MainThread
2017-10-13 16:42:53,675: state.pubsub.sub.0000: update.0                        : MainThread     : INFO    : radical.pilot        version: 0.46-v0.46.RC2@devel
2017-10-13 16:42:53,675: state.pubsub.sub.0000: update.0                        : MainThread     : INFO    : create state_pubsub - sub - tcp://172.30.238.6:41028
2017-10-13 16:42:53,676: state.pubsub.sub.0000: update.0                        : MainThread     : DEBUG   : start process
2017-10-13 16:42:53,676: state.pubsub.sub.0000: update.0                        : MainThread     : DEBUG   : ru_initialize_common (NOOP)
2017-10-13 16:42:53,676: state.pubsub.sub.0000: update.0                        : MainThread     : DEBUG   : ru_initialize_parent (NOOP)
2017-10-13 16:42:53,676: state.pubsub.sub.0000: update.0                        : MainThread     : DEBUG   : process class started (no child)
2017-10-13 16:42:56,932: state.pubsub.sub.0000: MainProcess                     : MainThread     : INFO    : python.interpreter   version: 2.7.12 (default, Nov 19 2016, 06:48:10) [GCC 5.4.0 20160609]
2017-10-13 16:42:56,932: state.pubsub.sub.0000: MainProcess                     : MainThread     : INFO    :                      pid: 20964
2017-10-13 16:42:56,933: state.pubsub.sub.0000: MainProcess                     : MainThread     : INFO    :                      tid: MainThread
2017-10-13 16:42:56,933: state.pubsub.sub.0000: MainProcess                     : MainThread     : INFO    : radical.pilot        version: 0.46-v0.46.RC2@devel
2017-10-13 16:42:56,933: state.pubsub.sub.0000: MainProcess                     : MainThread     : INFO    : create state_pubsub - sub - tcp://172.30.238.6:41028
2017-10-13 16:42:56,933: state.pubsub.sub.0000: MainProcess                     : MainThread     : DEBUG   : start process
2017-10-13 16:42:56,934: state.pubsub.sub.0000: MainProcess                     : MainThread     : DEBUG   : ru_initialize_common (NOOP)
2017-10-13 16:42:56,934: state.pubsub.sub.0000: MainProcess                     : MainThread     : DEBUG   : ru_initialize_parent (NOOP)
2017-10-13 16:42:56,934: state.pubsub.sub.0000: MainProcess                     : MainThread     : DEBUG   : process class started (no child)
2017-10-13 17:14:17,143: state.pubsub.sub.0000: MainProcess                     : MainThread     : INFO    : parent stops child
2017-10-13 17:14:17,143: state.pubsub.sub.0000: MainProcess                     : MainThread     : DEBUG   : ru_finalize_parent (NOOP)
