2017-10-12 17:24:45,031: log.pubsub.pub.0004 : umgr.staging.output.0           : MainThread     : INFO    : python.interpreter   version: 2.7.12 (default, Nov 19 2016, 06:48:10) [GCC 5.4.0 20160609]
2017-10-12 17:24:45,031: log.pubsub.pub.0004 : umgr.staging.output.0           : MainThread     : INFO    :                      pid: 24645
2017-10-12 17:24:45,032: log.pubsub.pub.0004 : umgr.staging.output.0           : MainThread     : INFO    :                      tid: MainThread
2017-10-12 17:24:45,032: log.pubsub.pub.0004 : umgr.staging.output.0           : MainThread     : INFO    : radical.pilot        version: 0.46-v0.46.RC2@devel
2017-10-12 17:24:45,032: log.pubsub.pub.0004 : umgr.staging.output.0           : MainThread     : INFO    : create log_pubsub - pub - tcp://172.30.238.6:43826
2017-10-12 17:24:45,033: log.pubsub.pub.0004 : umgr.staging.output.0           : MainThread     : DEBUG   : start process
2017-10-12 17:24:45,033: log.pubsub.pub.0004 : umgr.staging.output.0           : MainThread     : DEBUG   : ru_initialize_common (NOOP)
2017-10-12 17:24:45,034: log.pubsub.pub.0004 : umgr.staging.output.0           : MainThread     : DEBUG   : ru_initialize_parent (NOOP)
2017-10-12 17:24:45,034: log.pubsub.pub.0004 : umgr.staging.output.0           : MainThread     : DEBUG   : process class started (no child)
2017-10-12 17:24:45,062: log.pubsub.pub.0004 : task-manager                    : MainThread     : INFO    : python.interpreter   version: 2.7.12 (default, Nov 19 2016, 06:48:10) [GCC 5.4.0 20160609]
2017-10-12 17:24:45,062: log.pubsub.pub.0004 : task-manager                    : MainThread     : INFO    :                      pid: 24576
2017-10-12 17:24:45,062: log.pubsub.pub.0004 : task-manager                    : MainThread     : INFO    :                      tid: MainThread
2017-10-12 17:24:45,062: log.pubsub.pub.0004 : task-manager                    : MainThread     : INFO    : radical.pilot        version: 0.46-v0.46.RC2@devel
2017-10-12 17:24:45,062: log.pubsub.pub.0004 : task-manager                    : MainThread     : INFO    : create log_pubsub - pub - tcp://172.30.238.6:43826
2017-10-12 17:24:45,079: log.pubsub.pub.0004 : task-manager                    : MainThread     : DEBUG   : start process
2017-10-12 17:24:45,079: log.pubsub.pub.0004 : task-manager                    : MainThread     : DEBUG   : ru_initialize_common (NOOP)
2017-10-12 17:24:45,079: log.pubsub.pub.0004 : task-manager                    : MainThread     : DEBUG   : ru_initialize_parent (NOOP)
2017-10-12 17:24:45,080: log.pubsub.pub.0004 : task-manager                    : MainThread     : DEBUG   : process class started (no child)
2017-10-12 17:26:37,829: log.pubsub.pub.0004 : umgr.staging.output.0           : MainThread     : INFO    : parent stops child
2017-10-12 17:26:37,830: log.pubsub.pub.0004 : umgr.staging.output.0           : MainThread     : DEBUG   : ru_finalize_parent (NOOP)
