2017-10-12 17:24:41,900: umgr.staging.input.0.child: umgr.staging.input.0            : MainThread     : INFO    : python.interpreter   version: 2.7.12 (default, Nov 19 2016, 06:48:10) [GCC 5.4.0 20160609]
2017-10-12 17:24:41,901: umgr.staging.input.0.child: umgr.staging.input.0            : MainThread     : INFO    :                      pid: 24618
2017-10-12 17:24:41,901: umgr.staging.input.0.child: umgr.staging.input.0            : MainThread     : INFO    :                      tid: MainThread
2017-10-12 17:24:41,901: umgr.staging.input.0.child: umgr.staging.input.0            : MainThread     : INFO    : radical.pilot        version: 0.46-v0.46.RC2@devel
2017-10-12 17:24:42,922: umgr.staging.input.0.child: umgr.staging.input.0            : MainThread     : INFO    : initialize umgr.staging.input.0.child
2017-10-12 17:24:42,924: umgr.staging.input.0.child: umgr.staging.input.0            : MainThread     : INFO    : cfg: {'agents': {},
 u'bridges': {u'control_pubsub': {'addr_in': 'tcp://172.30.238.6:39644',
                                  'addr_out': 'tcp://172.30.238.6:38601',
                                  u'bulk_size': 0,
                                  u'log_level': u'debug',
                                  u'stall_hwm': 1},
              u'log_pubsub': {'addr_in': 'tcp://172.30.238.6:43826',
                              'addr_out': 'tcp://172.30.238.6:34683',
                              u'bulk_size': 0,
                              u'log_level': u'debug',
                              u'stall_hwm': 1},
              u'state_pubsub': {'addr_in': 'tcp://172.30.238.6:46682',
                                'addr_out': 'tcp://172.30.238.6:42068',
                                u'bulk_size': 0,
                                u'log_level': u'debug',
                                u'stall_hwm': 1},
              u'umgr_reschedule_pubsub': {'addr_in': 'tcp://172.30.238.6:43616',
                                          'addr_out': 'tcp://172.30.238.6:34969',
                                          u'bulk_size': 0,
                                          u'log_level': u'debug',
                                          u'stall_hwm': 1},
              u'umgr_scheduling_queue': {'addr_in': 'tcp://172.30.238.6:45316',
                                         'addr_out': 'tcp://172.30.238.6:43735',
                                         u'bulk_size': 0,
                                         u'log_level': u'debug',
                                         u'stall_hwm': 1},
              u'umgr_staging_input_queue': {'addr_in': 'tcp://172.30.238.6:41657',
                                            'addr_out': 'tcp://172.30.238.6:43548',
                                            u'bulk_size': 0,
                                            u'log_level': u'debug',
                                            u'stall_hwm': 1},
              u'umgr_staging_output_queue': {'addr_in': 'tcp://172.30.238.6:37521',
                                             'addr_out': 'tcp://172.30.238.6:35138',
                                             u'bulk_size': 0,
                                             u'log_level': u'debug',
                                             u'stall_hwm': 1},
              u'umgr_unschedule_pubsub': {'addr_in': 'tcp://172.30.238.6:39483',
                                          'addr_out': 'tcp://172.30.238.6:43617',
                                          u'bulk_size': 0,
                                          u'log_level': u'debug',
                                          u'stall_hwm': 1}},
 u'bulk_collection_size': 100,
 u'bulk_collection_time': 1.0,
 'cname': u'UMGRStagingInputComponent',
 u'components': {},
 u'count': 1,
 u'db_poll_sleeptime': 1.0,
 'number': 0,
 'owner': 'umgr.0000',
 u'scheduler': u'round_robin',
 'uid': 'umgr.0000'}
2017-10-12 17:24:42,924: umgr.staging.input.0.child: umgr.staging.input.0            : MainThread     : DEBUG   : start components: {}
2017-10-12 17:24:42,924: umgr.staging.input.0.child: umgr.staging.input.0            : MainThread     : DEBUG   : alive check in term
2017-10-12 17:24:42,924: umgr.staging.input.0.child: umgr.staging.input.0            : MainThread     : DEBUG   : START: umgr.staging.input.0.child register publisher log_pubsub
2017-10-12 17:24:42,924: umgr.staging.input.0.child: umgr.staging.input.0            : MainThread     : DEBUG   : using addr tcp://172.30.238.6:43826 for pubsub log_pubsub
2017-10-12 17:24:42,926: umgr.staging.input.0.child: umgr.staging.input.0            : MainThread     : DEBUG   : registered publisher : log_pubsub : log.pubsub.pub.0003
2017-10-12 17:24:42,926: umgr.staging.input.0.child: umgr.staging.input.0            : MainThread     : DEBUG   : alive check in term
2017-10-12 17:24:42,927: umgr.staging.input.0.child: umgr.staging.input.0            : MainThread     : DEBUG   : START: umgr.staging.input.0.child register publisher state_pubsub
2017-10-12 17:24:42,927: umgr.staging.input.0.child: umgr.staging.input.0            : MainThread     : DEBUG   : using addr tcp://172.30.238.6:46682 for pubsub state_pubsub
2017-10-12 17:24:42,928: umgr.staging.input.0.child: umgr.staging.input.0            : MainThread     : DEBUG   : registered publisher : state_pubsub : state.pubsub.pub.0003
2017-10-12 17:24:42,928: umgr.staging.input.0.child: umgr.staging.input.0            : MainThread     : DEBUG   : alive check in term
2017-10-12 17:24:42,928: umgr.staging.input.0.child: umgr.staging.input.0            : MainThread     : DEBUG   : START: umgr.staging.input.0.child register publisher control_pubsub
2017-10-12 17:24:42,928: umgr.staging.input.0.child: umgr.staging.input.0            : MainThread     : DEBUG   : using addr tcp://172.30.238.6:39644 for pubsub control_pubsub
2017-10-12 17:24:42,929: umgr.staging.input.0.child: umgr.staging.input.0            : MainThread     : DEBUG   : registered publisher : control_pubsub : control.pubsub.pub.0003
2017-10-12 17:24:42,930: umgr.staging.input.0.child: umgr.staging.input.0            : MainThread     : DEBUG   : alive check in term
2017-10-12 17:24:42,930: umgr.staging.input.0.child: umgr.staging.input.0            : MainThread     : DEBUG   : START: umgr.staging.input.0.child register subscriber umgr.staging.input.0.child.subscriber._cancel_monitor_cb
2017-10-12 17:24:42,930: umgr.staging.input.0.child: umgr.staging.input.0            : MainThread     : DEBUG   : using addr tcp://172.30.238.6:38601 for pubsub control_pubsub
2017-10-12 17:24:42,951: umgr.staging.input.0.child: umgr.staging.input.0            : MainThread     : DEBUG   : parent name: umgr.staging.input.0.child.subscriber._cancel_monitor_cb
2017-10-12 17:24:42,951: umgr.staging.input.0.child: umgr.staging.input.0            : MainThread     : DEBUG   : start thread
2017-10-12 17:24:42,952: umgr.staging.input.0.child: umgr.staging.input.0            : umgr.staging.input.0.child.subscriber._cancel_monitor_cb: DEBUG   : child name: umgr.staging.input.0.child.subscriber._cancel_monitor_cb.thread
2017-10-12 17:24:42,952: umgr.staging.input.0.child: umgr.staging.input.0            : umgr.staging.input.0.child.subscriber._cancel_monitor_cb: INFO    : child (me) initializing
2017-10-12 17:24:42,952: umgr.staging.input.0.child: umgr.staging.input.0            : umgr.staging.input.0.child.subscriber._cancel_monitor_cb: DEBUG   : ru_initialize_common (NOOP)
2017-10-12 17:24:42,952: umgr.staging.input.0.child: umgr.staging.input.0            : umgr.staging.input.0.child.subscriber._cancel_monitor_cb: DEBUG   : ru_initialize_child (NOOP)
2017-10-12 17:24:42,952: umgr.staging.input.0.child: umgr.staging.input.0            : umgr.staging.input.0.child.subscriber._cancel_monitor_cb: INFO    : send alive
2017-10-12 17:24:42,952: umgr.staging.input.0.child: umgr.staging.input.0            : umgr.staging.input.0.child.subscriber._cancel_monitor_cb: INFO    : put message: [umgr.staging.input.0.child.subscriber._cancel_monitor_cb.thread] alive
2017-10-12 17:24:42,953: umgr.staging.input.0.child: umgr.staging.input.0            : MainThread     : INFO    : get msg: alive
2017-10-12 17:24:42,953: umgr.staging.input.0.child: umgr.staging.input.0            : MainThread     : DEBUG   : ru_initialize_common (NOOP)
2017-10-12 17:24:42,953: umgr.staging.input.0.child: umgr.staging.input.0            : MainThread     : DEBUG   : ru_initialize_parent (NOOP)
2017-10-12 17:24:42,953: umgr.staging.input.0.child: umgr.staging.input.0            : MainThread     : DEBUG   : child thread umgr.staging.input.0.child.subscriber._cancel_monitor_cb started
2017-10-12 17:24:42,953: umgr.staging.input.0.child: umgr.staging.input.0            : MainThread     : DEBUG   : umgr.staging.input.0.child registered control_pubsub subscriber umgr.staging.input.0.child.subscriber._cancel_monitor_cb
2017-10-12 17:24:42,953: umgr.staging.input.0.child: umgr.staging.input.0            : MainThread     : DEBUG   : alive check in term
2017-10-12 17:24:42,953: umgr.staging.input.0.child: umgr.staging.input.0            : MainThread     : DEBUG   : using addr tcp://172.30.238.6:43548 for input umgr_staging_input_queue
2017-10-12 17:24:42,955: umgr.staging.input.0.child: umgr.staging.input.0            : MainThread     : DEBUG   : registered input umgr.staging.input.0.child.work.UMGR_STAGING_INPUT_PENDING
2017-10-12 17:24:42,955: umgr.staging.input.0.child: umgr.staging.input.0            : MainThread     : DEBUG   : START: umgr.staging.input.0.child register input UMGR_STAGING_INPUT_PENDING: umgr.staging.input.0.child.work.UMGR_STAGING_INPUT_PENDING
2017-10-12 17:24:42,955: umgr.staging.input.0.child: umgr.staging.input.0            : MainThread     : DEBUG   : registered worker work [UMGR_STAGING_INPUT_PENDING]
2017-10-12 17:24:42,955: umgr.staging.input.0.child: umgr.staging.input.0            : MainThread     : DEBUG   : alive check in term
2017-10-12 17:24:42,955: umgr.staging.input.0.child: umgr.staging.input.0            : MainThread     : DEBUG   : START: umgr.staging.input.0.child register output AGENT_STAGING_INPUT_PENDING
2017-10-12 17:24:42,955: umgr.staging.input.0.child: umgr.staging.input.0            : MainThread     : INFO    : child (me) initializing
2017-10-12 17:24:42,955: umgr.staging.input.0.child: umgr.staging.input.0            : MainThread     : DEBUG   : parent name: umgr.staging.input.0.child.watch
2017-10-12 17:24:42,955: umgr.staging.input.0.child: umgr.staging.input.0            : MainThread     : DEBUG   : start thread
2017-10-12 17:24:42,955: umgr.staging.input.0.child: umgr.staging.input.0            : umgr.staging.input.0.child.watch: DEBUG   : child name: umgr.staging.input.0.child.watch.thread
2017-10-12 17:24:42,956: umgr.staging.input.0.child: umgr.staging.input.0            : umgr.staging.input.0.child.watch: INFO    : child (me) initializing
2017-10-12 17:24:42,956: umgr.staging.input.0.child: umgr.staging.input.0            : umgr.staging.input.0.child.watch: DEBUG   : ru_initialize_common (NOOP)
2017-10-12 17:24:42,956: umgr.staging.input.0.child: umgr.staging.input.0            : umgr.staging.input.0.child.watch: DEBUG   : ru_initialize_child (NOOP)
2017-10-12 17:24:42,956: umgr.staging.input.0.child: umgr.staging.input.0            : umgr.staging.input.0.child.watch: INFO    : send alive
2017-10-12 17:24:42,956: umgr.staging.input.0.child: umgr.staging.input.0            : umgr.staging.input.0.child.watch: INFO    : put message: [umgr.staging.input.0.child.watch.thread] alive
2017-10-12 17:24:42,957: umgr.staging.input.0.child: umgr.staging.input.0            : MainThread     : INFO    : get msg: alive
2017-10-12 17:24:42,957: umgr.staging.input.0.child: umgr.staging.input.0            : MainThread     : DEBUG   : ru_initialize_common (NOOP)
2017-10-12 17:24:42,957: umgr.staging.input.0.child: umgr.staging.input.0            : MainThread     : DEBUG   : ru_initialize_parent (NOOP)
2017-10-12 17:24:42,957: umgr.staging.input.0.child: umgr.staging.input.0            : MainThread     : DEBUG   : child thread umgr.staging.input.0.child.watch started
2017-10-12 17:24:42,957: umgr.staging.input.0.child: umgr.staging.input.0            : MainThread     : INFO    : child (me) is alive
2017-10-12 17:24:42,957: umgr.staging.input.0.child: umgr.staging.input.0            : MainThread     : INFO    : send alive
2017-10-12 17:24:42,957: umgr.staging.input.0.child: umgr.staging.input.0            : MainThread     : INFO    : send message: [umgr.staging.input.0.child] alive
2017-10-12 17:24:47,724: umgr.staging.input.0.child: umgr.staging.input.0            : MainThread     : DEBUG   : got unit (unit.000000)
2017-10-12 17:24:47,724: umgr.staging.input.0.child: umgr.staging.input.0            : MainThread     : DEBUG   : advance bulk size: 1 [False, True]
2017-10-12 17:24:47,725: umgr.staging.input.0.child: umgr.staging.input.0            : MainThread     : DEBUG   : advance bulk: unit.000000 [1]
2017-10-12 17:24:47,725: umgr.staging.input.0.child: umgr.staging.input.0            : MainThread     : DEBUG   : advance bulk size: 1 [True, True]
2017-10-12 17:24:47,725: umgr.staging.input.0.child: umgr.staging.input.0            : MainThread     : DEBUG   : advance bulk: unit.000000 [1]
2017-10-12 17:24:47,725: umgr.staging.input.0.child: umgr.staging.input.0            : MainThread     : DEBUG   : bucket: AGENT_STAGING_INPUT_PENDING : ['unit.000000']
2017-10-12 17:24:47,725: umgr.staging.input.0.child: umgr.staging.input.0            : MainThread     : DEBUG   : push unit.000000 ~~~| AGENT_STAGING_INPUT_PENDING
2017-10-12 17:24:47,804: umgr.staging.input.0.child: umgr.staging.input.0            : MainThread     : DEBUG   : got unit (unit.000001)
2017-10-12 17:24:47,804: umgr.staging.input.0.child: umgr.staging.input.0            : MainThread     : DEBUG   : advance bulk size: 1 [False, True]
2017-10-12 17:24:47,804: umgr.staging.input.0.child: umgr.staging.input.0            : MainThread     : DEBUG   : advance bulk: unit.000001 [1]
2017-10-12 17:24:47,805: umgr.staging.input.0.child: umgr.staging.input.0            : MainThread     : DEBUG   : advance bulk size: 1 [True, True]
2017-10-12 17:24:47,805: umgr.staging.input.0.child: umgr.staging.input.0            : MainThread     : DEBUG   : advance bulk: unit.000001 [1]
2017-10-12 17:24:47,805: umgr.staging.input.0.child: umgr.staging.input.0            : MainThread     : DEBUG   : bucket: AGENT_STAGING_INPUT_PENDING : ['unit.000001']
2017-10-12 17:24:47,805: umgr.staging.input.0.child: umgr.staging.input.0            : MainThread     : DEBUG   : push unit.000001 ~~~| AGENT_STAGING_INPUT_PENDING
2017-10-12 17:24:47,894: umgr.staging.input.0.child: umgr.staging.input.0            : MainThread     : DEBUG   : got unit (unit.000002)
2017-10-12 17:24:47,894: umgr.staging.input.0.child: umgr.staging.input.0            : MainThread     : DEBUG   : advance bulk size: 1 [False, True]
2017-10-12 17:24:47,894: umgr.staging.input.0.child: umgr.staging.input.0            : MainThread     : DEBUG   : advance bulk: unit.000002 [1]
2017-10-12 17:24:47,895: umgr.staging.input.0.child: umgr.staging.input.0            : MainThread     : DEBUG   : advance bulk size: 1 [True, True]
2017-10-12 17:24:47,895: umgr.staging.input.0.child: umgr.staging.input.0            : MainThread     : DEBUG   : advance bulk: unit.000002 [1]
2017-10-12 17:24:47,895: umgr.staging.input.0.child: umgr.staging.input.0            : MainThread     : DEBUG   : bucket: AGENT_STAGING_INPUT_PENDING : ['unit.000002']
2017-10-12 17:24:47,895: umgr.staging.input.0.child: umgr.staging.input.0            : MainThread     : DEBUG   : push unit.000002 ~~~| AGENT_STAGING_INPUT_PENDING
2017-10-12 17:24:47,957: umgr.staging.input.0.child: umgr.staging.input.0            : MainThread     : DEBUG   : got unit (unit.000003)
2017-10-12 17:24:47,957: umgr.staging.input.0.child: umgr.staging.input.0            : MainThread     : DEBUG   : advance bulk size: 1 [False, True]
2017-10-12 17:24:47,957: umgr.staging.input.0.child: umgr.staging.input.0            : MainThread     : DEBUG   : advance bulk: unit.000003 [1]
2017-10-12 17:24:47,958: umgr.staging.input.0.child: umgr.staging.input.0            : MainThread     : DEBUG   : advance bulk size: 1 [True, True]
2017-10-12 17:24:47,958: umgr.staging.input.0.child: umgr.staging.input.0            : MainThread     : DEBUG   : advance bulk: unit.000003 [1]
2017-10-12 17:24:47,958: umgr.staging.input.0.child: umgr.staging.input.0            : MainThread     : DEBUG   : bucket: AGENT_STAGING_INPUT_PENDING : ['unit.000003']
2017-10-12 17:24:47,958: umgr.staging.input.0.child: umgr.staging.input.0            : MainThread     : DEBUG   : push unit.000003 ~~~| AGENT_STAGING_INPUT_PENDING
2017-10-12 17:24:48,020: umgr.staging.input.0.child: umgr.staging.input.0            : MainThread     : DEBUG   : got unit (unit.000004)
2017-10-12 17:24:48,020: umgr.staging.input.0.child: umgr.staging.input.0            : MainThread     : DEBUG   : advance bulk size: 1 [False, True]
2017-10-12 17:24:48,021: umgr.staging.input.0.child: umgr.staging.input.0            : MainThread     : DEBUG   : advance bulk: unit.000004 [1]
2017-10-12 17:24:48,021: umgr.staging.input.0.child: umgr.staging.input.0            : MainThread     : DEBUG   : advance bulk size: 1 [True, True]
2017-10-12 17:24:48,021: umgr.staging.input.0.child: umgr.staging.input.0            : MainThread     : DEBUG   : advance bulk: unit.000004 [1]
2017-10-12 17:24:48,021: umgr.staging.input.0.child: umgr.staging.input.0            : MainThread     : DEBUG   : bucket: AGENT_STAGING_INPUT_PENDING : ['unit.000004']
2017-10-12 17:24:48,021: umgr.staging.input.0.child: umgr.staging.input.0            : MainThread     : DEBUG   : push unit.000004 ~~~| AGENT_STAGING_INPUT_PENDING
2017-10-12 17:24:48,084: umgr.staging.input.0.child: umgr.staging.input.0            : MainThread     : DEBUG   : got unit (unit.000005)
2017-10-12 17:24:48,084: umgr.staging.input.0.child: umgr.staging.input.0            : MainThread     : DEBUG   : advance bulk size: 1 [False, True]
2017-10-12 17:24:48,084: umgr.staging.input.0.child: umgr.staging.input.0            : MainThread     : DEBUG   : advance bulk: unit.000005 [1]
2017-10-12 17:24:48,085: umgr.staging.input.0.child: umgr.staging.input.0            : MainThread     : DEBUG   : advance bulk size: 1 [True, True]
2017-10-12 17:24:48,085: umgr.staging.input.0.child: umgr.staging.input.0            : MainThread     : DEBUG   : advance bulk: unit.000005 [1]
2017-10-12 17:24:48,085: umgr.staging.input.0.child: umgr.staging.input.0            : MainThread     : DEBUG   : bucket: AGENT_STAGING_INPUT_PENDING : ['unit.000005']
2017-10-12 17:24:48,085: umgr.staging.input.0.child: umgr.staging.input.0            : MainThread     : DEBUG   : push unit.000005 ~~~| AGENT_STAGING_INPUT_PENDING
2017-10-12 17:24:48,148: umgr.staging.input.0.child: umgr.staging.input.0            : MainThread     : DEBUG   : got unit (unit.000006)
2017-10-12 17:24:48,148: umgr.staging.input.0.child: umgr.staging.input.0            : MainThread     : DEBUG   : advance bulk size: 1 [False, True]
2017-10-12 17:24:48,148: umgr.staging.input.0.child: umgr.staging.input.0            : MainThread     : DEBUG   : advance bulk: unit.000006 [1]
2017-10-12 17:24:48,149: umgr.staging.input.0.child: umgr.staging.input.0            : MainThread     : DEBUG   : advance bulk size: 1 [True, True]
2017-10-12 17:24:48,149: umgr.staging.input.0.child: umgr.staging.input.0            : MainThread     : DEBUG   : advance bulk: unit.000006 [1]
2017-10-12 17:24:48,149: umgr.staging.input.0.child: umgr.staging.input.0            : MainThread     : DEBUG   : bucket: AGENT_STAGING_INPUT_PENDING : ['unit.000006']
2017-10-12 17:24:48,149: umgr.staging.input.0.child: umgr.staging.input.0            : MainThread     : DEBUG   : push unit.000006 ~~~| AGENT_STAGING_INPUT_PENDING
2017-10-12 17:24:48,277: umgr.staging.input.0.child: umgr.staging.input.0            : MainThread     : DEBUG   : got unit (unit.000007)
2017-10-12 17:24:48,277: umgr.staging.input.0.child: umgr.staging.input.0            : MainThread     : DEBUG   : advance bulk size: 1 [False, True]
2017-10-12 17:24:48,277: umgr.staging.input.0.child: umgr.staging.input.0            : MainThread     : DEBUG   : advance bulk: unit.000007 [1]
2017-10-12 17:24:48,277: umgr.staging.input.0.child: umgr.staging.input.0            : MainThread     : DEBUG   : advance bulk size: 1 [True, True]
2017-10-12 17:24:48,277: umgr.staging.input.0.child: umgr.staging.input.0            : MainThread     : DEBUG   : advance bulk: unit.000007 [1]
2017-10-12 17:24:48,278: umgr.staging.input.0.child: umgr.staging.input.0            : MainThread     : DEBUG   : bucket: AGENT_STAGING_INPUT_PENDING : ['unit.000007']
2017-10-12 17:24:48,278: umgr.staging.input.0.child: umgr.staging.input.0            : MainThread     : DEBUG   : push unit.000007 ~~~| AGENT_STAGING_INPUT_PENDING
2017-10-12 17:24:48,342: umgr.staging.input.0.child: umgr.staging.input.0            : MainThread     : DEBUG   : got unit (unit.000008)
2017-10-12 17:24:48,342: umgr.staging.input.0.child: umgr.staging.input.0            : MainThread     : DEBUG   : advance bulk size: 1 [False, True]
2017-10-12 17:24:48,342: umgr.staging.input.0.child: umgr.staging.input.0            : MainThread     : DEBUG   : advance bulk: unit.000008 [1]
2017-10-12 17:24:48,342: umgr.staging.input.0.child: umgr.staging.input.0            : MainThread     : DEBUG   : advance bulk size: 1 [True, True]
2017-10-12 17:24:48,342: umgr.staging.input.0.child: umgr.staging.input.0            : MainThread     : DEBUG   : advance bulk: unit.000008 [1]
2017-10-12 17:24:48,343: umgr.staging.input.0.child: umgr.staging.input.0            : MainThread     : DEBUG   : bucket: AGENT_STAGING_INPUT_PENDING : ['unit.000008']
2017-10-12 17:24:48,343: umgr.staging.input.0.child: umgr.staging.input.0            : MainThread     : DEBUG   : push unit.000008 ~~~| AGENT_STAGING_INPUT_PENDING
2017-10-12 17:24:48,410: umgr.staging.input.0.child: umgr.staging.input.0            : MainThread     : DEBUG   : got unit (unit.000009)
2017-10-12 17:24:48,410: umgr.staging.input.0.child: umgr.staging.input.0            : MainThread     : DEBUG   : advance bulk size: 1 [False, True]
2017-10-12 17:24:48,410: umgr.staging.input.0.child: umgr.staging.input.0            : MainThread     : DEBUG   : advance bulk: unit.000009 [1]
2017-10-12 17:24:48,411: umgr.staging.input.0.child: umgr.staging.input.0            : MainThread     : DEBUG   : advance bulk size: 1 [True, True]
2017-10-12 17:24:48,411: umgr.staging.input.0.child: umgr.staging.input.0            : MainThread     : DEBUG   : advance bulk: unit.000009 [1]
2017-10-12 17:24:48,411: umgr.staging.input.0.child: umgr.staging.input.0            : MainThread     : DEBUG   : bucket: AGENT_STAGING_INPUT_PENDING : ['unit.000009']
2017-10-12 17:24:48,411: umgr.staging.input.0.child: umgr.staging.input.0            : MainThread     : DEBUG   : push unit.000009 ~~~| AGENT_STAGING_INPUT_PENDING
2017-10-12 17:24:48,473: umgr.staging.input.0.child: umgr.staging.input.0            : MainThread     : DEBUG   : got unit (unit.000010)
2017-10-12 17:24:48,473: umgr.staging.input.0.child: umgr.staging.input.0            : MainThread     : DEBUG   : advance bulk size: 1 [False, True]
2017-10-12 17:24:48,474: umgr.staging.input.0.child: umgr.staging.input.0            : MainThread     : DEBUG   : advance bulk: unit.000010 [1]
2017-10-12 17:24:48,474: umgr.staging.input.0.child: umgr.staging.input.0            : MainThread     : DEBUG   : advance bulk size: 1 [True, True]
2017-10-12 17:24:48,474: umgr.staging.input.0.child: umgr.staging.input.0            : MainThread     : DEBUG   : advance bulk: unit.000010 [1]
2017-10-12 17:24:48,474: umgr.staging.input.0.child: umgr.staging.input.0            : MainThread     : DEBUG   : bucket: AGENT_STAGING_INPUT_PENDING : ['unit.000010']
2017-10-12 17:24:48,474: umgr.staging.input.0.child: umgr.staging.input.0            : MainThread     : DEBUG   : push unit.000010 ~~~| AGENT_STAGING_INPUT_PENDING
2017-10-12 17:24:48,540: umgr.staging.input.0.child: umgr.staging.input.0            : MainThread     : DEBUG   : got unit (unit.000011)
2017-10-12 17:24:48,540: umgr.staging.input.0.child: umgr.staging.input.0            : MainThread     : DEBUG   : advance bulk size: 1 [False, True]
2017-10-12 17:24:48,540: umgr.staging.input.0.child: umgr.staging.input.0            : MainThread     : DEBUG   : advance bulk: unit.000011 [1]
2017-10-12 17:24:48,541: umgr.staging.input.0.child: umgr.staging.input.0            : MainThread     : DEBUG   : advance bulk size: 1 [True, True]
2017-10-12 17:24:48,541: umgr.staging.input.0.child: umgr.staging.input.0            : MainThread     : DEBUG   : advance bulk: unit.000011 [1]
2017-10-12 17:24:48,541: umgr.staging.input.0.child: umgr.staging.input.0            : MainThread     : DEBUG   : bucket: AGENT_STAGING_INPUT_PENDING : ['unit.000011']
2017-10-12 17:24:48,541: umgr.staging.input.0.child: umgr.staging.input.0            : MainThread     : DEBUG   : push unit.000011 ~~~| AGENT_STAGING_INPUT_PENDING
2017-10-12 17:24:48,848: umgr.staging.input.0.child: umgr.staging.input.0            : MainThread     : DEBUG   : got unit (unit.000012)
2017-10-12 17:24:48,848: umgr.staging.input.0.child: umgr.staging.input.0            : MainThread     : DEBUG   : advance bulk size: 1 [False, True]
2017-10-12 17:24:48,848: umgr.staging.input.0.child: umgr.staging.input.0            : MainThread     : DEBUG   : advance bulk: unit.000012 [1]
2017-10-12 17:24:48,849: umgr.staging.input.0.child: umgr.staging.input.0            : MainThread     : DEBUG   : advance bulk size: 1 [True, True]
2017-10-12 17:24:48,849: umgr.staging.input.0.child: umgr.staging.input.0            : MainThread     : DEBUG   : advance bulk: unit.000012 [1]
2017-10-12 17:24:48,849: umgr.staging.input.0.child: umgr.staging.input.0            : MainThread     : DEBUG   : bucket: AGENT_STAGING_INPUT_PENDING : ['unit.000012']
2017-10-12 17:24:48,849: umgr.staging.input.0.child: umgr.staging.input.0            : MainThread     : DEBUG   : push unit.000012 ~~~| AGENT_STAGING_INPUT_PENDING
2017-10-12 17:24:48,938: umgr.staging.input.0.child: umgr.staging.input.0            : MainThread     : DEBUG   : got unit (unit.000013)
2017-10-12 17:24:48,938: umgr.staging.input.0.child: umgr.staging.input.0            : MainThread     : DEBUG   : advance bulk size: 1 [False, True]
2017-10-12 17:24:48,938: umgr.staging.input.0.child: umgr.staging.input.0            : MainThread     : DEBUG   : advance bulk: unit.000013 [1]
2017-10-12 17:24:48,939: umgr.staging.input.0.child: umgr.staging.input.0            : MainThread     : DEBUG   : advance bulk size: 1 [True, True]
2017-10-12 17:24:48,939: umgr.staging.input.0.child: umgr.staging.input.0            : MainThread     : DEBUG   : advance bulk: unit.000013 [1]
2017-10-12 17:24:48,939: umgr.staging.input.0.child: umgr.staging.input.0            : MainThread     : DEBUG   : bucket: AGENT_STAGING_INPUT_PENDING : ['unit.000013']
2017-10-12 17:24:48,939: umgr.staging.input.0.child: umgr.staging.input.0            : MainThread     : DEBUG   : push unit.000013 ~~~| AGENT_STAGING_INPUT_PENDING
2017-10-12 17:24:49,026: umgr.staging.input.0.child: umgr.staging.input.0            : MainThread     : DEBUG   : got unit (unit.000014)
2017-10-12 17:24:49,026: umgr.staging.input.0.child: umgr.staging.input.0            : MainThread     : DEBUG   : advance bulk size: 1 [False, True]
2017-10-12 17:24:49,027: umgr.staging.input.0.child: umgr.staging.input.0            : MainThread     : DEBUG   : advance bulk: unit.000014 [1]
2017-10-12 17:24:49,027: umgr.staging.input.0.child: umgr.staging.input.0            : MainThread     : DEBUG   : advance bulk size: 1 [True, True]
2017-10-12 17:24:49,027: umgr.staging.input.0.child: umgr.staging.input.0            : MainThread     : DEBUG   : advance bulk: unit.000014 [1]
2017-10-12 17:24:49,027: umgr.staging.input.0.child: umgr.staging.input.0            : MainThread     : DEBUG   : bucket: AGENT_STAGING_INPUT_PENDING : ['unit.000014']
2017-10-12 17:24:49,027: umgr.staging.input.0.child: umgr.staging.input.0            : MainThread     : DEBUG   : push unit.000014 ~~~| AGENT_STAGING_INPUT_PENDING
2017-10-12 17:24:49,089: umgr.staging.input.0.child: umgr.staging.input.0            : MainThread     : DEBUG   : got unit (unit.000015)
2017-10-12 17:24:49,090: umgr.staging.input.0.child: umgr.staging.input.0            : MainThread     : DEBUG   : advance bulk size: 1 [False, True]
2017-10-12 17:24:49,090: umgr.staging.input.0.child: umgr.staging.input.0            : MainThread     : DEBUG   : advance bulk: unit.000015 [1]
2017-10-12 17:24:49,090: umgr.staging.input.0.child: umgr.staging.input.0            : MainThread     : DEBUG   : advance bulk size: 1 [True, True]
2017-10-12 17:24:49,090: umgr.staging.input.0.child: umgr.staging.input.0            : MainThread     : DEBUG   : advance bulk: unit.000015 [1]
2017-10-12 17:24:49,090: umgr.staging.input.0.child: umgr.staging.input.0            : MainThread     : DEBUG   : bucket: AGENT_STAGING_INPUT_PENDING : ['unit.000015']
2017-10-12 17:24:49,090: umgr.staging.input.0.child: umgr.staging.input.0            : MainThread     : DEBUG   : push unit.000015 ~~~| AGENT_STAGING_INPUT_PENDING
2017-10-12 17:26:37,886: umgr.staging.input.0.child: umgr.staging.input.0            : MainThread     : DEBUG   : ru_finalize_common()
2017-10-12 17:26:37,886: umgr.staging.input.0.child: umgr.staging.input.0            : MainThread     : DEBUG   : TERM : umgr.staging.input.0.child unregister publisher log_pubsub
2017-10-12 17:26:37,886: umgr.staging.input.0.child: umgr.staging.input.0            : MainThread     : DEBUG   : unregistered publisher log_pubsub
2017-10-12 17:26:37,887: umgr.staging.input.0.child: umgr.staging.input.0            : MainThread     : DEBUG   : TERM : umgr.staging.input.0.child unregister publisher state_pubsub
2017-10-12 17:26:37,887: umgr.staging.input.0.child: umgr.staging.input.0            : MainThread     : DEBUG   : unregistered publisher state_pubsub
2017-10-12 17:26:37,887: umgr.staging.input.0.child: umgr.staging.input.0            : MainThread     : DEBUG   : TERM : umgr.staging.input.0.child unregister publisher control_pubsub
2017-10-12 17:26:37,888: umgr.staging.input.0.child: umgr.staging.input.0            : MainThread     : DEBUG   : unregistered publisher control_pubsub
2017-10-12 17:26:37,888: umgr.staging.input.0.child: umgr.staging.input.0            : MainThread     : DEBUG   : umgr.staging.input.0.child close prof
2017-10-12 17:26:37,888: umgr.staging.input.0.child: umgr.staging.input.0            : MainThread     : INFO    : send message: [umgr.staging.input.0.child] terminating
2017-10-12 17:26:37,925: umgr.staging.input.0.child: umgr.staging.input.0            : umgr.staging.input.0.child.watch: INFO    : watcher closes
2017-10-12 17:26:37,926: umgr.staging.input.0.child: umgr.staging.input.0            : umgr.staging.input.0.child.watch: INFO    : put message: [umgr.staging.input.0.child.watch.thread] work finished
2017-10-12 17:26:37,926: umgr.staging.input.0.child: umgr.staging.input.0            : umgr.staging.input.0.child.watch: DEBUG   : ru_finalize_child (NOOP)
2017-10-12 17:26:37,926: umgr.staging.input.0.child: umgr.staging.input.0            : umgr.staging.input.0.child.watch: DEBUG   : ru_finalize_common (NOOP)
2017-10-12 17:26:37,926: umgr.staging.input.0.child: umgr.staging.input.0            : umgr.staging.input.0.child.watch: INFO    : put message: [umgr.staging.input.0.child.watch.thread] terminating
2017-10-12 17:26:37,951: umgr.staging.input.0.child: umgr.staging.input.0            : MainThread     : INFO    : parent stops child
2017-10-12 17:26:37,951: umgr.staging.input.0.child: umgr.staging.input.0            : MainThread     : DEBUG   : ru_finalize_parent (NOOP)
2017-10-12 17:26:37,952: umgr.staging.input.0.child: umgr.staging.input.0            : umgr.staging.input.0.child.subscriber._cancel_monitor_cb: ERROR   : abort: ZMQError('Socket operation on non-socket')
Traceback (most recent call last):
  File "/home/vivek91/ves/entk-exp/local/lib/python2.7/site-packages/radical/utils/threads.py", line 375, in _run
    if not self.work_cb():
  File "/home/vivek91/ves/entk-exp/local/lib/python2.7/site-packages/radical/pilot/utils/component.py", line 1088, in work_cb
    topic, msg = self._q.get_nowait(500)  # timout in ms
  File "/home/vivek91/ves/entk-exp/local/lib/python2.7/site-packages/radical/pilot/utils/pubsub.py", line 352, in get_nowait
    if _uninterruptible(self._q.poll, flags=zmq.POLLIN, timeout=timeout):
  File "/home/vivek91/ves/entk-exp/local/lib/python2.7/site-packages/radical/pilot/utils/pubsub.py", line 50, in _uninterruptible
    return f(*args, **kwargs)
  File "/home/vivek91/ves/entk-exp/local/lib/python2.7/site-packages/zmq/sugar/socket.py", line 558, in poll
    evts = dict(p.poll(timeout))
  File "/home/vivek91/ves/entk-exp/local/lib/python2.7/site-packages/zmq/sugar/poll.py", line 99, in poll
    return zmq_poll(self.sockets, timeout=timeout)
  File "zmq/backend/cython/_poll.pyx", line 123, in zmq.backend.cython._poll.zmq_poll (zmq/backend/cython/_poll.c:2186)
  File "zmq/backend/cython/_poll.pyx", line 116, in zmq.backend.cython._poll.zmq_poll (zmq/backend/cython/_poll.c:2036)
  File "zmq/backend/cython/checkrc.pxd", line 25, in zmq.backend.cython.checkrc._check_rc (zmq/backend/cython/_poll.c:2811)
    raise ZMQError(errno)
ZMQError: Socket operation on non-socket
2017-10-12 17:26:37,954: umgr.staging.input.0.child: umgr.staging.input.0            : umgr.staging.input.0.child.subscriber._cancel_monitor_cb: INFO    : put message: [umgr.staging.input.0.child.subscriber._cancel_monitor_cb.thread] ZMQError('Socket operation on non-socket')
2017-10-12 17:26:37,954: umgr.staging.input.0.child: umgr.staging.input.0            : umgr.staging.input.0.child.subscriber._cancel_monitor_cb: DEBUG   : ru_finalize_child (NOOP)
2017-10-12 17:26:37,954: umgr.staging.input.0.child: umgr.staging.input.0            : umgr.staging.input.0.child.subscriber._cancel_monitor_cb: INFO    : put message: [umgr.staging.input.0.child.subscriber._cancel_monitor_cb.thread] terminating
