2017-08-23 00:11:23,323: update.0            : MainProcess                     : MainThread     : INFO    : python.interpreter   version: 2.7.12 (default, Nov 19 2016, 06:48:10) [GCC 5.4.0 20160609]
2017-08-23 00:11:23,323: update.0            : MainProcess                     : MainThread     : INFO    :                      pid: 24279
2017-08-23 00:11:23,323: update.0            : MainProcess                     : MainThread     : INFO    :                      tid: MainThread
2017-08-23 00:11:23,324: update.0            : MainProcess                     : MainThread     : INFO    : radical.pilot        version: 0.46-v0.46.RC2@devel
2017-08-23 00:11:24,345: update.0            : MainProcess                     : MainThread     : DEBUG   : alive check in term
2017-08-23 00:11:24,345: update.0            : MainProcess                     : MainThread     : DEBUG   : start process
2017-08-23 00:11:25,707: update.0            : MainProcess                     : MainThread     : INFO    : recv message: alive
2017-08-23 00:11:25,707: update.0            : MainProcess                     : MainThread     : INFO    : initialize update.0
2017-08-23 00:11:25,710: update.0            : MainProcess                     : MainThread     : INFO    : cfg: {'agents': {},
 u'bridges': {u'control_pubsub': {'addr_in': 'tcp://172.30.238.6:38649',
                                  'addr_out': 'tcp://172.30.238.6:43139',
                                  u'bulk_size': 0,
                                  u'log_level': u'debug',
                                  u'stall_hwm': 1},
              u'log_pubsub': {'addr_in': 'tcp://172.30.238.6:34170',
                              'addr_out': 'tcp://172.30.238.6:38666',
                              u'bulk_size': 0,
                              u'log_level': u'debug',
                              u'stall_hwm': 1},
              u'state_pubsub': {'addr_in': 'tcp://172.30.238.6:33645',
                                'addr_out': 'tcp://172.30.238.6:46329',
                                u'bulk_size': 0,
                                u'log_level': u'debug',
                                u'stall_hwm': 1}},
 'cname': u'UpdateWorker',
 u'components': {},
 u'count': 1,
 'dburl': 'mongodb://user:user@ds153652.mlab.com:53652/test_08_08',
 'debug': 'DEBUG',
 u'default_dburl': u'mongodb://rp:rp@ds015335.mlab.com:15335/rp',
 'logdir': '/home/vivek91/repos/entk-experiments/exp-5-2-2-4/rp.session.js-17-212.jetstream-cloud.org.vivek91.017401.0006',
 'number': 0,
 'owner': 'rp.session.js-17-212.jetstream-cloud.org.vivek91.017401.0006',
 'session_id': 'rp.session.js-17-212.jetstream-cloud.org.vivek91.017401.0006'}
2017-08-23 00:11:25,711: update.0            : MainProcess                     : MainThread     : DEBUG   : alive check in term
2017-08-23 00:11:25,711: update.0            : MainProcess                     : MainThread     : DEBUG   : START: update.0 register publisher log_pubsub
2017-08-23 00:11:25,711: update.0            : MainProcess                     : MainThread     : DEBUG   : using addr tcp://172.30.238.6:34170 for pubsub log_pubsub
2017-08-23 00:11:25,714: update.0            : MainProcess                     : MainThread     : DEBUG   : registered publisher : log_pubsub : log.pubsub.pub.0000
2017-08-23 00:11:25,714: update.0            : MainProcess                     : MainThread     : DEBUG   : alive check in term
2017-08-23 00:11:25,714: update.0            : MainProcess                     : MainThread     : DEBUG   : START: update.0 register publisher state_pubsub
2017-08-23 00:11:25,714: update.0            : MainProcess                     : MainThread     : DEBUG   : using addr tcp://172.30.238.6:33645 for pubsub state_pubsub
2017-08-23 00:11:25,717: update.0            : MainProcess                     : MainThread     : DEBUG   : registered publisher : state_pubsub : state.pubsub.pub.0000
2017-08-23 00:11:25,717: update.0            : MainProcess                     : MainThread     : DEBUG   : alive check in term
2017-08-23 00:11:25,717: update.0            : MainProcess                     : MainThread     : DEBUG   : START: update.0 register publisher control_pubsub
2017-08-23 00:11:25,717: update.0            : MainProcess                     : MainThread     : DEBUG   : using addr tcp://172.30.238.6:38649 for pubsub control_pubsub
2017-08-23 00:11:25,741: update.0            : MainProcess                     : MainThread     : DEBUG   : registered publisher : control_pubsub : control.pubsub.pub.0000
2017-08-23 00:11:25,742: update.0            : MainProcess                     : MainThread     : DEBUG   : parent name: update.0.watch
2017-08-23 00:11:25,742: update.0            : MainProcess                     : MainThread     : DEBUG   : start thread
2017-08-23 00:11:25,742: update.0            : MainProcess                     : update.0.watch : DEBUG   : child name: update.0.watch.thread
2017-08-23 00:11:25,743: update.0            : MainProcess                     : update.0.watch : INFO    : child (me) initializing
2017-08-23 00:11:25,743: update.0            : MainProcess                     : update.0.watch : DEBUG   : ru_initialize_common (NOOP)
2017-08-23 00:11:25,743: update.0            : MainProcess                     : update.0.watch : DEBUG   : ru_initialize_child (NOOP)
2017-08-23 00:11:25,743: update.0            : MainProcess                     : update.0.watch : INFO    : send alive
2017-08-23 00:11:25,743: update.0            : MainProcess                     : update.0.watch : INFO    : put message: [update.0.watch.thread] alive
2017-08-23 00:11:25,744: update.0            : MainProcess                     : MainThread     : INFO    : get msg: alive
2017-08-23 00:11:25,744: update.0            : MainProcess                     : MainThread     : DEBUG   : ru_initialize_common (NOOP)
2017-08-23 00:11:25,744: update.0            : MainProcess                     : MainThread     : DEBUG   : ru_initialize_parent (NOOP)
2017-08-23 00:11:25,744: update.0            : MainProcess                     : MainThread     : DEBUG   : child thread update.0.watch started
2017-08-23 00:11:25,744: update.0            : MainProcess                     : MainThread     : INFO    : child is alive
2017-08-23 00:11:25,744: update.0            : MainProcess                     : MainThread     : DEBUG   : process class started child
2017-08-23 00:23:13,054: update.0            : MainProcess                     : MainThread     : INFO    : stop update.0 (24279 : 24350 : MainThread) [radical.pilot.worker.update.Update.stop]
2017-08-23 00:23:13,054: update.0            : MainProcess                     : MainThread     : INFO    : parent stops child
2017-08-23 00:23:13,054: update.0            : MainProcess                     : MainThread     : DEBUG   : ru_finalize_common()
2017-08-23 00:23:13,054: update.0            : MainProcess                     : MainThread     : DEBUG   : TERM : update.0 unregister publisher log_pubsub
2017-08-23 00:23:13,055: update.0            : MainProcess                     : MainThread     : DEBUG   : unregistered publisher log_pubsub
2017-08-23 00:23:13,055: update.0            : MainProcess                     : MainThread     : DEBUG   : TERM : update.0 unregister publisher state_pubsub
2017-08-23 00:23:13,056: update.0            : MainProcess                     : MainThread     : DEBUG   : unregistered publisher state_pubsub
2017-08-23 00:23:13,056: update.0            : MainProcess                     : MainThread     : DEBUG   : TERM : update.0 unregister publisher control_pubsub
2017-08-23 00:23:13,057: update.0            : MainProcess                     : MainThread     : DEBUG   : unregistered publisher control_pubsub
2017-08-23 00:23:13,057: update.0            : MainProcess                     : MainThread     : DEBUG   : update.0 close prof
2017-08-23 00:23:13,057: update.0            : MainProcess                     : MainThread     : INFO    : parent stops child
2017-08-23 00:23:13,057: update.0            : MainProcess                     : MainThread     : DEBUG   : ru_finalize_parent (NOOP)
2017-08-23 00:23:13,058: update.0            : MainProcess                     : MainThread     : DEBUG   : ru_finalize_common (NOOP)
2017-08-23 00:23:13,135: update.0            : MainProcess                     : update.0.watch : INFO    : watcher closes
2017-08-23 00:23:13,135: update.0            : MainProcess                     : update.0.watch : INFO    : put message: [update.0.watch.thread] work finished
2017-08-23 00:23:13,135: update.0            : MainProcess                     : update.0.watch : DEBUG   : ru_finalize_child (NOOP)
2017-08-23 00:23:13,135: update.0            : MainProcess                     : update.0.watch : DEBUG   : ru_finalize_common (NOOP)
2017-08-23 00:23:13,135: update.0            : MainProcess                     : update.0.watch : INFO    : put message: [update.0.watch.thread] terminating
2017-08-23 00:23:13,272: update.0            : MainProcess                     : MainThread     : WARNING : failed to stop child - terminate
2017-08-23 00:23:13,801: update.0            : MainProcess                     : MainThread     : INFO    : stop update.0 (24279 : 24350 : MainThread) [radical.pilot.worker.update.Update.stop]
