2017-09-13 16:29:07,337: control.pubsub.pub.0000: update.0                        : MainThread     : INFO    : python.interpreter   version: 2.7.12 (default, Nov 19 2016, 06:48:10) [GCC 5.4.0 20160609]
2017-09-13 16:29:07,337: control.pubsub.pub.0000: update.0                        : MainThread     : INFO    :                      pid: 26295
2017-09-13 16:29:07,337: control.pubsub.pub.0000: update.0                        : MainThread     : INFO    :                      tid: MainThread
2017-09-13 16:29:07,337: control.pubsub.pub.0000: update.0                        : MainThread     : INFO    : radical.pilot        version: 0.46-v0.46.RC2@devel
2017-09-13 16:29:07,338: control.pubsub.pub.0000: update.0                        : MainThread     : INFO    : create control_pubsub - pub - tcp://172.30.238.6:40009
2017-09-13 16:29:07,355: control.pubsub.pub.0000: update.0                        : MainThread     : DEBUG   : start process
2017-09-13 16:29:07,355: control.pubsub.pub.0000: update.0                        : MainThread     : DEBUG   : ru_initialize_common (NOOP)
2017-09-13 16:29:07,355: control.pubsub.pub.0000: update.0                        : MainThread     : DEBUG   : ru_initialize_parent (NOOP)
2017-09-13 16:29:07,355: control.pubsub.pub.0000: update.0                        : MainThread     : DEBUG   : process class started (no child)
2017-09-13 16:29:07,672: control.pubsub.pub.0000: MainProcess                     : MainThread     : INFO    : python.interpreter   version: 2.7.12 (default, Nov 19 2016, 06:48:10) [GCC 5.4.0 20160609]
2017-09-13 16:29:07,672: control.pubsub.pub.0000: MainProcess                     : MainThread     : INFO    :                      pid: 26192
2017-09-13 16:29:07,672: control.pubsub.pub.0000: MainProcess                     : MainThread     : INFO    :                      tid: MainThread
2017-09-13 16:29:07,673: control.pubsub.pub.0000: MainProcess                     : MainThread     : INFO    : radical.pilot        version: 0.46-v0.46.RC2@devel
2017-09-13 16:29:07,673: control.pubsub.pub.0000: MainProcess                     : MainThread     : INFO    : create control_pubsub - pub - tcp://172.30.238.6:40009
2017-09-13 16:29:07,687: control.pubsub.pub.0000: MainProcess                     : MainThread     : DEBUG   : start process
2017-09-13 16:29:07,687: control.pubsub.pub.0000: MainProcess                     : MainThread     : DEBUG   : ru_initialize_common (NOOP)
2017-09-13 16:29:07,687: control.pubsub.pub.0000: MainProcess                     : MainThread     : DEBUG   : ru_initialize_parent (NOOP)
2017-09-13 16:29:07,687: control.pubsub.pub.0000: MainProcess                     : MainThread     : DEBUG   : process class started (no child)
2017-09-13 16:33:00,929: control.pubsub.pub.0000: MainProcess                     : MainThread     : INFO    : parent stops child
2017-09-13 16:33:00,930: control.pubsub.pub.0000: MainProcess                     : MainThread     : DEBUG   : ru_finalize_parent (NOOP)
