2017-09-14 12:30:52,723: rp.session.js-17-212.jetstream-cloud.org.vivek91.017423.0007: MainProcess                     : MainThread     : INFO    : python.interpreter   version: 2.7.12 (default, Nov 19 2016, 06:48:10) [GCC 5.4.0 20160609]
2017-09-14 12:30:52,724: rp.session.js-17-212.jetstream-cloud.org.vivek91.017423.0007: MainProcess                     : MainThread     : INFO    :                      pid: 17968
2017-09-14 12:30:52,724: rp.session.js-17-212.jetstream-cloud.org.vivek91.017423.0007: MainProcess                     : MainThread     : INFO    :                      tid: MainThread
2017-09-14 12:30:52,724: rp.session.js-17-212.jetstream-cloud.org.vivek91.017423.0007: MainProcess                     : MainThread     : INFO    : radical.pilot        version: 0.46-v0.46.RC2@devel
2017-09-14 12:30:52,724: rp.session.js-17-212.jetstream-cloud.org.vivek91.017423.0007: MainProcess                     : MainThread     : INFO    : using database mongodb://user:user@ds153652.mlab.com:53652/test_08_08
2017-09-14 12:30:53,756: rp.session.js-17-212.jetstream-cloud.org.vivek91.017423.0007: MainProcess                     : MainThread     : INFO    : Load resource configurations from /home/vivek91/ves/entk-exp/local/lib/python2.7/site-packages/radical/pilot/configs/resource_ncsa.json
2017-09-14 12:30:53,768: rp.session.js-17-212.jetstream-cloud.org.vivek91.017423.0007: MainProcess                     : MainThread     : INFO    : Load resource configurations for ncsa.bw_orte
2017-09-14 12:30:53,769: rp.session.js-17-212.jetstream-cloud.org.vivek91.017423.0007: MainProcess                     : MainThread     : INFO    : Load resource configurations for ncsa.bw_ccm_ssh
2017-09-14 12:30:53,769: rp.session.js-17-212.jetstream-cloud.org.vivek91.017423.0007: MainProcess                     : MainThread     : INFO    : Load resource configurations for ncsa.bw_ortelib
2017-09-14 12:30:53,770: rp.session.js-17-212.jetstream-cloud.org.vivek91.017423.0007: MainProcess                     : MainThread     : INFO    : Load resource configurations for ncsa.bw_aprun
2017-09-14 12:30:53,770: rp.session.js-17-212.jetstream-cloud.org.vivek91.017423.0007: MainProcess                     : MainThread     : INFO    : Load resource configurations for ncsa.bw_local_orte
2017-09-14 12:30:53,770: rp.session.js-17-212.jetstream-cloud.org.vivek91.017423.0007: MainProcess                     : MainThread     : INFO    : Load resource configurations from /home/vivek91/ves/entk-exp/local/lib/python2.7/site-packages/radical/pilot/configs/resource_iu.json
2017-09-14 12:30:53,774: rp.session.js-17-212.jetstream-cloud.org.vivek91.017423.0007: MainProcess                     : MainThread     : INFO    : Load resource configurations for iu.bigred2_ccm_ssh
2017-09-14 12:30:53,774: rp.session.js-17-212.jetstream-cloud.org.vivek91.017423.0007: MainProcess                     : MainThread     : INFO    : Load resource configurations for iu.bigred2_aprun
2017-09-14 12:30:53,774: rp.session.js-17-212.jetstream-cloud.org.vivek91.017423.0007: MainProcess                     : MainThread     : INFO    : Load resource configurations from /home/vivek91/ves/entk-exp/local/lib/python2.7/site-packages/radical/pilot/configs/resource_osg.json
2017-09-14 12:30:53,777: rp.session.js-17-212.jetstream-cloud.org.vivek91.017423.0007: MainProcess                     : MainThread     : INFO    : Load resource configurations for osg.xsede-virt-clust
2017-09-14 12:30:53,778: rp.session.js-17-212.jetstream-cloud.org.vivek91.017423.0007: MainProcess                     : MainThread     : INFO    : Load resource configurations for osg.connect
2017-09-14 12:30:53,778: rp.session.js-17-212.jetstream-cloud.org.vivek91.017423.0007: MainProcess                     : MainThread     : INFO    : Load resource configurations from /home/vivek91/ves/entk-exp/local/lib/python2.7/site-packages/radical/pilot/configs/resource_yale.json
2017-09-14 12:30:53,779: rp.session.js-17-212.jetstream-cloud.org.vivek91.017423.0007: MainProcess                     : MainThread     : INFO    : Load resource configurations for yale.grace_ssh
2017-09-14 12:30:53,780: rp.session.js-17-212.jetstream-cloud.org.vivek91.017423.0007: MainProcess                     : MainThread     : INFO    : Load resource configurations from /home/vivek91/ves/entk-exp/local/lib/python2.7/site-packages/radical/pilot/configs/resource_lumc.json
2017-09-14 12:30:53,782: rp.session.js-17-212.jetstream-cloud.org.vivek91.017423.0007: MainProcess                     : MainThread     : INFO    : Load resource configurations for lumc.gb-ui_ssh
2017-09-14 12:30:53,783: rp.session.js-17-212.jetstream-cloud.org.vivek91.017423.0007: MainProcess                     : MainThread     : INFO    : Load resource configurations for lumc.shark_ssh
2017-09-14 12:30:53,783: rp.session.js-17-212.jetstream-cloud.org.vivek91.017423.0007: MainProcess                     : MainThread     : INFO    : Load resource configurations from /home/vivek91/ves/entk-exp/local/lib/python2.7/site-packages/radical/pilot/configs/resource_ornl.json
2017-09-14 12:30:53,787: rp.session.js-17-212.jetstream-cloud.org.vivek91.017423.0007: MainProcess                     : MainThread     : INFO    : Load resource configurations for ornl.titan_orte
2017-09-14 12:30:53,788: rp.session.js-17-212.jetstream-cloud.org.vivek91.017423.0007: MainProcess                     : MainThread     : INFO    : Load resource configurations for ornl.titan_aprun
2017-09-14 12:30:53,788: rp.session.js-17-212.jetstream-cloud.org.vivek91.017423.0007: MainProcess                     : MainThread     : INFO    : Load resource configurations for ornl.titan_ortelib
2017-09-14 12:30:53,789: rp.session.js-17-212.jetstream-cloud.org.vivek91.017423.0007: MainProcess                     : MainThread     : INFO    : Load resource configurations from /home/vivek91/ves/entk-exp/local/lib/python2.7/site-packages/radical/pilot/configs/resource_stfc.json
2017-09-14 12:30:53,790: rp.session.js-17-212.jetstream-cloud.org.vivek91.017423.0007: MainProcess                     : MainThread     : INFO    : Load resource configurations for stfc.joule_runjob
2017-09-14 12:30:53,790: rp.session.js-17-212.jetstream-cloud.org.vivek91.017423.0007: MainProcess                     : MainThread     : INFO    : Load resource configurations from /home/vivek91/ves/entk-exp/local/lib/python2.7/site-packages/radical/pilot/configs/resource_radical.json
2017-09-14 12:30:53,794: rp.session.js-17-212.jetstream-cloud.org.vivek91.017423.0007: MainProcess                     : MainThread     : INFO    : Load resource configurations for radical.two
2017-09-14 12:30:53,794: rp.session.js-17-212.jetstream-cloud.org.vivek91.017423.0007: MainProcess                     : MainThread     : INFO    : Load resource configurations for radical.tutorial
2017-09-14 12:30:53,795: rp.session.js-17-212.jetstream-cloud.org.vivek91.017423.0007: MainProcess                     : MainThread     : INFO    : Load resource configurations for radical.one
2017-09-14 12:30:53,795: rp.session.js-17-212.jetstream-cloud.org.vivek91.017423.0007: MainProcess                     : MainThread     : INFO    : Load resource configurations from /home/vivek91/ves/entk-exp/local/lib/python2.7/site-packages/radical/pilot/configs/resource_das4.json
2017-09-14 12:30:53,796: rp.session.js-17-212.jetstream-cloud.org.vivek91.017423.0007: MainProcess                     : MainThread     : INFO    : Load resource configurations for das4.fs2_ssh
2017-09-14 12:30:53,797: rp.session.js-17-212.jetstream-cloud.org.vivek91.017423.0007: MainProcess                     : MainThread     : INFO    : Load resource configurations from /home/vivek91/ves/entk-exp/local/lib/python2.7/site-packages/radical/pilot/configs/resource_nersc.json
2017-09-14 12:30:53,804: rp.session.js-17-212.jetstream-cloud.org.vivek91.017423.0007: MainProcess                     : MainThread     : INFO    : Load resource configurations for nersc.edison_ccm_ssh
2017-09-14 12:30:53,805: rp.session.js-17-212.jetstream-cloud.org.vivek91.017423.0007: MainProcess                     : MainThread     : INFO    : Load resource configurations for nersc.hopper_orte
2017-09-14 12:30:53,805: rp.session.js-17-212.jetstream-cloud.org.vivek91.017423.0007: MainProcess                     : MainThread     : INFO    : Load resource configurations for nersc.hopper_ccm_ssh
2017-09-14 12:30:53,805: rp.session.js-17-212.jetstream-cloud.org.vivek91.017423.0007: MainProcess                     : MainThread     : INFO    : Load resource configurations for nersc.edison_aprun
2017-09-14 12:30:53,805: rp.session.js-17-212.jetstream-cloud.org.vivek91.017423.0007: MainProcess                     : MainThread     : INFO    : Load resource configurations for nersc.hopper_aprun
2017-09-14 12:30:53,806: rp.session.js-17-212.jetstream-cloud.org.vivek91.017423.0007: MainProcess                     : MainThread     : INFO    : Load resource configurations for nersc.edison_orte
2017-09-14 12:30:53,806: rp.session.js-17-212.jetstream-cloud.org.vivek91.017423.0007: MainProcess                     : MainThread     : INFO    : Load resource configurations from /home/vivek91/ves/entk-exp/local/lib/python2.7/site-packages/radical/pilot/configs/resource_xsede.json
2017-09-14 12:30:53,827: rp.session.js-17-212.jetstream-cloud.org.vivek91.017423.0007: MainProcess                     : MainThread     : INFO    : Load resource configurations for xsede.stampede2_ssh
2017-09-14 12:30:53,828: rp.session.js-17-212.jetstream-cloud.org.vivek91.017423.0007: MainProcess                     : MainThread     : INFO    : Load resource configurations for xsede.wrangler_spark
2017-09-14 12:30:53,828: rp.session.js-17-212.jetstream-cloud.org.vivek91.017423.0007: MainProcess                     : MainThread     : INFO    : Load resource configurations for xsede.stampede_yarn
2017-09-14 12:30:53,828: rp.session.js-17-212.jetstream-cloud.org.vivek91.017423.0007: MainProcess                     : MainThread     : INFO    : Load resource configurations for xsede.gordon_ssh
2017-09-14 12:30:53,828: rp.session.js-17-212.jetstream-cloud.org.vivek91.017423.0007: MainProcess                     : MainThread     : INFO    : Load resource configurations for xsede.stampede_ssh
2017-09-14 12:30:53,829: rp.session.js-17-212.jetstream-cloud.org.vivek91.017423.0007: MainProcess                     : MainThread     : INFO    : Load resource configurations for xsede.lonestar_ssh
2017-09-14 12:30:53,829: rp.session.js-17-212.jetstream-cloud.org.vivek91.017423.0007: MainProcess                     : MainThread     : INFO    : Load resource configurations for xsede.supermic_spark
2017-09-14 12:30:53,829: rp.session.js-17-212.jetstream-cloud.org.vivek91.017423.0007: MainProcess                     : MainThread     : INFO    : Load resource configurations for xsede.wrangler_ssh
2017-09-14 12:30:53,829: rp.session.js-17-212.jetstream-cloud.org.vivek91.017423.0007: MainProcess                     : MainThread     : INFO    : Load resource configurations for xsede.wrangler_yarn
2017-09-14 12:30:53,830: rp.session.js-17-212.jetstream-cloud.org.vivek91.017423.0007: MainProcess                     : MainThread     : INFO    : Load resource configurations for xsede.bridges
2017-09-14 12:30:53,830: rp.session.js-17-212.jetstream-cloud.org.vivek91.017423.0007: MainProcess                     : MainThread     : INFO    : Load resource configurations for xsede.supermic_ssh
2017-09-14 12:30:53,830: rp.session.js-17-212.jetstream-cloud.org.vivek91.017423.0007: MainProcess                     : MainThread     : INFO    : Load resource configurations for xsede.stampede_orte
2017-09-14 12:30:53,830: rp.session.js-17-212.jetstream-cloud.org.vivek91.017423.0007: MainProcess                     : MainThread     : INFO    : Load resource configurations for xsede.greenfield
2017-09-14 12:30:53,831: rp.session.js-17-212.jetstream-cloud.org.vivek91.017423.0007: MainProcess                     : MainThread     : INFO    : Load resource configurations for xsede.comet_spark
2017-09-14 12:30:53,831: rp.session.js-17-212.jetstream-cloud.org.vivek91.017423.0007: MainProcess                     : MainThread     : INFO    : Load resource configurations for xsede.trestles_ssh
2017-09-14 12:30:53,831: rp.session.js-17-212.jetstream-cloud.org.vivek91.017423.0007: MainProcess                     : MainThread     : INFO    : Load resource configurations for xsede.comet_ssh
2017-09-14 12:30:53,832: rp.session.js-17-212.jetstream-cloud.org.vivek91.017423.0007: MainProcess                     : MainThread     : INFO    : Load resource configurations for xsede.stampede_spark
2017-09-14 12:30:53,832: rp.session.js-17-212.jetstream-cloud.org.vivek91.017423.0007: MainProcess                     : MainThread     : INFO    : Load resource configurations for xsede.comet_orte
2017-09-14 12:30:53,832: rp.session.js-17-212.jetstream-cloud.org.vivek91.017423.0007: MainProcess                     : MainThread     : INFO    : Load resource configurations for xsede.comet_ortelib
2017-09-14 12:30:53,832: rp.session.js-17-212.jetstream-cloud.org.vivek91.017423.0007: MainProcess                     : MainThread     : INFO    : Load resource configurations for xsede.blacklight_ssh
2017-09-14 12:30:53,833: rp.session.js-17-212.jetstream-cloud.org.vivek91.017423.0007: MainProcess                     : MainThread     : INFO    : Load resource configurations for xsede.stampede_ortelib
2017-09-14 12:30:53,833: rp.session.js-17-212.jetstream-cloud.org.vivek91.017423.0007: MainProcess                     : MainThread     : INFO    : Load resource configurations from /home/vivek91/ves/entk-exp/local/lib/python2.7/site-packages/radical/pilot/configs/resource_chameleon.json
2017-09-14 12:30:53,834: rp.session.js-17-212.jetstream-cloud.org.vivek91.017423.0007: MainProcess                     : MainThread     : INFO    : Load resource configurations for chameleon.cloud_vm_yarn
2017-09-14 12:30:53,834: rp.session.js-17-212.jetstream-cloud.org.vivek91.017423.0007: MainProcess                     : MainThread     : INFO    : Load resource configurations from /home/vivek91/ves/entk-exp/local/lib/python2.7/site-packages/radical/pilot/configs/resource_epsrc.json
2017-09-14 12:30:53,836: rp.session.js-17-212.jetstream-cloud.org.vivek91.017423.0007: MainProcess                     : MainThread     : INFO    : Load resource configurations for epsrc.archer_orte
2017-09-14 12:30:53,837: rp.session.js-17-212.jetstream-cloud.org.vivek91.017423.0007: MainProcess                     : MainThread     : INFO    : Load resource configurations for epsrc.archer_aprun
2017-09-14 12:30:53,837: rp.session.js-17-212.jetstream-cloud.org.vivek91.017423.0007: MainProcess                     : MainThread     : INFO    : Load resource configurations from /home/vivek91/ves/entk-exp/local/lib/python2.7/site-packages/radical/pilot/configs/resource_futuregrid.json
2017-09-14 12:30:53,842: rp.session.js-17-212.jetstream-cloud.org.vivek91.017423.0007: MainProcess                     : MainThread     : INFO    : Load resource configurations for futuregrid.delta_ssh
2017-09-14 12:30:53,843: rp.session.js-17-212.jetstream-cloud.org.vivek91.017423.0007: MainProcess                     : MainThread     : INFO    : Load resource configurations for futuregrid.india_ssh
2017-09-14 12:30:53,843: rp.session.js-17-212.jetstream-cloud.org.vivek91.017423.0007: MainProcess                     : MainThread     : INFO    : Load resource configurations for futuregrid.echo_ssh
2017-09-14 12:30:53,843: rp.session.js-17-212.jetstream-cloud.org.vivek91.017423.0007: MainProcess                     : MainThread     : INFO    : Load resource configurations for futuregrid.xray_ccm
2017-09-14 12:30:53,843: rp.session.js-17-212.jetstream-cloud.org.vivek91.017423.0007: MainProcess                     : MainThread     : INFO    : Load resource configurations for futuregrid.bravo_ssh
2017-09-14 12:30:53,843: rp.session.js-17-212.jetstream-cloud.org.vivek91.017423.0007: MainProcess                     : MainThread     : INFO    : Load resource configurations for futuregrid.xray_aprun
2017-09-14 12:30:53,844: rp.session.js-17-212.jetstream-cloud.org.vivek91.017423.0007: MainProcess                     : MainThread     : INFO    : Load resource configurations from /home/vivek91/ves/entk-exp/local/lib/python2.7/site-packages/radical/pilot/configs/resource_local.json
2017-09-14 12:30:53,850: rp.session.js-17-212.jetstream-cloud.org.vivek91.017423.0007: MainProcess                     : MainThread     : INFO    : Load resource configurations for local.localhost_orte
2017-09-14 12:30:53,850: rp.session.js-17-212.jetstream-cloud.org.vivek91.017423.0007: MainProcess                     : MainThread     : INFO    : Load resource configurations for local.localhost_anaconda
2017-09-14 12:30:53,850: rp.session.js-17-212.jetstream-cloud.org.vivek91.017423.0007: MainProcess                     : MainThread     : INFO    : Load resource configurations for local.localhost_ortelib
2017-09-14 12:30:53,850: rp.session.js-17-212.jetstream-cloud.org.vivek91.017423.0007: MainProcess                     : MainThread     : INFO    : Load resource configurations for local.localhost
2017-09-14 12:30:53,851: rp.session.js-17-212.jetstream-cloud.org.vivek91.017423.0007: MainProcess                     : MainThread     : INFO    : Load resource configurations for local.localhost_spark
2017-09-14 12:30:53,851: rp.session.js-17-212.jetstream-cloud.org.vivek91.017423.0007: MainProcess                     : MainThread     : INFO    : Load resource configurations for local.localhost_spark_anaconda
2017-09-14 12:30:53,851: rp.session.js-17-212.jetstream-cloud.org.vivek91.017423.0007: MainProcess                     : MainThread     : INFO    : Load resource configurations for local.localhost_yarn
2017-09-14 12:30:53,851: rp.session.js-17-212.jetstream-cloud.org.vivek91.017423.0007: MainProcess                     : MainThread     : INFO    : Load resource configurations from /home/vivek91/ves/entk-exp/local/lib/python2.7/site-packages/radical/pilot/configs/resource_aliases.json
2017-09-14 12:30:53,852: rp.session.js-17-212.jetstream-cloud.org.vivek91.017423.0007: MainProcess                     : MainThread     : INFO    : Load resource configurations from /home/vivek91/ves/entk-exp/local/lib/python2.7/site-packages/radical/pilot/configs/resource_lrz.json
2017-09-14 12:30:53,853: rp.session.js-17-212.jetstream-cloud.org.vivek91.017423.0007: MainProcess                     : MainThread     : INFO    : Load resource configurations for lrz.supermuc_ssh
2017-09-14 12:30:53,853: rp.session.js-17-212.jetstream-cloud.org.vivek91.017423.0007: MainProcess                     : MainThread     : INFO    : Load resource configurations from /home/vivek91/ves/entk-exp/local/lib/python2.7/site-packages/radical/pilot/configs/resource_rice.json
2017-09-14 12:30:53,855: rp.session.js-17-212.jetstream-cloud.org.vivek91.017423.0007: MainProcess                     : MainThread     : INFO    : Load resource configurations for rice.davinci_ssh
2017-09-14 12:30:53,855: rp.session.js-17-212.jetstream-cloud.org.vivek91.017423.0007: MainProcess                     : MainThread     : INFO    : Load resource configurations for rice.biou_ssh
2017-09-14 12:30:53,855: rp.session.js-17-212.jetstream-cloud.org.vivek91.017423.0007: MainProcess                     : MainThread     : INFO    : Load resource configurations from /home/vivek91/ves/entk-exp/local/lib/python2.7/site-packages/radical/pilot/configs/resource_ncar.json
2017-09-14 12:30:53,856: rp.session.js-17-212.jetstream-cloud.org.vivek91.017423.0007: MainProcess                     : MainThread     : INFO    : Load resource configurations for ncar.yellowstone_ssh
2017-09-14 12:30:53,857: rp.session.js-17-212.jetstream-cloud.org.vivek91.017423.0007: MainProcess                     : MainThread     : INFO    : Load resource configurations from /home/vivek91/ves/entk-exp/local/lib/python2.7/site-packages/radical/pilot/configs/resource_das5.json
2017-09-14 12:30:53,858: rp.session.js-17-212.jetstream-cloud.org.vivek91.017423.0007: MainProcess                     : MainThread     : INFO    : Load resource configurations for das5.fs1_ssh
2017-09-14 12:30:53,858: rp.session.js-17-212.jetstream-cloud.org.vivek91.017423.0007: MainProcess                     : MainThread     : INFO    : Load resource configurations from /home/vivek91/ves/entk-exp/local/lib/python2.7/site-packages/radical/pilot/configs/resource_fub.json
2017-09-14 12:30:53,859: rp.session.js-17-212.jetstream-cloud.org.vivek91.017423.0007: MainProcess                     : MainThread     : INFO    : Load resource configurations for fub.allegro_rsh
2017-09-14 12:30:54,491: rp.session.js-17-212.jetstream-cloud.org.vivek91.017423.0007: MainProcess                     : MainThread     : INFO    : New Session created: rp.session.js-17-212.jetstream-cloud.org.vivek91.017423.0007.
2017-09-14 12:30:54,492: rp.session.js-17-212.jetstream-cloud.org.vivek91.017423.0007: MainProcess                     : MainThread     : DEBUG   : start bridges   : {u'control_pubsub': {u'bulk_size': 0, u'log_level': u'debug', u'stall_hwm': 1},
 u'log_pubsub': {u'bulk_size': 0, u'log_level': u'debug', u'stall_hwm': 1},
 u'state_pubsub': {u'bulk_size': 0, u'log_level': u'debug', u'stall_hwm': 1}}
2017-09-14 12:30:54,492: rp.session.js-17-212.jetstream-cloud.org.vivek91.017423.0007: MainProcess                     : MainThread     : INFO    : create bridge control_pubsub
2017-09-14 12:30:54,519: rp.session.js-17-212.jetstream-cloud.org.vivek91.017423.0007: MainProcess                     : MainThread     : INFO    : created bridge control_pubsub (control.pubsub.bridge.0000)
2017-09-14 12:30:54,520: rp.session.js-17-212.jetstream-cloud.org.vivek91.017423.0007: MainProcess                     : MainThread     : INFO    : create bridge state_pubsub
2017-09-14 12:30:54,541: rp.session.js-17-212.jetstream-cloud.org.vivek91.017423.0007: MainProcess                     : MainThread     : INFO    : created bridge state_pubsub (state.pubsub.bridge.0000)
2017-09-14 12:30:54,541: rp.session.js-17-212.jetstream-cloud.org.vivek91.017423.0007: MainProcess                     : MainThread     : INFO    : create bridge log_pubsub
2017-09-14 12:30:54,562: rp.session.js-17-212.jetstream-cloud.org.vivek91.017423.0007: MainProcess                     : MainThread     : INFO    : created bridge log_pubsub (log.pubsub.bridge.0000)
2017-09-14 12:30:54,563: rp.session.js-17-212.jetstream-cloud.org.vivek91.017423.0007: MainProcess                     : MainThread     : DEBUG   : start components: {u'UpdateWorker': {u'count': 1}}
2017-09-14 12:30:54,563: rp.session.js-17-212.jetstream-cloud.org.vivek91.017423.0007: MainProcess                     : MainThread     : DEBUG   : start 1 component(s) UpdateWorker
2017-09-14 12:30:57,124: rp.session.js-17-212.jetstream-cloud.org.vivek91.017423.0007: MainProcess                     : MainThread     : INFO    : rp.session.js-17-212.jetstream-cloud.org.vivek91.017423.0007 starts update.0
2017-09-14 12:31:00,469: rp.session.js-17-212.jetstream-cloud.org.vivek91.017423.0007: MainProcess                     : MainThread     : WARNING : using alias 'xsede.supermic_ssh' for deprecated resource key 'xsede.supermic'
2017-09-14 12:31:00,470: rp.session.js-17-212.jetstream-cloud.org.vivek91.017423.0007: MainProcess                     : MainThread     : DEBUG   : rsup.PTYShell('gsissh://supermic.cct-lsu.xsede.org:2222/')
2017-09-14 12:31:04,317: rp.session.js-17-212.jetstream-cloud.org.vivek91.017423.0007: MainProcess                     : MainThread     : DEBUG   : sandbox base gsissh://supermic.cct-lsu.xsede.org:2222/: '/work/vivek91'
2017-09-14 12:31:04,468: rp.session.js-17-212.jetstream-cloud.org.vivek91.017423.0007: MainProcess                     : MainThread     : DEBUG   : bulk pilot insert result: {'nModified': 0, 'nUpserted': 0, 'nMatched': 0, 'writeErrors': [], 'upserted': [], 'writeConcernErrors': [], 'nRemoved': 0, 'nInserted': 1}
2017-09-14 12:31:04,473: rp.session.js-17-212.jetstream-cloud.org.vivek91.017423.0007: pmgr.launching.0                : MainThread     : WARNING : using alias 'xsede.supermic_ssh' for deprecated resource key 'xsede.supermic'
2017-09-14 12:31:04,477: rp.session.js-17-212.jetstream-cloud.org.vivek91.017423.0007: pmgr.launching.0                : MainThread     : WARNING : using alias 'xsede.supermic_ssh' for deprecated resource key 'xsede.supermic'
2017-09-14 12:31:04,477: rp.session.js-17-212.jetstream-cloud.org.vivek91.017423.0007: pmgr.launching.0                : MainThread     : DEBUG   : rsup.PTYShell('gsissh://supermic.cct-lsu.xsede.org:2222/')
2017-09-14 12:31:05,943: rp.session.js-17-212.jetstream-cloud.org.vivek91.017423.0007: pmgr.launching.0                : MainThread     : DEBUG   : sandbox base gsissh://supermic.cct-lsu.xsede.org:2222/: '/work/vivek91'
2017-09-14 12:32:07,386: rp.session.js-17-212.jetstream-cloud.org.vivek91.017423.0007: task-manager                    : MainThread     : DEBUG   : bulk unit insert result: {'nModified': 0, 'nUpserted': 0, 'nMatched': 0, 'writeErrors': [], 'upserted': [], 'writeConcernErrors': [], 'nRemoved': 0, 'nInserted': 1}
2017-09-14 12:32:07,477: rp.session.js-17-212.jetstream-cloud.org.vivek91.017423.0007: task-manager                    : MainThread     : DEBUG   : bulk unit insert result: {'nModified': 0, 'nUpserted': 0, 'nMatched': 0, 'writeErrors': [], 'upserted': [], 'writeConcernErrors': [], 'nRemoved': 0, 'nInserted': 1}
2017-09-14 12:32:07,597: rp.session.js-17-212.jetstream-cloud.org.vivek91.017423.0007: task-manager                    : MainThread     : DEBUG   : bulk unit insert result: {'nModified': 0, 'nUpserted': 0, 'nMatched': 0, 'writeErrors': [], 'upserted': [], 'writeConcernErrors': [], 'nRemoved': 0, 'nInserted': 1}
2017-09-14 12:32:07,717: rp.session.js-17-212.jetstream-cloud.org.vivek91.017423.0007: task-manager                    : MainThread     : DEBUG   : bulk unit insert result: {'nModified': 0, 'nUpserted': 0, 'nMatched': 0, 'writeErrors': [], 'upserted': [], 'writeConcernErrors': [], 'nRemoved': 0, 'nInserted': 1}
2017-09-14 12:32:07,790: rp.session.js-17-212.jetstream-cloud.org.vivek91.017423.0007: task-manager                    : MainThread     : DEBUG   : bulk unit insert result: {'nModified': 0, 'nUpserted': 0, 'nMatched': 0, 'writeErrors': [], 'upserted': [], 'writeConcernErrors': [], 'nRemoved': 0, 'nInserted': 1}
2017-09-14 12:32:07,874: rp.session.js-17-212.jetstream-cloud.org.vivek91.017423.0007: task-manager                    : MainThread     : DEBUG   : bulk unit insert result: {'nModified': 0, 'nUpserted': 0, 'nMatched': 0, 'writeErrors': [], 'upserted': [], 'writeConcernErrors': [], 'nRemoved': 0, 'nInserted': 1}
2017-09-14 12:32:07,959: rp.session.js-17-212.jetstream-cloud.org.vivek91.017423.0007: task-manager                    : MainThread     : DEBUG   : bulk unit insert result: {'nModified': 0, 'nUpserted': 0, 'nMatched': 0, 'writeErrors': [], 'upserted': [], 'writeConcernErrors': [], 'nRemoved': 0, 'nInserted': 1}
2017-09-14 12:32:08,041: rp.session.js-17-212.jetstream-cloud.org.vivek91.017423.0007: task-manager                    : MainThread     : DEBUG   : bulk unit insert result: {'nModified': 0, 'nUpserted': 0, 'nMatched': 0, 'writeErrors': [], 'upserted': [], 'writeConcernErrors': [], 'nRemoved': 0, 'nInserted': 1}
2017-09-14 12:32:08,129: rp.session.js-17-212.jetstream-cloud.org.vivek91.017423.0007: task-manager                    : MainThread     : DEBUG   : bulk unit insert result: {'nModified': 0, 'nUpserted': 0, 'nMatched': 0, 'writeErrors': [], 'upserted': [], 'writeConcernErrors': [], 'nRemoved': 0, 'nInserted': 1}
2017-09-14 12:32:08,206: rp.session.js-17-212.jetstream-cloud.org.vivek91.017423.0007: task-manager                    : MainThread     : DEBUG   : bulk unit insert result: {'nModified': 0, 'nUpserted': 0, 'nMatched': 0, 'writeErrors': [], 'upserted': [], 'writeConcernErrors': [], 'nRemoved': 0, 'nInserted': 1}
2017-09-14 12:32:08,266: rp.session.js-17-212.jetstream-cloud.org.vivek91.017423.0007: task-manager                    : MainThread     : DEBUG   : bulk unit insert result: {'nModified': 0, 'nUpserted': 0, 'nMatched': 0, 'writeErrors': [], 'upserted': [], 'writeConcernErrors': [], 'nRemoved': 0, 'nInserted': 1}
2017-09-14 12:32:08,329: rp.session.js-17-212.jetstream-cloud.org.vivek91.017423.0007: task-manager                    : MainThread     : DEBUG   : bulk unit insert result: {'nModified': 0, 'nUpserted': 0, 'nMatched': 0, 'writeErrors': [], 'upserted': [], 'writeConcernErrors': [], 'nRemoved': 0, 'nInserted': 1}
2017-09-14 12:32:08,391: rp.session.js-17-212.jetstream-cloud.org.vivek91.017423.0007: task-manager                    : MainThread     : DEBUG   : bulk unit insert result: {'nModified': 0, 'nUpserted': 0, 'nMatched': 0, 'writeErrors': [], 'upserted': [], 'writeConcernErrors': [], 'nRemoved': 0, 'nInserted': 1}
2017-09-14 12:32:08,457: rp.session.js-17-212.jetstream-cloud.org.vivek91.017423.0007: task-manager                    : MainThread     : DEBUG   : bulk unit insert result: {'nModified': 0, 'nUpserted': 0, 'nMatched': 0, 'writeErrors': [], 'upserted': [], 'writeConcernErrors': [], 'nRemoved': 0, 'nInserted': 1}
2017-09-14 12:32:08,516: rp.session.js-17-212.jetstream-cloud.org.vivek91.017423.0007: task-manager                    : MainThread     : DEBUG   : bulk unit insert result: {'nModified': 0, 'nUpserted': 0, 'nMatched': 0, 'writeErrors': [], 'upserted': [], 'writeConcernErrors': [], 'nRemoved': 0, 'nInserted': 1}
2017-09-14 12:32:08,579: rp.session.js-17-212.jetstream-cloud.org.vivek91.017423.0007: task-manager                    : MainThread     : DEBUG   : bulk unit insert result: {'nModified': 0, 'nUpserted': 0, 'nMatched': 0, 'writeErrors': [], 'upserted': [], 'writeConcernErrors': [], 'nRemoved': 0, 'nInserted': 1}
2017-09-14 12:34:00,547: rp.session.js-17-212.jetstream-cloud.org.vivek91.017423.0007: MainProcess                     : MainThread     : DEBUG   : session rp.session.js-17-212.jetstream-cloud.org.vivek91.017423.0007 closing
2017-09-14 12:34:00,547: rp.session.js-17-212.jetstream-cloud.org.vivek91.017423.0007: MainProcess                     : MainThread     : DEBUG   : session rp.session.js-17-212.jetstream-cloud.org.vivek91.017423.0007 closes pmgr   pmgr.0000
2017-09-14 12:34:01,022: rp.session.js-17-212.jetstream-cloud.org.vivek91.017423.0007: MainProcess                     : MainThread     : DEBUG   : session rp.session.js-17-212.jetstream-cloud.org.vivek91.017423.0007 closed pmgr   pmgr.0000
2017-09-14 12:34:01,022: rp.session.js-17-212.jetstream-cloud.org.vivek91.017423.0007: MainProcess                     : MainThread     : DEBUG   : session rp.session.js-17-212.jetstream-cloud.org.vivek91.017423.0007 closes comp   update.0
2017-09-14 12:34:01,199: rp.session.js-17-212.jetstream-cloud.org.vivek91.017423.0007: MainProcess                     : MainThread     : DEBUG   : session rp.session.js-17-212.jetstream-cloud.org.vivek91.017423.0007 closed comp   update.0
2017-09-14 12:34:01,199: rp.session.js-17-212.jetstream-cloud.org.vivek91.017423.0007: MainProcess                     : MainThread     : DEBUG   : session rp.session.js-17-212.jetstream-cloud.org.vivek91.017423.0007 closes bridge control.pubsub.bridge.0000
2017-09-14 12:34:01,336: rp.session.js-17-212.jetstream-cloud.org.vivek91.017423.0007: MainProcess                     : MainThread     : DEBUG   : session rp.session.js-17-212.jetstream-cloud.org.vivek91.017423.0007 closed bridge control.pubsub.bridge.0000
2017-09-14 12:34:01,336: rp.session.js-17-212.jetstream-cloud.org.vivek91.017423.0007: MainProcess                     : MainThread     : DEBUG   : session rp.session.js-17-212.jetstream-cloud.org.vivek91.017423.0007 closes bridge state.pubsub.bridge.0000
2017-09-14 12:34:01,504: rp.session.js-17-212.jetstream-cloud.org.vivek91.017423.0007: MainProcess                     : MainThread     : DEBUG   : session rp.session.js-17-212.jetstream-cloud.org.vivek91.017423.0007 closed bridge state.pubsub.bridge.0000
2017-09-14 12:34:01,505: rp.session.js-17-212.jetstream-cloud.org.vivek91.017423.0007: MainProcess                     : MainThread     : DEBUG   : session rp.session.js-17-212.jetstream-cloud.org.vivek91.017423.0007 closes bridge log.pubsub.bridge.0000
2017-09-14 12:34:01,617: rp.session.js-17-212.jetstream-cloud.org.vivek91.017423.0007: MainProcess                     : MainThread     : DEBUG   : session rp.session.js-17-212.jetstream-cloud.org.vivek91.017423.0007 closed bridge log.pubsub.bridge.0000
2017-09-14 12:34:01,617: rp.session.js-17-212.jetstream-cloud.org.vivek91.017423.0007: MainProcess                     : MainThread     : DEBUG   : session rp.session.js-17-212.jetstream-cloud.org.vivek91.017423.0007 closes db (False)
2017-09-14 12:34:01,617: rp.session.js-17-212.jetstream-cloud.org.vivek91.017423.0007: MainProcess                     : MainThread     : DEBUG   : session rp.session.js-17-212.jetstream-cloud.org.vivek91.017423.0007 closed (delete=False)
