2017-08-22 15:47:39,724: update.0            : MainProcess                     : MainThread     : INFO    : python.interpreter   version: 2.7.12 (default, Nov 19 2016, 06:48:10) [GCC 5.4.0 20160609]
2017-08-22 15:47:39,724: update.0            : MainProcess                     : MainThread     : INFO    :                      pid: 13833
2017-08-22 15:47:39,724: update.0            : MainProcess                     : MainThread     : INFO    :                      tid: MainThread
2017-08-22 15:47:39,725: update.0            : MainProcess                     : MainThread     : INFO    : radical.pilot        version: 0.46-v0.46.RC2@devel
2017-08-22 15:47:40,764: update.0            : MainProcess                     : MainThread     : DEBUG   : alive check in term
2017-08-22 15:47:40,764: update.0            : MainProcess                     : MainThread     : DEBUG   : start process
2017-08-22 15:47:42,164: update.0            : MainProcess                     : MainThread     : INFO    : recv message: alive
2017-08-22 15:47:42,164: update.0            : MainProcess                     : MainThread     : INFO    : initialize update.0
2017-08-22 15:47:42,167: update.0            : MainProcess                     : MainThread     : INFO    : cfg: {'agents': {},
 u'bridges': {u'control_pubsub': {'addr_in': 'tcp://172.30.238.6:36439',
                                  'addr_out': 'tcp://172.30.238.6:43726',
                                  u'bulk_size': 0,
                                  u'log_level': u'debug',
                                  u'stall_hwm': 1},
              u'log_pubsub': {'addr_in': 'tcp://172.30.238.6:46182',
                              'addr_out': 'tcp://172.30.238.6:42273',
                              u'bulk_size': 0,
                              u'log_level': u'debug',
                              u'stall_hwm': 1},
              u'state_pubsub': {'addr_in': 'tcp://172.30.238.6:37166',
                                'addr_out': 'tcp://172.30.238.6:46815',
                                u'bulk_size': 0,
                                u'log_level': u'debug',
                                u'stall_hwm': 1}},
 'cname': u'UpdateWorker',
 u'components': {},
 u'count': 1,
 'dburl': 'mongodb://user:user@ds153652.mlab.com:53652/test_08_08',
 'debug': 'DEBUG',
 u'default_dburl': u'mongodb://rp:rp@ds015335.mlab.com:15335/rp',
 'logdir': '/home/vivek91/repos/entk-experiments/exp-5-2-2-4/rp.session.js-17-212.jetstream-cloud.org.vivek91.017400.0021',
 'number': 0,
 'owner': 'rp.session.js-17-212.jetstream-cloud.org.vivek91.017400.0021',
 'session_id': 'rp.session.js-17-212.jetstream-cloud.org.vivek91.017400.0021'}
2017-08-22 15:47:42,168: update.0            : MainProcess                     : MainThread     : DEBUG   : alive check in term
2017-08-22 15:47:42,168: update.0            : MainProcess                     : MainThread     : DEBUG   : START: update.0 register publisher log_pubsub
2017-08-22 15:47:42,168: update.0            : MainProcess                     : MainThread     : DEBUG   : using addr tcp://172.30.238.6:46182 for pubsub log_pubsub
2017-08-22 15:47:42,171: update.0            : MainProcess                     : MainThread     : DEBUG   : registered publisher : log_pubsub : log.pubsub.pub.0000
2017-08-22 15:47:42,171: update.0            : MainProcess                     : MainThread     : DEBUG   : alive check in term
2017-08-22 15:47:42,171: update.0            : MainProcess                     : MainThread     : DEBUG   : START: update.0 register publisher state_pubsub
2017-08-22 15:47:42,171: update.0            : MainProcess                     : MainThread     : DEBUG   : using addr tcp://172.30.238.6:37166 for pubsub state_pubsub
2017-08-22 15:47:42,174: update.0            : MainProcess                     : MainThread     : DEBUG   : registered publisher : state_pubsub : state.pubsub.pub.0000
2017-08-22 15:47:42,174: update.0            : MainProcess                     : MainThread     : DEBUG   : alive check in term
2017-08-22 15:47:42,174: update.0            : MainProcess                     : MainThread     : DEBUG   : START: update.0 register publisher control_pubsub
2017-08-22 15:47:42,175: update.0            : MainProcess                     : MainThread     : DEBUG   : using addr tcp://172.30.238.6:36439 for pubsub control_pubsub
2017-08-22 15:47:42,194: update.0            : MainProcess                     : MainThread     : DEBUG   : registered publisher : control_pubsub : control.pubsub.pub.0000
2017-08-22 15:47:42,194: update.0            : MainProcess                     : MainThread     : DEBUG   : parent name: update.0.watch
2017-08-22 15:47:42,194: update.0            : MainProcess                     : MainThread     : DEBUG   : start thread
2017-08-22 15:47:42,195: update.0            : MainProcess                     : update.0.watch : DEBUG   : child name: update.0.watch.thread
2017-08-22 15:47:42,195: update.0            : MainProcess                     : update.0.watch : INFO    : child (me) initializing
2017-08-22 15:47:42,195: update.0            : MainProcess                     : update.0.watch : DEBUG   : ru_initialize_common (NOOP)
2017-08-22 15:47:42,195: update.0            : MainProcess                     : update.0.watch : DEBUG   : ru_initialize_child (NOOP)
2017-08-22 15:47:42,195: update.0            : MainProcess                     : update.0.watch : INFO    : send alive
2017-08-22 15:47:42,195: update.0            : MainProcess                     : update.0.watch : INFO    : put message: [update.0.watch.thread] alive
2017-08-22 15:47:42,196: update.0            : MainProcess                     : MainThread     : INFO    : get msg: alive
2017-08-22 15:47:42,196: update.0            : MainProcess                     : MainThread     : DEBUG   : ru_initialize_common (NOOP)
2017-08-22 15:47:42,196: update.0            : MainProcess                     : MainThread     : DEBUG   : ru_initialize_parent (NOOP)
2017-08-22 15:47:42,197: update.0            : MainProcess                     : MainThread     : DEBUG   : child thread update.0.watch started
2017-08-22 15:47:42,197: update.0            : MainProcess                     : MainThread     : INFO    : child is alive
2017-08-22 15:47:42,197: update.0            : MainProcess                     : MainThread     : DEBUG   : process class started child
2017-08-22 18:14:36,346: update.0            : MainProcess                     : MainThread     : INFO    : stop update.0 (13833 : 13907 : MainThread) [radical.pilot.worker.update.Update.stop]
2017-08-22 18:14:36,346: update.0            : MainProcess                     : MainThread     : INFO    : parent stops child
2017-08-22 18:14:36,346: update.0            : MainProcess                     : MainThread     : DEBUG   : ru_finalize_common()
2017-08-22 18:14:36,346: update.0            : MainProcess                     : MainThread     : DEBUG   : TERM : update.0 unregister publisher log_pubsub
2017-08-22 18:14:36,347: update.0            : MainProcess                     : MainThread     : DEBUG   : unregistered publisher log_pubsub
2017-08-22 18:14:36,347: update.0            : MainProcess                     : MainThread     : DEBUG   : TERM : update.0 unregister publisher state_pubsub
2017-08-22 18:14:36,348: update.0            : MainProcess                     : MainThread     : DEBUG   : unregistered publisher state_pubsub
2017-08-22 18:14:36,348: update.0            : MainProcess                     : MainThread     : DEBUG   : TERM : update.0 unregister publisher control_pubsub
2017-08-22 18:14:36,349: update.0            : MainProcess                     : MainThread     : DEBUG   : unregistered publisher control_pubsub
2017-08-22 18:14:36,349: update.0            : MainProcess                     : MainThread     : DEBUG   : update.0 close prof
2017-08-22 18:14:36,349: update.0            : MainProcess                     : MainThread     : INFO    : parent stops child
2017-08-22 18:14:36,349: update.0            : MainProcess                     : MainThread     : DEBUG   : ru_finalize_parent (NOOP)
2017-08-22 18:14:36,349: update.0            : MainProcess                     : MainThread     : DEBUG   : ru_finalize_common (NOOP)
2017-08-22 18:14:36,400: update.0            : MainProcess                     : update.0.watch : INFO    : watcher closes
2017-08-22 18:14:36,400: update.0            : MainProcess                     : update.0.watch : INFO    : put message: [update.0.watch.thread] work finished
2017-08-22 18:14:36,400: update.0            : MainProcess                     : update.0.watch : DEBUG   : ru_finalize_child (NOOP)
2017-08-22 18:14:36,400: update.0            : MainProcess                     : update.0.watch : DEBUG   : ru_finalize_common (NOOP)
2017-08-22 18:14:36,400: update.0            : MainProcess                     : update.0.watch : INFO    : put message: [update.0.watch.thread] terminating
2017-08-22 18:14:36,514: update.0            : MainProcess                     : MainThread     : WARNING : failed to stop child - terminate
2017-08-22 18:14:37,077: update.0            : MainProcess                     : MainThread     : INFO    : stop update.0 (13833 : 13907 : MainThread) [radical.pilot.worker.update.Update.stop]
