2017-10-12 16:44:27,051: log.pubsub.pub.0000 : update.0                        : MainThread     : INFO    : python.interpreter   version: 2.7.9 (default, May 6 2016, 10:34:30) [GCC 4.9.0 20140422 (Cray Inc.)]
2017-10-12 16:44:27,052: log.pubsub.pub.0000 : update.0                        : MainThread     : INFO    :                      pid: 41208
2017-10-12 16:44:27,052: log.pubsub.pub.0000 : update.0                        : MainThread     : INFO    :                      tid: MainThread
2017-10-12 16:44:27,052: log.pubsub.pub.0000 : update.0                        : MainThread     : INFO    : radical.pilot        version: 0.47-v0.46.2-15-g62a193b@devel
2017-10-12 16:44:27,052: log.pubsub.pub.0000 : update.0                        : MainThread     : INFO    : create log_pubsub - pub - tcp://160.91.205.198:44810
2017-10-12 16:44:27,053: log.pubsub.pub.0000 : update.0                        : MainThread     : DEBUG   : start process
2017-10-12 16:44:27,053: log.pubsub.pub.0000 : update.0                        : MainThread     : DEBUG   : ru_initialize_common (NOOP)
2017-10-12 16:44:27,054: log.pubsub.pub.0000 : update.0                        : MainThread     : DEBUG   : ru_initialize_parent (NOOP)
2017-10-12 16:44:27,054: log.pubsub.pub.0000 : update.0                        : MainThread     : DEBUG   : process class started (no child)
2017-10-12 16:44:27,261: log.pubsub.pub.0000 : MainProcess                     : MainThread     : INFO    : python.interpreter   version: 2.7.9 (default, May 6 2016, 10:34:30) [GCC 4.9.0 20140422 (Cray Inc.)]
2017-10-12 16:44:27,262: log.pubsub.pub.0000 : MainProcess                     : MainThread     : INFO    :                      pid: 41037
2017-10-12 16:44:27,262: log.pubsub.pub.0000 : MainProcess                     : MainThread     : INFO    :                      tid: MainThread
2017-10-12 16:44:27,263: log.pubsub.pub.0000 : MainProcess                     : MainThread     : INFO    : radical.pilot        version: 0.47-v0.46.2-15-g62a193b@devel
2017-10-12 16:44:27,263: log.pubsub.pub.0000 : MainProcess                     : MainThread     : INFO    : create log_pubsub - pub - tcp://160.91.205.198:44810
2017-10-12 16:44:27,264: log.pubsub.pub.0000 : MainProcess                     : MainThread     : DEBUG   : start process
2017-10-12 16:44:27,264: log.pubsub.pub.0000 : MainProcess                     : MainThread     : DEBUG   : ru_initialize_common (NOOP)
2017-10-12 16:44:27,264: log.pubsub.pub.0000 : MainProcess                     : MainThread     : DEBUG   : ru_initialize_parent (NOOP)
2017-10-12 16:44:27,264: log.pubsub.pub.0000 : MainProcess                     : MainThread     : DEBUG   : process class started (no child)
2017-10-12 16:49:12,310: log.pubsub.pub.0000 : MainProcess                     : MainThread     : INFO    : parent stops child
2017-10-12 16:49:12,310: log.pubsub.pub.0000 : MainProcess                     : MainThread     : DEBUG   : ru_finalize_parent (NOOP)
