2017-08-14 17:05:28,251: umgr.staging.input.queue.bridge.0000.child: umgr.staging.input.queue.bridge.0000.child: MainThread     : INFO    : python.interpreter   version: 2.7.12 (default, Nov 19 2016, 06:48:10) [GCC 5.4.0 20160609]
2017-08-14 17:05:28,251: umgr.staging.input.queue.bridge.0000.child: umgr.staging.input.queue.bridge.0000.child: MainThread     : INFO    :                      pid: 15597
2017-08-14 17:05:28,251: umgr.staging.input.queue.bridge.0000.child: umgr.staging.input.queue.bridge.0000.child: MainThread     : INFO    :                      tid: MainThread
2017-08-14 17:05:28,252: umgr.staging.input.queue.bridge.0000.child: umgr.staging.input.queue.bridge.0000.child: MainThread     : INFO    : radical.pilot        version: 0.46-v0.46.RC2@devel
2017-08-14 17:05:28,252: umgr.staging.input.queue.bridge.0000.child: umgr.staging.input.queue.bridge.0000.child: MainThread     : INFO    : start bridge umgr.staging.input.queue.bridge.0000.child on tcp://*:*
2017-08-14 17:05:28,252: umgr.staging.input.queue.bridge.0000.child: umgr.staging.input.queue.bridge.0000.child: MainThread     : INFO    : bound bridge umgr.staging.input.queue.bridge.0000.child to tcp://0.0.0.0:42895 : tcp://0.0.0.0:40437
2017-08-14 17:05:29,628: umgr.staging.input.queue.bridge.0000.child: umgr.staging.input.queue.bridge.0000.child: MainThread     : DEBUG   : sent  1 [hwm: 1]
2017-08-14 17:05:29,741: umgr.staging.input.queue.bridge.0000.child: umgr.staging.input.queue.bridge.0000.child: MainThread     : DEBUG   : sent  1 [hwm: 1]
2017-08-14 17:05:29,853: umgr.staging.input.queue.bridge.0000.child: umgr.staging.input.queue.bridge.0000.child: MainThread     : DEBUG   : sent  1 [hwm: 1]
2017-08-14 17:05:29,964: umgr.staging.input.queue.bridge.0000.child: umgr.staging.input.queue.bridge.0000.child: MainThread     : DEBUG   : sent  1 [hwm: 1]
2017-08-14 17:05:30,079: umgr.staging.input.queue.bridge.0000.child: umgr.staging.input.queue.bridge.0000.child: MainThread     : DEBUG   : sent  1 [hwm: 1]
2017-08-14 17:05:30,189: umgr.staging.input.queue.bridge.0000.child: umgr.staging.input.queue.bridge.0000.child: MainThread     : DEBUG   : sent  1 [hwm: 1]
2017-08-14 17:05:30,307: umgr.staging.input.queue.bridge.0000.child: umgr.staging.input.queue.bridge.0000.child: MainThread     : DEBUG   : sent  1 [hwm: 1]
2017-08-14 17:05:30,887: umgr.staging.input.queue.bridge.0000.child: umgr.staging.input.queue.bridge.0000.child: MainThread     : DEBUG   : sent  1 [hwm: 1]
2017-08-14 17:05:31,009: umgr.staging.input.queue.bridge.0000.child: umgr.staging.input.queue.bridge.0000.child: MainThread     : DEBUG   : sent  1 [hwm: 1]
2017-08-14 17:05:31,123: umgr.staging.input.queue.bridge.0000.child: umgr.staging.input.queue.bridge.0000.child: MainThread     : DEBUG   : sent  1 [hwm: 1]
2017-08-14 17:05:31,235: umgr.staging.input.queue.bridge.0000.child: umgr.staging.input.queue.bridge.0000.child: MainThread     : DEBUG   : sent  1 [hwm: 1]
2017-08-14 17:05:31,348: umgr.staging.input.queue.bridge.0000.child: umgr.staging.input.queue.bridge.0000.child: MainThread     : DEBUG   : sent  1 [hwm: 1]
2017-08-14 17:05:31,463: umgr.staging.input.queue.bridge.0000.child: umgr.staging.input.queue.bridge.0000.child: MainThread     : DEBUG   : sent  1 [hwm: 1]
2017-08-14 17:05:31,573: umgr.staging.input.queue.bridge.0000.child: umgr.staging.input.queue.bridge.0000.child: MainThread     : DEBUG   : sent  1 [hwm: 1]
2017-08-14 17:05:31,681: umgr.staging.input.queue.bridge.0000.child: umgr.staging.input.queue.bridge.0000.child: MainThread     : DEBUG   : sent  1 [hwm: 1]
2017-08-14 17:05:31,800: umgr.staging.input.queue.bridge.0000.child: umgr.staging.input.queue.bridge.0000.child: MainThread     : DEBUG   : sent  1 [hwm: 1]
2017-08-14 17:05:31,919: umgr.staging.input.queue.bridge.0000.child: umgr.staging.input.queue.bridge.0000.child: MainThread     : DEBUG   : sent  1 [hwm: 1]
2017-08-14 17:05:32,035: umgr.staging.input.queue.bridge.0000.child: umgr.staging.input.queue.bridge.0000.child: MainThread     : DEBUG   : sent  1 [hwm: 1]
2017-08-14 17:05:32,154: umgr.staging.input.queue.bridge.0000.child: umgr.staging.input.queue.bridge.0000.child: MainThread     : DEBUG   : sent  1 [hwm: 1]
2017-08-14 17:05:32,282: umgr.staging.input.queue.bridge.0000.child: umgr.staging.input.queue.bridge.0000.child: MainThread     : DEBUG   : sent  1 [hwm: 1]
2017-08-14 17:05:32,397: umgr.staging.input.queue.bridge.0000.child: umgr.staging.input.queue.bridge.0000.child: MainThread     : DEBUG   : sent  1 [hwm: 1]
2017-08-14 17:05:32,509: umgr.staging.input.queue.bridge.0000.child: umgr.staging.input.queue.bridge.0000.child: MainThread     : DEBUG   : sent  1 [hwm: 1]
2017-08-14 17:05:32,624: umgr.staging.input.queue.bridge.0000.child: umgr.staging.input.queue.bridge.0000.child: MainThread     : DEBUG   : sent  1 [hwm: 1]
2017-08-14 17:05:32,747: umgr.staging.input.queue.bridge.0000.child: umgr.staging.input.queue.bridge.0000.child: MainThread     : DEBUG   : sent  1 [hwm: 1]
2017-08-14 17:05:32,859: umgr.staging.input.queue.bridge.0000.child: umgr.staging.input.queue.bridge.0000.child: MainThread     : DEBUG   : sent  1 [hwm: 1]
2017-08-14 17:05:32,967: umgr.staging.input.queue.bridge.0000.child: umgr.staging.input.queue.bridge.0000.child: MainThread     : DEBUG   : sent  1 [hwm: 1]
2017-08-14 17:05:33,086: umgr.staging.input.queue.bridge.0000.child: umgr.staging.input.queue.bridge.0000.child: MainThread     : DEBUG   : sent  1 [hwm: 1]
2017-08-14 17:05:33,202: umgr.staging.input.queue.bridge.0000.child: umgr.staging.input.queue.bridge.0000.child: MainThread     : DEBUG   : sent  1 [hwm: 1]
2017-08-14 17:05:33,314: umgr.staging.input.queue.bridge.0000.child: umgr.staging.input.queue.bridge.0000.child: MainThread     : DEBUG   : sent  1 [hwm: 1]
2017-08-14 17:05:33,427: umgr.staging.input.queue.bridge.0000.child: umgr.staging.input.queue.bridge.0000.child: MainThread     : DEBUG   : sent  1 [hwm: 1]
2017-08-14 17:05:33,538: umgr.staging.input.queue.bridge.0000.child: umgr.staging.input.queue.bridge.0000.child: MainThread     : DEBUG   : sent  1 [hwm: 1]
2017-08-14 17:05:33,666: umgr.staging.input.queue.bridge.0000.child: umgr.staging.input.queue.bridge.0000.child: MainThread     : DEBUG   : sent  1 [hwm: 1]
2017-08-14 17:05:33,780: umgr.staging.input.queue.bridge.0000.child: umgr.staging.input.queue.bridge.0000.child: MainThread     : DEBUG   : sent  1 [hwm: 1]
2017-08-14 17:05:33,898: umgr.staging.input.queue.bridge.0000.child: umgr.staging.input.queue.bridge.0000.child: MainThread     : DEBUG   : sent  1 [hwm: 1]
2017-08-14 17:05:34,006: umgr.staging.input.queue.bridge.0000.child: umgr.staging.input.queue.bridge.0000.child: MainThread     : DEBUG   : sent  1 [hwm: 1]
2017-08-14 17:05:34,128: umgr.staging.input.queue.bridge.0000.child: umgr.staging.input.queue.bridge.0000.child: MainThread     : DEBUG   : sent  1 [hwm: 1]
2017-08-14 17:05:34,240: umgr.staging.input.queue.bridge.0000.child: umgr.staging.input.queue.bridge.0000.child: MainThread     : DEBUG   : sent  1 [hwm: 1]
2017-08-14 17:05:34,357: umgr.staging.input.queue.bridge.0000.child: umgr.staging.input.queue.bridge.0000.child: MainThread     : DEBUG   : sent  1 [hwm: 1]
2017-08-14 17:05:34,470: umgr.staging.input.queue.bridge.0000.child: umgr.staging.input.queue.bridge.0000.child: MainThread     : DEBUG   : sent  1 [hwm: 1]
2017-08-14 17:05:34,579: umgr.staging.input.queue.bridge.0000.child: umgr.staging.input.queue.bridge.0000.child: MainThread     : DEBUG   : sent  1 [hwm: 1]
2017-08-14 17:05:34,693: umgr.staging.input.queue.bridge.0000.child: umgr.staging.input.queue.bridge.0000.child: MainThread     : DEBUG   : sent  1 [hwm: 1]
2017-08-14 17:05:34,812: umgr.staging.input.queue.bridge.0000.child: umgr.staging.input.queue.bridge.0000.child: MainThread     : DEBUG   : sent  1 [hwm: 1]
2017-08-14 17:05:34,925: umgr.staging.input.queue.bridge.0000.child: umgr.staging.input.queue.bridge.0000.child: MainThread     : DEBUG   : sent  1 [hwm: 1]
2017-08-14 17:05:35,041: umgr.staging.input.queue.bridge.0000.child: umgr.staging.input.queue.bridge.0000.child: MainThread     : DEBUG   : sent  1 [hwm: 1]
2017-08-14 17:05:35,153: umgr.staging.input.queue.bridge.0000.child: umgr.staging.input.queue.bridge.0000.child: MainThread     : DEBUG   : sent  1 [hwm: 1]
2017-08-14 17:05:35,268: umgr.staging.input.queue.bridge.0000.child: umgr.staging.input.queue.bridge.0000.child: MainThread     : DEBUG   : sent  1 [hwm: 1]
2017-08-14 17:05:35,390: umgr.staging.input.queue.bridge.0000.child: umgr.staging.input.queue.bridge.0000.child: MainThread     : DEBUG   : sent  1 [hwm: 1]
2017-08-14 17:05:35,498: umgr.staging.input.queue.bridge.0000.child: umgr.staging.input.queue.bridge.0000.child: MainThread     : DEBUG   : sent  1 [hwm: 1]
2017-08-14 17:05:35,609: umgr.staging.input.queue.bridge.0000.child: umgr.staging.input.queue.bridge.0000.child: MainThread     : DEBUG   : sent  1 [hwm: 1]
2017-08-14 17:05:35,729: umgr.staging.input.queue.bridge.0000.child: umgr.staging.input.queue.bridge.0000.child: MainThread     : DEBUG   : sent  1 [hwm: 1]
2017-08-14 17:05:35,836: umgr.staging.input.queue.bridge.0000.child: umgr.staging.input.queue.bridge.0000.child: MainThread     : DEBUG   : sent  1 [hwm: 1]
2017-08-14 17:05:35,945: umgr.staging.input.queue.bridge.0000.child: umgr.staging.input.queue.bridge.0000.child: MainThread     : DEBUG   : sent  1 [hwm: 1]
2017-08-14 17:05:36,055: umgr.staging.input.queue.bridge.0000.child: umgr.staging.input.queue.bridge.0000.child: MainThread     : DEBUG   : sent  1 [hwm: 1]
2017-08-14 17:05:36,168: umgr.staging.input.queue.bridge.0000.child: umgr.staging.input.queue.bridge.0000.child: MainThread     : DEBUG   : sent  1 [hwm: 1]
2017-08-14 17:05:36,282: umgr.staging.input.queue.bridge.0000.child: umgr.staging.input.queue.bridge.0000.child: MainThread     : DEBUG   : sent  1 [hwm: 1]
2017-08-14 17:05:36,395: umgr.staging.input.queue.bridge.0000.child: umgr.staging.input.queue.bridge.0000.child: MainThread     : DEBUG   : sent  1 [hwm: 1]
2017-08-14 17:05:36,509: umgr.staging.input.queue.bridge.0000.child: umgr.staging.input.queue.bridge.0000.child: MainThread     : DEBUG   : sent  1 [hwm: 1]
2017-08-14 17:05:36,620: umgr.staging.input.queue.bridge.0000.child: umgr.staging.input.queue.bridge.0000.child: MainThread     : DEBUG   : sent  1 [hwm: 1]
2017-08-14 17:05:36,734: umgr.staging.input.queue.bridge.0000.child: umgr.staging.input.queue.bridge.0000.child: MainThread     : DEBUG   : sent  1 [hwm: 1]
2017-08-14 17:05:36,839: umgr.staging.input.queue.bridge.0000.child: umgr.staging.input.queue.bridge.0000.child: MainThread     : DEBUG   : sent  1 [hwm: 1]
2017-08-14 17:05:36,951: umgr.staging.input.queue.bridge.0000.child: umgr.staging.input.queue.bridge.0000.child: MainThread     : DEBUG   : sent  1 [hwm: 1]
2017-08-14 17:05:37,066: umgr.staging.input.queue.bridge.0000.child: umgr.staging.input.queue.bridge.0000.child: MainThread     : DEBUG   : sent  1 [hwm: 1]
2017-08-14 17:05:37,194: umgr.staging.input.queue.bridge.0000.child: umgr.staging.input.queue.bridge.0000.child: MainThread     : DEBUG   : sent  1 [hwm: 1]
2017-08-14 17:05:37,302: umgr.staging.input.queue.bridge.0000.child: umgr.staging.input.queue.bridge.0000.child: MainThread     : DEBUG   : sent  1 [hwm: 1]
2017-08-14 17:05:37,410: umgr.staging.input.queue.bridge.0000.child: umgr.staging.input.queue.bridge.0000.child: MainThread     : DEBUG   : sent  1 [hwm: 1]
2017-08-14 17:05:37,515: umgr.staging.input.queue.bridge.0000.child: umgr.staging.input.queue.bridge.0000.child: MainThread     : DEBUG   : sent  1 [hwm: 1]
2017-08-14 17:05:37,623: umgr.staging.input.queue.bridge.0000.child: umgr.staging.input.queue.bridge.0000.child: MainThread     : DEBUG   : sent  1 [hwm: 1]
2017-08-14 17:05:37,731: umgr.staging.input.queue.bridge.0000.child: umgr.staging.input.queue.bridge.0000.child: MainThread     : DEBUG   : sent  1 [hwm: 1]
2017-08-14 17:05:37,852: umgr.staging.input.queue.bridge.0000.child: umgr.staging.input.queue.bridge.0000.child: MainThread     : DEBUG   : sent  1 [hwm: 1]
2017-08-14 17:05:37,963: umgr.staging.input.queue.bridge.0000.child: umgr.staging.input.queue.bridge.0000.child: MainThread     : DEBUG   : sent  1 [hwm: 1]
2017-08-14 17:05:38,125: umgr.staging.input.queue.bridge.0000.child: umgr.staging.input.queue.bridge.0000.child: MainThread     : DEBUG   : sent  1 [hwm: 1]
2017-08-14 17:05:38,235: umgr.staging.input.queue.bridge.0000.child: umgr.staging.input.queue.bridge.0000.child: MainThread     : DEBUG   : sent  1 [hwm: 1]
2017-08-14 17:05:38,342: umgr.staging.input.queue.bridge.0000.child: umgr.staging.input.queue.bridge.0000.child: MainThread     : DEBUG   : sent  1 [hwm: 1]
2017-08-14 17:05:38,450: umgr.staging.input.queue.bridge.0000.child: umgr.staging.input.queue.bridge.0000.child: MainThread     : DEBUG   : sent  1 [hwm: 1]
2017-08-14 17:05:38,557: umgr.staging.input.queue.bridge.0000.child: umgr.staging.input.queue.bridge.0000.child: MainThread     : DEBUG   : sent  1 [hwm: 1]
2017-08-14 17:05:38,670: umgr.staging.input.queue.bridge.0000.child: umgr.staging.input.queue.bridge.0000.child: MainThread     : DEBUG   : sent  1 [hwm: 1]
2017-08-14 17:05:38,781: umgr.staging.input.queue.bridge.0000.child: umgr.staging.input.queue.bridge.0000.child: MainThread     : DEBUG   : sent  1 [hwm: 1]
2017-08-14 17:05:38,898: umgr.staging.input.queue.bridge.0000.child: umgr.staging.input.queue.bridge.0000.child: MainThread     : DEBUG   : sent  1 [hwm: 1]
2017-08-14 17:05:39,014: umgr.staging.input.queue.bridge.0000.child: umgr.staging.input.queue.bridge.0000.child: MainThread     : DEBUG   : sent  1 [hwm: 1]
2017-08-14 17:05:39,121: umgr.staging.input.queue.bridge.0000.child: umgr.staging.input.queue.bridge.0000.child: MainThread     : DEBUG   : sent  1 [hwm: 1]
2017-08-14 17:05:39,240: umgr.staging.input.queue.bridge.0000.child: umgr.staging.input.queue.bridge.0000.child: MainThread     : DEBUG   : sent  1 [hwm: 1]
2017-08-14 17:05:39,356: umgr.staging.input.queue.bridge.0000.child: umgr.staging.input.queue.bridge.0000.child: MainThread     : DEBUG   : sent  1 [hwm: 1]
2017-08-14 17:05:39,471: umgr.staging.input.queue.bridge.0000.child: umgr.staging.input.queue.bridge.0000.child: MainThread     : DEBUG   : sent  1 [hwm: 1]
2017-08-14 17:05:39,584: umgr.staging.input.queue.bridge.0000.child: umgr.staging.input.queue.bridge.0000.child: MainThread     : DEBUG   : sent  1 [hwm: 1]
2017-08-14 17:05:39,693: umgr.staging.input.queue.bridge.0000.child: umgr.staging.input.queue.bridge.0000.child: MainThread     : DEBUG   : sent  1 [hwm: 1]
2017-08-14 17:05:39,804: umgr.staging.input.queue.bridge.0000.child: umgr.staging.input.queue.bridge.0000.child: MainThread     : DEBUG   : sent  1 [hwm: 1]
2017-08-14 17:05:39,917: umgr.staging.input.queue.bridge.0000.child: umgr.staging.input.queue.bridge.0000.child: MainThread     : DEBUG   : sent  1 [hwm: 1]
2017-08-14 17:05:40,030: umgr.staging.input.queue.bridge.0000.child: umgr.staging.input.queue.bridge.0000.child: MainThread     : DEBUG   : sent  1 [hwm: 1]
2017-08-14 17:05:40,139: umgr.staging.input.queue.bridge.0000.child: umgr.staging.input.queue.bridge.0000.child: MainThread     : DEBUG   : sent  1 [hwm: 1]
2017-08-14 17:05:40,247: umgr.staging.input.queue.bridge.0000.child: umgr.staging.input.queue.bridge.0000.child: MainThread     : DEBUG   : sent  1 [hwm: 1]
2017-08-14 17:05:40,359: umgr.staging.input.queue.bridge.0000.child: umgr.staging.input.queue.bridge.0000.child: MainThread     : DEBUG   : sent  1 [hwm: 1]
2017-08-14 17:05:40,477: umgr.staging.input.queue.bridge.0000.child: umgr.staging.input.queue.bridge.0000.child: MainThread     : DEBUG   : sent  1 [hwm: 1]
2017-08-14 17:05:40,584: umgr.staging.input.queue.bridge.0000.child: umgr.staging.input.queue.bridge.0000.child: MainThread     : DEBUG   : sent  1 [hwm: 1]
2017-08-14 17:05:40,692: umgr.staging.input.queue.bridge.0000.child: umgr.staging.input.queue.bridge.0000.child: MainThread     : DEBUG   : sent  1 [hwm: 1]
2017-08-14 17:05:40,799: umgr.staging.input.queue.bridge.0000.child: umgr.staging.input.queue.bridge.0000.child: MainThread     : DEBUG   : sent  1 [hwm: 1]
2017-08-14 17:05:40,910: umgr.staging.input.queue.bridge.0000.child: umgr.staging.input.queue.bridge.0000.child: MainThread     : DEBUG   : sent  1 [hwm: 1]
2017-08-14 17:05:41,020: umgr.staging.input.queue.bridge.0000.child: umgr.staging.input.queue.bridge.0000.child: MainThread     : DEBUG   : sent  1 [hwm: 1]
2017-08-14 17:05:41,130: umgr.staging.input.queue.bridge.0000.child: umgr.staging.input.queue.bridge.0000.child: MainThread     : DEBUG   : sent  1 [hwm: 1]
2017-08-14 17:05:41,241: umgr.staging.input.queue.bridge.0000.child: umgr.staging.input.queue.bridge.0000.child: MainThread     : DEBUG   : sent  1 [hwm: 1]
2017-08-14 17:05:41,362: umgr.staging.input.queue.bridge.0000.child: umgr.staging.input.queue.bridge.0000.child: MainThread     : DEBUG   : sent  1 [hwm: 1]
2017-08-14 17:05:41,463: umgr.staging.input.queue.bridge.0000.child: umgr.staging.input.queue.bridge.0000.child: MainThread     : DEBUG   : sent  1 [hwm: 1]
2017-08-14 17:05:41,571: umgr.staging.input.queue.bridge.0000.child: umgr.staging.input.queue.bridge.0000.child: MainThread     : DEBUG   : sent  1 [hwm: 1]
2017-08-14 17:05:41,679: umgr.staging.input.queue.bridge.0000.child: umgr.staging.input.queue.bridge.0000.child: MainThread     : DEBUG   : sent  1 [hwm: 1]
2017-08-14 17:05:41,796: umgr.staging.input.queue.bridge.0000.child: umgr.staging.input.queue.bridge.0000.child: MainThread     : DEBUG   : sent  1 [hwm: 1]
2017-08-14 17:05:41,916: umgr.staging.input.queue.bridge.0000.child: umgr.staging.input.queue.bridge.0000.child: MainThread     : DEBUG   : sent  1 [hwm: 1]
2017-08-14 17:05:42,034: umgr.staging.input.queue.bridge.0000.child: umgr.staging.input.queue.bridge.0000.child: MainThread     : DEBUG   : sent  1 [hwm: 1]
2017-08-14 17:05:42,169: umgr.staging.input.queue.bridge.0000.child: umgr.staging.input.queue.bridge.0000.child: MainThread     : DEBUG   : sent  1 [hwm: 1]
2017-08-14 17:05:42,276: umgr.staging.input.queue.bridge.0000.child: umgr.staging.input.queue.bridge.0000.child: MainThread     : DEBUG   : sent  1 [hwm: 1]
2017-08-14 17:05:42,383: umgr.staging.input.queue.bridge.0000.child: umgr.staging.input.queue.bridge.0000.child: MainThread     : DEBUG   : sent  1 [hwm: 1]
2017-08-14 17:05:42,493: umgr.staging.input.queue.bridge.0000.child: umgr.staging.input.queue.bridge.0000.child: MainThread     : DEBUG   : sent  1 [hwm: 1]
2017-08-14 17:05:42,607: umgr.staging.input.queue.bridge.0000.child: umgr.staging.input.queue.bridge.0000.child: MainThread     : DEBUG   : sent  1 [hwm: 1]
2017-08-14 17:05:42,722: umgr.staging.input.queue.bridge.0000.child: umgr.staging.input.queue.bridge.0000.child: MainThread     : DEBUG   : sent  1 [hwm: 1]
2017-08-14 17:05:42,833: umgr.staging.input.queue.bridge.0000.child: umgr.staging.input.queue.bridge.0000.child: MainThread     : DEBUG   : sent  1 [hwm: 1]
2017-08-14 17:05:42,947: umgr.staging.input.queue.bridge.0000.child: umgr.staging.input.queue.bridge.0000.child: MainThread     : DEBUG   : sent  1 [hwm: 1]
2017-08-14 17:05:43,062: umgr.staging.input.queue.bridge.0000.child: umgr.staging.input.queue.bridge.0000.child: MainThread     : DEBUG   : sent  1 [hwm: 1]
2017-08-14 17:05:43,221: umgr.staging.input.queue.bridge.0000.child: umgr.staging.input.queue.bridge.0000.child: MainThread     : DEBUG   : sent  1 [hwm: 1]
2017-08-14 17:05:43,330: umgr.staging.input.queue.bridge.0000.child: umgr.staging.input.queue.bridge.0000.child: MainThread     : DEBUG   : sent  1 [hwm: 1]
2017-08-14 17:05:43,438: umgr.staging.input.queue.bridge.0000.child: umgr.staging.input.queue.bridge.0000.child: MainThread     : DEBUG   : sent  1 [hwm: 1]
2017-08-14 17:05:43,546: umgr.staging.input.queue.bridge.0000.child: umgr.staging.input.queue.bridge.0000.child: MainThread     : DEBUG   : sent  1 [hwm: 1]
2017-08-14 17:05:43,662: umgr.staging.input.queue.bridge.0000.child: umgr.staging.input.queue.bridge.0000.child: MainThread     : DEBUG   : sent  1 [hwm: 1]
2017-08-14 17:05:43,778: umgr.staging.input.queue.bridge.0000.child: umgr.staging.input.queue.bridge.0000.child: MainThread     : DEBUG   : sent  1 [hwm: 1]
2017-08-14 17:05:43,901: umgr.staging.input.queue.bridge.0000.child: umgr.staging.input.queue.bridge.0000.child: MainThread     : DEBUG   : sent  1 [hwm: 1]
2017-08-14 17:05:44,012: umgr.staging.input.queue.bridge.0000.child: umgr.staging.input.queue.bridge.0000.child: MainThread     : DEBUG   : sent  1 [hwm: 1]
2017-08-14 17:05:44,129: umgr.staging.input.queue.bridge.0000.child: umgr.staging.input.queue.bridge.0000.child: MainThread     : DEBUG   : sent  1 [hwm: 1]
2017-08-14 17:05:44,236: umgr.staging.input.queue.bridge.0000.child: umgr.staging.input.queue.bridge.0000.child: MainThread     : DEBUG   : sent  1 [hwm: 1]
2017-08-14 17:05:44,355: umgr.staging.input.queue.bridge.0000.child: umgr.staging.input.queue.bridge.0000.child: MainThread     : DEBUG   : sent  1 [hwm: 1]
2017-08-14 17:05:44,467: umgr.staging.input.queue.bridge.0000.child: umgr.staging.input.queue.bridge.0000.child: MainThread     : DEBUG   : sent  1 [hwm: 1]
2017-08-14 17:05:44,580: umgr.staging.input.queue.bridge.0000.child: umgr.staging.input.queue.bridge.0000.child: MainThread     : DEBUG   : sent  1 [hwm: 1]
2017-08-14 17:05:53,590: umgr.staging.input.queue.bridge.0000.child: umgr.staging.input.queue.bridge.0000.child: MainThread     : WARNING : not alive anymore?
2017-08-14 17:05:53,590: umgr.staging.input.queue.bridge.0000.child: umgr.staging.input.queue.bridge.0000.child: MainThread     : WARNING : send failed ([Errno 9] Bad file descriptor) - terminate
2017-08-14 17:05:53,591: umgr.staging.input.queue.bridge.0000.child: umgr.staging.input.queue.bridge.0000.child: MainThread     : WARNING : send failed ([Errno 9] Bad file descriptor) - terminate
