2017-08-22 15:45:10,850: rp.session.js-17-212.jetstream-cloud.org.vivek91.017400.0020: MainProcess                     : MainThread     : INFO    : python.interpreter   version: 2.7.12 (default, Nov 19 2016, 06:48:10) [GCC 5.4.0 20160609]
2017-08-22 15:45:10,850: rp.session.js-17-212.jetstream-cloud.org.vivek91.017400.0020: MainProcess                     : MainThread     : INFO    :                      pid: 13073
2017-08-22 15:45:10,850: rp.session.js-17-212.jetstream-cloud.org.vivek91.017400.0020: MainProcess                     : MainThread     : INFO    :                      tid: MainThread
2017-08-22 15:45:10,850: rp.session.js-17-212.jetstream-cloud.org.vivek91.017400.0020: MainProcess                     : MainThread     : INFO    : radical.pilot        version: 0.46-v0.46.RC2@devel
2017-08-22 15:45:10,851: rp.session.js-17-212.jetstream-cloud.org.vivek91.017400.0020: MainProcess                     : MainThread     : INFO    : using database mongodb://user:user@ds153652.mlab.com:53652/test_08_08
2017-08-22 15:45:11,863: rp.session.js-17-212.jetstream-cloud.org.vivek91.017400.0020: MainProcess                     : MainThread     : INFO    : Load resource configurations from /home/vivek91/ves/entk-exp/local/lib/python2.7/site-packages/radical/pilot/configs/resource_ncsa.json
2017-08-22 15:45:11,874: rp.session.js-17-212.jetstream-cloud.org.vivek91.017400.0020: MainProcess                     : MainThread     : INFO    : Load resource configurations for ncsa.bw_orte
2017-08-22 15:45:11,875: rp.session.js-17-212.jetstream-cloud.org.vivek91.017400.0020: MainProcess                     : MainThread     : INFO    : Load resource configurations for ncsa.bw_ccm_ssh
2017-08-22 15:45:11,875: rp.session.js-17-212.jetstream-cloud.org.vivek91.017400.0020: MainProcess                     : MainThread     : INFO    : Load resource configurations for ncsa.bw_ortelib
2017-08-22 15:45:11,876: rp.session.js-17-212.jetstream-cloud.org.vivek91.017400.0020: MainProcess                     : MainThread     : INFO    : Load resource configurations for ncsa.bw_aprun
2017-08-22 15:45:11,876: rp.session.js-17-212.jetstream-cloud.org.vivek91.017400.0020: MainProcess                     : MainThread     : INFO    : Load resource configurations for ncsa.bw_local_orte
2017-08-22 15:45:11,876: rp.session.js-17-212.jetstream-cloud.org.vivek91.017400.0020: MainProcess                     : MainThread     : INFO    : Load resource configurations from /home/vivek91/ves/entk-exp/local/lib/python2.7/site-packages/radical/pilot/configs/resource_iu.json
2017-08-22 15:45:11,880: rp.session.js-17-212.jetstream-cloud.org.vivek91.017400.0020: MainProcess                     : MainThread     : INFO    : Load resource configurations for iu.bigred2_ccm_ssh
2017-08-22 15:45:11,880: rp.session.js-17-212.jetstream-cloud.org.vivek91.017400.0020: MainProcess                     : MainThread     : INFO    : Load resource configurations for iu.bigred2_aprun
2017-08-22 15:45:11,881: rp.session.js-17-212.jetstream-cloud.org.vivek91.017400.0020: MainProcess                     : MainThread     : INFO    : Load resource configurations from /home/vivek91/ves/entk-exp/local/lib/python2.7/site-packages/radical/pilot/configs/resource_osg.json
2017-08-22 15:45:11,885: rp.session.js-17-212.jetstream-cloud.org.vivek91.017400.0020: MainProcess                     : MainThread     : INFO    : Load resource configurations for osg.xsede-virt-clust
2017-08-22 15:45:11,885: rp.session.js-17-212.jetstream-cloud.org.vivek91.017400.0020: MainProcess                     : MainThread     : INFO    : Load resource configurations for osg.connect
2017-08-22 15:45:11,885: rp.session.js-17-212.jetstream-cloud.org.vivek91.017400.0020: MainProcess                     : MainThread     : INFO    : Load resource configurations from /home/vivek91/ves/entk-exp/local/lib/python2.7/site-packages/radical/pilot/configs/resource_yale.json
2017-08-22 15:45:11,887: rp.session.js-17-212.jetstream-cloud.org.vivek91.017400.0020: MainProcess                     : MainThread     : INFO    : Load resource configurations for yale.grace_ssh
2017-08-22 15:45:11,888: rp.session.js-17-212.jetstream-cloud.org.vivek91.017400.0020: MainProcess                     : MainThread     : INFO    : Load resource configurations from /home/vivek91/ves/entk-exp/local/lib/python2.7/site-packages/radical/pilot/configs/resource_lumc.json
2017-08-22 15:45:11,891: rp.session.js-17-212.jetstream-cloud.org.vivek91.017400.0020: MainProcess                     : MainThread     : INFO    : Load resource configurations for lumc.gb-ui_ssh
2017-08-22 15:45:11,891: rp.session.js-17-212.jetstream-cloud.org.vivek91.017400.0020: MainProcess                     : MainThread     : INFO    : Load resource configurations for lumc.shark_ssh
2017-08-22 15:45:11,892: rp.session.js-17-212.jetstream-cloud.org.vivek91.017400.0020: MainProcess                     : MainThread     : INFO    : Load resource configurations from /home/vivek91/ves/entk-exp/local/lib/python2.7/site-packages/radical/pilot/configs/resource_ornl.json
2017-08-22 15:45:11,897: rp.session.js-17-212.jetstream-cloud.org.vivek91.017400.0020: MainProcess                     : MainThread     : INFO    : Load resource configurations for ornl.titan_orte
2017-08-22 15:45:11,897: rp.session.js-17-212.jetstream-cloud.org.vivek91.017400.0020: MainProcess                     : MainThread     : INFO    : Load resource configurations for ornl.titan_aprun
2017-08-22 15:45:11,898: rp.session.js-17-212.jetstream-cloud.org.vivek91.017400.0020: MainProcess                     : MainThread     : INFO    : Load resource configurations for ornl.titan_ortelib
2017-08-22 15:45:11,898: rp.session.js-17-212.jetstream-cloud.org.vivek91.017400.0020: MainProcess                     : MainThread     : INFO    : Load resource configurations from /home/vivek91/ves/entk-exp/local/lib/python2.7/site-packages/radical/pilot/configs/resource_stfc.json
2017-08-22 15:45:11,900: rp.session.js-17-212.jetstream-cloud.org.vivek91.017400.0020: MainProcess                     : MainThread     : INFO    : Load resource configurations for stfc.joule_runjob
2017-08-22 15:45:11,900: rp.session.js-17-212.jetstream-cloud.org.vivek91.017400.0020: MainProcess                     : MainThread     : INFO    : Load resource configurations from /home/vivek91/ves/entk-exp/local/lib/python2.7/site-packages/radical/pilot/configs/resource_radical.json
2017-08-22 15:45:11,905: rp.session.js-17-212.jetstream-cloud.org.vivek91.017400.0020: MainProcess                     : MainThread     : INFO    : Load resource configurations for radical.two
2017-08-22 15:45:11,905: rp.session.js-17-212.jetstream-cloud.org.vivek91.017400.0020: MainProcess                     : MainThread     : INFO    : Load resource configurations for radical.tutorial
2017-08-22 15:45:11,905: rp.session.js-17-212.jetstream-cloud.org.vivek91.017400.0020: MainProcess                     : MainThread     : INFO    : Load resource configurations for radical.one
2017-08-22 15:45:11,906: rp.session.js-17-212.jetstream-cloud.org.vivek91.017400.0020: MainProcess                     : MainThread     : INFO    : Load resource configurations from /home/vivek91/ves/entk-exp/local/lib/python2.7/site-packages/radical/pilot/configs/resource_das4.json
2017-08-22 15:45:11,907: rp.session.js-17-212.jetstream-cloud.org.vivek91.017400.0020: MainProcess                     : MainThread     : INFO    : Load resource configurations for das4.fs2_ssh
2017-08-22 15:45:11,908: rp.session.js-17-212.jetstream-cloud.org.vivek91.017400.0020: MainProcess                     : MainThread     : INFO    : Load resource configurations from /home/vivek91/ves/entk-exp/local/lib/python2.7/site-packages/radical/pilot/configs/resource_nersc.json
2017-08-22 15:45:11,917: rp.session.js-17-212.jetstream-cloud.org.vivek91.017400.0020: MainProcess                     : MainThread     : INFO    : Load resource configurations for nersc.edison_ccm_ssh
2017-08-22 15:45:11,917: rp.session.js-17-212.jetstream-cloud.org.vivek91.017400.0020: MainProcess                     : MainThread     : INFO    : Load resource configurations for nersc.hopper_orte
2017-08-22 15:45:11,917: rp.session.js-17-212.jetstream-cloud.org.vivek91.017400.0020: MainProcess                     : MainThread     : INFO    : Load resource configurations for nersc.hopper_ccm_ssh
2017-08-22 15:45:11,918: rp.session.js-17-212.jetstream-cloud.org.vivek91.017400.0020: MainProcess                     : MainThread     : INFO    : Load resource configurations for nersc.edison_aprun
2017-08-22 15:45:11,918: rp.session.js-17-212.jetstream-cloud.org.vivek91.017400.0020: MainProcess                     : MainThread     : INFO    : Load resource configurations for nersc.hopper_aprun
2017-08-22 15:45:11,919: rp.session.js-17-212.jetstream-cloud.org.vivek91.017400.0020: MainProcess                     : MainThread     : INFO    : Load resource configurations for nersc.edison_orte
2017-08-22 15:45:11,919: rp.session.js-17-212.jetstream-cloud.org.vivek91.017400.0020: MainProcess                     : MainThread     : INFO    : Load resource configurations from /home/vivek91/ves/entk-exp/local/lib/python2.7/site-packages/radical/pilot/configs/resource_xsede.json
2017-08-22 15:45:11,946: rp.session.js-17-212.jetstream-cloud.org.vivek91.017400.0020: MainProcess                     : MainThread     : INFO    : Load resource configurations for xsede.stampede2_ssh
2017-08-22 15:45:11,946: rp.session.js-17-212.jetstream-cloud.org.vivek91.017400.0020: MainProcess                     : MainThread     : INFO    : Load resource configurations for xsede.wrangler_spark
2017-08-22 15:45:11,947: rp.session.js-17-212.jetstream-cloud.org.vivek91.017400.0020: MainProcess                     : MainThread     : INFO    : Load resource configurations for xsede.stampede_yarn
2017-08-22 15:45:11,947: rp.session.js-17-212.jetstream-cloud.org.vivek91.017400.0020: MainProcess                     : MainThread     : INFO    : Load resource configurations for xsede.gordon_ssh
2017-08-22 15:45:11,947: rp.session.js-17-212.jetstream-cloud.org.vivek91.017400.0020: MainProcess                     : MainThread     : INFO    : Load resource configurations for xsede.stampede_ssh
2017-08-22 15:45:11,947: rp.session.js-17-212.jetstream-cloud.org.vivek91.017400.0020: MainProcess                     : MainThread     : INFO    : Load resource configurations for xsede.lonestar_ssh
2017-08-22 15:45:11,948: rp.session.js-17-212.jetstream-cloud.org.vivek91.017400.0020: MainProcess                     : MainThread     : INFO    : Load resource configurations for xsede.supermic_spark
2017-08-22 15:45:11,948: rp.session.js-17-212.jetstream-cloud.org.vivek91.017400.0020: MainProcess                     : MainThread     : INFO    : Load resource configurations for xsede.wrangler_ssh
2017-08-22 15:45:11,948: rp.session.js-17-212.jetstream-cloud.org.vivek91.017400.0020: MainProcess                     : MainThread     : INFO    : Load resource configurations for xsede.wrangler_yarn
2017-08-22 15:45:11,949: rp.session.js-17-212.jetstream-cloud.org.vivek91.017400.0020: MainProcess                     : MainThread     : INFO    : Load resource configurations for xsede.bridges
2017-08-22 15:45:11,949: rp.session.js-17-212.jetstream-cloud.org.vivek91.017400.0020: MainProcess                     : MainThread     : INFO    : Load resource configurations for xsede.supermic_ssh
2017-08-22 15:45:11,949: rp.session.js-17-212.jetstream-cloud.org.vivek91.017400.0020: MainProcess                     : MainThread     : INFO    : Load resource configurations for xsede.stampede_orte
2017-08-22 15:45:11,949: rp.session.js-17-212.jetstream-cloud.org.vivek91.017400.0020: MainProcess                     : MainThread     : INFO    : Load resource configurations for xsede.greenfield
2017-08-22 15:45:11,950: rp.session.js-17-212.jetstream-cloud.org.vivek91.017400.0020: MainProcess                     : MainThread     : INFO    : Load resource configurations for xsede.comet_spark
2017-08-22 15:45:11,950: rp.session.js-17-212.jetstream-cloud.org.vivek91.017400.0020: MainProcess                     : MainThread     : INFO    : Load resource configurations for xsede.trestles_ssh
2017-08-22 15:45:11,950: rp.session.js-17-212.jetstream-cloud.org.vivek91.017400.0020: MainProcess                     : MainThread     : INFO    : Load resource configurations for xsede.comet_ssh
2017-08-22 15:45:11,950: rp.session.js-17-212.jetstream-cloud.org.vivek91.017400.0020: MainProcess                     : MainThread     : INFO    : Load resource configurations for xsede.stampede_spark
2017-08-22 15:45:11,951: rp.session.js-17-212.jetstream-cloud.org.vivek91.017400.0020: MainProcess                     : MainThread     : INFO    : Load resource configurations for xsede.comet_orte
2017-08-22 15:45:11,951: rp.session.js-17-212.jetstream-cloud.org.vivek91.017400.0020: MainProcess                     : MainThread     : INFO    : Load resource configurations for xsede.comet_ortelib
2017-08-22 15:45:11,951: rp.session.js-17-212.jetstream-cloud.org.vivek91.017400.0020: MainProcess                     : MainThread     : INFO    : Load resource configurations for xsede.blacklight_ssh
2017-08-22 15:45:11,951: rp.session.js-17-212.jetstream-cloud.org.vivek91.017400.0020: MainProcess                     : MainThread     : INFO    : Load resource configurations for xsede.stampede_ortelib
2017-08-22 15:45:11,952: rp.session.js-17-212.jetstream-cloud.org.vivek91.017400.0020: MainProcess                     : MainThread     : INFO    : Load resource configurations from /home/vivek91/ves/entk-exp/local/lib/python2.7/site-packages/radical/pilot/configs/resource_chameleon.json
2017-08-22 15:45:11,953: rp.session.js-17-212.jetstream-cloud.org.vivek91.017400.0020: MainProcess                     : MainThread     : INFO    : Load resource configurations for chameleon.cloud_vm_yarn
2017-08-22 15:45:11,953: rp.session.js-17-212.jetstream-cloud.org.vivek91.017400.0020: MainProcess                     : MainThread     : INFO    : Load resource configurations from /home/vivek91/ves/entk-exp/local/lib/python2.7/site-packages/radical/pilot/configs/resource_epsrc.json
2017-08-22 15:45:11,955: rp.session.js-17-212.jetstream-cloud.org.vivek91.017400.0020: MainProcess                     : MainThread     : INFO    : Load resource configurations for epsrc.archer_orte
2017-08-22 15:45:11,955: rp.session.js-17-212.jetstream-cloud.org.vivek91.017400.0020: MainProcess                     : MainThread     : INFO    : Load resource configurations for epsrc.archer_aprun
2017-08-22 15:45:11,956: rp.session.js-17-212.jetstream-cloud.org.vivek91.017400.0020: MainProcess                     : MainThread     : INFO    : Load resource configurations from /home/vivek91/ves/entk-exp/local/lib/python2.7/site-packages/radical/pilot/configs/resource_futuregrid.json
2017-08-22 15:45:11,961: rp.session.js-17-212.jetstream-cloud.org.vivek91.017400.0020: MainProcess                     : MainThread     : INFO    : Load resource configurations for futuregrid.delta_ssh
2017-08-22 15:45:11,961: rp.session.js-17-212.jetstream-cloud.org.vivek91.017400.0020: MainProcess                     : MainThread     : INFO    : Load resource configurations for futuregrid.india_ssh
2017-08-22 15:45:11,961: rp.session.js-17-212.jetstream-cloud.org.vivek91.017400.0020: MainProcess                     : MainThread     : INFO    : Load resource configurations for futuregrid.echo_ssh
2017-08-22 15:45:11,961: rp.session.js-17-212.jetstream-cloud.org.vivek91.017400.0020: MainProcess                     : MainThread     : INFO    : Load resource configurations for futuregrid.xray_ccm
2017-08-22 15:45:11,962: rp.session.js-17-212.jetstream-cloud.org.vivek91.017400.0020: MainProcess                     : MainThread     : INFO    : Load resource configurations for futuregrid.bravo_ssh
2017-08-22 15:45:11,962: rp.session.js-17-212.jetstream-cloud.org.vivek91.017400.0020: MainProcess                     : MainThread     : INFO    : Load resource configurations for futuregrid.xray_aprun
2017-08-22 15:45:11,962: rp.session.js-17-212.jetstream-cloud.org.vivek91.017400.0020: MainProcess                     : MainThread     : INFO    : Load resource configurations from /home/vivek91/ves/entk-exp/local/lib/python2.7/site-packages/radical/pilot/configs/resource_local.json
2017-08-22 15:45:11,968: rp.session.js-17-212.jetstream-cloud.org.vivek91.017400.0020: MainProcess                     : MainThread     : INFO    : Load resource configurations for local.localhost_orte
2017-08-22 15:45:11,968: rp.session.js-17-212.jetstream-cloud.org.vivek91.017400.0020: MainProcess                     : MainThread     : INFO    : Load resource configurations for local.localhost_anaconda
2017-08-22 15:45:11,969: rp.session.js-17-212.jetstream-cloud.org.vivek91.017400.0020: MainProcess                     : MainThread     : INFO    : Load resource configurations for local.localhost_ortelib
2017-08-22 15:45:11,969: rp.session.js-17-212.jetstream-cloud.org.vivek91.017400.0020: MainProcess                     : MainThread     : INFO    : Load resource configurations for local.localhost
2017-08-22 15:45:11,969: rp.session.js-17-212.jetstream-cloud.org.vivek91.017400.0020: MainProcess                     : MainThread     : INFO    : Load resource configurations for local.localhost_spark
2017-08-22 15:45:11,969: rp.session.js-17-212.jetstream-cloud.org.vivek91.017400.0020: MainProcess                     : MainThread     : INFO    : Load resource configurations for local.localhost_spark_anaconda
2017-08-22 15:45:11,969: rp.session.js-17-212.jetstream-cloud.org.vivek91.017400.0020: MainProcess                     : MainThread     : INFO    : Load resource configurations for local.localhost_yarn
2017-08-22 15:45:11,970: rp.session.js-17-212.jetstream-cloud.org.vivek91.017400.0020: MainProcess                     : MainThread     : INFO    : Load resource configurations from /home/vivek91/ves/entk-exp/local/lib/python2.7/site-packages/radical/pilot/configs/resource_aliases.json
2017-08-22 15:45:11,970: rp.session.js-17-212.jetstream-cloud.org.vivek91.017400.0020: MainProcess                     : MainThread     : INFO    : Load resource configurations from /home/vivek91/ves/entk-exp/local/lib/python2.7/site-packages/radical/pilot/configs/resource_lrz.json
2017-08-22 15:45:11,971: rp.session.js-17-212.jetstream-cloud.org.vivek91.017400.0020: MainProcess                     : MainThread     : INFO    : Load resource configurations for lrz.supermuc_ssh
2017-08-22 15:45:11,971: rp.session.js-17-212.jetstream-cloud.org.vivek91.017400.0020: MainProcess                     : MainThread     : INFO    : Load resource configurations from /home/vivek91/ves/entk-exp/local/lib/python2.7/site-packages/radical/pilot/configs/resource_rice.json
2017-08-22 15:45:11,973: rp.session.js-17-212.jetstream-cloud.org.vivek91.017400.0020: MainProcess                     : MainThread     : INFO    : Load resource configurations for rice.davinci_ssh
2017-08-22 15:45:11,973: rp.session.js-17-212.jetstream-cloud.org.vivek91.017400.0020: MainProcess                     : MainThread     : INFO    : Load resource configurations for rice.biou_ssh
2017-08-22 15:45:11,974: rp.session.js-17-212.jetstream-cloud.org.vivek91.017400.0020: MainProcess                     : MainThread     : INFO    : Load resource configurations from /home/vivek91/ves/entk-exp/local/lib/python2.7/site-packages/radical/pilot/configs/resource_ncar.json
2017-08-22 15:45:11,975: rp.session.js-17-212.jetstream-cloud.org.vivek91.017400.0020: MainProcess                     : MainThread     : INFO    : Load resource configurations for ncar.yellowstone_ssh
2017-08-22 15:45:11,975: rp.session.js-17-212.jetstream-cloud.org.vivek91.017400.0020: MainProcess                     : MainThread     : INFO    : Load resource configurations from /home/vivek91/ves/entk-exp/local/lib/python2.7/site-packages/radical/pilot/configs/resource_das5.json
2017-08-22 15:45:11,976: rp.session.js-17-212.jetstream-cloud.org.vivek91.017400.0020: MainProcess                     : MainThread     : INFO    : Load resource configurations for das5.fs1_ssh
2017-08-22 15:45:11,976: rp.session.js-17-212.jetstream-cloud.org.vivek91.017400.0020: MainProcess                     : MainThread     : INFO    : Load resource configurations from /home/vivek91/ves/entk-exp/local/lib/python2.7/site-packages/radical/pilot/configs/resource_fub.json
2017-08-22 15:45:11,977: rp.session.js-17-212.jetstream-cloud.org.vivek91.017400.0020: MainProcess                     : MainThread     : INFO    : Load resource configurations for fub.allegro_rsh
2017-08-22 15:45:12,549: rp.session.js-17-212.jetstream-cloud.org.vivek91.017400.0020: MainProcess                     : MainThread     : INFO    : New Session created: rp.session.js-17-212.jetstream-cloud.org.vivek91.017400.0020.
2017-08-22 15:45:12,550: rp.session.js-17-212.jetstream-cloud.org.vivek91.017400.0020: MainProcess                     : MainThread     : DEBUG   : start bridges   : {u'control_pubsub': {u'bulk_size': 0, u'log_level': u'debug', u'stall_hwm': 1},
 u'log_pubsub': {u'bulk_size': 0, u'log_level': u'debug', u'stall_hwm': 1},
 u'state_pubsub': {u'bulk_size': 0, u'log_level': u'debug', u'stall_hwm': 1}}
2017-08-22 15:45:12,550: rp.session.js-17-212.jetstream-cloud.org.vivek91.017400.0020: MainProcess                     : MainThread     : INFO    : create bridge control_pubsub
2017-08-22 15:45:12,575: rp.session.js-17-212.jetstream-cloud.org.vivek91.017400.0020: MainProcess                     : MainThread     : INFO    : created bridge control_pubsub (control.pubsub.bridge.0000)
2017-08-22 15:45:12,576: rp.session.js-17-212.jetstream-cloud.org.vivek91.017400.0020: MainProcess                     : MainThread     : INFO    : create bridge state_pubsub
2017-08-22 15:45:12,596: rp.session.js-17-212.jetstream-cloud.org.vivek91.017400.0020: MainProcess                     : MainThread     : INFO    : created bridge state_pubsub (state.pubsub.bridge.0000)
2017-08-22 15:45:12,597: rp.session.js-17-212.jetstream-cloud.org.vivek91.017400.0020: MainProcess                     : MainThread     : INFO    : create bridge log_pubsub
2017-08-22 15:45:12,617: rp.session.js-17-212.jetstream-cloud.org.vivek91.017400.0020: MainProcess                     : MainThread     : INFO    : created bridge log_pubsub (log.pubsub.bridge.0000)
2017-08-22 15:45:12,618: rp.session.js-17-212.jetstream-cloud.org.vivek91.017400.0020: MainProcess                     : MainThread     : DEBUG   : start components: {u'UpdateWorker': {u'count': 1}}
2017-08-22 15:45:12,618: rp.session.js-17-212.jetstream-cloud.org.vivek91.017400.0020: MainProcess                     : MainThread     : DEBUG   : start 1 component(s) UpdateWorker
2017-08-22 15:45:15,073: rp.session.js-17-212.jetstream-cloud.org.vivek91.017400.0020: MainProcess                     : MainThread     : INFO    : rp.session.js-17-212.jetstream-cloud.org.vivek91.017400.0020 starts update.0
2017-08-22 15:45:18,387: rp.session.js-17-212.jetstream-cloud.org.vivek91.017400.0020: MainProcess                     : MainThread     : WARNING : using alias 'xsede.supermic_ssh' for deprecated resource key 'xsede.supermic'
2017-08-22 15:45:18,388: rp.session.js-17-212.jetstream-cloud.org.vivek91.017400.0020: MainProcess                     : MainThread     : DEBUG   : rsup.PTYShell('gsissh://supermic.cct-lsu.xsede.org:2222/')
2017-08-22 15:45:21,445: rp.session.js-17-212.jetstream-cloud.org.vivek91.017400.0020: MainProcess                     : MainThread     : DEBUG   : sandbox base gsissh://supermic.cct-lsu.xsede.org:2222/: '/work/vivek91'
2017-08-22 15:45:21,596: rp.session.js-17-212.jetstream-cloud.org.vivek91.017400.0020: MainProcess                     : MainThread     : DEBUG   : bulk pilot insert result: {'nModified': 0, 'nUpserted': 0, 'nMatched': 0, 'writeErrors': [], 'upserted': [], 'writeConcernErrors': [], 'nRemoved': 0, 'nInserted': 1}
2017-08-22 15:45:21,602: rp.session.js-17-212.jetstream-cloud.org.vivek91.017400.0020: pmgr.launching.0                : MainThread     : WARNING : using alias 'xsede.supermic_ssh' for deprecated resource key 'xsede.supermic'
2017-08-22 15:45:21,606: rp.session.js-17-212.jetstream-cloud.org.vivek91.017400.0020: pmgr.launching.0                : MainThread     : WARNING : using alias 'xsede.supermic_ssh' for deprecated resource key 'xsede.supermic'
2017-08-22 15:45:21,607: rp.session.js-17-212.jetstream-cloud.org.vivek91.017400.0020: pmgr.launching.0                : MainThread     : DEBUG   : rsup.PTYShell('gsissh://supermic.cct-lsu.xsede.org:2222/')
2017-08-22 15:45:22,768: rp.session.js-17-212.jetstream-cloud.org.vivek91.017400.0020: pmgr.launching.0                : MainThread     : DEBUG   : sandbox base gsissh://supermic.cct-lsu.xsede.org:2222/: '/work/vivek91'
2017-08-22 15:46:17,004: rp.session.js-17-212.jetstream-cloud.org.vivek91.017400.0020: task-manager                    : MainThread     : DEBUG   : bulk unit insert result: {'nModified': 0, 'nUpserted': 0, 'nMatched': 0, 'writeErrors': [], 'upserted': [], 'writeConcernErrors': [], 'nRemoved': 0, 'nInserted': 1}
2017-08-22 15:46:17,096: rp.session.js-17-212.jetstream-cloud.org.vivek91.017400.0020: task-manager                    : MainThread     : DEBUG   : bulk unit insert result: {'nModified': 0, 'nUpserted': 0, 'nMatched': 0, 'writeErrors': [], 'upserted': [], 'writeConcernErrors': [], 'nRemoved': 0, 'nInserted': 1}
2017-08-22 15:46:17,162: rp.session.js-17-212.jetstream-cloud.org.vivek91.017400.0020: task-manager                    : MainThread     : DEBUG   : bulk unit insert result: {'nModified': 0, 'nUpserted': 0, 'nMatched': 0, 'writeErrors': [], 'upserted': [], 'writeConcernErrors': [], 'nRemoved': 0, 'nInserted': 1}
2017-08-22 15:46:17,254: rp.session.js-17-212.jetstream-cloud.org.vivek91.017400.0020: task-manager                    : MainThread     : DEBUG   : bulk unit insert result: {'nModified': 0, 'nUpserted': 0, 'nMatched': 0, 'writeErrors': [], 'upserted': [], 'writeConcernErrors': [], 'nRemoved': 0, 'nInserted': 1}
2017-08-22 15:46:17,320: rp.session.js-17-212.jetstream-cloud.org.vivek91.017400.0020: task-manager                    : MainThread     : DEBUG   : bulk unit insert result: {'nModified': 0, 'nUpserted': 0, 'nMatched': 0, 'writeErrors': [], 'upserted': [], 'writeConcernErrors': [], 'nRemoved': 0, 'nInserted': 1}
2017-08-22 15:46:17,384: rp.session.js-17-212.jetstream-cloud.org.vivek91.017400.0020: task-manager                    : MainThread     : DEBUG   : bulk unit insert result: {'nModified': 0, 'nUpserted': 0, 'nMatched': 0, 'writeErrors': [], 'upserted': [], 'writeConcernErrors': [], 'nRemoved': 0, 'nInserted': 1}
2017-08-22 15:46:17,448: rp.session.js-17-212.jetstream-cloud.org.vivek91.017400.0020: task-manager                    : MainThread     : DEBUG   : bulk unit insert result: {'nModified': 0, 'nUpserted': 0, 'nMatched': 0, 'writeErrors': [], 'upserted': [], 'writeConcernErrors': [], 'nRemoved': 0, 'nInserted': 1}
2017-08-22 15:46:17,537: rp.session.js-17-212.jetstream-cloud.org.vivek91.017400.0020: task-manager                    : MainThread     : DEBUG   : bulk unit insert result: {'nModified': 0, 'nUpserted': 0, 'nMatched': 0, 'writeErrors': [], 'upserted': [], 'writeConcernErrors': [], 'nRemoved': 0, 'nInserted': 1}
2017-08-22 15:46:17,630: rp.session.js-17-212.jetstream-cloud.org.vivek91.017400.0020: task-manager                    : MainThread     : DEBUG   : bulk unit insert result: {'nModified': 0, 'nUpserted': 0, 'nMatched': 0, 'writeErrors': [], 'upserted': [], 'writeConcernErrors': [], 'nRemoved': 0, 'nInserted': 1}
2017-08-22 15:46:17,708: rp.session.js-17-212.jetstream-cloud.org.vivek91.017400.0020: task-manager                    : MainThread     : DEBUG   : bulk unit insert result: {'nModified': 0, 'nUpserted': 0, 'nMatched': 0, 'writeErrors': [], 'upserted': [], 'writeConcernErrors': [], 'nRemoved': 0, 'nInserted': 1}
2017-08-22 15:46:17,786: rp.session.js-17-212.jetstream-cloud.org.vivek91.017400.0020: task-manager                    : MainThread     : DEBUG   : bulk unit insert result: {'nModified': 0, 'nUpserted': 0, 'nMatched': 0, 'writeErrors': [], 'upserted': [], 'writeConcernErrors': [], 'nRemoved': 0, 'nInserted': 1}
2017-08-22 15:46:18,117: rp.session.js-17-212.jetstream-cloud.org.vivek91.017400.0020: task-manager                    : MainThread     : DEBUG   : bulk unit insert result: {'nModified': 0, 'nUpserted': 0, 'nMatched': 0, 'writeErrors': [], 'upserted': [], 'writeConcernErrors': [], 'nRemoved': 0, 'nInserted': 1}
2017-08-22 15:46:18,187: rp.session.js-17-212.jetstream-cloud.org.vivek91.017400.0020: task-manager                    : MainThread     : DEBUG   : bulk unit insert result: {'nModified': 0, 'nUpserted': 0, 'nMatched': 0, 'writeErrors': [], 'upserted': [], 'writeConcernErrors': [], 'nRemoved': 0, 'nInserted': 1}
2017-08-22 15:46:18,267: rp.session.js-17-212.jetstream-cloud.org.vivek91.017400.0020: task-manager                    : MainThread     : DEBUG   : bulk unit insert result: {'nModified': 0, 'nUpserted': 0, 'nMatched': 0, 'writeErrors': [], 'upserted': [], 'writeConcernErrors': [], 'nRemoved': 0, 'nInserted': 1}
2017-08-22 15:46:18,356: rp.session.js-17-212.jetstream-cloud.org.vivek91.017400.0020: task-manager                    : MainThread     : DEBUG   : bulk unit insert result: {'nModified': 0, 'nUpserted': 0, 'nMatched': 0, 'writeErrors': [], 'upserted': [], 'writeConcernErrors': [], 'nRemoved': 0, 'nInserted': 1}
2017-08-22 15:46:18,440: rp.session.js-17-212.jetstream-cloud.org.vivek91.017400.0020: task-manager                    : MainThread     : DEBUG   : bulk unit insert result: {'nModified': 0, 'nUpserted': 0, 'nMatched': 0, 'writeErrors': [], 'upserted': [], 'writeConcernErrors': [], 'nRemoved': 0, 'nInserted': 1}
2017-08-22 15:46:18,507: rp.session.js-17-212.jetstream-cloud.org.vivek91.017400.0020: task-manager                    : MainThread     : DEBUG   : bulk unit insert result: {'nModified': 0, 'nUpserted': 0, 'nMatched': 0, 'writeErrors': [], 'upserted': [], 'writeConcernErrors': [], 'nRemoved': 0, 'nInserted': 1}
2017-08-22 15:46:18,602: rp.session.js-17-212.jetstream-cloud.org.vivek91.017400.0020: task-manager                    : MainThread     : DEBUG   : bulk unit insert result: {'nModified': 0, 'nUpserted': 0, 'nMatched': 0, 'writeErrors': [], 'upserted': [], 'writeConcernErrors': [], 'nRemoved': 0, 'nInserted': 1}
2017-08-22 15:46:18,710: rp.session.js-17-212.jetstream-cloud.org.vivek91.017400.0020: task-manager                    : MainThread     : DEBUG   : bulk unit insert result: {'nModified': 0, 'nUpserted': 0, 'nMatched': 0, 'writeErrors': [], 'upserted': [], 'writeConcernErrors': [], 'nRemoved': 0, 'nInserted': 1}
2017-08-22 15:46:18,971: rp.session.js-17-212.jetstream-cloud.org.vivek91.017400.0020: task-manager                    : MainThread     : DEBUG   : bulk unit insert result: {'nModified': 0, 'nUpserted': 0, 'nMatched': 0, 'writeErrors': [], 'upserted': [], 'writeConcernErrors': [], 'nRemoved': 0, 'nInserted': 1}
2017-08-22 15:46:19,032: rp.session.js-17-212.jetstream-cloud.org.vivek91.017400.0020: task-manager                    : MainThread     : DEBUG   : bulk unit insert result: {'nModified': 0, 'nUpserted': 0, 'nMatched': 0, 'writeErrors': [], 'upserted': [], 'writeConcernErrors': [], 'nRemoved': 0, 'nInserted': 1}
2017-08-22 15:46:19,096: rp.session.js-17-212.jetstream-cloud.org.vivek91.017400.0020: task-manager                    : MainThread     : DEBUG   : bulk unit insert result: {'nModified': 0, 'nUpserted': 0, 'nMatched': 0, 'writeErrors': [], 'upserted': [], 'writeConcernErrors': [], 'nRemoved': 0, 'nInserted': 1}
2017-08-22 15:46:19,170: rp.session.js-17-212.jetstream-cloud.org.vivek91.017400.0020: task-manager                    : MainThread     : DEBUG   : bulk unit insert result: {'nModified': 0, 'nUpserted': 0, 'nMatched': 0, 'writeErrors': [], 'upserted': [], 'writeConcernErrors': [], 'nRemoved': 0, 'nInserted': 1}
2017-08-22 15:46:19,256: rp.session.js-17-212.jetstream-cloud.org.vivek91.017400.0020: task-manager                    : MainThread     : DEBUG   : bulk unit insert result: {'nModified': 0, 'nUpserted': 0, 'nMatched': 0, 'writeErrors': [], 'upserted': [], 'writeConcernErrors': [], 'nRemoved': 0, 'nInserted': 1}
2017-08-22 15:46:19,344: rp.session.js-17-212.jetstream-cloud.org.vivek91.017400.0020: task-manager                    : MainThread     : DEBUG   : bulk unit insert result: {'nModified': 0, 'nUpserted': 0, 'nMatched': 0, 'writeErrors': [], 'upserted': [], 'writeConcernErrors': [], 'nRemoved': 0, 'nInserted': 1}
2017-08-22 15:46:19,404: rp.session.js-17-212.jetstream-cloud.org.vivek91.017400.0020: task-manager                    : MainThread     : DEBUG   : bulk unit insert result: {'nModified': 0, 'nUpserted': 0, 'nMatched': 0, 'writeErrors': [], 'upserted': [], 'writeConcernErrors': [], 'nRemoved': 0, 'nInserted': 1}
2017-08-22 15:46:19,500: rp.session.js-17-212.jetstream-cloud.org.vivek91.017400.0020: task-manager                    : MainThread     : DEBUG   : bulk unit insert result: {'nModified': 0, 'nUpserted': 0, 'nMatched': 0, 'writeErrors': [], 'upserted': [], 'writeConcernErrors': [], 'nRemoved': 0, 'nInserted': 1}
2017-08-22 15:46:19,590: rp.session.js-17-212.jetstream-cloud.org.vivek91.017400.0020: task-manager                    : MainThread     : DEBUG   : bulk unit insert result: {'nModified': 0, 'nUpserted': 0, 'nMatched': 0, 'writeErrors': [], 'upserted': [], 'writeConcernErrors': [], 'nRemoved': 0, 'nInserted': 1}
2017-08-22 15:46:19,652: rp.session.js-17-212.jetstream-cloud.org.vivek91.017400.0020: task-manager                    : MainThread     : DEBUG   : bulk unit insert result: {'nModified': 0, 'nUpserted': 0, 'nMatched': 0, 'writeErrors': [], 'upserted': [], 'writeConcernErrors': [], 'nRemoved': 0, 'nInserted': 1}
2017-08-22 15:46:19,715: rp.session.js-17-212.jetstream-cloud.org.vivek91.017400.0020: task-manager                    : MainThread     : DEBUG   : bulk unit insert result: {'nModified': 0, 'nUpserted': 0, 'nMatched': 0, 'writeErrors': [], 'upserted': [], 'writeConcernErrors': [], 'nRemoved': 0, 'nInserted': 1}
2017-08-22 15:46:19,806: rp.session.js-17-212.jetstream-cloud.org.vivek91.017400.0020: task-manager                    : MainThread     : DEBUG   : bulk unit insert result: {'nModified': 0, 'nUpserted': 0, 'nMatched': 0, 'writeErrors': [], 'upserted': [], 'writeConcernErrors': [], 'nRemoved': 0, 'nInserted': 1}
2017-08-22 15:46:19,893: rp.session.js-17-212.jetstream-cloud.org.vivek91.017400.0020: task-manager                    : MainThread     : DEBUG   : bulk unit insert result: {'nModified': 0, 'nUpserted': 0, 'nMatched': 0, 'writeErrors': [], 'upserted': [], 'writeConcernErrors': [], 'nRemoved': 0, 'nInserted': 1}
2017-08-22 15:46:19,957: rp.session.js-17-212.jetstream-cloud.org.vivek91.017400.0020: task-manager                    : MainThread     : DEBUG   : bulk unit insert result: {'nModified': 0, 'nUpserted': 0, 'nMatched': 0, 'writeErrors': [], 'upserted': [], 'writeConcernErrors': [], 'nRemoved': 0, 'nInserted': 1}
2017-08-22 15:46:20,018: rp.session.js-17-212.jetstream-cloud.org.vivek91.017400.0020: task-manager                    : MainThread     : DEBUG   : bulk unit insert result: {'nModified': 0, 'nUpserted': 0, 'nMatched': 0, 'writeErrors': [], 'upserted': [], 'writeConcernErrors': [], 'nRemoved': 0, 'nInserted': 1}
2017-08-22 15:46:20,078: rp.session.js-17-212.jetstream-cloud.org.vivek91.017400.0020: task-manager                    : MainThread     : DEBUG   : bulk unit insert result: {'nModified': 0, 'nUpserted': 0, 'nMatched': 0, 'writeErrors': [], 'upserted': [], 'writeConcernErrors': [], 'nRemoved': 0, 'nInserted': 1}
2017-08-22 15:46:20,139: rp.session.js-17-212.jetstream-cloud.org.vivek91.017400.0020: task-manager                    : MainThread     : DEBUG   : bulk unit insert result: {'nModified': 0, 'nUpserted': 0, 'nMatched': 0, 'writeErrors': [], 'upserted': [], 'writeConcernErrors': [], 'nRemoved': 0, 'nInserted': 1}
2017-08-22 15:46:20,378: rp.session.js-17-212.jetstream-cloud.org.vivek91.017400.0020: task-manager                    : MainThread     : DEBUG   : bulk unit insert result: {'nModified': 0, 'nUpserted': 0, 'nMatched': 0, 'writeErrors': [], 'upserted': [], 'writeConcernErrors': [], 'nRemoved': 0, 'nInserted': 1}
2017-08-22 15:46:20,936: rp.session.js-17-212.jetstream-cloud.org.vivek91.017400.0020: task-manager                    : MainThread     : DEBUG   : bulk unit insert result: {'nModified': 0, 'nUpserted': 0, 'nMatched': 0, 'writeErrors': [], 'upserted': [], 'writeConcernErrors': [], 'nRemoved': 0, 'nInserted': 1}
2017-08-22 15:46:21,016: rp.session.js-17-212.jetstream-cloud.org.vivek91.017400.0020: task-manager                    : MainThread     : DEBUG   : bulk unit insert result: {'nModified': 0, 'nUpserted': 0, 'nMatched': 0, 'writeErrors': [], 'upserted': [], 'writeConcernErrors': [], 'nRemoved': 0, 'nInserted': 1}
2017-08-22 15:46:21,105: rp.session.js-17-212.jetstream-cloud.org.vivek91.017400.0020: task-manager                    : MainThread     : DEBUG   : bulk unit insert result: {'nModified': 0, 'nUpserted': 0, 'nMatched': 0, 'writeErrors': [], 'upserted': [], 'writeConcernErrors': [], 'nRemoved': 0, 'nInserted': 1}
2017-08-22 15:46:21,190: rp.session.js-17-212.jetstream-cloud.org.vivek91.017400.0020: task-manager                    : MainThread     : DEBUG   : bulk unit insert result: {'nModified': 0, 'nUpserted': 0, 'nMatched': 0, 'writeErrors': [], 'upserted': [], 'writeConcernErrors': [], 'nRemoved': 0, 'nInserted': 1}
2017-08-22 15:46:21,274: rp.session.js-17-212.jetstream-cloud.org.vivek91.017400.0020: task-manager                    : MainThread     : DEBUG   : bulk unit insert result: {'nModified': 0, 'nUpserted': 0, 'nMatched': 0, 'writeErrors': [], 'upserted': [], 'writeConcernErrors': [], 'nRemoved': 0, 'nInserted': 1}
2017-08-22 15:46:21,355: rp.session.js-17-212.jetstream-cloud.org.vivek91.017400.0020: task-manager                    : MainThread     : DEBUG   : bulk unit insert result: {'nModified': 0, 'nUpserted': 0, 'nMatched': 0, 'writeErrors': [], 'upserted': [], 'writeConcernErrors': [], 'nRemoved': 0, 'nInserted': 1}
2017-08-22 15:46:21,437: rp.session.js-17-212.jetstream-cloud.org.vivek91.017400.0020: task-manager                    : MainThread     : DEBUG   : bulk unit insert result: {'nModified': 0, 'nUpserted': 0, 'nMatched': 0, 'writeErrors': [], 'upserted': [], 'writeConcernErrors': [], 'nRemoved': 0, 'nInserted': 1}
2017-08-22 15:46:21,516: rp.session.js-17-212.jetstream-cloud.org.vivek91.017400.0020: task-manager                    : MainThread     : DEBUG   : bulk unit insert result: {'nModified': 0, 'nUpserted': 0, 'nMatched': 0, 'writeErrors': [], 'upserted': [], 'writeConcernErrors': [], 'nRemoved': 0, 'nInserted': 1}
2017-08-22 15:46:21,601: rp.session.js-17-212.jetstream-cloud.org.vivek91.017400.0020: task-manager                    : MainThread     : DEBUG   : bulk unit insert result: {'nModified': 0, 'nUpserted': 0, 'nMatched': 0, 'writeErrors': [], 'upserted': [], 'writeConcernErrors': [], 'nRemoved': 0, 'nInserted': 1}
2017-08-22 15:46:21,682: rp.session.js-17-212.jetstream-cloud.org.vivek91.017400.0020: task-manager                    : MainThread     : DEBUG   : bulk unit insert result: {'nModified': 0, 'nUpserted': 0, 'nMatched': 0, 'writeErrors': [], 'upserted': [], 'writeConcernErrors': [], 'nRemoved': 0, 'nInserted': 1}
2017-08-22 15:46:21,774: rp.session.js-17-212.jetstream-cloud.org.vivek91.017400.0020: task-manager                    : MainThread     : DEBUG   : bulk unit insert result: {'nModified': 0, 'nUpserted': 0, 'nMatched': 0, 'writeErrors': [], 'upserted': [], 'writeConcernErrors': [], 'nRemoved': 0, 'nInserted': 1}
2017-08-22 15:46:21,854: rp.session.js-17-212.jetstream-cloud.org.vivek91.017400.0020: task-manager                    : MainThread     : DEBUG   : bulk unit insert result: {'nModified': 0, 'nUpserted': 0, 'nMatched': 0, 'writeErrors': [], 'upserted': [], 'writeConcernErrors': [], 'nRemoved': 0, 'nInserted': 1}
2017-08-22 15:46:21,939: rp.session.js-17-212.jetstream-cloud.org.vivek91.017400.0020: task-manager                    : MainThread     : DEBUG   : bulk unit insert result: {'nModified': 0, 'nUpserted': 0, 'nMatched': 0, 'writeErrors': [], 'upserted': [], 'writeConcernErrors': [], 'nRemoved': 0, 'nInserted': 1}
2017-08-22 15:46:21,999: rp.session.js-17-212.jetstream-cloud.org.vivek91.017400.0020: task-manager                    : MainThread     : DEBUG   : bulk unit insert result: {'nModified': 0, 'nUpserted': 0, 'nMatched': 0, 'writeErrors': [], 'upserted': [], 'writeConcernErrors': [], 'nRemoved': 0, 'nInserted': 1}
2017-08-22 15:46:22,060: rp.session.js-17-212.jetstream-cloud.org.vivek91.017400.0020: task-manager                    : MainThread     : DEBUG   : bulk unit insert result: {'nModified': 0, 'nUpserted': 0, 'nMatched': 0, 'writeErrors': [], 'upserted': [], 'writeConcernErrors': [], 'nRemoved': 0, 'nInserted': 1}
2017-08-22 15:46:23,161: rp.session.js-17-212.jetstream-cloud.org.vivek91.017400.0020: task-manager                    : MainThread     : DEBUG   : bulk unit insert result: {'nModified': 0, 'nUpserted': 0, 'nMatched': 0, 'writeErrors': [], 'upserted': [], 'writeConcernErrors': [], 'nRemoved': 0, 'nInserted': 1}
2017-08-22 15:46:25,718: rp.session.js-17-212.jetstream-cloud.org.vivek91.017400.0020: task-manager                    : MainThread     : DEBUG   : bulk unit insert result: {'nModified': 0, 'nUpserted': 0, 'nMatched': 0, 'writeErrors': [], 'upserted': [], 'writeConcernErrors': [], 'nRemoved': 0, 'nInserted': 1}
2017-08-22 15:46:25,963: rp.session.js-17-212.jetstream-cloud.org.vivek91.017400.0020: task-manager                    : MainThread     : DEBUG   : bulk unit insert result: {'nModified': 0, 'nUpserted': 0, 'nMatched': 0, 'writeErrors': [], 'upserted': [], 'writeConcernErrors': [], 'nRemoved': 0, 'nInserted': 1}
2017-08-22 15:46:26,343: rp.session.js-17-212.jetstream-cloud.org.vivek91.017400.0020: task-manager                    : MainThread     : DEBUG   : bulk unit insert result: {'nModified': 0, 'nUpserted': 0, 'nMatched': 0, 'writeErrors': [], 'upserted': [], 'writeConcernErrors': [], 'nRemoved': 0, 'nInserted': 1}
2017-08-22 15:46:26,722: rp.session.js-17-212.jetstream-cloud.org.vivek91.017400.0020: task-manager                    : MainThread     : DEBUG   : bulk unit insert result: {'nModified': 0, 'nUpserted': 0, 'nMatched': 0, 'writeErrors': [], 'upserted': [], 'writeConcernErrors': [], 'nRemoved': 0, 'nInserted': 1}
2017-08-22 15:46:26,917: rp.session.js-17-212.jetstream-cloud.org.vivek91.017400.0020: task-manager                    : MainThread     : DEBUG   : bulk unit insert result: {'nModified': 0, 'nUpserted': 0, 'nMatched': 0, 'writeErrors': [], 'upserted': [], 'writeConcernErrors': [], 'nRemoved': 0, 'nInserted': 1}
2017-08-22 15:46:27,969: rp.session.js-17-212.jetstream-cloud.org.vivek91.017400.0020: task-manager                    : MainThread     : DEBUG   : bulk unit insert result: {'nModified': 0, 'nUpserted': 0, 'nMatched': 0, 'writeErrors': [], 'upserted': [], 'writeConcernErrors': [], 'nRemoved': 0, 'nInserted': 1}
2017-08-22 15:46:28,841: rp.session.js-17-212.jetstream-cloud.org.vivek91.017400.0020: task-manager                    : MainThread     : DEBUG   : bulk unit insert result: {'nModified': 0, 'nUpserted': 0, 'nMatched': 0, 'writeErrors': [], 'upserted': [], 'writeConcernErrors': [], 'nRemoved': 0, 'nInserted': 1}
2017-08-22 15:46:28,901: rp.session.js-17-212.jetstream-cloud.org.vivek91.017400.0020: task-manager                    : MainThread     : DEBUG   : bulk unit insert result: {'nModified': 0, 'nUpserted': 0, 'nMatched': 0, 'writeErrors': [], 'upserted': [], 'writeConcernErrors': [], 'nRemoved': 0, 'nInserted': 1}
2017-08-22 15:46:28,961: rp.session.js-17-212.jetstream-cloud.org.vivek91.017400.0020: task-manager                    : MainThread     : DEBUG   : bulk unit insert result: {'nModified': 0, 'nUpserted': 0, 'nMatched': 0, 'writeErrors': [], 'upserted': [], 'writeConcernErrors': [], 'nRemoved': 0, 'nInserted': 1}
2017-08-22 15:46:29,021: rp.session.js-17-212.jetstream-cloud.org.vivek91.017400.0020: task-manager                    : MainThread     : DEBUG   : bulk unit insert result: {'nModified': 0, 'nUpserted': 0, 'nMatched': 0, 'writeErrors': [], 'upserted': [], 'writeConcernErrors': [], 'nRemoved': 0, 'nInserted': 1}
2017-08-22 15:46:29,079: rp.session.js-17-212.jetstream-cloud.org.vivek91.017400.0020: task-manager                    : MainThread     : DEBUG   : bulk unit insert result: {'nModified': 0, 'nUpserted': 0, 'nMatched': 0, 'writeErrors': [], 'upserted': [], 'writeConcernErrors': [], 'nRemoved': 0, 'nInserted': 1}
2017-08-22 15:47:32,963: rp.session.js-17-212.jetstream-cloud.org.vivek91.017400.0020: MainProcess                     : MainThread     : DEBUG   : session rp.session.js-17-212.jetstream-cloud.org.vivek91.017400.0020 closing
2017-08-22 15:47:32,963: rp.session.js-17-212.jetstream-cloud.org.vivek91.017400.0020: MainProcess                     : MainThread     : DEBUG   : session rp.session.js-17-212.jetstream-cloud.org.vivek91.017400.0020 closes pmgr   pmgr.0000
2017-08-22 15:47:33,458: rp.session.js-17-212.jetstream-cloud.org.vivek91.017400.0020: MainProcess                     : MainThread     : DEBUG   : session rp.session.js-17-212.jetstream-cloud.org.vivek91.017400.0020 closed pmgr   pmgr.0000
2017-08-22 15:47:33,458: rp.session.js-17-212.jetstream-cloud.org.vivek91.017400.0020: MainProcess                     : MainThread     : DEBUG   : session rp.session.js-17-212.jetstream-cloud.org.vivek91.017400.0020 closes comp   update.0
2017-08-22 15:47:33,582: rp.session.js-17-212.jetstream-cloud.org.vivek91.017400.0020: MainProcess                     : MainThread     : DEBUG   : session rp.session.js-17-212.jetstream-cloud.org.vivek91.017400.0020 closed comp   update.0
2017-08-22 15:47:33,582: rp.session.js-17-212.jetstream-cloud.org.vivek91.017400.0020: MainProcess                     : MainThread     : DEBUG   : session rp.session.js-17-212.jetstream-cloud.org.vivek91.017400.0020 closes bridge control.pubsub.bridge.0000
2017-08-22 15:47:33,800: rp.session.js-17-212.jetstream-cloud.org.vivek91.017400.0020: MainProcess                     : MainThread     : DEBUG   : session rp.session.js-17-212.jetstream-cloud.org.vivek91.017400.0020 closed bridge control.pubsub.bridge.0000
2017-08-22 15:47:33,801: rp.session.js-17-212.jetstream-cloud.org.vivek91.017400.0020: MainProcess                     : MainThread     : DEBUG   : session rp.session.js-17-212.jetstream-cloud.org.vivek91.017400.0020 closes bridge state.pubsub.bridge.0000
2017-08-22 15:47:34,019: rp.session.js-17-212.jetstream-cloud.org.vivek91.017400.0020: MainProcess                     : MainThread     : DEBUG   : session rp.session.js-17-212.jetstream-cloud.org.vivek91.017400.0020 closed bridge state.pubsub.bridge.0000
2017-08-22 15:47:34,019: rp.session.js-17-212.jetstream-cloud.org.vivek91.017400.0020: MainProcess                     : MainThread     : DEBUG   : session rp.session.js-17-212.jetstream-cloud.org.vivek91.017400.0020 closes bridge log.pubsub.bridge.0000
2017-08-22 15:47:34,139: rp.session.js-17-212.jetstream-cloud.org.vivek91.017400.0020: MainProcess                     : MainThread     : DEBUG   : session rp.session.js-17-212.jetstream-cloud.org.vivek91.017400.0020 closed bridge log.pubsub.bridge.0000
2017-08-22 15:47:34,140: rp.session.js-17-212.jetstream-cloud.org.vivek91.017400.0020: MainProcess                     : MainThread     : DEBUG   : session rp.session.js-17-212.jetstream-cloud.org.vivek91.017400.0020 closes db (False)
2017-08-22 15:47:34,140: rp.session.js-17-212.jetstream-cloud.org.vivek91.017400.0020: MainProcess                     : MainThread     : DEBUG   : session rp.session.js-17-212.jetstream-cloud.org.vivek91.017400.0020 closed (delete=False)
