2017-08-22 18:14:45,079: state.pubsub.pub.0000: update.0                        : MainThread     : INFO    : python.interpreter   version: 2.7.12 (default, Nov 19 2016, 06:48:10) [GCC 5.4.0 20160609]
2017-08-22 18:14:45,079: state.pubsub.pub.0000: update.0                        : MainThread     : INFO    :                      pid: 12324
2017-08-22 18:14:45,079: state.pubsub.pub.0000: update.0                        : MainThread     : INFO    :                      tid: MainThread
2017-08-22 18:14:45,080: state.pubsub.pub.0000: update.0                        : MainThread     : INFO    : radical.pilot        version: 0.46-v0.46.RC2@devel
2017-08-22 18:14:45,080: state.pubsub.pub.0000: update.0                        : MainThread     : INFO    : create state_pubsub - pub - tcp://172.30.238.6:39887
2017-08-22 18:14:45,080: state.pubsub.pub.0000: update.0                        : MainThread     : DEBUG   : start process
2017-08-22 18:14:45,080: state.pubsub.pub.0000: update.0                        : MainThread     : DEBUG   : ru_initialize_common (NOOP)
2017-08-22 18:14:45,080: state.pubsub.pub.0000: update.0                        : MainThread     : DEBUG   : ru_initialize_parent (NOOP)
2017-08-22 18:14:45,081: state.pubsub.pub.0000: update.0                        : MainThread     : DEBUG   : process class started (no child)
2017-08-22 18:14:45,439: state.pubsub.pub.0000: MainProcess                     : MainThread     : INFO    : python.interpreter   version: 2.7.12 (default, Nov 19 2016, 06:48:10) [GCC 5.4.0 20160609]
2017-08-22 18:14:45,439: state.pubsub.pub.0000: MainProcess                     : MainThread     : INFO    :                      pid: 12249
2017-08-22 18:14:45,439: state.pubsub.pub.0000: MainProcess                     : MainThread     : INFO    :                      tid: MainThread
2017-08-22 18:14:45,439: state.pubsub.pub.0000: MainProcess                     : MainThread     : INFO    : radical.pilot        version: 0.46-v0.46.RC2@devel
2017-08-22 18:14:45,439: state.pubsub.pub.0000: MainProcess                     : MainThread     : INFO    : create state_pubsub - pub - tcp://172.30.238.6:39887
2017-08-22 18:14:45,440: state.pubsub.pub.0000: MainProcess                     : MainThread     : DEBUG   : start process
2017-08-22 18:14:45,440: state.pubsub.pub.0000: MainProcess                     : MainThread     : DEBUG   : ru_initialize_common (NOOP)
2017-08-22 18:14:45,440: state.pubsub.pub.0000: MainProcess                     : MainThread     : DEBUG   : ru_initialize_parent (NOOP)
2017-08-22 18:14:45,440: state.pubsub.pub.0000: MainProcess                     : MainThread     : DEBUG   : process class started (no child)
2017-08-22 18:18:33,141: state.pubsub.pub.0000: MainProcess                     : MainThread     : INFO    : parent stops child
2017-08-22 18:18:33,141: state.pubsub.pub.0000: MainProcess                     : MainThread     : DEBUG   : ru_finalize_parent (NOOP)
