2017-10-13 01:34:18,555: pmgr.launching.0    : MainProcess                     : MainThread     : INFO    : python.interpreter   version: 2.7.9 (default, May 6 2016, 10:34:30) [GCC 4.9.0 20140422 (Cray Inc.)]
2017-10-13 01:34:18,556: pmgr.launching.0    : MainProcess                     : MainThread     : INFO    :                      pid: 23344
2017-10-13 01:34:18,556: pmgr.launching.0    : MainProcess                     : MainThread     : INFO    :                      tid: MainThread
2017-10-13 01:34:18,556: pmgr.launching.0    : MainProcess                     : MainThread     : INFO    : radical.pilot        version: 0.47-v0.46.2-93-g379bd68@feature-gpu
2017-10-13 01:34:18,604: pmgr.launching.0    : MainProcess                     : MainThread     : DEBUG   : alive check in term
2017-10-13 01:34:18,604: pmgr.launching.0    : MainProcess                     : MainThread     : DEBUG   : start process
2017-10-13 01:34:18,791: pmgr.launching.0    : MainProcess                     : MainThread     : INFO    : recv message: alive
2017-10-13 01:34:18,791: pmgr.launching.0    : MainProcess                     : MainThread     : INFO    : initialize pmgr.launching.0
2017-10-13 01:34:18,794: pmgr.launching.0    : MainProcess                     : MainThread     : INFO    : cfg: {'agents': {},
 u'bridges': {u'control_pubsub': {'addr_in': 'tcp://160.91.205.206:58669',
                                  'addr_out': 'tcp://160.91.205.206:56481',
                                  u'bulk_size': 0,
                                  u'log_level': u'debug',
                                  u'stall_hwm': 1},
              u'log_pubsub': {'addr_in': 'tcp://160.91.205.206:50948',
                              'addr_out': 'tcp://160.91.205.206:42894',
                              u'bulk_size': 0,
                              u'log_level': u'debug',
                              u'stall_hwm': 1},
              u'pmgr_launching_queue': {'addr_in': 'tcp://160.91.205.206:54657',
                                        'addr_out': 'tcp://160.91.205.206:60481',
                                        u'bulk_size': 0,
                                        u'log_level': u'debug',
                                        u'stall_hwm': 1},
              u'state_pubsub': {'addr_in': 'tcp://160.91.205.206:55606',
                                'addr_out': 'tcp://160.91.205.206:53411',
                                u'bulk_size': 0,
                                u'log_level': u'debug',
                                u'stall_hwm': 1}},
 'cname': u'PMGRLaunchingComponent',
 u'components': {},
 u'count': 1,
 u'db_poll_sleeptime': 10.0,
 'number': 0,
 'owner': 'pmgr.0000',
 'uid': 'pmgr.0000'}
2017-10-13 01:34:18,794: pmgr.launching.0    : MainProcess                     : MainThread     : DEBUG   : alive check in term
2017-10-13 01:34:18,794: pmgr.launching.0    : MainProcess                     : MainThread     : DEBUG   : START: pmgr.launching.0 register publisher log_pubsub
2017-10-13 01:34:18,794: pmgr.launching.0    : MainProcess                     : MainThread     : DEBUG   : using addr tcp://160.91.205.206:50948 for pubsub log_pubsub
2017-10-13 01:34:18,799: pmgr.launching.0    : MainProcess                     : MainThread     : DEBUG   : registered publisher : log_pubsub : log.pubsub.pub.0001
2017-10-13 01:34:18,799: pmgr.launching.0    : MainProcess                     : MainThread     : DEBUG   : alive check in term
2017-10-13 01:34:18,799: pmgr.launching.0    : MainProcess                     : MainThread     : DEBUG   : START: pmgr.launching.0 register publisher state_pubsub
2017-10-13 01:34:18,799: pmgr.launching.0    : MainProcess                     : MainThread     : DEBUG   : using addr tcp://160.91.205.206:55606 for pubsub state_pubsub
2017-10-13 01:34:18,803: pmgr.launching.0    : MainProcess                     : MainThread     : DEBUG   : registered publisher : state_pubsub : state.pubsub.pub.0001
2017-10-13 01:34:18,803: pmgr.launching.0    : MainProcess                     : MainThread     : DEBUG   : alive check in term
2017-10-13 01:34:18,803: pmgr.launching.0    : MainProcess                     : MainThread     : DEBUG   : START: pmgr.launching.0 register publisher control_pubsub
2017-10-13 01:34:18,803: pmgr.launching.0    : MainProcess                     : MainThread     : DEBUG   : using addr tcp://160.91.205.206:58669 for pubsub control_pubsub
2017-10-13 01:34:18,808: pmgr.launching.0    : MainProcess                     : MainThread     : DEBUG   : registered publisher : control_pubsub : control.pubsub.pub.0001
2017-10-13 01:34:18,808: pmgr.launching.0    : MainProcess                     : MainThread     : DEBUG   : parent name: pmgr.launching.0.watch
2017-10-13 01:34:18,808: pmgr.launching.0    : MainProcess                     : MainThread     : DEBUG   : start thread
2017-10-13 01:34:18,809: pmgr.launching.0    : MainProcess                     : pmgr.launching.0.watch: DEBUG   : child name: pmgr.launching.0.watch.thread
2017-10-13 01:34:18,809: pmgr.launching.0    : MainProcess                     : pmgr.launching.0.watch: INFO    : child (me) initializing
2017-10-13 01:34:18,809: pmgr.launching.0    : MainProcess                     : pmgr.launching.0.watch: DEBUG   : ru_initialize_common (NOOP)
2017-10-13 01:34:18,809: pmgr.launching.0    : MainProcess                     : pmgr.launching.0.watch: DEBUG   : ru_initialize_child (NOOP)
2017-10-13 01:34:18,809: pmgr.launching.0    : MainProcess                     : pmgr.launching.0.watch: INFO    : send alive
2017-10-13 01:34:18,809: pmgr.launching.0    : MainProcess                     : pmgr.launching.0.watch: INFO    : put message: [pmgr.launching.0.watch.thread] alive
2017-10-13 01:34:18,810: pmgr.launching.0    : MainProcess                     : MainThread     : INFO    : get msg: alive
2017-10-13 01:34:18,810: pmgr.launching.0    : MainProcess                     : MainThread     : DEBUG   : ru_initialize_common (NOOP)
2017-10-13 01:34:18,810: pmgr.launching.0    : MainProcess                     : MainThread     : DEBUG   : ru_initialize_parent (NOOP)
2017-10-13 01:34:18,810: pmgr.launching.0    : MainProcess                     : MainThread     : DEBUG   : child thread pmgr.launching.0.watch started
2017-10-13 01:34:18,810: pmgr.launching.0    : MainProcess                     : MainThread     : INFO    : child is alive
2017-10-13 01:34:18,810: pmgr.launching.0    : MainProcess                     : MainThread     : DEBUG   : process class started child
2017-10-13 01:47:05,805: pmgr.launching.0    : MainProcess                     : MainThread     : INFO    : stop pmgr.launching.0 (23344 : 23479 : MainThread) [radical.pilot.pilot_manager.PilotManager.finalize_parent]
2017-10-13 01:47:05,805: pmgr.launching.0    : MainProcess                     : MainThread     : INFO    : parent stops child
2017-10-13 01:47:05,805: pmgr.launching.0    : MainProcess                     : MainThread     : DEBUG   : ru_finalize_common()
2017-10-13 01:47:05,805: pmgr.launching.0    : MainProcess                     : MainThread     : DEBUG   : TERM : pmgr.launching.0 unregister publisher log_pubsub
2017-10-13 01:47:05,806: pmgr.launching.0    : MainProcess                     : MainThread     : DEBUG   : unregistered publisher log_pubsub
2017-10-13 01:47:05,806: pmgr.launching.0    : MainProcess                     : MainThread     : DEBUG   : TERM : pmgr.launching.0 unregister publisher state_pubsub
2017-10-13 01:47:05,807: pmgr.launching.0    : MainProcess                     : MainThread     : DEBUG   : unregistered publisher state_pubsub
2017-10-13 01:47:05,807: pmgr.launching.0    : MainProcess                     : MainThread     : DEBUG   : TERM : pmgr.launching.0 unregister publisher control_pubsub
2017-10-13 01:47:05,808: pmgr.launching.0    : MainProcess                     : MainThread     : DEBUG   : unregistered publisher control_pubsub
2017-10-13 01:47:05,808: pmgr.launching.0    : MainProcess                     : MainThread     : DEBUG   : pmgr.launching.0 close prof
2017-10-13 01:47:05,809: pmgr.launching.0    : MainProcess                     : MainThread     : INFO    : parent stops child
2017-10-13 01:47:05,809: pmgr.launching.0    : MainProcess                     : MainThread     : DEBUG   : ru_finalize_parent (NOOP)
2017-10-13 01:47:05,810: pmgr.launching.0    : MainProcess                     : MainThread     : DEBUG   : ru_finalize_common (NOOP)
2017-10-13 01:47:05,886: pmgr.launching.0    : MainProcess                     : pmgr.launching.0.watch: INFO    : watcher closes
2017-10-13 01:47:05,887: pmgr.launching.0    : MainProcess                     : pmgr.launching.0.watch: INFO    : put message: [pmgr.launching.0.watch.thread] work finished
2017-10-13 01:47:05,887: pmgr.launching.0    : MainProcess                     : pmgr.launching.0.watch: DEBUG   : ru_finalize_child (NOOP)
2017-10-13 01:47:05,887: pmgr.launching.0    : MainProcess                     : pmgr.launching.0.watch: DEBUG   : ru_finalize_common (NOOP)
2017-10-13 01:47:05,887: pmgr.launching.0    : MainProcess                     : pmgr.launching.0.watch: INFO    : put message: [pmgr.launching.0.watch.thread] terminating
2017-10-13 01:47:06,023: pmgr.launching.0    : MainProcess                     : MainThread     : WARNING : failed to stop child - terminate
2017-10-13 01:47:06,267: pmgr.launching.0    : MainProcess                     : MainThread     : INFO    : stop pmgr.launching.0 (23344 : 23479 : MainThread) [radical.pilot.utils.component.PilotManager.ru_finalize_common]
2017-10-13 01:47:07,108: pmgr.launching.0    : MainProcess                     : MainThread     : INFO    : stop pmgr.launching.0 (23344 : 23479 : MainThread) [radical.pilot.session.Session.close]
