2017-10-15 09:07:51,411: state.pubsub.sub.0000: update.0                        : MainThread     : INFO    : python.interpreter   version: 2.7.12 (default, Nov 19 2016, 06:48:10) [GCC 5.4.0 20160609]
2017-10-15 09:07:51,411: state.pubsub.sub.0000: update.0                        : MainThread     : INFO    :                      pid: 4100
2017-10-15 09:07:51,412: state.pubsub.sub.0000: update.0                        : MainThread     : INFO    :                      tid: MainThread
2017-10-15 09:07:51,412: state.pubsub.sub.0000: update.0                        : MainThread     : INFO    : radical.pilot        version: 0.46-v0.46.RC2@devel
2017-10-15 09:07:51,412: state.pubsub.sub.0000: update.0                        : MainThread     : INFO    : create state_pubsub - sub - tcp://172.30.238.6:40638
2017-10-15 09:07:51,413: state.pubsub.sub.0000: update.0                        : MainThread     : DEBUG   : start process
2017-10-15 09:07:51,413: state.pubsub.sub.0000: update.0                        : MainThread     : DEBUG   : ru_initialize_common (NOOP)
2017-10-15 09:07:51,413: state.pubsub.sub.0000: update.0                        : MainThread     : DEBUG   : ru_initialize_parent (NOOP)
2017-10-15 09:07:51,413: state.pubsub.sub.0000: update.0                        : MainThread     : DEBUG   : process class started (no child)
2017-10-15 09:07:54,654: state.pubsub.sub.0000: MainProcess                     : MainThread     : INFO    : python.interpreter   version: 2.7.12 (default, Nov 19 2016, 06:48:10) [GCC 5.4.0 20160609]
2017-10-15 09:07:54,654: state.pubsub.sub.0000: MainProcess                     : MainThread     : INFO    :                      pid: 4027
2017-10-15 09:07:54,654: state.pubsub.sub.0000: MainProcess                     : MainThread     : INFO    :                      tid: MainThread
2017-10-15 09:07:54,654: state.pubsub.sub.0000: MainProcess                     : MainThread     : INFO    : radical.pilot        version: 0.46-v0.46.RC2@devel
2017-10-15 09:07:54,655: state.pubsub.sub.0000: MainProcess                     : MainThread     : INFO    : create state_pubsub - sub - tcp://172.30.238.6:40638
2017-10-15 09:07:54,655: state.pubsub.sub.0000: MainProcess                     : MainThread     : DEBUG   : start process
2017-10-15 09:07:54,655: state.pubsub.sub.0000: MainProcess                     : MainThread     : DEBUG   : ru_initialize_common (NOOP)
2017-10-15 09:07:54,655: state.pubsub.sub.0000: MainProcess                     : MainThread     : DEBUG   : ru_initialize_parent (NOOP)
2017-10-15 09:07:54,655: state.pubsub.sub.0000: MainProcess                     : MainThread     : DEBUG   : process class started (no child)
2017-10-15 09:10:21,308: state.pubsub.sub.0000: MainProcess                     : MainThread     : INFO    : parent stops child
2017-10-15 09:10:21,308: state.pubsub.sub.0000: MainProcess                     : MainThread     : DEBUG   : ru_finalize_parent (NOOP)
