2017-10-15 09:07:49,021: update.0            : MainProcess                     : MainThread     : INFO    : python.interpreter   version: 2.7.12 (default, Nov 19 2016, 06:48:10) [GCC 5.4.0 20160609]
2017-10-15 09:07:49,021: update.0            : MainProcess                     : MainThread     : INFO    :                      pid: 4027
2017-10-15 09:07:49,021: update.0            : MainProcess                     : MainThread     : INFO    :                      tid: MainThread
2017-10-15 09:07:49,022: update.0            : MainProcess                     : MainThread     : INFO    : radical.pilot        version: 0.46-v0.46.RC2@devel
2017-10-15 09:07:50,035: update.0            : MainProcess                     : MainThread     : DEBUG   : alive check in term
2017-10-15 09:07:50,035: update.0            : MainProcess                     : MainThread     : DEBUG   : start process
2017-10-15 09:07:51,422: update.0            : MainProcess                     : MainThread     : INFO    : recv message: alive
2017-10-15 09:07:51,423: update.0            : MainProcess                     : MainThread     : INFO    : initialize update.0
2017-10-15 09:07:51,426: update.0            : MainProcess                     : MainThread     : INFO    : cfg: {'agents': {},
 u'bridges': {u'control_pubsub': {'addr_in': 'tcp://172.30.238.6:45258',
                                  'addr_out': 'tcp://172.30.238.6:43816',
                                  u'bulk_size': 0,
                                  u'log_level': u'debug',
                                  u'stall_hwm': 1},
              u'log_pubsub': {'addr_in': 'tcp://172.30.238.6:38709',
                              'addr_out': 'tcp://172.30.238.6:38639',
                              u'bulk_size': 0,
                              u'log_level': u'debug',
                              u'stall_hwm': 1},
              u'state_pubsub': {'addr_in': 'tcp://172.30.238.6:43883',
                                'addr_out': 'tcp://172.30.238.6:40638',
                                u'bulk_size': 0,
                                u'log_level': u'debug',
                                u'stall_hwm': 1}},
 'cname': u'UpdateWorker',
 u'components': {},
 u'count': 1,
 'dburl': 'mongodb://user:user@ds117615.mlab.com:17615/test-10-12',
 'debug': 'DEBUG',
 u'default_dburl': u'mongodb://rp:rp@ds015335.mlab.com:15335/rp',
 'logdir': '/home/vivek91/repos/entk-experiments/exp-5-2-2-6/bin/rp.session.js-17-212.jetstream-cloud.org.vivek91.017454.0004',
 'number': 0,
 'owner': 'rp.session.js-17-212.jetstream-cloud.org.vivek91.017454.0004',
 'session_id': 'rp.session.js-17-212.jetstream-cloud.org.vivek91.017454.0004'}
2017-10-15 09:07:51,427: update.0            : MainProcess                     : MainThread     : DEBUG   : alive check in term
2017-10-15 09:07:51,427: update.0            : MainProcess                     : MainThread     : DEBUG   : START: update.0 register publisher log_pubsub
2017-10-15 09:07:51,427: update.0            : MainProcess                     : MainThread     : DEBUG   : using addr tcp://172.30.238.6:38709 for pubsub log_pubsub
2017-10-15 09:07:51,430: update.0            : MainProcess                     : MainThread     : DEBUG   : registered publisher : log_pubsub : log.pubsub.pub.0000
2017-10-15 09:07:51,430: update.0            : MainProcess                     : MainThread     : DEBUG   : alive check in term
2017-10-15 09:07:51,430: update.0            : MainProcess                     : MainThread     : DEBUG   : START: update.0 register publisher state_pubsub
2017-10-15 09:07:51,430: update.0            : MainProcess                     : MainThread     : DEBUG   : using addr tcp://172.30.238.6:43883 for pubsub state_pubsub
2017-10-15 09:07:51,433: update.0            : MainProcess                     : MainThread     : DEBUG   : registered publisher : state_pubsub : state.pubsub.pub.0000
2017-10-15 09:07:51,433: update.0            : MainProcess                     : MainThread     : DEBUG   : alive check in term
2017-10-15 09:07:51,433: update.0            : MainProcess                     : MainThread     : DEBUG   : START: update.0 register publisher control_pubsub
2017-10-15 09:07:51,433: update.0            : MainProcess                     : MainThread     : DEBUG   : using addr tcp://172.30.238.6:45258 for pubsub control_pubsub
2017-10-15 09:07:51,449: update.0            : MainProcess                     : MainThread     : DEBUG   : registered publisher : control_pubsub : control.pubsub.pub.0000
2017-10-15 09:07:51,449: update.0            : MainProcess                     : MainThread     : DEBUG   : parent name: update.0.watch
2017-10-15 09:07:51,449: update.0            : MainProcess                     : MainThread     : DEBUG   : start thread
2017-10-15 09:07:51,450: update.0            : MainProcess                     : update.0.watch : DEBUG   : child name: update.0.watch.thread
2017-10-15 09:07:51,450: update.0            : MainProcess                     : update.0.watch : INFO    : child (me) initializing
2017-10-15 09:07:51,450: update.0            : MainProcess                     : update.0.watch : DEBUG   : ru_initialize_common (NOOP)
2017-10-15 09:07:51,450: update.0            : MainProcess                     : update.0.watch : DEBUG   : ru_initialize_child (NOOP)
2017-10-15 09:07:51,450: update.0            : MainProcess                     : update.0.watch : INFO    : send alive
2017-10-15 09:07:51,450: update.0            : MainProcess                     : update.0.watch : INFO    : put message: [update.0.watch.thread] alive
2017-10-15 09:07:51,451: update.0            : MainProcess                     : MainThread     : INFO    : get msg: alive
2017-10-15 09:07:51,451: update.0            : MainProcess                     : MainThread     : DEBUG   : ru_initialize_common (NOOP)
2017-10-15 09:07:51,451: update.0            : MainProcess                     : MainThread     : DEBUG   : ru_initialize_parent (NOOP)
2017-10-15 09:07:51,451: update.0            : MainProcess                     : MainThread     : DEBUG   : child thread update.0.watch started
2017-10-15 09:07:51,451: update.0            : MainProcess                     : MainThread     : INFO    : child is alive
2017-10-15 09:07:51,451: update.0            : MainProcess                     : MainThread     : DEBUG   : process class started child
2017-10-15 09:10:21,346: update.0            : MainProcess                     : MainThread     : INFO    : stop update.0 (4027 : 4100 : MainThread) [radical.pilot.worker.update.Update.stop]
2017-10-15 09:10:21,347: update.0            : MainProcess                     : MainThread     : INFO    : parent stops child
2017-10-15 09:10:21,347: update.0            : MainProcess                     : MainThread     : DEBUG   : ru_finalize_common()
2017-10-15 09:10:21,347: update.0            : MainProcess                     : MainThread     : DEBUG   : TERM : update.0 unregister publisher log_pubsub
2017-10-15 09:10:21,348: update.0            : MainProcess                     : MainThread     : DEBUG   : unregistered publisher log_pubsub
2017-10-15 09:10:21,348: update.0            : MainProcess                     : MainThread     : DEBUG   : TERM : update.0 unregister publisher state_pubsub
2017-10-15 09:10:21,348: update.0            : MainProcess                     : MainThread     : DEBUG   : unregistered publisher state_pubsub
2017-10-15 09:10:21,349: update.0            : MainProcess                     : MainThread     : DEBUG   : TERM : update.0 unregister publisher control_pubsub
2017-10-15 09:10:21,349: update.0            : MainProcess                     : MainThread     : DEBUG   : unregistered publisher control_pubsub
2017-10-15 09:10:21,350: update.0            : MainProcess                     : MainThread     : DEBUG   : update.0 close prof
2017-10-15 09:10:21,350: update.0            : MainProcess                     : MainThread     : INFO    : parent stops child
2017-10-15 09:10:21,350: update.0            : MainProcess                     : MainThread     : DEBUG   : ru_finalize_parent (NOOP)
2017-10-15 09:10:21,350: update.0            : MainProcess                     : MainThread     : DEBUG   : ru_finalize_common (NOOP)
2017-10-15 09:10:21,399: update.0            : MainProcess                     : update.0.watch : INFO    : watcher closes
2017-10-15 09:10:21,399: update.0            : MainProcess                     : update.0.watch : INFO    : put message: [update.0.watch.thread] work finished
2017-10-15 09:10:21,399: update.0            : MainProcess                     : update.0.watch : DEBUG   : ru_finalize_child (NOOP)
2017-10-15 09:10:21,399: update.0            : MainProcess                     : update.0.watch : DEBUG   : ru_finalize_common (NOOP)
2017-10-15 09:10:21,399: update.0            : MainProcess                     : update.0.watch : INFO    : put message: [update.0.watch.thread] terminating
2017-10-15 09:10:21,514: update.0            : MainProcess                     : MainThread     : WARNING : failed to stop child - terminate
2017-10-15 09:10:22,043: update.0            : MainProcess                     : MainThread     : INFO    : stop update.0 (4027 : 4100 : MainThread) [radical.pilot.worker.update.Update.stop]
