2017-10-13 01:24:47,350: rp.session.titan-ext5.vivekb.017452.0002: MainProcess                     : MainThread     : INFO    : python.interpreter   version: 2.7.9 (default, May 6 2016, 10:34:30) [GCC 4.9.0 20140422 (Cray Inc.)]
2017-10-13 01:24:47,351: rp.session.titan-ext5.vivekb.017452.0002: MainProcess                     : MainThread     : INFO    :                      pid: 16751
2017-10-13 01:24:47,351: rp.session.titan-ext5.vivekb.017452.0002: MainProcess                     : MainThread     : INFO    :                      tid: MainThread
2017-10-13 01:24:47,351: rp.session.titan-ext5.vivekb.017452.0002: MainProcess                     : MainThread     : INFO    : radical.pilot        version: 0.47-v0.46.2-93-g379bd68@feature-gpu
2017-10-13 01:24:47,351: rp.session.titan-ext5.vivekb.017452.0002: MainProcess                     : MainThread     : INFO    : using database mongodb://user:user@ds117605.mlab.com:17605/ssflow-2
2017-10-13 01:24:47,399: rp.session.titan-ext5.vivekb.017452.0002: MainProcess                     : MainThread     : INFO    : Load resource configurations from /ccs/home/vivekb/ve-entk-gpu-2/lib/python2.7/site-packages/radical/pilot/configs/resource_fub.json
2017-10-13 01:24:47,402: rp.session.titan-ext5.vivekb.017452.0002: MainProcess                     : MainThread     : INFO    : Load resource configurations for fub.allegro_rsh
2017-10-13 01:24:47,403: rp.session.titan-ext5.vivekb.017452.0002: MainProcess                     : MainThread     : DEBUG   : read rcfg for fub.allegro_rsh (None)
2017-10-13 01:24:47,403: rp.session.titan-ext5.vivekb.017452.0002: MainProcess                     : MainThread     : INFO    : Load resource configurations from /ccs/home/vivekb/ve-entk-gpu-2/lib/python2.7/site-packages/radical/pilot/configs/resource_das5.json
2017-10-13 01:24:47,407: rp.session.titan-ext5.vivekb.017452.0002: MainProcess                     : MainThread     : INFO    : Load resource configurations for das5.fs1_ssh
2017-10-13 01:24:47,407: rp.session.titan-ext5.vivekb.017452.0002: MainProcess                     : MainThread     : DEBUG   : read rcfg for das5.fs1_ssh (None)
2017-10-13 01:24:47,407: rp.session.titan-ext5.vivekb.017452.0002: MainProcess                     : MainThread     : INFO    : Load resource configurations from /ccs/home/vivekb/ve-entk-gpu-2/lib/python2.7/site-packages/radical/pilot/configs/resource_ncsa.json
2017-10-13 01:24:47,422: rp.session.titan-ext5.vivekb.017452.0002: MainProcess                     : MainThread     : INFO    : Load resource configurations for ncsa.bw_orte
2017-10-13 01:24:47,422: rp.session.titan-ext5.vivekb.017452.0002: MainProcess                     : MainThread     : DEBUG   : read rcfg for ncsa.bw_orte (None)
2017-10-13 01:24:47,422: rp.session.titan-ext5.vivekb.017452.0002: MainProcess                     : MainThread     : INFO    : Load resource configurations for ncsa.bw_ccm_ssh
2017-10-13 01:24:47,423: rp.session.titan-ext5.vivekb.017452.0002: MainProcess                     : MainThread     : DEBUG   : read rcfg for ncsa.bw_ccm_ssh (None)
2017-10-13 01:24:47,423: rp.session.titan-ext5.vivekb.017452.0002: MainProcess                     : MainThread     : INFO    : Load resource configurations for ncsa.bw_ortelib
2017-10-13 01:24:47,424: rp.session.titan-ext5.vivekb.017452.0002: MainProcess                     : MainThread     : DEBUG   : read rcfg for ncsa.bw_ortelib (None)
2017-10-13 01:24:47,424: rp.session.titan-ext5.vivekb.017452.0002: MainProcess                     : MainThread     : INFO    : Load resource configurations for ncsa.bw_aprun
2017-10-13 01:24:47,425: rp.session.titan-ext5.vivekb.017452.0002: MainProcess                     : MainThread     : DEBUG   : read rcfg for ncsa.bw_aprun (None)
2017-10-13 01:24:47,425: rp.session.titan-ext5.vivekb.017452.0002: MainProcess                     : MainThread     : INFO    : Load resource configurations for ncsa.bw_local_orte
2017-10-13 01:24:47,425: rp.session.titan-ext5.vivekb.017452.0002: MainProcess                     : MainThread     : DEBUG   : read rcfg for ncsa.bw_local_orte (None)
2017-10-13 01:24:47,426: rp.session.titan-ext5.vivekb.017452.0002: MainProcess                     : MainThread     : INFO    : Load resource configurations from /ccs/home/vivekb/ve-entk-gpu-2/lib/python2.7/site-packages/radical/pilot/configs/resource_futuregrid.json
2017-10-13 01:24:47,440: rp.session.titan-ext5.vivekb.017452.0002: MainProcess                     : MainThread     : INFO    : Load resource configurations for futuregrid.delta_ssh
2017-10-13 01:24:47,441: rp.session.titan-ext5.vivekb.017452.0002: MainProcess                     : MainThread     : DEBUG   : read rcfg for futuregrid.delta_ssh (None)
2017-10-13 01:24:47,441: rp.session.titan-ext5.vivekb.017452.0002: MainProcess                     : MainThread     : INFO    : Load resource configurations for futuregrid.india_ssh
2017-10-13 01:24:47,442: rp.session.titan-ext5.vivekb.017452.0002: MainProcess                     : MainThread     : DEBUG   : read rcfg for futuregrid.india_ssh (None)
2017-10-13 01:24:47,442: rp.session.titan-ext5.vivekb.017452.0002: MainProcess                     : MainThread     : INFO    : Load resource configurations for futuregrid.echo_ssh
2017-10-13 01:24:47,442: rp.session.titan-ext5.vivekb.017452.0002: MainProcess                     : MainThread     : DEBUG   : read rcfg for futuregrid.echo_ssh (None)
2017-10-13 01:24:47,442: rp.session.titan-ext5.vivekb.017452.0002: MainProcess                     : MainThread     : INFO    : Load resource configurations for futuregrid.xray_ccm
2017-10-13 01:24:47,443: rp.session.titan-ext5.vivekb.017452.0002: MainProcess                     : MainThread     : DEBUG   : read rcfg for futuregrid.xray_ccm (None)
2017-10-13 01:24:47,443: rp.session.titan-ext5.vivekb.017452.0002: MainProcess                     : MainThread     : INFO    : Load resource configurations for futuregrid.bravo_ssh
2017-10-13 01:24:47,444: rp.session.titan-ext5.vivekb.017452.0002: MainProcess                     : MainThread     : DEBUG   : read rcfg for futuregrid.bravo_ssh (None)
2017-10-13 01:24:47,444: rp.session.titan-ext5.vivekb.017452.0002: MainProcess                     : MainThread     : INFO    : Load resource configurations for futuregrid.xray_aprun
2017-10-13 01:24:47,444: rp.session.titan-ext5.vivekb.017452.0002: MainProcess                     : MainThread     : DEBUG   : read rcfg for futuregrid.xray_aprun (None)
2017-10-13 01:24:47,444: rp.session.titan-ext5.vivekb.017452.0002: MainProcess                     : MainThread     : INFO    : Load resource configurations from /ccs/home/vivekb/ve-entk-gpu-2/lib/python2.7/site-packages/radical/pilot/configs/resource_rice.json
2017-10-13 01:24:47,450: rp.session.titan-ext5.vivekb.017452.0002: MainProcess                     : MainThread     : INFO    : Load resource configurations for rice.davinci_ssh
2017-10-13 01:24:47,450: rp.session.titan-ext5.vivekb.017452.0002: MainProcess                     : MainThread     : DEBUG   : read rcfg for rice.davinci_ssh (None)
2017-10-13 01:24:47,450: rp.session.titan-ext5.vivekb.017452.0002: MainProcess                     : MainThread     : INFO    : Load resource configurations for rice.biou_ssh
2017-10-13 01:24:47,451: rp.session.titan-ext5.vivekb.017452.0002: MainProcess                     : MainThread     : DEBUG   : read rcfg for rice.biou_ssh (None)
2017-10-13 01:24:47,451: rp.session.titan-ext5.vivekb.017452.0002: MainProcess                     : MainThread     : INFO    : Load resource configurations from /ccs/home/vivekb/ve-entk-gpu-2/lib/python2.7/site-packages/radical/pilot/configs/resource_local.json
2017-10-13 01:24:47,470: rp.session.titan-ext5.vivekb.017452.0002: MainProcess                     : MainThread     : INFO    : Load resource configurations for local.localhost_orte
2017-10-13 01:24:47,471: rp.session.titan-ext5.vivekb.017452.0002: MainProcess                     : MainThread     : DEBUG   : read rcfg for local.localhost_orte (None)
2017-10-13 01:24:47,471: rp.session.titan-ext5.vivekb.017452.0002: MainProcess                     : MainThread     : INFO    : Load resource configurations for local.localhost_anaconda
2017-10-13 01:24:47,471: rp.session.titan-ext5.vivekb.017452.0002: MainProcess                     : MainThread     : DEBUG   : read rcfg for local.localhost_anaconda (None)
2017-10-13 01:24:47,471: rp.session.titan-ext5.vivekb.017452.0002: MainProcess                     : MainThread     : INFO    : Load resource configurations for local.localhost_ortelib
2017-10-13 01:24:47,472: rp.session.titan-ext5.vivekb.017452.0002: MainProcess                     : MainThread     : DEBUG   : read rcfg for local.localhost_ortelib (None)
2017-10-13 01:24:47,472: rp.session.titan-ext5.vivekb.017452.0002: MainProcess                     : MainThread     : INFO    : Load resource configurations for local.localhost_aprun
2017-10-13 01:24:47,472: rp.session.titan-ext5.vivekb.017452.0002: MainProcess                     : MainThread     : DEBUG   : read rcfg for local.localhost_aprun (8)
2017-10-13 01:24:47,473: rp.session.titan-ext5.vivekb.017452.0002: MainProcess                     : MainThread     : INFO    : Load resource configurations for local.localhost
2017-10-13 01:24:47,473: rp.session.titan-ext5.vivekb.017452.0002: MainProcess                     : MainThread     : DEBUG   : read rcfg for local.localhost (8)
2017-10-13 01:24:47,473: rp.session.titan-ext5.vivekb.017452.0002: MainProcess                     : MainThread     : INFO    : Load resource configurations for local.localhost_spark
2017-10-13 01:24:47,474: rp.session.titan-ext5.vivekb.017452.0002: MainProcess                     : MainThread     : DEBUG   : read rcfg for local.localhost_spark (None)
2017-10-13 01:24:47,474: rp.session.titan-ext5.vivekb.017452.0002: MainProcess                     : MainThread     : INFO    : Load resource configurations for local.localhost_spark_anaconda
2017-10-13 01:24:47,474: rp.session.titan-ext5.vivekb.017452.0002: MainProcess                     : MainThread     : DEBUG   : read rcfg for local.localhost_spark_anaconda (None)
2017-10-13 01:24:47,474: rp.session.titan-ext5.vivekb.017452.0002: MainProcess                     : MainThread     : INFO    : Load resource configurations for local.localhost_yarn
2017-10-13 01:24:47,475: rp.session.titan-ext5.vivekb.017452.0002: MainProcess                     : MainThread     : DEBUG   : read rcfg for local.localhost_yarn (None)
2017-10-13 01:24:47,475: rp.session.titan-ext5.vivekb.017452.0002: MainProcess                     : MainThread     : INFO    : Load resource configurations from /ccs/home/vivekb/ve-entk-gpu-2/lib/python2.7/site-packages/radical/pilot/configs/resource_lrz.json
2017-10-13 01:24:47,479: rp.session.titan-ext5.vivekb.017452.0002: MainProcess                     : MainThread     : INFO    : Load resource configurations for lrz.supermuc_ssh
2017-10-13 01:24:47,479: rp.session.titan-ext5.vivekb.017452.0002: MainProcess                     : MainThread     : DEBUG   : read rcfg for lrz.supermuc_ssh (None)
2017-10-13 01:24:47,480: rp.session.titan-ext5.vivekb.017452.0002: MainProcess                     : MainThread     : INFO    : Load resource configurations from /ccs/home/vivekb/ve-entk-gpu-2/lib/python2.7/site-packages/radical/pilot/configs/resource_radical.json
2017-10-13 01:24:47,488: rp.session.titan-ext5.vivekb.017452.0002: MainProcess                     : MainThread     : INFO    : Load resource configurations for radical.two
2017-10-13 01:24:47,488: rp.session.titan-ext5.vivekb.017452.0002: MainProcess                     : MainThread     : DEBUG   : read rcfg for radical.two (None)
2017-10-13 01:24:47,488: rp.session.titan-ext5.vivekb.017452.0002: MainProcess                     : MainThread     : INFO    : Load resource configurations for radical.tutorial
2017-10-13 01:24:47,489: rp.session.titan-ext5.vivekb.017452.0002: MainProcess                     : MainThread     : DEBUG   : read rcfg for radical.tutorial (None)
2017-10-13 01:24:47,489: rp.session.titan-ext5.vivekb.017452.0002: MainProcess                     : MainThread     : INFO    : Load resource configurations for radical.one
2017-10-13 01:24:47,490: rp.session.titan-ext5.vivekb.017452.0002: MainProcess                     : MainThread     : DEBUG   : read rcfg for radical.one (None)
2017-10-13 01:24:47,490: rp.session.titan-ext5.vivekb.017452.0002: MainProcess                     : MainThread     : INFO    : Load resource configurations from /ccs/home/vivekb/ve-entk-gpu-2/lib/python2.7/site-packages/radical/pilot/configs/resource_aliases.json
2017-10-13 01:24:47,491: rp.session.titan-ext5.vivekb.017452.0002: MainProcess                     : MainThread     : INFO    : Load resource configurations from /ccs/home/vivekb/ve-entk-gpu-2/lib/python2.7/site-packages/radical/pilot/configs/resource_yale.json
2017-10-13 01:24:47,494: rp.session.titan-ext5.vivekb.017452.0002: MainProcess                     : MainThread     : INFO    : Load resource configurations for yale.grace_ssh
2017-10-13 01:24:47,495: rp.session.titan-ext5.vivekb.017452.0002: MainProcess                     : MainThread     : DEBUG   : read rcfg for yale.grace_ssh (None)
2017-10-13 01:24:47,495: rp.session.titan-ext5.vivekb.017452.0002: MainProcess                     : MainThread     : INFO    : Load resource configurations from /ccs/home/vivekb/ve-entk-gpu-2/lib/python2.7/site-packages/radical/pilot/configs/resource_lumc.json
2017-10-13 01:24:47,502: rp.session.titan-ext5.vivekb.017452.0002: MainProcess                     : MainThread     : INFO    : Load resource configurations for lumc.gb-ui_ssh
2017-10-13 01:24:47,503: rp.session.titan-ext5.vivekb.017452.0002: MainProcess                     : MainThread     : DEBUG   : read rcfg for lumc.gb-ui_ssh (None)
2017-10-13 01:24:47,503: rp.session.titan-ext5.vivekb.017452.0002: MainProcess                     : MainThread     : INFO    : Load resource configurations for lumc.shark_ssh
2017-10-13 01:24:47,503: rp.session.titan-ext5.vivekb.017452.0002: MainProcess                     : MainThread     : DEBUG   : read rcfg for lumc.shark_ssh (None)
2017-10-13 01:24:47,503: rp.session.titan-ext5.vivekb.017452.0002: MainProcess                     : MainThread     : INFO    : Load resource configurations from /ccs/home/vivekb/ve-entk-gpu-2/lib/python2.7/site-packages/radical/pilot/configs/resource_ncar.json
2017-10-13 01:24:47,506: rp.session.titan-ext5.vivekb.017452.0002: MainProcess                     : MainThread     : INFO    : Load resource configurations for ncar.yellowstone_ssh
2017-10-13 01:24:47,507: rp.session.titan-ext5.vivekb.017452.0002: MainProcess                     : MainThread     : DEBUG   : read rcfg for ncar.yellowstone_ssh (None)
2017-10-13 01:24:47,507: rp.session.titan-ext5.vivekb.017452.0002: MainProcess                     : MainThread     : INFO    : Load resource configurations from /ccs/home/vivekb/ve-entk-gpu-2/lib/python2.7/site-packages/radical/pilot/configs/resource_epsrc.json
2017-10-13 01:24:47,513: rp.session.titan-ext5.vivekb.017452.0002: MainProcess                     : MainThread     : INFO    : Load resource configurations for epsrc.archer_orte
2017-10-13 01:24:47,514: rp.session.titan-ext5.vivekb.017452.0002: MainProcess                     : MainThread     : DEBUG   : read rcfg for epsrc.archer_orte (None)
2017-10-13 01:24:47,514: rp.session.titan-ext5.vivekb.017452.0002: MainProcess                     : MainThread     : INFO    : Load resource configurations for epsrc.archer_aprun
2017-10-13 01:24:47,515: rp.session.titan-ext5.vivekb.017452.0002: MainProcess                     : MainThread     : DEBUG   : read rcfg for epsrc.archer_aprun (None)
2017-10-13 01:24:47,515: rp.session.titan-ext5.vivekb.017452.0002: MainProcess                     : MainThread     : INFO    : Load resource configurations from /ccs/home/vivekb/ve-entk-gpu-2/lib/python2.7/site-packages/radical/pilot/configs/resource_chameleon.json
2017-10-13 01:24:47,518: rp.session.titan-ext5.vivekb.017452.0002: MainProcess                     : MainThread     : INFO    : Load resource configurations for chameleon.cloud_vm_yarn
2017-10-13 01:24:47,518: rp.session.titan-ext5.vivekb.017452.0002: MainProcess                     : MainThread     : DEBUG   : read rcfg for chameleon.cloud_vm_yarn (None)
2017-10-13 01:24:47,518: rp.session.titan-ext5.vivekb.017452.0002: MainProcess                     : MainThread     : INFO    : Load resource configurations from /ccs/home/vivekb/ve-entk-gpu-2/lib/python2.7/site-packages/radical/pilot/configs/resource_osg.json
2017-10-13 01:24:47,524: rp.session.titan-ext5.vivekb.017452.0002: MainProcess                     : MainThread     : INFO    : Load resource configurations for osg.xsede-virt-clust
2017-10-13 01:24:47,525: rp.session.titan-ext5.vivekb.017452.0002: MainProcess                     : MainThread     : DEBUG   : read rcfg for osg.xsede-virt-clust (None)
2017-10-13 01:24:47,525: rp.session.titan-ext5.vivekb.017452.0002: MainProcess                     : MainThread     : INFO    : Load resource configurations for osg.connect
2017-10-13 01:24:47,526: rp.session.titan-ext5.vivekb.017452.0002: MainProcess                     : MainThread     : DEBUG   : read rcfg for osg.connect (None)
2017-10-13 01:24:47,526: rp.session.titan-ext5.vivekb.017452.0002: MainProcess                     : MainThread     : INFO    : Load resource configurations from /ccs/home/vivekb/ve-entk-gpu-2/lib/python2.7/site-packages/radical/pilot/configs/resource_xsede.json
2017-10-13 01:24:47,583: rp.session.titan-ext5.vivekb.017452.0002: MainProcess                     : MainThread     : INFO    : Load resource configurations for xsede.stampede2_ssh
2017-10-13 01:24:47,584: rp.session.titan-ext5.vivekb.017452.0002: MainProcess                     : MainThread     : DEBUG   : read rcfg for xsede.stampede2_ssh (None)
2017-10-13 01:24:47,584: rp.session.titan-ext5.vivekb.017452.0002: MainProcess                     : MainThread     : INFO    : Load resource configurations for xsede.wrangler_spark
2017-10-13 01:24:47,585: rp.session.titan-ext5.vivekb.017452.0002: MainProcess                     : MainThread     : DEBUG   : read rcfg for xsede.wrangler_spark (None)
2017-10-13 01:24:47,585: rp.session.titan-ext5.vivekb.017452.0002: MainProcess                     : MainThread     : INFO    : Load resource configurations for xsede.stampede_yarn
2017-10-13 01:24:47,585: rp.session.titan-ext5.vivekb.017452.0002: MainProcess                     : MainThread     : DEBUG   : read rcfg for xsede.stampede_yarn (None)
2017-10-13 01:24:47,585: rp.session.titan-ext5.vivekb.017452.0002: MainProcess                     : MainThread     : INFO    : Load resource configurations for xsede.gordon_ssh
2017-10-13 01:24:47,586: rp.session.titan-ext5.vivekb.017452.0002: MainProcess                     : MainThread     : DEBUG   : read rcfg for xsede.gordon_ssh (None)
2017-10-13 01:24:47,586: rp.session.titan-ext5.vivekb.017452.0002: MainProcess                     : MainThread     : INFO    : Load resource configurations for xsede.stampede_ssh
2017-10-13 01:24:47,587: rp.session.titan-ext5.vivekb.017452.0002: MainProcess                     : MainThread     : DEBUG   : read rcfg for xsede.stampede_ssh (None)
2017-10-13 01:24:47,587: rp.session.titan-ext5.vivekb.017452.0002: MainProcess                     : MainThread     : INFO    : Load resource configurations for xsede.lonestar_ssh
2017-10-13 01:24:47,588: rp.session.titan-ext5.vivekb.017452.0002: MainProcess                     : MainThread     : DEBUG   : read rcfg for xsede.lonestar_ssh (None)
2017-10-13 01:24:47,588: rp.session.titan-ext5.vivekb.017452.0002: MainProcess                     : MainThread     : INFO    : Load resource configurations for xsede.supermic_spark
2017-10-13 01:24:47,588: rp.session.titan-ext5.vivekb.017452.0002: MainProcess                     : MainThread     : DEBUG   : read rcfg for xsede.supermic_spark (20)
2017-10-13 01:24:47,588: rp.session.titan-ext5.vivekb.017452.0002: MainProcess                     : MainThread     : INFO    : Load resource configurations for xsede.wrangler_ssh
2017-10-13 01:24:47,589: rp.session.titan-ext5.vivekb.017452.0002: MainProcess                     : MainThread     : DEBUG   : read rcfg for xsede.wrangler_ssh (None)
2017-10-13 01:24:47,589: rp.session.titan-ext5.vivekb.017452.0002: MainProcess                     : MainThread     : INFO    : Load resource configurations for xsede.wrangler_yarn
2017-10-13 01:24:47,590: rp.session.titan-ext5.vivekb.017452.0002: MainProcess                     : MainThread     : DEBUG   : read rcfg for xsede.wrangler_yarn (None)
2017-10-13 01:24:47,590: rp.session.titan-ext5.vivekb.017452.0002: MainProcess                     : MainThread     : INFO    : Load resource configurations for xsede.bridges
2017-10-13 01:24:47,591: rp.session.titan-ext5.vivekb.017452.0002: MainProcess                     : MainThread     : DEBUG   : read rcfg for xsede.bridges (None)
2017-10-13 01:24:47,591: rp.session.titan-ext5.vivekb.017452.0002: MainProcess                     : MainThread     : INFO    : Load resource configurations for xsede.supermic_ssh
2017-10-13 01:24:47,591: rp.session.titan-ext5.vivekb.017452.0002: MainProcess                     : MainThread     : DEBUG   : read rcfg for xsede.supermic_ssh (20)
2017-10-13 01:24:47,591: rp.session.titan-ext5.vivekb.017452.0002: MainProcess                     : MainThread     : INFO    : Load resource configurations for xsede.stampede_orte
2017-10-13 01:24:47,592: rp.session.titan-ext5.vivekb.017452.0002: MainProcess                     : MainThread     : DEBUG   : read rcfg for xsede.stampede_orte (None)
2017-10-13 01:24:47,592: rp.session.titan-ext5.vivekb.017452.0002: MainProcess                     : MainThread     : INFO    : Load resource configurations for xsede.greenfield
2017-10-13 01:24:47,593: rp.session.titan-ext5.vivekb.017452.0002: MainProcess                     : MainThread     : DEBUG   : read rcfg for xsede.greenfield (15)
2017-10-13 01:24:47,593: rp.session.titan-ext5.vivekb.017452.0002: MainProcess                     : MainThread     : INFO    : Load resource configurations for xsede.comet_spark
2017-10-13 01:24:47,594: rp.session.titan-ext5.vivekb.017452.0002: MainProcess                     : MainThread     : DEBUG   : read rcfg for xsede.comet_spark (24)
2017-10-13 01:24:47,594: rp.session.titan-ext5.vivekb.017452.0002: MainProcess                     : MainThread     : INFO    : Load resource configurations for xsede.trestles_ssh
2017-10-13 01:24:47,594: rp.session.titan-ext5.vivekb.017452.0002: MainProcess                     : MainThread     : DEBUG   : read rcfg for xsede.trestles_ssh (None)
2017-10-13 01:24:47,594: rp.session.titan-ext5.vivekb.017452.0002: MainProcess                     : MainThread     : INFO    : Load resource configurations for xsede.comet_ssh
2017-10-13 01:24:47,595: rp.session.titan-ext5.vivekb.017452.0002: MainProcess                     : MainThread     : DEBUG   : read rcfg for xsede.comet_ssh (24)
2017-10-13 01:24:47,595: rp.session.titan-ext5.vivekb.017452.0002: MainProcess                     : MainThread     : INFO    : Load resource configurations for xsede.stampede_spark
2017-10-13 01:24:47,596: rp.session.titan-ext5.vivekb.017452.0002: MainProcess                     : MainThread     : DEBUG   : read rcfg for xsede.stampede_spark (None)
2017-10-13 01:24:47,596: rp.session.titan-ext5.vivekb.017452.0002: MainProcess                     : MainThread     : INFO    : Load resource configurations for xsede.comet_orte
2017-10-13 01:24:47,597: rp.session.titan-ext5.vivekb.017452.0002: MainProcess                     : MainThread     : DEBUG   : read rcfg for xsede.comet_orte (24)
2017-10-13 01:24:47,597: rp.session.titan-ext5.vivekb.017452.0002: MainProcess                     : MainThread     : INFO    : Load resource configurations for xsede.comet_ortelib
2017-10-13 01:24:47,597: rp.session.titan-ext5.vivekb.017452.0002: MainProcess                     : MainThread     : DEBUG   : read rcfg for xsede.comet_ortelib (24)
2017-10-13 01:24:47,597: rp.session.titan-ext5.vivekb.017452.0002: MainProcess                     : MainThread     : INFO    : Load resource configurations for xsede.blacklight_ssh
2017-10-13 01:24:47,598: rp.session.titan-ext5.vivekb.017452.0002: MainProcess                     : MainThread     : DEBUG   : read rcfg for xsede.blacklight_ssh (16)
2017-10-13 01:24:47,598: rp.session.titan-ext5.vivekb.017452.0002: MainProcess                     : MainThread     : INFO    : Load resource configurations for xsede.stampede_ortelib
2017-10-13 01:24:47,599: rp.session.titan-ext5.vivekb.017452.0002: MainProcess                     : MainThread     : DEBUG   : read rcfg for xsede.stampede_ortelib (None)
2017-10-13 01:24:47,599: rp.session.titan-ext5.vivekb.017452.0002: MainProcess                     : MainThread     : INFO    : Load resource configurations from /ccs/home/vivekb/ve-entk-gpu-2/lib/python2.7/site-packages/radical/pilot/configs/resource_nersc.json
2017-10-13 01:24:47,619: rp.session.titan-ext5.vivekb.017452.0002: MainProcess                     : MainThread     : INFO    : Load resource configurations for nersc.edison_ccm_ssh
2017-10-13 01:24:47,620: rp.session.titan-ext5.vivekb.017452.0002: MainProcess                     : MainThread     : DEBUG   : read rcfg for nersc.edison_ccm_ssh (None)
2017-10-13 01:24:47,620: rp.session.titan-ext5.vivekb.017452.0002: MainProcess                     : MainThread     : INFO    : Load resource configurations for nersc.hopper_orte
2017-10-13 01:24:47,621: rp.session.titan-ext5.vivekb.017452.0002: MainProcess                     : MainThread     : DEBUG   : read rcfg for nersc.hopper_orte (None)
2017-10-13 01:24:47,621: rp.session.titan-ext5.vivekb.017452.0002: MainProcess                     : MainThread     : INFO    : Load resource configurations for nersc.hopper_ccm_ssh
2017-10-13 01:24:47,621: rp.session.titan-ext5.vivekb.017452.0002: MainProcess                     : MainThread     : DEBUG   : read rcfg for nersc.hopper_ccm_ssh (24)
2017-10-13 01:24:47,622: rp.session.titan-ext5.vivekb.017452.0002: MainProcess                     : MainThread     : INFO    : Load resource configurations for nersc.edison_aprun
2017-10-13 01:24:47,622: rp.session.titan-ext5.vivekb.017452.0002: MainProcess                     : MainThread     : DEBUG   : read rcfg for nersc.edison_aprun (None)
2017-10-13 01:24:47,622: rp.session.titan-ext5.vivekb.017452.0002: MainProcess                     : MainThread     : INFO    : Load resource configurations for nersc.hopper_aprun
2017-10-13 01:24:47,623: rp.session.titan-ext5.vivekb.017452.0002: MainProcess                     : MainThread     : DEBUG   : read rcfg for nersc.hopper_aprun (24)
2017-10-13 01:24:47,623: rp.session.titan-ext5.vivekb.017452.0002: MainProcess                     : MainThread     : INFO    : Load resource configurations for nersc.edison_orte
2017-10-13 01:24:47,624: rp.session.titan-ext5.vivekb.017452.0002: MainProcess                     : MainThread     : DEBUG   : read rcfg for nersc.edison_orte (None)
2017-10-13 01:24:47,624: rp.session.titan-ext5.vivekb.017452.0002: MainProcess                     : MainThread     : INFO    : Load resource configurations from /ccs/home/vivekb/ve-entk-gpu-2/lib/python2.7/site-packages/radical/pilot/configs/resource_iu.json
2017-10-13 01:24:47,629: rp.session.titan-ext5.vivekb.017452.0002: MainProcess                     : MainThread     : INFO    : Load resource configurations for iu.bigred2_ccm_ssh
2017-10-13 01:24:47,630: rp.session.titan-ext5.vivekb.017452.0002: MainProcess                     : MainThread     : DEBUG   : read rcfg for iu.bigred2_ccm_ssh (None)
2017-10-13 01:24:47,630: rp.session.titan-ext5.vivekb.017452.0002: MainProcess                     : MainThread     : INFO    : Load resource configurations for iu.bigred2_aprun
2017-10-13 01:24:47,631: rp.session.titan-ext5.vivekb.017452.0002: MainProcess                     : MainThread     : DEBUG   : read rcfg for iu.bigred2_aprun (None)
2017-10-13 01:24:47,631: rp.session.titan-ext5.vivekb.017452.0002: MainProcess                     : MainThread     : INFO    : Load resource configurations from /ccs/home/vivekb/ve-entk-gpu-2/lib/python2.7/site-packages/radical/pilot/configs/resource_das4.json
2017-10-13 01:24:47,634: rp.session.titan-ext5.vivekb.017452.0002: MainProcess                     : MainThread     : INFO    : Load resource configurations for das4.fs2_ssh
2017-10-13 01:24:47,635: rp.session.titan-ext5.vivekb.017452.0002: MainProcess                     : MainThread     : DEBUG   : read rcfg for das4.fs2_ssh (None)
2017-10-13 01:24:47,635: rp.session.titan-ext5.vivekb.017452.0002: MainProcess                     : MainThread     : INFO    : Load resource configurations from /ccs/home/vivekb/ve-entk-gpu-2/lib/python2.7/site-packages/radical/pilot/configs/resource_stfc.json
2017-10-13 01:24:47,639: rp.session.titan-ext5.vivekb.017452.0002: MainProcess                     : MainThread     : INFO    : Load resource configurations for stfc.joule_runjob
2017-10-13 01:24:47,639: rp.session.titan-ext5.vivekb.017452.0002: MainProcess                     : MainThread     : DEBUG   : read rcfg for stfc.joule_runjob (None)
2017-10-13 01:24:47,639: rp.session.titan-ext5.vivekb.017452.0002: MainProcess                     : MainThread     : INFO    : Load resource configurations from /ccs/home/vivekb/ve-entk-gpu-2/lib/python2.7/site-packages/radical/pilot/configs/resource_ornl.json
2017-10-13 01:24:47,654: rp.session.titan-ext5.vivekb.017452.0002: MainProcess                     : MainThread     : INFO    : Load resource configurations for ornl.titan_orte
2017-10-13 01:24:47,655: rp.session.titan-ext5.vivekb.017452.0002: MainProcess                     : MainThread     : DEBUG   : read rcfg for ornl.titan_orte (None)
2017-10-13 01:24:47,655: rp.session.titan-ext5.vivekb.017452.0002: MainProcess                     : MainThread     : INFO    : Load resource configurations for ornl.titan_aprun
2017-10-13 01:24:47,656: rp.session.titan-ext5.vivekb.017452.0002: MainProcess                     : MainThread     : DEBUG   : read rcfg for ornl.titan_aprun (None)
2017-10-13 01:24:47,656: rp.session.titan-ext5.vivekb.017452.0002: MainProcess                     : MainThread     : INFO    : Load resource configurations for ornl.rhea
2017-10-13 01:24:47,657: rp.session.titan-ext5.vivekb.017452.0002: MainProcess                     : MainThread     : DEBUG   : read rcfg for ornl.rhea (16)
2017-10-13 01:24:47,657: rp.session.titan-ext5.vivekb.017452.0002: MainProcess                     : MainThread     : INFO    : Load resource configurations for ornl.rhea_aprun
2017-10-13 01:24:47,658: rp.session.titan-ext5.vivekb.017452.0002: MainProcess                     : MainThread     : DEBUG   : read rcfg for ornl.rhea_aprun (None)
2017-10-13 01:24:47,658: rp.session.titan-ext5.vivekb.017452.0002: MainProcess                     : MainThread     : INFO    : Load resource configurations for ornl.titan_ortelib
2017-10-13 01:24:47,659: rp.session.titan-ext5.vivekb.017452.0002: MainProcess                     : MainThread     : DEBUG   : read rcfg for ornl.titan_ortelib (None)
2017-10-13 01:24:47,994: rp.session.titan-ext5.vivekb.017452.0002: MainProcess                     : MainThread     : INFO    : New Session created: rp.session.titan-ext5.vivekb.017452.0002.
2017-10-13 01:24:47,995: rp.session.titan-ext5.vivekb.017452.0002: MainProcess                     : MainThread     : DEBUG   : start bridges   : {u'control_pubsub': {u'bulk_size': 0, u'log_level': u'debug', u'stall_hwm': 1},
 u'log_pubsub': {u'bulk_size': 0, u'log_level': u'debug', u'stall_hwm': 1},
 u'state_pubsub': {u'bulk_size': 0, u'log_level': u'debug', u'stall_hwm': 1}}
2017-10-13 01:24:47,995: rp.session.titan-ext5.vivekb.017452.0002: MainProcess                     : MainThread     : INFO    : create bridge control_pubsub
2017-10-13 01:24:48,055: rp.session.titan-ext5.vivekb.017452.0002: MainProcess                     : MainThread     : INFO    : created bridge control_pubsub (control.pubsub.bridge.0000)
2017-10-13 01:24:48,056: rp.session.titan-ext5.vivekb.017452.0002: MainProcess                     : MainThread     : INFO    : create bridge state_pubsub
2017-10-13 01:24:48,078: rp.session.titan-ext5.vivekb.017452.0002: MainProcess                     : MainThread     : INFO    : created bridge state_pubsub (state.pubsub.bridge.0000)
2017-10-13 01:24:48,078: rp.session.titan-ext5.vivekb.017452.0002: MainProcess                     : MainThread     : INFO    : create bridge log_pubsub
2017-10-13 01:24:48,100: rp.session.titan-ext5.vivekb.017452.0002: MainProcess                     : MainThread     : INFO    : created bridge log_pubsub (log.pubsub.bridge.0000)
2017-10-13 01:24:48,101: rp.session.titan-ext5.vivekb.017452.0002: MainProcess                     : MainThread     : DEBUG   : start components: {u'UpdateWorker': {u'count': 1}}
2017-10-13 01:24:48,101: rp.session.titan-ext5.vivekb.017452.0002: MainProcess                     : MainThread     : DEBUG   : start 1 component(s) UpdateWorker
2017-10-13 01:24:48,589: rp.session.titan-ext5.vivekb.017452.0002: MainProcess                     : MainThread     : INFO    : rp.session.titan-ext5.vivekb.017452.0002 starts update.0
2017-10-13 01:24:49,024: rp.session.titan-ext5.vivekb.017452.0002: MainProcess                     : MainThread     : DEBUG   : get rcfg 1 for ornl.titan_aprun (None)
2017-10-13 01:24:49,024: rp.session.titan-ext5.vivekb.017452.0002: MainProcess                     : MainThread     : DEBUG   : get rcfg 2 for ornl.titan_aprun (None)
2017-10-13 01:24:49,024: rp.session.titan-ext5.vivekb.017452.0002: MainProcess                     : MainThread     : DEBUG   : rsup.PTYShell('fork://localhost')
2017-10-13 01:24:56,716: rp.session.titan-ext5.vivekb.017452.0002: MainProcess                     : MainThread     : DEBUG   : sandbox base fork://localhost: '/lustre/atlas/scratch/vivekb/bip149'
2017-10-13 01:24:56,840: rp.session.titan-ext5.vivekb.017452.0002: MainProcess                     : MainThread     : DEBUG   : bulk pilot insert result: {'nModified': 0, 'nUpserted': 0, 'nMatched': 0, 'writeErrors': [], 'upserted': [], 'writeConcernErrors': [], 'nRemoved': 0, 'nInserted': 1}
2017-10-13 01:24:56,844: rp.session.titan-ext5.vivekb.017452.0002: pmgr.launching.0                : MainThread     : DEBUG   : get rcfg 1 for ornl.titan_aprun (None)
2017-10-13 01:24:56,845: rp.session.titan-ext5.vivekb.017452.0002: pmgr.launching.0                : MainThread     : DEBUG   : get rcfg 2 for ornl.titan_aprun (None)
2017-10-13 01:24:56,848: rp.session.titan-ext5.vivekb.017452.0002: pmgr.launching.0                : MainThread     : DEBUG   : get rcfg 1 for ornl.titan_aprun (None)
2017-10-13 01:24:56,848: rp.session.titan-ext5.vivekb.017452.0002: pmgr.launching.0                : MainThread     : DEBUG   : get rcfg 2 for ornl.titan_aprun (None)
2017-10-13 01:24:56,848: rp.session.titan-ext5.vivekb.017452.0002: pmgr.launching.0                : MainThread     : DEBUG   : rsup.PTYShell('fork://localhost')
2017-10-13 01:25:04,550: rp.session.titan-ext5.vivekb.017452.0002: pmgr.launching.0                : MainThread     : DEBUG   : sandbox base fork://localhost: '/lustre/atlas/scratch/vivekb/bip149'
2017-10-13 01:26:40,945: rp.session.titan-ext5.vivekb.017452.0002: task-manager                    : MainThread     : DEBUG   : bulk unit insert result: {'nModified': 0, 'nUpserted': 0, 'nMatched': 0, 'writeErrors': [], 'upserted': [], 'writeConcernErrors': [], 'nRemoved': 0, 'nInserted': 1}
2017-10-13 01:26:40,990: rp.session.titan-ext5.vivekb.017452.0002: task-manager                    : MainThread     : DEBUG   : bulk unit insert result: {'nModified': 0, 'nUpserted': 0, 'nMatched': 0, 'writeErrors': [], 'upserted': [], 'writeConcernErrors': [], 'nRemoved': 0, 'nInserted': 1}
2017-10-13 01:31:40,874: rp.session.titan-ext5.vivekb.017452.0002: MainProcess                     : MainThread     : DEBUG   : session rp.session.titan-ext5.vivekb.017452.0002 closing
2017-10-13 01:31:40,875: rp.session.titan-ext5.vivekb.017452.0002: MainProcess                     : MainThread     : DEBUG   : session rp.session.titan-ext5.vivekb.017452.0002 closes pmgr   pmgr.0000
2017-10-13 01:31:41,370: rp.session.titan-ext5.vivekb.017452.0002: MainProcess                     : MainThread     : DEBUG   : session rp.session.titan-ext5.vivekb.017452.0002 closed pmgr   pmgr.0000
2017-10-13 01:31:41,370: rp.session.titan-ext5.vivekb.017452.0002: MainProcess                     : MainThread     : DEBUG   : session rp.session.titan-ext5.vivekb.017452.0002 closes comp   update.0
2017-10-13 01:31:41,557: rp.session.titan-ext5.vivekb.017452.0002: MainProcess                     : MainThread     : DEBUG   : session rp.session.titan-ext5.vivekb.017452.0002 closed comp   update.0
2017-10-13 01:31:41,557: rp.session.titan-ext5.vivekb.017452.0002: MainProcess                     : MainThread     : DEBUG   : session rp.session.titan-ext5.vivekb.017452.0002 closes bridge control.pubsub.bridge.0000
2017-10-13 01:31:41,729: rp.session.titan-ext5.vivekb.017452.0002: MainProcess                     : MainThread     : DEBUG   : session rp.session.titan-ext5.vivekb.017452.0002 closed bridge control.pubsub.bridge.0000
2017-10-13 01:31:41,729: rp.session.titan-ext5.vivekb.017452.0002: MainProcess                     : MainThread     : DEBUG   : session rp.session.titan-ext5.vivekb.017452.0002 closes bridge state.pubsub.bridge.0000
2017-10-13 01:31:41,841: rp.session.titan-ext5.vivekb.017452.0002: MainProcess                     : MainThread     : DEBUG   : session rp.session.titan-ext5.vivekb.017452.0002 closed bridge state.pubsub.bridge.0000
2017-10-13 01:31:41,841: rp.session.titan-ext5.vivekb.017452.0002: MainProcess                     : MainThread     : DEBUG   : session rp.session.titan-ext5.vivekb.017452.0002 closes bridge log.pubsub.bridge.0000
2017-10-13 01:31:41,965: rp.session.titan-ext5.vivekb.017452.0002: MainProcess                     : MainThread     : DEBUG   : session rp.session.titan-ext5.vivekb.017452.0002 closed bridge log.pubsub.bridge.0000
2017-10-13 01:31:41,965: rp.session.titan-ext5.vivekb.017452.0002: MainProcess                     : MainThread     : DEBUG   : session rp.session.titan-ext5.vivekb.017452.0002 closes db (False)
2017-10-13 01:31:41,965: rp.session.titan-ext5.vivekb.017452.0002: MainProcess                     : MainThread     : DEBUG   : session rp.session.titan-ext5.vivekb.017452.0002 closed (delete=False)
