2017-09-08 12:18:14,490: control.pubsub.sub.0000: update.0                        : MainThread     : INFO    : python.interpreter   version: 2.7.12 (default, Nov 19 2016, 06:48:10) [GCC 5.4.0 20160609]
2017-09-08 12:18:14,491: control.pubsub.sub.0000: update.0                        : MainThread     : INFO    :                      pid: 27801
2017-09-08 12:18:14,491: control.pubsub.sub.0000: update.0                        : MainThread     : INFO    :                      tid: MainThread
2017-09-08 12:18:14,491: control.pubsub.sub.0000: update.0                        : MainThread     : INFO    : radical.pilot        version: 0.46-v0.46.RC2@devel
2017-09-08 12:18:14,491: control.pubsub.sub.0000: update.0                        : MainThread     : INFO    : create control_pubsub - sub - tcp://172.30.238.6:44235
2017-09-08 12:18:14,492: control.pubsub.sub.0000: update.0                        : MainThread     : DEBUG   : start process
2017-09-08 12:18:14,492: control.pubsub.sub.0000: update.0                        : MainThread     : DEBUG   : ru_initialize_common (NOOP)
2017-09-08 12:18:14,492: control.pubsub.sub.0000: update.0                        : MainThread     : DEBUG   : ru_initialize_parent (NOOP)
2017-09-08 12:18:14,492: control.pubsub.sub.0000: update.0                        : MainThread     : DEBUG   : process class started (no child)
2017-09-08 12:18:17,961: control.pubsub.sub.0000: pmgr.launching.0                : MainThread     : INFO    : python.interpreter   version: 2.7.12 (default, Nov 19 2016, 06:48:10) [GCC 5.4.0 20160609]
2017-09-08 12:18:17,961: control.pubsub.sub.0000: pmgr.launching.0                : MainThread     : INFO    :                      pid: 27841
2017-09-08 12:18:17,962: control.pubsub.sub.0000: pmgr.launching.0                : MainThread     : INFO    :                      tid: MainThread
2017-09-08 12:18:17,962: control.pubsub.sub.0000: pmgr.launching.0                : MainThread     : INFO    : radical.pilot        version: 0.46-v0.46.RC2@devel
2017-09-08 12:18:17,962: control.pubsub.sub.0000: pmgr.launching.0                : MainThread     : INFO    : create control_pubsub - sub - tcp://172.30.238.6:44235
2017-09-08 12:18:17,980: control.pubsub.sub.0000: pmgr.launching.0                : MainThread     : DEBUG   : start process
2017-09-08 12:18:17,980: control.pubsub.sub.0000: pmgr.launching.0                : MainThread     : DEBUG   : ru_initialize_common (NOOP)
2017-09-08 12:18:17,980: control.pubsub.sub.0000: pmgr.launching.0                : MainThread     : DEBUG   : ru_initialize_parent (NOOP)
2017-09-08 12:18:17,981: control.pubsub.sub.0000: pmgr.launching.0                : MainThread     : DEBUG   : process class started (no child)
2017-09-08 12:19:03,455: control.pubsub.sub.0000: umgr.staging.input.0            : MainThread     : INFO    : python.interpreter   version: 2.7.12 (default, Nov 19 2016, 06:48:10) [GCC 5.4.0 20160609]
2017-09-08 12:19:03,455: control.pubsub.sub.0000: umgr.staging.input.0            : MainThread     : INFO    :                      pid: 28108
2017-09-08 12:19:03,455: control.pubsub.sub.0000: umgr.staging.input.0            : MainThread     : INFO    :                      tid: MainThread
2017-09-08 12:19:03,456: control.pubsub.sub.0000: umgr.staging.input.0            : MainThread     : INFO    : radical.pilot        version: 0.46-v0.46.RC2@devel
2017-09-08 12:19:03,456: control.pubsub.sub.0000: umgr.staging.input.0            : MainThread     : INFO    : create control_pubsub - sub - tcp://172.30.238.6:44235
2017-09-08 12:19:03,470: control.pubsub.sub.0000: umgr.staging.input.0            : MainThread     : DEBUG   : start process
2017-09-08 12:19:03,470: control.pubsub.sub.0000: umgr.staging.input.0            : MainThread     : DEBUG   : ru_initialize_common (NOOP)
2017-09-08 12:19:03,470: control.pubsub.sub.0000: umgr.staging.input.0            : MainThread     : DEBUG   : ru_initialize_parent (NOOP)
2017-09-08 12:19:03,471: control.pubsub.sub.0000: umgr.staging.input.0            : MainThread     : DEBUG   : process class started (no child)
2017-09-08 12:19:05,573: control.pubsub.sub.0000: umgr.staging.output.0           : MainThread     : INFO    : python.interpreter   version: 2.7.12 (default, Nov 19 2016, 06:48:10) [GCC 5.4.0 20160609]
2017-09-08 12:19:05,574: control.pubsub.sub.0000: umgr.staging.output.0           : MainThread     : INFO    :                      pid: 28134
2017-09-08 12:19:05,574: control.pubsub.sub.0000: umgr.staging.output.0           : MainThread     : INFO    :                      tid: MainThread
2017-09-08 12:19:05,574: control.pubsub.sub.0000: umgr.staging.output.0           : MainThread     : INFO    : radical.pilot        version: 0.46-v0.46.RC2@devel
2017-09-08 12:19:05,574: control.pubsub.sub.0000: umgr.staging.output.0           : MainThread     : INFO    : create control_pubsub - sub - tcp://172.30.238.6:44235
2017-09-08 12:19:05,575: control.pubsub.sub.0000: umgr.staging.output.0           : MainThread     : DEBUG   : start process
2017-09-08 12:19:05,575: control.pubsub.sub.0000: umgr.staging.output.0           : MainThread     : DEBUG   : ru_initialize_common (NOOP)
2017-09-08 12:19:05,575: control.pubsub.sub.0000: umgr.staging.output.0           : MainThread     : DEBUG   : ru_initialize_parent (NOOP)
2017-09-08 12:19:05,575: control.pubsub.sub.0000: umgr.staging.output.0           : MainThread     : DEBUG   : process class started (no child)
2017-09-08 12:19:07,679: control.pubsub.sub.0000: umgr.scheduling.0               : MainThread     : INFO    : python.interpreter   version: 2.7.12 (default, Nov 19 2016, 06:48:10) [GCC 5.4.0 20160609]
2017-09-08 12:19:07,679: control.pubsub.sub.0000: umgr.scheduling.0               : MainThread     : INFO    :                      pid: 28160
2017-09-08 12:19:07,679: control.pubsub.sub.0000: umgr.scheduling.0               : MainThread     : INFO    :                      tid: MainThread
2017-09-08 12:19:07,679: control.pubsub.sub.0000: umgr.scheduling.0               : MainThread     : INFO    : radical.pilot        version: 0.46-v0.46.RC2@devel
2017-09-08 12:19:07,679: control.pubsub.sub.0000: umgr.scheduling.0               : MainThread     : INFO    : create control_pubsub - sub - tcp://172.30.238.6:44235
2017-09-08 12:19:07,680: control.pubsub.sub.0000: umgr.scheduling.0               : MainThread     : DEBUG   : start process
2017-09-08 12:19:07,680: control.pubsub.sub.0000: umgr.scheduling.0               : MainThread     : DEBUG   : ru_initialize_common (NOOP)
2017-09-08 12:19:07,680: control.pubsub.sub.0000: umgr.scheduling.0               : MainThread     : DEBUG   : ru_initialize_parent (NOOP)
2017-09-08 12:19:07,680: control.pubsub.sub.0000: umgr.scheduling.0               : MainThread     : DEBUG   : process class started (no child)
2017-09-08 12:20:57,423: control.pubsub.sub.0000: umgr.scheduling.0               : MainThread     : INFO    : parent stops child
2017-09-08 12:20:57,423: control.pubsub.sub.0000: umgr.scheduling.0               : MainThread     : DEBUG   : ru_finalize_parent (NOOP)
2017-09-08 12:20:57,449: control.pubsub.sub.0000: umgr.staging.input.0            : MainThread     : INFO    : parent stops child
2017-09-08 12:20:57,449: control.pubsub.sub.0000: umgr.staging.input.0            : MainThread     : DEBUG   : ru_finalize_parent (NOOP)
2017-09-08 12:20:57,986: control.pubsub.sub.0000: umgr.staging.output.0           : MainThread     : INFO    : parent stops child
2017-09-08 12:20:57,986: control.pubsub.sub.0000: umgr.staging.output.0           : MainThread     : DEBUG   : ru_finalize_parent (NOOP)
