2017-09-08 12:18:10,592: rp.session.js-17-212.jetstream-cloud.org.vivek91.017417.0019: MainProcess                     : MainThread     : INFO    : python.interpreter   version: 2.7.12 (default, Nov 19 2016, 06:48:10) [GCC 5.4.0 20160609]
2017-09-08 12:18:10,592: rp.session.js-17-212.jetstream-cloud.org.vivek91.017417.0019: MainProcess                     : MainThread     : INFO    :                      pid: 27732
2017-09-08 12:18:10,592: rp.session.js-17-212.jetstream-cloud.org.vivek91.017417.0019: MainProcess                     : MainThread     : INFO    :                      tid: MainThread
2017-09-08 12:18:10,592: rp.session.js-17-212.jetstream-cloud.org.vivek91.017417.0019: MainProcess                     : MainThread     : INFO    : radical.pilot        version: 0.46-v0.46.RC2@devel
2017-09-08 12:18:10,593: rp.session.js-17-212.jetstream-cloud.org.vivek91.017417.0019: MainProcess                     : MainThread     : INFO    : using database mongodb://user:user@ds153652.mlab.com:53652/test_08_08
2017-09-08 12:18:11,635: rp.session.js-17-212.jetstream-cloud.org.vivek91.017417.0019: MainProcess                     : MainThread     : INFO    : Load resource configurations from /home/vivek91/ves/entk-exp/local/lib/python2.7/site-packages/radical/pilot/configs/resource_ncsa.json
2017-09-08 12:18:11,648: rp.session.js-17-212.jetstream-cloud.org.vivek91.017417.0019: MainProcess                     : MainThread     : INFO    : Load resource configurations for ncsa.bw_orte
2017-09-08 12:18:11,649: rp.session.js-17-212.jetstream-cloud.org.vivek91.017417.0019: MainProcess                     : MainThread     : INFO    : Load resource configurations for ncsa.bw_ccm_ssh
2017-09-08 12:18:11,649: rp.session.js-17-212.jetstream-cloud.org.vivek91.017417.0019: MainProcess                     : MainThread     : INFO    : Load resource configurations for ncsa.bw_ortelib
2017-09-08 12:18:11,650: rp.session.js-17-212.jetstream-cloud.org.vivek91.017417.0019: MainProcess                     : MainThread     : INFO    : Load resource configurations for ncsa.bw_aprun
2017-09-08 12:18:11,650: rp.session.js-17-212.jetstream-cloud.org.vivek91.017417.0019: MainProcess                     : MainThread     : INFO    : Load resource configurations for ncsa.bw_local_orte
2017-09-08 12:18:11,651: rp.session.js-17-212.jetstream-cloud.org.vivek91.017417.0019: MainProcess                     : MainThread     : INFO    : Load resource configurations from /home/vivek91/ves/entk-exp/local/lib/python2.7/site-packages/radical/pilot/configs/resource_iu.json
2017-09-08 12:18:11,658: rp.session.js-17-212.jetstream-cloud.org.vivek91.017417.0019: MainProcess                     : MainThread     : INFO    : Load resource configurations for iu.bigred2_ccm_ssh
2017-09-08 12:18:11,658: rp.session.js-17-212.jetstream-cloud.org.vivek91.017417.0019: MainProcess                     : MainThread     : INFO    : Load resource configurations for iu.bigred2_aprun
2017-09-08 12:18:11,659: rp.session.js-17-212.jetstream-cloud.org.vivek91.017417.0019: MainProcess                     : MainThread     : INFO    : Load resource configurations from /home/vivek91/ves/entk-exp/local/lib/python2.7/site-packages/radical/pilot/configs/resource_osg.json
2017-09-08 12:18:11,664: rp.session.js-17-212.jetstream-cloud.org.vivek91.017417.0019: MainProcess                     : MainThread     : INFO    : Load resource configurations for osg.xsede-virt-clust
2017-09-08 12:18:11,664: rp.session.js-17-212.jetstream-cloud.org.vivek91.017417.0019: MainProcess                     : MainThread     : INFO    : Load resource configurations for osg.connect
2017-09-08 12:18:11,665: rp.session.js-17-212.jetstream-cloud.org.vivek91.017417.0019: MainProcess                     : MainThread     : INFO    : Load resource configurations from /home/vivek91/ves/entk-exp/local/lib/python2.7/site-packages/radical/pilot/configs/resource_yale.json
2017-09-08 12:18:11,667: rp.session.js-17-212.jetstream-cloud.org.vivek91.017417.0019: MainProcess                     : MainThread     : INFO    : Load resource configurations for yale.grace_ssh
2017-09-08 12:18:11,667: rp.session.js-17-212.jetstream-cloud.org.vivek91.017417.0019: MainProcess                     : MainThread     : INFO    : Load resource configurations from /home/vivek91/ves/entk-exp/local/lib/python2.7/site-packages/radical/pilot/configs/resource_lumc.json
2017-09-08 12:18:11,672: rp.session.js-17-212.jetstream-cloud.org.vivek91.017417.0019: MainProcess                     : MainThread     : INFO    : Load resource configurations for lumc.gb-ui_ssh
2017-09-08 12:18:11,672: rp.session.js-17-212.jetstream-cloud.org.vivek91.017417.0019: MainProcess                     : MainThread     : INFO    : Load resource configurations for lumc.shark_ssh
2017-09-08 12:18:11,673: rp.session.js-17-212.jetstream-cloud.org.vivek91.017417.0019: MainProcess                     : MainThread     : INFO    : Load resource configurations from /home/vivek91/ves/entk-exp/local/lib/python2.7/site-packages/radical/pilot/configs/resource_ornl.json
2017-09-08 12:18:11,679: rp.session.js-17-212.jetstream-cloud.org.vivek91.017417.0019: MainProcess                     : MainThread     : INFO    : Load resource configurations for ornl.titan_orte
2017-09-08 12:18:11,680: rp.session.js-17-212.jetstream-cloud.org.vivek91.017417.0019: MainProcess                     : MainThread     : INFO    : Load resource configurations for ornl.titan_aprun
2017-09-08 12:18:11,680: rp.session.js-17-212.jetstream-cloud.org.vivek91.017417.0019: MainProcess                     : MainThread     : INFO    : Load resource configurations for ornl.titan_ortelib
2017-09-08 12:18:11,681: rp.session.js-17-212.jetstream-cloud.org.vivek91.017417.0019: MainProcess                     : MainThread     : INFO    : Load resource configurations from /home/vivek91/ves/entk-exp/local/lib/python2.7/site-packages/radical/pilot/configs/resource_stfc.json
2017-09-08 12:18:11,683: rp.session.js-17-212.jetstream-cloud.org.vivek91.017417.0019: MainProcess                     : MainThread     : INFO    : Load resource configurations for stfc.joule_runjob
2017-09-08 12:18:11,684: rp.session.js-17-212.jetstream-cloud.org.vivek91.017417.0019: MainProcess                     : MainThread     : INFO    : Load resource configurations from /home/vivek91/ves/entk-exp/local/lib/python2.7/site-packages/radical/pilot/configs/resource_radical.json
2017-09-08 12:18:11,689: rp.session.js-17-212.jetstream-cloud.org.vivek91.017417.0019: MainProcess                     : MainThread     : INFO    : Load resource configurations for radical.two
2017-09-08 12:18:11,689: rp.session.js-17-212.jetstream-cloud.org.vivek91.017417.0019: MainProcess                     : MainThread     : INFO    : Load resource configurations for radical.tutorial
2017-09-08 12:18:11,690: rp.session.js-17-212.jetstream-cloud.org.vivek91.017417.0019: MainProcess                     : MainThread     : INFO    : Load resource configurations for radical.one
2017-09-08 12:18:11,690: rp.session.js-17-212.jetstream-cloud.org.vivek91.017417.0019: MainProcess                     : MainThread     : INFO    : Load resource configurations from /home/vivek91/ves/entk-exp/local/lib/python2.7/site-packages/radical/pilot/configs/resource_das4.json
2017-09-08 12:18:11,692: rp.session.js-17-212.jetstream-cloud.org.vivek91.017417.0019: MainProcess                     : MainThread     : INFO    : Load resource configurations for das4.fs2_ssh
2017-09-08 12:18:11,692: rp.session.js-17-212.jetstream-cloud.org.vivek91.017417.0019: MainProcess                     : MainThread     : INFO    : Load resource configurations from /home/vivek91/ves/entk-exp/local/lib/python2.7/site-packages/radical/pilot/configs/resource_nersc.json
2017-09-08 12:18:11,703: rp.session.js-17-212.jetstream-cloud.org.vivek91.017417.0019: MainProcess                     : MainThread     : INFO    : Load resource configurations for nersc.edison_ccm_ssh
2017-09-08 12:18:11,704: rp.session.js-17-212.jetstream-cloud.org.vivek91.017417.0019: MainProcess                     : MainThread     : INFO    : Load resource configurations for nersc.hopper_orte
2017-09-08 12:18:11,704: rp.session.js-17-212.jetstream-cloud.org.vivek91.017417.0019: MainProcess                     : MainThread     : INFO    : Load resource configurations for nersc.hopper_ccm_ssh
2017-09-08 12:18:11,705: rp.session.js-17-212.jetstream-cloud.org.vivek91.017417.0019: MainProcess                     : MainThread     : INFO    : Load resource configurations for nersc.edison_aprun
2017-09-08 12:18:11,705: rp.session.js-17-212.jetstream-cloud.org.vivek91.017417.0019: MainProcess                     : MainThread     : INFO    : Load resource configurations for nersc.hopper_aprun
2017-09-08 12:18:11,705: rp.session.js-17-212.jetstream-cloud.org.vivek91.017417.0019: MainProcess                     : MainThread     : INFO    : Load resource configurations for nersc.edison_orte
2017-09-08 12:18:11,706: rp.session.js-17-212.jetstream-cloud.org.vivek91.017417.0019: MainProcess                     : MainThread     : INFO    : Load resource configurations from /home/vivek91/ves/entk-exp/local/lib/python2.7/site-packages/radical/pilot/configs/resource_xsede.json
2017-09-08 12:18:11,738: rp.session.js-17-212.jetstream-cloud.org.vivek91.017417.0019: MainProcess                     : MainThread     : INFO    : Load resource configurations for xsede.stampede2_ssh
2017-09-08 12:18:11,738: rp.session.js-17-212.jetstream-cloud.org.vivek91.017417.0019: MainProcess                     : MainThread     : INFO    : Load resource configurations for xsede.wrangler_spark
2017-09-08 12:18:11,739: rp.session.js-17-212.jetstream-cloud.org.vivek91.017417.0019: MainProcess                     : MainThread     : INFO    : Load resource configurations for xsede.stampede_yarn
2017-09-08 12:18:11,739: rp.session.js-17-212.jetstream-cloud.org.vivek91.017417.0019: MainProcess                     : MainThread     : INFO    : Load resource configurations for xsede.gordon_ssh
2017-09-08 12:18:11,739: rp.session.js-17-212.jetstream-cloud.org.vivek91.017417.0019: MainProcess                     : MainThread     : INFO    : Load resource configurations for xsede.stampede_ssh
2017-09-08 12:18:11,740: rp.session.js-17-212.jetstream-cloud.org.vivek91.017417.0019: MainProcess                     : MainThread     : INFO    : Load resource configurations for xsede.lonestar_ssh
2017-09-08 12:18:11,740: rp.session.js-17-212.jetstream-cloud.org.vivek91.017417.0019: MainProcess                     : MainThread     : INFO    : Load resource configurations for xsede.supermic_spark
2017-09-08 12:18:11,741: rp.session.js-17-212.jetstream-cloud.org.vivek91.017417.0019: MainProcess                     : MainThread     : INFO    : Load resource configurations for xsede.wrangler_ssh
2017-09-08 12:18:11,741: rp.session.js-17-212.jetstream-cloud.org.vivek91.017417.0019: MainProcess                     : MainThread     : INFO    : Load resource configurations for xsede.wrangler_yarn
2017-09-08 12:18:11,741: rp.session.js-17-212.jetstream-cloud.org.vivek91.017417.0019: MainProcess                     : MainThread     : INFO    : Load resource configurations for xsede.bridges
2017-09-08 12:18:11,742: rp.session.js-17-212.jetstream-cloud.org.vivek91.017417.0019: MainProcess                     : MainThread     : INFO    : Load resource configurations for xsede.supermic_ssh
2017-09-08 12:18:11,742: rp.session.js-17-212.jetstream-cloud.org.vivek91.017417.0019: MainProcess                     : MainThread     : INFO    : Load resource configurations for xsede.stampede_orte
2017-09-08 12:18:11,742: rp.session.js-17-212.jetstream-cloud.org.vivek91.017417.0019: MainProcess                     : MainThread     : INFO    : Load resource configurations for xsede.greenfield
2017-09-08 12:18:11,743: rp.session.js-17-212.jetstream-cloud.org.vivek91.017417.0019: MainProcess                     : MainThread     : INFO    : Load resource configurations for xsede.comet_spark
2017-09-08 12:18:11,743: rp.session.js-17-212.jetstream-cloud.org.vivek91.017417.0019: MainProcess                     : MainThread     : INFO    : Load resource configurations for xsede.trestles_ssh
2017-09-08 12:18:11,744: rp.session.js-17-212.jetstream-cloud.org.vivek91.017417.0019: MainProcess                     : MainThread     : INFO    : Load resource configurations for xsede.comet_ssh
2017-09-08 12:18:11,744: rp.session.js-17-212.jetstream-cloud.org.vivek91.017417.0019: MainProcess                     : MainThread     : INFO    : Load resource configurations for xsede.stampede_spark
2017-09-08 12:18:11,744: rp.session.js-17-212.jetstream-cloud.org.vivek91.017417.0019: MainProcess                     : MainThread     : INFO    : Load resource configurations for xsede.comet_orte
2017-09-08 12:18:11,745: rp.session.js-17-212.jetstream-cloud.org.vivek91.017417.0019: MainProcess                     : MainThread     : INFO    : Load resource configurations for xsede.comet_ortelib
2017-09-08 12:18:11,745: rp.session.js-17-212.jetstream-cloud.org.vivek91.017417.0019: MainProcess                     : MainThread     : INFO    : Load resource configurations for xsede.blacklight_ssh
2017-09-08 12:18:11,745: rp.session.js-17-212.jetstream-cloud.org.vivek91.017417.0019: MainProcess                     : MainThread     : INFO    : Load resource configurations for xsede.stampede_ortelib
2017-09-08 12:18:11,746: rp.session.js-17-212.jetstream-cloud.org.vivek91.017417.0019: MainProcess                     : MainThread     : INFO    : Load resource configurations from /home/vivek91/ves/entk-exp/local/lib/python2.7/site-packages/radical/pilot/configs/resource_chameleon.json
2017-09-08 12:18:11,747: rp.session.js-17-212.jetstream-cloud.org.vivek91.017417.0019: MainProcess                     : MainThread     : INFO    : Load resource configurations for chameleon.cloud_vm_yarn
2017-09-08 12:18:11,747: rp.session.js-17-212.jetstream-cloud.org.vivek91.017417.0019: MainProcess                     : MainThread     : INFO    : Load resource configurations from /home/vivek91/ves/entk-exp/local/lib/python2.7/site-packages/radical/pilot/configs/resource_epsrc.json
2017-09-08 12:18:11,750: rp.session.js-17-212.jetstream-cloud.org.vivek91.017417.0019: MainProcess                     : MainThread     : INFO    : Load resource configurations for epsrc.archer_orte
2017-09-08 12:18:11,751: rp.session.js-17-212.jetstream-cloud.org.vivek91.017417.0019: MainProcess                     : MainThread     : INFO    : Load resource configurations for epsrc.archer_aprun
2017-09-08 12:18:11,751: rp.session.js-17-212.jetstream-cloud.org.vivek91.017417.0019: MainProcess                     : MainThread     : INFO    : Load resource configurations from /home/vivek91/ves/entk-exp/local/lib/python2.7/site-packages/radical/pilot/configs/resource_futuregrid.json
2017-09-08 12:18:11,758: rp.session.js-17-212.jetstream-cloud.org.vivek91.017417.0019: MainProcess                     : MainThread     : INFO    : Load resource configurations for futuregrid.delta_ssh
2017-09-08 12:18:11,758: rp.session.js-17-212.jetstream-cloud.org.vivek91.017417.0019: MainProcess                     : MainThread     : INFO    : Load resource configurations for futuregrid.india_ssh
2017-09-08 12:18:11,758: rp.session.js-17-212.jetstream-cloud.org.vivek91.017417.0019: MainProcess                     : MainThread     : INFO    : Load resource configurations for futuregrid.echo_ssh
2017-09-08 12:18:11,759: rp.session.js-17-212.jetstream-cloud.org.vivek91.017417.0019: MainProcess                     : MainThread     : INFO    : Load resource configurations for futuregrid.xray_ccm
2017-09-08 12:18:11,759: rp.session.js-17-212.jetstream-cloud.org.vivek91.017417.0019: MainProcess                     : MainThread     : INFO    : Load resource configurations for futuregrid.bravo_ssh
2017-09-08 12:18:11,759: rp.session.js-17-212.jetstream-cloud.org.vivek91.017417.0019: MainProcess                     : MainThread     : INFO    : Load resource configurations for futuregrid.xray_aprun
2017-09-08 12:18:11,760: rp.session.js-17-212.jetstream-cloud.org.vivek91.017417.0019: MainProcess                     : MainThread     : INFO    : Load resource configurations from /home/vivek91/ves/entk-exp/local/lib/python2.7/site-packages/radical/pilot/configs/resource_local.json
2017-09-08 12:18:11,767: rp.session.js-17-212.jetstream-cloud.org.vivek91.017417.0019: MainProcess                     : MainThread     : INFO    : Load resource configurations for local.localhost_orte
2017-09-08 12:18:11,767: rp.session.js-17-212.jetstream-cloud.org.vivek91.017417.0019: MainProcess                     : MainThread     : INFO    : Load resource configurations for local.localhost_anaconda
2017-09-08 12:18:11,768: rp.session.js-17-212.jetstream-cloud.org.vivek91.017417.0019: MainProcess                     : MainThread     : INFO    : Load resource configurations for local.localhost_ortelib
2017-09-08 12:18:11,768: rp.session.js-17-212.jetstream-cloud.org.vivek91.017417.0019: MainProcess                     : MainThread     : INFO    : Load resource configurations for local.localhost
2017-09-08 12:18:11,768: rp.session.js-17-212.jetstream-cloud.org.vivek91.017417.0019: MainProcess                     : MainThread     : INFO    : Load resource configurations for local.localhost_spark
2017-09-08 12:18:11,769: rp.session.js-17-212.jetstream-cloud.org.vivek91.017417.0019: MainProcess                     : MainThread     : INFO    : Load resource configurations for local.localhost_spark_anaconda
2017-09-08 12:18:11,769: rp.session.js-17-212.jetstream-cloud.org.vivek91.017417.0019: MainProcess                     : MainThread     : INFO    : Load resource configurations for local.localhost_yarn
2017-09-08 12:18:11,769: rp.session.js-17-212.jetstream-cloud.org.vivek91.017417.0019: MainProcess                     : MainThread     : INFO    : Load resource configurations from /home/vivek91/ves/entk-exp/local/lib/python2.7/site-packages/radical/pilot/configs/resource_aliases.json
2017-09-08 12:18:11,770: rp.session.js-17-212.jetstream-cloud.org.vivek91.017417.0019: MainProcess                     : MainThread     : INFO    : Load resource configurations from /home/vivek91/ves/entk-exp/local/lib/python2.7/site-packages/radical/pilot/configs/resource_lrz.json
2017-09-08 12:18:11,771: rp.session.js-17-212.jetstream-cloud.org.vivek91.017417.0019: MainProcess                     : MainThread     : INFO    : Load resource configurations for lrz.supermuc_ssh
2017-09-08 12:18:11,771: rp.session.js-17-212.jetstream-cloud.org.vivek91.017417.0019: MainProcess                     : MainThread     : INFO    : Load resource configurations from /home/vivek91/ves/entk-exp/local/lib/python2.7/site-packages/radical/pilot/configs/resource_rice.json
2017-09-08 12:18:11,773: rp.session.js-17-212.jetstream-cloud.org.vivek91.017417.0019: MainProcess                     : MainThread     : INFO    : Load resource configurations for rice.davinci_ssh
2017-09-08 12:18:11,774: rp.session.js-17-212.jetstream-cloud.org.vivek91.017417.0019: MainProcess                     : MainThread     : INFO    : Load resource configurations for rice.biou_ssh
2017-09-08 12:18:11,774: rp.session.js-17-212.jetstream-cloud.org.vivek91.017417.0019: MainProcess                     : MainThread     : INFO    : Load resource configurations from /home/vivek91/ves/entk-exp/local/lib/python2.7/site-packages/radical/pilot/configs/resource_ncar.json
2017-09-08 12:18:11,775: rp.session.js-17-212.jetstream-cloud.org.vivek91.017417.0019: MainProcess                     : MainThread     : INFO    : Load resource configurations for ncar.yellowstone_ssh
2017-09-08 12:18:11,775: rp.session.js-17-212.jetstream-cloud.org.vivek91.017417.0019: MainProcess                     : MainThread     : INFO    : Load resource configurations from /home/vivek91/ves/entk-exp/local/lib/python2.7/site-packages/radical/pilot/configs/resource_das5.json
2017-09-08 12:18:11,776: rp.session.js-17-212.jetstream-cloud.org.vivek91.017417.0019: MainProcess                     : MainThread     : INFO    : Load resource configurations for das5.fs1_ssh
2017-09-08 12:18:11,777: rp.session.js-17-212.jetstream-cloud.org.vivek91.017417.0019: MainProcess                     : MainThread     : INFO    : Load resource configurations from /home/vivek91/ves/entk-exp/local/lib/python2.7/site-packages/radical/pilot/configs/resource_fub.json
2017-09-08 12:18:11,778: rp.session.js-17-212.jetstream-cloud.org.vivek91.017417.0019: MainProcess                     : MainThread     : INFO    : Load resource configurations for fub.allegro_rsh
2017-09-08 12:18:12,332: rp.session.js-17-212.jetstream-cloud.org.vivek91.017417.0019: MainProcess                     : MainThread     : INFO    : New Session created: rp.session.js-17-212.jetstream-cloud.org.vivek91.017417.0019.
2017-09-08 12:18:12,333: rp.session.js-17-212.jetstream-cloud.org.vivek91.017417.0019: MainProcess                     : MainThread     : DEBUG   : start bridges   : {u'control_pubsub': {u'bulk_size': 0, u'log_level': u'debug', u'stall_hwm': 1},
 u'log_pubsub': {u'bulk_size': 0, u'log_level': u'debug', u'stall_hwm': 1},
 u'state_pubsub': {u'bulk_size': 0, u'log_level': u'debug', u'stall_hwm': 1}}
2017-09-08 12:18:12,333: rp.session.js-17-212.jetstream-cloud.org.vivek91.017417.0019: MainProcess                     : MainThread     : INFO    : create bridge control_pubsub
2017-09-08 12:18:12,357: rp.session.js-17-212.jetstream-cloud.org.vivek91.017417.0019: MainProcess                     : MainThread     : INFO    : created bridge control_pubsub (control.pubsub.bridge.0000)
2017-09-08 12:18:12,357: rp.session.js-17-212.jetstream-cloud.org.vivek91.017417.0019: MainProcess                     : MainThread     : INFO    : create bridge state_pubsub
2017-09-08 12:18:12,375: rp.session.js-17-212.jetstream-cloud.org.vivek91.017417.0019: MainProcess                     : MainThread     : INFO    : created bridge state_pubsub (state.pubsub.bridge.0000)
2017-09-08 12:18:12,375: rp.session.js-17-212.jetstream-cloud.org.vivek91.017417.0019: MainProcess                     : MainThread     : INFO    : create bridge log_pubsub
2017-09-08 12:18:12,397: rp.session.js-17-212.jetstream-cloud.org.vivek91.017417.0019: MainProcess                     : MainThread     : INFO    : created bridge log_pubsub (log.pubsub.bridge.0000)
2017-09-08 12:18:12,397: rp.session.js-17-212.jetstream-cloud.org.vivek91.017417.0019: MainProcess                     : MainThread     : DEBUG   : start components: {u'UpdateWorker': {u'count': 1}}
2017-09-08 12:18:12,398: rp.session.js-17-212.jetstream-cloud.org.vivek91.017417.0019: MainProcess                     : MainThread     : DEBUG   : start 1 component(s) UpdateWorker
2017-09-08 12:18:14,831: rp.session.js-17-212.jetstream-cloud.org.vivek91.017417.0019: MainProcess                     : MainThread     : INFO    : rp.session.js-17-212.jetstream-cloud.org.vivek91.017417.0019 starts update.0
2017-09-08 12:18:18,151: rp.session.js-17-212.jetstream-cloud.org.vivek91.017417.0019: MainProcess                     : MainThread     : WARNING : using alias 'xsede.supermic_ssh' for deprecated resource key 'xsede.supermic'
2017-09-08 12:18:18,152: rp.session.js-17-212.jetstream-cloud.org.vivek91.017417.0019: MainProcess                     : MainThread     : DEBUG   : rsup.PTYShell('gsissh://supermic.cct-lsu.xsede.org:2222/')
2017-09-08 12:18:21,278: rp.session.js-17-212.jetstream-cloud.org.vivek91.017417.0019: MainProcess                     : MainThread     : DEBUG   : sandbox base gsissh://supermic.cct-lsu.xsede.org:2222/: '/work/vivek91'
2017-09-08 12:18:21,429: rp.session.js-17-212.jetstream-cloud.org.vivek91.017417.0019: MainProcess                     : MainThread     : DEBUG   : bulk pilot insert result: {'nModified': 0, 'nUpserted': 0, 'nMatched': 0, 'writeErrors': [], 'upserted': [], 'writeConcernErrors': [], 'nRemoved': 0, 'nInserted': 1}
2017-09-08 12:18:21,433: rp.session.js-17-212.jetstream-cloud.org.vivek91.017417.0019: pmgr.launching.0                : MainThread     : WARNING : using alias 'xsede.supermic_ssh' for deprecated resource key 'xsede.supermic'
2017-09-08 12:18:21,438: rp.session.js-17-212.jetstream-cloud.org.vivek91.017417.0019: pmgr.launching.0                : MainThread     : WARNING : using alias 'xsede.supermic_ssh' for deprecated resource key 'xsede.supermic'
2017-09-08 12:18:21,438: rp.session.js-17-212.jetstream-cloud.org.vivek91.017417.0019: pmgr.launching.0                : MainThread     : DEBUG   : rsup.PTYShell('gsissh://supermic.cct-lsu.xsede.org:2222/')
2017-09-08 12:18:22,762: rp.session.js-17-212.jetstream-cloud.org.vivek91.017417.0019: pmgr.launching.0                : MainThread     : DEBUG   : sandbox base gsissh://supermic.cct-lsu.xsede.org:2222/: '/work/vivek91'
2017-09-08 12:19:08,209: rp.session.js-17-212.jetstream-cloud.org.vivek91.017417.0019: task-manager                    : MainThread     : DEBUG   : bulk unit insert result: {'nModified': 0, 'nUpserted': 0, 'nMatched': 0, 'writeErrors': [], 'upserted': [], 'writeConcernErrors': [], 'nRemoved': 0, 'nInserted': 1}
2017-09-08 12:19:08,296: rp.session.js-17-212.jetstream-cloud.org.vivek91.017417.0019: task-manager                    : MainThread     : DEBUG   : bulk unit insert result: {'nModified': 0, 'nUpserted': 0, 'nMatched': 0, 'writeErrors': [], 'upserted': [], 'writeConcernErrors': [], 'nRemoved': 0, 'nInserted': 1}
2017-09-08 12:19:08,384: rp.session.js-17-212.jetstream-cloud.org.vivek91.017417.0019: task-manager                    : MainThread     : DEBUG   : bulk unit insert result: {'nModified': 0, 'nUpserted': 0, 'nMatched': 0, 'writeErrors': [], 'upserted': [], 'writeConcernErrors': [], 'nRemoved': 0, 'nInserted': 1}
2017-09-08 12:19:08,592: rp.session.js-17-212.jetstream-cloud.org.vivek91.017417.0019: task-manager                    : MainThread     : DEBUG   : bulk unit insert result: {'nModified': 0, 'nUpserted': 0, 'nMatched': 0, 'writeErrors': [], 'upserted': [], 'writeConcernErrors': [], 'nRemoved': 0, 'nInserted': 1}
2017-09-08 12:19:08,820: rp.session.js-17-212.jetstream-cloud.org.vivek91.017417.0019: task-manager                    : MainThread     : DEBUG   : bulk unit insert result: {'nModified': 0, 'nUpserted': 0, 'nMatched': 0, 'writeErrors': [], 'upserted': [], 'writeConcernErrors': [], 'nRemoved': 0, 'nInserted': 1}
2017-09-08 12:19:08,903: rp.session.js-17-212.jetstream-cloud.org.vivek91.017417.0019: task-manager                    : MainThread     : DEBUG   : bulk unit insert result: {'nModified': 0, 'nUpserted': 0, 'nMatched': 0, 'writeErrors': [], 'upserted': [], 'writeConcernErrors': [], 'nRemoved': 0, 'nInserted': 1}
2017-09-08 12:19:08,986: rp.session.js-17-212.jetstream-cloud.org.vivek91.017417.0019: task-manager                    : MainThread     : DEBUG   : bulk unit insert result: {'nModified': 0, 'nUpserted': 0, 'nMatched': 0, 'writeErrors': [], 'upserted': [], 'writeConcernErrors': [], 'nRemoved': 0, 'nInserted': 1}
2017-09-08 12:19:09,311: rp.session.js-17-212.jetstream-cloud.org.vivek91.017417.0019: task-manager                    : MainThread     : DEBUG   : bulk unit insert result: {'nModified': 0, 'nUpserted': 0, 'nMatched': 0, 'writeErrors': [], 'upserted': [], 'writeConcernErrors': [], 'nRemoved': 0, 'nInserted': 1}
2017-09-08 12:19:09,407: rp.session.js-17-212.jetstream-cloud.org.vivek91.017417.0019: task-manager                    : MainThread     : DEBUG   : bulk unit insert result: {'nModified': 0, 'nUpserted': 0, 'nMatched': 0, 'writeErrors': [], 'upserted': [], 'writeConcernErrors': [], 'nRemoved': 0, 'nInserted': 1}
2017-09-08 12:19:09,485: rp.session.js-17-212.jetstream-cloud.org.vivek91.017417.0019: task-manager                    : MainThread     : DEBUG   : bulk unit insert result: {'nModified': 0, 'nUpserted': 0, 'nMatched': 0, 'writeErrors': [], 'upserted': [], 'writeConcernErrors': [], 'nRemoved': 0, 'nInserted': 1}
2017-09-08 12:19:09,562: rp.session.js-17-212.jetstream-cloud.org.vivek91.017417.0019: task-manager                    : MainThread     : DEBUG   : bulk unit insert result: {'nModified': 0, 'nUpserted': 0, 'nMatched': 0, 'writeErrors': [], 'upserted': [], 'writeConcernErrors': [], 'nRemoved': 0, 'nInserted': 1}
2017-09-08 12:19:09,643: rp.session.js-17-212.jetstream-cloud.org.vivek91.017417.0019: task-manager                    : MainThread     : DEBUG   : bulk unit insert result: {'nModified': 0, 'nUpserted': 0, 'nMatched': 0, 'writeErrors': [], 'upserted': [], 'writeConcernErrors': [], 'nRemoved': 0, 'nInserted': 1}
2017-09-08 12:19:09,711: rp.session.js-17-212.jetstream-cloud.org.vivek91.017417.0019: task-manager                    : MainThread     : DEBUG   : bulk unit insert result: {'nModified': 0, 'nUpserted': 0, 'nMatched': 0, 'writeErrors': [], 'upserted': [], 'writeConcernErrors': [], 'nRemoved': 0, 'nInserted': 1}
2017-09-08 12:19:09,811: rp.session.js-17-212.jetstream-cloud.org.vivek91.017417.0019: task-manager                    : MainThread     : DEBUG   : bulk unit insert result: {'nModified': 0, 'nUpserted': 0, 'nMatched': 0, 'writeErrors': [], 'upserted': [], 'writeConcernErrors': [], 'nRemoved': 0, 'nInserted': 1}
2017-09-08 12:19:09,922: rp.session.js-17-212.jetstream-cloud.org.vivek91.017417.0019: task-manager                    : MainThread     : DEBUG   : bulk unit insert result: {'nModified': 0, 'nUpserted': 0, 'nMatched': 0, 'writeErrors': [], 'upserted': [], 'writeConcernErrors': [], 'nRemoved': 0, 'nInserted': 1}
2017-09-08 12:19:09,988: rp.session.js-17-212.jetstream-cloud.org.vivek91.017417.0019: task-manager                    : MainThread     : DEBUG   : bulk unit insert result: {'nModified': 0, 'nUpserted': 0, 'nMatched': 0, 'writeErrors': [], 'upserted': [], 'writeConcernErrors': [], 'nRemoved': 0, 'nInserted': 1}
2017-09-08 12:21:01,184: rp.session.js-17-212.jetstream-cloud.org.vivek91.017417.0019: MainProcess                     : MainThread     : DEBUG   : session rp.session.js-17-212.jetstream-cloud.org.vivek91.017417.0019 closing
2017-09-08 12:21:01,184: rp.session.js-17-212.jetstream-cloud.org.vivek91.017417.0019: MainProcess                     : MainThread     : DEBUG   : session rp.session.js-17-212.jetstream-cloud.org.vivek91.017417.0019 closes pmgr   pmgr.0000
2017-09-08 12:21:01,706: rp.session.js-17-212.jetstream-cloud.org.vivek91.017417.0019: MainProcess                     : MainThread     : DEBUG   : session rp.session.js-17-212.jetstream-cloud.org.vivek91.017417.0019 closed pmgr   pmgr.0000
2017-09-08 12:21:01,706: rp.session.js-17-212.jetstream-cloud.org.vivek91.017417.0019: MainProcess                     : MainThread     : DEBUG   : session rp.session.js-17-212.jetstream-cloud.org.vivek91.017417.0019 closes comp   update.0
2017-09-08 12:21:01,845: rp.session.js-17-212.jetstream-cloud.org.vivek91.017417.0019: MainProcess                     : MainThread     : DEBUG   : session rp.session.js-17-212.jetstream-cloud.org.vivek91.017417.0019 closed comp   update.0
2017-09-08 12:21:01,846: rp.session.js-17-212.jetstream-cloud.org.vivek91.017417.0019: MainProcess                     : MainThread     : DEBUG   : session rp.session.js-17-212.jetstream-cloud.org.vivek91.017417.0019 closes bridge control.pubsub.bridge.0000
2017-09-08 12:21:01,982: rp.session.js-17-212.jetstream-cloud.org.vivek91.017417.0019: MainProcess                     : MainThread     : DEBUG   : session rp.session.js-17-212.jetstream-cloud.org.vivek91.017417.0019 closed bridge control.pubsub.bridge.0000
2017-09-08 12:21:01,982: rp.session.js-17-212.jetstream-cloud.org.vivek91.017417.0019: MainProcess                     : MainThread     : DEBUG   : session rp.session.js-17-212.jetstream-cloud.org.vivek91.017417.0019 closes bridge state.pubsub.bridge.0000
2017-09-08 12:21:02,118: rp.session.js-17-212.jetstream-cloud.org.vivek91.017417.0019: MainProcess                     : MainThread     : DEBUG   : session rp.session.js-17-212.jetstream-cloud.org.vivek91.017417.0019 closed bridge state.pubsub.bridge.0000
2017-09-08 12:21:02,118: rp.session.js-17-212.jetstream-cloud.org.vivek91.017417.0019: MainProcess                     : MainThread     : DEBUG   : session rp.session.js-17-212.jetstream-cloud.org.vivek91.017417.0019 closes bridge log.pubsub.bridge.0000
2017-09-08 12:21:02,230: rp.session.js-17-212.jetstream-cloud.org.vivek91.017417.0019: MainProcess                     : MainThread     : DEBUG   : session rp.session.js-17-212.jetstream-cloud.org.vivek91.017417.0019 closed bridge log.pubsub.bridge.0000
2017-09-08 12:21:02,230: rp.session.js-17-212.jetstream-cloud.org.vivek91.017417.0019: MainProcess                     : MainThread     : DEBUG   : session rp.session.js-17-212.jetstream-cloud.org.vivek91.017417.0019 closes db (False)
2017-09-08 12:21:02,230: rp.session.js-17-212.jetstream-cloud.org.vivek91.017417.0019: MainProcess                     : MainThread     : DEBUG   : session rp.session.js-17-212.jetstream-cloud.org.vivek91.017417.0019 closed (delete=False)
