2017-08-21 19:11:25,248: rp.session.js-17-212.jetstream-cloud.org.vivek91.017400.0000: MainProcess                     : MainThread     : INFO    : python.interpreter   version: 2.7.12 (default, Nov 19 2016, 06:48:10) [GCC 5.4.0 20160609]
2017-08-21 19:11:25,248: rp.session.js-17-212.jetstream-cloud.org.vivek91.017400.0000: MainProcess                     : MainThread     : INFO    :                      pid: 14668
2017-08-21 19:11:25,248: rp.session.js-17-212.jetstream-cloud.org.vivek91.017400.0000: MainProcess                     : MainThread     : INFO    :                      tid: MainThread
2017-08-21 19:11:25,248: rp.session.js-17-212.jetstream-cloud.org.vivek91.017400.0000: MainProcess                     : MainThread     : INFO    : radical.pilot        version: 0.46-v0.46.RC2@devel
2017-08-21 19:11:25,249: rp.session.js-17-212.jetstream-cloud.org.vivek91.017400.0000: MainProcess                     : MainThread     : INFO    : using database mongodb://user:user@ds153652.mlab.com:53652/test_08_08
2017-08-21 19:11:26,272: rp.session.js-17-212.jetstream-cloud.org.vivek91.017400.0000: MainProcess                     : MainThread     : INFO    : Load resource configurations from /home/vivek91/ves/entk-exp/local/lib/python2.7/site-packages/radical/pilot/configs/resource_ncsa.json
2017-08-21 19:11:26,284: rp.session.js-17-212.jetstream-cloud.org.vivek91.017400.0000: MainProcess                     : MainThread     : INFO    : Load resource configurations for ncsa.bw_orte
2017-08-21 19:11:26,285: rp.session.js-17-212.jetstream-cloud.org.vivek91.017400.0000: MainProcess                     : MainThread     : INFO    : Load resource configurations for ncsa.bw_ccm_ssh
2017-08-21 19:11:26,285: rp.session.js-17-212.jetstream-cloud.org.vivek91.017400.0000: MainProcess                     : MainThread     : INFO    : Load resource configurations for ncsa.bw_ortelib
2017-08-21 19:11:26,286: rp.session.js-17-212.jetstream-cloud.org.vivek91.017400.0000: MainProcess                     : MainThread     : INFO    : Load resource configurations for ncsa.bw_aprun
2017-08-21 19:11:26,286: rp.session.js-17-212.jetstream-cloud.org.vivek91.017400.0000: MainProcess                     : MainThread     : INFO    : Load resource configurations for ncsa.bw_local_orte
2017-08-21 19:11:26,287: rp.session.js-17-212.jetstream-cloud.org.vivek91.017400.0000: MainProcess                     : MainThread     : INFO    : Load resource configurations from /home/vivek91/ves/entk-exp/local/lib/python2.7/site-packages/radical/pilot/configs/resource_iu.json
2017-08-21 19:11:26,293: rp.session.js-17-212.jetstream-cloud.org.vivek91.017400.0000: MainProcess                     : MainThread     : INFO    : Load resource configurations for iu.bigred2_ccm_ssh
2017-08-21 19:11:26,294: rp.session.js-17-212.jetstream-cloud.org.vivek91.017400.0000: MainProcess                     : MainThread     : INFO    : Load resource configurations for iu.bigred2_aprun
2017-08-21 19:11:26,294: rp.session.js-17-212.jetstream-cloud.org.vivek91.017400.0000: MainProcess                     : MainThread     : INFO    : Load resource configurations from /home/vivek91/ves/entk-exp/local/lib/python2.7/site-packages/radical/pilot/configs/resource_osg.json
2017-08-21 19:11:26,299: rp.session.js-17-212.jetstream-cloud.org.vivek91.017400.0000: MainProcess                     : MainThread     : INFO    : Load resource configurations for osg.xsede-virt-clust
2017-08-21 19:11:26,299: rp.session.js-17-212.jetstream-cloud.org.vivek91.017400.0000: MainProcess                     : MainThread     : INFO    : Load resource configurations for osg.connect
2017-08-21 19:11:26,300: rp.session.js-17-212.jetstream-cloud.org.vivek91.017400.0000: MainProcess                     : MainThread     : INFO    : Load resource configurations from /home/vivek91/ves/entk-exp/local/lib/python2.7/site-packages/radical/pilot/configs/resource_yale.json
2017-08-21 19:11:26,302: rp.session.js-17-212.jetstream-cloud.org.vivek91.017400.0000: MainProcess                     : MainThread     : INFO    : Load resource configurations for yale.grace_ssh
2017-08-21 19:11:26,303: rp.session.js-17-212.jetstream-cloud.org.vivek91.017400.0000: MainProcess                     : MainThread     : INFO    : Load resource configurations from /home/vivek91/ves/entk-exp/local/lib/python2.7/site-packages/radical/pilot/configs/resource_lumc.json
2017-08-21 19:11:26,306: rp.session.js-17-212.jetstream-cloud.org.vivek91.017400.0000: MainProcess                     : MainThread     : INFO    : Load resource configurations for lumc.gb-ui_ssh
2017-08-21 19:11:26,307: rp.session.js-17-212.jetstream-cloud.org.vivek91.017400.0000: MainProcess                     : MainThread     : INFO    : Load resource configurations for lumc.shark_ssh
2017-08-21 19:11:26,308: rp.session.js-17-212.jetstream-cloud.org.vivek91.017400.0000: MainProcess                     : MainThread     : INFO    : Load resource configurations from /home/vivek91/ves/entk-exp/local/lib/python2.7/site-packages/radical/pilot/configs/resource_ornl.json
2017-08-21 19:11:26,314: rp.session.js-17-212.jetstream-cloud.org.vivek91.017400.0000: MainProcess                     : MainThread     : INFO    : Load resource configurations for ornl.titan_orte
2017-08-21 19:11:26,314: rp.session.js-17-212.jetstream-cloud.org.vivek91.017400.0000: MainProcess                     : MainThread     : INFO    : Load resource configurations for ornl.titan_aprun
2017-08-21 19:11:26,315: rp.session.js-17-212.jetstream-cloud.org.vivek91.017400.0000: MainProcess                     : MainThread     : INFO    : Load resource configurations for ornl.titan_ortelib
2017-08-21 19:11:26,316: rp.session.js-17-212.jetstream-cloud.org.vivek91.017400.0000: MainProcess                     : MainThread     : INFO    : Load resource configurations from /home/vivek91/ves/entk-exp/local/lib/python2.7/site-packages/radical/pilot/configs/resource_stfc.json
2017-08-21 19:11:26,318: rp.session.js-17-212.jetstream-cloud.org.vivek91.017400.0000: MainProcess                     : MainThread     : INFO    : Load resource configurations for stfc.joule_runjob
2017-08-21 19:11:26,318: rp.session.js-17-212.jetstream-cloud.org.vivek91.017400.0000: MainProcess                     : MainThread     : INFO    : Load resource configurations from /home/vivek91/ves/entk-exp/local/lib/python2.7/site-packages/radical/pilot/configs/resource_radical.json
2017-08-21 19:11:26,323: rp.session.js-17-212.jetstream-cloud.org.vivek91.017400.0000: MainProcess                     : MainThread     : INFO    : Load resource configurations for radical.two
2017-08-21 19:11:26,324: rp.session.js-17-212.jetstream-cloud.org.vivek91.017400.0000: MainProcess                     : MainThread     : INFO    : Load resource configurations for radical.tutorial
2017-08-21 19:11:26,324: rp.session.js-17-212.jetstream-cloud.org.vivek91.017400.0000: MainProcess                     : MainThread     : INFO    : Load resource configurations for radical.one
2017-08-21 19:11:26,324: rp.session.js-17-212.jetstream-cloud.org.vivek91.017400.0000: MainProcess                     : MainThread     : INFO    : Load resource configurations from /home/vivek91/ves/entk-exp/local/lib/python2.7/site-packages/radical/pilot/configs/resource_das4.json
2017-08-21 19:11:26,326: rp.session.js-17-212.jetstream-cloud.org.vivek91.017400.0000: MainProcess                     : MainThread     : INFO    : Load resource configurations for das4.fs2_ssh
2017-08-21 19:11:26,327: rp.session.js-17-212.jetstream-cloud.org.vivek91.017400.0000: MainProcess                     : MainThread     : INFO    : Load resource configurations from /home/vivek91/ves/entk-exp/local/lib/python2.7/site-packages/radical/pilot/configs/resource_nersc.json
2017-08-21 19:11:26,337: rp.session.js-17-212.jetstream-cloud.org.vivek91.017400.0000: MainProcess                     : MainThread     : INFO    : Load resource configurations for nersc.edison_ccm_ssh
2017-08-21 19:11:26,337: rp.session.js-17-212.jetstream-cloud.org.vivek91.017400.0000: MainProcess                     : MainThread     : INFO    : Load resource configurations for nersc.hopper_orte
2017-08-21 19:11:26,338: rp.session.js-17-212.jetstream-cloud.org.vivek91.017400.0000: MainProcess                     : MainThread     : INFO    : Load resource configurations for nersc.hopper_ccm_ssh
2017-08-21 19:11:26,338: rp.session.js-17-212.jetstream-cloud.org.vivek91.017400.0000: MainProcess                     : MainThread     : INFO    : Load resource configurations for nersc.edison_aprun
2017-08-21 19:11:26,339: rp.session.js-17-212.jetstream-cloud.org.vivek91.017400.0000: MainProcess                     : MainThread     : INFO    : Load resource configurations for nersc.hopper_aprun
2017-08-21 19:11:26,339: rp.session.js-17-212.jetstream-cloud.org.vivek91.017400.0000: MainProcess                     : MainThread     : INFO    : Load resource configurations for nersc.edison_orte
2017-08-21 19:11:26,340: rp.session.js-17-212.jetstream-cloud.org.vivek91.017400.0000: MainProcess                     : MainThread     : INFO    : Load resource configurations from /home/vivek91/ves/entk-exp/local/lib/python2.7/site-packages/radical/pilot/configs/resource_xsede.json
2017-08-21 19:11:26,371: rp.session.js-17-212.jetstream-cloud.org.vivek91.017400.0000: MainProcess                     : MainThread     : INFO    : Load resource configurations for xsede.stampede2_ssh
2017-08-21 19:11:26,372: rp.session.js-17-212.jetstream-cloud.org.vivek91.017400.0000: MainProcess                     : MainThread     : INFO    : Load resource configurations for xsede.wrangler_spark
2017-08-21 19:11:26,372: rp.session.js-17-212.jetstream-cloud.org.vivek91.017400.0000: MainProcess                     : MainThread     : INFO    : Load resource configurations for xsede.stampede_yarn
2017-08-21 19:11:26,373: rp.session.js-17-212.jetstream-cloud.org.vivek91.017400.0000: MainProcess                     : MainThread     : INFO    : Load resource configurations for xsede.gordon_ssh
2017-08-21 19:11:26,373: rp.session.js-17-212.jetstream-cloud.org.vivek91.017400.0000: MainProcess                     : MainThread     : INFO    : Load resource configurations for xsede.stampede_ssh
2017-08-21 19:11:26,373: rp.session.js-17-212.jetstream-cloud.org.vivek91.017400.0000: MainProcess                     : MainThread     : INFO    : Load resource configurations for xsede.lonestar_ssh
2017-08-21 19:11:26,374: rp.session.js-17-212.jetstream-cloud.org.vivek91.017400.0000: MainProcess                     : MainThread     : INFO    : Load resource configurations for xsede.supermic_spark
2017-08-21 19:11:26,374: rp.session.js-17-212.jetstream-cloud.org.vivek91.017400.0000: MainProcess                     : MainThread     : INFO    : Load resource configurations for xsede.wrangler_ssh
2017-08-21 19:11:26,374: rp.session.js-17-212.jetstream-cloud.org.vivek91.017400.0000: MainProcess                     : MainThread     : INFO    : Load resource configurations for xsede.wrangler_yarn
2017-08-21 19:11:26,375: rp.session.js-17-212.jetstream-cloud.org.vivek91.017400.0000: MainProcess                     : MainThread     : INFO    : Load resource configurations for xsede.bridges
2017-08-21 19:11:26,375: rp.session.js-17-212.jetstream-cloud.org.vivek91.017400.0000: MainProcess                     : MainThread     : INFO    : Load resource configurations for xsede.supermic_ssh
2017-08-21 19:11:26,375: rp.session.js-17-212.jetstream-cloud.org.vivek91.017400.0000: MainProcess                     : MainThread     : INFO    : Load resource configurations for xsede.stampede_orte
2017-08-21 19:11:26,376: rp.session.js-17-212.jetstream-cloud.org.vivek91.017400.0000: MainProcess                     : MainThread     : INFO    : Load resource configurations for xsede.greenfield
2017-08-21 19:11:26,376: rp.session.js-17-212.jetstream-cloud.org.vivek91.017400.0000: MainProcess                     : MainThread     : INFO    : Load resource configurations for xsede.comet_spark
2017-08-21 19:11:26,376: rp.session.js-17-212.jetstream-cloud.org.vivek91.017400.0000: MainProcess                     : MainThread     : INFO    : Load resource configurations for xsede.trestles_ssh
2017-08-21 19:11:26,377: rp.session.js-17-212.jetstream-cloud.org.vivek91.017400.0000: MainProcess                     : MainThread     : INFO    : Load resource configurations for xsede.comet_ssh
2017-08-21 19:11:26,377: rp.session.js-17-212.jetstream-cloud.org.vivek91.017400.0000: MainProcess                     : MainThread     : INFO    : Load resource configurations for xsede.stampede_spark
2017-08-21 19:11:26,378: rp.session.js-17-212.jetstream-cloud.org.vivek91.017400.0000: MainProcess                     : MainThread     : INFO    : Load resource configurations for xsede.comet_orte
2017-08-21 19:11:26,378: rp.session.js-17-212.jetstream-cloud.org.vivek91.017400.0000: MainProcess                     : MainThread     : INFO    : Load resource configurations for xsede.comet_ortelib
2017-08-21 19:11:26,378: rp.session.js-17-212.jetstream-cloud.org.vivek91.017400.0000: MainProcess                     : MainThread     : INFO    : Load resource configurations for xsede.blacklight_ssh
2017-08-21 19:11:26,379: rp.session.js-17-212.jetstream-cloud.org.vivek91.017400.0000: MainProcess                     : MainThread     : INFO    : Load resource configurations for xsede.stampede_ortelib
2017-08-21 19:11:26,379: rp.session.js-17-212.jetstream-cloud.org.vivek91.017400.0000: MainProcess                     : MainThread     : INFO    : Load resource configurations from /home/vivek91/ves/entk-exp/local/lib/python2.7/site-packages/radical/pilot/configs/resource_chameleon.json
2017-08-21 19:11:26,380: rp.session.js-17-212.jetstream-cloud.org.vivek91.017400.0000: MainProcess                     : MainThread     : INFO    : Load resource configurations for chameleon.cloud_vm_yarn
2017-08-21 19:11:26,381: rp.session.js-17-212.jetstream-cloud.org.vivek91.017400.0000: MainProcess                     : MainThread     : INFO    : Load resource configurations from /home/vivek91/ves/entk-exp/local/lib/python2.7/site-packages/radical/pilot/configs/resource_epsrc.json
2017-08-21 19:11:26,383: rp.session.js-17-212.jetstream-cloud.org.vivek91.017400.0000: MainProcess                     : MainThread     : INFO    : Load resource configurations for epsrc.archer_orte
2017-08-21 19:11:26,384: rp.session.js-17-212.jetstream-cloud.org.vivek91.017400.0000: MainProcess                     : MainThread     : INFO    : Load resource configurations for epsrc.archer_aprun
2017-08-21 19:11:26,384: rp.session.js-17-212.jetstream-cloud.org.vivek91.017400.0000: MainProcess                     : MainThread     : INFO    : Load resource configurations from /home/vivek91/ves/entk-exp/local/lib/python2.7/site-packages/radical/pilot/configs/resource_futuregrid.json
2017-08-21 19:11:26,391: rp.session.js-17-212.jetstream-cloud.org.vivek91.017400.0000: MainProcess                     : MainThread     : INFO    : Load resource configurations for futuregrid.delta_ssh
2017-08-21 19:11:26,391: rp.session.js-17-212.jetstream-cloud.org.vivek91.017400.0000: MainProcess                     : MainThread     : INFO    : Load resource configurations for futuregrid.india_ssh
2017-08-21 19:11:26,392: rp.session.js-17-212.jetstream-cloud.org.vivek91.017400.0000: MainProcess                     : MainThread     : INFO    : Load resource configurations for futuregrid.echo_ssh
2017-08-21 19:11:26,392: rp.session.js-17-212.jetstream-cloud.org.vivek91.017400.0000: MainProcess                     : MainThread     : INFO    : Load resource configurations for futuregrid.xray_ccm
2017-08-21 19:11:26,392: rp.session.js-17-212.jetstream-cloud.org.vivek91.017400.0000: MainProcess                     : MainThread     : INFO    : Load resource configurations for futuregrid.bravo_ssh
2017-08-21 19:11:26,392: rp.session.js-17-212.jetstream-cloud.org.vivek91.017400.0000: MainProcess                     : MainThread     : INFO    : Load resource configurations for futuregrid.xray_aprun
2017-08-21 19:11:26,393: rp.session.js-17-212.jetstream-cloud.org.vivek91.017400.0000: MainProcess                     : MainThread     : INFO    : Load resource configurations from /home/vivek91/ves/entk-exp/local/lib/python2.7/site-packages/radical/pilot/configs/resource_local.json
2017-08-21 19:11:26,400: rp.session.js-17-212.jetstream-cloud.org.vivek91.017400.0000: MainProcess                     : MainThread     : INFO    : Load resource configurations for local.localhost_orte
2017-08-21 19:11:26,401: rp.session.js-17-212.jetstream-cloud.org.vivek91.017400.0000: MainProcess                     : MainThread     : INFO    : Load resource configurations for local.localhost_anaconda
2017-08-21 19:11:26,401: rp.session.js-17-212.jetstream-cloud.org.vivek91.017400.0000: MainProcess                     : MainThread     : INFO    : Load resource configurations for local.localhost_ortelib
2017-08-21 19:11:26,401: rp.session.js-17-212.jetstream-cloud.org.vivek91.017400.0000: MainProcess                     : MainThread     : INFO    : Load resource configurations for local.localhost
2017-08-21 19:11:26,401: rp.session.js-17-212.jetstream-cloud.org.vivek91.017400.0000: MainProcess                     : MainThread     : INFO    : Load resource configurations for local.localhost_spark
2017-08-21 19:11:26,401: rp.session.js-17-212.jetstream-cloud.org.vivek91.017400.0000: MainProcess                     : MainThread     : INFO    : Load resource configurations for local.localhost_spark_anaconda
2017-08-21 19:11:26,402: rp.session.js-17-212.jetstream-cloud.org.vivek91.017400.0000: MainProcess                     : MainThread     : INFO    : Load resource configurations for local.localhost_yarn
2017-08-21 19:11:26,402: rp.session.js-17-212.jetstream-cloud.org.vivek91.017400.0000: MainProcess                     : MainThread     : INFO    : Load resource configurations from /home/vivek91/ves/entk-exp/local/lib/python2.7/site-packages/radical/pilot/configs/resource_aliases.json
2017-08-21 19:11:26,402: rp.session.js-17-212.jetstream-cloud.org.vivek91.017400.0000: MainProcess                     : MainThread     : INFO    : Load resource configurations from /home/vivek91/ves/entk-exp/local/lib/python2.7/site-packages/radical/pilot/configs/resource_lrz.json
2017-08-21 19:11:26,403: rp.session.js-17-212.jetstream-cloud.org.vivek91.017400.0000: MainProcess                     : MainThread     : INFO    : Load resource configurations for lrz.supermuc_ssh
2017-08-21 19:11:26,404: rp.session.js-17-212.jetstream-cloud.org.vivek91.017400.0000: MainProcess                     : MainThread     : INFO    : Load resource configurations from /home/vivek91/ves/entk-exp/local/lib/python2.7/site-packages/radical/pilot/configs/resource_rice.json
2017-08-21 19:11:26,406: rp.session.js-17-212.jetstream-cloud.org.vivek91.017400.0000: MainProcess                     : MainThread     : INFO    : Load resource configurations for rice.davinci_ssh
2017-08-21 19:11:26,406: rp.session.js-17-212.jetstream-cloud.org.vivek91.017400.0000: MainProcess                     : MainThread     : INFO    : Load resource configurations for rice.biou_ssh
2017-08-21 19:11:26,406: rp.session.js-17-212.jetstream-cloud.org.vivek91.017400.0000: MainProcess                     : MainThread     : INFO    : Load resource configurations from /home/vivek91/ves/entk-exp/local/lib/python2.7/site-packages/radical/pilot/configs/resource_ncar.json
2017-08-21 19:11:26,407: rp.session.js-17-212.jetstream-cloud.org.vivek91.017400.0000: MainProcess                     : MainThread     : INFO    : Load resource configurations for ncar.yellowstone_ssh
2017-08-21 19:11:26,407: rp.session.js-17-212.jetstream-cloud.org.vivek91.017400.0000: MainProcess                     : MainThread     : INFO    : Load resource configurations from /home/vivek91/ves/entk-exp/local/lib/python2.7/site-packages/radical/pilot/configs/resource_das5.json
2017-08-21 19:11:26,408: rp.session.js-17-212.jetstream-cloud.org.vivek91.017400.0000: MainProcess                     : MainThread     : INFO    : Load resource configurations for das5.fs1_ssh
2017-08-21 19:11:26,409: rp.session.js-17-212.jetstream-cloud.org.vivek91.017400.0000: MainProcess                     : MainThread     : INFO    : Load resource configurations from /home/vivek91/ves/entk-exp/local/lib/python2.7/site-packages/radical/pilot/configs/resource_fub.json
2017-08-21 19:11:26,410: rp.session.js-17-212.jetstream-cloud.org.vivek91.017400.0000: MainProcess                     : MainThread     : INFO    : Load resource configurations for fub.allegro_rsh
2017-08-21 19:11:26,973: rp.session.js-17-212.jetstream-cloud.org.vivek91.017400.0000: MainProcess                     : MainThread     : INFO    : New Session created: rp.session.js-17-212.jetstream-cloud.org.vivek91.017400.0000.
2017-08-21 19:11:26,973: rp.session.js-17-212.jetstream-cloud.org.vivek91.017400.0000: MainProcess                     : MainThread     : DEBUG   : start bridges   : {u'control_pubsub': {u'bulk_size': 0, u'log_level': u'debug', u'stall_hwm': 1},
 u'log_pubsub': {u'bulk_size': 0, u'log_level': u'debug', u'stall_hwm': 1},
 u'state_pubsub': {u'bulk_size': 0, u'log_level': u'debug', u'stall_hwm': 1}}
2017-08-21 19:11:26,974: rp.session.js-17-212.jetstream-cloud.org.vivek91.017400.0000: MainProcess                     : MainThread     : INFO    : create bridge control_pubsub
2017-08-21 19:11:27,000: rp.session.js-17-212.jetstream-cloud.org.vivek91.017400.0000: MainProcess                     : MainThread     : INFO    : created bridge control_pubsub (control.pubsub.bridge.0000)
2017-08-21 19:11:27,000: rp.session.js-17-212.jetstream-cloud.org.vivek91.017400.0000: MainProcess                     : MainThread     : INFO    : create bridge state_pubsub
2017-08-21 19:11:27,021: rp.session.js-17-212.jetstream-cloud.org.vivek91.017400.0000: MainProcess                     : MainThread     : INFO    : created bridge state_pubsub (state.pubsub.bridge.0000)
2017-08-21 19:11:27,021: rp.session.js-17-212.jetstream-cloud.org.vivek91.017400.0000: MainProcess                     : MainThread     : INFO    : create bridge log_pubsub
2017-08-21 19:11:27,041: rp.session.js-17-212.jetstream-cloud.org.vivek91.017400.0000: MainProcess                     : MainThread     : INFO    : created bridge log_pubsub (log.pubsub.bridge.0000)
2017-08-21 19:11:27,042: rp.session.js-17-212.jetstream-cloud.org.vivek91.017400.0000: MainProcess                     : MainThread     : DEBUG   : start components: {u'UpdateWorker': {u'count': 1}}
2017-08-21 19:11:27,042: rp.session.js-17-212.jetstream-cloud.org.vivek91.017400.0000: MainProcess                     : MainThread     : DEBUG   : start 1 component(s) UpdateWorker
2017-08-21 19:11:29,549: rp.session.js-17-212.jetstream-cloud.org.vivek91.017400.0000: MainProcess                     : MainThread     : INFO    : rp.session.js-17-212.jetstream-cloud.org.vivek91.017400.0000 starts update.0
2017-08-21 19:11:32,866: rp.session.js-17-212.jetstream-cloud.org.vivek91.017400.0000: MainProcess                     : MainThread     : WARNING : using alias 'xsede.supermic_ssh' for deprecated resource key 'xsede.supermic'
2017-08-21 19:11:32,867: rp.session.js-17-212.jetstream-cloud.org.vivek91.017400.0000: MainProcess                     : MainThread     : DEBUG   : rsup.PTYShell('gsissh://supermic.cct-lsu.xsede.org:2222/')
2017-08-21 19:11:36,676: rp.session.js-17-212.jetstream-cloud.org.vivek91.017400.0000: MainProcess                     : MainThread     : DEBUG   : sandbox base gsissh://supermic.cct-lsu.xsede.org:2222/: '/work/vivek91'
2017-08-21 19:11:36,827: rp.session.js-17-212.jetstream-cloud.org.vivek91.017400.0000: MainProcess                     : MainThread     : DEBUG   : bulk pilot insert result: {'nModified': 0, 'nUpserted': 0, 'nMatched': 0, 'writeErrors': [], 'upserted': [], 'writeConcernErrors': [], 'nRemoved': 0, 'nInserted': 1}
2017-08-21 19:11:36,832: rp.session.js-17-212.jetstream-cloud.org.vivek91.017400.0000: pmgr.launching.0                : MainThread     : WARNING : using alias 'xsede.supermic_ssh' for deprecated resource key 'xsede.supermic'
2017-08-21 19:11:36,836: rp.session.js-17-212.jetstream-cloud.org.vivek91.017400.0000: pmgr.launching.0                : MainThread     : WARNING : using alias 'xsede.supermic_ssh' for deprecated resource key 'xsede.supermic'
2017-08-21 19:11:36,837: rp.session.js-17-212.jetstream-cloud.org.vivek91.017400.0000: pmgr.launching.0                : MainThread     : DEBUG   : rsup.PTYShell('gsissh://supermic.cct-lsu.xsede.org:2222/')
2017-08-21 19:11:38,245: rp.session.js-17-212.jetstream-cloud.org.vivek91.017400.0000: pmgr.launching.0                : MainThread     : DEBUG   : sandbox base gsissh://supermic.cct-lsu.xsede.org:2222/: '/work/vivek91'
2017-08-21 19:12:46,030: rp.session.js-17-212.jetstream-cloud.org.vivek91.017400.0000: task-manager                    : MainThread     : DEBUG   : bulk unit insert result: {'nModified': 0, 'nUpserted': 0, 'nMatched': 0, 'writeErrors': [], 'upserted': [], 'writeConcernErrors': [], 'nRemoved': 0, 'nInserted': 1}
2017-08-21 19:12:46,204: rp.session.js-17-212.jetstream-cloud.org.vivek91.017400.0000: task-manager                    : MainThread     : DEBUG   : bulk unit insert result: {'nModified': 0, 'nUpserted': 0, 'nMatched': 0, 'writeErrors': [], 'upserted': [], 'writeConcernErrors': [], 'nRemoved': 0, 'nInserted': 1}
2017-08-21 19:12:46,414: rp.session.js-17-212.jetstream-cloud.org.vivek91.017400.0000: task-manager                    : MainThread     : DEBUG   : bulk unit insert result: {'nModified': 0, 'nUpserted': 0, 'nMatched': 0, 'writeErrors': [], 'upserted': [], 'writeConcernErrors': [], 'nRemoved': 0, 'nInserted': 1}
2017-08-21 19:12:46,499: rp.session.js-17-212.jetstream-cloud.org.vivek91.017400.0000: task-manager                    : MainThread     : DEBUG   : bulk unit insert result: {'nModified': 0, 'nUpserted': 0, 'nMatched': 0, 'writeErrors': [], 'upserted': [], 'writeConcernErrors': [], 'nRemoved': 0, 'nInserted': 1}
2017-08-21 19:12:46,578: rp.session.js-17-212.jetstream-cloud.org.vivek91.017400.0000: task-manager                    : MainThread     : DEBUG   : bulk unit insert result: {'nModified': 0, 'nUpserted': 0, 'nMatched': 0, 'writeErrors': [], 'upserted': [], 'writeConcernErrors': [], 'nRemoved': 0, 'nInserted': 1}
2017-08-21 19:12:46,658: rp.session.js-17-212.jetstream-cloud.org.vivek91.017400.0000: task-manager                    : MainThread     : DEBUG   : bulk unit insert result: {'nModified': 0, 'nUpserted': 0, 'nMatched': 0, 'writeErrors': [], 'upserted': [], 'writeConcernErrors': [], 'nRemoved': 0, 'nInserted': 1}
2017-08-21 19:12:46,733: rp.session.js-17-212.jetstream-cloud.org.vivek91.017400.0000: task-manager                    : MainThread     : DEBUG   : bulk unit insert result: {'nModified': 0, 'nUpserted': 0, 'nMatched': 0, 'writeErrors': [], 'upserted': [], 'writeConcernErrors': [], 'nRemoved': 0, 'nInserted': 1}
2017-08-21 19:12:46,824: rp.session.js-17-212.jetstream-cloud.org.vivek91.017400.0000: task-manager                    : MainThread     : DEBUG   : bulk unit insert result: {'nModified': 0, 'nUpserted': 0, 'nMatched': 0, 'writeErrors': [], 'upserted': [], 'writeConcernErrors': [], 'nRemoved': 0, 'nInserted': 1}
2017-08-21 19:12:47,168: rp.session.js-17-212.jetstream-cloud.org.vivek91.017400.0000: task-manager                    : MainThread     : DEBUG   : bulk unit insert result: {'nModified': 0, 'nUpserted': 0, 'nMatched': 0, 'writeErrors': [], 'upserted': [], 'writeConcernErrors': [], 'nRemoved': 0, 'nInserted': 1}
2017-08-21 19:12:47,241: rp.session.js-17-212.jetstream-cloud.org.vivek91.017400.0000: task-manager                    : MainThread     : DEBUG   : bulk unit insert result: {'nModified': 0, 'nUpserted': 0, 'nMatched': 0, 'writeErrors': [], 'upserted': [], 'writeConcernErrors': [], 'nRemoved': 0, 'nInserted': 1}
2017-08-21 19:12:47,309: rp.session.js-17-212.jetstream-cloud.org.vivek91.017400.0000: task-manager                    : MainThread     : DEBUG   : bulk unit insert result: {'nModified': 0, 'nUpserted': 0, 'nMatched': 0, 'writeErrors': [], 'upserted': [], 'writeConcernErrors': [], 'nRemoved': 0, 'nInserted': 1}
2017-08-21 19:12:47,383: rp.session.js-17-212.jetstream-cloud.org.vivek91.017400.0000: task-manager                    : MainThread     : DEBUG   : bulk unit insert result: {'nModified': 0, 'nUpserted': 0, 'nMatched': 0, 'writeErrors': [], 'upserted': [], 'writeConcernErrors': [], 'nRemoved': 0, 'nInserted': 1}
2017-08-21 19:12:47,475: rp.session.js-17-212.jetstream-cloud.org.vivek91.017400.0000: task-manager                    : MainThread     : DEBUG   : bulk unit insert result: {'nModified': 0, 'nUpserted': 0, 'nMatched': 0, 'writeErrors': [], 'upserted': [], 'writeConcernErrors': [], 'nRemoved': 0, 'nInserted': 1}
2017-08-21 19:12:47,544: rp.session.js-17-212.jetstream-cloud.org.vivek91.017400.0000: task-manager                    : MainThread     : DEBUG   : bulk unit insert result: {'nModified': 0, 'nUpserted': 0, 'nMatched': 0, 'writeErrors': [], 'upserted': [], 'writeConcernErrors': [], 'nRemoved': 0, 'nInserted': 1}
2017-08-21 19:12:47,613: rp.session.js-17-212.jetstream-cloud.org.vivek91.017400.0000: task-manager                    : MainThread     : DEBUG   : bulk unit insert result: {'nModified': 0, 'nUpserted': 0, 'nMatched': 0, 'writeErrors': [], 'upserted': [], 'writeConcernErrors': [], 'nRemoved': 0, 'nInserted': 1}
2017-08-21 19:12:47,679: rp.session.js-17-212.jetstream-cloud.org.vivek91.017400.0000: task-manager                    : MainThread     : DEBUG   : bulk unit insert result: {'nModified': 0, 'nUpserted': 0, 'nMatched': 0, 'writeErrors': [], 'upserted': [], 'writeConcernErrors': [], 'nRemoved': 0, 'nInserted': 1}
2017-08-21 19:12:59,046: rp.session.js-17-212.jetstream-cloud.org.vivek91.017400.0000: MainProcess                     : MainThread     : DEBUG   : session rp.session.js-17-212.jetstream-cloud.org.vivek91.017400.0000 closing
2017-08-21 19:12:59,047: rp.session.js-17-212.jetstream-cloud.org.vivek91.017400.0000: MainProcess                     : MainThread     : DEBUG   : session rp.session.js-17-212.jetstream-cloud.org.vivek91.017400.0000 closes pmgr   pmgr.0000
2017-08-21 19:12:59,654: rp.session.js-17-212.jetstream-cloud.org.vivek91.017400.0000: MainProcess                     : MainThread     : DEBUG   : session rp.session.js-17-212.jetstream-cloud.org.vivek91.017400.0000 closed pmgr   pmgr.0000
2017-08-21 19:12:59,654: rp.session.js-17-212.jetstream-cloud.org.vivek91.017400.0000: MainProcess                     : MainThread     : DEBUG   : session rp.session.js-17-212.jetstream-cloud.org.vivek91.017400.0000 closes comp   update.0
2017-08-21 19:12:59,774: rp.session.js-17-212.jetstream-cloud.org.vivek91.017400.0000: MainProcess                     : MainThread     : DEBUG   : session rp.session.js-17-212.jetstream-cloud.org.vivek91.017400.0000 closed comp   update.0
2017-08-21 19:12:59,774: rp.session.js-17-212.jetstream-cloud.org.vivek91.017400.0000: MainProcess                     : MainThread     : DEBUG   : session rp.session.js-17-212.jetstream-cloud.org.vivek91.017400.0000 closes bridge control.pubsub.bridge.0000
2017-08-21 19:12:59,943: rp.session.js-17-212.jetstream-cloud.org.vivek91.017400.0000: MainProcess                     : MainThread     : DEBUG   : session rp.session.js-17-212.jetstream-cloud.org.vivek91.017400.0000 closed bridge control.pubsub.bridge.0000
2017-08-21 19:12:59,943: rp.session.js-17-212.jetstream-cloud.org.vivek91.017400.0000: MainProcess                     : MainThread     : DEBUG   : session rp.session.js-17-212.jetstream-cloud.org.vivek91.017400.0000 closes bridge state.pubsub.bridge.0000
2017-08-21 19:13:00,161: rp.session.js-17-212.jetstream-cloud.org.vivek91.017400.0000: MainProcess                     : MainThread     : DEBUG   : session rp.session.js-17-212.jetstream-cloud.org.vivek91.017400.0000 closed bridge state.pubsub.bridge.0000
2017-08-21 19:13:00,162: rp.session.js-17-212.jetstream-cloud.org.vivek91.017400.0000: MainProcess                     : MainThread     : DEBUG   : session rp.session.js-17-212.jetstream-cloud.org.vivek91.017400.0000 closes bridge log.pubsub.bridge.0000
2017-08-21 19:13:00,269: rp.session.js-17-212.jetstream-cloud.org.vivek91.017400.0000: MainProcess                     : MainThread     : DEBUG   : session rp.session.js-17-212.jetstream-cloud.org.vivek91.017400.0000 closed bridge log.pubsub.bridge.0000
2017-08-21 19:13:00,270: rp.session.js-17-212.jetstream-cloud.org.vivek91.017400.0000: MainProcess                     : MainThread     : DEBUG   : session rp.session.js-17-212.jetstream-cloud.org.vivek91.017400.0000 closes db (False)
2017-08-21 19:13:00,270: rp.session.js-17-212.jetstream-cloud.org.vivek91.017400.0000: MainProcess                     : MainThread     : DEBUG   : session rp.session.js-17-212.jetstream-cloud.org.vivek91.017400.0000 closed (delete=False)
