2017-10-12 17:28:14,021: control.pubsub.pub.0004: umgr.staging.output.0           : MainThread     : INFO    : python.interpreter   version: 2.7.12 (default, Nov 19 2016, 06:48:10) [GCC 5.4.0 20160609]
2017-10-12 17:28:14,021: control.pubsub.pub.0004: umgr.staging.output.0           : MainThread     : INFO    :                      pid: 25601
2017-10-12 17:28:14,021: control.pubsub.pub.0004: umgr.staging.output.0           : MainThread     : INFO    :                      tid: MainThread
2017-10-12 17:28:14,021: control.pubsub.pub.0004: umgr.staging.output.0           : MainThread     : INFO    : radical.pilot        version: 0.46-v0.46.RC2@devel
2017-10-12 17:28:14,021: control.pubsub.pub.0004: umgr.staging.output.0           : MainThread     : INFO    : create control_pubsub - pub - tcp://172.30.238.6:35290
2017-10-12 17:28:14,022: control.pubsub.pub.0004: umgr.staging.output.0           : MainThread     : DEBUG   : start process
2017-10-12 17:28:14,022: control.pubsub.pub.0004: umgr.staging.output.0           : MainThread     : DEBUG   : ru_initialize_common (NOOP)
2017-10-12 17:28:14,022: control.pubsub.pub.0004: umgr.staging.output.0           : MainThread     : DEBUG   : ru_initialize_parent (NOOP)
2017-10-12 17:28:14,022: control.pubsub.pub.0004: umgr.staging.output.0           : MainThread     : DEBUG   : process class started (no child)
2017-10-12 17:28:14,061: control.pubsub.pub.0004: task-manager                    : MainThread     : INFO    : python.interpreter   version: 2.7.12 (default, Nov 19 2016, 06:48:10) [GCC 5.4.0 20160609]
2017-10-12 17:28:14,061: control.pubsub.pub.0004: task-manager                    : MainThread     : INFO    :                      pid: 25535
2017-10-12 17:28:14,061: control.pubsub.pub.0004: task-manager                    : MainThread     : INFO    :                      tid: MainThread
2017-10-12 17:28:14,061: control.pubsub.pub.0004: task-manager                    : MainThread     : INFO    : radical.pilot        version: 0.46-v0.46.RC2@devel
2017-10-12 17:28:14,061: control.pubsub.pub.0004: task-manager                    : MainThread     : INFO    : create control_pubsub - pub - tcp://172.30.238.6:35290
2017-10-12 17:28:14,061: control.pubsub.pub.0004: task-manager                    : MainThread     : DEBUG   : start process
2017-10-12 17:28:14,062: control.pubsub.pub.0004: task-manager                    : MainThread     : DEBUG   : ru_initialize_common (NOOP)
2017-10-12 17:28:14,062: control.pubsub.pub.0004: task-manager                    : MainThread     : DEBUG   : ru_initialize_parent (NOOP)
2017-10-12 17:28:14,062: control.pubsub.pub.0004: task-manager                    : MainThread     : DEBUG   : process class started (no child)
2017-10-12 17:30:08,016: control.pubsub.pub.0004: umgr.staging.output.0           : MainThread     : INFO    : parent stops child
2017-10-12 17:30:08,016: control.pubsub.pub.0004: umgr.staging.output.0           : MainThread     : DEBUG   : ru_finalize_parent (NOOP)
