2017-08-22 12:11:15,418: log.pubsub.pub.0001 : pmgr.launching.0                : MainThread     : INFO    : python.interpreter   version: 2.7.12 (default, Nov 19 2016, 06:48:10) [GCC 5.4.0 20160609]
2017-08-22 12:11:15,419: log.pubsub.pub.0001 : pmgr.launching.0                : MainThread     : INFO    :                      pid: 30558
2017-08-22 12:11:15,419: log.pubsub.pub.0001 : pmgr.launching.0                : MainThread     : INFO    :                      tid: MainThread
2017-08-22 12:11:15,419: log.pubsub.pub.0001 : pmgr.launching.0                : MainThread     : INFO    : radical.pilot        version: 0.46-v0.46.RC2@devel
2017-08-22 12:11:15,419: log.pubsub.pub.0001 : pmgr.launching.0                : MainThread     : INFO    : create log_pubsub - pub - tcp://172.30.238.6:46359
2017-08-22 12:11:15,420: log.pubsub.pub.0001 : pmgr.launching.0                : MainThread     : DEBUG   : start process
2017-08-22 12:11:15,420: log.pubsub.pub.0001 : pmgr.launching.0                : MainThread     : DEBUG   : ru_initialize_common (NOOP)
2017-08-22 12:11:15,420: log.pubsub.pub.0001 : pmgr.launching.0                : MainThread     : DEBUG   : ru_initialize_parent (NOOP)
2017-08-22 12:11:15,421: log.pubsub.pub.0001 : pmgr.launching.0                : MainThread     : DEBUG   : process class started (no child)
2017-08-22 12:11:15,469: log.pubsub.pub.0001 : MainProcess                     : MainThread     : INFO    : python.interpreter   version: 2.7.12 (default, Nov 19 2016, 06:48:10) [GCC 5.4.0 20160609]
2017-08-22 12:11:15,469: log.pubsub.pub.0001 : MainProcess                     : MainThread     : INFO    :                      pid: 30447
2017-08-22 12:11:15,469: log.pubsub.pub.0001 : MainProcess                     : MainThread     : INFO    :                      tid: MainThread
2017-08-22 12:11:15,470: log.pubsub.pub.0001 : MainProcess                     : MainThread     : INFO    : radical.pilot        version: 0.46-v0.46.RC2@devel
2017-08-22 12:11:15,470: log.pubsub.pub.0001 : MainProcess                     : MainThread     : INFO    : create log_pubsub - pub - tcp://172.30.238.6:46359
2017-08-22 12:11:15,471: log.pubsub.pub.0001 : MainProcess                     : MainThread     : DEBUG   : start process
2017-08-22 12:11:15,471: log.pubsub.pub.0001 : MainProcess                     : MainThread     : DEBUG   : ru_initialize_common (NOOP)
2017-08-22 12:11:15,471: log.pubsub.pub.0001 : MainProcess                     : MainThread     : DEBUG   : ru_initialize_parent (NOOP)
2017-08-22 12:11:15,471: log.pubsub.pub.0001 : MainProcess                     : MainThread     : DEBUG   : process class started (no child)
2017-08-22 12:17:20,620: log.pubsub.pub.0001 : MainProcess                     : MainThread     : INFO    : parent stops child
2017-08-22 12:17:20,620: log.pubsub.pub.0001 : MainProcess                     : MainThread     : DEBUG   : ru_finalize_parent (NOOP)
