2017-09-07 20:41:49,889: update.0.child      : update.0                        : MainThread     : INFO    : python.interpreter   version: 2.7.12 (default, Nov 19 2016, 06:48:10) [GCC 5.4.0 20160609]
2017-09-07 20:41:49,890: update.0.child      : update.0                        : MainThread     : INFO    :                      pid: 27460
2017-09-07 20:41:49,890: update.0.child      : update.0                        : MainThread     : INFO    :                      tid: MainThread
2017-09-07 20:41:49,891: update.0.child      : update.0                        : MainThread     : INFO    : radical.pilot        version: 0.46-v0.46.RC2@devel
2017-09-07 20:41:50,912: update.0.child      : update.0                        : MainThread     : INFO    : initialize update.0.child
2017-09-07 20:41:50,915: update.0.child      : update.0                        : MainThread     : INFO    : cfg: {'agents': {},
 u'bridges': {u'control_pubsub': {'addr_in': 'tcp://172.30.238.6:43871',
                                  'addr_out': 'tcp://172.30.238.6:43570',
                                  u'bulk_size': 0,
                                  u'log_level': u'debug',
                                  u'stall_hwm': 1},
              u'log_pubsub': {'addr_in': 'tcp://172.30.238.6:36536',
                              'addr_out': 'tcp://172.30.238.6:36502',
                              u'bulk_size': 0,
                              u'log_level': u'debug',
                              u'stall_hwm': 1},
              u'state_pubsub': {'addr_in': 'tcp://172.30.238.6:44182',
                                'addr_out': 'tcp://172.30.238.6:40745',
                                u'bulk_size': 0,
                                u'log_level': u'debug',
                                u'stall_hwm': 1}},
 'cname': u'UpdateWorker',
 u'components': {},
 u'count': 1,
 'dburl': 'mongodb://user:user@ds153652.mlab.com:53652/test_08_08',
 'debug': 'DEBUG',
 u'default_dburl': u'mongodb://rp:rp@ds015335.mlab.com:15335/rp',
 'logdir': '/home/vivek91/repos/entk-experiments/exp-5-2-2-1/sleep-250/rp.session.js-17-212.jetstream-cloud.org.vivek91.017417.0002',
 'number': 0,
 'owner': 'rp.session.js-17-212.jetstream-cloud.org.vivek91.017417.0002',
 'session_id': 'rp.session.js-17-212.jetstream-cloud.org.vivek91.017417.0002'}
2017-09-07 20:41:50,916: update.0.child      : update.0                        : MainThread     : DEBUG   : start components: {}
2017-09-07 20:41:50,916: update.0.child      : update.0                        : MainThread     : DEBUG   : alive check in term
2017-09-07 20:41:50,916: update.0.child      : update.0                        : MainThread     : DEBUG   : START: update.0.child register publisher log_pubsub
2017-09-07 20:41:50,916: update.0.child      : update.0                        : MainThread     : DEBUG   : using addr tcp://172.30.238.6:36536 for pubsub log_pubsub
2017-09-07 20:41:50,921: update.0.child      : update.0                        : MainThread     : DEBUG   : registered publisher : log_pubsub : log.pubsub.pub.0000
2017-09-07 20:41:50,921: update.0.child      : update.0                        : MainThread     : DEBUG   : alive check in term
2017-09-07 20:41:50,921: update.0.child      : update.0                        : MainThread     : DEBUG   : START: update.0.child register publisher state_pubsub
2017-09-07 20:41:50,921: update.0.child      : update.0                        : MainThread     : DEBUG   : using addr tcp://172.30.238.6:44182 for pubsub state_pubsub
2017-09-07 20:41:50,924: update.0.child      : update.0                        : MainThread     : DEBUG   : registered publisher : state_pubsub : state.pubsub.pub.0000
2017-09-07 20:41:50,924: update.0.child      : update.0                        : MainThread     : DEBUG   : alive check in term
2017-09-07 20:41:50,924: update.0.child      : update.0                        : MainThread     : DEBUG   : START: update.0.child register publisher control_pubsub
2017-09-07 20:41:50,924: update.0.child      : update.0                        : MainThread     : DEBUG   : using addr tcp://172.30.238.6:43871 for pubsub control_pubsub
2017-09-07 20:41:50,944: update.0.child      : update.0                        : MainThread     : DEBUG   : registered publisher : control_pubsub : control.pubsub.pub.0000
2017-09-07 20:41:50,944: update.0.child      : update.0                        : MainThread     : DEBUG   : alive check in term
2017-09-07 20:41:50,944: update.0.child      : update.0                        : MainThread     : DEBUG   : START: update.0.child register subscriber update.0.child.subscriber._cancel_monitor_cb
2017-09-07 20:41:50,944: update.0.child      : update.0                        : MainThread     : DEBUG   : using addr tcp://172.30.238.6:43570 for pubsub control_pubsub
2017-09-07 20:41:50,948: update.0.child      : update.0                        : MainThread     : DEBUG   : parent name: update.0.child.subscriber._cancel_monitor_cb
2017-09-07 20:41:50,948: update.0.child      : update.0                        : MainThread     : DEBUG   : start thread
2017-09-07 20:41:50,948: update.0.child      : update.0                        : update.0.child.subscriber._cancel_monitor_cb: DEBUG   : child name: update.0.child.subscriber._cancel_monitor_cb.thread
2017-09-07 20:41:50,949: update.0.child      : update.0                        : update.0.child.subscriber._cancel_monitor_cb: INFO    : child (me) initializing
2017-09-07 20:41:50,949: update.0.child      : update.0                        : update.0.child.subscriber._cancel_monitor_cb: DEBUG   : ru_initialize_common (NOOP)
2017-09-07 20:41:50,949: update.0.child      : update.0                        : update.0.child.subscriber._cancel_monitor_cb: DEBUG   : ru_initialize_child (NOOP)
2017-09-07 20:41:50,949: update.0.child      : update.0                        : update.0.child.subscriber._cancel_monitor_cb: INFO    : send alive
2017-09-07 20:41:50,949: update.0.child      : update.0                        : update.0.child.subscriber._cancel_monitor_cb: INFO    : put message: [update.0.child.subscriber._cancel_monitor_cb.thread] alive
2017-09-07 20:41:50,950: update.0.child      : update.0                        : MainThread     : INFO    : get msg: alive
2017-09-07 20:41:50,950: update.0.child      : update.0                        : MainThread     : DEBUG   : ru_initialize_common (NOOP)
2017-09-07 20:41:50,950: update.0.child      : update.0                        : MainThread     : DEBUG   : ru_initialize_parent (NOOP)
2017-09-07 20:41:50,950: update.0.child      : update.0                        : MainThread     : DEBUG   : child thread update.0.child.subscriber._cancel_monitor_cb started
2017-09-07 20:41:50,950: update.0.child      : update.0                        : MainThread     : DEBUG   : update.0.child registered control_pubsub subscriber update.0.child.subscriber._cancel_monitor_cb
2017-09-07 20:41:51,255: update.0.child      : update.0                        : MainThread     : DEBUG   : alive check in term
2017-09-07 20:41:51,255: update.0.child      : update.0                        : MainThread     : DEBUG   : START: update.0.child register subscriber update.0.child.subscriber._state_cb
2017-09-07 20:41:51,255: update.0.child      : update.0                        : MainThread     : DEBUG   : using addr tcp://172.30.238.6:40745 for pubsub state_pubsub
2017-09-07 20:41:51,259: update.0.child      : update.0                        : MainThread     : DEBUG   : parent name: update.0.child.subscriber._state_cb
2017-09-07 20:41:51,259: update.0.child      : update.0                        : MainThread     : DEBUG   : start thread
2017-09-07 20:41:51,259: update.0.child      : update.0                        : update.0.child.subscriber._state_cb: DEBUG   : child name: update.0.child.subscriber._state_cb.thread
2017-09-07 20:41:51,260: update.0.child      : update.0                        : update.0.child.subscriber._state_cb: INFO    : child (me) initializing
2017-09-07 20:41:51,260: update.0.child      : update.0                        : update.0.child.subscriber._state_cb: DEBUG   : ru_initialize_common (NOOP)
2017-09-07 20:41:51,260: update.0.child      : update.0                        : update.0.child.subscriber._state_cb: DEBUG   : ru_initialize_child (NOOP)
2017-09-07 20:41:51,260: update.0.child      : update.0                        : update.0.child.subscriber._state_cb: INFO    : send alive
2017-09-07 20:41:51,260: update.0.child      : update.0                        : update.0.child.subscriber._state_cb: INFO    : put message: [update.0.child.subscriber._state_cb.thread] alive
2017-09-07 20:41:51,261: update.0.child      : update.0                        : MainThread     : INFO    : get msg: alive
2017-09-07 20:41:51,261: update.0.child      : update.0                        : MainThread     : DEBUG   : ru_initialize_common (NOOP)
2017-09-07 20:41:51,261: update.0.child      : update.0                        : MainThread     : DEBUG   : ru_initialize_parent (NOOP)
2017-09-07 20:41:51,261: update.0.child      : update.0                        : MainThread     : DEBUG   : child thread update.0.child.subscriber._state_cb started
2017-09-07 20:41:51,261: update.0.child      : update.0                        : MainThread     : DEBUG   : update.0.child registered state_pubsub subscriber update.0.child.subscriber._state_cb
2017-09-07 20:41:51,261: update.0.child      : update.0                        : MainThread     : DEBUG   : alive check in term
2017-09-07 20:41:51,262: update.0.child      : update.0                        : MainThread     : DEBUG   : START: update.0.child register idler update.0.child.idler._idle_cb
2017-09-07 20:41:51,262: update.0.child      : update.0                        : MainThread     : DEBUG   : parent name: update.0.child.idler._idle_cb
2017-09-07 20:41:51,262: update.0.child      : update.0                        : MainThread     : DEBUG   : start thread
2017-09-07 20:41:51,262: update.0.child      : update.0                        : update.0.child.idler._idle_cb: DEBUG   : child name: update.0.child.idler._idle_cb.thread
2017-09-07 20:41:51,263: update.0.child      : update.0                        : update.0.child.idler._idle_cb: INFO    : child (me) initializing
2017-09-07 20:41:51,263: update.0.child      : update.0                        : update.0.child.idler._idle_cb: DEBUG   : ru_initialize_common (NOOP)
2017-09-07 20:41:51,263: update.0.child      : update.0                        : update.0.child.idler._idle_cb: DEBUG   : ru_initialize_child (NOOP)
2017-09-07 20:41:51,263: update.0.child      : update.0                        : update.0.child.idler._idle_cb: INFO    : send alive
2017-09-07 20:41:51,263: update.0.child      : update.0                        : update.0.child.idler._idle_cb: INFO    : put message: [update.0.child.idler._idle_cb.thread] alive
2017-09-07 20:41:51,264: update.0.child      : update.0                        : MainThread     : INFO    : get msg: alive
2017-09-07 20:41:51,264: update.0.child      : update.0                        : MainThread     : DEBUG   : ru_initialize_common (NOOP)
2017-09-07 20:41:51,264: update.0.child      : update.0                        : MainThread     : DEBUG   : ru_initialize_parent (NOOP)
2017-09-07 20:41:51,264: update.0.child      : update.0                        : MainThread     : DEBUG   : child thread update.0.child.idler._idle_cb started
2017-09-07 20:41:51,264: update.0.child      : update.0                        : MainThread     : DEBUG   : update.0.child registered idler update.0.child.idler._idle_cb
2017-09-07 20:41:51,265: update.0.child      : update.0                        : MainThread     : INFO    : child (me) initializing
2017-09-07 20:41:51,265: update.0.child      : update.0                        : MainThread     : DEBUG   : parent name: update.0.child.watch
2017-09-07 20:41:51,265: update.0.child      : update.0                        : MainThread     : DEBUG   : start thread
2017-09-07 20:41:51,266: update.0.child      : update.0                        : update.0.child.watch: DEBUG   : child name: update.0.child.watch.thread
2017-09-07 20:41:51,266: update.0.child      : update.0                        : update.0.child.watch: INFO    : child (me) initializing
2017-09-07 20:41:51,266: update.0.child      : update.0                        : update.0.child.watch: DEBUG   : ru_initialize_common (NOOP)
2017-09-07 20:41:51,266: update.0.child      : update.0                        : update.0.child.watch: DEBUG   : ru_initialize_child (NOOP)
2017-09-07 20:41:51,266: update.0.child      : update.0                        : update.0.child.watch: INFO    : send alive
2017-09-07 20:41:51,266: update.0.child      : update.0                        : update.0.child.watch: INFO    : put message: [update.0.child.watch.thread] alive
2017-09-07 20:41:51,267: update.0.child      : update.0                        : MainThread     : INFO    : get msg: alive
2017-09-07 20:41:51,267: update.0.child      : update.0                        : MainThread     : DEBUG   : ru_initialize_common (NOOP)
2017-09-07 20:41:51,267: update.0.child      : update.0                        : MainThread     : DEBUG   : ru_initialize_parent (NOOP)
2017-09-07 20:41:51,267: update.0.child      : update.0                        : MainThread     : DEBUG   : child thread update.0.child.watch started
2017-09-07 20:41:51,267: update.0.child      : update.0                        : MainThread     : INFO    : child (me) is alive
2017-09-07 20:41:51,267: update.0.child      : update.0                        : MainThread     : INFO    : send alive
2017-09-07 20:41:51,268: update.0.child      : update.0                        : MainThread     : INFO    : send message: [update.0.child] alive
2017-09-07 20:41:58,015: update.0.child      : update.0                        : update.0.child.subscriber._state_cb: DEBUG   : bulked pilot.0000 [PMGR_LAUNCHING_PENDING] update.0.child
2017-09-07 20:41:58,064: update.0.child      : update.0                        : update.0.child.subscriber._state_cb: DEBUG   : bulk update result: {'nModified': 1, 'nUpserted': 0, 'nMatched': 1, 'writeErrors': [], 'upserted': [], 'writeConcernErrors': [], 'nRemoved': 0, 'nInserted': 0}
2017-09-07 20:41:58,065: update.0.child      : update.0                        : update.0.child.subscriber._state_cb: DEBUG   : bulked pilot.0000 [PMGR_LAUNCHING] update.0.child
2017-09-07 20:41:59,334: update.0.child      : update.0                        : update.0.child.idler._idle_cb: DEBUG   : bulk update result: {'nModified': 1, 'nUpserted': 0, 'nMatched': 1, 'writeErrors': [], 'upserted': [], 'writeConcernErrors': [], 'nRemoved': 0, 'nInserted': 0}
2017-09-07 20:42:09,225: update.0.child      : update.0                        : update.0.child.subscriber._state_cb: DEBUG   : bulked pilot.0000 [PMGR_ACTIVE_PENDING] update.0.child
2017-09-07 20:42:09,275: update.0.child      : update.0                        : update.0.child.subscriber._state_cb: DEBUG   : bulk update result: {'nModified': 1, 'nUpserted': 0, 'nMatched': 1, 'writeErrors': [], 'upserted': [], 'writeConcernErrors': [], 'nRemoved': 0, 'nInserted': 0}
2017-09-07 20:43:29,170: update.0.child      : update.0                        : update.0.child.subscriber._state_cb: DEBUG   : bulked pilot.0000 [PMGR_ACTIVE] update.0.child
2017-09-07 20:43:29,218: update.0.child      : update.0                        : update.0.child.subscriber._state_cb: DEBUG   : bulk update result: {'nModified': 1, 'nUpserted': 0, 'nMatched': 1, 'writeErrors': [], 'upserted': [], 'writeConcernErrors': [], 'nRemoved': 0, 'nInserted': 0}
2017-09-07 20:43:40,697: update.0.child      : update.0                        : update.0.child.subscriber._state_cb: DEBUG   : bulked unit.000000 [UMGR_SCHEDULING_PENDING] update.0.child
2017-09-07 20:43:40,746: update.0.child      : update.0                        : update.0.child.subscriber._state_cb: DEBUG   : bulk update result: {'nModified': 1, 'nUpserted': 0, 'nMatched': 1, 'writeErrors': [], 'upserted': [], 'writeConcernErrors': [], 'nRemoved': 0, 'nInserted': 0}
2017-09-07 20:43:40,746: update.0.child      : update.0                        : update.0.child.subscriber._state_cb: DEBUG   : bulked unit.000000 [UMGR_SCHEDULING] update.0.child
2017-09-07 20:43:40,746: update.0.child      : update.0                        : update.0.child.subscriber._state_cb: DEBUG   : bulked unit.000000 [UMGR_STAGING_INPUT_PENDING] update.0.child
2017-09-07 20:43:40,746: update.0.child      : update.0                        : update.0.child.subscriber._state_cb: DEBUG   : bulked unit.000000 [UMGR_STAGING_INPUT] update.0.child
2017-09-07 20:43:40,746: update.0.child      : update.0                        : update.0.child.subscriber._state_cb: DEBUG   : bulked unit.000000 [AGENT_STAGING_INPUT_PENDING] update.0.child
2017-09-07 20:43:40,782: update.0.child      : update.0                        : update.0.child.subscriber._state_cb: DEBUG   : bulked unit.000001 [UMGR_SCHEDULING_PENDING] update.0.child
2017-09-07 20:43:40,784: update.0.child      : update.0                        : update.0.child.subscriber._state_cb: DEBUG   : bulked unit.000001 [UMGR_SCHEDULING] update.0.child
2017-09-07 20:43:40,785: update.0.child      : update.0                        : update.0.child.subscriber._state_cb: DEBUG   : bulked unit.000001 [UMGR_STAGING_INPUT_PENDING] update.0.child
2017-09-07 20:43:40,786: update.0.child      : update.0                        : update.0.child.subscriber._state_cb: DEBUG   : bulked unit.000001 [UMGR_STAGING_INPUT] update.0.child
2017-09-07 20:43:40,786: update.0.child      : update.0                        : update.0.child.subscriber._state_cb: DEBUG   : bulked unit.000001 [AGENT_STAGING_INPUT_PENDING] update.0.child
2017-09-07 20:43:40,890: update.0.child      : update.0                        : update.0.child.subscriber._state_cb: DEBUG   : bulked unit.000002 [UMGR_SCHEDULING_PENDING] update.0.child
2017-09-07 20:43:40,891: update.0.child      : update.0                        : update.0.child.subscriber._state_cb: DEBUG   : bulked unit.000002 [UMGR_SCHEDULING] update.0.child
2017-09-07 20:43:40,892: update.0.child      : update.0                        : update.0.child.subscriber._state_cb: DEBUG   : bulked unit.000002 [UMGR_STAGING_INPUT_PENDING] update.0.child
2017-09-07 20:43:40,893: update.0.child      : update.0                        : update.0.child.subscriber._state_cb: DEBUG   : bulked unit.000002 [UMGR_STAGING_INPUT] update.0.child
2017-09-07 20:43:40,893: update.0.child      : update.0                        : update.0.child.subscriber._state_cb: DEBUG   : bulked unit.000002 [AGENT_STAGING_INPUT_PENDING] update.0.child
2017-09-07 20:43:40,956: update.0.child      : update.0                        : update.0.child.subscriber._state_cb: DEBUG   : bulked unit.000003 [UMGR_SCHEDULING_PENDING] update.0.child
2017-09-07 20:43:40,957: update.0.child      : update.0                        : update.0.child.subscriber._state_cb: DEBUG   : bulked unit.000003 [UMGR_SCHEDULING] update.0.child
2017-09-07 20:43:40,958: update.0.child      : update.0                        : update.0.child.subscriber._state_cb: DEBUG   : bulked unit.000003 [UMGR_STAGING_INPUT_PENDING] update.0.child
2017-09-07 20:43:40,959: update.0.child      : update.0                        : update.0.child.subscriber._state_cb: DEBUG   : bulked unit.000003 [UMGR_STAGING_INPUT] update.0.child
2017-09-07 20:43:40,959: update.0.child      : update.0                        : update.0.child.subscriber._state_cb: DEBUG   : bulked unit.000003 [AGENT_STAGING_INPUT_PENDING] update.0.child
2017-09-07 20:43:41,021: update.0.child      : update.0                        : update.0.child.subscriber._state_cb: DEBUG   : bulked unit.000004 [UMGR_SCHEDULING_PENDING] update.0.child
2017-09-07 20:43:41,023: update.0.child      : update.0                        : update.0.child.subscriber._state_cb: DEBUG   : bulked unit.000004 [UMGR_SCHEDULING] update.0.child
2017-09-07 20:43:41,023: update.0.child      : update.0                        : update.0.child.subscriber._state_cb: DEBUG   : bulked unit.000004 [UMGR_STAGING_INPUT_PENDING] update.0.child
2017-09-07 20:43:41,024: update.0.child      : update.0                        : update.0.child.subscriber._state_cb: DEBUG   : bulked unit.000004 [UMGR_STAGING_INPUT] update.0.child
2017-09-07 20:43:41,025: update.0.child      : update.0                        : update.0.child.subscriber._state_cb: DEBUG   : bulked unit.000004 [AGENT_STAGING_INPUT_PENDING] update.0.child
2017-09-07 20:43:41,093: update.0.child      : update.0                        : update.0.child.subscriber._state_cb: DEBUG   : bulked unit.000005 [UMGR_SCHEDULING_PENDING] update.0.child
2017-09-07 20:43:41,095: update.0.child      : update.0                        : update.0.child.subscriber._state_cb: DEBUG   : bulked unit.000005 [UMGR_SCHEDULING] update.0.child
2017-09-07 20:43:41,096: update.0.child      : update.0                        : update.0.child.subscriber._state_cb: DEBUG   : bulked unit.000005 [UMGR_STAGING_INPUT_PENDING] update.0.child
2017-09-07 20:43:41,096: update.0.child      : update.0                        : update.0.child.subscriber._state_cb: DEBUG   : bulked unit.000005 [UMGR_STAGING_INPUT] update.0.child
2017-09-07 20:43:41,097: update.0.child      : update.0                        : update.0.child.subscriber._state_cb: DEBUG   : bulked unit.000005 [AGENT_STAGING_INPUT_PENDING] update.0.child
2017-09-07 20:43:41,162: update.0.child      : update.0                        : update.0.child.subscriber._state_cb: DEBUG   : bulked unit.000006 [UMGR_SCHEDULING_PENDING] update.0.child
2017-09-07 20:43:41,164: update.0.child      : update.0                        : update.0.child.subscriber._state_cb: DEBUG   : bulked unit.000006 [UMGR_SCHEDULING] update.0.child
2017-09-07 20:43:41,164: update.0.child      : update.0                        : update.0.child.subscriber._state_cb: DEBUG   : bulked unit.000006 [UMGR_STAGING_INPUT_PENDING] update.0.child
2017-09-07 20:43:41,165: update.0.child      : update.0                        : update.0.child.subscriber._state_cb: DEBUG   : bulked unit.000006 [UMGR_STAGING_INPUT] update.0.child
2017-09-07 20:43:41,166: update.0.child      : update.0                        : update.0.child.subscriber._state_cb: DEBUG   : bulked unit.000006 [AGENT_STAGING_INPUT_PENDING] update.0.child
2017-09-07 20:43:41,248: update.0.child      : update.0                        : update.0.child.subscriber._state_cb: DEBUG   : bulked unit.000007 [UMGR_SCHEDULING_PENDING] update.0.child
2017-09-07 20:43:41,250: update.0.child      : update.0                        : update.0.child.subscriber._state_cb: DEBUG   : bulked unit.000007 [UMGR_SCHEDULING] update.0.child
2017-09-07 20:43:41,251: update.0.child      : update.0                        : update.0.child.subscriber._state_cb: DEBUG   : bulked unit.000007 [UMGR_STAGING_INPUT_PENDING] update.0.child
2017-09-07 20:43:41,251: update.0.child      : update.0                        : update.0.child.subscriber._state_cb: DEBUG   : bulked unit.000007 [UMGR_STAGING_INPUT] update.0.child
2017-09-07 20:43:41,252: update.0.child      : update.0                        : update.0.child.subscriber._state_cb: DEBUG   : bulked unit.000007 [AGENT_STAGING_INPUT_PENDING] update.0.child
2017-09-07 20:43:41,329: update.0.child      : update.0                        : update.0.child.subscriber._state_cb: DEBUG   : bulked unit.000008 [UMGR_SCHEDULING_PENDING] update.0.child
2017-09-07 20:43:41,330: update.0.child      : update.0                        : update.0.child.subscriber._state_cb: DEBUG   : bulked unit.000008 [UMGR_SCHEDULING] update.0.child
2017-09-07 20:43:41,331: update.0.child      : update.0                        : update.0.child.subscriber._state_cb: DEBUG   : bulked unit.000008 [UMGR_STAGING_INPUT_PENDING] update.0.child
2017-09-07 20:43:41,332: update.0.child      : update.0                        : update.0.child.subscriber._state_cb: DEBUG   : bulked unit.000008 [UMGR_STAGING_INPUT] update.0.child
2017-09-07 20:43:41,332: update.0.child      : update.0                        : update.0.child.subscriber._state_cb: DEBUG   : bulked unit.000008 [AGENT_STAGING_INPUT_PENDING] update.0.child
2017-09-07 20:43:41,415: update.0.child      : update.0                        : update.0.child.subscriber._state_cb: DEBUG   : bulked unit.000009 [UMGR_SCHEDULING_PENDING] update.0.child
2017-09-07 20:43:41,416: update.0.child      : update.0                        : update.0.child.subscriber._state_cb: DEBUG   : bulked unit.000009 [UMGR_SCHEDULING] update.0.child
2017-09-07 20:43:41,417: update.0.child      : update.0                        : update.0.child.subscriber._state_cb: DEBUG   : bulked unit.000009 [UMGR_STAGING_INPUT_PENDING] update.0.child
2017-09-07 20:43:41,418: update.0.child      : update.0                        : update.0.child.subscriber._state_cb: DEBUG   : bulked unit.000009 [UMGR_STAGING_INPUT] update.0.child
2017-09-07 20:43:41,418: update.0.child      : update.0                        : update.0.child.subscriber._state_cb: DEBUG   : bulked unit.000009 [AGENT_STAGING_INPUT_PENDING] update.0.child
2017-09-07 20:43:41,495: update.0.child      : update.0                        : update.0.child.subscriber._state_cb: DEBUG   : bulked unit.000010 [UMGR_SCHEDULING_PENDING] update.0.child
2017-09-07 20:43:41,497: update.0.child      : update.0                        : update.0.child.subscriber._state_cb: DEBUG   : bulked unit.000010 [UMGR_SCHEDULING] update.0.child
2017-09-07 20:43:41,498: update.0.child      : update.0                        : update.0.child.subscriber._state_cb: DEBUG   : bulked unit.000010 [UMGR_STAGING_INPUT_PENDING] update.0.child
2017-09-07 20:43:41,499: update.0.child      : update.0                        : update.0.child.subscriber._state_cb: DEBUG   : bulked unit.000010 [UMGR_STAGING_INPUT] update.0.child
2017-09-07 20:43:41,500: update.0.child      : update.0                        : update.0.child.subscriber._state_cb: DEBUG   : bulked unit.000010 [AGENT_STAGING_INPUT_PENDING] update.0.child
2017-09-07 20:43:41,817: update.0.child      : update.0                        : update.0.child.subscriber._state_cb: DEBUG   : bulked unit.000011 [UMGR_SCHEDULING_PENDING] update.0.child
2017-09-07 20:43:41,926: update.0.child      : update.0                        : update.0.child.subscriber._state_cb: DEBUG   : bulk update result: {'nModified': 55, 'nUpserted': 0, 'nMatched': 55, 'writeErrors': [], 'upserted': [], 'writeConcernErrors': [], 'nRemoved': 0, 'nInserted': 0}
2017-09-07 20:43:41,927: update.0.child      : update.0                        : update.0.child.subscriber._state_cb: DEBUG   : bulked unit.000011 [UMGR_SCHEDULING] update.0.child
2017-09-07 20:43:41,927: update.0.child      : update.0                        : update.0.child.subscriber._state_cb: DEBUG   : bulked unit.000011 [UMGR_STAGING_INPUT_PENDING] update.0.child
2017-09-07 20:43:41,927: update.0.child      : update.0                        : update.0.child.subscriber._state_cb: DEBUG   : bulked unit.000011 [UMGR_STAGING_INPUT] update.0.child
2017-09-07 20:43:41,927: update.0.child      : update.0                        : update.0.child.subscriber._state_cb: DEBUG   : bulked unit.000011 [AGENT_STAGING_INPUT_PENDING] update.0.child
2017-09-07 20:43:41,927: update.0.child      : update.0                        : update.0.child.subscriber._state_cb: DEBUG   : bulked unit.000012 [UMGR_SCHEDULING_PENDING] update.0.child
2017-09-07 20:43:41,927: update.0.child      : update.0                        : update.0.child.subscriber._state_cb: DEBUG   : bulked unit.000012 [UMGR_SCHEDULING] update.0.child
2017-09-07 20:43:41,928: update.0.child      : update.0                        : update.0.child.subscriber._state_cb: DEBUG   : bulked unit.000012 [UMGR_STAGING_INPUT_PENDING] update.0.child
2017-09-07 20:43:41,928: update.0.child      : update.0                        : update.0.child.subscriber._state_cb: DEBUG   : bulked unit.000012 [UMGR_STAGING_INPUT] update.0.child
2017-09-07 20:43:41,928: update.0.child      : update.0                        : update.0.child.subscriber._state_cb: DEBUG   : bulked unit.000012 [AGENT_STAGING_INPUT_PENDING] update.0.child
2017-09-07 20:43:41,955: update.0.child      : update.0                        : update.0.child.subscriber._state_cb: DEBUG   : bulked unit.000013 [UMGR_SCHEDULING_PENDING] update.0.child
2017-09-07 20:43:41,957: update.0.child      : update.0                        : update.0.child.subscriber._state_cb: DEBUG   : bulked unit.000013 [UMGR_SCHEDULING] update.0.child
2017-09-07 20:43:41,958: update.0.child      : update.0                        : update.0.child.subscriber._state_cb: DEBUG   : bulked unit.000013 [UMGR_STAGING_INPUT_PENDING] update.0.child
2017-09-07 20:43:41,959: update.0.child      : update.0                        : update.0.child.subscriber._state_cb: DEBUG   : bulked unit.000013 [UMGR_STAGING_INPUT] update.0.child
2017-09-07 20:43:41,959: update.0.child      : update.0                        : update.0.child.subscriber._state_cb: DEBUG   : bulked unit.000013 [AGENT_STAGING_INPUT_PENDING] update.0.child
2017-09-07 20:43:42,040: update.0.child      : update.0                        : update.0.child.subscriber._state_cb: DEBUG   : bulked unit.000014 [UMGR_SCHEDULING_PENDING] update.0.child
2017-09-07 20:43:42,041: update.0.child      : update.0                        : update.0.child.subscriber._state_cb: DEBUG   : bulked unit.000014 [UMGR_SCHEDULING] update.0.child
2017-09-07 20:43:42,042: update.0.child      : update.0                        : update.0.child.subscriber._state_cb: DEBUG   : bulked unit.000014 [UMGR_STAGING_INPUT_PENDING] update.0.child
2017-09-07 20:43:42,043: update.0.child      : update.0                        : update.0.child.subscriber._state_cb: DEBUG   : bulked unit.000014 [UMGR_STAGING_INPUT] update.0.child
2017-09-07 20:43:42,044: update.0.child      : update.0                        : update.0.child.subscriber._state_cb: DEBUG   : bulked unit.000014 [AGENT_STAGING_INPUT_PENDING] update.0.child
2017-09-07 20:43:42,113: update.0.child      : update.0                        : update.0.child.subscriber._state_cb: DEBUG   : bulked unit.000015 [UMGR_SCHEDULING_PENDING] update.0.child
2017-09-07 20:43:42,115: update.0.child      : update.0                        : update.0.child.subscriber._state_cb: DEBUG   : bulked unit.000015 [UMGR_SCHEDULING] update.0.child
2017-09-07 20:43:42,116: update.0.child      : update.0                        : update.0.child.subscriber._state_cb: DEBUG   : bulked unit.000015 [UMGR_STAGING_INPUT_PENDING] update.0.child
2017-09-07 20:43:42,117: update.0.child      : update.0                        : update.0.child.subscriber._state_cb: DEBUG   : bulked unit.000015 [UMGR_STAGING_INPUT] update.0.child
2017-09-07 20:43:42,118: update.0.child      : update.0                        : update.0.child.subscriber._state_cb: DEBUG   : bulked unit.000015 [AGENT_STAGING_INPUT_PENDING] update.0.child
2017-09-07 20:43:42,715: update.0.child      : update.0                        : update.0.child.subscriber._state_cb: DEBUG   : bulked unit.000009 [AGENT_STAGING_INPUT] update.0.child
2017-09-07 20:43:42,742: update.0.child      : update.0                        : update.0.child.subscriber._state_cb: DEBUG   : bulked unit.000000 [AGENT_STAGING_INPUT] update.0.child
2017-09-07 20:43:42,770: update.0.child      : update.0                        : update.0.child.subscriber._state_cb: DEBUG   : bulked unit.000003 [AGENT_STAGING_INPUT] update.0.child
2017-09-07 20:43:42,797: update.0.child      : update.0                        : update.0.child.subscriber._state_cb: DEBUG   : bulked unit.000005 [AGENT_STAGING_INPUT] update.0.child
2017-09-07 20:43:42,831: update.0.child      : update.0                        : update.0.child.subscriber._state_cb: DEBUG   : bulked unit.000004 [AGENT_STAGING_INPUT] update.0.child
2017-09-07 20:43:42,893: update.0.child      : update.0                        : update.0.child.subscriber._state_cb: DEBUG   : bulk update result: {'nModified': 29, 'nUpserted': 0, 'nMatched': 29, 'writeErrors': [], 'upserted': [], 'writeConcernErrors': [], 'nRemoved': 0, 'nInserted': 0}
2017-09-07 20:43:42,894: update.0.child      : update.0                        : update.0.child.subscriber._state_cb: DEBUG   : bulked unit.000010 [AGENT_STAGING_INPUT] update.0.child
2017-09-07 20:43:42,894: update.0.child      : update.0                        : update.0.child.subscriber._state_cb: DEBUG   : bulked unit.000008 [AGENT_STAGING_INPUT] update.0.child
2017-09-07 20:43:42,921: update.0.child      : update.0                        : update.0.child.subscriber._state_cb: DEBUG   : bulked unit.000002 [AGENT_STAGING_INPUT] update.0.child
2017-09-07 20:43:42,954: update.0.child      : update.0                        : update.0.child.subscriber._state_cb: DEBUG   : bulked unit.000006 [AGENT_STAGING_INPUT] update.0.child
2017-09-07 20:43:42,981: update.0.child      : update.0                        : update.0.child.subscriber._state_cb: DEBUG   : bulked unit.000007 [AGENT_STAGING_INPUT] update.0.child
2017-09-07 20:43:43,016: update.0.child      : update.0                        : update.0.child.subscriber._state_cb: DEBUG   : bulked unit.000001 [AGENT_STAGING_INPUT] update.0.child
2017-09-07 20:43:44,145: update.0.child      : update.0                        : update.0.child.subscriber._state_cb: DEBUG   : bulked unit.000009 [AGENT_SCHEDULING_PENDING] update.0.child
2017-09-07 20:43:44,195: update.0.child      : update.0                        : update.0.child.subscriber._state_cb: DEBUG   : bulk update result: {'nModified': 7, 'nUpserted': 0, 'nMatched': 7, 'writeErrors': [], 'upserted': [], 'writeConcernErrors': [], 'nRemoved': 0, 'nInserted': 0}
2017-09-07 20:43:44,195: update.0.child      : update.0                        : update.0.child.subscriber._state_cb: DEBUG   : bulked unit.000009 [AGENT_SCHEDULING] update.0.child
2017-09-07 20:43:44,209: update.0.child      : update.0                        : update.0.child.subscriber._state_cb: DEBUG   : bulked unit.000009 [AGENT_EXECUTING_PENDING] update.0.child
2017-09-07 20:43:44,243: update.0.child      : update.0                        : update.0.child.subscriber._state_cb: DEBUG   : bulked unit.000009 [AGENT_EXECUTING] update.0.child
2017-09-07 20:43:44,277: update.0.child      : update.0                        : update.0.child.subscriber._state_cb: DEBUG   : bulked unit.000008 [AGENT_SCHEDULING_PENDING] update.0.child
2017-09-07 20:43:44,307: update.0.child      : update.0                        : update.0.child.subscriber._state_cb: DEBUG   : bulked unit.000008 [AGENT_SCHEDULING] update.0.child
2017-09-07 20:43:44,338: update.0.child      : update.0                        : update.0.child.subscriber._state_cb: DEBUG   : bulked unit.000008 [AGENT_EXECUTING_PENDING] update.0.child
2017-09-07 20:43:44,367: update.0.child      : update.0                        : update.0.child.subscriber._state_cb: DEBUG   : bulked unit.000008 [AGENT_EXECUTING] update.0.child
2017-09-07 20:43:44,396: update.0.child      : update.0                        : update.0.child.subscriber._state_cb: DEBUG   : bulked unit.000003 [AGENT_SCHEDULING_PENDING] update.0.child
2017-09-07 20:43:44,425: update.0.child      : update.0                        : update.0.child.subscriber._state_cb: DEBUG   : bulked unit.000003 [AGENT_SCHEDULING] update.0.child
2017-09-07 20:43:44,454: update.0.child      : update.0                        : update.0.child.subscriber._state_cb: DEBUG   : bulked unit.000003 [AGENT_EXECUTING_PENDING] update.0.child
2017-09-07 20:43:44,491: update.0.child      : update.0                        : update.0.child.subscriber._state_cb: DEBUG   : bulked unit.000003 [AGENT_EXECUTING] update.0.child
2017-09-07 20:43:44,522: update.0.child      : update.0                        : update.0.child.subscriber._state_cb: DEBUG   : bulked unit.000002 [AGENT_SCHEDULING_PENDING] update.0.child
2017-09-07 20:43:44,560: update.0.child      : update.0                        : update.0.child.subscriber._state_cb: DEBUG   : bulked unit.000002 [AGENT_SCHEDULING] update.0.child
2017-09-07 20:43:44,591: update.0.child      : update.0                        : update.0.child.subscriber._state_cb: DEBUG   : bulked unit.000002 [AGENT_EXECUTING_PENDING] update.0.child
2017-09-07 20:43:44,621: update.0.child      : update.0                        : update.0.child.subscriber._state_cb: DEBUG   : bulked unit.000002 [AGENT_EXECUTING] update.0.child
2017-09-07 20:43:44,661: update.0.child      : update.0                        : update.0.child.subscriber._state_cb: DEBUG   : bulked unit.000001 [AGENT_SCHEDULING_PENDING] update.0.child
2017-09-07 20:43:44,689: update.0.child      : update.0                        : update.0.child.subscriber._state_cb: DEBUG   : bulked unit.000001 [AGENT_SCHEDULING] update.0.child
2017-09-07 20:43:44,726: update.0.child      : update.0                        : update.0.child.subscriber._state_cb: DEBUG   : bulked unit.000001 [AGENT_EXECUTING_PENDING] update.0.child
2017-09-07 20:43:44,755: update.0.child      : update.0                        : update.0.child.subscriber._state_cb: DEBUG   : bulked unit.000001 [AGENT_EXECUTING] update.0.child
2017-09-07 20:43:44,783: update.0.child      : update.0                        : update.0.child.subscriber._state_cb: DEBUG   : bulked unit.000000 [AGENT_SCHEDULING_PENDING] update.0.child
2017-09-07 20:43:44,813: update.0.child      : update.0                        : update.0.child.subscriber._state_cb: DEBUG   : bulked unit.000000 [AGENT_SCHEDULING] update.0.child
2017-09-07 20:43:44,843: update.0.child      : update.0                        : update.0.child.subscriber._state_cb: DEBUG   : bulked unit.000000 [AGENT_EXECUTING_PENDING] update.0.child
2017-09-07 20:43:44,872: update.0.child      : update.0                        : update.0.child.subscriber._state_cb: DEBUG   : bulked unit.000000 [AGENT_EXECUTING] update.0.child
2017-09-07 20:43:44,902: update.0.child      : update.0                        : update.0.child.subscriber._state_cb: DEBUG   : bulked unit.000007 [AGENT_SCHEDULING_PENDING] update.0.child
2017-09-07 20:43:44,933: update.0.child      : update.0                        : update.0.child.subscriber._state_cb: DEBUG   : bulked unit.000007 [AGENT_SCHEDULING] update.0.child
2017-09-07 20:43:44,967: update.0.child      : update.0                        : update.0.child.subscriber._state_cb: DEBUG   : bulked unit.000007 [AGENT_EXECUTING_PENDING] update.0.child
2017-09-07 20:43:44,999: update.0.child      : update.0                        : update.0.child.subscriber._state_cb: DEBUG   : bulked unit.000007 [AGENT_EXECUTING] update.0.child
2017-09-07 20:43:45,035: update.0.child      : update.0                        : update.0.child.subscriber._state_cb: DEBUG   : bulked unit.000006 [AGENT_SCHEDULING_PENDING] update.0.child
2017-09-07 20:43:45,066: update.0.child      : update.0                        : update.0.child.subscriber._state_cb: DEBUG   : bulked unit.000006 [AGENT_SCHEDULING] update.0.child
2017-09-07 20:43:45,108: update.0.child      : update.0                        : update.0.child.subscriber._state_cb: DEBUG   : bulked unit.000006 [AGENT_EXECUTING_PENDING] update.0.child
2017-09-07 20:43:45,139: update.0.child      : update.0                        : update.0.child.subscriber._state_cb: DEBUG   : bulked unit.000006 [AGENT_EXECUTING] update.0.child
2017-09-07 20:43:45,167: update.0.child      : update.0                        : update.0.child.subscriber._state_cb: DEBUG   : bulked unit.000005 [AGENT_SCHEDULING_PENDING] update.0.child
2017-09-07 20:43:45,222: update.0.child      : update.0                        : update.0.child.subscriber._state_cb: DEBUG   : bulk update result: {'nModified': 32, 'nUpserted': 0, 'nMatched': 32, 'writeErrors': [], 'upserted': [], 'writeConcernErrors': [], 'nRemoved': 0, 'nInserted': 0}
2017-09-07 20:43:45,223: update.0.child      : update.0                        : update.0.child.subscriber._state_cb: DEBUG   : bulked unit.000005 [AGENT_SCHEDULING] update.0.child
2017-09-07 20:43:45,223: update.0.child      : update.0                        : update.0.child.subscriber._state_cb: DEBUG   : bulked unit.000005 [AGENT_EXECUTING_PENDING] update.0.child
2017-09-07 20:43:45,260: update.0.child      : update.0                        : update.0.child.subscriber._state_cb: DEBUG   : bulked unit.000005 [AGENT_EXECUTING] update.0.child
2017-09-07 20:43:45,291: update.0.child      : update.0                        : update.0.child.subscriber._state_cb: DEBUG   : bulked unit.000004 [AGENT_SCHEDULING_PENDING] update.0.child
2017-09-07 20:43:45,319: update.0.child      : update.0                        : update.0.child.subscriber._state_cb: DEBUG   : bulked unit.000004 [AGENT_SCHEDULING] update.0.child
2017-09-07 20:43:45,359: update.0.child      : update.0                        : update.0.child.subscriber._state_cb: DEBUG   : bulked unit.000004 [AGENT_EXECUTING_PENDING] update.0.child
2017-09-07 20:43:45,398: update.0.child      : update.0                        : update.0.child.subscriber._state_cb: DEBUG   : bulked unit.000004 [AGENT_EXECUTING] update.0.child
2017-09-07 20:43:45,424: update.0.child      : update.0                        : update.0.child.subscriber._state_cb: DEBUG   : bulked unit.000010 [AGENT_SCHEDULING_PENDING] update.0.child
2017-09-07 20:43:45,451: update.0.child      : update.0                        : update.0.child.subscriber._state_cb: DEBUG   : bulked unit.000010 [AGENT_SCHEDULING] update.0.child
2017-09-07 20:43:45,479: update.0.child      : update.0                        : update.0.child.subscriber._state_cb: DEBUG   : bulked unit.000010 [AGENT_EXECUTING_PENDING] update.0.child
2017-09-07 20:43:45,505: update.0.child      : update.0                        : update.0.child.subscriber._state_cb: DEBUG   : bulked unit.000010 [AGENT_EXECUTING] update.0.child
2017-09-07 20:43:46,610: update.0.child      : update.0                        : update.0.child.idler._idle_cb: DEBUG   : bulk update result: {'nModified': 11, 'nUpserted': 0, 'nMatched': 11, 'writeErrors': [], 'upserted': [], 'writeConcernErrors': [], 'nRemoved': 0, 'nInserted': 0}
2017-09-07 20:43:46,635: update.0.child      : update.0                        : update.0.child.subscriber._state_cb: DEBUG   : bulked unit.000015 [AGENT_STAGING_INPUT] update.0.child
2017-09-07 20:43:46,664: update.0.child      : update.0                        : update.0.child.subscriber._state_cb: DEBUG   : bulked unit.000015 [AGENT_SCHEDULING_PENDING] update.0.child
2017-09-07 20:43:46,694: update.0.child      : update.0                        : update.0.child.subscriber._state_cb: DEBUG   : bulked unit.000015 [AGENT_SCHEDULING] update.0.child
2017-09-07 20:43:46,720: update.0.child      : update.0                        : update.0.child.subscriber._state_cb: DEBUG   : bulked unit.000015 [AGENT_EXECUTING_PENDING] update.0.child
2017-09-07 20:43:46,749: update.0.child      : update.0                        : update.0.child.subscriber._state_cb: DEBUG   : bulked unit.000015 [AGENT_EXECUTING] update.0.child
2017-09-07 20:43:46,787: update.0.child      : update.0                        : update.0.child.subscriber._state_cb: DEBUG   : bulked unit.000014 [AGENT_STAGING_INPUT] update.0.child
2017-09-07 20:43:46,815: update.0.child      : update.0                        : update.0.child.subscriber._state_cb: DEBUG   : bulked unit.000014 [AGENT_SCHEDULING_PENDING] update.0.child
2017-09-07 20:43:46,842: update.0.child      : update.0                        : update.0.child.subscriber._state_cb: DEBUG   : bulked unit.000014 [AGENT_SCHEDULING] update.0.child
2017-09-07 20:43:46,870: update.0.child      : update.0                        : update.0.child.subscriber._state_cb: DEBUG   : bulked unit.000014 [AGENT_EXECUTING_PENDING] update.0.child
2017-09-07 20:43:46,899: update.0.child      : update.0                        : update.0.child.subscriber._state_cb: DEBUG   : bulked unit.000014 [AGENT_EXECUTING] update.0.child
2017-09-07 20:43:46,925: update.0.child      : update.0                        : update.0.child.subscriber._state_cb: DEBUG   : bulked unit.000013 [AGENT_STAGING_INPUT] update.0.child
2017-09-07 20:43:46,951: update.0.child      : update.0                        : update.0.child.subscriber._state_cb: DEBUG   : bulked unit.000013 [AGENT_SCHEDULING_PENDING] update.0.child
2017-09-07 20:43:46,980: update.0.child      : update.0                        : update.0.child.subscriber._state_cb: DEBUG   : bulked unit.000013 [AGENT_SCHEDULING] update.0.child
2017-09-07 20:43:47,015: update.0.child      : update.0                        : update.0.child.subscriber._state_cb: DEBUG   : bulked unit.000013 [AGENT_EXECUTING_PENDING] update.0.child
2017-09-07 20:43:47,044: update.0.child      : update.0                        : update.0.child.subscriber._state_cb: DEBUG   : bulked unit.000013 [AGENT_EXECUTING] update.0.child
2017-09-07 20:43:47,078: update.0.child      : update.0                        : update.0.child.subscriber._state_cb: DEBUG   : bulked unit.000011 [AGENT_STAGING_INPUT] update.0.child
2017-09-07 20:43:47,108: update.0.child      : update.0                        : update.0.child.subscriber._state_cb: DEBUG   : bulked unit.000011 [AGENT_SCHEDULING_PENDING] update.0.child
2017-09-07 20:43:47,137: update.0.child      : update.0                        : update.0.child.subscriber._state_cb: DEBUG   : bulked unit.000011 [AGENT_SCHEDULING] update.0.child
2017-09-07 20:43:47,165: update.0.child      : update.0                        : update.0.child.subscriber._state_cb: DEBUG   : bulked unit.000011 [AGENT_EXECUTING_PENDING] update.0.child
2017-09-07 20:43:47,201: update.0.child      : update.0                        : update.0.child.subscriber._state_cb: DEBUG   : bulked unit.000011 [AGENT_EXECUTING] update.0.child
2017-09-07 20:43:47,230: update.0.child      : update.0                        : update.0.child.subscriber._state_cb: DEBUG   : bulked unit.000012 [AGENT_STAGING_INPUT] update.0.child
2017-09-07 20:43:47,255: update.0.child      : update.0                        : update.0.child.subscriber._state_cb: DEBUG   : bulked unit.000012 [AGENT_SCHEDULING_PENDING] update.0.child
2017-09-07 20:43:47,282: update.0.child      : update.0                        : update.0.child.subscriber._state_cb: DEBUG   : bulked unit.000012 [AGENT_SCHEDULING] update.0.child
2017-09-07 20:43:47,310: update.0.child      : update.0                        : update.0.child.subscriber._state_cb: DEBUG   : bulked unit.000012 [AGENT_EXECUTING_PENDING] update.0.child
2017-09-07 20:43:47,337: update.0.child      : update.0                        : update.0.child.subscriber._state_cb: DEBUG   : bulked unit.000012 [AGENT_EXECUTING] update.0.child
2017-09-07 20:43:47,665: update.0.child      : update.0                        : update.0.child.idler._idle_cb: DEBUG   : bulk update result: {'nModified': 25, 'nUpserted': 0, 'nMatched': 25, 'writeErrors': [], 'upserted': [], 'writeConcernErrors': [], 'nRemoved': 0, 'nInserted': 0}
2017-09-07 20:47:57,283: update.0.child      : update.0                        : update.0.child.subscriber._state_cb: DEBUG   : bulked unit.000000 [AGENT_STAGING_OUTPUT_PENDING] update.0.child
2017-09-07 20:47:57,332: update.0.child      : update.0                        : update.0.child.subscriber._state_cb: DEBUG   : bulk update result: {'nModified': 1, 'nUpserted': 0, 'nMatched': 1, 'writeErrors': [], 'upserted': [], 'writeConcernErrors': [], 'nRemoved': 0, 'nInserted': 0}
2017-09-07 20:47:57,428: update.0.child      : update.0                        : update.0.child.subscriber._state_cb: DEBUG   : bulked unit.000000 [UMGR_STAGING_OUTPUT_PENDING] update.0.child
2017-09-07 20:47:57,431: update.0.child      : update.0                        : update.0.child.subscriber._state_cb: DEBUG   : bulked unit.000000 [UMGR_STAGING_OUTPUT] update.0.child
2017-09-07 20:47:57,432: update.0.child      : update.0                        : update.0.child.subscriber._state_cb: DEBUG   : bulked unit.000000 [DONE] update.0.child
2017-09-07 20:47:58,414: update.0.child      : update.0                        : update.0.child.subscriber._state_cb: DEBUG   : bulked unit.000009 [AGENT_STAGING_OUTPUT_PENDING] update.0.child
2017-09-07 20:47:58,463: update.0.child      : update.0                        : update.0.child.subscriber._state_cb: DEBUG   : bulk update result: {'nModified': 4, 'nUpserted': 0, 'nMatched': 4, 'writeErrors': [], 'upserted': [], 'writeConcernErrors': [], 'nRemoved': 0, 'nInserted': 0}
2017-09-07 20:47:58,463: update.0.child      : update.0                        : update.0.child.subscriber._state_cb: DEBUG   : bulked unit.000003 [AGENT_STAGING_OUTPUT_PENDING] update.0.child
2017-09-07 20:47:58,464: update.0.child      : update.0                        : update.0.child.subscriber._state_cb: DEBUG   : bulked unit.000003 [AGENT_STAGING_OUTPUT] update.0.child
2017-09-07 20:47:58,493: update.0.child      : update.0                        : update.0.child.subscriber._state_cb: DEBUG   : bulked unit.000003 [UMGR_STAGING_OUTPUT_PENDING] update.0.child
2017-09-07 20:47:58,516: update.0.child      : update.0                        : update.0.child.subscriber._state_cb: DEBUG   : bulked unit.000005 [AGENT_STAGING_OUTPUT_PENDING] update.0.child
2017-09-07 20:47:58,539: update.0.child      : update.0                        : update.0.child.subscriber._state_cb: DEBUG   : bulked unit.000005 [AGENT_STAGING_OUTPUT] update.0.child
2017-09-07 20:47:58,563: update.0.child      : update.0                        : update.0.child.subscriber._state_cb: DEBUG   : bulked unit.000005 [UMGR_STAGING_OUTPUT_PENDING] update.0.child
2017-09-07 20:47:58,587: update.0.child      : update.0                        : update.0.child.subscriber._state_cb: DEBUG   : bulked unit.000006 [AGENT_STAGING_OUTPUT_PENDING] update.0.child
2017-09-07 20:47:58,610: update.0.child      : update.0                        : update.0.child.subscriber._state_cb: DEBUG   : bulked unit.000006 [AGENT_STAGING_OUTPUT] update.0.child
2017-09-07 20:47:58,643: update.0.child      : update.0                        : update.0.child.subscriber._state_cb: DEBUG   : bulked unit.000006 [UMGR_STAGING_OUTPUT_PENDING] update.0.child
2017-09-07 20:47:58,675: update.0.child      : update.0                        : update.0.child.subscriber._state_cb: DEBUG   : bulked unit.000010 [AGENT_STAGING_OUTPUT_PENDING] update.0.child
2017-09-07 20:47:58,716: update.0.child      : update.0                        : update.0.child.subscriber._state_cb: DEBUG   : bulked unit.000010 [AGENT_STAGING_OUTPUT] update.0.child
2017-09-07 20:47:58,742: update.0.child      : update.0                        : update.0.child.subscriber._state_cb: DEBUG   : bulked unit.000010 [UMGR_STAGING_OUTPUT_PENDING] update.0.child
2017-09-07 20:47:58,776: update.0.child      : update.0                        : update.0.child.subscriber._state_cb: DEBUG   : bulked unit.000008 [AGENT_STAGING_OUTPUT_PENDING] update.0.child
2017-09-07 20:47:58,811: update.0.child      : update.0                        : update.0.child.subscriber._state_cb: DEBUG   : bulked unit.000008 [AGENT_STAGING_OUTPUT] update.0.child
2017-09-07 20:47:58,837: update.0.child      : update.0                        : update.0.child.subscriber._state_cb: DEBUG   : bulked unit.000008 [UMGR_STAGING_OUTPUT_PENDING] update.0.child
2017-09-07 20:47:58,862: update.0.child      : update.0                        : update.0.child.subscriber._state_cb: DEBUG   : bulked unit.000002 [AGENT_STAGING_OUTPUT_PENDING] update.0.child
2017-09-07 20:47:58,885: update.0.child      : update.0                        : update.0.child.subscriber._state_cb: DEBUG   : bulked unit.000002 [AGENT_STAGING_OUTPUT] update.0.child
2017-09-07 20:47:58,918: update.0.child      : update.0                        : update.0.child.subscriber._state_cb: DEBUG   : bulked unit.000002 [UMGR_STAGING_OUTPUT_PENDING] update.0.child
2017-09-07 20:47:58,941: update.0.child      : update.0                        : update.0.child.subscriber._state_cb: DEBUG   : bulked unit.000004 [AGENT_STAGING_OUTPUT_PENDING] update.0.child
2017-09-07 20:47:58,964: update.0.child      : update.0                        : update.0.child.subscriber._state_cb: DEBUG   : bulked unit.000004 [AGENT_STAGING_OUTPUT] update.0.child
2017-09-07 20:47:58,989: update.0.child      : update.0                        : update.0.child.subscriber._state_cb: DEBUG   : bulked unit.000004 [UMGR_STAGING_OUTPUT_PENDING] update.0.child
2017-09-07 20:47:59,013: update.0.child      : update.0                        : update.0.child.subscriber._state_cb: DEBUG   : bulked unit.000007 [AGENT_STAGING_OUTPUT_PENDING] update.0.child
2017-09-07 20:47:59,046: update.0.child      : update.0                        : update.0.child.subscriber._state_cb: DEBUG   : bulked unit.000007 [AGENT_STAGING_OUTPUT] update.0.child
2017-09-07 20:47:59,071: update.0.child      : update.0                        : update.0.child.subscriber._state_cb: DEBUG   : bulked unit.000007 [UMGR_STAGING_OUTPUT_PENDING] update.0.child
2017-09-07 20:47:59,104: update.0.child      : update.0                        : update.0.child.subscriber._state_cb: DEBUG   : bulked unit.000001 [AGENT_STAGING_OUTPUT_PENDING] update.0.child
2017-09-07 20:47:59,146: update.0.child      : update.0                        : update.0.child.subscriber._state_cb: DEBUG   : bulked unit.000001 [AGENT_STAGING_OUTPUT] update.0.child
2017-09-07 20:47:59,170: update.0.child      : update.0                        : update.0.child.subscriber._state_cb: DEBUG   : bulked unit.000001 [UMGR_STAGING_OUTPUT_PENDING] update.0.child
2017-09-07 20:47:59,369: update.0.child      : update.0                        : update.0.child.subscriber._state_cb: DEBUG   : bulked unit.000001 [UMGR_STAGING_OUTPUT_PENDING] update.0.child
2017-09-07 20:47:59,369: update.0.child      : update.0                        : update.0.child.subscriber._state_cb: DEBUG   : bulked unit.000003 [UMGR_STAGING_OUTPUT_PENDING] update.0.child
2017-09-07 20:47:59,369: update.0.child      : update.0                        : update.0.child.subscriber._state_cb: DEBUG   : bulked unit.000005 [UMGR_STAGING_OUTPUT_PENDING] update.0.child
2017-09-07 20:47:59,369: update.0.child      : update.0                        : update.0.child.subscriber._state_cb: DEBUG   : bulked unit.000007 [UMGR_STAGING_OUTPUT_PENDING] update.0.child
2017-09-07 20:47:59,370: update.0.child      : update.0                        : update.0.child.subscriber._state_cb: DEBUG   : bulked unit.000010 [UMGR_STAGING_OUTPUT_PENDING] update.0.child
2017-09-07 20:47:59,370: update.0.child      : update.0                        : update.0.child.subscriber._state_cb: DEBUG   : bulked unit.000002 [UMGR_STAGING_OUTPUT_PENDING] update.0.child
2017-09-07 20:47:59,370: update.0.child      : update.0                        : update.0.child.subscriber._state_cb: DEBUG   : bulked unit.000006 [UMGR_STAGING_OUTPUT_PENDING] update.0.child
2017-09-07 20:47:59,370: update.0.child      : update.0                        : update.0.child.subscriber._state_cb: DEBUG   : bulked unit.000004 [UMGR_STAGING_OUTPUT_PENDING] update.0.child
2017-09-07 20:47:59,370: update.0.child      : update.0                        : update.0.child.subscriber._state_cb: DEBUG   : bulked unit.000008 [UMGR_STAGING_OUTPUT_PENDING] update.0.child
2017-09-07 20:47:59,375: update.0.child      : update.0                        : update.0.child.subscriber._state_cb: DEBUG   : bulked unit.000001 [UMGR_STAGING_OUTPUT] update.0.child
2017-09-07 20:47:59,375: update.0.child      : update.0                        : update.0.child.subscriber._state_cb: DEBUG   : bulked unit.000003 [UMGR_STAGING_OUTPUT] update.0.child
2017-09-07 20:47:59,375: update.0.child      : update.0                        : update.0.child.subscriber._state_cb: DEBUG   : bulked unit.000005 [UMGR_STAGING_OUTPUT] update.0.child
2017-09-07 20:47:59,375: update.0.child      : update.0                        : update.0.child.subscriber._state_cb: DEBUG   : bulked unit.000007 [UMGR_STAGING_OUTPUT] update.0.child
2017-09-07 20:47:59,375: update.0.child      : update.0                        : update.0.child.subscriber._state_cb: DEBUG   : bulked unit.000010 [UMGR_STAGING_OUTPUT] update.0.child
2017-09-07 20:47:59,375: update.0.child      : update.0                        : update.0.child.subscriber._state_cb: DEBUG   : bulked unit.000002 [UMGR_STAGING_OUTPUT] update.0.child
2017-09-07 20:47:59,375: update.0.child      : update.0                        : update.0.child.subscriber._state_cb: DEBUG   : bulked unit.000006 [UMGR_STAGING_OUTPUT] update.0.child
2017-09-07 20:47:59,375: update.0.child      : update.0                        : update.0.child.subscriber._state_cb: DEBUG   : bulked unit.000004 [UMGR_STAGING_OUTPUT] update.0.child
2017-09-07 20:47:59,376: update.0.child      : update.0                        : update.0.child.subscriber._state_cb: DEBUG   : bulked unit.000008 [UMGR_STAGING_OUTPUT] update.0.child
2017-09-07 20:47:59,376: update.0.child      : update.0                        : update.0.child.subscriber._state_cb: DEBUG   : bulked unit.000001 [DONE] update.0.child
2017-09-07 20:47:59,376: update.0.child      : update.0                        : update.0.child.subscriber._state_cb: DEBUG   : bulked unit.000003 [DONE] update.0.child
2017-09-07 20:47:59,376: update.0.child      : update.0                        : update.0.child.subscriber._state_cb: DEBUG   : bulked unit.000005 [DONE] update.0.child
2017-09-07 20:47:59,376: update.0.child      : update.0                        : update.0.child.subscriber._state_cb: DEBUG   : bulked unit.000007 [DONE] update.0.child
2017-09-07 20:47:59,377: update.0.child      : update.0                        : update.0.child.subscriber._state_cb: DEBUG   : bulked unit.000010 [DONE] update.0.child
2017-09-07 20:47:59,377: update.0.child      : update.0                        : update.0.child.subscriber._state_cb: DEBUG   : bulked unit.000002 [DONE] update.0.child
2017-09-07 20:47:59,377: update.0.child      : update.0                        : update.0.child.subscriber._state_cb: DEBUG   : bulked unit.000006 [DONE] update.0.child
2017-09-07 20:47:59,377: update.0.child      : update.0                        : update.0.child.subscriber._state_cb: DEBUG   : bulked unit.000004 [DONE] update.0.child
2017-09-07 20:47:59,377: update.0.child      : update.0                        : update.0.child.subscriber._state_cb: DEBUG   : bulked unit.000008 [DONE] update.0.child
2017-09-07 20:48:00,234: update.0.child      : update.0                        : update.0.child.idler._idle_cb: DEBUG   : bulk update result: {'nModified': 54, 'nUpserted': 0, 'nMatched': 54, 'writeErrors': [], 'upserted': [], 'writeConcernErrors': [], 'nRemoved': 0, 'nInserted': 0}
2017-09-07 20:48:00,314: update.0.child      : update.0                        : update.0.child.subscriber._state_cb: DEBUG   : bulked unit.000009 [AGENT_STAGING_OUTPUT] update.0.child
2017-09-07 20:48:00,344: update.0.child      : update.0                        : update.0.child.subscriber._state_cb: DEBUG   : bulked unit.000009 [UMGR_STAGING_OUTPUT_PENDING] update.0.child
2017-09-07 20:48:00,374: update.0.child      : update.0                        : update.0.child.subscriber._state_cb: DEBUG   : bulked unit.000015 [AGENT_STAGING_OUTPUT_PENDING] update.0.child
2017-09-07 20:48:00,407: update.0.child      : update.0                        : update.0.child.subscriber._state_cb: DEBUG   : bulked unit.000015 [AGENT_STAGING_OUTPUT] update.0.child
2017-09-07 20:48:00,445: update.0.child      : update.0                        : update.0.child.subscriber._state_cb: DEBUG   : bulked unit.000015 [UMGR_STAGING_OUTPUT_PENDING] update.0.child
2017-09-07 20:48:00,485: update.0.child      : update.0                        : update.0.child.subscriber._state_cb: DEBUG   : bulked unit.000014 [AGENT_STAGING_OUTPUT_PENDING] update.0.child
2017-09-07 20:48:00,523: update.0.child      : update.0                        : update.0.child.subscriber._state_cb: DEBUG   : bulked unit.000014 [AGENT_STAGING_OUTPUT] update.0.child
2017-09-07 20:48:00,553: update.0.child      : update.0                        : update.0.child.subscriber._state_cb: DEBUG   : bulked unit.000014 [UMGR_STAGING_OUTPUT_PENDING] update.0.child
2017-09-07 20:48:00,583: update.0.child      : update.0                        : update.0.child.subscriber._state_cb: DEBUG   : bulked unit.000013 [AGENT_STAGING_OUTPUT_PENDING] update.0.child
2017-09-07 20:48:00,624: update.0.child      : update.0                        : update.0.child.subscriber._state_cb: DEBUG   : bulked unit.000013 [AGENT_STAGING_OUTPUT] update.0.child
2017-09-07 20:48:00,654: update.0.child      : update.0                        : update.0.child.subscriber._state_cb: DEBUG   : bulked unit.000013 [UMGR_STAGING_OUTPUT_PENDING] update.0.child
2017-09-07 20:48:00,688: update.0.child      : update.0                        : update.0.child.subscriber._state_cb: DEBUG   : bulked unit.000011 [AGENT_STAGING_OUTPUT_PENDING] update.0.child
2017-09-07 20:48:00,718: update.0.child      : update.0                        : update.0.child.subscriber._state_cb: DEBUG   : bulked unit.000011 [AGENT_STAGING_OUTPUT] update.0.child
2017-09-07 20:48:00,756: update.0.child      : update.0                        : update.0.child.subscriber._state_cb: DEBUG   : bulked unit.000011 [UMGR_STAGING_OUTPUT_PENDING] update.0.child
2017-09-07 20:48:00,788: update.0.child      : update.0                        : update.0.child.subscriber._state_cb: DEBUG   : bulked unit.000012 [AGENT_STAGING_OUTPUT_PENDING] update.0.child
2017-09-07 20:48:00,826: update.0.child      : update.0                        : update.0.child.subscriber._state_cb: DEBUG   : bulked unit.000012 [AGENT_STAGING_OUTPUT] update.0.child
2017-09-07 20:48:00,857: update.0.child      : update.0                        : update.0.child.subscriber._state_cb: DEBUG   : bulked unit.000012 [UMGR_STAGING_OUTPUT_PENDING] update.0.child
2017-09-07 20:48:01,053: update.0.child      : update.0                        : update.0.child.subscriber._state_cb: DEBUG   : bulked unit.000009 [UMGR_STAGING_OUTPUT_PENDING] update.0.child
2017-09-07 20:48:01,054: update.0.child      : update.0                        : update.0.child.subscriber._state_cb: DEBUG   : bulked unit.000012 [UMGR_STAGING_OUTPUT_PENDING] update.0.child
2017-09-07 20:48:01,054: update.0.child      : update.0                        : update.0.child.subscriber._state_cb: DEBUG   : bulked unit.000014 [UMGR_STAGING_OUTPUT_PENDING] update.0.child
2017-09-07 20:48:01,054: update.0.child      : update.0                        : update.0.child.subscriber._state_cb: DEBUG   : bulked unit.000011 [UMGR_STAGING_OUTPUT_PENDING] update.0.child
2017-09-07 20:48:01,054: update.0.child      : update.0                        : update.0.child.subscriber._state_cb: DEBUG   : bulked unit.000015 [UMGR_STAGING_OUTPUT_PENDING] update.0.child
2017-09-07 20:48:01,054: update.0.child      : update.0                        : update.0.child.subscriber._state_cb: DEBUG   : bulked unit.000013 [UMGR_STAGING_OUTPUT_PENDING] update.0.child
2017-09-07 20:48:01,057: update.0.child      : update.0                        : update.0.child.subscriber._state_cb: DEBUG   : bulked unit.000009 [UMGR_STAGING_OUTPUT] update.0.child
2017-09-07 20:48:01,057: update.0.child      : update.0                        : update.0.child.subscriber._state_cb: DEBUG   : bulked unit.000012 [UMGR_STAGING_OUTPUT] update.0.child
2017-09-07 20:48:01,058: update.0.child      : update.0                        : update.0.child.subscriber._state_cb: DEBUG   : bulked unit.000014 [UMGR_STAGING_OUTPUT] update.0.child
2017-09-07 20:48:01,058: update.0.child      : update.0                        : update.0.child.subscriber._state_cb: DEBUG   : bulked unit.000011 [UMGR_STAGING_OUTPUT] update.0.child
2017-09-07 20:48:01,058: update.0.child      : update.0                        : update.0.child.subscriber._state_cb: DEBUG   : bulked unit.000015 [UMGR_STAGING_OUTPUT] update.0.child
2017-09-07 20:48:01,058: update.0.child      : update.0                        : update.0.child.subscriber._state_cb: DEBUG   : bulked unit.000013 [UMGR_STAGING_OUTPUT] update.0.child
2017-09-07 20:48:01,058: update.0.child      : update.0                        : update.0.child.subscriber._state_cb: DEBUG   : bulked unit.000009 [DONE] update.0.child
2017-09-07 20:48:01,059: update.0.child      : update.0                        : update.0.child.subscriber._state_cb: DEBUG   : bulked unit.000012 [DONE] update.0.child
2017-09-07 20:48:01,059: update.0.child      : update.0                        : update.0.child.subscriber._state_cb: DEBUG   : bulked unit.000014 [DONE] update.0.child
2017-09-07 20:48:01,059: update.0.child      : update.0                        : update.0.child.subscriber._state_cb: DEBUG   : bulked unit.000011 [DONE] update.0.child
2017-09-07 20:48:01,059: update.0.child      : update.0                        : update.0.child.subscriber._state_cb: DEBUG   : bulked unit.000015 [DONE] update.0.child
2017-09-07 20:48:01,059: update.0.child      : update.0                        : update.0.child.subscriber._state_cb: DEBUG   : bulked unit.000013 [DONE] update.0.child
2017-09-07 20:48:01,338: update.0.child      : update.0                        : update.0.child.idler._idle_cb: DEBUG   : bulk update result: {'nModified': 35, 'nUpserted': 0, 'nMatched': 35, 'writeErrors': [], 'upserted': [], 'writeConcernErrors': [], 'nRemoved': 0, 'nInserted': 0}
2017-09-07 20:48:13,154: update.0.child      : update.0                        : update.0.child.subscriber._state_cb: DEBUG   : bulked pilot.0000 [CANCELED] update.0.child
2017-09-07 20:48:13,203: update.0.child      : update.0                        : update.0.child.subscriber._state_cb: DEBUG   : bulk update result: {'nModified': 1, 'nUpserted': 0, 'nMatched': 1, 'writeErrors': [], 'upserted': [], 'writeConcernErrors': [], 'nRemoved': 0, 'nInserted': 0}
