2017-09-08 16:33:54,392: pmgr.launching.0.child: pmgr.launching.0                : MainThread     : INFO    : python.interpreter   version: 2.7.12 (default, Nov 19 2016, 06:48:10) [GCC 5.4.0 20160609]
2017-09-08 16:33:54,393: pmgr.launching.0.child: pmgr.launching.0                : MainThread     : INFO    :                      pid: 19150
2017-09-08 16:33:54,393: pmgr.launching.0.child: pmgr.launching.0                : MainThread     : INFO    :                      tid: MainThread
2017-09-08 16:33:54,394: pmgr.launching.0.child: pmgr.launching.0                : MainThread     : INFO    : radical.pilot        version: 0.46-v0.46.RC2@devel
2017-09-08 16:33:55,415: pmgr.launching.0.child: pmgr.launching.0                : MainThread     : INFO    : initialize pmgr.launching.0.child
2017-09-08 16:33:55,417: pmgr.launching.0.child: pmgr.launching.0                : MainThread     : INFO    : cfg: {'agents': {},
 u'bridges': {u'control_pubsub': {'addr_in': 'tcp://172.30.238.6:37053',
                                  'addr_out': 'tcp://172.30.238.6:36984',
                                  u'bulk_size': 0,
                                  u'log_level': u'debug',
                                  u'stall_hwm': 1},
              u'log_pubsub': {'addr_in': 'tcp://172.30.238.6:35657',
                              'addr_out': 'tcp://172.30.238.6:43445',
                              u'bulk_size': 0,
                              u'log_level': u'debug',
                              u'stall_hwm': 1},
              u'pmgr_launching_queue': {'addr_in': 'tcp://172.30.238.6:39496',
                                        'addr_out': 'tcp://172.30.238.6:40679',
                                        u'bulk_size': 0,
                                        u'log_level': u'debug',
                                        u'stall_hwm': 1},
              u'state_pubsub': {'addr_in': 'tcp://172.30.238.6:40546',
                                'addr_out': 'tcp://172.30.238.6:39530',
                                u'bulk_size': 0,
                                u'log_level': u'debug',
                                u'stall_hwm': 1}},
 'cname': u'PMGRLaunchingComponent',
 u'components': {},
 u'count': 1,
 u'db_poll_sleeptime': 1.0,
 'number': 0,
 'owner': 'pmgr.0000',
 'uid': 'pmgr.0000'}
2017-09-08 16:33:55,417: pmgr.launching.0.child: pmgr.launching.0                : MainThread     : DEBUG   : start components: {}
2017-09-08 16:33:55,418: pmgr.launching.0.child: pmgr.launching.0                : MainThread     : DEBUG   : alive check in term
2017-09-08 16:33:55,418: pmgr.launching.0.child: pmgr.launching.0                : MainThread     : DEBUG   : START: pmgr.launching.0.child register publisher log_pubsub
2017-09-08 16:33:55,418: pmgr.launching.0.child: pmgr.launching.0                : MainThread     : DEBUG   : using addr tcp://172.30.238.6:35657 for pubsub log_pubsub
2017-09-08 16:33:55,420: pmgr.launching.0.child: pmgr.launching.0                : MainThread     : DEBUG   : registered publisher : log_pubsub : log.pubsub.pub.0001
2017-09-08 16:33:55,420: pmgr.launching.0.child: pmgr.launching.0                : MainThread     : DEBUG   : alive check in term
2017-09-08 16:33:55,420: pmgr.launching.0.child: pmgr.launching.0                : MainThread     : DEBUG   : START: pmgr.launching.0.child register publisher state_pubsub
2017-09-08 16:33:55,421: pmgr.launching.0.child: pmgr.launching.0                : MainThread     : DEBUG   : using addr tcp://172.30.238.6:40546 for pubsub state_pubsub
2017-09-08 16:33:55,423: pmgr.launching.0.child: pmgr.launching.0                : MainThread     : DEBUG   : registered publisher : state_pubsub : state.pubsub.pub.0001
2017-09-08 16:33:55,423: pmgr.launching.0.child: pmgr.launching.0                : MainThread     : DEBUG   : alive check in term
2017-09-08 16:33:55,423: pmgr.launching.0.child: pmgr.launching.0                : MainThread     : DEBUG   : START: pmgr.launching.0.child register publisher control_pubsub
2017-09-08 16:33:55,423: pmgr.launching.0.child: pmgr.launching.0                : MainThread     : DEBUG   : using addr tcp://172.30.238.6:37053 for pubsub control_pubsub
2017-09-08 16:33:55,425: pmgr.launching.0.child: pmgr.launching.0                : MainThread     : DEBUG   : registered publisher : control_pubsub : control.pubsub.pub.0001
2017-09-08 16:33:55,425: pmgr.launching.0.child: pmgr.launching.0                : MainThread     : DEBUG   : alive check in term
2017-09-08 16:33:55,425: pmgr.launching.0.child: pmgr.launching.0                : MainThread     : DEBUG   : START: pmgr.launching.0.child register subscriber pmgr.launching.0.child.subscriber._cancel_monitor_cb
2017-09-08 16:33:55,425: pmgr.launching.0.child: pmgr.launching.0                : MainThread     : DEBUG   : using addr tcp://172.30.238.6:36984 for pubsub control_pubsub
2017-09-08 16:33:55,436: pmgr.launching.0.child: pmgr.launching.0                : MainThread     : DEBUG   : parent name: pmgr.launching.0.child.subscriber._cancel_monitor_cb
2017-09-08 16:33:55,436: pmgr.launching.0.child: pmgr.launching.0                : MainThread     : DEBUG   : start thread
2017-09-08 16:33:55,436: pmgr.launching.0.child: pmgr.launching.0                : pmgr.launching.0.child.subscriber._cancel_monitor_cb: DEBUG   : child name: pmgr.launching.0.child.subscriber._cancel_monitor_cb.thread
2017-09-08 16:33:55,437: pmgr.launching.0.child: pmgr.launching.0                : pmgr.launching.0.child.subscriber._cancel_monitor_cb: INFO    : child (me) initializing
2017-09-08 16:33:55,437: pmgr.launching.0.child: pmgr.launching.0                : pmgr.launching.0.child.subscriber._cancel_monitor_cb: DEBUG   : ru_initialize_common (NOOP)
2017-09-08 16:33:55,437: pmgr.launching.0.child: pmgr.launching.0                : pmgr.launching.0.child.subscriber._cancel_monitor_cb: DEBUG   : ru_initialize_child (NOOP)
2017-09-08 16:33:55,437: pmgr.launching.0.child: pmgr.launching.0                : pmgr.launching.0.child.subscriber._cancel_monitor_cb: INFO    : send alive
2017-09-08 16:33:55,437: pmgr.launching.0.child: pmgr.launching.0                : pmgr.launching.0.child.subscriber._cancel_monitor_cb: INFO    : put message: [pmgr.launching.0.child.subscriber._cancel_monitor_cb.thread] alive
2017-09-08 16:33:55,438: pmgr.launching.0.child: pmgr.launching.0                : MainThread     : INFO    : get msg: alive
2017-09-08 16:33:55,438: pmgr.launching.0.child: pmgr.launching.0                : MainThread     : DEBUG   : ru_initialize_common (NOOP)
2017-09-08 16:33:55,438: pmgr.launching.0.child: pmgr.launching.0                : MainThread     : DEBUG   : ru_initialize_parent (NOOP)
2017-09-08 16:33:55,438: pmgr.launching.0.child: pmgr.launching.0                : MainThread     : DEBUG   : child thread pmgr.launching.0.child.subscriber._cancel_monitor_cb started
2017-09-08 16:33:55,438: pmgr.launching.0.child: pmgr.launching.0                : MainThread     : DEBUG   : pmgr.launching.0.child registered control_pubsub subscriber pmgr.launching.0.child.subscriber._cancel_monitor_cb
2017-09-08 16:33:55,438: pmgr.launching.0.child: pmgr.launching.0                : MainThread     : DEBUG   : alive check in term
2017-09-08 16:33:55,438: pmgr.launching.0.child: pmgr.launching.0                : MainThread     : DEBUG   : using addr tcp://172.30.238.6:40679 for input pmgr_launching_queue
2017-09-08 16:33:55,440: pmgr.launching.0.child: pmgr.launching.0                : MainThread     : DEBUG   : registered input pmgr.launching.0.child.work.PMGR_LAUNCHING_PENDING
2017-09-08 16:33:55,440: pmgr.launching.0.child: pmgr.launching.0                : MainThread     : DEBUG   : START: pmgr.launching.0.child register input PMGR_LAUNCHING_PENDING: pmgr.launching.0.child.work.PMGR_LAUNCHING_PENDING
2017-09-08 16:33:55,440: pmgr.launching.0.child: pmgr.launching.0                : MainThread     : DEBUG   : registered worker work [PMGR_LAUNCHING_PENDING]
2017-09-08 16:33:55,440: pmgr.launching.0.child: pmgr.launching.0                : MainThread     : DEBUG   : alive check in term
2017-09-08 16:33:55,440: pmgr.launching.0.child: pmgr.launching.0                : MainThread     : DEBUG   : START: pmgr.launching.0.child register idler pmgr.launching.0.child.idler._pilot_watcher_cb
2017-09-08 16:33:55,441: pmgr.launching.0.child: pmgr.launching.0                : MainThread     : DEBUG   : parent name: pmgr.launching.0.child.idler._pilot_watcher_cb
2017-09-08 16:33:55,441: pmgr.launching.0.child: pmgr.launching.0                : MainThread     : DEBUG   : start thread
2017-09-08 16:33:55,441: pmgr.launching.0.child: pmgr.launching.0                : pmgr.launching.0.child.idler._pilot_watcher_cb: DEBUG   : child name: pmgr.launching.0.child.idler._pilot_watcher_cb.thread
2017-09-08 16:33:55,441: pmgr.launching.0.child: pmgr.launching.0                : pmgr.launching.0.child.idler._pilot_watcher_cb: INFO    : child (me) initializing
2017-09-08 16:33:55,441: pmgr.launching.0.child: pmgr.launching.0                : pmgr.launching.0.child.idler._pilot_watcher_cb: DEBUG   : ru_initialize_common (NOOP)
2017-09-08 16:33:55,442: pmgr.launching.0.child: pmgr.launching.0                : pmgr.launching.0.child.idler._pilot_watcher_cb: DEBUG   : ru_initialize_child (NOOP)
2017-09-08 16:33:55,442: pmgr.launching.0.child: pmgr.launching.0                : pmgr.launching.0.child.idler._pilot_watcher_cb: INFO    : send alive
2017-09-08 16:33:55,442: pmgr.launching.0.child: pmgr.launching.0                : pmgr.launching.0.child.idler._pilot_watcher_cb: INFO    : put message: [pmgr.launching.0.child.idler._pilot_watcher_cb.thread] alive
2017-09-08 16:33:55,442: pmgr.launching.0.child: pmgr.launching.0                : MainThread     : INFO    : get msg: alive
2017-09-08 16:33:55,443: pmgr.launching.0.child: pmgr.launching.0                : MainThread     : DEBUG   : ru_initialize_common (NOOP)
2017-09-08 16:33:55,443: pmgr.launching.0.child: pmgr.launching.0                : MainThread     : DEBUG   : ru_initialize_parent (NOOP)
2017-09-08 16:33:55,443: pmgr.launching.0.child: pmgr.launching.0                : MainThread     : DEBUG   : child thread pmgr.launching.0.child.idler._pilot_watcher_cb started
2017-09-08 16:33:55,443: pmgr.launching.0.child: pmgr.launching.0                : MainThread     : DEBUG   : pmgr.launching.0.child registered idler pmgr.launching.0.child.idler._pilot_watcher_cb
2017-09-08 16:33:55,443: pmgr.launching.0.child: pmgr.launching.0                : MainThread     : DEBUG   : alive check in term
2017-09-08 16:33:55,443: pmgr.launching.0.child: pmgr.launching.0                : MainThread     : DEBUG   : START: pmgr.launching.0.child register subscriber pmgr.launching.0.child.subscriber._pmgr_control_cb
2017-09-08 16:33:55,444: pmgr.launching.0.child: pmgr.launching.0                : MainThread     : DEBUG   : using addr tcp://172.30.238.6:36984 for pubsub control_pubsub
2017-09-08 16:33:55,447: pmgr.launching.0.child: pmgr.launching.0                : MainThread     : DEBUG   : parent name: pmgr.launching.0.child.subscriber._pmgr_control_cb
2017-09-08 16:33:55,447: pmgr.launching.0.child: pmgr.launching.0                : MainThread     : DEBUG   : start thread
2017-09-08 16:33:55,451: pmgr.launching.0.child: pmgr.launching.0                : pmgr.launching.0.child.subscriber._pmgr_control_cb: DEBUG   : child name: pmgr.launching.0.child.subscriber._pmgr_control_cb.thread
2017-09-08 16:33:55,451: pmgr.launching.0.child: pmgr.launching.0                : pmgr.launching.0.child.subscriber._pmgr_control_cb: INFO    : child (me) initializing
2017-09-08 16:33:55,451: pmgr.launching.0.child: pmgr.launching.0                : pmgr.launching.0.child.subscriber._pmgr_control_cb: DEBUG   : ru_initialize_common (NOOP)
2017-09-08 16:33:55,451: pmgr.launching.0.child: pmgr.launching.0                : pmgr.launching.0.child.subscriber._pmgr_control_cb: DEBUG   : ru_initialize_child (NOOP)
2017-09-08 16:33:55,451: pmgr.launching.0.child: pmgr.launching.0                : pmgr.launching.0.child.subscriber._pmgr_control_cb: INFO    : send alive
2017-09-08 16:33:55,451: pmgr.launching.0.child: pmgr.launching.0                : pmgr.launching.0.child.subscriber._pmgr_control_cb: INFO    : put message: [pmgr.launching.0.child.subscriber._pmgr_control_cb.thread] alive
2017-09-08 16:33:55,452: pmgr.launching.0.child: pmgr.launching.0                : MainThread     : INFO    : get msg: alive
2017-09-08 16:33:55,452: pmgr.launching.0.child: pmgr.launching.0                : MainThread     : DEBUG   : ru_initialize_common (NOOP)
2017-09-08 16:33:55,452: pmgr.launching.0.child: pmgr.launching.0                : MainThread     : DEBUG   : ru_initialize_parent (NOOP)
2017-09-08 16:33:55,452: pmgr.launching.0.child: pmgr.launching.0                : MainThread     : DEBUG   : child thread pmgr.launching.0.child.subscriber._pmgr_control_cb started
2017-09-08 16:33:55,452: pmgr.launching.0.child: pmgr.launching.0                : MainThread     : DEBUG   : pmgr.launching.0.child registered control_pubsub subscriber pmgr.launching.0.child.subscriber._pmgr_control_cb
2017-09-08 16:33:55,453: pmgr.launching.0.child: pmgr.launching.0                : MainThread     : INFO    : ('0.46', '0.46-v0.46.RC2@devel', 'v0.46.RC2', '@devel', 'radical.pilot-0.46-v0.46.RC2-devel.tar.gz', '/home/vivek91/ves/entk-exp/local/lib/python2.7/site-packages/radical/pilot/pmgr/launching/../..//radical.pilot-0.46-v0.46.RC2-devel.tar.gz')
2017-09-08 16:33:55,454: pmgr.launching.0.child: pmgr.launching.0                : MainThread     : INFO    : child (me) initializing
2017-09-08 16:33:55,454: pmgr.launching.0.child: pmgr.launching.0                : MainThread     : DEBUG   : parent name: pmgr.launching.0.child.watch
2017-09-08 16:33:55,454: pmgr.launching.0.child: pmgr.launching.0                : MainThread     : DEBUG   : start thread
2017-09-08 16:33:55,454: pmgr.launching.0.child: pmgr.launching.0                : pmgr.launching.0.child.watch: DEBUG   : child name: pmgr.launching.0.child.watch.thread
2017-09-08 16:33:55,455: pmgr.launching.0.child: pmgr.launching.0                : pmgr.launching.0.child.watch: INFO    : child (me) initializing
2017-09-08 16:33:55,455: pmgr.launching.0.child: pmgr.launching.0                : pmgr.launching.0.child.watch: DEBUG   : ru_initialize_common (NOOP)
2017-09-08 16:33:55,455: pmgr.launching.0.child: pmgr.launching.0                : pmgr.launching.0.child.watch: DEBUG   : ru_initialize_child (NOOP)
2017-09-08 16:33:55,455: pmgr.launching.0.child: pmgr.launching.0                : pmgr.launching.0.child.watch: INFO    : send alive
2017-09-08 16:33:55,455: pmgr.launching.0.child: pmgr.launching.0                : pmgr.launching.0.child.watch: INFO    : put message: [pmgr.launching.0.child.watch.thread] alive
2017-09-08 16:33:55,456: pmgr.launching.0.child: pmgr.launching.0                : MainThread     : INFO    : get msg: alive
2017-09-08 16:33:55,456: pmgr.launching.0.child: pmgr.launching.0                : MainThread     : DEBUG   : ru_initialize_common (NOOP)
2017-09-08 16:33:55,456: pmgr.launching.0.child: pmgr.launching.0                : MainThread     : DEBUG   : ru_initialize_parent (NOOP)
2017-09-08 16:33:55,456: pmgr.launching.0.child: pmgr.launching.0                : MainThread     : DEBUG   : child thread pmgr.launching.0.child.watch started
2017-09-08 16:33:55,456: pmgr.launching.0.child: pmgr.launching.0                : MainThread     : INFO    : child (me) is alive
2017-09-08 16:33:55,456: pmgr.launching.0.child: pmgr.launching.0                : MainThread     : INFO    : send alive
2017-09-08 16:33:55,456: pmgr.launching.0.child: pmgr.launching.0                : MainThread     : INFO    : send message: [pmgr.launching.0.child] alive
2017-09-08 16:33:58,059: pmgr.launching.0.child: pmgr.launching.0                : MainThread     : DEBUG   : got pilot (pilot.0000)
2017-09-08 16:33:58,059: pmgr.launching.0.child: pmgr.launching.0                : MainThread     : DEBUG   : advance bulk size: 1 [False, True]
2017-09-08 16:33:58,059: pmgr.launching.0.child: pmgr.launching.0                : MainThread     : DEBUG   : advance bulk: pilot.0000 [1]
2017-09-08 16:33:58,060: pmgr.launching.0.child: pmgr.launching.0                : MainThread     : INFO    : Launching pilots on xsede.supermic: ['pilot.0000']
2017-09-08 16:33:59,055: pmgr.launching.0.child: pmgr.launching.0                : MainThread     : INFO    : Read agent config file: /home/vivek91/ves/entk-exp/local/lib/python2.7/site-packages/radical/pilot/pmgr/launching/../..//configs/agent_default.json
2017-09-08 16:33:59,057: pmgr.launching.0.child: pmgr.launching.0                : MainThread     : DEBUG   : Write agent cfg to '/tmp/rp.agent_cfg.zbHl7d'.
2017-09-08 16:33:59,067: pmgr.launching.0.child: pmgr.launching.0                : MainThread     : DEBUG   : {'agent_launch_method': 'SSH',
 u'bridges': {u'agent_executing_queue': {u'bulk_size': 0,
                                         u'log_level': u'debug',
                                         u'stall_hwm': 1},
              u'agent_reschedule_pubsub': {u'bulk_size': 0,
                                           u'log_level': u'debug',
                                           u'stall_hwm': 1},
              u'agent_scheduling_queue': {u'bulk_size': 0,
                                          u'log_level': u'debug',
                                          u'stall_hwm': 1},
              u'agent_staging_input_queue': {u'bulk_size': 0,
                                             u'log_level': u'debug',
                                             u'stall_hwm': 1},
              u'agent_staging_output_queue': {u'bulk_size': 0,
                                              u'log_level': u'debug',
                                              u'stall_hwm': 1},
              u'agent_unschedule_pubsub': {u'bulk_size': 0,
                                           u'log_level': u'debug',
                                           u'stall_hwm': 1},
              u'control_pubsub': {u'bulk_size': 0,
                                  u'log_level': u'debug',
                                  u'stall_hwm': 1},
              u'log_pubsub': {u'bulk_size': 0,
                              u'log_level': u'debug',
                              u'stall_hwm': 1},
              u'state_pubsub': {u'bulk_size': 0,
                                u'log_level': u'debug',
                                u'stall_hwm': 1}},
 u'bulk_collection_size': 100,
 u'bulk_collection_time': 1.0,
 u'components': {u'AgentExecutingComponent': {u'count': 1},
                 u'AgentSchedulingComponent': {u'count': 1},
                 u'AgentStagingInputComponent': {u'count': 1},
                 u'AgentStagingOutputComponent': {u'count': 1},
                 u'UpdateWorker': {u'count': 1}},
 'cores': 1040,
 'cores_per_node': 20,
 'cu_post_exec': None,
 'cu_pre_exec': None,
 'cu_tmp': None,
 u'db_poll_sleeptime': 1.0,
 'dburl': 'mongodb://user:user@ds153652.mlab.com:53652/test_08_08',
 'debug': 10,
 'export_to_cu': None,
 'logdir': '.',
 'lrms': 'TORQUE',
 u'max_io_loglength': 1024,
 u'mode': u'shared',
 'mpi_launch_method': 'MPIEXEC',
 'owner': 'agent_0',
 'pilot_id': 'pilot.0000',
 'pilot_sandbox': '/work/vivek91/radical.pilot.sandbox/rp.session.js-17-212.jetstream-cloud.org.vivek91.017417.0031/pilot.0000/',
 'resource_cfg': {'agent_launch_method': 'SSH',
                  'agent_scheduler': 'CONTINUOUS',
                  'agent_spawner': 'POPEN',
                  'cores_per_node': '20',
                  'default_queue': 'workq',
                  'default_remote_workdir': '/work/$USER',
                  'description': "SuperMIC (pronounced 'Super Mick') is Louisiana State University's (LSU) newest supercomputer funded by the National Science Foundation's (NSF) Major Research Instrumentation (MRI) award to the Center for Computation & Technology. (https://portal.xsede.org/lsu-supermic)",
                  'filesystem_endpoint': 'gsisftp://supermic.cct-lsu.xsede.org:2222/',
                  'gsissh': {'filesystem_endpoint': 'gsisftp://supermic.cct-lsu.xsede.org:2222/',
                             'job_manager_endpoint': 'torque+gsissh://supermic.cct-lsu.xsede.org:2222/'},
                  'job_manager_endpoint': 'torque+gsissh://supermic.cct-lsu.xsede.org:2222/',
                  'label': 'xsede.supermic_ssh',
                  'lrms': 'TORQUE',
                  'mpi_launch_method': 'MPIEXEC',
                  'notes': 'Partially allocated through XSEDE. Primary access through GSISSH. Allows SSH key authentication too.',
                  'pre_bootstrap_1': ['module load python'],
                  'python_dist': 'default',
                  'rp_version': 'local',
                  'schemas': ['gsissh', 'ssh'],
                  'ssh': {'filesystem_endpoint': 'sftp://supermic.cct-lsu.xsede.org/',
                          'job_manager_endpoint': 'torque+ssh://supermic.cct-lsu.xsede.org/'},
                  'task_launch_method': 'SSH',
                  'valid_roots': ['/work'],
                  'virtenv_mode': 'create'},
 'resource_sandbox': '/work/vivek91/radical.pilot.sandbox',
 'runtime': 60,
 'scheduler': 'CONTINUOUS',
 'session_id': 'rp.session.js-17-212.jetstream-cloud.org.vivek91.017417.0031',
 'session_sandbox': '/work/vivek91/radical.pilot.sandbox/rp.session.js-17-212.jetstream-cloud.org.vivek91.017417.0031',
 'spawner': 'POPEN',
 u'staging_area': u'staging_area',
 u'staging_schema': u'staging',
 u'target': u'local',
 'task_launch_method': 'SSH'}
2017-09-08 16:33:59,069: pmgr.launching.0.child: pmgr.launching.0                : MainThread     : DEBUG   : use bootstrapper /home/vivek91/ves/entk-exp/local/lib/python2.7/site-packages/radical/pilot/agent/bootstrap_1.sh
2017-09-08 16:33:59,071: pmgr.launching.0.child: pmgr.launching.0                : MainThread     : DEBUG   : Bootstrap command line: /bin/bash ['-l /work/vivek91/radical.pilot.sandbox/rp.session.js-17-212.jetstream-cloud.org.vivek91.017417.0031/bootstrap_1.sh', " -d 'radical.utils-0.46-v0.46.RC2-4-gf1b0c7a-devel.tar.gz:saga-python-0.46-v0.46.RC2-devel.tar.gz:radical.pilot-0.46-v0.46.RC2-devel.tar.gz' -p 'pilot.0000' -s 'rp.session.js-17-212.jetstream-cloud.org.vivek91.017417.0031' -m 'create' -r 'local' -b 'default' -g 'default' -v '/work/vivek91/radical.pilot.sandbox/ve.xsede.supermic.0.46' -y '60' -e 'module load python'"]
2017-09-08 16:33:59,072: pmgr.launching.0.child: pmgr.launching.0                : MainThread     : DEBUG   : cmd: cd /tmp/rp_agent_tar_dirvn1v9d && tar zchf /tmp/rp_agent_tar_dirvn1v9d/rp.session.js-17-212.jetstream-cloud.org.vivek91.017417.0031.pmgr.launching.0.child.tgz *
2017-09-08 16:33:59,152: pmgr.launching.0.child: pmgr.launching.0                : MainThread     : DEBUG   : out: 
2017-09-08 16:33:59,152: pmgr.launching.0.child: pmgr.launching.0                : MainThread     : DEBUG   : rs.file.Directory ('gsisftp://supermic.cct-lsu.xsede.org:2222/')
2017-09-08 16:34:05,516: pmgr.launching.0.child: pmgr.launching.0                : MainThread     : DEBUG   : tar cmd : tar zmxvf /work/vivek91/radical.pilot.sandbox/rp.session.js-17-212.jetstream-cloud.org.vivek91.017417.0031/rp.session.js-17-212.jetstream-cloud.org.vivek91.017417.0031.pmgr.launching.0.child.tgz -C /work/vivek91/radical.pilot.sandbox/rp.session.js-17-212.jetstream-cloud.org.vivek91.017417.0031
2017-09-08 16:34:05,769: pmgr.launching.0.child: pmgr.launching.0                : MainThread     : DEBUG   : tar done: Done, bootstrap_1.sh
pilot.0000/
pilot.0000/pilot.0000.prof.tgz
pilot.0000/agent_0.cfg
pilot.0000/pilot.0000.log.tgz
radical.pilot-0.46-v0.46.RC2-devel.tar.gz
radical.utils-0.46-v0.46.RC2-4-gf1b0c7a-devel.tar.gz
saga-python-0.46-v0.46.RC2-devel.tar.gz
, 
2017-09-08 16:34:07,940: pmgr.launching.0.child: pmgr.launching.0                : MainThread     : DEBUG   : jd: {'Arguments': ['-l /work/vivek91/radical.pilot.sandbox/rp.session.js-17-212.jetstream-cloud.org.vivek91.017417.0031/bootstrap_1.sh',
               " -d 'radical.utils-0.46-v0.46.RC2-4-gf1b0c7a-devel.tar.gz:saga-python-0.46-v0.46.RC2-devel.tar.gz:radical.pilot-0.46-v0.46.RC2-devel.tar.gz' -p 'pilot.0000' -s 'rp.session.js-17-212.jetstream-cloud.org.vivek91.017417.0031' -m 'create' -r 'local' -b 'default' -g 'default' -v '/work/vivek91/radical.pilot.sandbox/ve.xsede.supermic.0.46' -y '60' -e 'module load python'"],
 'CandidateHosts': None,
 'Environment': {'RADICAL_PILOT_PROFILE': 'TRUE'},
 'Error': 'bootstrap_1.err',
 'Executable': '/bin/bash',
 'FileTransfer': [],
 'Name': 'pilot.0000',
 'Output': 'bootstrap_1.out',
 'ProcessesPerHost': 20,
 'Project': 'TG-MCB090174',
 'Queue': 'workq',
 'SPMDVariation': None,
 'TotalCPUCount': 1040,
 'TotalPhysicalMemory': None,
 'WallTimeLimit': 60,
 'WorkingDirectory': '/work/vivek91/radical.pilot.sandbox/rp.session.js-17-212.jetstream-cloud.org.vivek91.017417.0031/pilot.0000/'}
2017-09-08 16:34:08,683: pmgr.launching.0.child: pmgr.launching.0                : MainThread     : DEBUG   : pilot job: pilot.0000 : [torque+gsissh://supermic.cct-lsu.xsede.org:2222/]-[319833] : pilot.0000 : Pending
2017-09-08 16:34:08,683: pmgr.launching.0.child: pmgr.launching.0                : MainThread     : DEBUG   : advance bulk size: 1 [False, True]
2017-09-08 16:34:08,683: pmgr.launching.0.child: pmgr.launching.0                : MainThread     : DEBUG   : advance bulk: pilot.0000 [1]
2017-09-08 16:37:03,531: pmgr.launching.0.child: pmgr.launching.0                : pmgr.launching.0.child.subscriber._pmgr_control_cb: DEBUG   : launcher got {'cmd': 'add_pilots', 'arg': {'pilots': [{'resource_sandbox': 'gsisftp://supermic.cct-lsu.xsede.org:2222/work/vivek91/radical.pilot.sandbox', 'resource_details': {'lm_detail': None, 'lm_info': None}, 'resource': 'xsede.supermic', 'description': {'queue': None, 'resource': 'xsede.supermic', 'exit_on_error': False, 'candidate_hosts': None, 'project': 'TG-MCB090174', 'sandbox': None, 'cleanup': None, 'access_schema': 'gsissh', 'memory': None, 'cores': 1024, 'runtime': 60}, 'pmgr': 'pmgr.0000', 'stdout': None, 'state': 'PMGR_ACTIVE', 'sandbox': 'gsisftp://supermic.cct-lsu.xsede.org:2222/work/vivek91/radical.pilot.sandbox/rp.session.js-17-212.jetstream-cloud.org.vivek91.017417.0031/pilot.0000/', 'session': 'rp.session.js-17-212.jetstream-cloud.org.vivek91.017417.0031', 'log': None, 'stderr': None, 'client_sandbox': '/home/vivek91/repos/entk-experiments/exp-5-2-2-4/bin', 'type': 'pilot', 'pilot_sandbox': 'gsisftp://supermic.cct-lsu.xsede.org:2222/work/vivek91/radical.pilot.sandbox/rp.session.js-17-212.jetstream-cloud.org.vivek91.017417.0031/pilot.0000/', 'uid': 'pilot.0000'}], 'umgr': 'umgr.0000'}}
2017-09-08 16:45:04,718: pmgr.launching.0.child: pmgr.launching.0                : pmgr.launching.0.child.subscriber._pmgr_control_cb: DEBUG   : launcher got {'cmd': 'cancel_pilots', 'arg': {'uids': ['pilot.0000'], 'pmgr': 'pmgr.0000'}}
2017-09-08 16:45:04,718: pmgr.launching.0.child: pmgr.launching.0                : pmgr.launching.0.child.subscriber._pmgr_control_cb: INFO    : received pilot_cancel command (['pilot.0000'])
2017-09-08 16:45:06,223: pmgr.launching.0.child: pmgr.launching.0                : pmgr.launching.0.child.subscriber._pmgr_control_cb: DEBUG   : launcher got {'cmd': 'cancel_pilots', 'arg': {'uids': ['pilot.0000'], 'pmgr': 'pmgr.0000'}}
2017-09-08 16:45:06,223: pmgr.launching.0.child: pmgr.launching.0                : pmgr.launching.0.child.subscriber._pmgr_control_cb: INFO    : received pilot_cancel command (['pilot.0000'])
2017-09-08 16:45:06,457: pmgr.launching.0.child: pmgr.launching.0                : pmgr.launching.0.child.watch: WARNING : endpoint disappeard
2017-09-08 16:45:06,458: pmgr.launching.0.child: pmgr.launching.0                : pmgr.launching.0.child.watch: INFO    : watcher closes
2017-09-08 16:45:06,458: pmgr.launching.0.child: pmgr.launching.0                : pmgr.launching.0.child.watch: INFO    : put message: [pmgr.launching.0.child.watch.thread] work finished
2017-09-08 16:45:06,458: pmgr.launching.0.child: pmgr.launching.0                : pmgr.launching.0.child.watch: DEBUG   : ru_finalize_child (NOOP)
2017-09-08 16:45:06,458: pmgr.launching.0.child: pmgr.launching.0                : pmgr.launching.0.child.watch: DEBUG   : ru_finalize_common (NOOP)
2017-09-08 16:45:06,458: pmgr.launching.0.child: pmgr.launching.0                : pmgr.launching.0.child.watch: INFO    : put message: [pmgr.launching.0.child.watch.thread] terminating
