2017-09-08 16:37:03,043: state.pubsub.pub.0005: umgr.scheduling.0               : MainThread     : INFO    : python.interpreter   version: 2.7.12 (default, Nov 19 2016, 06:48:10) [GCC 5.4.0 20160609]
2017-09-08 16:37:03,044: state.pubsub.pub.0005: umgr.scheduling.0               : MainThread     : INFO    :                      pid: 19899
2017-09-08 16:37:03,044: state.pubsub.pub.0005: umgr.scheduling.0               : MainThread     : INFO    :                      tid: MainThread
2017-09-08 16:37:03,044: state.pubsub.pub.0005: umgr.scheduling.0               : MainThread     : INFO    : radical.pilot        version: 0.46-v0.46.RC2@devel
2017-09-08 16:37:03,044: state.pubsub.pub.0005: umgr.scheduling.0               : MainThread     : INFO    : create state_pubsub - pub - tcp://172.30.238.6:40546
2017-09-08 16:37:03,045: state.pubsub.pub.0005: umgr.scheduling.0               : MainThread     : DEBUG   : start process
2017-09-08 16:37:03,045: state.pubsub.pub.0005: umgr.scheduling.0               : MainThread     : DEBUG   : ru_initialize_common (NOOP)
2017-09-08 16:37:03,045: state.pubsub.pub.0005: umgr.scheduling.0               : MainThread     : DEBUG   : ru_initialize_parent (NOOP)
2017-09-08 16:37:03,045: state.pubsub.pub.0005: umgr.scheduling.0               : MainThread     : DEBUG   : process class started (no child)
2017-09-08 16:37:03,083: state.pubsub.pub.0005: task-manager                    : MainThread     : INFO    : python.interpreter   version: 2.7.12 (default, Nov 19 2016, 06:48:10) [GCC 5.4.0 20160609]
2017-09-08 16:37:03,084: state.pubsub.pub.0005: task-manager                    : MainThread     : INFO    :                      pid: 19801
2017-09-08 16:37:03,084: state.pubsub.pub.0005: task-manager                    : MainThread     : INFO    :                      tid: MainThread
2017-09-08 16:37:03,084: state.pubsub.pub.0005: task-manager                    : MainThread     : INFO    : radical.pilot        version: 0.46-v0.46.RC2@devel
2017-09-08 16:37:03,084: state.pubsub.pub.0005: task-manager                    : MainThread     : INFO    : create state_pubsub - pub - tcp://172.30.238.6:40546
2017-09-08 16:37:03,085: state.pubsub.pub.0005: task-manager                    : MainThread     : DEBUG   : start process
2017-09-08 16:37:03,085: state.pubsub.pub.0005: task-manager                    : MainThread     : DEBUG   : ru_initialize_common (NOOP)
2017-09-08 16:37:03,085: state.pubsub.pub.0005: task-manager                    : MainThread     : DEBUG   : ru_initialize_parent (NOOP)
2017-09-08 16:37:03,085: state.pubsub.pub.0005: task-manager                    : MainThread     : DEBUG   : process class started (no child)
2017-09-08 16:45:01,986: state.pubsub.pub.0005: umgr.scheduling.0               : MainThread     : INFO    : parent stops child
2017-09-08 16:45:01,986: state.pubsub.pub.0005: umgr.scheduling.0               : MainThread     : DEBUG   : ru_finalize_parent (NOOP)
