2017-08-22 15:47:37,961: rp.session.js-17-212.jetstream-cloud.org.vivek91.017400.0021: MainProcess                     : MainThread     : INFO    : python.interpreter   version: 2.7.12 (default, Nov 19 2016, 06:48:10) [GCC 5.4.0 20160609]
2017-08-22 15:47:37,962: rp.session.js-17-212.jetstream-cloud.org.vivek91.017400.0021: MainProcess                     : MainThread     : INFO    :                      pid: 13833
2017-08-22 15:47:37,962: rp.session.js-17-212.jetstream-cloud.org.vivek91.017400.0021: MainProcess                     : MainThread     : INFO    :                      tid: MainThread
2017-08-22 15:47:37,962: rp.session.js-17-212.jetstream-cloud.org.vivek91.017400.0021: MainProcess                     : MainThread     : INFO    : radical.pilot        version: 0.46-v0.46.RC2@devel
2017-08-22 15:47:37,962: rp.session.js-17-212.jetstream-cloud.org.vivek91.017400.0021: MainProcess                     : MainThread     : INFO    : using database mongodb://user:user@ds153652.mlab.com:53652/test_08_08
2017-08-22 15:47:38,976: rp.session.js-17-212.jetstream-cloud.org.vivek91.017400.0021: MainProcess                     : MainThread     : INFO    : Load resource configurations from /home/vivek91/ves/entk-exp/local/lib/python2.7/site-packages/radical/pilot/configs/resource_ncsa.json
2017-08-22 15:47:38,989: rp.session.js-17-212.jetstream-cloud.org.vivek91.017400.0021: MainProcess                     : MainThread     : INFO    : Load resource configurations for ncsa.bw_orte
2017-08-22 15:47:38,990: rp.session.js-17-212.jetstream-cloud.org.vivek91.017400.0021: MainProcess                     : MainThread     : INFO    : Load resource configurations for ncsa.bw_ccm_ssh
2017-08-22 15:47:38,990: rp.session.js-17-212.jetstream-cloud.org.vivek91.017400.0021: MainProcess                     : MainThread     : INFO    : Load resource configurations for ncsa.bw_ortelib
2017-08-22 15:47:38,991: rp.session.js-17-212.jetstream-cloud.org.vivek91.017400.0021: MainProcess                     : MainThread     : INFO    : Load resource configurations for ncsa.bw_aprun
2017-08-22 15:47:38,992: rp.session.js-17-212.jetstream-cloud.org.vivek91.017400.0021: MainProcess                     : MainThread     : INFO    : Load resource configurations for ncsa.bw_local_orte
2017-08-22 15:47:38,992: rp.session.js-17-212.jetstream-cloud.org.vivek91.017400.0021: MainProcess                     : MainThread     : INFO    : Load resource configurations from /home/vivek91/ves/entk-exp/local/lib/python2.7/site-packages/radical/pilot/configs/resource_iu.json
2017-08-22 15:47:38,997: rp.session.js-17-212.jetstream-cloud.org.vivek91.017400.0021: MainProcess                     : MainThread     : INFO    : Load resource configurations for iu.bigred2_ccm_ssh
2017-08-22 15:47:38,998: rp.session.js-17-212.jetstream-cloud.org.vivek91.017400.0021: MainProcess                     : MainThread     : INFO    : Load resource configurations for iu.bigred2_aprun
2017-08-22 15:47:38,998: rp.session.js-17-212.jetstream-cloud.org.vivek91.017400.0021: MainProcess                     : MainThread     : INFO    : Load resource configurations from /home/vivek91/ves/entk-exp/local/lib/python2.7/site-packages/radical/pilot/configs/resource_osg.json
2017-08-22 15:47:39,003: rp.session.js-17-212.jetstream-cloud.org.vivek91.017400.0021: MainProcess                     : MainThread     : INFO    : Load resource configurations for osg.xsede-virt-clust
2017-08-22 15:47:39,004: rp.session.js-17-212.jetstream-cloud.org.vivek91.017400.0021: MainProcess                     : MainThread     : INFO    : Load resource configurations for osg.connect
2017-08-22 15:47:39,005: rp.session.js-17-212.jetstream-cloud.org.vivek91.017400.0021: MainProcess                     : MainThread     : INFO    : Load resource configurations from /home/vivek91/ves/entk-exp/local/lib/python2.7/site-packages/radical/pilot/configs/resource_yale.json
2017-08-22 15:47:39,007: rp.session.js-17-212.jetstream-cloud.org.vivek91.017400.0021: MainProcess                     : MainThread     : INFO    : Load resource configurations for yale.grace_ssh
2017-08-22 15:47:39,007: rp.session.js-17-212.jetstream-cloud.org.vivek91.017400.0021: MainProcess                     : MainThread     : INFO    : Load resource configurations from /home/vivek91/ves/entk-exp/local/lib/python2.7/site-packages/radical/pilot/configs/resource_lumc.json
2017-08-22 15:47:39,012: rp.session.js-17-212.jetstream-cloud.org.vivek91.017400.0021: MainProcess                     : MainThread     : INFO    : Load resource configurations for lumc.gb-ui_ssh
2017-08-22 15:47:39,012: rp.session.js-17-212.jetstream-cloud.org.vivek91.017400.0021: MainProcess                     : MainThread     : INFO    : Load resource configurations for lumc.shark_ssh
2017-08-22 15:47:39,013: rp.session.js-17-212.jetstream-cloud.org.vivek91.017400.0021: MainProcess                     : MainThread     : INFO    : Load resource configurations from /home/vivek91/ves/entk-exp/local/lib/python2.7/site-packages/radical/pilot/configs/resource_ornl.json
2017-08-22 15:47:39,019: rp.session.js-17-212.jetstream-cloud.org.vivek91.017400.0021: MainProcess                     : MainThread     : INFO    : Load resource configurations for ornl.titan_orte
2017-08-22 15:47:39,020: rp.session.js-17-212.jetstream-cloud.org.vivek91.017400.0021: MainProcess                     : MainThread     : INFO    : Load resource configurations for ornl.titan_aprun
2017-08-22 15:47:39,021: rp.session.js-17-212.jetstream-cloud.org.vivek91.017400.0021: MainProcess                     : MainThread     : INFO    : Load resource configurations for ornl.titan_ortelib
2017-08-22 15:47:39,021: rp.session.js-17-212.jetstream-cloud.org.vivek91.017400.0021: MainProcess                     : MainThread     : INFO    : Load resource configurations from /home/vivek91/ves/entk-exp/local/lib/python2.7/site-packages/radical/pilot/configs/resource_stfc.json
2017-08-22 15:47:39,023: rp.session.js-17-212.jetstream-cloud.org.vivek91.017400.0021: MainProcess                     : MainThread     : INFO    : Load resource configurations for stfc.joule_runjob
2017-08-22 15:47:39,024: rp.session.js-17-212.jetstream-cloud.org.vivek91.017400.0021: MainProcess                     : MainThread     : INFO    : Load resource configurations from /home/vivek91/ves/entk-exp/local/lib/python2.7/site-packages/radical/pilot/configs/resource_radical.json
2017-08-22 15:47:39,029: rp.session.js-17-212.jetstream-cloud.org.vivek91.017400.0021: MainProcess                     : MainThread     : INFO    : Load resource configurations for radical.two
2017-08-22 15:47:39,030: rp.session.js-17-212.jetstream-cloud.org.vivek91.017400.0021: MainProcess                     : MainThread     : INFO    : Load resource configurations for radical.tutorial
2017-08-22 15:47:39,030: rp.session.js-17-212.jetstream-cloud.org.vivek91.017400.0021: MainProcess                     : MainThread     : INFO    : Load resource configurations for radical.one
2017-08-22 15:47:39,031: rp.session.js-17-212.jetstream-cloud.org.vivek91.017400.0021: MainProcess                     : MainThread     : INFO    : Load resource configurations from /home/vivek91/ves/entk-exp/local/lib/python2.7/site-packages/radical/pilot/configs/resource_das4.json
2017-08-22 15:47:39,033: rp.session.js-17-212.jetstream-cloud.org.vivek91.017400.0021: MainProcess                     : MainThread     : INFO    : Load resource configurations for das4.fs2_ssh
2017-08-22 15:47:39,033: rp.session.js-17-212.jetstream-cloud.org.vivek91.017400.0021: MainProcess                     : MainThread     : INFO    : Load resource configurations from /home/vivek91/ves/entk-exp/local/lib/python2.7/site-packages/radical/pilot/configs/resource_nersc.json
2017-08-22 15:47:39,044: rp.session.js-17-212.jetstream-cloud.org.vivek91.017400.0021: MainProcess                     : MainThread     : INFO    : Load resource configurations for nersc.edison_ccm_ssh
2017-08-22 15:47:39,045: rp.session.js-17-212.jetstream-cloud.org.vivek91.017400.0021: MainProcess                     : MainThread     : INFO    : Load resource configurations for nersc.hopper_orte
2017-08-22 15:47:39,045: rp.session.js-17-212.jetstream-cloud.org.vivek91.017400.0021: MainProcess                     : MainThread     : INFO    : Load resource configurations for nersc.hopper_ccm_ssh
2017-08-22 15:47:39,046: rp.session.js-17-212.jetstream-cloud.org.vivek91.017400.0021: MainProcess                     : MainThread     : INFO    : Load resource configurations for nersc.edison_aprun
2017-08-22 15:47:39,046: rp.session.js-17-212.jetstream-cloud.org.vivek91.017400.0021: MainProcess                     : MainThread     : INFO    : Load resource configurations for nersc.hopper_aprun
2017-08-22 15:47:39,046: rp.session.js-17-212.jetstream-cloud.org.vivek91.017400.0021: MainProcess                     : MainThread     : INFO    : Load resource configurations for nersc.edison_orte
2017-08-22 15:47:39,047: rp.session.js-17-212.jetstream-cloud.org.vivek91.017400.0021: MainProcess                     : MainThread     : INFO    : Load resource configurations from /home/vivek91/ves/entk-exp/local/lib/python2.7/site-packages/radical/pilot/configs/resource_xsede.json
2017-08-22 15:47:39,080: rp.session.js-17-212.jetstream-cloud.org.vivek91.017400.0021: MainProcess                     : MainThread     : INFO    : Load resource configurations for xsede.stampede2_ssh
2017-08-22 15:47:39,080: rp.session.js-17-212.jetstream-cloud.org.vivek91.017400.0021: MainProcess                     : MainThread     : INFO    : Load resource configurations for xsede.wrangler_spark
2017-08-22 15:47:39,081: rp.session.js-17-212.jetstream-cloud.org.vivek91.017400.0021: MainProcess                     : MainThread     : INFO    : Load resource configurations for xsede.stampede_yarn
2017-08-22 15:47:39,081: rp.session.js-17-212.jetstream-cloud.org.vivek91.017400.0021: MainProcess                     : MainThread     : INFO    : Load resource configurations for xsede.gordon_ssh
2017-08-22 15:47:39,081: rp.session.js-17-212.jetstream-cloud.org.vivek91.017400.0021: MainProcess                     : MainThread     : INFO    : Load resource configurations for xsede.stampede_ssh
2017-08-22 15:47:39,082: rp.session.js-17-212.jetstream-cloud.org.vivek91.017400.0021: MainProcess                     : MainThread     : INFO    : Load resource configurations for xsede.lonestar_ssh
2017-08-22 15:47:39,082: rp.session.js-17-212.jetstream-cloud.org.vivek91.017400.0021: MainProcess                     : MainThread     : INFO    : Load resource configurations for xsede.supermic_spark
2017-08-22 15:47:39,083: rp.session.js-17-212.jetstream-cloud.org.vivek91.017400.0021: MainProcess                     : MainThread     : INFO    : Load resource configurations for xsede.wrangler_ssh
2017-08-22 15:47:39,083: rp.session.js-17-212.jetstream-cloud.org.vivek91.017400.0021: MainProcess                     : MainThread     : INFO    : Load resource configurations for xsede.wrangler_yarn
2017-08-22 15:47:39,083: rp.session.js-17-212.jetstream-cloud.org.vivek91.017400.0021: MainProcess                     : MainThread     : INFO    : Load resource configurations for xsede.bridges
2017-08-22 15:47:39,084: rp.session.js-17-212.jetstream-cloud.org.vivek91.017400.0021: MainProcess                     : MainThread     : INFO    : Load resource configurations for xsede.supermic_ssh
2017-08-22 15:47:39,084: rp.session.js-17-212.jetstream-cloud.org.vivek91.017400.0021: MainProcess                     : MainThread     : INFO    : Load resource configurations for xsede.stampede_orte
2017-08-22 15:47:39,085: rp.session.js-17-212.jetstream-cloud.org.vivek91.017400.0021: MainProcess                     : MainThread     : INFO    : Load resource configurations for xsede.greenfield
2017-08-22 15:47:39,085: rp.session.js-17-212.jetstream-cloud.org.vivek91.017400.0021: MainProcess                     : MainThread     : INFO    : Load resource configurations for xsede.comet_spark
2017-08-22 15:47:39,085: rp.session.js-17-212.jetstream-cloud.org.vivek91.017400.0021: MainProcess                     : MainThread     : INFO    : Load resource configurations for xsede.trestles_ssh
2017-08-22 15:47:39,086: rp.session.js-17-212.jetstream-cloud.org.vivek91.017400.0021: MainProcess                     : MainThread     : INFO    : Load resource configurations for xsede.comet_ssh
2017-08-22 15:47:39,086: rp.session.js-17-212.jetstream-cloud.org.vivek91.017400.0021: MainProcess                     : MainThread     : INFO    : Load resource configurations for xsede.stampede_spark
2017-08-22 15:47:39,086: rp.session.js-17-212.jetstream-cloud.org.vivek91.017400.0021: MainProcess                     : MainThread     : INFO    : Load resource configurations for xsede.comet_orte
2017-08-22 15:47:39,087: rp.session.js-17-212.jetstream-cloud.org.vivek91.017400.0021: MainProcess                     : MainThread     : INFO    : Load resource configurations for xsede.comet_ortelib
2017-08-22 15:47:39,087: rp.session.js-17-212.jetstream-cloud.org.vivek91.017400.0021: MainProcess                     : MainThread     : INFO    : Load resource configurations for xsede.blacklight_ssh
2017-08-22 15:47:39,087: rp.session.js-17-212.jetstream-cloud.org.vivek91.017400.0021: MainProcess                     : MainThread     : INFO    : Load resource configurations for xsede.stampede_ortelib
2017-08-22 15:47:39,088: rp.session.js-17-212.jetstream-cloud.org.vivek91.017400.0021: MainProcess                     : MainThread     : INFO    : Load resource configurations from /home/vivek91/ves/entk-exp/local/lib/python2.7/site-packages/radical/pilot/configs/resource_chameleon.json
2017-08-22 15:47:39,089: rp.session.js-17-212.jetstream-cloud.org.vivek91.017400.0021: MainProcess                     : MainThread     : INFO    : Load resource configurations for chameleon.cloud_vm_yarn
2017-08-22 15:47:39,090: rp.session.js-17-212.jetstream-cloud.org.vivek91.017400.0021: MainProcess                     : MainThread     : INFO    : Load resource configurations from /home/vivek91/ves/entk-exp/local/lib/python2.7/site-packages/radical/pilot/configs/resource_epsrc.json
2017-08-22 15:47:39,092: rp.session.js-17-212.jetstream-cloud.org.vivek91.017400.0021: MainProcess                     : MainThread     : INFO    : Load resource configurations for epsrc.archer_orte
2017-08-22 15:47:39,093: rp.session.js-17-212.jetstream-cloud.org.vivek91.017400.0021: MainProcess                     : MainThread     : INFO    : Load resource configurations for epsrc.archer_aprun
2017-08-22 15:47:39,093: rp.session.js-17-212.jetstream-cloud.org.vivek91.017400.0021: MainProcess                     : MainThread     : INFO    : Load resource configurations from /home/vivek91/ves/entk-exp/local/lib/python2.7/site-packages/radical/pilot/configs/resource_futuregrid.json
2017-08-22 15:47:39,100: rp.session.js-17-212.jetstream-cloud.org.vivek91.017400.0021: MainProcess                     : MainThread     : INFO    : Load resource configurations for futuregrid.delta_ssh
2017-08-22 15:47:39,101: rp.session.js-17-212.jetstream-cloud.org.vivek91.017400.0021: MainProcess                     : MainThread     : INFO    : Load resource configurations for futuregrid.india_ssh
2017-08-22 15:47:39,101: rp.session.js-17-212.jetstream-cloud.org.vivek91.017400.0021: MainProcess                     : MainThread     : INFO    : Load resource configurations for futuregrid.echo_ssh
2017-08-22 15:47:39,101: rp.session.js-17-212.jetstream-cloud.org.vivek91.017400.0021: MainProcess                     : MainThread     : INFO    : Load resource configurations for futuregrid.xray_ccm
2017-08-22 15:47:39,102: rp.session.js-17-212.jetstream-cloud.org.vivek91.017400.0021: MainProcess                     : MainThread     : INFO    : Load resource configurations for futuregrid.bravo_ssh
2017-08-22 15:47:39,102: rp.session.js-17-212.jetstream-cloud.org.vivek91.017400.0021: MainProcess                     : MainThread     : INFO    : Load resource configurations for futuregrid.xray_aprun
2017-08-22 15:47:39,102: rp.session.js-17-212.jetstream-cloud.org.vivek91.017400.0021: MainProcess                     : MainThread     : INFO    : Load resource configurations from /home/vivek91/ves/entk-exp/local/lib/python2.7/site-packages/radical/pilot/configs/resource_local.json
2017-08-22 15:47:39,110: rp.session.js-17-212.jetstream-cloud.org.vivek91.017400.0021: MainProcess                     : MainThread     : INFO    : Load resource configurations for local.localhost_orte
2017-08-22 15:47:39,110: rp.session.js-17-212.jetstream-cloud.org.vivek91.017400.0021: MainProcess                     : MainThread     : INFO    : Load resource configurations for local.localhost_anaconda
2017-08-22 15:47:39,110: rp.session.js-17-212.jetstream-cloud.org.vivek91.017400.0021: MainProcess                     : MainThread     : INFO    : Load resource configurations for local.localhost_ortelib
2017-08-22 15:47:39,111: rp.session.js-17-212.jetstream-cloud.org.vivek91.017400.0021: MainProcess                     : MainThread     : INFO    : Load resource configurations for local.localhost
2017-08-22 15:47:39,111: rp.session.js-17-212.jetstream-cloud.org.vivek91.017400.0021: MainProcess                     : MainThread     : INFO    : Load resource configurations for local.localhost_spark
2017-08-22 15:47:39,111: rp.session.js-17-212.jetstream-cloud.org.vivek91.017400.0021: MainProcess                     : MainThread     : INFO    : Load resource configurations for local.localhost_spark_anaconda
2017-08-22 15:47:39,111: rp.session.js-17-212.jetstream-cloud.org.vivek91.017400.0021: MainProcess                     : MainThread     : INFO    : Load resource configurations for local.localhost_yarn
2017-08-22 15:47:39,112: rp.session.js-17-212.jetstream-cloud.org.vivek91.017400.0021: MainProcess                     : MainThread     : INFO    : Load resource configurations from /home/vivek91/ves/entk-exp/local/lib/python2.7/site-packages/radical/pilot/configs/resource_aliases.json
2017-08-22 15:47:39,112: rp.session.js-17-212.jetstream-cloud.org.vivek91.017400.0021: MainProcess                     : MainThread     : INFO    : Load resource configurations from /home/vivek91/ves/entk-exp/local/lib/python2.7/site-packages/radical/pilot/configs/resource_lrz.json
2017-08-22 15:47:39,113: rp.session.js-17-212.jetstream-cloud.org.vivek91.017400.0021: MainProcess                     : MainThread     : INFO    : Load resource configurations for lrz.supermuc_ssh
2017-08-22 15:47:39,114: rp.session.js-17-212.jetstream-cloud.org.vivek91.017400.0021: MainProcess                     : MainThread     : INFO    : Load resource configurations from /home/vivek91/ves/entk-exp/local/lib/python2.7/site-packages/radical/pilot/configs/resource_rice.json
2017-08-22 15:47:39,116: rp.session.js-17-212.jetstream-cloud.org.vivek91.017400.0021: MainProcess                     : MainThread     : INFO    : Load resource configurations for rice.davinci_ssh
2017-08-22 15:47:39,116: rp.session.js-17-212.jetstream-cloud.org.vivek91.017400.0021: MainProcess                     : MainThread     : INFO    : Load resource configurations for rice.biou_ssh
2017-08-22 15:47:39,116: rp.session.js-17-212.jetstream-cloud.org.vivek91.017400.0021: MainProcess                     : MainThread     : INFO    : Load resource configurations from /home/vivek91/ves/entk-exp/local/lib/python2.7/site-packages/radical/pilot/configs/resource_ncar.json
2017-08-22 15:47:39,118: rp.session.js-17-212.jetstream-cloud.org.vivek91.017400.0021: MainProcess                     : MainThread     : INFO    : Load resource configurations for ncar.yellowstone_ssh
2017-08-22 15:47:39,118: rp.session.js-17-212.jetstream-cloud.org.vivek91.017400.0021: MainProcess                     : MainThread     : INFO    : Load resource configurations from /home/vivek91/ves/entk-exp/local/lib/python2.7/site-packages/radical/pilot/configs/resource_das5.json
2017-08-22 15:47:39,119: rp.session.js-17-212.jetstream-cloud.org.vivek91.017400.0021: MainProcess                     : MainThread     : INFO    : Load resource configurations for das5.fs1_ssh
2017-08-22 15:47:39,119: rp.session.js-17-212.jetstream-cloud.org.vivek91.017400.0021: MainProcess                     : MainThread     : INFO    : Load resource configurations from /home/vivek91/ves/entk-exp/local/lib/python2.7/site-packages/radical/pilot/configs/resource_fub.json
2017-08-22 15:47:39,120: rp.session.js-17-212.jetstream-cloud.org.vivek91.017400.0021: MainProcess                     : MainThread     : INFO    : Load resource configurations for fub.allegro_rsh
2017-08-22 15:47:39,653: rp.session.js-17-212.jetstream-cloud.org.vivek91.017400.0021: MainProcess                     : MainThread     : INFO    : New Session created: rp.session.js-17-212.jetstream-cloud.org.vivek91.017400.0021.
2017-08-22 15:47:39,653: rp.session.js-17-212.jetstream-cloud.org.vivek91.017400.0021: MainProcess                     : MainThread     : DEBUG   : start bridges   : {u'control_pubsub': {u'bulk_size': 0, u'log_level': u'debug', u'stall_hwm': 1},
 u'log_pubsub': {u'bulk_size': 0, u'log_level': u'debug', u'stall_hwm': 1},
 u'state_pubsub': {u'bulk_size': 0, u'log_level': u'debug', u'stall_hwm': 1}}
2017-08-22 15:47:39,654: rp.session.js-17-212.jetstream-cloud.org.vivek91.017400.0021: MainProcess                     : MainThread     : INFO    : create bridge control_pubsub
2017-08-22 15:47:39,680: rp.session.js-17-212.jetstream-cloud.org.vivek91.017400.0021: MainProcess                     : MainThread     : INFO    : created bridge control_pubsub (control.pubsub.bridge.0000)
2017-08-22 15:47:39,680: rp.session.js-17-212.jetstream-cloud.org.vivek91.017400.0021: MainProcess                     : MainThread     : INFO    : create bridge state_pubsub
2017-08-22 15:47:39,701: rp.session.js-17-212.jetstream-cloud.org.vivek91.017400.0021: MainProcess                     : MainThread     : INFO    : created bridge state_pubsub (state.pubsub.bridge.0000)
2017-08-22 15:47:39,702: rp.session.js-17-212.jetstream-cloud.org.vivek91.017400.0021: MainProcess                     : MainThread     : INFO    : create bridge log_pubsub
2017-08-22 15:47:39,722: rp.session.js-17-212.jetstream-cloud.org.vivek91.017400.0021: MainProcess                     : MainThread     : INFO    : created bridge log_pubsub (log.pubsub.bridge.0000)
2017-08-22 15:47:39,723: rp.session.js-17-212.jetstream-cloud.org.vivek91.017400.0021: MainProcess                     : MainThread     : DEBUG   : start components: {u'UpdateWorker': {u'count': 1}}
2017-08-22 15:47:39,723: rp.session.js-17-212.jetstream-cloud.org.vivek91.017400.0021: MainProcess                     : MainThread     : DEBUG   : start 1 component(s) UpdateWorker
2017-08-22 15:47:42,197: rp.session.js-17-212.jetstream-cloud.org.vivek91.017400.0021: MainProcess                     : MainThread     : INFO    : rp.session.js-17-212.jetstream-cloud.org.vivek91.017400.0021 starts update.0
2017-08-22 15:47:45,497: rp.session.js-17-212.jetstream-cloud.org.vivek91.017400.0021: MainProcess                     : MainThread     : WARNING : using alias 'xsede.supermic_ssh' for deprecated resource key 'xsede.supermic'
2017-08-22 15:47:45,498: rp.session.js-17-212.jetstream-cloud.org.vivek91.017400.0021: MainProcess                     : MainThread     : DEBUG   : rsup.PTYShell('gsissh://supermic.cct-lsu.xsede.org:2222/')
2017-08-22 15:47:49,005: rp.session.js-17-212.jetstream-cloud.org.vivek91.017400.0021: MainProcess                     : MainThread     : DEBUG   : sandbox base gsissh://supermic.cct-lsu.xsede.org:2222/: '/work/vivek91'
2017-08-22 15:47:49,156: rp.session.js-17-212.jetstream-cloud.org.vivek91.017400.0021: MainProcess                     : MainThread     : DEBUG   : bulk pilot insert result: {'nModified': 0, 'nUpserted': 0, 'nMatched': 0, 'writeErrors': [], 'upserted': [], 'writeConcernErrors': [], 'nRemoved': 0, 'nInserted': 1}
2017-08-22 15:47:49,161: rp.session.js-17-212.jetstream-cloud.org.vivek91.017400.0021: pmgr.launching.0                : MainThread     : WARNING : using alias 'xsede.supermic_ssh' for deprecated resource key 'xsede.supermic'
2017-08-22 15:47:49,166: rp.session.js-17-212.jetstream-cloud.org.vivek91.017400.0021: pmgr.launching.0                : MainThread     : WARNING : using alias 'xsede.supermic_ssh' for deprecated resource key 'xsede.supermic'
2017-08-22 15:47:49,167: rp.session.js-17-212.jetstream-cloud.org.vivek91.017400.0021: pmgr.launching.0                : MainThread     : DEBUG   : rsup.PTYShell('gsissh://supermic.cct-lsu.xsede.org:2222/')
2017-08-22 15:47:50,457: rp.session.js-17-212.jetstream-cloud.org.vivek91.017400.0021: pmgr.launching.0                : MainThread     : DEBUG   : sandbox base gsissh://supermic.cct-lsu.xsede.org:2222/: '/work/vivek91'
2017-08-22 18:12:28,978: rp.session.js-17-212.jetstream-cloud.org.vivek91.017400.0021: task-manager                    : MainThread     : DEBUG   : bulk unit insert result: {'nModified': 0, 'nUpserted': 0, 'nMatched': 0, 'writeErrors': [], 'upserted': [], 'writeConcernErrors': [], 'nRemoved': 0, 'nInserted': 1}
2017-08-22 18:12:29,074: rp.session.js-17-212.jetstream-cloud.org.vivek91.017400.0021: task-manager                    : MainThread     : DEBUG   : bulk unit insert result: {'nModified': 0, 'nUpserted': 0, 'nMatched': 0, 'writeErrors': [], 'upserted': [], 'writeConcernErrors': [], 'nRemoved': 0, 'nInserted': 1}
2017-08-22 18:12:29,153: rp.session.js-17-212.jetstream-cloud.org.vivek91.017400.0021: task-manager                    : MainThread     : DEBUG   : bulk unit insert result: {'nModified': 0, 'nUpserted': 0, 'nMatched': 0, 'writeErrors': [], 'upserted': [], 'writeConcernErrors': [], 'nRemoved': 0, 'nInserted': 1}
2017-08-22 18:12:29,267: rp.session.js-17-212.jetstream-cloud.org.vivek91.017400.0021: task-manager                    : MainThread     : DEBUG   : bulk unit insert result: {'nModified': 0, 'nUpserted': 0, 'nMatched': 0, 'writeErrors': [], 'upserted': [], 'writeConcernErrors': [], 'nRemoved': 0, 'nInserted': 1}
2017-08-22 18:12:29,354: rp.session.js-17-212.jetstream-cloud.org.vivek91.017400.0021: task-manager                    : MainThread     : DEBUG   : bulk unit insert result: {'nModified': 0, 'nUpserted': 0, 'nMatched': 0, 'writeErrors': [], 'upserted': [], 'writeConcernErrors': [], 'nRemoved': 0, 'nInserted': 1}
2017-08-22 18:12:29,423: rp.session.js-17-212.jetstream-cloud.org.vivek91.017400.0021: task-manager                    : MainThread     : DEBUG   : bulk unit insert result: {'nModified': 0, 'nUpserted': 0, 'nMatched': 0, 'writeErrors': [], 'upserted': [], 'writeConcernErrors': [], 'nRemoved': 0, 'nInserted': 1}
2017-08-22 18:12:29,507: rp.session.js-17-212.jetstream-cloud.org.vivek91.017400.0021: task-manager                    : MainThread     : DEBUG   : bulk unit insert result: {'nModified': 0, 'nUpserted': 0, 'nMatched': 0, 'writeErrors': [], 'upserted': [], 'writeConcernErrors': [], 'nRemoved': 0, 'nInserted': 1}
2017-08-22 18:12:29,575: rp.session.js-17-212.jetstream-cloud.org.vivek91.017400.0021: task-manager                    : MainThread     : DEBUG   : bulk unit insert result: {'nModified': 0, 'nUpserted': 0, 'nMatched': 0, 'writeErrors': [], 'upserted': [], 'writeConcernErrors': [], 'nRemoved': 0, 'nInserted': 1}
2017-08-22 18:12:29,659: rp.session.js-17-212.jetstream-cloud.org.vivek91.017400.0021: task-manager                    : MainThread     : DEBUG   : bulk unit insert result: {'nModified': 0, 'nUpserted': 0, 'nMatched': 0, 'writeErrors': [], 'upserted': [], 'writeConcernErrors': [], 'nRemoved': 0, 'nInserted': 1}
2017-08-22 18:12:29,739: rp.session.js-17-212.jetstream-cloud.org.vivek91.017400.0021: task-manager                    : MainThread     : DEBUG   : bulk unit insert result: {'nModified': 0, 'nUpserted': 0, 'nMatched': 0, 'writeErrors': [], 'upserted': [], 'writeConcernErrors': [], 'nRemoved': 0, 'nInserted': 1}
2017-08-22 18:12:29,816: rp.session.js-17-212.jetstream-cloud.org.vivek91.017400.0021: task-manager                    : MainThread     : DEBUG   : bulk unit insert result: {'nModified': 0, 'nUpserted': 0, 'nMatched': 0, 'writeErrors': [], 'upserted': [], 'writeConcernErrors': [], 'nRemoved': 0, 'nInserted': 1}
2017-08-22 18:12:29,876: rp.session.js-17-212.jetstream-cloud.org.vivek91.017400.0021: task-manager                    : MainThread     : DEBUG   : bulk unit insert result: {'nModified': 0, 'nUpserted': 0, 'nMatched': 0, 'writeErrors': [], 'upserted': [], 'writeConcernErrors': [], 'nRemoved': 0, 'nInserted': 1}
2017-08-22 18:12:29,936: rp.session.js-17-212.jetstream-cloud.org.vivek91.017400.0021: task-manager                    : MainThread     : DEBUG   : bulk unit insert result: {'nModified': 0, 'nUpserted': 0, 'nMatched': 0, 'writeErrors': [], 'upserted': [], 'writeConcernErrors': [], 'nRemoved': 0, 'nInserted': 1}
2017-08-22 18:12:29,996: rp.session.js-17-212.jetstream-cloud.org.vivek91.017400.0021: task-manager                    : MainThread     : DEBUG   : bulk unit insert result: {'nModified': 0, 'nUpserted': 0, 'nMatched': 0, 'writeErrors': [], 'upserted': [], 'writeConcernErrors': [], 'nRemoved': 0, 'nInserted': 1}
2017-08-22 18:12:30,056: rp.session.js-17-212.jetstream-cloud.org.vivek91.017400.0021: task-manager                    : MainThread     : DEBUG   : bulk unit insert result: {'nModified': 0, 'nUpserted': 0, 'nMatched': 0, 'writeErrors': [], 'upserted': [], 'writeConcernErrors': [], 'nRemoved': 0, 'nInserted': 1}
2017-08-22 18:12:30,115: rp.session.js-17-212.jetstream-cloud.org.vivek91.017400.0021: task-manager                    : MainThread     : DEBUG   : bulk unit insert result: {'nModified': 0, 'nUpserted': 0, 'nMatched': 0, 'writeErrors': [], 'upserted': [], 'writeConcernErrors': [], 'nRemoved': 0, 'nInserted': 1}
2017-08-22 18:12:30,175: rp.session.js-17-212.jetstream-cloud.org.vivek91.017400.0021: task-manager                    : MainThread     : DEBUG   : bulk unit insert result: {'nModified': 0, 'nUpserted': 0, 'nMatched': 0, 'writeErrors': [], 'upserted': [], 'writeConcernErrors': [], 'nRemoved': 0, 'nInserted': 1}
2017-08-22 18:12:31,893: rp.session.js-17-212.jetstream-cloud.org.vivek91.017400.0021: task-manager                    : MainThread     : DEBUG   : bulk unit insert result: {'nModified': 0, 'nUpserted': 0, 'nMatched': 0, 'writeErrors': [], 'upserted': [], 'writeConcernErrors': [], 'nRemoved': 0, 'nInserted': 1}
2017-08-22 18:12:31,994: rp.session.js-17-212.jetstream-cloud.org.vivek91.017400.0021: task-manager                    : MainThread     : DEBUG   : bulk unit insert result: {'nModified': 0, 'nUpserted': 0, 'nMatched': 0, 'writeErrors': [], 'upserted': [], 'writeConcernErrors': [], 'nRemoved': 0, 'nInserted': 1}
2017-08-22 18:12:32,076: rp.session.js-17-212.jetstream-cloud.org.vivek91.017400.0021: task-manager                    : MainThread     : DEBUG   : bulk unit insert result: {'nModified': 0, 'nUpserted': 0, 'nMatched': 0, 'writeErrors': [], 'upserted': [], 'writeConcernErrors': [], 'nRemoved': 0, 'nInserted': 1}
2017-08-22 18:12:32,143: rp.session.js-17-212.jetstream-cloud.org.vivek91.017400.0021: task-manager                    : MainThread     : DEBUG   : bulk unit insert result: {'nModified': 0, 'nUpserted': 0, 'nMatched': 0, 'writeErrors': [], 'upserted': [], 'writeConcernErrors': [], 'nRemoved': 0, 'nInserted': 1}
2017-08-22 18:12:32,241: rp.session.js-17-212.jetstream-cloud.org.vivek91.017400.0021: task-manager                    : MainThread     : DEBUG   : bulk unit insert result: {'nModified': 0, 'nUpserted': 0, 'nMatched': 0, 'writeErrors': [], 'upserted': [], 'writeConcernErrors': [], 'nRemoved': 0, 'nInserted': 1}
2017-08-22 18:12:32,327: rp.session.js-17-212.jetstream-cloud.org.vivek91.017400.0021: task-manager                    : MainThread     : DEBUG   : bulk unit insert result: {'nModified': 0, 'nUpserted': 0, 'nMatched': 0, 'writeErrors': [], 'upserted': [], 'writeConcernErrors': [], 'nRemoved': 0, 'nInserted': 1}
2017-08-22 18:12:32,392: rp.session.js-17-212.jetstream-cloud.org.vivek91.017400.0021: task-manager                    : MainThread     : DEBUG   : bulk unit insert result: {'nModified': 0, 'nUpserted': 0, 'nMatched': 0, 'writeErrors': [], 'upserted': [], 'writeConcernErrors': [], 'nRemoved': 0, 'nInserted': 1}
2017-08-22 18:12:32,456: rp.session.js-17-212.jetstream-cloud.org.vivek91.017400.0021: task-manager                    : MainThread     : DEBUG   : bulk unit insert result: {'nModified': 0, 'nUpserted': 0, 'nMatched': 0, 'writeErrors': [], 'upserted': [], 'writeConcernErrors': [], 'nRemoved': 0, 'nInserted': 1}
2017-08-22 18:12:32,534: rp.session.js-17-212.jetstream-cloud.org.vivek91.017400.0021: task-manager                    : MainThread     : DEBUG   : bulk unit insert result: {'nModified': 0, 'nUpserted': 0, 'nMatched': 0, 'writeErrors': [], 'upserted': [], 'writeConcernErrors': [], 'nRemoved': 0, 'nInserted': 1}
2017-08-22 18:12:32,612: rp.session.js-17-212.jetstream-cloud.org.vivek91.017400.0021: task-manager                    : MainThread     : DEBUG   : bulk unit insert result: {'nModified': 0, 'nUpserted': 0, 'nMatched': 0, 'writeErrors': [], 'upserted': [], 'writeConcernErrors': [], 'nRemoved': 0, 'nInserted': 1}
2017-08-22 18:12:32,677: rp.session.js-17-212.jetstream-cloud.org.vivek91.017400.0021: task-manager                    : MainThread     : DEBUG   : bulk unit insert result: {'nModified': 0, 'nUpserted': 0, 'nMatched': 0, 'writeErrors': [], 'upserted': [], 'writeConcernErrors': [], 'nRemoved': 0, 'nInserted': 1}
2017-08-22 18:12:32,744: rp.session.js-17-212.jetstream-cloud.org.vivek91.017400.0021: task-manager                    : MainThread     : DEBUG   : bulk unit insert result: {'nModified': 0, 'nUpserted': 0, 'nMatched': 0, 'writeErrors': [], 'upserted': [], 'writeConcernErrors': [], 'nRemoved': 0, 'nInserted': 1}
2017-08-22 18:12:32,810: rp.session.js-17-212.jetstream-cloud.org.vivek91.017400.0021: task-manager                    : MainThread     : DEBUG   : bulk unit insert result: {'nModified': 0, 'nUpserted': 0, 'nMatched': 0, 'writeErrors': [], 'upserted': [], 'writeConcernErrors': [], 'nRemoved': 0, 'nInserted': 1}
2017-08-22 18:12:32,890: rp.session.js-17-212.jetstream-cloud.org.vivek91.017400.0021: task-manager                    : MainThread     : DEBUG   : bulk unit insert result: {'nModified': 0, 'nUpserted': 0, 'nMatched': 0, 'writeErrors': [], 'upserted': [], 'writeConcernErrors': [], 'nRemoved': 0, 'nInserted': 1}
2017-08-22 18:12:32,951: rp.session.js-17-212.jetstream-cloud.org.vivek91.017400.0021: task-manager                    : MainThread     : DEBUG   : bulk unit insert result: {'nModified': 0, 'nUpserted': 0, 'nMatched': 0, 'writeErrors': [], 'upserted': [], 'writeConcernErrors': [], 'nRemoved': 0, 'nInserted': 1}
2017-08-22 18:12:33,009: rp.session.js-17-212.jetstream-cloud.org.vivek91.017400.0021: task-manager                    : MainThread     : DEBUG   : bulk unit insert result: {'nModified': 0, 'nUpserted': 0, 'nMatched': 0, 'writeErrors': [], 'upserted': [], 'writeConcernErrors': [], 'nRemoved': 0, 'nInserted': 1}
2017-08-22 18:12:34,884: rp.session.js-17-212.jetstream-cloud.org.vivek91.017400.0021: task-manager                    : MainThread     : DEBUG   : bulk unit insert result: {'nModified': 0, 'nUpserted': 0, 'nMatched': 0, 'writeErrors': [], 'upserted': [], 'writeConcernErrors': [], 'nRemoved': 0, 'nInserted': 1}
2017-08-22 18:12:35,665: rp.session.js-17-212.jetstream-cloud.org.vivek91.017400.0021: task-manager                    : MainThread     : DEBUG   : bulk unit insert result: {'nModified': 0, 'nUpserted': 0, 'nMatched': 0, 'writeErrors': [], 'upserted': [], 'writeConcernErrors': [], 'nRemoved': 0, 'nInserted': 1}
2017-08-22 18:12:35,726: rp.session.js-17-212.jetstream-cloud.org.vivek91.017400.0021: task-manager                    : MainThread     : DEBUG   : bulk unit insert result: {'nModified': 0, 'nUpserted': 0, 'nMatched': 0, 'writeErrors': [], 'upserted': [], 'writeConcernErrors': [], 'nRemoved': 0, 'nInserted': 1}
2017-08-22 18:12:35,785: rp.session.js-17-212.jetstream-cloud.org.vivek91.017400.0021: task-manager                    : MainThread     : DEBUG   : bulk unit insert result: {'nModified': 0, 'nUpserted': 0, 'nMatched': 0, 'writeErrors': [], 'upserted': [], 'writeConcernErrors': [], 'nRemoved': 0, 'nInserted': 1}
2017-08-22 18:12:35,844: rp.session.js-17-212.jetstream-cloud.org.vivek91.017400.0021: task-manager                    : MainThread     : DEBUG   : bulk unit insert result: {'nModified': 0, 'nUpserted': 0, 'nMatched': 0, 'writeErrors': [], 'upserted': [], 'writeConcernErrors': [], 'nRemoved': 0, 'nInserted': 1}
2017-08-22 18:12:35,910: rp.session.js-17-212.jetstream-cloud.org.vivek91.017400.0021: task-manager                    : MainThread     : DEBUG   : bulk unit insert result: {'nModified': 0, 'nUpserted': 0, 'nMatched': 0, 'writeErrors': [], 'upserted': [], 'writeConcernErrors': [], 'nRemoved': 0, 'nInserted': 1}
2017-08-22 18:12:35,980: rp.session.js-17-212.jetstream-cloud.org.vivek91.017400.0021: task-manager                    : MainThread     : DEBUG   : bulk unit insert result: {'nModified': 0, 'nUpserted': 0, 'nMatched': 0, 'writeErrors': [], 'upserted': [], 'writeConcernErrors': [], 'nRemoved': 0, 'nInserted': 1}
2017-08-22 18:12:36,044: rp.session.js-17-212.jetstream-cloud.org.vivek91.017400.0021: task-manager                    : MainThread     : DEBUG   : bulk unit insert result: {'nModified': 0, 'nUpserted': 0, 'nMatched': 0, 'writeErrors': [], 'upserted': [], 'writeConcernErrors': [], 'nRemoved': 0, 'nInserted': 1}
2017-08-22 18:12:36,131: rp.session.js-17-212.jetstream-cloud.org.vivek91.017400.0021: task-manager                    : MainThread     : DEBUG   : bulk unit insert result: {'nModified': 0, 'nUpserted': 0, 'nMatched': 0, 'writeErrors': [], 'upserted': [], 'writeConcernErrors': [], 'nRemoved': 0, 'nInserted': 1}
2017-08-22 18:12:36,214: rp.session.js-17-212.jetstream-cloud.org.vivek91.017400.0021: task-manager                    : MainThread     : DEBUG   : bulk unit insert result: {'nModified': 0, 'nUpserted': 0, 'nMatched': 0, 'writeErrors': [], 'upserted': [], 'writeConcernErrors': [], 'nRemoved': 0, 'nInserted': 1}
2017-08-22 18:12:36,279: rp.session.js-17-212.jetstream-cloud.org.vivek91.017400.0021: task-manager                    : MainThread     : DEBUG   : bulk unit insert result: {'nModified': 0, 'nUpserted': 0, 'nMatched': 0, 'writeErrors': [], 'upserted': [], 'writeConcernErrors': [], 'nRemoved': 0, 'nInserted': 1}
2017-08-22 18:12:36,342: rp.session.js-17-212.jetstream-cloud.org.vivek91.017400.0021: task-manager                    : MainThread     : DEBUG   : bulk unit insert result: {'nModified': 0, 'nUpserted': 0, 'nMatched': 0, 'writeErrors': [], 'upserted': [], 'writeConcernErrors': [], 'nRemoved': 0, 'nInserted': 1}
2017-08-22 18:12:36,432: rp.session.js-17-212.jetstream-cloud.org.vivek91.017400.0021: task-manager                    : MainThread     : DEBUG   : bulk unit insert result: {'nModified': 0, 'nUpserted': 0, 'nMatched': 0, 'writeErrors': [], 'upserted': [], 'writeConcernErrors': [], 'nRemoved': 0, 'nInserted': 1}
2017-08-22 18:12:36,498: rp.session.js-17-212.jetstream-cloud.org.vivek91.017400.0021: task-manager                    : MainThread     : DEBUG   : bulk unit insert result: {'nModified': 0, 'nUpserted': 0, 'nMatched': 0, 'writeErrors': [], 'upserted': [], 'writeConcernErrors': [], 'nRemoved': 0, 'nInserted': 1}
2017-08-22 18:12:36,563: rp.session.js-17-212.jetstream-cloud.org.vivek91.017400.0021: task-manager                    : MainThread     : DEBUG   : bulk unit insert result: {'nModified': 0, 'nUpserted': 0, 'nMatched': 0, 'writeErrors': [], 'upserted': [], 'writeConcernErrors': [], 'nRemoved': 0, 'nInserted': 1}
2017-08-22 18:12:36,657: rp.session.js-17-212.jetstream-cloud.org.vivek91.017400.0021: task-manager                    : MainThread     : DEBUG   : bulk unit insert result: {'nModified': 0, 'nUpserted': 0, 'nMatched': 0, 'writeErrors': [], 'upserted': [], 'writeConcernErrors': [], 'nRemoved': 0, 'nInserted': 1}
2017-08-22 18:12:36,718: rp.session.js-17-212.jetstream-cloud.org.vivek91.017400.0021: task-manager                    : MainThread     : DEBUG   : bulk unit insert result: {'nModified': 0, 'nUpserted': 0, 'nMatched': 0, 'writeErrors': [], 'upserted': [], 'writeConcernErrors': [], 'nRemoved': 0, 'nInserted': 1}
2017-08-22 18:12:36,779: rp.session.js-17-212.jetstream-cloud.org.vivek91.017400.0021: task-manager                    : MainThread     : DEBUG   : bulk unit insert result: {'nModified': 0, 'nUpserted': 0, 'nMatched': 0, 'writeErrors': [], 'upserted': [], 'writeConcernErrors': [], 'nRemoved': 0, 'nInserted': 1}
2017-08-22 18:12:38,517: rp.session.js-17-212.jetstream-cloud.org.vivek91.017400.0021: task-manager                    : MainThread     : DEBUG   : bulk unit insert result: {'nModified': 0, 'nUpserted': 0, 'nMatched': 0, 'writeErrors': [], 'upserted': [], 'writeConcernErrors': [], 'nRemoved': 0, 'nInserted': 1}
2017-08-22 18:12:41,767: rp.session.js-17-212.jetstream-cloud.org.vivek91.017400.0021: task-manager                    : MainThread     : DEBUG   : bulk unit insert result: {'nModified': 0, 'nUpserted': 0, 'nMatched': 0, 'writeErrors': [], 'upserted': [], 'writeConcernErrors': [], 'nRemoved': 0, 'nInserted': 1}
2017-08-22 18:12:42,327: rp.session.js-17-212.jetstream-cloud.org.vivek91.017400.0021: task-manager                    : MainThread     : DEBUG   : bulk unit insert result: {'nModified': 0, 'nUpserted': 0, 'nMatched': 0, 'writeErrors': [], 'upserted': [], 'writeConcernErrors': [], 'nRemoved': 0, 'nInserted': 1}
2017-08-22 18:12:44,177: rp.session.js-17-212.jetstream-cloud.org.vivek91.017400.0021: task-manager                    : MainThread     : DEBUG   : bulk unit insert result: {'nModified': 0, 'nUpserted': 0, 'nMatched': 0, 'writeErrors': [], 'upserted': [], 'writeConcernErrors': [], 'nRemoved': 0, 'nInserted': 1}
2017-08-22 18:12:45,299: rp.session.js-17-212.jetstream-cloud.org.vivek91.017400.0021: task-manager                    : MainThread     : DEBUG   : bulk unit insert result: {'nModified': 0, 'nUpserted': 0, 'nMatched': 0, 'writeErrors': [], 'upserted': [], 'writeConcernErrors': [], 'nRemoved': 0, 'nInserted': 1}
2017-08-22 18:12:45,360: rp.session.js-17-212.jetstream-cloud.org.vivek91.017400.0021: task-manager                    : MainThread     : DEBUG   : bulk unit insert result: {'nModified': 0, 'nUpserted': 0, 'nMatched': 0, 'writeErrors': [], 'upserted': [], 'writeConcernErrors': [], 'nRemoved': 0, 'nInserted': 1}
2017-08-22 18:12:45,421: rp.session.js-17-212.jetstream-cloud.org.vivek91.017400.0021: task-manager                    : MainThread     : DEBUG   : bulk unit insert result: {'nModified': 0, 'nUpserted': 0, 'nMatched': 0, 'writeErrors': [], 'upserted': [], 'writeConcernErrors': [], 'nRemoved': 0, 'nInserted': 1}
2017-08-22 18:12:45,481: rp.session.js-17-212.jetstream-cloud.org.vivek91.017400.0021: task-manager                    : MainThread     : DEBUG   : bulk unit insert result: {'nModified': 0, 'nUpserted': 0, 'nMatched': 0, 'writeErrors': [], 'upserted': [], 'writeConcernErrors': [], 'nRemoved': 0, 'nInserted': 1}
2017-08-22 18:12:45,543: rp.session.js-17-212.jetstream-cloud.org.vivek91.017400.0021: task-manager                    : MainThread     : DEBUG   : bulk unit insert result: {'nModified': 0, 'nUpserted': 0, 'nMatched': 0, 'writeErrors': [], 'upserted': [], 'writeConcernErrors': [], 'nRemoved': 0, 'nInserted': 1}
2017-08-22 18:12:45,618: rp.session.js-17-212.jetstream-cloud.org.vivek91.017400.0021: task-manager                    : MainThread     : DEBUG   : bulk unit insert result: {'nModified': 0, 'nUpserted': 0, 'nMatched': 0, 'writeErrors': [], 'upserted': [], 'writeConcernErrors': [], 'nRemoved': 0, 'nInserted': 1}
2017-08-22 18:12:45,702: rp.session.js-17-212.jetstream-cloud.org.vivek91.017400.0021: task-manager                    : MainThread     : DEBUG   : bulk unit insert result: {'nModified': 0, 'nUpserted': 0, 'nMatched': 0, 'writeErrors': [], 'upserted': [], 'writeConcernErrors': [], 'nRemoved': 0, 'nInserted': 1}
2017-08-22 18:12:45,782: rp.session.js-17-212.jetstream-cloud.org.vivek91.017400.0021: task-manager                    : MainThread     : DEBUG   : bulk unit insert result: {'nModified': 0, 'nUpserted': 0, 'nMatched': 0, 'writeErrors': [], 'upserted': [], 'writeConcernErrors': [], 'nRemoved': 0, 'nInserted': 1}
2017-08-22 18:12:45,868: rp.session.js-17-212.jetstream-cloud.org.vivek91.017400.0021: task-manager                    : MainThread     : DEBUG   : bulk unit insert result: {'nModified': 0, 'nUpserted': 0, 'nMatched': 0, 'writeErrors': [], 'upserted': [], 'writeConcernErrors': [], 'nRemoved': 0, 'nInserted': 1}
2017-08-22 18:12:45,953: rp.session.js-17-212.jetstream-cloud.org.vivek91.017400.0021: task-manager                    : MainThread     : DEBUG   : bulk unit insert result: {'nModified': 0, 'nUpserted': 0, 'nMatched': 0, 'writeErrors': [], 'upserted': [], 'writeConcernErrors': [], 'nRemoved': 0, 'nInserted': 1}
2017-08-22 18:12:46,024: rp.session.js-17-212.jetstream-cloud.org.vivek91.017400.0021: task-manager                    : MainThread     : DEBUG   : bulk unit insert result: {'nModified': 0, 'nUpserted': 0, 'nMatched': 0, 'writeErrors': [], 'upserted': [], 'writeConcernErrors': [], 'nRemoved': 0, 'nInserted': 1}
2017-08-22 18:12:46,105: rp.session.js-17-212.jetstream-cloud.org.vivek91.017400.0021: task-manager                    : MainThread     : DEBUG   : bulk unit insert result: {'nModified': 0, 'nUpserted': 0, 'nMatched': 0, 'writeErrors': [], 'upserted': [], 'writeConcernErrors': [], 'nRemoved': 0, 'nInserted': 1}
2017-08-22 18:12:46,192: rp.session.js-17-212.jetstream-cloud.org.vivek91.017400.0021: task-manager                    : MainThread     : DEBUG   : bulk unit insert result: {'nModified': 0, 'nUpserted': 0, 'nMatched': 0, 'writeErrors': [], 'upserted': [], 'writeConcernErrors': [], 'nRemoved': 0, 'nInserted': 1}
2017-08-22 18:12:46,271: rp.session.js-17-212.jetstream-cloud.org.vivek91.017400.0021: task-manager                    : MainThread     : DEBUG   : bulk unit insert result: {'nModified': 0, 'nUpserted': 0, 'nMatched': 0, 'writeErrors': [], 'upserted': [], 'writeConcernErrors': [], 'nRemoved': 0, 'nInserted': 1}
2017-08-22 18:12:46,336: rp.session.js-17-212.jetstream-cloud.org.vivek91.017400.0021: task-manager                    : MainThread     : DEBUG   : bulk unit insert result: {'nModified': 0, 'nUpserted': 0, 'nMatched': 0, 'writeErrors': [], 'upserted': [], 'writeConcernErrors': [], 'nRemoved': 0, 'nInserted': 1}
2017-08-22 18:12:46,397: rp.session.js-17-212.jetstream-cloud.org.vivek91.017400.0021: task-manager                    : MainThread     : DEBUG   : bulk unit insert result: {'nModified': 0, 'nUpserted': 0, 'nMatched': 0, 'writeErrors': [], 'upserted': [], 'writeConcernErrors': [], 'nRemoved': 0, 'nInserted': 1}
2017-08-22 18:12:46,458: rp.session.js-17-212.jetstream-cloud.org.vivek91.017400.0021: task-manager                    : MainThread     : DEBUG   : bulk unit insert result: {'nModified': 0, 'nUpserted': 0, 'nMatched': 0, 'writeErrors': [], 'upserted': [], 'writeConcernErrors': [], 'nRemoved': 0, 'nInserted': 1}
2017-08-22 18:12:46,518: rp.session.js-17-212.jetstream-cloud.org.vivek91.017400.0021: task-manager                    : MainThread     : DEBUG   : bulk unit insert result: {'nModified': 0, 'nUpserted': 0, 'nMatched': 0, 'writeErrors': [], 'upserted': [], 'writeConcernErrors': [], 'nRemoved': 0, 'nInserted': 1}
2017-08-22 18:12:46,815: rp.session.js-17-212.jetstream-cloud.org.vivek91.017400.0021: task-manager                    : MainThread     : DEBUG   : bulk unit insert result: {'nModified': 0, 'nUpserted': 0, 'nMatched': 0, 'writeErrors': [], 'upserted': [], 'writeConcernErrors': [], 'nRemoved': 0, 'nInserted': 1}
2017-08-22 18:12:48,871: rp.session.js-17-212.jetstream-cloud.org.vivek91.017400.0021: task-manager                    : MainThread     : DEBUG   : bulk unit insert result: {'nModified': 0, 'nUpserted': 0, 'nMatched': 0, 'writeErrors': [], 'upserted': [], 'writeConcernErrors': [], 'nRemoved': 0, 'nInserted': 1}
2017-08-22 18:12:49,005: rp.session.js-17-212.jetstream-cloud.org.vivek91.017400.0021: task-manager                    : MainThread     : DEBUG   : bulk unit insert result: {'nModified': 0, 'nUpserted': 0, 'nMatched': 0, 'writeErrors': [], 'upserted': [], 'writeConcernErrors': [], 'nRemoved': 0, 'nInserted': 1}
2017-08-22 18:12:49,420: rp.session.js-17-212.jetstream-cloud.org.vivek91.017400.0021: task-manager                    : MainThread     : DEBUG   : bulk unit insert result: {'nModified': 0, 'nUpserted': 0, 'nMatched': 0, 'writeErrors': [], 'upserted': [], 'writeConcernErrors': [], 'nRemoved': 0, 'nInserted': 1}
2017-08-22 18:12:51,724: rp.session.js-17-212.jetstream-cloud.org.vivek91.017400.0021: task-manager                    : MainThread     : DEBUG   : bulk unit insert result: {'nModified': 0, 'nUpserted': 0, 'nMatched': 0, 'writeErrors': [], 'upserted': [], 'writeConcernErrors': [], 'nRemoved': 0, 'nInserted': 1}
2017-08-22 18:12:52,451: rp.session.js-17-212.jetstream-cloud.org.vivek91.017400.0021: task-manager                    : MainThread     : DEBUG   : bulk unit insert result: {'nModified': 0, 'nUpserted': 0, 'nMatched': 0, 'writeErrors': [], 'upserted': [], 'writeConcernErrors': [], 'nRemoved': 0, 'nInserted': 1}
2017-08-22 18:12:52,731: rp.session.js-17-212.jetstream-cloud.org.vivek91.017400.0021: task-manager                    : MainThread     : DEBUG   : bulk unit insert result: {'nModified': 0, 'nUpserted': 0, 'nMatched': 0, 'writeErrors': [], 'upserted': [], 'writeConcernErrors': [], 'nRemoved': 0, 'nInserted': 1}
2017-08-22 18:12:53,015: rp.session.js-17-212.jetstream-cloud.org.vivek91.017400.0021: task-manager                    : MainThread     : DEBUG   : bulk unit insert result: {'nModified': 0, 'nUpserted': 0, 'nMatched': 0, 'writeErrors': [], 'upserted': [], 'writeConcernErrors': [], 'nRemoved': 0, 'nInserted': 1}
2017-08-22 18:12:53,393: rp.session.js-17-212.jetstream-cloud.org.vivek91.017400.0021: task-manager                    : MainThread     : DEBUG   : bulk unit insert result: {'nModified': 0, 'nUpserted': 0, 'nMatched': 0, 'writeErrors': [], 'upserted': [], 'writeConcernErrors': [], 'nRemoved': 0, 'nInserted': 1}
2017-08-22 18:12:53,731: rp.session.js-17-212.jetstream-cloud.org.vivek91.017400.0021: task-manager                    : MainThread     : DEBUG   : bulk unit insert result: {'nModified': 0, 'nUpserted': 0, 'nMatched': 0, 'writeErrors': [], 'upserted': [], 'writeConcernErrors': [], 'nRemoved': 0, 'nInserted': 1}
2017-08-22 18:12:55,099: rp.session.js-17-212.jetstream-cloud.org.vivek91.017400.0021: task-manager                    : MainThread     : DEBUG   : bulk unit insert result: {'nModified': 0, 'nUpserted': 0, 'nMatched': 0, 'writeErrors': [], 'upserted': [], 'writeConcernErrors': [], 'nRemoved': 0, 'nInserted': 1}
2017-08-22 18:12:55,538: rp.session.js-17-212.jetstream-cloud.org.vivek91.017400.0021: task-manager                    : MainThread     : DEBUG   : bulk unit insert result: {'nModified': 0, 'nUpserted': 0, 'nMatched': 0, 'writeErrors': [], 'upserted': [], 'writeConcernErrors': [], 'nRemoved': 0, 'nInserted': 1}
2017-08-22 18:12:55,605: rp.session.js-17-212.jetstream-cloud.org.vivek91.017400.0021: task-manager                    : MainThread     : DEBUG   : bulk unit insert result: {'nModified': 0, 'nUpserted': 0, 'nMatched': 0, 'writeErrors': [], 'upserted': [], 'writeConcernErrors': [], 'nRemoved': 0, 'nInserted': 1}
2017-08-22 18:12:55,665: rp.session.js-17-212.jetstream-cloud.org.vivek91.017400.0021: task-manager                    : MainThread     : DEBUG   : bulk unit insert result: {'nModified': 0, 'nUpserted': 0, 'nMatched': 0, 'writeErrors': [], 'upserted': [], 'writeConcernErrors': [], 'nRemoved': 0, 'nInserted': 1}
2017-08-22 18:12:55,726: rp.session.js-17-212.jetstream-cloud.org.vivek91.017400.0021: task-manager                    : MainThread     : DEBUG   : bulk unit insert result: {'nModified': 0, 'nUpserted': 0, 'nMatched': 0, 'writeErrors': [], 'upserted': [], 'writeConcernErrors': [], 'nRemoved': 0, 'nInserted': 1}
2017-08-22 18:12:55,786: rp.session.js-17-212.jetstream-cloud.org.vivek91.017400.0021: task-manager                    : MainThread     : DEBUG   : bulk unit insert result: {'nModified': 0, 'nUpserted': 0, 'nMatched': 0, 'writeErrors': [], 'upserted': [], 'writeConcernErrors': [], 'nRemoved': 0, 'nInserted': 1}
2017-08-22 18:12:55,849: rp.session.js-17-212.jetstream-cloud.org.vivek91.017400.0021: task-manager                    : MainThread     : DEBUG   : bulk unit insert result: {'nModified': 0, 'nUpserted': 0, 'nMatched': 0, 'writeErrors': [], 'upserted': [], 'writeConcernErrors': [], 'nRemoved': 0, 'nInserted': 1}
2017-08-22 18:12:55,917: rp.session.js-17-212.jetstream-cloud.org.vivek91.017400.0021: task-manager                    : MainThread     : DEBUG   : bulk unit insert result: {'nModified': 0, 'nUpserted': 0, 'nMatched': 0, 'writeErrors': [], 'upserted': [], 'writeConcernErrors': [], 'nRemoved': 0, 'nInserted': 1}
2017-08-22 18:12:56,008: rp.session.js-17-212.jetstream-cloud.org.vivek91.017400.0021: task-manager                    : MainThread     : DEBUG   : bulk unit insert result: {'nModified': 0, 'nUpserted': 0, 'nMatched': 0, 'writeErrors': [], 'upserted': [], 'writeConcernErrors': [], 'nRemoved': 0, 'nInserted': 1}
2017-08-22 18:12:56,086: rp.session.js-17-212.jetstream-cloud.org.vivek91.017400.0021: task-manager                    : MainThread     : DEBUG   : bulk unit insert result: {'nModified': 0, 'nUpserted': 0, 'nMatched': 0, 'writeErrors': [], 'upserted': [], 'writeConcernErrors': [], 'nRemoved': 0, 'nInserted': 1}
2017-08-22 18:12:56,184: rp.session.js-17-212.jetstream-cloud.org.vivek91.017400.0021: task-manager                    : MainThread     : DEBUG   : bulk unit insert result: {'nModified': 0, 'nUpserted': 0, 'nMatched': 0, 'writeErrors': [], 'upserted': [], 'writeConcernErrors': [], 'nRemoved': 0, 'nInserted': 1}
2017-08-22 18:12:56,293: rp.session.js-17-212.jetstream-cloud.org.vivek91.017400.0021: task-manager                    : MainThread     : DEBUG   : bulk unit insert result: {'nModified': 0, 'nUpserted': 0, 'nMatched': 0, 'writeErrors': [], 'upserted': [], 'writeConcernErrors': [], 'nRemoved': 0, 'nInserted': 1}
2017-08-22 18:12:56,374: rp.session.js-17-212.jetstream-cloud.org.vivek91.017400.0021: task-manager                    : MainThread     : DEBUG   : bulk unit insert result: {'nModified': 0, 'nUpserted': 0, 'nMatched': 0, 'writeErrors': [], 'upserted': [], 'writeConcernErrors': [], 'nRemoved': 0, 'nInserted': 1}
2017-08-22 18:12:56,463: rp.session.js-17-212.jetstream-cloud.org.vivek91.017400.0021: task-manager                    : MainThread     : DEBUG   : bulk unit insert result: {'nModified': 0, 'nUpserted': 0, 'nMatched': 0, 'writeErrors': [], 'upserted': [], 'writeConcernErrors': [], 'nRemoved': 0, 'nInserted': 1}
2017-08-22 18:12:56,541: rp.session.js-17-212.jetstream-cloud.org.vivek91.017400.0021: task-manager                    : MainThread     : DEBUG   : bulk unit insert result: {'nModified': 0, 'nUpserted': 0, 'nMatched': 0, 'writeErrors': [], 'upserted': [], 'writeConcernErrors': [], 'nRemoved': 0, 'nInserted': 1}
2017-08-22 18:12:56,624: rp.session.js-17-212.jetstream-cloud.org.vivek91.017400.0021: task-manager                    : MainThread     : DEBUG   : bulk unit insert result: {'nModified': 0, 'nUpserted': 0, 'nMatched': 0, 'writeErrors': [], 'upserted': [], 'writeConcernErrors': [], 'nRemoved': 0, 'nInserted': 1}
2017-08-22 18:12:56,685: rp.session.js-17-212.jetstream-cloud.org.vivek91.017400.0021: task-manager                    : MainThread     : DEBUG   : bulk unit insert result: {'nModified': 0, 'nUpserted': 0, 'nMatched': 0, 'writeErrors': [], 'upserted': [], 'writeConcernErrors': [], 'nRemoved': 0, 'nInserted': 1}
2017-08-22 18:12:56,747: rp.session.js-17-212.jetstream-cloud.org.vivek91.017400.0021: task-manager                    : MainThread     : DEBUG   : bulk unit insert result: {'nModified': 0, 'nUpserted': 0, 'nMatched': 0, 'writeErrors': [], 'upserted': [], 'writeConcernErrors': [], 'nRemoved': 0, 'nInserted': 1}
2017-08-22 18:12:56,903: rp.session.js-17-212.jetstream-cloud.org.vivek91.017400.0021: task-manager                    : MainThread     : DEBUG   : bulk unit insert result: {'nModified': 0, 'nUpserted': 0, 'nMatched': 0, 'writeErrors': [], 'upserted': [], 'writeConcernErrors': [], 'nRemoved': 0, 'nInserted': 1}
2017-08-22 18:12:58,397: rp.session.js-17-212.jetstream-cloud.org.vivek91.017400.0021: task-manager                    : MainThread     : DEBUG   : bulk unit insert result: {'nModified': 0, 'nUpserted': 0, 'nMatched': 0, 'writeErrors': [], 'upserted': [], 'writeConcernErrors': [], 'nRemoved': 0, 'nInserted': 1}
2017-08-22 18:12:58,647: rp.session.js-17-212.jetstream-cloud.org.vivek91.017400.0021: task-manager                    : MainThread     : DEBUG   : bulk unit insert result: {'nModified': 0, 'nUpserted': 0, 'nMatched': 0, 'writeErrors': [], 'upserted': [], 'writeConcernErrors': [], 'nRemoved': 0, 'nInserted': 1}
2017-08-22 18:13:00,222: rp.session.js-17-212.jetstream-cloud.org.vivek91.017400.0021: task-manager                    : MainThread     : DEBUG   : bulk unit insert result: {'nModified': 0, 'nUpserted': 0, 'nMatched': 0, 'writeErrors': [], 'upserted': [], 'writeConcernErrors': [], 'nRemoved': 0, 'nInserted': 1}
2017-08-22 18:13:07,198: rp.session.js-17-212.jetstream-cloud.org.vivek91.017400.0021: task-manager                    : MainThread     : DEBUG   : bulk unit insert result: {'nModified': 0, 'nUpserted': 0, 'nMatched': 0, 'writeErrors': [], 'upserted': [], 'writeConcernErrors': [], 'nRemoved': 0, 'nInserted': 1}
2017-08-22 18:13:07,259: rp.session.js-17-212.jetstream-cloud.org.vivek91.017400.0021: task-manager                    : MainThread     : DEBUG   : bulk unit insert result: {'nModified': 0, 'nUpserted': 0, 'nMatched': 0, 'writeErrors': [], 'upserted': [], 'writeConcernErrors': [], 'nRemoved': 0, 'nInserted': 1}
2017-08-22 18:13:07,318: rp.session.js-17-212.jetstream-cloud.org.vivek91.017400.0021: task-manager                    : MainThread     : DEBUG   : bulk unit insert result: {'nModified': 0, 'nUpserted': 0, 'nMatched': 0, 'writeErrors': [], 'upserted': [], 'writeConcernErrors': [], 'nRemoved': 0, 'nInserted': 1}
2017-08-22 18:13:07,376: rp.session.js-17-212.jetstream-cloud.org.vivek91.017400.0021: task-manager                    : MainThread     : DEBUG   : bulk unit insert result: {'nModified': 0, 'nUpserted': 0, 'nMatched': 0, 'writeErrors': [], 'upserted': [], 'writeConcernErrors': [], 'nRemoved': 0, 'nInserted': 1}
2017-08-22 18:13:07,436: rp.session.js-17-212.jetstream-cloud.org.vivek91.017400.0021: task-manager                    : MainThread     : DEBUG   : bulk unit insert result: {'nModified': 0, 'nUpserted': 0, 'nMatched': 0, 'writeErrors': [], 'upserted': [], 'writeConcernErrors': [], 'nRemoved': 0, 'nInserted': 1}
2017-08-22 18:13:07,538: rp.session.js-17-212.jetstream-cloud.org.vivek91.017400.0021: task-manager                    : MainThread     : DEBUG   : bulk unit insert result: {'nModified': 0, 'nUpserted': 0, 'nMatched': 0, 'writeErrors': [], 'upserted': [], 'writeConcernErrors': [], 'nRemoved': 0, 'nInserted': 1}
2017-08-22 18:13:07,659: rp.session.js-17-212.jetstream-cloud.org.vivek91.017400.0021: task-manager                    : MainThread     : DEBUG   : bulk unit insert result: {'nModified': 0, 'nUpserted': 0, 'nMatched': 0, 'writeErrors': [], 'upserted': [], 'writeConcernErrors': [], 'nRemoved': 0, 'nInserted': 1}
2017-08-22 18:13:07,785: rp.session.js-17-212.jetstream-cloud.org.vivek91.017400.0021: task-manager                    : MainThread     : DEBUG   : bulk unit insert result: {'nModified': 0, 'nUpserted': 0, 'nMatched': 0, 'writeErrors': [], 'upserted': [], 'writeConcernErrors': [], 'nRemoved': 0, 'nInserted': 1}
2017-08-22 18:13:07,907: rp.session.js-17-212.jetstream-cloud.org.vivek91.017400.0021: task-manager                    : MainThread     : DEBUG   : bulk unit insert result: {'nModified': 0, 'nUpserted': 0, 'nMatched': 0, 'writeErrors': [], 'upserted': [], 'writeConcernErrors': [], 'nRemoved': 0, 'nInserted': 1}
2017-08-22 18:13:08,030: rp.session.js-17-212.jetstream-cloud.org.vivek91.017400.0021: task-manager                    : MainThread     : DEBUG   : bulk unit insert result: {'nModified': 0, 'nUpserted': 0, 'nMatched': 0, 'writeErrors': [], 'upserted': [], 'writeConcernErrors': [], 'nRemoved': 0, 'nInserted': 1}
2017-08-22 18:13:08,151: rp.session.js-17-212.jetstream-cloud.org.vivek91.017400.0021: task-manager                    : MainThread     : DEBUG   : bulk unit insert result: {'nModified': 0, 'nUpserted': 0, 'nMatched': 0, 'writeErrors': [], 'upserted': [], 'writeConcernErrors': [], 'nRemoved': 0, 'nInserted': 1}
2017-08-22 18:13:08,210: rp.session.js-17-212.jetstream-cloud.org.vivek91.017400.0021: task-manager                    : MainThread     : DEBUG   : bulk unit insert result: {'nModified': 0, 'nUpserted': 0, 'nMatched': 0, 'writeErrors': [], 'upserted': [], 'writeConcernErrors': [], 'nRemoved': 0, 'nInserted': 1}
2017-08-22 18:13:08,268: rp.session.js-17-212.jetstream-cloud.org.vivek91.017400.0021: task-manager                    : MainThread     : DEBUG   : bulk unit insert result: {'nModified': 0, 'nUpserted': 0, 'nMatched': 0, 'writeErrors': [], 'upserted': [], 'writeConcernErrors': [], 'nRemoved': 0, 'nInserted': 1}
2017-08-22 18:13:08,328: rp.session.js-17-212.jetstream-cloud.org.vivek91.017400.0021: task-manager                    : MainThread     : DEBUG   : bulk unit insert result: {'nModified': 0, 'nUpserted': 0, 'nMatched': 0, 'writeErrors': [], 'upserted': [], 'writeConcernErrors': [], 'nRemoved': 0, 'nInserted': 1}
2017-08-22 18:13:08,387: rp.session.js-17-212.jetstream-cloud.org.vivek91.017400.0021: task-manager                    : MainThread     : DEBUG   : bulk unit insert result: {'nModified': 0, 'nUpserted': 0, 'nMatched': 0, 'writeErrors': [], 'upserted': [], 'writeConcernErrors': [], 'nRemoved': 0, 'nInserted': 1}
2017-08-22 18:13:10,779: rp.session.js-17-212.jetstream-cloud.org.vivek91.017400.0021: task-manager                    : MainThread     : DEBUG   : bulk unit insert result: {'nModified': 0, 'nUpserted': 0, 'nMatched': 0, 'writeErrors': [], 'upserted': [], 'writeConcernErrors': [], 'nRemoved': 0, 'nInserted': 1}
2017-08-22 18:13:13,726: rp.session.js-17-212.jetstream-cloud.org.vivek91.017400.0021: task-manager                    : MainThread     : DEBUG   : bulk unit insert result: {'nModified': 0, 'nUpserted': 0, 'nMatched': 0, 'writeErrors': [], 'upserted': [], 'writeConcernErrors': [], 'nRemoved': 0, 'nInserted': 1}
2017-08-22 18:13:14,135: rp.session.js-17-212.jetstream-cloud.org.vivek91.017400.0021: task-manager                    : MainThread     : DEBUG   : bulk unit insert result: {'nModified': 0, 'nUpserted': 0, 'nMatched': 0, 'writeErrors': [], 'upserted': [], 'writeConcernErrors': [], 'nRemoved': 0, 'nInserted': 1}
2017-08-22 18:13:16,033: rp.session.js-17-212.jetstream-cloud.org.vivek91.017400.0021: task-manager                    : MainThread     : DEBUG   : bulk unit insert result: {'nModified': 0, 'nUpserted': 0, 'nMatched': 0, 'writeErrors': [], 'upserted': [], 'writeConcernErrors': [], 'nRemoved': 0, 'nInserted': 1}
2017-08-22 18:13:16,314: rp.session.js-17-212.jetstream-cloud.org.vivek91.017400.0021: task-manager                    : MainThread     : DEBUG   : bulk unit insert result: {'nModified': 0, 'nUpserted': 0, 'nMatched': 0, 'writeErrors': [], 'upserted': [], 'writeConcernErrors': [], 'nRemoved': 0, 'nInserted': 1}
2017-08-22 18:13:16,719: rp.session.js-17-212.jetstream-cloud.org.vivek91.017400.0021: task-manager                    : MainThread     : DEBUG   : bulk unit insert result: {'nModified': 0, 'nUpserted': 0, 'nMatched': 0, 'writeErrors': [], 'upserted': [], 'writeConcernErrors': [], 'nRemoved': 0, 'nInserted': 1}
2017-08-22 18:13:16,778: rp.session.js-17-212.jetstream-cloud.org.vivek91.017400.0021: task-manager                    : MainThread     : DEBUG   : bulk unit insert result: {'nModified': 0, 'nUpserted': 0, 'nMatched': 0, 'writeErrors': [], 'upserted': [], 'writeConcernErrors': [], 'nRemoved': 0, 'nInserted': 1}
2017-08-22 18:13:16,837: rp.session.js-17-212.jetstream-cloud.org.vivek91.017400.0021: task-manager                    : MainThread     : DEBUG   : bulk unit insert result: {'nModified': 0, 'nUpserted': 0, 'nMatched': 0, 'writeErrors': [], 'upserted': [], 'writeConcernErrors': [], 'nRemoved': 0, 'nInserted': 1}
2017-08-22 18:14:35,798: rp.session.js-17-212.jetstream-cloud.org.vivek91.017400.0021: MainProcess                     : MainThread     : DEBUG   : session rp.session.js-17-212.jetstream-cloud.org.vivek91.017400.0021 closing
2017-08-22 18:14:35,798: rp.session.js-17-212.jetstream-cloud.org.vivek91.017400.0021: MainProcess                     : MainThread     : DEBUG   : session rp.session.js-17-212.jetstream-cloud.org.vivek91.017400.0021 closes pmgr   pmgr.0000
2017-08-22 18:14:36,345: rp.session.js-17-212.jetstream-cloud.org.vivek91.017400.0021: MainProcess                     : MainThread     : DEBUG   : session rp.session.js-17-212.jetstream-cloud.org.vivek91.017400.0021 closed pmgr   pmgr.0000
2017-08-22 18:14:36,345: rp.session.js-17-212.jetstream-cloud.org.vivek91.017400.0021: MainProcess                     : MainThread     : DEBUG   : session rp.session.js-17-212.jetstream-cloud.org.vivek91.017400.0021 closes comp   update.0
2017-08-22 18:14:36,517: rp.session.js-17-212.jetstream-cloud.org.vivek91.017400.0021: MainProcess                     : MainThread     : DEBUG   : session rp.session.js-17-212.jetstream-cloud.org.vivek91.017400.0021 closed comp   update.0
2017-08-22 18:14:36,517: rp.session.js-17-212.jetstream-cloud.org.vivek91.017400.0021: MainProcess                     : MainThread     : DEBUG   : session rp.session.js-17-212.jetstream-cloud.org.vivek91.017400.0021 closes bridge control.pubsub.bridge.0000
2017-08-22 18:14:36,638: rp.session.js-17-212.jetstream-cloud.org.vivek91.017400.0021: MainProcess                     : MainThread     : DEBUG   : session rp.session.js-17-212.jetstream-cloud.org.vivek91.017400.0021 closed bridge control.pubsub.bridge.0000
2017-08-22 18:14:36,638: rp.session.js-17-212.jetstream-cloud.org.vivek91.017400.0021: MainProcess                     : MainThread     : DEBUG   : session rp.session.js-17-212.jetstream-cloud.org.vivek91.017400.0021 closes bridge state.pubsub.bridge.0000
2017-08-22 18:14:36,856: rp.session.js-17-212.jetstream-cloud.org.vivek91.017400.0021: MainProcess                     : MainThread     : DEBUG   : session rp.session.js-17-212.jetstream-cloud.org.vivek91.017400.0021 closed bridge state.pubsub.bridge.0000
2017-08-22 18:14:36,857: rp.session.js-17-212.jetstream-cloud.org.vivek91.017400.0021: MainProcess                     : MainThread     : DEBUG   : session rp.session.js-17-212.jetstream-cloud.org.vivek91.017400.0021 closes bridge log.pubsub.bridge.0000
2017-08-22 18:14:37,075: rp.session.js-17-212.jetstream-cloud.org.vivek91.017400.0021: MainProcess                     : MainThread     : DEBUG   : session rp.session.js-17-212.jetstream-cloud.org.vivek91.017400.0021 closed bridge log.pubsub.bridge.0000
2017-08-22 18:14:37,076: rp.session.js-17-212.jetstream-cloud.org.vivek91.017400.0021: MainProcess                     : MainThread     : DEBUG   : session rp.session.js-17-212.jetstream-cloud.org.vivek91.017400.0021 closes db (False)
2017-08-22 18:14:37,076: rp.session.js-17-212.jetstream-cloud.org.vivek91.017400.0021: MainProcess                     : MainThread     : DEBUG   : session rp.session.js-17-212.jetstream-cloud.org.vivek91.017400.0021 closed (delete=False)
