2017-08-21 16:10:46,688: control.pubsub.sub.0001: pmgr.launching.0                : MainThread     : INFO    : python.interpreter   version: 2.7.12 (default, Nov 19 2016, 06:48:10) [GCC 5.4.0 20160609]
2017-08-21 16:10:46,688: control.pubsub.sub.0001: pmgr.launching.0                : MainThread     : INFO    :                      pid: 7628
2017-08-21 16:10:46,688: control.pubsub.sub.0001: pmgr.launching.0                : MainThread     : INFO    :                      tid: MainThread
2017-08-21 16:10:46,689: control.pubsub.sub.0001: pmgr.launching.0                : MainThread     : INFO    : radical.pilot        version: 0.46-v0.46.RC2@devel
2017-08-21 16:10:46,689: control.pubsub.sub.0001: pmgr.launching.0                : MainThread     : INFO    : create control_pubsub - sub - tcp://172.30.238.6:42260
2017-08-21 16:10:46,690: control.pubsub.sub.0001: pmgr.launching.0                : MainThread     : DEBUG   : start process
2017-08-21 16:10:46,690: control.pubsub.sub.0001: pmgr.launching.0                : MainThread     : DEBUG   : ru_initialize_common (NOOP)
2017-08-21 16:10:46,690: control.pubsub.sub.0001: pmgr.launching.0                : MainThread     : DEBUG   : ru_initialize_parent (NOOP)
2017-08-21 16:10:46,690: control.pubsub.sub.0001: pmgr.launching.0                : MainThread     : DEBUG   : process class started (no child)
2017-08-21 16:11:39,561: control.pubsub.sub.0001: umgr.scheduling.0               : MainThread     : INFO    : python.interpreter   version: 2.7.12 (default, Nov 19 2016, 06:48:10) [GCC 5.4.0 20160609]
2017-08-21 16:11:39,561: control.pubsub.sub.0001: umgr.scheduling.0               : MainThread     : INFO    :                      pid: 7956
2017-08-21 16:11:39,561: control.pubsub.sub.0001: umgr.scheduling.0               : MainThread     : INFO    :                      tid: MainThread
2017-08-21 16:11:39,561: control.pubsub.sub.0001: umgr.scheduling.0               : MainThread     : INFO    : radical.pilot        version: 0.46-v0.46.RC2@devel
2017-08-21 16:11:39,562: control.pubsub.sub.0001: umgr.scheduling.0               : MainThread     : INFO    : create control_pubsub - sub - tcp://172.30.238.6:42260
2017-08-21 16:11:39,562: control.pubsub.sub.0001: umgr.scheduling.0               : MainThread     : DEBUG   : start process
2017-08-21 16:11:39,562: control.pubsub.sub.0001: umgr.scheduling.0               : MainThread     : DEBUG   : ru_initialize_common (NOOP)
2017-08-21 16:11:39,562: control.pubsub.sub.0001: umgr.scheduling.0               : MainThread     : DEBUG   : ru_initialize_parent (NOOP)
2017-08-21 16:11:39,562: control.pubsub.sub.0001: umgr.scheduling.0               : MainThread     : DEBUG   : process class started (no child)
2017-08-21 16:12:00,754: control.pubsub.sub.0001: umgr.scheduling.0               : MainThread     : INFO    : parent stops child
2017-08-21 16:12:00,754: control.pubsub.sub.0001: umgr.scheduling.0               : MainThread     : DEBUG   : ru_finalize_parent (NOOP)
