2017-09-07 13:43:27,199: state.pubsub.sub.0000: update.0                        : MainThread     : INFO    : python.interpreter   version: 2.7.12 (default, Nov 19 2016, 06:48:10) [GCC 5.4.0 20160609]
2017-09-07 13:43:27,199: state.pubsub.sub.0000: update.0                        : MainThread     : INFO    :                      pid: 7218
2017-09-07 13:43:27,199: state.pubsub.sub.0000: update.0                        : MainThread     : INFO    :                      tid: MainThread
2017-09-07 13:43:27,199: state.pubsub.sub.0000: update.0                        : MainThread     : INFO    : radical.pilot        version: 0.46-v0.46.RC2@devel
2017-09-07 13:43:27,199: state.pubsub.sub.0000: update.0                        : MainThread     : INFO    : create state_pubsub - sub - tcp://172.30.238.6:41310
2017-09-07 13:43:27,200: state.pubsub.sub.0000: update.0                        : MainThread     : DEBUG   : start process
2017-09-07 13:43:27,200: state.pubsub.sub.0000: update.0                        : MainThread     : DEBUG   : ru_initialize_common (NOOP)
2017-09-07 13:43:27,200: state.pubsub.sub.0000: update.0                        : MainThread     : DEBUG   : ru_initialize_parent (NOOP)
2017-09-07 13:43:27,201: state.pubsub.sub.0000: update.0                        : MainThread     : DEBUG   : process class started (no child)
2017-09-07 13:43:31,513: state.pubsub.sub.0000: MainProcess                     : MainThread     : INFO    : python.interpreter   version: 2.7.12 (default, Nov 19 2016, 06:48:10) [GCC 5.4.0 20160609]
2017-09-07 13:43:31,514: state.pubsub.sub.0000: MainProcess                     : MainThread     : INFO    :                      pid: 7143
2017-09-07 13:43:31,514: state.pubsub.sub.0000: MainProcess                     : MainThread     : INFO    :                      tid: MainThread
2017-09-07 13:43:31,514: state.pubsub.sub.0000: MainProcess                     : MainThread     : INFO    : radical.pilot        version: 0.46-v0.46.RC2@devel
2017-09-07 13:43:31,514: state.pubsub.sub.0000: MainProcess                     : MainThread     : INFO    : create state_pubsub - sub - tcp://172.30.238.6:41310
2017-09-07 13:43:31,514: state.pubsub.sub.0000: MainProcess                     : MainThread     : DEBUG   : start process
2017-09-07 13:43:31,515: state.pubsub.sub.0000: MainProcess                     : MainThread     : DEBUG   : ru_initialize_common (NOOP)
2017-09-07 13:43:31,515: state.pubsub.sub.0000: MainProcess                     : MainThread     : DEBUG   : ru_initialize_parent (NOOP)
2017-09-07 13:43:31,515: state.pubsub.sub.0000: MainProcess                     : MainThread     : DEBUG   : process class started (no child)
2017-09-07 13:50:47,894: state.pubsub.sub.0000: MainProcess                     : MainThread     : INFO    : parent stops child
2017-09-07 13:50:47,894: state.pubsub.sub.0000: MainProcess                     : MainThread     : DEBUG   : ru_finalize_parent (NOOP)
