2017-09-13 16:43:22,364: log.pubsub.pub.0000 : update.0                        : MainThread     : INFO    : python.interpreter   version: 2.7.12 (default, Nov 19 2016, 06:48:10) [GCC 5.4.0 20160609]
2017-09-13 16:43:22,365: log.pubsub.pub.0000 : update.0                        : MainThread     : INFO    :                      pid: 29950
2017-09-13 16:43:22,365: log.pubsub.pub.0000 : update.0                        : MainThread     : INFO    :                      tid: MainThread
2017-09-13 16:43:22,365: log.pubsub.pub.0000 : update.0                        : MainThread     : INFO    : radical.pilot        version: 0.46-v0.46.RC2@devel
2017-09-13 16:43:22,365: log.pubsub.pub.0000 : update.0                        : MainThread     : INFO    : create log_pubsub - pub - tcp://172.30.238.6:33014
2017-09-13 16:43:22,367: log.pubsub.pub.0000 : update.0                        : MainThread     : DEBUG   : start process
2017-09-13 16:43:22,367: log.pubsub.pub.0000 : update.0                        : MainThread     : DEBUG   : ru_initialize_common (NOOP)
2017-09-13 16:43:22,367: log.pubsub.pub.0000 : update.0                        : MainThread     : DEBUG   : ru_initialize_parent (NOOP)
2017-09-13 16:43:22,367: log.pubsub.pub.0000 : update.0                        : MainThread     : DEBUG   : process class started (no child)
2017-09-13 16:43:22,713: log.pubsub.pub.0000 : MainProcess                     : MainThread     : INFO    : python.interpreter   version: 2.7.12 (default, Nov 19 2016, 06:48:10) [GCC 5.4.0 20160609]
2017-09-13 16:43:22,714: log.pubsub.pub.0000 : MainProcess                     : MainThread     : INFO    :                      pid: 29879
2017-09-13 16:43:22,714: log.pubsub.pub.0000 : MainProcess                     : MainThread     : INFO    :                      tid: MainThread
2017-09-13 16:43:22,714: log.pubsub.pub.0000 : MainProcess                     : MainThread     : INFO    : radical.pilot        version: 0.46-v0.46.RC2@devel
2017-09-13 16:43:22,714: log.pubsub.pub.0000 : MainProcess                     : MainThread     : INFO    : create log_pubsub - pub - tcp://172.30.238.6:33014
2017-09-13 16:43:22,715: log.pubsub.pub.0000 : MainProcess                     : MainThread     : DEBUG   : start process
2017-09-13 16:43:22,715: log.pubsub.pub.0000 : MainProcess                     : MainThread     : DEBUG   : ru_initialize_common (NOOP)
2017-09-13 16:43:22,715: log.pubsub.pub.0000 : MainProcess                     : MainThread     : DEBUG   : ru_initialize_parent (NOOP)
2017-09-13 16:43:22,715: log.pubsub.pub.0000 : MainProcess                     : MainThread     : DEBUG   : process class started (no child)
2017-09-13 16:47:41,870: log.pubsub.pub.0000 : MainProcess                     : MainThread     : INFO    : parent stops child
2017-09-13 16:47:41,870: log.pubsub.pub.0000 : MainProcess                     : MainThread     : DEBUG   : ru_finalize_parent (NOOP)
2017-09-13 16:47:42,076: log.pubsub.pub.0000 : update.0                        : MainThread     : INFO    : parent stops child
2017-09-13 16:47:42,077: log.pubsub.pub.0000 : update.0                        : MainThread     : DEBUG   : ru_finalize_parent (NOOP)
