2017-08-22 12:54:28,810: rp.session.js-17-212.jetstream-cloud.org.vivek91.017400.0014: MainProcess                     : MainThread     : INFO    : python.interpreter   version: 2.7.12 (default, Nov 19 2016, 06:48:10) [GCC 5.4.0 20160609]
2017-08-22 12:54:28,810: rp.session.js-17-212.jetstream-cloud.org.vivek91.017400.0014: MainProcess                     : MainThread     : INFO    :                      pid: 8529
2017-08-22 12:54:28,811: rp.session.js-17-212.jetstream-cloud.org.vivek91.017400.0014: MainProcess                     : MainThread     : INFO    :                      tid: MainThread
2017-08-22 12:54:28,811: rp.session.js-17-212.jetstream-cloud.org.vivek91.017400.0014: MainProcess                     : MainThread     : INFO    : radical.pilot        version: 0.46-v0.46.RC2@devel
2017-08-22 12:54:28,811: rp.session.js-17-212.jetstream-cloud.org.vivek91.017400.0014: MainProcess                     : MainThread     : INFO    : using database mongodb://user:user@ds153652.mlab.com:53652/test_08_08
2017-08-22 12:54:29,834: rp.session.js-17-212.jetstream-cloud.org.vivek91.017400.0014: MainProcess                     : MainThread     : INFO    : Load resource configurations from /home/vivek91/ves/entk-exp/local/lib/python2.7/site-packages/radical/pilot/configs/resource_ncsa.json
2017-08-22 12:54:29,847: rp.session.js-17-212.jetstream-cloud.org.vivek91.017400.0014: MainProcess                     : MainThread     : INFO    : Load resource configurations for ncsa.bw_orte
2017-08-22 12:54:29,848: rp.session.js-17-212.jetstream-cloud.org.vivek91.017400.0014: MainProcess                     : MainThread     : INFO    : Load resource configurations for ncsa.bw_ccm_ssh
2017-08-22 12:54:29,849: rp.session.js-17-212.jetstream-cloud.org.vivek91.017400.0014: MainProcess                     : MainThread     : INFO    : Load resource configurations for ncsa.bw_ortelib
2017-08-22 12:54:29,849: rp.session.js-17-212.jetstream-cloud.org.vivek91.017400.0014: MainProcess                     : MainThread     : INFO    : Load resource configurations for ncsa.bw_aprun
2017-08-22 12:54:29,850: rp.session.js-17-212.jetstream-cloud.org.vivek91.017400.0014: MainProcess                     : MainThread     : INFO    : Load resource configurations for ncsa.bw_local_orte
2017-08-22 12:54:29,851: rp.session.js-17-212.jetstream-cloud.org.vivek91.017400.0014: MainProcess                     : MainThread     : INFO    : Load resource configurations from /home/vivek91/ves/entk-exp/local/lib/python2.7/site-packages/radical/pilot/configs/resource_iu.json
2017-08-22 12:54:29,855: rp.session.js-17-212.jetstream-cloud.org.vivek91.017400.0014: MainProcess                     : MainThread     : INFO    : Load resource configurations for iu.bigred2_ccm_ssh
2017-08-22 12:54:29,856: rp.session.js-17-212.jetstream-cloud.org.vivek91.017400.0014: MainProcess                     : MainThread     : INFO    : Load resource configurations for iu.bigred2_aprun
2017-08-22 12:54:29,856: rp.session.js-17-212.jetstream-cloud.org.vivek91.017400.0014: MainProcess                     : MainThread     : INFO    : Load resource configurations from /home/vivek91/ves/entk-exp/local/lib/python2.7/site-packages/radical/pilot/configs/resource_osg.json
2017-08-22 12:54:29,861: rp.session.js-17-212.jetstream-cloud.org.vivek91.017400.0014: MainProcess                     : MainThread     : INFO    : Load resource configurations for osg.xsede-virt-clust
2017-08-22 12:54:29,862: rp.session.js-17-212.jetstream-cloud.org.vivek91.017400.0014: MainProcess                     : MainThread     : INFO    : Load resource configurations for osg.connect
2017-08-22 12:54:29,863: rp.session.js-17-212.jetstream-cloud.org.vivek91.017400.0014: MainProcess                     : MainThread     : INFO    : Load resource configurations from /home/vivek91/ves/entk-exp/local/lib/python2.7/site-packages/radical/pilot/configs/resource_yale.json
2017-08-22 12:54:29,865: rp.session.js-17-212.jetstream-cloud.org.vivek91.017400.0014: MainProcess                     : MainThread     : INFO    : Load resource configurations for yale.grace_ssh
2017-08-22 12:54:29,865: rp.session.js-17-212.jetstream-cloud.org.vivek91.017400.0014: MainProcess                     : MainThread     : INFO    : Load resource configurations from /home/vivek91/ves/entk-exp/local/lib/python2.7/site-packages/radical/pilot/configs/resource_lumc.json
2017-08-22 12:54:29,869: rp.session.js-17-212.jetstream-cloud.org.vivek91.017400.0014: MainProcess                     : MainThread     : INFO    : Load resource configurations for lumc.gb-ui_ssh
2017-08-22 12:54:29,870: rp.session.js-17-212.jetstream-cloud.org.vivek91.017400.0014: MainProcess                     : MainThread     : INFO    : Load resource configurations for lumc.shark_ssh
2017-08-22 12:54:29,870: rp.session.js-17-212.jetstream-cloud.org.vivek91.017400.0014: MainProcess                     : MainThread     : INFO    : Load resource configurations from /home/vivek91/ves/entk-exp/local/lib/python2.7/site-packages/radical/pilot/configs/resource_ornl.json
2017-08-22 12:54:29,877: rp.session.js-17-212.jetstream-cloud.org.vivek91.017400.0014: MainProcess                     : MainThread     : INFO    : Load resource configurations for ornl.titan_orte
2017-08-22 12:54:29,878: rp.session.js-17-212.jetstream-cloud.org.vivek91.017400.0014: MainProcess                     : MainThread     : INFO    : Load resource configurations for ornl.titan_aprun
2017-08-22 12:54:29,878: rp.session.js-17-212.jetstream-cloud.org.vivek91.017400.0014: MainProcess                     : MainThread     : INFO    : Load resource configurations for ornl.titan_ortelib
2017-08-22 12:54:29,879: rp.session.js-17-212.jetstream-cloud.org.vivek91.017400.0014: MainProcess                     : MainThread     : INFO    : Load resource configurations from /home/vivek91/ves/entk-exp/local/lib/python2.7/site-packages/radical/pilot/configs/resource_stfc.json
2017-08-22 12:54:29,881: rp.session.js-17-212.jetstream-cloud.org.vivek91.017400.0014: MainProcess                     : MainThread     : INFO    : Load resource configurations for stfc.joule_runjob
2017-08-22 12:54:29,881: rp.session.js-17-212.jetstream-cloud.org.vivek91.017400.0014: MainProcess                     : MainThread     : INFO    : Load resource configurations from /home/vivek91/ves/entk-exp/local/lib/python2.7/site-packages/radical/pilot/configs/resource_radical.json
2017-08-22 12:54:29,887: rp.session.js-17-212.jetstream-cloud.org.vivek91.017400.0014: MainProcess                     : MainThread     : INFO    : Load resource configurations for radical.two
2017-08-22 12:54:29,887: rp.session.js-17-212.jetstream-cloud.org.vivek91.017400.0014: MainProcess                     : MainThread     : INFO    : Load resource configurations for radical.tutorial
2017-08-22 12:54:29,887: rp.session.js-17-212.jetstream-cloud.org.vivek91.017400.0014: MainProcess                     : MainThread     : INFO    : Load resource configurations for radical.one
2017-08-22 12:54:29,888: rp.session.js-17-212.jetstream-cloud.org.vivek91.017400.0014: MainProcess                     : MainThread     : INFO    : Load resource configurations from /home/vivek91/ves/entk-exp/local/lib/python2.7/site-packages/radical/pilot/configs/resource_das4.json
2017-08-22 12:54:29,890: rp.session.js-17-212.jetstream-cloud.org.vivek91.017400.0014: MainProcess                     : MainThread     : INFO    : Load resource configurations for das4.fs2_ssh
2017-08-22 12:54:29,890: rp.session.js-17-212.jetstream-cloud.org.vivek91.017400.0014: MainProcess                     : MainThread     : INFO    : Load resource configurations from /home/vivek91/ves/entk-exp/local/lib/python2.7/site-packages/radical/pilot/configs/resource_nersc.json
2017-08-22 12:54:29,901: rp.session.js-17-212.jetstream-cloud.org.vivek91.017400.0014: MainProcess                     : MainThread     : INFO    : Load resource configurations for nersc.edison_ccm_ssh
2017-08-22 12:54:29,902: rp.session.js-17-212.jetstream-cloud.org.vivek91.017400.0014: MainProcess                     : MainThread     : INFO    : Load resource configurations for nersc.hopper_orte
2017-08-22 12:54:29,902: rp.session.js-17-212.jetstream-cloud.org.vivek91.017400.0014: MainProcess                     : MainThread     : INFO    : Load resource configurations for nersc.hopper_ccm_ssh
2017-08-22 12:54:29,903: rp.session.js-17-212.jetstream-cloud.org.vivek91.017400.0014: MainProcess                     : MainThread     : INFO    : Load resource configurations for nersc.edison_aprun
2017-08-22 12:54:29,903: rp.session.js-17-212.jetstream-cloud.org.vivek91.017400.0014: MainProcess                     : MainThread     : INFO    : Load resource configurations for nersc.hopper_aprun
2017-08-22 12:54:29,904: rp.session.js-17-212.jetstream-cloud.org.vivek91.017400.0014: MainProcess                     : MainThread     : INFO    : Load resource configurations for nersc.edison_orte
2017-08-22 12:54:29,904: rp.session.js-17-212.jetstream-cloud.org.vivek91.017400.0014: MainProcess                     : MainThread     : INFO    : Load resource configurations from /home/vivek91/ves/entk-exp/local/lib/python2.7/site-packages/radical/pilot/configs/resource_xsede.json
2017-08-22 12:54:29,938: rp.session.js-17-212.jetstream-cloud.org.vivek91.017400.0014: MainProcess                     : MainThread     : INFO    : Load resource configurations for xsede.stampede2_ssh
2017-08-22 12:54:29,938: rp.session.js-17-212.jetstream-cloud.org.vivek91.017400.0014: MainProcess                     : MainThread     : INFO    : Load resource configurations for xsede.wrangler_spark
2017-08-22 12:54:29,938: rp.session.js-17-212.jetstream-cloud.org.vivek91.017400.0014: MainProcess                     : MainThread     : INFO    : Load resource configurations for xsede.stampede_yarn
2017-08-22 12:54:29,939: rp.session.js-17-212.jetstream-cloud.org.vivek91.017400.0014: MainProcess                     : MainThread     : INFO    : Load resource configurations for xsede.gordon_ssh
2017-08-22 12:54:29,939: rp.session.js-17-212.jetstream-cloud.org.vivek91.017400.0014: MainProcess                     : MainThread     : INFO    : Load resource configurations for xsede.stampede_ssh
2017-08-22 12:54:29,940: rp.session.js-17-212.jetstream-cloud.org.vivek91.017400.0014: MainProcess                     : MainThread     : INFO    : Load resource configurations for xsede.lonestar_ssh
2017-08-22 12:54:29,940: rp.session.js-17-212.jetstream-cloud.org.vivek91.017400.0014: MainProcess                     : MainThread     : INFO    : Load resource configurations for xsede.supermic_spark
2017-08-22 12:54:29,940: rp.session.js-17-212.jetstream-cloud.org.vivek91.017400.0014: MainProcess                     : MainThread     : INFO    : Load resource configurations for xsede.wrangler_ssh
2017-08-22 12:54:29,941: rp.session.js-17-212.jetstream-cloud.org.vivek91.017400.0014: MainProcess                     : MainThread     : INFO    : Load resource configurations for xsede.wrangler_yarn
2017-08-22 12:54:29,941: rp.session.js-17-212.jetstream-cloud.org.vivek91.017400.0014: MainProcess                     : MainThread     : INFO    : Load resource configurations for xsede.bridges
2017-08-22 12:54:29,942: rp.session.js-17-212.jetstream-cloud.org.vivek91.017400.0014: MainProcess                     : MainThread     : INFO    : Load resource configurations for xsede.supermic_ssh
2017-08-22 12:54:29,942: rp.session.js-17-212.jetstream-cloud.org.vivek91.017400.0014: MainProcess                     : MainThread     : INFO    : Load resource configurations for xsede.stampede_orte
2017-08-22 12:54:29,942: rp.session.js-17-212.jetstream-cloud.org.vivek91.017400.0014: MainProcess                     : MainThread     : INFO    : Load resource configurations for xsede.greenfield
2017-08-22 12:54:29,943: rp.session.js-17-212.jetstream-cloud.org.vivek91.017400.0014: MainProcess                     : MainThread     : INFO    : Load resource configurations for xsede.comet_spark
2017-08-22 12:54:29,943: rp.session.js-17-212.jetstream-cloud.org.vivek91.017400.0014: MainProcess                     : MainThread     : INFO    : Load resource configurations for xsede.trestles_ssh
2017-08-22 12:54:29,944: rp.session.js-17-212.jetstream-cloud.org.vivek91.017400.0014: MainProcess                     : MainThread     : INFO    : Load resource configurations for xsede.comet_ssh
2017-08-22 12:54:29,944: rp.session.js-17-212.jetstream-cloud.org.vivek91.017400.0014: MainProcess                     : MainThread     : INFO    : Load resource configurations for xsede.stampede_spark
2017-08-22 12:54:29,944: rp.session.js-17-212.jetstream-cloud.org.vivek91.017400.0014: MainProcess                     : MainThread     : INFO    : Load resource configurations for xsede.comet_orte
2017-08-22 12:54:29,945: rp.session.js-17-212.jetstream-cloud.org.vivek91.017400.0014: MainProcess                     : MainThread     : INFO    : Load resource configurations for xsede.comet_ortelib
2017-08-22 12:54:29,945: rp.session.js-17-212.jetstream-cloud.org.vivek91.017400.0014: MainProcess                     : MainThread     : INFO    : Load resource configurations for xsede.blacklight_ssh
2017-08-22 12:54:29,945: rp.session.js-17-212.jetstream-cloud.org.vivek91.017400.0014: MainProcess                     : MainThread     : INFO    : Load resource configurations for xsede.stampede_ortelib
2017-08-22 12:54:29,946: rp.session.js-17-212.jetstream-cloud.org.vivek91.017400.0014: MainProcess                     : MainThread     : INFO    : Load resource configurations from /home/vivek91/ves/entk-exp/local/lib/python2.7/site-packages/radical/pilot/configs/resource_chameleon.json
2017-08-22 12:54:29,947: rp.session.js-17-212.jetstream-cloud.org.vivek91.017400.0014: MainProcess                     : MainThread     : INFO    : Load resource configurations for chameleon.cloud_vm_yarn
2017-08-22 12:54:29,948: rp.session.js-17-212.jetstream-cloud.org.vivek91.017400.0014: MainProcess                     : MainThread     : INFO    : Load resource configurations from /home/vivek91/ves/entk-exp/local/lib/python2.7/site-packages/radical/pilot/configs/resource_epsrc.json
2017-08-22 12:54:29,951: rp.session.js-17-212.jetstream-cloud.org.vivek91.017400.0014: MainProcess                     : MainThread     : INFO    : Load resource configurations for epsrc.archer_orte
2017-08-22 12:54:29,951: rp.session.js-17-212.jetstream-cloud.org.vivek91.017400.0014: MainProcess                     : MainThread     : INFO    : Load resource configurations for epsrc.archer_aprun
2017-08-22 12:54:29,951: rp.session.js-17-212.jetstream-cloud.org.vivek91.017400.0014: MainProcess                     : MainThread     : INFO    : Load resource configurations from /home/vivek91/ves/entk-exp/local/lib/python2.7/site-packages/radical/pilot/configs/resource_futuregrid.json
2017-08-22 12:54:29,959: rp.session.js-17-212.jetstream-cloud.org.vivek91.017400.0014: MainProcess                     : MainThread     : INFO    : Load resource configurations for futuregrid.delta_ssh
2017-08-22 12:54:29,959: rp.session.js-17-212.jetstream-cloud.org.vivek91.017400.0014: MainProcess                     : MainThread     : INFO    : Load resource configurations for futuregrid.india_ssh
2017-08-22 12:54:29,959: rp.session.js-17-212.jetstream-cloud.org.vivek91.017400.0014: MainProcess                     : MainThread     : INFO    : Load resource configurations for futuregrid.echo_ssh
2017-08-22 12:54:29,960: rp.session.js-17-212.jetstream-cloud.org.vivek91.017400.0014: MainProcess                     : MainThread     : INFO    : Load resource configurations for futuregrid.xray_ccm
2017-08-22 12:54:29,960: rp.session.js-17-212.jetstream-cloud.org.vivek91.017400.0014: MainProcess                     : MainThread     : INFO    : Load resource configurations for futuregrid.bravo_ssh
2017-08-22 12:54:29,960: rp.session.js-17-212.jetstream-cloud.org.vivek91.017400.0014: MainProcess                     : MainThread     : INFO    : Load resource configurations for futuregrid.xray_aprun
2017-08-22 12:54:29,961: rp.session.js-17-212.jetstream-cloud.org.vivek91.017400.0014: MainProcess                     : MainThread     : INFO    : Load resource configurations from /home/vivek91/ves/entk-exp/local/lib/python2.7/site-packages/radical/pilot/configs/resource_local.json
2017-08-22 12:54:29,969: rp.session.js-17-212.jetstream-cloud.org.vivek91.017400.0014: MainProcess                     : MainThread     : INFO    : Load resource configurations for local.localhost_orte
2017-08-22 12:54:29,969: rp.session.js-17-212.jetstream-cloud.org.vivek91.017400.0014: MainProcess                     : MainThread     : INFO    : Load resource configurations for local.localhost_anaconda
2017-08-22 12:54:29,969: rp.session.js-17-212.jetstream-cloud.org.vivek91.017400.0014: MainProcess                     : MainThread     : INFO    : Load resource configurations for local.localhost_ortelib
2017-08-22 12:54:29,970: rp.session.js-17-212.jetstream-cloud.org.vivek91.017400.0014: MainProcess                     : MainThread     : INFO    : Load resource configurations for local.localhost
2017-08-22 12:54:29,970: rp.session.js-17-212.jetstream-cloud.org.vivek91.017400.0014: MainProcess                     : MainThread     : INFO    : Load resource configurations for local.localhost_spark
2017-08-22 12:54:29,970: rp.session.js-17-212.jetstream-cloud.org.vivek91.017400.0014: MainProcess                     : MainThread     : INFO    : Load resource configurations for local.localhost_spark_anaconda
2017-08-22 12:54:29,971: rp.session.js-17-212.jetstream-cloud.org.vivek91.017400.0014: MainProcess                     : MainThread     : INFO    : Load resource configurations for local.localhost_yarn
2017-08-22 12:54:29,971: rp.session.js-17-212.jetstream-cloud.org.vivek91.017400.0014: MainProcess                     : MainThread     : INFO    : Load resource configurations from /home/vivek91/ves/entk-exp/local/lib/python2.7/site-packages/radical/pilot/configs/resource_aliases.json
2017-08-22 12:54:29,971: rp.session.js-17-212.jetstream-cloud.org.vivek91.017400.0014: MainProcess                     : MainThread     : INFO    : Load resource configurations from /home/vivek91/ves/entk-exp/local/lib/python2.7/site-packages/radical/pilot/configs/resource_lrz.json
2017-08-22 12:54:29,973: rp.session.js-17-212.jetstream-cloud.org.vivek91.017400.0014: MainProcess                     : MainThread     : INFO    : Load resource configurations for lrz.supermuc_ssh
2017-08-22 12:54:29,973: rp.session.js-17-212.jetstream-cloud.org.vivek91.017400.0014: MainProcess                     : MainThread     : INFO    : Load resource configurations from /home/vivek91/ves/entk-exp/local/lib/python2.7/site-packages/radical/pilot/configs/resource_rice.json
2017-08-22 12:54:29,976: rp.session.js-17-212.jetstream-cloud.org.vivek91.017400.0014: MainProcess                     : MainThread     : INFO    : Load resource configurations for rice.davinci_ssh
2017-08-22 12:54:29,976: rp.session.js-17-212.jetstream-cloud.org.vivek91.017400.0014: MainProcess                     : MainThread     : INFO    : Load resource configurations for rice.biou_ssh
2017-08-22 12:54:29,976: rp.session.js-17-212.jetstream-cloud.org.vivek91.017400.0014: MainProcess                     : MainThread     : INFO    : Load resource configurations from /home/vivek91/ves/entk-exp/local/lib/python2.7/site-packages/radical/pilot/configs/resource_ncar.json
2017-08-22 12:54:29,978: rp.session.js-17-212.jetstream-cloud.org.vivek91.017400.0014: MainProcess                     : MainThread     : INFO    : Load resource configurations for ncar.yellowstone_ssh
2017-08-22 12:54:29,978: rp.session.js-17-212.jetstream-cloud.org.vivek91.017400.0014: MainProcess                     : MainThread     : INFO    : Load resource configurations from /home/vivek91/ves/entk-exp/local/lib/python2.7/site-packages/radical/pilot/configs/resource_das5.json
2017-08-22 12:54:29,979: rp.session.js-17-212.jetstream-cloud.org.vivek91.017400.0014: MainProcess                     : MainThread     : INFO    : Load resource configurations for das5.fs1_ssh
2017-08-22 12:54:29,980: rp.session.js-17-212.jetstream-cloud.org.vivek91.017400.0014: MainProcess                     : MainThread     : INFO    : Load resource configurations from /home/vivek91/ves/entk-exp/local/lib/python2.7/site-packages/radical/pilot/configs/resource_fub.json
2017-08-22 12:54:29,981: rp.session.js-17-212.jetstream-cloud.org.vivek91.017400.0014: MainProcess                     : MainThread     : INFO    : Load resource configurations for fub.allegro_rsh
2017-08-22 12:54:30,536: rp.session.js-17-212.jetstream-cloud.org.vivek91.017400.0014: MainProcess                     : MainThread     : INFO    : New Session created: rp.session.js-17-212.jetstream-cloud.org.vivek91.017400.0014.
2017-08-22 12:54:30,537: rp.session.js-17-212.jetstream-cloud.org.vivek91.017400.0014: MainProcess                     : MainThread     : DEBUG   : start bridges   : {u'control_pubsub': {u'bulk_size': 0, u'log_level': u'debug', u'stall_hwm': 1},
 u'log_pubsub': {u'bulk_size': 0, u'log_level': u'debug', u'stall_hwm': 1},
 u'state_pubsub': {u'bulk_size': 0, u'log_level': u'debug', u'stall_hwm': 1}}
2017-08-22 12:54:30,537: rp.session.js-17-212.jetstream-cloud.org.vivek91.017400.0014: MainProcess                     : MainThread     : INFO    : create bridge control_pubsub
2017-08-22 12:54:30,564: rp.session.js-17-212.jetstream-cloud.org.vivek91.017400.0014: MainProcess                     : MainThread     : INFO    : created bridge control_pubsub (control.pubsub.bridge.0000)
2017-08-22 12:54:30,564: rp.session.js-17-212.jetstream-cloud.org.vivek91.017400.0014: MainProcess                     : MainThread     : INFO    : create bridge state_pubsub
2017-08-22 12:54:30,587: rp.session.js-17-212.jetstream-cloud.org.vivek91.017400.0014: MainProcess                     : MainThread     : INFO    : created bridge state_pubsub (state.pubsub.bridge.0000)
2017-08-22 12:54:30,587: rp.session.js-17-212.jetstream-cloud.org.vivek91.017400.0014: MainProcess                     : MainThread     : INFO    : create bridge log_pubsub
2017-08-22 12:54:30,609: rp.session.js-17-212.jetstream-cloud.org.vivek91.017400.0014: MainProcess                     : MainThread     : INFO    : created bridge log_pubsub (log.pubsub.bridge.0000)
2017-08-22 12:54:30,610: rp.session.js-17-212.jetstream-cloud.org.vivek91.017400.0014: MainProcess                     : MainThread     : DEBUG   : start components: {u'UpdateWorker': {u'count': 1}}
2017-08-22 12:54:30,610: rp.session.js-17-212.jetstream-cloud.org.vivek91.017400.0014: MainProcess                     : MainThread     : DEBUG   : start 1 component(s) UpdateWorker
2017-08-22 12:54:33,034: rp.session.js-17-212.jetstream-cloud.org.vivek91.017400.0014: MainProcess                     : MainThread     : INFO    : rp.session.js-17-212.jetstream-cloud.org.vivek91.017400.0014 starts update.0
2017-08-22 12:54:36,349: rp.session.js-17-212.jetstream-cloud.org.vivek91.017400.0014: MainProcess                     : MainThread     : WARNING : using alias 'xsede.supermic_ssh' for deprecated resource key 'xsede.supermic'
2017-08-22 12:54:36,350: rp.session.js-17-212.jetstream-cloud.org.vivek91.017400.0014: MainProcess                     : MainThread     : DEBUG   : rsup.PTYShell('gsissh://supermic.cct-lsu.xsede.org:2222/')
2017-08-22 12:54:39,879: rp.session.js-17-212.jetstream-cloud.org.vivek91.017400.0014: MainProcess                     : MainThread     : DEBUG   : sandbox base gsissh://supermic.cct-lsu.xsede.org:2222/: '/work/vivek91'
2017-08-22 12:54:40,030: rp.session.js-17-212.jetstream-cloud.org.vivek91.017400.0014: MainProcess                     : MainThread     : DEBUG   : bulk pilot insert result: {'nModified': 0, 'nUpserted': 0, 'nMatched': 0, 'writeErrors': [], 'upserted': [], 'writeConcernErrors': [], 'nRemoved': 0, 'nInserted': 1}
2017-08-22 12:54:40,036: rp.session.js-17-212.jetstream-cloud.org.vivek91.017400.0014: pmgr.launching.0                : MainThread     : WARNING : using alias 'xsede.supermic_ssh' for deprecated resource key 'xsede.supermic'
2017-08-22 12:54:40,040: rp.session.js-17-212.jetstream-cloud.org.vivek91.017400.0014: pmgr.launching.0                : MainThread     : WARNING : using alias 'xsede.supermic_ssh' for deprecated resource key 'xsede.supermic'
2017-08-22 12:54:40,040: rp.session.js-17-212.jetstream-cloud.org.vivek91.017400.0014: pmgr.launching.0                : MainThread     : DEBUG   : rsup.PTYShell('gsissh://supermic.cct-lsu.xsede.org:2222/')
2017-08-22 12:54:41,352: rp.session.js-17-212.jetstream-cloud.org.vivek91.017400.0014: pmgr.launching.0                : MainThread     : DEBUG   : sandbox base gsissh://supermic.cct-lsu.xsede.org:2222/: '/work/vivek91'
2017-08-22 12:55:46,712: rp.session.js-17-212.jetstream-cloud.org.vivek91.017400.0014: task-manager                    : MainThread     : DEBUG   : bulk unit insert result: {'nModified': 0, 'nUpserted': 0, 'nMatched': 0, 'writeErrors': [], 'upserted': [], 'writeConcernErrors': [], 'nRemoved': 0, 'nInserted': 1}
2017-08-22 12:55:46,791: rp.session.js-17-212.jetstream-cloud.org.vivek91.017400.0014: task-manager                    : MainThread     : DEBUG   : bulk unit insert result: {'nModified': 0, 'nUpserted': 0, 'nMatched': 0, 'writeErrors': [], 'upserted': [], 'writeConcernErrors': [], 'nRemoved': 0, 'nInserted': 1}
2017-08-22 12:55:46,856: rp.session.js-17-212.jetstream-cloud.org.vivek91.017400.0014: task-manager                    : MainThread     : DEBUG   : bulk unit insert result: {'nModified': 0, 'nUpserted': 0, 'nMatched': 0, 'writeErrors': [], 'upserted': [], 'writeConcernErrors': [], 'nRemoved': 0, 'nInserted': 1}
2017-08-22 12:55:46,953: rp.session.js-17-212.jetstream-cloud.org.vivek91.017400.0014: task-manager                    : MainThread     : DEBUG   : bulk unit insert result: {'nModified': 0, 'nUpserted': 0, 'nMatched': 0, 'writeErrors': [], 'upserted': [], 'writeConcernErrors': [], 'nRemoved': 0, 'nInserted': 1}
2017-08-22 12:55:47,041: rp.session.js-17-212.jetstream-cloud.org.vivek91.017400.0014: task-manager                    : MainThread     : DEBUG   : bulk unit insert result: {'nModified': 0, 'nUpserted': 0, 'nMatched': 0, 'writeErrors': [], 'upserted': [], 'writeConcernErrors': [], 'nRemoved': 0, 'nInserted': 1}
2017-08-22 12:55:47,119: rp.session.js-17-212.jetstream-cloud.org.vivek91.017400.0014: task-manager                    : MainThread     : DEBUG   : bulk unit insert result: {'nModified': 0, 'nUpserted': 0, 'nMatched': 0, 'writeErrors': [], 'upserted': [], 'writeConcernErrors': [], 'nRemoved': 0, 'nInserted': 1}
2017-08-22 12:55:47,240: rp.session.js-17-212.jetstream-cloud.org.vivek91.017400.0014: task-manager                    : MainThread     : DEBUG   : bulk unit insert result: {'nModified': 0, 'nUpserted': 0, 'nMatched': 0, 'writeErrors': [], 'upserted': [], 'writeConcernErrors': [], 'nRemoved': 0, 'nInserted': 1}
2017-08-22 12:55:47,325: rp.session.js-17-212.jetstream-cloud.org.vivek91.017400.0014: task-manager                    : MainThread     : DEBUG   : bulk unit insert result: {'nModified': 0, 'nUpserted': 0, 'nMatched': 0, 'writeErrors': [], 'upserted': [], 'writeConcernErrors': [], 'nRemoved': 0, 'nInserted': 1}
2017-08-22 12:55:47,500: rp.session.js-17-212.jetstream-cloud.org.vivek91.017400.0014: task-manager                    : MainThread     : DEBUG   : bulk unit insert result: {'nModified': 0, 'nUpserted': 0, 'nMatched': 0, 'writeErrors': [], 'upserted': [], 'writeConcernErrors': [], 'nRemoved': 0, 'nInserted': 1}
2017-08-22 12:55:47,830: rp.session.js-17-212.jetstream-cloud.org.vivek91.017400.0014: task-manager                    : MainThread     : DEBUG   : bulk unit insert result: {'nModified': 0, 'nUpserted': 0, 'nMatched': 0, 'writeErrors': [], 'upserted': [], 'writeConcernErrors': [], 'nRemoved': 0, 'nInserted': 1}
2017-08-22 12:55:47,971: rp.session.js-17-212.jetstream-cloud.org.vivek91.017400.0014: task-manager                    : MainThread     : DEBUG   : bulk unit insert result: {'nModified': 0, 'nUpserted': 0, 'nMatched': 0, 'writeErrors': [], 'upserted': [], 'writeConcernErrors': [], 'nRemoved': 0, 'nInserted': 1}
2017-08-22 12:55:48,104: rp.session.js-17-212.jetstream-cloud.org.vivek91.017400.0014: task-manager                    : MainThread     : DEBUG   : bulk unit insert result: {'nModified': 0, 'nUpserted': 0, 'nMatched': 0, 'writeErrors': [], 'upserted': [], 'writeConcernErrors': [], 'nRemoved': 0, 'nInserted': 1}
2017-08-22 12:55:48,206: rp.session.js-17-212.jetstream-cloud.org.vivek91.017400.0014: task-manager                    : MainThread     : DEBUG   : bulk unit insert result: {'nModified': 0, 'nUpserted': 0, 'nMatched': 0, 'writeErrors': [], 'upserted': [], 'writeConcernErrors': [], 'nRemoved': 0, 'nInserted': 1}
2017-08-22 12:55:48,277: rp.session.js-17-212.jetstream-cloud.org.vivek91.017400.0014: task-manager                    : MainThread     : DEBUG   : bulk unit insert result: {'nModified': 0, 'nUpserted': 0, 'nMatched': 0, 'writeErrors': [], 'upserted': [], 'writeConcernErrors': [], 'nRemoved': 0, 'nInserted': 1}
2017-08-22 12:55:48,350: rp.session.js-17-212.jetstream-cloud.org.vivek91.017400.0014: task-manager                    : MainThread     : DEBUG   : bulk unit insert result: {'nModified': 0, 'nUpserted': 0, 'nMatched': 0, 'writeErrors': [], 'upserted': [], 'writeConcernErrors': [], 'nRemoved': 0, 'nInserted': 1}
2017-08-22 12:55:48,475: rp.session.js-17-212.jetstream-cloud.org.vivek91.017400.0014: task-manager                    : MainThread     : DEBUG   : bulk unit insert result: {'nModified': 0, 'nUpserted': 0, 'nMatched': 0, 'writeErrors': [], 'upserted': [], 'writeConcernErrors': [], 'nRemoved': 0, 'nInserted': 1}
2017-08-22 12:55:48,557: rp.session.js-17-212.jetstream-cloud.org.vivek91.017400.0014: task-manager                    : MainThread     : DEBUG   : bulk unit insert result: {'nModified': 0, 'nUpserted': 0, 'nMatched': 0, 'writeErrors': [], 'upserted': [], 'writeConcernErrors': [], 'nRemoved': 0, 'nInserted': 1}
2017-08-22 12:55:48,641: rp.session.js-17-212.jetstream-cloud.org.vivek91.017400.0014: task-manager                    : MainThread     : DEBUG   : bulk unit insert result: {'nModified': 0, 'nUpserted': 0, 'nMatched': 0, 'writeErrors': [], 'upserted': [], 'writeConcernErrors': [], 'nRemoved': 0, 'nInserted': 1}
2017-08-22 12:55:48,704: rp.session.js-17-212.jetstream-cloud.org.vivek91.017400.0014: task-manager                    : MainThread     : DEBUG   : bulk unit insert result: {'nModified': 0, 'nUpserted': 0, 'nMatched': 0, 'writeErrors': [], 'upserted': [], 'writeConcernErrors': [], 'nRemoved': 0, 'nInserted': 1}
2017-08-22 12:55:48,789: rp.session.js-17-212.jetstream-cloud.org.vivek91.017400.0014: task-manager                    : MainThread     : DEBUG   : bulk unit insert result: {'nModified': 0, 'nUpserted': 0, 'nMatched': 0, 'writeErrors': [], 'upserted': [], 'writeConcernErrors': [], 'nRemoved': 0, 'nInserted': 1}
2017-08-22 12:55:48,873: rp.session.js-17-212.jetstream-cloud.org.vivek91.017400.0014: task-manager                    : MainThread     : DEBUG   : bulk unit insert result: {'nModified': 0, 'nUpserted': 0, 'nMatched': 0, 'writeErrors': [], 'upserted': [], 'writeConcernErrors': [], 'nRemoved': 0, 'nInserted': 1}
2017-08-22 12:55:48,962: rp.session.js-17-212.jetstream-cloud.org.vivek91.017400.0014: task-manager                    : MainThread     : DEBUG   : bulk unit insert result: {'nModified': 0, 'nUpserted': 0, 'nMatched': 0, 'writeErrors': [], 'upserted': [], 'writeConcernErrors': [], 'nRemoved': 0, 'nInserted': 1}
2017-08-22 12:55:49,050: rp.session.js-17-212.jetstream-cloud.org.vivek91.017400.0014: task-manager                    : MainThread     : DEBUG   : bulk unit insert result: {'nModified': 0, 'nUpserted': 0, 'nMatched': 0, 'writeErrors': [], 'upserted': [], 'writeConcernErrors': [], 'nRemoved': 0, 'nInserted': 1}
2017-08-22 12:55:49,123: rp.session.js-17-212.jetstream-cloud.org.vivek91.017400.0014: task-manager                    : MainThread     : DEBUG   : bulk unit insert result: {'nModified': 0, 'nUpserted': 0, 'nMatched': 0, 'writeErrors': [], 'upserted': [], 'writeConcernErrors': [], 'nRemoved': 0, 'nInserted': 1}
2017-08-22 12:55:49,215: rp.session.js-17-212.jetstream-cloud.org.vivek91.017400.0014: task-manager                    : MainThread     : DEBUG   : bulk unit insert result: {'nModified': 0, 'nUpserted': 0, 'nMatched': 0, 'writeErrors': [], 'upserted': [], 'writeConcernErrors': [], 'nRemoved': 0, 'nInserted': 1}
2017-08-22 12:55:49,295: rp.session.js-17-212.jetstream-cloud.org.vivek91.017400.0014: task-manager                    : MainThread     : DEBUG   : bulk unit insert result: {'nModified': 0, 'nUpserted': 0, 'nMatched': 0, 'writeErrors': [], 'upserted': [], 'writeConcernErrors': [], 'nRemoved': 0, 'nInserted': 1}
2017-08-22 12:55:49,376: rp.session.js-17-212.jetstream-cloud.org.vivek91.017400.0014: task-manager                    : MainThread     : DEBUG   : bulk unit insert result: {'nModified': 0, 'nUpserted': 0, 'nMatched': 0, 'writeErrors': [], 'upserted': [], 'writeConcernErrors': [], 'nRemoved': 0, 'nInserted': 1}
2017-08-22 12:55:49,454: rp.session.js-17-212.jetstream-cloud.org.vivek91.017400.0014: task-manager                    : MainThread     : DEBUG   : bulk unit insert result: {'nModified': 0, 'nUpserted': 0, 'nMatched': 0, 'writeErrors': [], 'upserted': [], 'writeConcernErrors': [], 'nRemoved': 0, 'nInserted': 1}
2017-08-22 12:55:49,535: rp.session.js-17-212.jetstream-cloud.org.vivek91.017400.0014: task-manager                    : MainThread     : DEBUG   : bulk unit insert result: {'nModified': 0, 'nUpserted': 0, 'nMatched': 0, 'writeErrors': [], 'upserted': [], 'writeConcernErrors': [], 'nRemoved': 0, 'nInserted': 1}
2017-08-22 12:55:49,616: rp.session.js-17-212.jetstream-cloud.org.vivek91.017400.0014: task-manager                    : MainThread     : DEBUG   : bulk unit insert result: {'nModified': 0, 'nUpserted': 0, 'nMatched': 0, 'writeErrors': [], 'upserted': [], 'writeConcernErrors': [], 'nRemoved': 0, 'nInserted': 1}
2017-08-22 12:55:49,678: rp.session.js-17-212.jetstream-cloud.org.vivek91.017400.0014: task-manager                    : MainThread     : DEBUG   : bulk unit insert result: {'nModified': 0, 'nUpserted': 0, 'nMatched': 0, 'writeErrors': [], 'upserted': [], 'writeConcernErrors': [], 'nRemoved': 0, 'nInserted': 1}
2017-08-22 12:55:49,757: rp.session.js-17-212.jetstream-cloud.org.vivek91.017400.0014: task-manager                    : MainThread     : DEBUG   : bulk unit insert result: {'nModified': 0, 'nUpserted': 0, 'nMatched': 0, 'writeErrors': [], 'upserted': [], 'writeConcernErrors': [], 'nRemoved': 0, 'nInserted': 1}
2017-08-22 12:55:49,842: rp.session.js-17-212.jetstream-cloud.org.vivek91.017400.0014: task-manager                    : MainThread     : DEBUG   : bulk unit insert result: {'nModified': 0, 'nUpserted': 0, 'nMatched': 0, 'writeErrors': [], 'upserted': [], 'writeConcernErrors': [], 'nRemoved': 0, 'nInserted': 1}
2017-08-22 12:55:49,922: rp.session.js-17-212.jetstream-cloud.org.vivek91.017400.0014: task-manager                    : MainThread     : DEBUG   : bulk unit insert result: {'nModified': 0, 'nUpserted': 0, 'nMatched': 0, 'writeErrors': [], 'upserted': [], 'writeConcernErrors': [], 'nRemoved': 0, 'nInserted': 1}
2017-08-22 12:55:49,999: rp.session.js-17-212.jetstream-cloud.org.vivek91.017400.0014: task-manager                    : MainThread     : DEBUG   : bulk unit insert result: {'nModified': 0, 'nUpserted': 0, 'nMatched': 0, 'writeErrors': [], 'upserted': [], 'writeConcernErrors': [], 'nRemoved': 0, 'nInserted': 1}
2017-08-22 12:55:50,059: rp.session.js-17-212.jetstream-cloud.org.vivek91.017400.0014: task-manager                    : MainThread     : DEBUG   : bulk unit insert result: {'nModified': 0, 'nUpserted': 0, 'nMatched': 0, 'writeErrors': [], 'upserted': [], 'writeConcernErrors': [], 'nRemoved': 0, 'nInserted': 1}
2017-08-22 12:55:50,116: rp.session.js-17-212.jetstream-cloud.org.vivek91.017400.0014: task-manager                    : MainThread     : DEBUG   : bulk unit insert result: {'nModified': 0, 'nUpserted': 0, 'nMatched': 0, 'writeErrors': [], 'upserted': [], 'writeConcernErrors': [], 'nRemoved': 0, 'nInserted': 1}
2017-08-22 12:55:50,181: rp.session.js-17-212.jetstream-cloud.org.vivek91.017400.0014: task-manager                    : MainThread     : DEBUG   : bulk unit insert result: {'nModified': 0, 'nUpserted': 0, 'nMatched': 0, 'writeErrors': [], 'upserted': [], 'writeConcernErrors': [], 'nRemoved': 0, 'nInserted': 1}
2017-08-22 12:55:51,397: rp.session.js-17-212.jetstream-cloud.org.vivek91.017400.0014: task-manager                    : MainThread     : DEBUG   : bulk unit insert result: {'nModified': 0, 'nUpserted': 0, 'nMatched': 0, 'writeErrors': [], 'upserted': [], 'writeConcernErrors': [], 'nRemoved': 0, 'nInserted': 1}
2017-08-22 12:55:51,473: rp.session.js-17-212.jetstream-cloud.org.vivek91.017400.0014: task-manager                    : MainThread     : DEBUG   : bulk unit insert result: {'nModified': 0, 'nUpserted': 0, 'nMatched': 0, 'writeErrors': [], 'upserted': [], 'writeConcernErrors': [], 'nRemoved': 0, 'nInserted': 1}
2017-08-22 12:55:51,555: rp.session.js-17-212.jetstream-cloud.org.vivek91.017400.0014: task-manager                    : MainThread     : DEBUG   : bulk unit insert result: {'nModified': 0, 'nUpserted': 0, 'nMatched': 0, 'writeErrors': [], 'upserted': [], 'writeConcernErrors': [], 'nRemoved': 0, 'nInserted': 1}
2017-08-22 12:55:51,639: rp.session.js-17-212.jetstream-cloud.org.vivek91.017400.0014: task-manager                    : MainThread     : DEBUG   : bulk unit insert result: {'nModified': 0, 'nUpserted': 0, 'nMatched': 0, 'writeErrors': [], 'upserted': [], 'writeConcernErrors': [], 'nRemoved': 0, 'nInserted': 1}
2017-08-22 12:55:51,720: rp.session.js-17-212.jetstream-cloud.org.vivek91.017400.0014: task-manager                    : MainThread     : DEBUG   : bulk unit insert result: {'nModified': 0, 'nUpserted': 0, 'nMatched': 0, 'writeErrors': [], 'upserted': [], 'writeConcernErrors': [], 'nRemoved': 0, 'nInserted': 1}
2017-08-22 12:55:51,796: rp.session.js-17-212.jetstream-cloud.org.vivek91.017400.0014: task-manager                    : MainThread     : DEBUG   : bulk unit insert result: {'nModified': 0, 'nUpserted': 0, 'nMatched': 0, 'writeErrors': [], 'upserted': [], 'writeConcernErrors': [], 'nRemoved': 0, 'nInserted': 1}
2017-08-22 12:55:51,876: rp.session.js-17-212.jetstream-cloud.org.vivek91.017400.0014: task-manager                    : MainThread     : DEBUG   : bulk unit insert result: {'nModified': 0, 'nUpserted': 0, 'nMatched': 0, 'writeErrors': [], 'upserted': [], 'writeConcernErrors': [], 'nRemoved': 0, 'nInserted': 1}
2017-08-22 12:55:51,953: rp.session.js-17-212.jetstream-cloud.org.vivek91.017400.0014: task-manager                    : MainThread     : DEBUG   : bulk unit insert result: {'nModified': 0, 'nUpserted': 0, 'nMatched': 0, 'writeErrors': [], 'upserted': [], 'writeConcernErrors': [], 'nRemoved': 0, 'nInserted': 1}
2017-08-22 12:55:52,036: rp.session.js-17-212.jetstream-cloud.org.vivek91.017400.0014: task-manager                    : MainThread     : DEBUG   : bulk unit insert result: {'nModified': 0, 'nUpserted': 0, 'nMatched': 0, 'writeErrors': [], 'upserted': [], 'writeConcernErrors': [], 'nRemoved': 0, 'nInserted': 1}
2017-08-22 12:55:52,116: rp.session.js-17-212.jetstream-cloud.org.vivek91.017400.0014: task-manager                    : MainThread     : DEBUG   : bulk unit insert result: {'nModified': 0, 'nUpserted': 0, 'nMatched': 0, 'writeErrors': [], 'upserted': [], 'writeConcernErrors': [], 'nRemoved': 0, 'nInserted': 1}
2017-08-22 12:55:52,201: rp.session.js-17-212.jetstream-cloud.org.vivek91.017400.0014: task-manager                    : MainThread     : DEBUG   : bulk unit insert result: {'nModified': 0, 'nUpserted': 0, 'nMatched': 0, 'writeErrors': [], 'upserted': [], 'writeConcernErrors': [], 'nRemoved': 0, 'nInserted': 1}
2017-08-22 12:55:52,266: rp.session.js-17-212.jetstream-cloud.org.vivek91.017400.0014: task-manager                    : MainThread     : DEBUG   : bulk unit insert result: {'nModified': 0, 'nUpserted': 0, 'nMatched': 0, 'writeErrors': [], 'upserted': [], 'writeConcernErrors': [], 'nRemoved': 0, 'nInserted': 1}
2017-08-22 12:55:52,342: rp.session.js-17-212.jetstream-cloud.org.vivek91.017400.0014: task-manager                    : MainThread     : DEBUG   : bulk unit insert result: {'nModified': 0, 'nUpserted': 0, 'nMatched': 0, 'writeErrors': [], 'upserted': [], 'writeConcernErrors': [], 'nRemoved': 0, 'nInserted': 1}
2017-08-22 12:55:52,421: rp.session.js-17-212.jetstream-cloud.org.vivek91.017400.0014: task-manager                    : MainThread     : DEBUG   : bulk unit insert result: {'nModified': 0, 'nUpserted': 0, 'nMatched': 0, 'writeErrors': [], 'upserted': [], 'writeConcernErrors': [], 'nRemoved': 0, 'nInserted': 1}
2017-08-22 12:55:52,482: rp.session.js-17-212.jetstream-cloud.org.vivek91.017400.0014: task-manager                    : MainThread     : DEBUG   : bulk unit insert result: {'nModified': 0, 'nUpserted': 0, 'nMatched': 0, 'writeErrors': [], 'upserted': [], 'writeConcernErrors': [], 'nRemoved': 0, 'nInserted': 1}
2017-08-22 12:55:52,542: rp.session.js-17-212.jetstream-cloud.org.vivek91.017400.0014: task-manager                    : MainThread     : DEBUG   : bulk unit insert result: {'nModified': 0, 'nUpserted': 0, 'nMatched': 0, 'writeErrors': [], 'upserted': [], 'writeConcernErrors': [], 'nRemoved': 0, 'nInserted': 1}
2017-08-22 12:55:55,795: rp.session.js-17-212.jetstream-cloud.org.vivek91.017400.0014: task-manager                    : MainThread     : DEBUG   : bulk unit insert result: {'nModified': 0, 'nUpserted': 0, 'nMatched': 0, 'writeErrors': [], 'upserted': [], 'writeConcernErrors': [], 'nRemoved': 0, 'nInserted': 1}
2017-08-22 12:55:56,524: rp.session.js-17-212.jetstream-cloud.org.vivek91.017400.0014: task-manager                    : MainThread     : DEBUG   : bulk unit insert result: {'nModified': 0, 'nUpserted': 0, 'nMatched': 0, 'writeErrors': [], 'upserted': [], 'writeConcernErrors': [], 'nRemoved': 0, 'nInserted': 1}
2017-08-22 12:55:57,966: rp.session.js-17-212.jetstream-cloud.org.vivek91.017400.0014: task-manager                    : MainThread     : DEBUG   : bulk unit insert result: {'nModified': 0, 'nUpserted': 0, 'nMatched': 0, 'writeErrors': [], 'upserted': [], 'writeConcernErrors': [], 'nRemoved': 0, 'nInserted': 1}
2017-08-22 12:55:58,030: rp.session.js-17-212.jetstream-cloud.org.vivek91.017400.0014: task-manager                    : MainThread     : DEBUG   : bulk unit insert result: {'nModified': 0, 'nUpserted': 0, 'nMatched': 0, 'writeErrors': [], 'upserted': [], 'writeConcernErrors': [], 'nRemoved': 0, 'nInserted': 1}
2017-08-22 12:55:58,091: rp.session.js-17-212.jetstream-cloud.org.vivek91.017400.0014: task-manager                    : MainThread     : DEBUG   : bulk unit insert result: {'nModified': 0, 'nUpserted': 0, 'nMatched': 0, 'writeErrors': [], 'upserted': [], 'writeConcernErrors': [], 'nRemoved': 0, 'nInserted': 1}
2017-08-22 12:55:58,154: rp.session.js-17-212.jetstream-cloud.org.vivek91.017400.0014: task-manager                    : MainThread     : DEBUG   : bulk unit insert result: {'nModified': 0, 'nUpserted': 0, 'nMatched': 0, 'writeErrors': [], 'upserted': [], 'writeConcernErrors': [], 'nRemoved': 0, 'nInserted': 1}
2017-08-22 12:55:58,221: rp.session.js-17-212.jetstream-cloud.org.vivek91.017400.0014: task-manager                    : MainThread     : DEBUG   : bulk unit insert result: {'nModified': 0, 'nUpserted': 0, 'nMatched': 0, 'writeErrors': [], 'upserted': [], 'writeConcernErrors': [], 'nRemoved': 0, 'nInserted': 1}
2017-08-22 12:55:58,311: rp.session.js-17-212.jetstream-cloud.org.vivek91.017400.0014: task-manager                    : MainThread     : DEBUG   : bulk unit insert result: {'nModified': 0, 'nUpserted': 0, 'nMatched': 0, 'writeErrors': [], 'upserted': [], 'writeConcernErrors': [], 'nRemoved': 0, 'nInserted': 1}
2017-08-22 12:55:58,391: rp.session.js-17-212.jetstream-cloud.org.vivek91.017400.0014: task-manager                    : MainThread     : DEBUG   : bulk unit insert result: {'nModified': 0, 'nUpserted': 0, 'nMatched': 0, 'writeErrors': [], 'upserted': [], 'writeConcernErrors': [], 'nRemoved': 0, 'nInserted': 1}
2017-08-22 12:55:58,474: rp.session.js-17-212.jetstream-cloud.org.vivek91.017400.0014: task-manager                    : MainThread     : DEBUG   : bulk unit insert result: {'nModified': 0, 'nUpserted': 0, 'nMatched': 0, 'writeErrors': [], 'upserted': [], 'writeConcernErrors': [], 'nRemoved': 0, 'nInserted': 1}
2017-08-22 12:55:58,576: rp.session.js-17-212.jetstream-cloud.org.vivek91.017400.0014: task-manager                    : MainThread     : DEBUG   : bulk unit insert result: {'nModified': 0, 'nUpserted': 0, 'nMatched': 0, 'writeErrors': [], 'upserted': [], 'writeConcernErrors': [], 'nRemoved': 0, 'nInserted': 1}
2017-08-22 12:55:58,683: rp.session.js-17-212.jetstream-cloud.org.vivek91.017400.0014: task-manager                    : MainThread     : DEBUG   : bulk unit insert result: {'nModified': 0, 'nUpserted': 0, 'nMatched': 0, 'writeErrors': [], 'upserted': [], 'writeConcernErrors': [], 'nRemoved': 0, 'nInserted': 1}
2017-08-22 12:55:58,761: rp.session.js-17-212.jetstream-cloud.org.vivek91.017400.0014: task-manager                    : MainThread     : DEBUG   : bulk unit insert result: {'nModified': 0, 'nUpserted': 0, 'nMatched': 0, 'writeErrors': [], 'upserted': [], 'writeConcernErrors': [], 'nRemoved': 0, 'nInserted': 1}
2017-08-22 12:55:58,838: rp.session.js-17-212.jetstream-cloud.org.vivek91.017400.0014: task-manager                    : MainThread     : DEBUG   : bulk unit insert result: {'nModified': 0, 'nUpserted': 0, 'nMatched': 0, 'writeErrors': [], 'upserted': [], 'writeConcernErrors': [], 'nRemoved': 0, 'nInserted': 1}
2017-08-22 12:55:58,916: rp.session.js-17-212.jetstream-cloud.org.vivek91.017400.0014: task-manager                    : MainThread     : DEBUG   : bulk unit insert result: {'nModified': 0, 'nUpserted': 0, 'nMatched': 0, 'writeErrors': [], 'upserted': [], 'writeConcernErrors': [], 'nRemoved': 0, 'nInserted': 1}
2017-08-22 12:55:58,994: rp.session.js-17-212.jetstream-cloud.org.vivek91.017400.0014: task-manager                    : MainThread     : DEBUG   : bulk unit insert result: {'nModified': 0, 'nUpserted': 0, 'nMatched': 0, 'writeErrors': [], 'upserted': [], 'writeConcernErrors': [], 'nRemoved': 0, 'nInserted': 1}
2017-08-22 12:55:59,057: rp.session.js-17-212.jetstream-cloud.org.vivek91.017400.0014: task-manager                    : MainThread     : DEBUG   : bulk unit insert result: {'nModified': 0, 'nUpserted': 0, 'nMatched': 0, 'writeErrors': [], 'upserted': [], 'writeConcernErrors': [], 'nRemoved': 0, 'nInserted': 1}
2017-08-22 12:55:59,450: rp.session.js-17-212.jetstream-cloud.org.vivek91.017400.0014: task-manager                    : MainThread     : DEBUG   : bulk unit insert result: {'nModified': 0, 'nUpserted': 0, 'nMatched': 0, 'writeErrors': [], 'upserted': [], 'writeConcernErrors': [], 'nRemoved': 0, 'nInserted': 1}
2017-08-22 12:56:01,222: rp.session.js-17-212.jetstream-cloud.org.vivek91.017400.0014: task-manager                    : MainThread     : DEBUG   : bulk unit insert result: {'nModified': 0, 'nUpserted': 0, 'nMatched': 0, 'writeErrors': [], 'upserted': [], 'writeConcernErrors': [], 'nRemoved': 0, 'nInserted': 1}
2017-08-22 12:56:01,437: rp.session.js-17-212.jetstream-cloud.org.vivek91.017400.0014: task-manager                    : MainThread     : DEBUG   : bulk unit insert result: {'nModified': 0, 'nUpserted': 0, 'nMatched': 0, 'writeErrors': [], 'upserted': [], 'writeConcernErrors': [], 'nRemoved': 0, 'nInserted': 1}
2017-08-22 12:56:03,110: rp.session.js-17-212.jetstream-cloud.org.vivek91.017400.0014: task-manager                    : MainThread     : DEBUG   : bulk unit insert result: {'nModified': 0, 'nUpserted': 0, 'nMatched': 0, 'writeErrors': [], 'upserted': [], 'writeConcernErrors': [], 'nRemoved': 0, 'nInserted': 1}
2017-08-22 12:56:07,493: rp.session.js-17-212.jetstream-cloud.org.vivek91.017400.0014: task-manager                    : MainThread     : DEBUG   : bulk unit insert result: {'nModified': 0, 'nUpserted': 0, 'nMatched': 0, 'writeErrors': [], 'upserted': [], 'writeConcernErrors': [], 'nRemoved': 0, 'nInserted': 1}
2017-08-22 12:56:08,284: rp.session.js-17-212.jetstream-cloud.org.vivek91.017400.0014: task-manager                    : MainThread     : DEBUG   : bulk unit insert result: {'nModified': 0, 'nUpserted': 0, 'nMatched': 0, 'writeErrors': [], 'upserted': [], 'writeConcernErrors': [], 'nRemoved': 0, 'nInserted': 1}
2017-08-22 12:56:08,343: rp.session.js-17-212.jetstream-cloud.org.vivek91.017400.0014: task-manager                    : MainThread     : DEBUG   : bulk unit insert result: {'nModified': 0, 'nUpserted': 0, 'nMatched': 0, 'writeErrors': [], 'upserted': [], 'writeConcernErrors': [], 'nRemoved': 0, 'nInserted': 1}
2017-08-22 12:56:08,406: rp.session.js-17-212.jetstream-cloud.org.vivek91.017400.0014: task-manager                    : MainThread     : DEBUG   : bulk unit insert result: {'nModified': 0, 'nUpserted': 0, 'nMatched': 0, 'writeErrors': [], 'upserted': [], 'writeConcernErrors': [], 'nRemoved': 0, 'nInserted': 1}
2017-08-22 12:56:08,465: rp.session.js-17-212.jetstream-cloud.org.vivek91.017400.0014: task-manager                    : MainThread     : DEBUG   : bulk unit insert result: {'nModified': 0, 'nUpserted': 0, 'nMatched': 0, 'writeErrors': [], 'upserted': [], 'writeConcernErrors': [], 'nRemoved': 0, 'nInserted': 1}
2017-08-22 12:56:10,017: rp.session.js-17-212.jetstream-cloud.org.vivek91.017400.0014: task-manager                    : MainThread     : DEBUG   : bulk unit insert result: {'nModified': 0, 'nUpserted': 0, 'nMatched': 0, 'writeErrors': [], 'upserted': [], 'writeConcernErrors': [], 'nRemoved': 0, 'nInserted': 1}
2017-08-22 12:56:10,076: rp.session.js-17-212.jetstream-cloud.org.vivek91.017400.0014: task-manager                    : MainThread     : DEBUG   : bulk unit insert result: {'nModified': 0, 'nUpserted': 0, 'nMatched': 0, 'writeErrors': [], 'upserted': [], 'writeConcernErrors': [], 'nRemoved': 0, 'nInserted': 1}
2017-08-22 12:56:10,135: rp.session.js-17-212.jetstream-cloud.org.vivek91.017400.0014: task-manager                    : MainThread     : DEBUG   : bulk unit insert result: {'nModified': 0, 'nUpserted': 0, 'nMatched': 0, 'writeErrors': [], 'upserted': [], 'writeConcernErrors': [], 'nRemoved': 0, 'nInserted': 1}
2017-08-22 12:56:10,195: rp.session.js-17-212.jetstream-cloud.org.vivek91.017400.0014: task-manager                    : MainThread     : DEBUG   : bulk unit insert result: {'nModified': 0, 'nUpserted': 0, 'nMatched': 0, 'writeErrors': [], 'upserted': [], 'writeConcernErrors': [], 'nRemoved': 0, 'nInserted': 1}
2017-08-22 12:56:14,498: rp.session.js-17-212.jetstream-cloud.org.vivek91.017400.0014: task-manager                    : MainThread     : DEBUG   : bulk unit insert result: {'nModified': 0, 'nUpserted': 0, 'nMatched': 0, 'writeErrors': [], 'upserted': [], 'writeConcernErrors': [], 'nRemoved': 0, 'nInserted': 1}
2017-08-22 12:56:14,765: rp.session.js-17-212.jetstream-cloud.org.vivek91.017400.0014: task-manager                    : MainThread     : DEBUG   : bulk unit insert result: {'nModified': 0, 'nUpserted': 0, 'nMatched': 0, 'writeErrors': [], 'upserted': [], 'writeConcernErrors': [], 'nRemoved': 0, 'nInserted': 1}
2017-08-22 12:56:15,022: rp.session.js-17-212.jetstream-cloud.org.vivek91.017400.0014: task-manager                    : MainThread     : DEBUG   : bulk unit insert result: {'nModified': 0, 'nUpserted': 0, 'nMatched': 0, 'writeErrors': [], 'upserted': [], 'writeConcernErrors': [], 'nRemoved': 0, 'nInserted': 1}
2017-08-22 12:56:15,151: rp.session.js-17-212.jetstream-cloud.org.vivek91.017400.0014: task-manager                    : MainThread     : DEBUG   : bulk unit insert result: {'nModified': 0, 'nUpserted': 0, 'nMatched': 0, 'writeErrors': [], 'upserted': [], 'writeConcernErrors': [], 'nRemoved': 0, 'nInserted': 1}
2017-08-22 12:56:17,986: rp.session.js-17-212.jetstream-cloud.org.vivek91.017400.0014: task-manager                    : MainThread     : DEBUG   : bulk unit insert result: {'nModified': 0, 'nUpserted': 0, 'nMatched': 0, 'writeErrors': [], 'upserted': [], 'writeConcernErrors': [], 'nRemoved': 0, 'nInserted': 1}
2017-08-22 12:56:18,045: rp.session.js-17-212.jetstream-cloud.org.vivek91.017400.0014: task-manager                    : MainThread     : DEBUG   : bulk unit insert result: {'nModified': 0, 'nUpserted': 0, 'nMatched': 0, 'writeErrors': [], 'upserted': [], 'writeConcernErrors': [], 'nRemoved': 0, 'nInserted': 1}
2017-08-22 12:56:18,104: rp.session.js-17-212.jetstream-cloud.org.vivek91.017400.0014: task-manager                    : MainThread     : DEBUG   : bulk unit insert result: {'nModified': 0, 'nUpserted': 0, 'nMatched': 0, 'writeErrors': [], 'upserted': [], 'writeConcernErrors': [], 'nRemoved': 0, 'nInserted': 1}
2017-08-22 12:56:18,163: rp.session.js-17-212.jetstream-cloud.org.vivek91.017400.0014: task-manager                    : MainThread     : DEBUG   : bulk unit insert result: {'nModified': 0, 'nUpserted': 0, 'nMatched': 0, 'writeErrors': [], 'upserted': [], 'writeConcernErrors': [], 'nRemoved': 0, 'nInserted': 1}
2017-08-22 12:56:18,228: rp.session.js-17-212.jetstream-cloud.org.vivek91.017400.0014: task-manager                    : MainThread     : DEBUG   : bulk unit insert result: {'nModified': 0, 'nUpserted': 0, 'nMatched': 0, 'writeErrors': [], 'upserted': [], 'writeConcernErrors': [], 'nRemoved': 0, 'nInserted': 1}
2017-08-22 12:56:18,309: rp.session.js-17-212.jetstream-cloud.org.vivek91.017400.0014: task-manager                    : MainThread     : DEBUG   : bulk unit insert result: {'nModified': 0, 'nUpserted': 0, 'nMatched': 0, 'writeErrors': [], 'upserted': [], 'writeConcernErrors': [], 'nRemoved': 0, 'nInserted': 1}
2017-08-22 12:56:18,389: rp.session.js-17-212.jetstream-cloud.org.vivek91.017400.0014: task-manager                    : MainThread     : DEBUG   : bulk unit insert result: {'nModified': 0, 'nUpserted': 0, 'nMatched': 0, 'writeErrors': [], 'upserted': [], 'writeConcernErrors': [], 'nRemoved': 0, 'nInserted': 1}
2017-08-22 12:56:18,470: rp.session.js-17-212.jetstream-cloud.org.vivek91.017400.0014: task-manager                    : MainThread     : DEBUG   : bulk unit insert result: {'nModified': 0, 'nUpserted': 0, 'nMatched': 0, 'writeErrors': [], 'upserted': [], 'writeConcernErrors': [], 'nRemoved': 0, 'nInserted': 1}
2017-08-22 12:56:18,549: rp.session.js-17-212.jetstream-cloud.org.vivek91.017400.0014: task-manager                    : MainThread     : DEBUG   : bulk unit insert result: {'nModified': 0, 'nUpserted': 0, 'nMatched': 0, 'writeErrors': [], 'upserted': [], 'writeConcernErrors': [], 'nRemoved': 0, 'nInserted': 1}
2017-08-22 12:56:18,629: rp.session.js-17-212.jetstream-cloud.org.vivek91.017400.0014: task-manager                    : MainThread     : DEBUG   : bulk unit insert result: {'nModified': 0, 'nUpserted': 0, 'nMatched': 0, 'writeErrors': [], 'upserted': [], 'writeConcernErrors': [], 'nRemoved': 0, 'nInserted': 1}
2017-08-22 12:56:18,709: rp.session.js-17-212.jetstream-cloud.org.vivek91.017400.0014: task-manager                    : MainThread     : DEBUG   : bulk unit insert result: {'nModified': 0, 'nUpserted': 0, 'nMatched': 0, 'writeErrors': [], 'upserted': [], 'writeConcernErrors': [], 'nRemoved': 0, 'nInserted': 1}
2017-08-22 12:56:18,797: rp.session.js-17-212.jetstream-cloud.org.vivek91.017400.0014: task-manager                    : MainThread     : DEBUG   : bulk unit insert result: {'nModified': 0, 'nUpserted': 0, 'nMatched': 0, 'writeErrors': [], 'upserted': [], 'writeConcernErrors': [], 'nRemoved': 0, 'nInserted': 1}
2017-08-22 12:56:18,869: rp.session.js-17-212.jetstream-cloud.org.vivek91.017400.0014: task-manager                    : MainThread     : DEBUG   : bulk unit insert result: {'nModified': 0, 'nUpserted': 0, 'nMatched': 0, 'writeErrors': [], 'upserted': [], 'writeConcernErrors': [], 'nRemoved': 0, 'nInserted': 1}
2017-08-22 12:56:18,965: rp.session.js-17-212.jetstream-cloud.org.vivek91.017400.0014: task-manager                    : MainThread     : DEBUG   : bulk unit insert result: {'nModified': 0, 'nUpserted': 0, 'nMatched': 0, 'writeErrors': [], 'upserted': [], 'writeConcernErrors': [], 'nRemoved': 0, 'nInserted': 1}
2017-08-22 12:56:19,024: rp.session.js-17-212.jetstream-cloud.org.vivek91.017400.0014: task-manager                    : MainThread     : DEBUG   : bulk unit insert result: {'nModified': 0, 'nUpserted': 0, 'nMatched': 0, 'writeErrors': [], 'upserted': [], 'writeConcernErrors': [], 'nRemoved': 0, 'nInserted': 1}
2017-08-22 12:56:19,084: rp.session.js-17-212.jetstream-cloud.org.vivek91.017400.0014: task-manager                    : MainThread     : DEBUG   : bulk unit insert result: {'nModified': 0, 'nUpserted': 0, 'nMatched': 0, 'writeErrors': [], 'upserted': [], 'writeConcernErrors': [], 'nRemoved': 0, 'nInserted': 1}
2017-08-22 12:56:19,144: rp.session.js-17-212.jetstream-cloud.org.vivek91.017400.0014: task-manager                    : MainThread     : DEBUG   : bulk unit insert result: {'nModified': 0, 'nUpserted': 0, 'nMatched': 0, 'writeErrors': [], 'upserted': [], 'writeConcernErrors': [], 'nRemoved': 0, 'nInserted': 1}
2017-08-22 12:56:19,209: rp.session.js-17-212.jetstream-cloud.org.vivek91.017400.0014: task-manager                    : MainThread     : DEBUG   : bulk unit insert result: {'nModified': 0, 'nUpserted': 0, 'nMatched': 0, 'writeErrors': [], 'upserted': [], 'writeConcernErrors': [], 'nRemoved': 0, 'nInserted': 1}
2017-08-22 12:56:19,533: rp.session.js-17-212.jetstream-cloud.org.vivek91.017400.0014: task-manager                    : MainThread     : DEBUG   : bulk unit insert result: {'nModified': 0, 'nUpserted': 0, 'nMatched': 0, 'writeErrors': [], 'upserted': [], 'writeConcernErrors': [], 'nRemoved': 0, 'nInserted': 1}
2017-08-22 12:56:19,806: rp.session.js-17-212.jetstream-cloud.org.vivek91.017400.0014: task-manager                    : MainThread     : DEBUG   : bulk unit insert result: {'nModified': 0, 'nUpserted': 0, 'nMatched': 0, 'writeErrors': [], 'upserted': [], 'writeConcernErrors': [], 'nRemoved': 0, 'nInserted': 1}
2017-08-22 12:56:21,385: rp.session.js-17-212.jetstream-cloud.org.vivek91.017400.0014: task-manager                    : MainThread     : DEBUG   : bulk unit insert result: {'nModified': 0, 'nUpserted': 0, 'nMatched': 0, 'writeErrors': [], 'upserted': [], 'writeConcernErrors': [], 'nRemoved': 0, 'nInserted': 1}
2017-08-22 12:56:22,074: rp.session.js-17-212.jetstream-cloud.org.vivek91.017400.0014: task-manager                    : MainThread     : DEBUG   : bulk unit insert result: {'nModified': 0, 'nUpserted': 0, 'nMatched': 0, 'writeErrors': [], 'upserted': [], 'writeConcernErrors': [], 'nRemoved': 0, 'nInserted': 1}
2017-08-22 12:56:22,314: rp.session.js-17-212.jetstream-cloud.org.vivek91.017400.0014: task-manager                    : MainThread     : DEBUG   : bulk unit insert result: {'nModified': 0, 'nUpserted': 0, 'nMatched': 0, 'writeErrors': [], 'upserted': [], 'writeConcernErrors': [], 'nRemoved': 0, 'nInserted': 1}
2017-08-22 12:56:22,558: rp.session.js-17-212.jetstream-cloud.org.vivek91.017400.0014: task-manager                    : MainThread     : DEBUG   : bulk unit insert result: {'nModified': 0, 'nUpserted': 0, 'nMatched': 0, 'writeErrors': [], 'upserted': [], 'writeConcernErrors': [], 'nRemoved': 0, 'nInserted': 1}
2017-08-22 12:56:23,061: rp.session.js-17-212.jetstream-cloud.org.vivek91.017400.0014: task-manager                    : MainThread     : DEBUG   : bulk unit insert result: {'nModified': 0, 'nUpserted': 0, 'nMatched': 0, 'writeErrors': [], 'upserted': [], 'writeConcernErrors': [], 'nRemoved': 0, 'nInserted': 1}
2017-08-22 12:56:23,198: rp.session.js-17-212.jetstream-cloud.org.vivek91.017400.0014: task-manager                    : MainThread     : DEBUG   : bulk unit insert result: {'nModified': 0, 'nUpserted': 0, 'nMatched': 0, 'writeErrors': [], 'upserted': [], 'writeConcernErrors': [], 'nRemoved': 0, 'nInserted': 1}
2017-08-22 12:56:23,261: rp.session.js-17-212.jetstream-cloud.org.vivek91.017400.0014: task-manager                    : MainThread     : DEBUG   : bulk unit insert result: {'nModified': 0, 'nUpserted': 0, 'nMatched': 0, 'writeErrors': [], 'upserted': [], 'writeConcernErrors': [], 'nRemoved': 0, 'nInserted': 1}
2017-08-22 12:56:23,324: rp.session.js-17-212.jetstream-cloud.org.vivek91.017400.0014: task-manager                    : MainThread     : DEBUG   : bulk unit insert result: {'nModified': 0, 'nUpserted': 0, 'nMatched': 0, 'writeErrors': [], 'upserted': [], 'writeConcernErrors': [], 'nRemoved': 0, 'nInserted': 1}
2017-08-22 12:56:23,388: rp.session.js-17-212.jetstream-cloud.org.vivek91.017400.0014: task-manager                    : MainThread     : DEBUG   : bulk unit insert result: {'nModified': 0, 'nUpserted': 0, 'nMatched': 0, 'writeErrors': [], 'upserted': [], 'writeConcernErrors': [], 'nRemoved': 0, 'nInserted': 1}
2017-08-22 12:56:23,456: rp.session.js-17-212.jetstream-cloud.org.vivek91.017400.0014: task-manager                    : MainThread     : DEBUG   : bulk unit insert result: {'nModified': 0, 'nUpserted': 0, 'nMatched': 0, 'writeErrors': [], 'upserted': [], 'writeConcernErrors': [], 'nRemoved': 0, 'nInserted': 1}
2017-08-22 12:56:23,542: rp.session.js-17-212.jetstream-cloud.org.vivek91.017400.0014: task-manager                    : MainThread     : DEBUG   : bulk unit insert result: {'nModified': 0, 'nUpserted': 0, 'nMatched': 0, 'writeErrors': [], 'upserted': [], 'writeConcernErrors': [], 'nRemoved': 0, 'nInserted': 1}
2017-08-22 12:56:23,623: rp.session.js-17-212.jetstream-cloud.org.vivek91.017400.0014: task-manager                    : MainThread     : DEBUG   : bulk unit insert result: {'nModified': 0, 'nUpserted': 0, 'nMatched': 0, 'writeErrors': [], 'upserted': [], 'writeConcernErrors': [], 'nRemoved': 0, 'nInserted': 1}
2017-08-22 12:56:23,709: rp.session.js-17-212.jetstream-cloud.org.vivek91.017400.0014: task-manager                    : MainThread     : DEBUG   : bulk unit insert result: {'nModified': 0, 'nUpserted': 0, 'nMatched': 0, 'writeErrors': [], 'upserted': [], 'writeConcernErrors': [], 'nRemoved': 0, 'nInserted': 1}
2017-08-22 12:56:23,794: rp.session.js-17-212.jetstream-cloud.org.vivek91.017400.0014: task-manager                    : MainThread     : DEBUG   : bulk unit insert result: {'nModified': 0, 'nUpserted': 0, 'nMatched': 0, 'writeErrors': [], 'upserted': [], 'writeConcernErrors': [], 'nRemoved': 0, 'nInserted': 1}
2017-08-22 12:56:23,878: rp.session.js-17-212.jetstream-cloud.org.vivek91.017400.0014: task-manager                    : MainThread     : DEBUG   : bulk unit insert result: {'nModified': 0, 'nUpserted': 0, 'nMatched': 0, 'writeErrors': [], 'upserted': [], 'writeConcernErrors': [], 'nRemoved': 0, 'nInserted': 1}
2017-08-22 12:56:23,962: rp.session.js-17-212.jetstream-cloud.org.vivek91.017400.0014: task-manager                    : MainThread     : DEBUG   : bulk unit insert result: {'nModified': 0, 'nUpserted': 0, 'nMatched': 0, 'writeErrors': [], 'upserted': [], 'writeConcernErrors': [], 'nRemoved': 0, 'nInserted': 1}
2017-08-22 12:56:24,042: rp.session.js-17-212.jetstream-cloud.org.vivek91.017400.0014: task-manager                    : MainThread     : DEBUG   : bulk unit insert result: {'nModified': 0, 'nUpserted': 0, 'nMatched': 0, 'writeErrors': [], 'upserted': [], 'writeConcernErrors': [], 'nRemoved': 0, 'nInserted': 1}
2017-08-22 12:56:24,122: rp.session.js-17-212.jetstream-cloud.org.vivek91.017400.0014: task-manager                    : MainThread     : DEBUG   : bulk unit insert result: {'nModified': 0, 'nUpserted': 0, 'nMatched': 0, 'writeErrors': [], 'upserted': [], 'writeConcernErrors': [], 'nRemoved': 0, 'nInserted': 1}
2017-08-22 12:56:24,207: rp.session.js-17-212.jetstream-cloud.org.vivek91.017400.0014: task-manager                    : MainThread     : DEBUG   : bulk unit insert result: {'nModified': 0, 'nUpserted': 0, 'nMatched': 0, 'writeErrors': [], 'upserted': [], 'writeConcernErrors': [], 'nRemoved': 0, 'nInserted': 1}
2017-08-22 12:56:24,268: rp.session.js-17-212.jetstream-cloud.org.vivek91.017400.0014: task-manager                    : MainThread     : DEBUG   : bulk unit insert result: {'nModified': 0, 'nUpserted': 0, 'nMatched': 0, 'writeErrors': [], 'upserted': [], 'writeConcernErrors': [], 'nRemoved': 0, 'nInserted': 1}
2017-08-22 12:56:49,865: rp.session.js-17-212.jetstream-cloud.org.vivek91.017400.0014: MainProcess                     : MainThread     : DEBUG   : session rp.session.js-17-212.jetstream-cloud.org.vivek91.017400.0014 closing
2017-08-22 12:56:49,865: rp.session.js-17-212.jetstream-cloud.org.vivek91.017400.0014: MainProcess                     : MainThread     : DEBUG   : session rp.session.js-17-212.jetstream-cloud.org.vivek91.017400.0014 closes pmgr   pmgr.0000
2017-08-22 12:56:50,388: rp.session.js-17-212.jetstream-cloud.org.vivek91.017400.0014: MainProcess                     : MainThread     : DEBUG   : session rp.session.js-17-212.jetstream-cloud.org.vivek91.017400.0014 closed pmgr   pmgr.0000
2017-08-22 12:56:50,388: rp.session.js-17-212.jetstream-cloud.org.vivek91.017400.0014: MainProcess                     : MainThread     : DEBUG   : session rp.session.js-17-212.jetstream-cloud.org.vivek91.017400.0014 closes comp   update.0
2017-08-22 12:56:50,561: rp.session.js-17-212.jetstream-cloud.org.vivek91.017400.0014: MainProcess                     : MainThread     : DEBUG   : session rp.session.js-17-212.jetstream-cloud.org.vivek91.017400.0014 closed comp   update.0
2017-08-22 12:56:50,561: rp.session.js-17-212.jetstream-cloud.org.vivek91.017400.0014: MainProcess                     : MainThread     : DEBUG   : session rp.session.js-17-212.jetstream-cloud.org.vivek91.017400.0014 closes bridge control.pubsub.bridge.0000
2017-08-22 12:56:50,779: rp.session.js-17-212.jetstream-cloud.org.vivek91.017400.0014: MainProcess                     : MainThread     : DEBUG   : session rp.session.js-17-212.jetstream-cloud.org.vivek91.017400.0014 closed bridge control.pubsub.bridge.0000
2017-08-22 12:56:50,780: rp.session.js-17-212.jetstream-cloud.org.vivek91.017400.0014: MainProcess                     : MainThread     : DEBUG   : session rp.session.js-17-212.jetstream-cloud.org.vivek91.017400.0014 closes bridge state.pubsub.bridge.0000
2017-08-22 12:56:50,998: rp.session.js-17-212.jetstream-cloud.org.vivek91.017400.0014: MainProcess                     : MainThread     : DEBUG   : session rp.session.js-17-212.jetstream-cloud.org.vivek91.017400.0014 closed bridge state.pubsub.bridge.0000
2017-08-22 12:56:50,998: rp.session.js-17-212.jetstream-cloud.org.vivek91.017400.0014: MainProcess                     : MainThread     : DEBUG   : session rp.session.js-17-212.jetstream-cloud.org.vivek91.017400.0014 closes bridge log.pubsub.bridge.0000
2017-08-22 12:56:51,110: rp.session.js-17-212.jetstream-cloud.org.vivek91.017400.0014: MainProcess                     : MainThread     : DEBUG   : session rp.session.js-17-212.jetstream-cloud.org.vivek91.017400.0014 closed bridge log.pubsub.bridge.0000
2017-08-22 12:56:51,110: rp.session.js-17-212.jetstream-cloud.org.vivek91.017400.0014: MainProcess                     : MainThread     : DEBUG   : session rp.session.js-17-212.jetstream-cloud.org.vivek91.017400.0014 closes db (False)
2017-08-22 12:56:51,111: rp.session.js-17-212.jetstream-cloud.org.vivek91.017400.0014: MainProcess                     : MainThread     : DEBUG   : session rp.session.js-17-212.jetstream-cloud.org.vivek91.017400.0014 closed (delete=False)
