2017-09-06 12:55:44,391: control.pubsub.pub.0004: umgr.staging.output.0           : MainThread     : INFO    : python.interpreter   version: 2.7.12 (default, Nov 19 2016, 06:48:10) [GCC 5.4.0 20160609]
2017-09-06 12:55:44,391: control.pubsub.pub.0004: umgr.staging.output.0           : MainThread     : INFO    :                      pid: 26540
2017-09-06 12:55:44,391: control.pubsub.pub.0004: umgr.staging.output.0           : MainThread     : INFO    :                      tid: MainThread
2017-09-06 12:55:44,391: control.pubsub.pub.0004: umgr.staging.output.0           : MainThread     : INFO    : radical.pilot        version: 0.46-v0.46.RC2@devel
2017-09-06 12:55:44,391: control.pubsub.pub.0004: umgr.staging.output.0           : MainThread     : INFO    : create control_pubsub - pub - tcp://172.30.238.6:44072
2017-09-06 12:55:44,392: control.pubsub.pub.0004: umgr.staging.output.0           : MainThread     : DEBUG   : start process
2017-09-06 12:55:44,392: control.pubsub.pub.0004: umgr.staging.output.0           : MainThread     : DEBUG   : ru_initialize_common (NOOP)
2017-09-06 12:55:44,392: control.pubsub.pub.0004: umgr.staging.output.0           : MainThread     : DEBUG   : ru_initialize_parent (NOOP)
2017-09-06 12:55:44,393: control.pubsub.pub.0004: umgr.staging.output.0           : MainThread     : DEBUG   : process class started (no child)
2017-09-06 12:55:44,432: control.pubsub.pub.0004: task-manager                    : MainThread     : INFO    : python.interpreter   version: 2.7.12 (default, Nov 19 2016, 06:48:10) [GCC 5.4.0 20160609]
2017-09-06 12:55:44,432: control.pubsub.pub.0004: task-manager                    : MainThread     : INFO    :                      pid: 26467
2017-09-06 12:55:44,432: control.pubsub.pub.0004: task-manager                    : MainThread     : INFO    :                      tid: MainThread
2017-09-06 12:55:44,432: control.pubsub.pub.0004: task-manager                    : MainThread     : INFO    : radical.pilot        version: 0.46-v0.46.RC2@devel
2017-09-06 12:55:44,432: control.pubsub.pub.0004: task-manager                    : MainThread     : INFO    : create control_pubsub - pub - tcp://172.30.238.6:44072
2017-09-06 12:55:44,433: control.pubsub.pub.0004: task-manager                    : MainThread     : DEBUG   : start process
2017-09-06 12:55:44,433: control.pubsub.pub.0004: task-manager                    : MainThread     : DEBUG   : ru_initialize_common (NOOP)
2017-09-06 12:55:44,433: control.pubsub.pub.0004: task-manager                    : MainThread     : DEBUG   : ru_initialize_parent (NOOP)
2017-09-06 12:55:44,433: control.pubsub.pub.0004: task-manager                    : MainThread     : DEBUG   : process class started (no child)
2017-09-06 13:00:04,862: control.pubsub.pub.0004: umgr.staging.output.0           : MainThread     : INFO    : parent stops child
2017-09-06 13:00:04,862: control.pubsub.pub.0004: umgr.staging.output.0           : MainThread     : DEBUG   : ru_finalize_parent (NOOP)
